[2025-06-14T02:47:12.501+0000] {taskinstance.py:1157} INFO - Dependencies all met for dep_context=non-requeueable deps ti=<TaskInstance: ecommerce_generate_order_process.generate_order_process scheduled__2025-06-14T02:46:12.033460+00:00 [queued]>
[2025-06-14T02:47:12.508+0000] {taskinstance.py:1157} INFO - Dependencies all met for dep_context=requeueable deps ti=<TaskInstance: ecommerce_generate_order_process.generate_order_process scheduled__2025-06-14T02:46:12.033460+00:00 [queued]>
[2025-06-14T02:47:12.508+0000] {taskinstance.py:1359} INFO - Starting attempt 1 of 6
[2025-06-14T02:47:12.518+0000] {taskinstance.py:1380} INFO - Executing <Task(_PythonDecoratedOperator): generate_order_process> on 2025-06-14 02:46:12.033460+00:00
[2025-06-14T02:47:12.522+0000] {standard_task_runner.py:57} INFO - Started process 5146 to run task
[2025-06-14T02:47:12.524+0000] {standard_task_runner.py:84} INFO - Running: ['***', 'tasks', 'run', 'ecommerce_generate_order_process', 'generate_order_process', 'scheduled__2025-06-14T02:46:12.033460+00:00', '--job-id', '664', '--raw', '--subdir', 'DAGS_FOLDER/generate_order_process.py', '--cfg-path', '/tmp/tmp0ti4nqpb']
[2025-06-14T02:47:12.526+0000] {standard_task_runner.py:85} INFO - Job 664: Subtask generate_order_process
[2025-06-14T02:47:12.573+0000] {task_command.py:415} INFO - Running <TaskInstance: ecommerce_generate_order_process.generate_order_process scheduled__2025-06-14T02:46:12.033460+00:00 [running]> on host 3498b866135e
[2025-06-14T02:47:12.657+0000] {taskinstance.py:1660} INFO - Exporting env vars: AIRFLOW_CTX_DAG_OWNER='***' AIRFLOW_CTX_DAG_ID='ecommerce_generate_order_process' AIRFLOW_CTX_TASK_ID='generate_order_process' AIRFLOW_CTX_EXECUTION_DATE='2025-06-14T02:46:12.033460+00:00' AIRFLOW_CTX_TRY_NUMBER='1' AIRFLOW_CTX_DAG_RUN_ID='scheduled__2025-06-14T02:46:12.033460+00:00'
[2025-06-14T02:47:12.669+0000] {logging_mixin.py:151} INFO - ----------------------------
[2025-06-14T02:47:12.669+0000] {logging_mixin.py:151} INFO - 130
[2025-06-14T02:47:12.670+0000] {logging_mixin.py:151} INFO - ----------------------------
[2025-06-14T02:47:12.674+0000] {logging_mixin.py:151} INFO - [(34, 5, Decimal('814.83'), Decimal('13.74'), Decimal('559.788210')), (12, 6, Decimal('255.15'), Decimal('19.41'), Decimal('297.147690')), (35, 3, Decimal('512.37'), Decimal('5.78'), Decimal('88.844958')), (40, 4, Decimal('700.78'), Decimal('16.51'), Decimal('462.795112')), (43, 8, Decimal('746.10'), Decimal('4.92'), Decimal('293.664960')), (22, 1, Decimal('429.81'), Decimal('5.21'), Decimal('22.393101')), (18, 9, Decimal('697.86'), Decimal('6.91'), Decimal('433.999134'))]
[2025-06-14T02:47:12.675+0000] {logging_mixin.py:151} INFO - [(128, 34, 5, Decimal('814.83'), Decimal('13.74'), Decimal('559.788210')), (128, 12, 6, Decimal('255.15'), Decimal('19.41'), Decimal('297.147690')), (128, 35, 3, Decimal('512.37'), Decimal('5.78'), Decimal('88.844958')), (128, 40, 4, Decimal('700.78'), Decimal('16.51'), Decimal('462.795112')), (128, 43, 8, Decimal('746.10'), Decimal('4.92'), Decimal('293.664960')), (128, 22, 1, Decimal('429.81'), Decimal('5.21'), Decimal('22.393101')), (128, 18, 9, Decimal('697.86'), Decimal('6.91'), Decimal('433.999134'))]
[2025-06-14T02:47:12.676+0000] {logging_mixin.py:151} INFO - Simulation completed successfully!
[2025-06-14T02:47:12.676+0000] {logging_mixin.py:151} INFO - 128
[2025-06-14T02:47:12.676+0000] {python.py:194} INFO - Done. Returned value was: 128
[2025-06-14T02:47:12.710+0000] {taskinstance.py:1398} INFO - Marking task as SUCCESS. dag_id=ecommerce_generate_order_process, task_id=generate_order_process, execution_date=20250614T024612, start_date=20250614T024712, end_date=20250614T024712
[2025-06-14T02:47:12.736+0000] {local_task_job_runner.py:228} INFO - Task exited with return code 0
[2025-06-14T02:47:12.764+0000] {taskinstance.py:2776} INFO - 1 downstream tasks scheduled from follow-on schedule check
