[2025-06-14T03:31:12.858+0000] {taskinstance.py:1157} INFO - Dependencies all met for dep_context=non-requeueable deps ti=<TaskInstance: ecommerce_generate_order_process.generate_order_process scheduled__2025-06-14T03:30:12.130199+00:00 [queued]>
[2025-06-14T03:31:12.867+0000] {taskinstance.py:1157} INFO - Dependencies all met for dep_context=requeueable deps ti=<TaskInstance: ecommerce_generate_order_process.generate_order_process scheduled__2025-06-14T03:30:12.130199+00:00 [queued]>
[2025-06-14T03:31:12.868+0000] {taskinstance.py:1359} INFO - Starting attempt 1 of 6
[2025-06-14T03:31:12.882+0000] {taskinstance.py:1380} INFO - Executing <Task(_PythonDecoratedOperator): generate_order_process> on 2025-06-14 03:30:12.130199+00:00
[2025-06-14T03:31:12.889+0000] {standard_task_runner.py:57} INFO - Started process 9046 to run task
[2025-06-14T03:31:12.891+0000] {standard_task_runner.py:84} INFO - Running: ['***', 'tasks', 'run', 'ecommerce_generate_order_process', 'generate_order_process', 'scheduled__2025-06-14T03:30:12.130199+00:00', '--job-id', '884', '--raw', '--subdir', 'DAGS_FOLDER/generate_order_process.py', '--cfg-path', '/tmp/tmpq5jk5bs7']
[2025-06-14T03:31:12.893+0000] {standard_task_runner.py:85} INFO - Job 884: Subtask generate_order_process
[2025-06-14T03:31:12.971+0000] {task_command.py:415} INFO - Running <TaskInstance: ecommerce_generate_order_process.generate_order_process scheduled__2025-06-14T03:30:12.130199+00:00 [running]> on host 3498b866135e
[2025-06-14T03:31:13.144+0000] {taskinstance.py:1660} INFO - Exporting env vars: AIRFLOW_CTX_DAG_OWNER='***' AIRFLOW_CTX_DAG_ID='ecommerce_generate_order_process' AIRFLOW_CTX_TASK_ID='generate_order_process' AIRFLOW_CTX_EXECUTION_DATE='2025-06-14T03:30:12.130199+00:00' AIRFLOW_CTX_TRY_NUMBER='1' AIRFLOW_CTX_DAG_RUN_ID='scheduled__2025-06-14T03:30:12.130199+00:00'
[2025-06-14T03:31:13.165+0000] {logging_mixin.py:151} INFO - ----------------------------
[2025-06-14T03:31:13.165+0000] {logging_mixin.py:151} INFO - 286
[2025-06-14T03:31:13.165+0000] {logging_mixin.py:151} INFO - ----------------------------
[2025-06-14T03:31:13.174+0000] {logging_mixin.py:151} INFO - [(2, 1, Decimal('925.46'), Decimal('2.62'), Decimal('24.247052')), (11, 4, Decimal('668.03'), Decimal('3.23'), Decimal('86.309476'))]
[2025-06-14T03:31:13.176+0000] {logging_mixin.py:151} INFO - [(172, 2, 1, Decimal('925.46'), Decimal('2.62'), Decimal('24.247052')), (172, 11, 4, Decimal('668.03'), Decimal('3.23'), Decimal('86.309476'))]
[2025-06-14T03:31:13.177+0000] {logging_mixin.py:151} INFO - Simulation completed successfully!
[2025-06-14T03:31:13.178+0000] {logging_mixin.py:151} INFO - 172
[2025-06-14T03:31:13.178+0000] {python.py:194} INFO - Done. Returned value was: 172
[2025-06-14T03:31:13.233+0000] {taskinstance.py:1398} INFO - Marking task as SUCCESS. dag_id=ecommerce_generate_order_process, task_id=generate_order_process, execution_date=20250614T033012, start_date=20250614T033112, end_date=20250614T033113
[2025-06-14T03:31:13.263+0000] {local_task_job_runner.py:228} INFO - Task exited with return code 0
[2025-06-14T03:31:13.311+0000] {taskinstance.py:2776} INFO - 1 downstream tasks scheduled from follow-on schedule check
