[2025-06-14T04:58:14.047+0000] {taskinstance.py:1157} INFO - Dependencies all met for dep_context=non-requeueable deps ti=<TaskInstance: ecommerce_generate_order_process.generate_order_process scheduled__2025-06-14T04:57:12.130199+00:00 [queued]>
[2025-06-14T04:58:14.055+0000] {taskinstance.py:1157} INFO - Dependencies all met for dep_context=requeueable deps ti=<TaskInstance: ecommerce_generate_order_process.generate_order_process scheduled__2025-06-14T04:57:12.130199+00:00 [queued]>
[2025-06-14T04:58:14.055+0000] {taskinstance.py:1359} INFO - Starting attempt 1 of 6
[2025-06-14T04:58:14.127+0000] {taskinstance.py:1380} INFO - Executing <Task(_PythonDecoratedOperator): generate_order_process> on 2025-06-14 04:57:12.130199+00:00
[2025-06-14T04:58:14.133+0000] {standard_task_runner.py:57} INFO - Started process 16736 to run task
[2025-06-14T04:58:14.135+0000] {standard_task_runner.py:84} INFO - Running: ['***', 'tasks', 'run', 'ecommerce_generate_order_process', 'generate_order_process', 'scheduled__2025-06-14T04:57:12.130199+00:00', '--job-id', '1319', '--raw', '--subdir', 'DAGS_FOLDER/generate_order_process.py', '--cfg-path', '/tmp/tmp4z13368g']
[2025-06-14T04:58:14.138+0000] {standard_task_runner.py:85} INFO - Job 1319: Subtask generate_order_process
[2025-06-14T04:58:14.261+0000] {task_command.py:415} INFO - Running <TaskInstance: ecommerce_generate_order_process.generate_order_process scheduled__2025-06-14T04:57:12.130199+00:00 [running]> on host 3498b866135e
[2025-06-14T04:58:14.553+0000] {taskinstance.py:1660} INFO - Exporting env vars: AIRFLOW_CTX_DAG_OWNER='***' AIRFLOW_CTX_DAG_ID='ecommerce_generate_order_process' AIRFLOW_CTX_TASK_ID='generate_order_process' AIRFLOW_CTX_EXECUTION_DATE='2025-06-14T04:57:12.130199+00:00' AIRFLOW_CTX_TRY_NUMBER='1' AIRFLOW_CTX_DAG_RUN_ID='scheduled__2025-06-14T04:57:12.130199+00:00'
[2025-06-14T04:58:14.569+0000] {logging_mixin.py:151} INFO - ----------------------------
[2025-06-14T04:58:14.569+0000] {logging_mixin.py:151} INFO - 335
[2025-06-14T04:58:14.570+0000] {logging_mixin.py:151} INFO - ----------------------------
[2025-06-14T04:58:14.579+0000] {logging_mixin.py:151} INFO - [(1, 1, Decimal('802.42'), Decimal('3.53'), Decimal('28.325426')), (14, 5, Decimal('657.33'), Decimal('0.13'), Decimal('4.272645')), (39, 6, Decimal('713.46'), Decimal('15.39'), Decimal('658.808964')), (32, 8, Decimal('133.92'), Decimal('4.07'), Decimal('43.604352'))]
[2025-06-14T04:58:14.581+0000] {logging_mixin.py:151} INFO - [(259, 1, 1, Decimal('802.42'), Decimal('3.53'), Decimal('28.325426')), (259, 14, 5, Decimal('657.33'), Decimal('0.13'), Decimal('4.272645')), (259, 39, 6, Decimal('713.46'), Decimal('15.39'), Decimal('658.808964')), (259, 32, 8, Decimal('133.92'), Decimal('4.07'), Decimal('43.604352'))]
[2025-06-14T04:58:14.770+0000] {logging_mixin.py:151} INFO - Simulation completed successfully!
[2025-06-14T04:58:14.771+0000] {logging_mixin.py:151} INFO - 259
[2025-06-14T04:58:14.771+0000] {python.py:194} INFO - Done. Returned value was: 259
[2025-06-14T04:58:14.873+0000] {taskinstance.py:1398} INFO - Marking task as SUCCESS. dag_id=ecommerce_generate_order_process, task_id=generate_order_process, execution_date=20250614T045712, start_date=20250614T045814, end_date=20250614T045814
[2025-06-14T04:58:14.949+0000] {local_task_job_runner.py:228} INFO - Task exited with return code 0
[2025-06-14T04:58:14.982+0000] {taskinstance.py:2776} INFO - 1 downstream tasks scheduled from follow-on schedule check
