[2025-06-14T03:40:13.396+0000] {taskinstance.py:1157} INFO - Dependencies all met for dep_context=non-requeueable deps ti=<TaskInstance: ecommerce_generate_order_process.generate_order_process scheduled__2025-06-14T03:39:12.130199+00:00 [queued]>
[2025-06-14T03:40:13.405+0000] {taskinstance.py:1157} INFO - Dependencies all met for dep_context=requeueable deps ti=<TaskInstance: ecommerce_generate_order_process.generate_order_process scheduled__2025-06-14T03:39:12.130199+00:00 [queued]>
[2025-06-14T03:40:13.405+0000] {taskinstance.py:1359} INFO - Starting attempt 1 of 6
[2025-06-14T03:40:13.418+0000] {taskinstance.py:1380} INFO - Executing <Task(_PythonDecoratedOperator): generate_order_process> on 2025-06-14 03:39:12.130199+00:00
[2025-06-14T03:40:13.422+0000] {standard_task_runner.py:57} INFO - Started process 9836 to run task
[2025-06-14T03:40:13.423+0000] {standard_task_runner.py:84} INFO - Running: ['***', 'tasks', 'run', 'ecommerce_generate_order_process', 'generate_order_process', 'scheduled__2025-06-14T03:39:12.130199+00:00', '--job-id', '929', '--raw', '--subdir', 'DAGS_FOLDER/generate_order_process.py', '--cfg-path', '/tmp/tmpyim50cnx']
[2025-06-14T03:40:13.425+0000] {standard_task_runner.py:85} INFO - Job 929: Subtask generate_order_process
[2025-06-14T03:40:13.476+0000] {task_command.py:415} INFO - Running <TaskInstance: ecommerce_generate_order_process.generate_order_process scheduled__2025-06-14T03:39:12.130199+00:00 [running]> on host 3498b866135e
[2025-06-14T03:40:13.579+0000] {taskinstance.py:1660} INFO - Exporting env vars: AIRFLOW_CTX_DAG_OWNER='***' AIRFLOW_CTX_DAG_ID='ecommerce_generate_order_process' AIRFLOW_CTX_TASK_ID='generate_order_process' AIRFLOW_CTX_EXECUTION_DATE='2025-06-14T03:39:12.130199+00:00' AIRFLOW_CTX_TRY_NUMBER='1' AIRFLOW_CTX_DAG_RUN_ID='scheduled__2025-06-14T03:39:12.130199+00:00'
[2025-06-14T03:40:13.592+0000] {logging_mixin.py:151} INFO - ----------------------------
[2025-06-14T03:40:13.592+0000] {logging_mixin.py:151} INFO - 16
[2025-06-14T03:40:13.592+0000] {logging_mixin.py:151} INFO - ----------------------------
[2025-06-14T03:40:13.598+0000] {logging_mixin.py:151} INFO - [(1, 1, Decimal('802.42'), Decimal('3.53'), Decimal('28.325426')), (50, 6, Decimal('732.13'), Decimal('17.33'), Decimal('761.268774')), (31, 6, Decimal('878.54'), Decimal('16.74'), Decimal('882.405576')), (26, 5, Decimal('349.97'), Decimal('8.34'), Decimal('145.937490')), (4, 9, Decimal('38.75'), Decimal('2.09'), Decimal('7.288875'))]
[2025-06-14T03:40:13.600+0000] {logging_mixin.py:151} INFO - [(181, 1, 1, Decimal('802.42'), Decimal('3.53'), Decimal('28.325426')), (181, 50, 6, Decimal('732.13'), Decimal('17.33'), Decimal('761.268774')), (181, 31, 6, Decimal('878.54'), Decimal('16.74'), Decimal('882.405576')), (181, 26, 5, Decimal('349.97'), Decimal('8.34'), Decimal('145.937490')), (181, 4, 9, Decimal('38.75'), Decimal('2.09'), Decimal('7.288875'))]
[2025-06-14T03:40:13.600+0000] {logging_mixin.py:151} INFO - Simulation completed successfully!
[2025-06-14T03:40:13.600+0000] {logging_mixin.py:151} INFO - 181
[2025-06-14T03:40:13.601+0000] {python.py:194} INFO - Done. Returned value was: 181
[2025-06-14T03:40:13.633+0000] {taskinstance.py:1398} INFO - Marking task as SUCCESS. dag_id=ecommerce_generate_order_process, task_id=generate_order_process, execution_date=20250614T033912, start_date=20250614T034013, end_date=20250614T034013
[2025-06-14T03:40:13.675+0000] {local_task_job_runner.py:228} INFO - Task exited with return code 0
[2025-06-14T03:40:13.701+0000] {taskinstance.py:2776} INFO - 1 downstream tasks scheduled from follow-on schedule check
