[2025-06-14T02:27:13.396+0000] {taskinstance.py:1157} INFO - Dependencies all met for dep_context=non-requeueable deps ti=<TaskInstance: ecommerce_generate_order_process.generate_order_process scheduled__2025-06-14T02:26:12.033460+00:00 [queued]>
[2025-06-14T02:27:13.404+0000] {taskinstance.py:1157} INFO - Dependencies all met for dep_context=requeueable deps ti=<TaskInstance: ecommerce_generate_order_process.generate_order_process scheduled__2025-06-14T02:26:12.033460+00:00 [queued]>
[2025-06-14T02:27:13.404+0000] {taskinstance.py:1359} INFO - Starting attempt 1 of 6
[2025-06-14T02:27:13.416+0000] {taskinstance.py:1380} INFO - Executing <Task(_PythonDecoratedOperator): generate_order_process> on 2025-06-14 02:26:12.033460+00:00
[2025-06-14T02:27:13.422+0000] {standard_task_runner.py:57} INFO - Started process 3386 to run task
[2025-06-14T02:27:13.424+0000] {standard_task_runner.py:84} INFO - Running: ['***', 'tasks', 'run', 'ecommerce_generate_order_process', 'generate_order_process', 'scheduled__2025-06-14T02:26:12.033460+00:00', '--job-id', '564', '--raw', '--subdir', 'DAGS_FOLDER/generate_order_process.py', '--cfg-path', '/tmp/tmp9knhxrdy']
[2025-06-14T02:27:13.426+0000] {standard_task_runner.py:85} INFO - Job 564: Subtask generate_order_process
[2025-06-14T02:27:13.482+0000] {task_command.py:415} INFO - Running <TaskInstance: ecommerce_generate_order_process.generate_order_process scheduled__2025-06-14T02:26:12.033460+00:00 [running]> on host 3498b866135e
[2025-06-14T02:27:13.583+0000] {taskinstance.py:1660} INFO - Exporting env vars: AIRFLOW_CTX_DAG_OWNER='***' AIRFLOW_CTX_DAG_ID='ecommerce_generate_order_process' AIRFLOW_CTX_TASK_ID='generate_order_process' AIRFLOW_CTX_EXECUTION_DATE='2025-06-14T02:26:12.033460+00:00' AIRFLOW_CTX_TRY_NUMBER='1' AIRFLOW_CTX_DAG_RUN_ID='scheduled__2025-06-14T02:26:12.033460+00:00'
[2025-06-14T02:27:13.597+0000] {logging_mixin.py:151} INFO - ----------------------------
[2025-06-14T02:27:13.598+0000] {logging_mixin.py:151} INFO - 165
[2025-06-14T02:27:13.598+0000] {logging_mixin.py:151} INFO - ----------------------------
[2025-06-14T02:27:13.606+0000] {logging_mixin.py:151} INFO - [(21, 4, Decimal('841.78'), Decimal('5.97'), Decimal('201.017064')), (41, 1, Decimal('855.34'), Decimal('13.96'), Decimal('119.405464')), (4, 9, Decimal('38.75'), Decimal('2.09'), Decimal('7.288875'))]
[2025-06-14T02:27:13.608+0000] {logging_mixin.py:151} INFO - [(108, 21, 4, Decimal('841.78'), Decimal('5.97'), Decimal('201.017064')), (108, 41, 1, Decimal('855.34'), Decimal('13.96'), Decimal('119.405464')), (108, 4, 9, Decimal('38.75'), Decimal('2.09'), Decimal('7.288875'))]
[2025-06-14T02:27:13.610+0000] {logging_mixin.py:151} INFO - Simulation completed successfully!
[2025-06-14T02:27:13.610+0000] {logging_mixin.py:151} INFO - 108
[2025-06-14T02:27:13.611+0000] {python.py:194} INFO - Done. Returned value was: 108
[2025-06-14T02:27:13.654+0000] {taskinstance.py:1398} INFO - Marking task as SUCCESS. dag_id=ecommerce_generate_order_process, task_id=generate_order_process, execution_date=20250614T022612, start_date=20250614T022713, end_date=20250614T022713
[2025-06-14T02:27:13.676+0000] {local_task_job_runner.py:228} INFO - Task exited with return code 0
[2025-06-14T02:27:13.705+0000] {taskinstance.py:2776} INFO - 1 downstream tasks scheduled from follow-on schedule check
