[2025-06-13T16:06:37.847+0000] {taskinstance.py:1157} INFO - Dependencies all met for dep_context=non-requeueable deps ti=<TaskInstance: ecommerce_generate_order_process.generate_order_process scheduled__2025-06-13T16:05:31.606904+00:00 [queued]>
[2025-06-13T16:06:37.870+0000] {taskinstance.py:1157} INFO - Dependencies all met for dep_context=requeueable deps ti=<TaskInstance: ecommerce_generate_order_process.generate_order_process scheduled__2025-06-13T16:05:31.606904+00:00 [queued]>
[2025-06-13T16:06:37.870+0000] {taskinstance.py:1359} INFO - Starting attempt 1 of 6
[2025-06-13T16:06:37.909+0000] {taskinstance.py:1380} INFO - Executing <Task(_PythonDecoratedOperator): generate_order_process> on 2025-06-13 16:05:31.606904+00:00
[2025-06-13T16:06:37.920+0000] {standard_task_runner.py:57} INFO - Started process 1614 to run task
[2025-06-13T16:06:37.926+0000] {standard_task_runner.py:84} INFO - Running: ['***', 'tasks', 'run', 'ecommerce_generate_order_process', 'generate_order_process', 'scheduled__2025-06-13T16:05:31.606904+00:00', '--job-id', '102', '--raw', '--subdir', 'DAGS_FOLDER/generate_order_process.py', '--cfg-path', '/tmp/tmp1mvayi3_']
[2025-06-13T16:06:37.930+0000] {standard_task_runner.py:85} INFO - Job 102: Subtask generate_order_process
[2025-06-13T16:06:38.045+0000] {task_command.py:415} INFO - Running <TaskInstance: ecommerce_generate_order_process.generate_order_process scheduled__2025-06-13T16:05:31.606904+00:00 [running]> on host 3498b866135e
[2025-06-13T16:06:38.248+0000] {taskinstance.py:1660} INFO - Exporting env vars: AIRFLOW_CTX_DAG_OWNER='***' AIRFLOW_CTX_DAG_ID='ecommerce_generate_order_process' AIRFLOW_CTX_TASK_ID='generate_order_process' AIRFLOW_CTX_EXECUTION_DATE='2025-06-13T16:05:31.606904+00:00' AIRFLOW_CTX_TRY_NUMBER='1' AIRFLOW_CTX_DAG_RUN_ID='scheduled__2025-06-13T16:05:31.606904+00:00'
[2025-06-13T16:06:38.285+0000] {logging_mixin.py:151} INFO - ----------------------------
[2025-06-13T16:06:38.285+0000] {logging_mixin.py:151} INFO - 32
[2025-06-13T16:06:38.286+0000] {logging_mixin.py:151} INFO - ----------------------------
[2025-06-13T16:06:38.307+0000] {logging_mixin.py:151} INFO - [(22, 1, Decimal('429.81'), Decimal('5.21'), Decimal('22.393101')), (23, 1, Decimal('521.30'), Decimal('16.80'), Decimal('87.57840')), (7, 6, Decimal('875.57'), Decimal('8.85'), Decimal('464.927670')), (13, 4, Decimal('411.98'), Decimal('16.77'), Decimal('276.356184')), (17, 1, Decimal('207.60'), Decimal('14.70'), Decimal('30.51720')), (2, 1, Decimal('925.46'), Decimal('2.62'), Decimal('24.247052'))]
[2025-06-13T16:06:38.312+0000] {logging_mixin.py:151} INFO - [(19, 22, 1, Decimal('429.81'), Decimal('5.21'), Decimal('22.393101')), (19, 23, 1, Decimal('521.30'), Decimal('16.80'), Decimal('87.57840')), (19, 7, 6, Decimal('875.57'), Decimal('8.85'), Decimal('464.927670')), (19, 13, 4, Decimal('411.98'), Decimal('16.77'), Decimal('276.356184')), (19, 17, 1, Decimal('207.60'), Decimal('14.70'), Decimal('30.51720')), (19, 2, 1, Decimal('925.46'), Decimal('2.62'), Decimal('24.247052'))]
[2025-06-13T16:06:38.315+0000] {logging_mixin.py:151} INFO - Simulation completed successfully!
[2025-06-13T16:06:38.315+0000] {logging_mixin.py:151} INFO - 19
[2025-06-13T16:06:38.316+0000] {python.py:194} INFO - Done. Returned value was: 19
[2025-06-13T16:06:38.416+0000] {taskinstance.py:1398} INFO - Marking task as SUCCESS. dag_id=ecommerce_generate_order_process, task_id=generate_order_process, execution_date=20250613T160531, start_date=20250613T160637, end_date=20250613T160638
[2025-06-13T16:06:38.499+0000] {local_task_job_runner.py:228} INFO - Task exited with return code 0
[2025-06-13T16:06:38.576+0000] {taskinstance.py:2776} INFO - 0 downstream tasks scheduled from follow-on schedule check
