[2025-06-14T03:23:13.311+0000] {taskinstance.py:1157} INFO - Dependencies all met for dep_context=non-requeueable deps ti=<TaskInstance: ecommerce_generate_order_process.generate_order_process scheduled__2025-06-14T03:22:12.130199+00:00 [queued]>
[2025-06-14T03:23:13.319+0000] {taskinstance.py:1157} INFO - Dependencies all met for dep_context=requeueable deps ti=<TaskInstance: ecommerce_generate_order_process.generate_order_process scheduled__2025-06-14T03:22:12.130199+00:00 [queued]>
[2025-06-14T03:23:13.319+0000] {taskinstance.py:1359} INFO - Starting attempt 1 of 6
[2025-06-14T03:23:13.330+0000] {taskinstance.py:1380} INFO - Executing <Task(_PythonDecoratedOperator): generate_order_process> on 2025-06-14 03:22:12.130199+00:00
[2025-06-14T03:23:13.335+0000] {standard_task_runner.py:57} INFO - Started process 8346 to run task
[2025-06-14T03:23:13.337+0000] {standard_task_runner.py:84} INFO - Running: ['***', 'tasks', 'run', 'ecommerce_generate_order_process', 'generate_order_process', 'scheduled__2025-06-14T03:22:12.130199+00:00', '--job-id', '844', '--raw', '--subdir', 'DAGS_FOLDER/generate_order_process.py', '--cfg-path', '/tmp/tmpz5_91ow0']
[2025-06-14T03:23:13.339+0000] {standard_task_runner.py:85} INFO - Job 844: Subtask generate_order_process
[2025-06-14T03:23:13.394+0000] {task_command.py:415} INFO - Running <TaskInstance: ecommerce_generate_order_process.generate_order_process scheduled__2025-06-14T03:22:12.130199+00:00 [running]> on host 3498b866135e
[2025-06-14T03:23:13.500+0000] {taskinstance.py:1660} INFO - Exporting env vars: AIRFLOW_CTX_DAG_OWNER='***' AIRFLOW_CTX_DAG_ID='ecommerce_generate_order_process' AIRFLOW_CTX_TASK_ID='generate_order_process' AIRFLOW_CTX_EXECUTION_DATE='2025-06-14T03:22:12.130199+00:00' AIRFLOW_CTX_TRY_NUMBER='1' AIRFLOW_CTX_DAG_RUN_ID='scheduled__2025-06-14T03:22:12.130199+00:00'
[2025-06-14T03:23:13.514+0000] {logging_mixin.py:151} INFO - ----------------------------
[2025-06-14T03:23:13.514+0000] {logging_mixin.py:151} INFO - 137
[2025-06-14T03:23:13.514+0000] {logging_mixin.py:151} INFO - ----------------------------
[2025-06-14T03:23:13.520+0000] {logging_mixin.py:151} INFO - [(39, 6, Decimal('713.46'), Decimal('15.39'), Decimal('658.808964')), (11, 4, Decimal('668.03'), Decimal('3.23'), Decimal('86.309476')), (10, 4, Decimal('598.05'), Decimal('10.18'), Decimal('243.525960')), (7, 6, Decimal('875.57'), Decimal('8.85'), Decimal('464.927670'))]
[2025-06-14T03:23:13.522+0000] {logging_mixin.py:151} INFO - [(164, 39, 6, Decimal('713.46'), Decimal('15.39'), Decimal('658.808964')), (164, 11, 4, Decimal('668.03'), Decimal('3.23'), Decimal('86.309476')), (164, 10, 4, Decimal('598.05'), Decimal('10.18'), Decimal('243.525960')), (164, 7, 6, Decimal('875.57'), Decimal('8.85'), Decimal('464.927670'))]
[2025-06-14T03:23:13.523+0000] {logging_mixin.py:151} INFO - Simulation completed successfully!
[2025-06-14T03:23:13.523+0000] {logging_mixin.py:151} INFO - 164
[2025-06-14T03:23:13.523+0000] {python.py:194} INFO - Done. Returned value was: 164
[2025-06-14T03:23:13.557+0000] {taskinstance.py:1398} INFO - Marking task as SUCCESS. dag_id=ecommerce_generate_order_process, task_id=generate_order_process, execution_date=20250614T032212, start_date=20250614T032313, end_date=20250614T032313
[2025-06-14T03:23:13.589+0000] {local_task_job_runner.py:228} INFO - Task exited with return code 0
[2025-06-14T03:23:13.615+0000] {taskinstance.py:2776} INFO - 1 downstream tasks scheduled from follow-on schedule check
