[2025-06-14T04:22:12.693+0000] {taskinstance.py:1157} INFO - Dependencies all met for dep_context=non-requeueable deps ti=<TaskInstance: ecommerce_generate_order_process.generate_order_process scheduled__2025-06-14T04:21:12.130199+00:00 [queued]>
[2025-06-14T04:22:12.701+0000] {taskinstance.py:1157} INFO - Dependencies all met for dep_context=requeueable deps ti=<TaskInstance: ecommerce_generate_order_process.generate_order_process scheduled__2025-06-14T04:21:12.130199+00:00 [queued]>
[2025-06-14T04:22:12.701+0000] {taskinstance.py:1359} INFO - Starting attempt 1 of 6
[2025-06-14T04:22:12.712+0000] {taskinstance.py:1380} INFO - Executing <Task(_PythonDecoratedOperator): generate_order_process> on 2025-06-14 04:21:12.130199+00:00
[2025-06-14T04:22:12.718+0000] {standard_task_runner.py:57} INFO - Started process 13541 to run task
[2025-06-14T04:22:12.720+0000] {standard_task_runner.py:84} INFO - Running: ['***', 'tasks', 'run', 'ecommerce_generate_order_process', 'generate_order_process', 'scheduled__2025-06-14T04:21:12.130199+00:00', '--job-id', '1139', '--raw', '--subdir', 'DAGS_FOLDER/generate_order_process.py', '--cfg-path', '/tmp/tmp6218rtlx']
[2025-06-14T04:22:12.722+0000] {standard_task_runner.py:85} INFO - Job 1139: Subtask generate_order_process
[2025-06-14T04:22:12.775+0000] {task_command.py:415} INFO - Running <TaskInstance: ecommerce_generate_order_process.generate_order_process scheduled__2025-06-14T04:21:12.130199+00:00 [running]> on host 3498b866135e
[2025-06-14T04:22:12.870+0000] {taskinstance.py:1660} INFO - Exporting env vars: AIRFLOW_CTX_DAG_OWNER='***' AIRFLOW_CTX_DAG_ID='ecommerce_generate_order_process' AIRFLOW_CTX_TASK_ID='generate_order_process' AIRFLOW_CTX_EXECUTION_DATE='2025-06-14T04:21:12.130199+00:00' AIRFLOW_CTX_TRY_NUMBER='1' AIRFLOW_CTX_DAG_RUN_ID='scheduled__2025-06-14T04:21:12.130199+00:00'
[2025-06-14T04:22:12.882+0000] {logging_mixin.py:151} INFO - ----------------------------
[2025-06-14T04:22:12.883+0000] {logging_mixin.py:151} INFO - 378
[2025-06-14T04:22:12.883+0000] {logging_mixin.py:151} INFO - ----------------------------
[2025-06-14T04:22:12.889+0000] {logging_mixin.py:151} INFO - [(24, 1, Decimal('387.14'), Decimal('4.66'), Decimal('18.040724')), (32, 8, Decimal('133.92'), Decimal('4.07'), Decimal('43.604352')), (6, 1, Decimal('721.46'), Decimal('1.60'), Decimal('11.54336'))]
[2025-06-14T04:22:12.890+0000] {logging_mixin.py:151} INFO - [(223, 24, 1, Decimal('387.14'), Decimal('4.66'), Decimal('18.040724')), (223, 32, 8, Decimal('133.92'), Decimal('4.07'), Decimal('43.604352')), (223, 6, 1, Decimal('721.46'), Decimal('1.60'), Decimal('11.54336'))]
[2025-06-14T04:22:12.891+0000] {logging_mixin.py:151} INFO - Simulation completed successfully!
[2025-06-14T04:22:12.892+0000] {logging_mixin.py:151} INFO - 223
[2025-06-14T04:22:12.892+0000] {python.py:194} INFO - Done. Returned value was: 223
[2025-06-14T04:22:12.924+0000] {taskinstance.py:1398} INFO - Marking task as SUCCESS. dag_id=ecommerce_generate_order_process, task_id=generate_order_process, execution_date=20250614T042112, start_date=20250614T042212, end_date=20250614T042212
[2025-06-14T04:22:12.972+0000] {local_task_job_runner.py:228} INFO - Task exited with return code 0
[2025-06-14T04:22:12.998+0000] {taskinstance.py:2776} INFO - 1 downstream tasks scheduled from follow-on schedule check
