[2025-06-14T04:49:12.811+0000] {taskinstance.py:1157} INFO - Dependencies all met for dep_context=non-requeueable deps ti=<TaskInstance: ecommerce_generate_order_process.generate_order_process scheduled__2025-06-14T04:48:12.130199+00:00 [queued]>
[2025-06-14T04:49:12.823+0000] {taskinstance.py:1157} INFO - Dependencies all met for dep_context=requeueable deps ti=<TaskInstance: ecommerce_generate_order_process.generate_order_process scheduled__2025-06-14T04:48:12.130199+00:00 [queued]>
[2025-06-14T04:49:12.823+0000] {taskinstance.py:1359} INFO - Starting attempt 1 of 6
[2025-06-14T04:49:12.839+0000] {taskinstance.py:1380} INFO - Executing <Task(_PythonDecoratedOperator): generate_order_process> on 2025-06-14 04:48:12.130199+00:00
[2025-06-14T04:49:12.847+0000] {standard_task_runner.py:57} INFO - Started process 15926 to run task
[2025-06-14T04:49:12.849+0000] {standard_task_runner.py:84} INFO - Running: ['***', 'tasks', 'run', 'ecommerce_generate_order_process', 'generate_order_process', 'scheduled__2025-06-14T04:48:12.130199+00:00', '--job-id', '1274', '--raw', '--subdir', 'DAGS_FOLDER/generate_order_process.py', '--cfg-path', '/tmp/tmp16prjzid']
[2025-06-14T04:49:12.852+0000] {standard_task_runner.py:85} INFO - Job 1274: Subtask generate_order_process
[2025-06-14T04:49:12.926+0000] {task_command.py:415} INFO - Running <TaskInstance: ecommerce_generate_order_process.generate_order_process scheduled__2025-06-14T04:48:12.130199+00:00 [running]> on host 3498b866135e
[2025-06-14T04:49:13.070+0000] {taskinstance.py:1660} INFO - Exporting env vars: AIRFLOW_CTX_DAG_OWNER='***' AIRFLOW_CTX_DAG_ID='ecommerce_generate_order_process' AIRFLOW_CTX_TASK_ID='generate_order_process' AIRFLOW_CTX_EXECUTION_DATE='2025-06-14T04:48:12.130199+00:00' AIRFLOW_CTX_TRY_NUMBER='1' AIRFLOW_CTX_DAG_RUN_ID='scheduled__2025-06-14T04:48:12.130199+00:00'
[2025-06-14T04:49:13.092+0000] {logging_mixin.py:151} INFO - ----------------------------
[2025-06-14T04:49:13.092+0000] {logging_mixin.py:151} INFO - 67
[2025-06-14T04:49:13.092+0000] {logging_mixin.py:151} INFO - ----------------------------
[2025-06-14T04:49:13.102+0000] {logging_mixin.py:151} INFO - [(22, 1, Decimal('429.81'), Decimal('5.21'), Decimal('22.393101')), (20, 8, Decimal('841.06'), Decimal('11.60'), Decimal('780.50368')), (21, 4, Decimal('841.78'), Decimal('5.97'), Decimal('201.017064')), (2, 1, Decimal('925.46'), Decimal('2.62'), Decimal('24.247052')), (36, 1, Decimal('745.80'), Decimal('1.07'), Decimal('7.980060')), (23, 1, Decimal('521.30'), Decimal('16.80'), Decimal('87.57840')), (48, 4, Decimal('294.67'), Decimal('17.31'), Decimal('204.029508')), (27, 8, Decimal('412.73'), Decimal('3.00'), Decimal('99.0552')), (31, 6, Decimal('878.54'), Decimal('16.74'), Decimal('882.405576'))]
[2025-06-14T04:49:13.105+0000] {logging_mixin.py:151} INFO - [(250, 22, 1, Decimal('429.81'), Decimal('5.21'), Decimal('22.393101')), (250, 20, 8, Decimal('841.06'), Decimal('11.60'), Decimal('780.50368')), (250, 21, 4, Decimal('841.78'), Decimal('5.97'), Decimal('201.017064')), (250, 2, 1, Decimal('925.46'), Decimal('2.62'), Decimal('24.247052')), (250, 36, 1, Decimal('745.80'), Decimal('1.07'), Decimal('7.980060')), (250, 23, 1, Decimal('521.30'), Decimal('16.80'), Decimal('87.57840')), (250, 48, 4, Decimal('294.67'), Decimal('17.31'), Decimal('204.029508')), (250, 27, 8, Decimal('412.73'), Decimal('3.00'), Decimal('99.0552')), (250, 31, 6, Decimal('878.54'), Decimal('16.74'), Decimal('882.405576'))]
[2025-06-14T04:49:13.106+0000] {logging_mixin.py:151} INFO - Simulation completed successfully!
[2025-06-14T04:49:13.107+0000] {logging_mixin.py:151} INFO - 250
[2025-06-14T04:49:13.107+0000] {python.py:194} INFO - Done. Returned value was: 250
[2025-06-14T04:49:13.152+0000] {taskinstance.py:1398} INFO - Marking task as SUCCESS. dag_id=ecommerce_generate_order_process, task_id=generate_order_process, execution_date=20250614T044812, start_date=20250614T044912, end_date=20250614T044913
[2025-06-14T04:49:13.181+0000] {local_task_job_runner.py:228} INFO - Task exited with return code 0
[2025-06-14T04:49:13.214+0000] {taskinstance.py:2776} INFO - 1 downstream tasks scheduled from follow-on schedule check
