[2025-06-14T04:45:12.961+0000] {taskinstance.py:1157} INFO - Dependencies all met for dep_context=non-requeueable deps ti=<TaskInstance: ecommerce_generate_order_process.generate_order_process scheduled__2025-06-14T04:44:12.130199+00:00 [queued]>
[2025-06-14T04:45:12.969+0000] {taskinstance.py:1157} INFO - Dependencies all met for dep_context=requeueable deps ti=<TaskInstance: ecommerce_generate_order_process.generate_order_process scheduled__2025-06-14T04:44:12.130199+00:00 [queued]>
[2025-06-14T04:45:12.969+0000] {taskinstance.py:1359} INFO - Starting attempt 1 of 6
[2025-06-14T04:45:12.980+0000] {taskinstance.py:1380} INFO - Executing <Task(_PythonDecoratedOperator): generate_order_process> on 2025-06-14 04:44:12.130199+00:00
[2025-06-14T04:45:12.985+0000] {standard_task_runner.py:57} INFO - Started process 15571 to run task
[2025-06-14T04:45:12.987+0000] {standard_task_runner.py:84} INFO - Running: ['***', 'tasks', 'run', 'ecommerce_generate_order_process', 'generate_order_process', 'scheduled__2025-06-14T04:44:12.130199+00:00', '--job-id', '1254', '--raw', '--subdir', 'DAGS_FOLDER/generate_order_process.py', '--cfg-path', '/tmp/tmpgqnnk31g']
[2025-06-14T04:45:12.988+0000] {standard_task_runner.py:85} INFO - Job 1254: Subtask generate_order_process
[2025-06-14T04:45:13.041+0000] {task_command.py:415} INFO - Running <TaskInstance: ecommerce_generate_order_process.generate_order_process scheduled__2025-06-14T04:44:12.130199+00:00 [running]> on host 3498b866135e
[2025-06-14T04:45:13.130+0000] {taskinstance.py:1660} INFO - Exporting env vars: AIRFLOW_CTX_DAG_OWNER='***' AIRFLOW_CTX_DAG_ID='ecommerce_generate_order_process' AIRFLOW_CTX_TASK_ID='generate_order_process' AIRFLOW_CTX_EXECUTION_DATE='2025-06-14T04:44:12.130199+00:00' AIRFLOW_CTX_TRY_NUMBER='1' AIRFLOW_CTX_DAG_RUN_ID='scheduled__2025-06-14T04:44:12.130199+00:00'
[2025-06-14T04:45:13.142+0000] {logging_mixin.py:151} INFO - ----------------------------
[2025-06-14T04:45:13.142+0000] {logging_mixin.py:151} INFO - 187
[2025-06-14T04:45:13.142+0000] {logging_mixin.py:151} INFO - ----------------------------
[2025-06-14T04:45:13.146+0000] {logging_mixin.py:151} INFO - [(32, 8, Decimal('133.92'), Decimal('4.07'), Decimal('43.604352')), (12, 6, Decimal('255.15'), Decimal('19.41'), Decimal('297.147690')), (4, 9, Decimal('38.75'), Decimal('2.09'), Decimal('7.288875')), (21, 4, Decimal('841.78'), Decimal('5.97'), Decimal('201.017064')), (43, 8, Decimal('746.10'), Decimal('4.92'), Decimal('293.664960')), (15, 7, Decimal('523.55'), Decimal('19.06'), Decimal('698.520410')), (7, 6, Decimal('875.57'), Decimal('8.85'), Decimal('464.927670'))]
[2025-06-14T04:45:13.148+0000] {logging_mixin.py:151} INFO - [(246, 32, 8, Decimal('133.92'), Decimal('4.07'), Decimal('43.604352')), (246, 12, 6, Decimal('255.15'), Decimal('19.41'), Decimal('297.147690')), (246, 4, 9, Decimal('38.75'), Decimal('2.09'), Decimal('7.288875')), (246, 21, 4, Decimal('841.78'), Decimal('5.97'), Decimal('201.017064')), (246, 43, 8, Decimal('746.10'), Decimal('4.92'), Decimal('293.664960')), (246, 15, 7, Decimal('523.55'), Decimal('19.06'), Decimal('698.520410')), (246, 7, 6, Decimal('875.57'), Decimal('8.85'), Decimal('464.927670'))]
[2025-06-14T04:45:13.149+0000] {logging_mixin.py:151} INFO - Simulation completed successfully!
[2025-06-14T04:45:13.149+0000] {logging_mixin.py:151} INFO - 246
[2025-06-14T04:45:13.149+0000] {python.py:194} INFO - Done. Returned value was: 246
[2025-06-14T04:45:13.178+0000] {taskinstance.py:1398} INFO - Marking task as SUCCESS. dag_id=ecommerce_generate_order_process, task_id=generate_order_process, execution_date=20250614T044412, start_date=20250614T044512, end_date=20250614T044513
[2025-06-14T04:45:13.199+0000] {local_task_job_runner.py:228} INFO - Task exited with return code 0
[2025-06-14T04:45:13.221+0000] {taskinstance.py:2776} INFO - 1 downstream tasks scheduled from follow-on schedule check
