[2025-06-14T03:01:13.403+0000] {taskinstance.py:1157} INFO - Dependencies all met for dep_context=non-requeueable deps ti=<TaskInstance: ecommerce_generate_order_process.generate_order_process scheduled__2025-06-14T03:00:12.033460+00:00 [queued]>
[2025-06-14T03:01:13.410+0000] {taskinstance.py:1157} INFO - Dependencies all met for dep_context=requeueable deps ti=<TaskInstance: ecommerce_generate_order_process.generate_order_process scheduled__2025-06-14T03:00:12.033460+00:00 [queued]>
[2025-06-14T03:01:13.410+0000] {taskinstance.py:1359} INFO - Starting attempt 1 of 6
[2025-06-14T03:01:13.423+0000] {taskinstance.py:1380} INFO - Executing <Task(_PythonDecoratedOperator): generate_order_process> on 2025-06-14 03:00:12.033460+00:00
[2025-06-14T03:01:13.428+0000] {standard_task_runner.py:57} INFO - Started process 6406 to run task
[2025-06-14T03:01:13.430+0000] {standard_task_runner.py:84} INFO - Running: ['***', 'tasks', 'run', 'ecommerce_generate_order_process', 'generate_order_process', 'scheduled__2025-06-14T03:00:12.033460+00:00', '--job-id', '734', '--raw', '--subdir', 'DAGS_FOLDER/generate_order_process.py', '--cfg-path', '/tmp/tmpdkiy9ym1']
[2025-06-14T03:01:13.432+0000] {standard_task_runner.py:85} INFO - Job 734: Subtask generate_order_process
[2025-06-14T03:01:13.487+0000] {task_command.py:415} INFO - Running <TaskInstance: ecommerce_generate_order_process.generate_order_process scheduled__2025-06-14T03:00:12.033460+00:00 [running]> on host 3498b866135e
[2025-06-14T03:01:13.583+0000] {taskinstance.py:1660} INFO - Exporting env vars: AIRFLOW_CTX_DAG_OWNER='***' AIRFLOW_CTX_DAG_ID='ecommerce_generate_order_process' AIRFLOW_CTX_TASK_ID='generate_order_process' AIRFLOW_CTX_EXECUTION_DATE='2025-06-14T03:00:12.033460+00:00' AIRFLOW_CTX_TRY_NUMBER='1' AIRFLOW_CTX_DAG_RUN_ID='scheduled__2025-06-14T03:00:12.033460+00:00'
[2025-06-14T03:01:13.595+0000] {logging_mixin.py:151} INFO - ----------------------------
[2025-06-14T03:01:13.595+0000] {logging_mixin.py:151} INFO - 146
[2025-06-14T03:01:13.595+0000] {logging_mixin.py:151} INFO - ----------------------------
[2025-06-14T03:01:13.601+0000] {logging_mixin.py:151} INFO - [(3, 7, Decimal('946.29'), Decimal('2.59'), Decimal('171.562377')), (27, 8, Decimal('412.73'), Decimal('3.00'), Decimal('99.0552')), (41, 1, Decimal('855.34'), Decimal('13.96'), Decimal('119.405464')), (20, 8, Decimal('841.06'), Decimal('11.60'), Decimal('780.50368')), (17, 1, Decimal('207.60'), Decimal('14.70'), Decimal('30.51720')), (12, 6, Decimal('255.15'), Decimal('19.41'), Decimal('297.147690')), (43, 8, Decimal('746.10'), Decimal('4.92'), Decimal('293.664960')), (50, 6, Decimal('732.13'), Decimal('17.33'), Decimal('761.268774'))]
[2025-06-14T03:01:13.603+0000] {logging_mixin.py:151} INFO - [(142, 3, 7, Decimal('946.29'), Decimal('2.59'), Decimal('171.562377')), (142, 27, 8, Decimal('412.73'), Decimal('3.00'), Decimal('99.0552')), (142, 41, 1, Decimal('855.34'), Decimal('13.96'), Decimal('119.405464')), (142, 20, 8, Decimal('841.06'), Decimal('11.60'), Decimal('780.50368')), (142, 17, 1, Decimal('207.60'), Decimal('14.70'), Decimal('30.51720')), (142, 12, 6, Decimal('255.15'), Decimal('19.41'), Decimal('297.147690')), (142, 43, 8, Decimal('746.10'), Decimal('4.92'), Decimal('293.664960')), (142, 50, 6, Decimal('732.13'), Decimal('17.33'), Decimal('761.268774'))]
[2025-06-14T03:01:13.604+0000] {logging_mixin.py:151} INFO - Simulation completed successfully!
[2025-06-14T03:01:13.604+0000] {logging_mixin.py:151} INFO - 142
[2025-06-14T03:01:13.604+0000] {python.py:194} INFO - Done. Returned value was: 142
[2025-06-14T03:01:13.638+0000] {taskinstance.py:1398} INFO - Marking task as SUCCESS. dag_id=ecommerce_generate_order_process, task_id=generate_order_process, execution_date=20250614T030012, start_date=20250614T030113, end_date=20250614T030113
[2025-06-14T03:01:13.682+0000] {local_task_job_runner.py:228} INFO - Task exited with return code 0
[2025-06-14T03:01:13.704+0000] {taskinstance.py:2776} INFO - 1 downstream tasks scheduled from follow-on schedule check
