[2025-06-14T02:00:12.418+0000] {taskinstance.py:1157} INFO - Dependencies all met for dep_context=non-requeueable deps ti=<TaskInstance: ecommerce_generate_order_process.generate_order_process scheduled__2025-06-14T01:59:11.775941+00:00 [queued]>
[2025-06-14T02:00:12.427+0000] {taskinstance.py:1157} INFO - Dependencies all met for dep_context=requeueable deps ti=<TaskInstance: ecommerce_generate_order_process.generate_order_process scheduled__2025-06-14T01:59:11.775941+00:00 [queued]>
[2025-06-14T02:00:12.427+0000] {taskinstance.py:1359} INFO - Starting attempt 1 of 6
[2025-06-14T02:00:12.439+0000] {taskinstance.py:1380} INFO - Executing <Task(_PythonDecoratedOperator): generate_order_process> on 2025-06-14 01:59:11.775941+00:00
[2025-06-14T02:00:12.445+0000] {standard_task_runner.py:57} INFO - Started process 1032 to run task
[2025-06-14T02:00:12.447+0000] {standard_task_runner.py:84} INFO - Running: ['***', 'tasks', 'run', 'ecommerce_generate_order_process', 'generate_order_process', 'scheduled__2025-06-14T01:59:11.775941+00:00', '--job-id', '427', '--raw', '--subdir', 'DAGS_FOLDER/generate_order_process.py', '--cfg-path', '/tmp/tmpdv593i_8']
[2025-06-14T02:00:12.449+0000] {standard_task_runner.py:85} INFO - Job 427: Subtask generate_order_process
[2025-06-14T02:00:12.513+0000] {task_command.py:415} INFO - Running <TaskInstance: ecommerce_generate_order_process.generate_order_process scheduled__2025-06-14T01:59:11.775941+00:00 [running]> on host 3498b866135e
[2025-06-14T02:00:12.624+0000] {taskinstance.py:1660} INFO - Exporting env vars: AIRFLOW_CTX_DAG_OWNER='***' AIRFLOW_CTX_DAG_ID='ecommerce_generate_order_process' AIRFLOW_CTX_TASK_ID='generate_order_process' AIRFLOW_CTX_EXECUTION_DATE='2025-06-14T01:59:11.775941+00:00' AIRFLOW_CTX_TRY_NUMBER='1' AIRFLOW_CTX_DAG_RUN_ID='scheduled__2025-06-14T01:59:11.775941+00:00'
[2025-06-14T02:00:12.641+0000] {logging_mixin.py:151} INFO - ----------------------------
[2025-06-14T02:00:12.641+0000] {logging_mixin.py:151} INFO - 111
[2025-06-14T02:00:12.642+0000] {logging_mixin.py:151} INFO - ----------------------------
[2025-06-14T02:00:12.648+0000] {logging_mixin.py:151} INFO - [(34, 5, Decimal('814.83'), Decimal('13.74'), Decimal('559.788210')), (48, 4, Decimal('294.67'), Decimal('17.31'), Decimal('204.029508')), (4, 9, Decimal('38.75'), Decimal('2.09'), Decimal('7.288875')), (28, 7, Decimal('799.39'), Decimal('3.53'), Decimal('197.529269')), (13, 4, Decimal('411.98'), Decimal('16.77'), Decimal('276.356184'))]
[2025-06-14T02:00:12.650+0000] {logging_mixin.py:151} INFO - [(81, 34, 5, Decimal('814.83'), Decimal('13.74'), Decimal('559.788210')), (81, 48, 4, Decimal('294.67'), Decimal('17.31'), Decimal('204.029508')), (81, 4, 9, Decimal('38.75'), Decimal('2.09'), Decimal('7.288875')), (81, 28, 7, Decimal('799.39'), Decimal('3.53'), Decimal('197.529269')), (81, 13, 4, Decimal('411.98'), Decimal('16.77'), Decimal('276.356184'))]
[2025-06-14T02:00:12.651+0000] {logging_mixin.py:151} INFO - Simulation completed successfully!
[2025-06-14T02:00:12.651+0000] {logging_mixin.py:151} INFO - 81
[2025-06-14T02:00:12.651+0000] {python.py:194} INFO - Done. Returned value was: 81
[2025-06-14T02:00:12.689+0000] {taskinstance.py:1398} INFO - Marking task as SUCCESS. dag_id=ecommerce_generate_order_process, task_id=generate_order_process, execution_date=20250614T015911, start_date=20250614T020012, end_date=20250614T020012
[2025-06-14T02:00:12.739+0000] {local_task_job_runner.py:228} INFO - Task exited with return code 0
[2025-06-14T02:00:12.767+0000] {taskinstance.py:2776} INFO - 1 downstream tasks scheduled from follow-on schedule check
