[2025-06-13T16:35:33.576+0000] {taskinstance.py:1157} INFO - Dependencies all met for dep_context=non-requeueable deps ti=<TaskInstance: ecommerce_generate_order_process.generate_order_process scheduled__2025-06-13T16:34:31.706122+00:00 [queued]>
[2025-06-13T16:35:33.607+0000] {taskinstance.py:1157} INFO - Dependencies all met for dep_context=requeueable deps ti=<TaskInstance: ecommerce_generate_order_process.generate_order_process scheduled__2025-06-13T16:34:31.706122+00:00 [queued]>
[2025-06-13T16:35:33.608+0000] {taskinstance.py:1359} INFO - Starting attempt 1 of 6
[2025-06-13T16:35:33.650+0000] {taskinstance.py:1380} INFO - Executing <Task(_PythonDecoratedOperator): generate_order_process> on 2025-06-13 16:34:31.706122+00:00
[2025-06-13T16:35:33.666+0000] {standard_task_runner.py:57} INFO - Started process 4151 to run task
[2025-06-13T16:35:33.673+0000] {standard_task_runner.py:84} INFO - Running: ['***', 'tasks', 'run', 'ecommerce_generate_order_process', 'generate_order_process', 'scheduled__2025-06-13T16:34:31.706122+00:00', '--job-id', '250', '--raw', '--subdir', 'DAGS_FOLDER/generate_order_process.py', '--cfg-path', '/tmp/tmpo_47k0r2']
[2025-06-13T16:35:33.679+0000] {standard_task_runner.py:85} INFO - Job 250: Subtask generate_order_process
[2025-06-13T16:35:33.872+0000] {task_command.py:415} INFO - Running <TaskInstance: ecommerce_generate_order_process.generate_order_process scheduled__2025-06-13T16:34:31.706122+00:00 [running]> on host 3498b866135e
[2025-06-13T16:35:34.234+0000] {taskinstance.py:1660} INFO - Exporting env vars: AIRFLOW_CTX_DAG_OWNER='***' AIRFLOW_CTX_DAG_ID='ecommerce_generate_order_process' AIRFLOW_CTX_TASK_ID='generate_order_process' AIRFLOW_CTX_EXECUTION_DATE='2025-06-13T16:34:31.706122+00:00' AIRFLOW_CTX_TRY_NUMBER='1' AIRFLOW_CTX_DAG_RUN_ID='scheduled__2025-06-13T16:34:31.706122+00:00'
[2025-06-13T16:35:34.283+0000] {logging_mixin.py:151} INFO - ----------------------------
[2025-06-13T16:35:34.283+0000] {logging_mixin.py:151} INFO - 22
[2025-06-13T16:35:34.284+0000] {logging_mixin.py:151} INFO - ----------------------------
[2025-06-13T16:35:34.305+0000] {logging_mixin.py:151} INFO - [(20, 8, Decimal('841.06'), Decimal('11.60'), Decimal('780.50368')), (17, 1, Decimal('207.60'), Decimal('14.70'), Decimal('30.51720')), (15, 7, Decimal('523.55'), Decimal('19.06'), Decimal('698.520410')), (5, 8, Decimal('699.65'), Decimal('8.21'), Decimal('459.530120')), (24, 1, Decimal('387.14'), Decimal('4.66'), Decimal('18.040724')), (23, 1, Decimal('521.30'), Decimal('16.80'), Decimal('87.57840')), (16, 7, Decimal('266.44'), Decimal('7.11'), Decimal('132.607188')), (8, 1, Decimal('130.57'), Decimal('13.94'), Decimal('18.201458')), (10, 4, Decimal('598.05'), Decimal('10.18'), Decimal('243.525960'))]
[2025-06-13T16:35:34.312+0000] {logging_mixin.py:151} INFO - [(48, 20, 8, Decimal('841.06'), Decimal('11.60'), Decimal('780.50368')), (48, 17, 1, Decimal('207.60'), Decimal('14.70'), Decimal('30.51720')), (48, 15, 7, Decimal('523.55'), Decimal('19.06'), Decimal('698.520410')), (48, 5, 8, Decimal('699.65'), Decimal('8.21'), Decimal('459.530120')), (48, 24, 1, Decimal('387.14'), Decimal('4.66'), Decimal('18.040724')), (48, 23, 1, Decimal('521.30'), Decimal('16.80'), Decimal('87.57840')), (48, 16, 7, Decimal('266.44'), Decimal('7.11'), Decimal('132.607188')), (48, 8, 1, Decimal('130.57'), Decimal('13.94'), Decimal('18.201458')), (48, 10, 4, Decimal('598.05'), Decimal('10.18'), Decimal('243.525960'))]
[2025-06-13T16:35:34.314+0000] {logging_mixin.py:151} INFO - Simulation completed successfully!
[2025-06-13T16:35:34.314+0000] {logging_mixin.py:151} INFO - 48
[2025-06-13T16:35:34.315+0000] {python.py:194} INFO - Done. Returned value was: 48
[2025-06-13T16:35:34.439+0000] {taskinstance.py:1398} INFO - Marking task as SUCCESS. dag_id=ecommerce_generate_order_process, task_id=generate_order_process, execution_date=20250613T163431, start_date=20250613T163533, end_date=20250613T163534
[2025-06-13T16:35:34.486+0000] {local_task_job_runner.py:228} INFO - Task exited with return code 0
[2025-06-13T16:35:34.529+0000] {taskinstance.py:2776} INFO - 1 downstream tasks scheduled from follow-on schedule check
