[2025-06-13T16:11:33.466+0000] {taskinstance.py:1157} INFO - Dependencies all met for dep_context=non-requeueable deps ti=<TaskInstance: ecommerce_generate_order_process.generate_order_process scheduled__2025-06-13T16:10:31.606904+00:00 [queued]>
[2025-06-13T16:11:33.479+0000] {taskinstance.py:1157} INFO - Dependencies all met for dep_context=requeueable deps ti=<TaskInstance: ecommerce_generate_order_process.generate_order_process scheduled__2025-06-13T16:10:31.606904+00:00 [queued]>
[2025-06-13T16:11:33.480+0000] {taskinstance.py:1359} INFO - Starting attempt 1 of 6
[2025-06-13T16:11:33.499+0000] {taskinstance.py:1380} INFO - Executing <Task(_PythonDecoratedOperator): generate_order_process> on 2025-06-13 16:10:31.606904+00:00
[2025-06-13T16:11:33.507+0000] {standard_task_runner.py:57} INFO - Started process 2031 to run task
[2025-06-13T16:11:33.511+0000] {standard_task_runner.py:84} INFO - Running: ['***', 'tasks', 'run', 'ecommerce_generate_order_process', 'generate_order_process', 'scheduled__2025-06-13T16:10:31.606904+00:00', '--job-id', '130', '--raw', '--subdir', 'DAGS_FOLDER/generate_order_process.py', '--cfg-path', '/tmp/tmp9fde_xrv']
[2025-06-13T16:11:33.515+0000] {standard_task_runner.py:85} INFO - Job 130: Subtask generate_order_process
[2025-06-13T16:11:33.616+0000] {task_command.py:415} INFO - Running <TaskInstance: ecommerce_generate_order_process.generate_order_process scheduled__2025-06-13T16:10:31.606904+00:00 [running]> on host 3498b866135e
[2025-06-13T16:11:33.810+0000] {taskinstance.py:1660} INFO - Exporting env vars: AIRFLOW_CTX_DAG_OWNER='***' AIRFLOW_CTX_DAG_ID='ecommerce_generate_order_process' AIRFLOW_CTX_TASK_ID='generate_order_process' AIRFLOW_CTX_EXECUTION_DATE='2025-06-13T16:10:31.606904+00:00' AIRFLOW_CTX_TRY_NUMBER='1' AIRFLOW_CTX_DAG_RUN_ID='scheduled__2025-06-13T16:10:31.606904+00:00'
[2025-06-13T16:11:33.834+0000] {logging_mixin.py:151} INFO - ----------------------------
[2025-06-13T16:11:33.835+0000] {logging_mixin.py:151} INFO - 19
[2025-06-13T16:11:33.835+0000] {logging_mixin.py:151} INFO - ----------------------------
[2025-06-13T16:11:33.853+0000] {logging_mixin.py:151} INFO - [(11, 4, Decimal('668.03'), Decimal('3.23'), Decimal('86.309476')), (3, 7, Decimal('946.29'), Decimal('2.59'), Decimal('171.562377')), (15, 7, Decimal('523.55'), Decimal('19.06'), Decimal('698.520410')), (2, 1, Decimal('925.46'), Decimal('2.62'), Decimal('24.247052')), (19, 8, Decimal('665.31'), Decimal('4.02'), Decimal('213.963696')), (16, 7, Decimal('266.44'), Decimal('7.11'), Decimal('132.607188')), (9, 4, Decimal('724.69'), Decimal('11.61'), Decimal('336.546036')), (5, 8, Decimal('699.65'), Decimal('8.21'), Decimal('459.530120')), (1, 1, Decimal('802.42'), Decimal('3.53'), Decimal('28.325426'))]
[2025-06-13T16:11:33.859+0000] {logging_mixin.py:151} INFO - [(24, 11, 4, Decimal('668.03'), Decimal('3.23'), Decimal('86.309476')), (24, 3, 7, Decimal('946.29'), Decimal('2.59'), Decimal('171.562377')), (24, 15, 7, Decimal('523.55'), Decimal('19.06'), Decimal('698.520410')), (24, 2, 1, Decimal('925.46'), Decimal('2.62'), Decimal('24.247052')), (24, 19, 8, Decimal('665.31'), Decimal('4.02'), Decimal('213.963696')), (24, 16, 7, Decimal('266.44'), Decimal('7.11'), Decimal('132.607188')), (24, 9, 4, Decimal('724.69'), Decimal('11.61'), Decimal('336.546036')), (24, 5, 8, Decimal('699.65'), Decimal('8.21'), Decimal('459.530120')), (24, 1, 1, Decimal('802.42'), Decimal('3.53'), Decimal('28.325426'))]
[2025-06-13T16:11:33.861+0000] {logging_mixin.py:151} INFO - Simulation completed successfully!
[2025-06-13T16:11:33.862+0000] {logging_mixin.py:151} INFO - 24
[2025-06-13T16:11:33.862+0000] {python.py:194} INFO - Done. Returned value was: 24
[2025-06-13T16:11:33.938+0000] {taskinstance.py:1398} INFO - Marking task as SUCCESS. dag_id=ecommerce_generate_order_process, task_id=generate_order_process, execution_date=20250613T161031, start_date=20250613T161133, end_date=20250613T161133
[2025-06-13T16:11:33.965+0000] {local_task_job_runner.py:228} INFO - Task exited with return code 0
[2025-06-13T16:11:34.023+0000] {taskinstance.py:2776} INFO - 1 downstream tasks scheduled from follow-on schedule check
