[2025-06-14T03:43:12.676+0000] {taskinstance.py:1157} INFO - Dependencies all met for dep_context=non-requeueable deps ti=<TaskInstance: ecommerce_generate_order_process.generate_order_process scheduled__2025-06-14T03:42:12.130199+00:00 [queued]>
[2025-06-14T03:43:12.683+0000] {taskinstance.py:1157} INFO - Dependencies all met for dep_context=requeueable deps ti=<TaskInstance: ecommerce_generate_order_process.generate_order_process scheduled__2025-06-14T03:42:12.130199+00:00 [queued]>
[2025-06-14T03:43:12.683+0000] {taskinstance.py:1359} INFO - Starting attempt 1 of 6
[2025-06-14T03:43:12.693+0000] {taskinstance.py:1380} INFO - Executing <Task(_PythonDecoratedOperator): generate_order_process> on 2025-06-14 03:42:12.130199+00:00
[2025-06-14T03:43:12.698+0000] {standard_task_runner.py:57} INFO - Started process 10106 to run task
[2025-06-14T03:43:12.700+0000] {standard_task_runner.py:84} INFO - Running: ['***', 'tasks', 'run', 'ecommerce_generate_order_process', 'generate_order_process', 'scheduled__2025-06-14T03:42:12.130199+00:00', '--job-id', '944', '--raw', '--subdir', 'DAGS_FOLDER/generate_order_process.py', '--cfg-path', '/tmp/tmp9146rlxv']
[2025-06-14T03:43:12.702+0000] {standard_task_runner.py:85} INFO - Job 944: Subtask generate_order_process
[2025-06-14T03:43:12.749+0000] {task_command.py:415} INFO - Running <TaskInstance: ecommerce_generate_order_process.generate_order_process scheduled__2025-06-14T03:42:12.130199+00:00 [running]> on host 3498b866135e
[2025-06-14T03:43:12.836+0000] {taskinstance.py:1660} INFO - Exporting env vars: AIRFLOW_CTX_DAG_OWNER='***' AIRFLOW_CTX_DAG_ID='ecommerce_generate_order_process' AIRFLOW_CTX_TASK_ID='generate_order_process' AIRFLOW_CTX_EXECUTION_DATE='2025-06-14T03:42:12.130199+00:00' AIRFLOW_CTX_TRY_NUMBER='1' AIRFLOW_CTX_DAG_RUN_ID='scheduled__2025-06-14T03:42:12.130199+00:00'
[2025-06-14T03:43:12.848+0000] {logging_mixin.py:151} INFO - ----------------------------
[2025-06-14T03:43:12.848+0000] {logging_mixin.py:151} INFO - 147
[2025-06-14T03:43:12.848+0000] {logging_mixin.py:151} INFO - ----------------------------
[2025-06-14T03:43:12.854+0000] {logging_mixin.py:151} INFO - [(11, 4, Decimal('668.03'), Decimal('3.23'), Decimal('86.309476')), (3, 7, Decimal('946.29'), Decimal('2.59'), Decimal('171.562377')), (32, 8, Decimal('133.92'), Decimal('4.07'), Decimal('43.604352')), (28, 7, Decimal('799.39'), Decimal('3.53'), Decimal('197.529269')), (22, 1, Decimal('429.81'), Decimal('5.21'), Decimal('22.393101')), (46, 9, Decimal('279.46'), Decimal('19.12'), Decimal('480.894768')), (29, 5, Decimal('201.03'), Decimal('16.88'), Decimal('169.669320'))]
[2025-06-14T03:43:12.856+0000] {logging_mixin.py:151} INFO - [(184, 11, 4, Decimal('668.03'), Decimal('3.23'), Decimal('86.309476')), (184, 3, 7, Decimal('946.29'), Decimal('2.59'), Decimal('171.562377')), (184, 32, 8, Decimal('133.92'), Decimal('4.07'), Decimal('43.604352')), (184, 28, 7, Decimal('799.39'), Decimal('3.53'), Decimal('197.529269')), (184, 22, 1, Decimal('429.81'), Decimal('5.21'), Decimal('22.393101')), (184, 46, 9, Decimal('279.46'), Decimal('19.12'), Decimal('480.894768')), (184, 29, 5, Decimal('201.03'), Decimal('16.88'), Decimal('169.669320'))]
[2025-06-14T03:43:12.857+0000] {logging_mixin.py:151} INFO - Simulation completed successfully!
[2025-06-14T03:43:12.857+0000] {logging_mixin.py:151} INFO - 184
[2025-06-14T03:43:12.857+0000] {python.py:194} INFO - Done. Returned value was: 184
[2025-06-14T03:43:12.886+0000] {taskinstance.py:1398} INFO - Marking task as SUCCESS. dag_id=ecommerce_generate_order_process, task_id=generate_order_process, execution_date=20250614T034212, start_date=20250614T034312, end_date=20250614T034312
[2025-06-14T03:43:12.912+0000] {local_task_job_runner.py:228} INFO - Task exited with return code 0
[2025-06-14T03:43:12.935+0000] {taskinstance.py:2776} INFO - 1 downstream tasks scheduled from follow-on schedule check
