[2025-06-13T16:13:33.500+0000] {taskinstance.py:1157} INFO - Dependencies all met for dep_context=non-requeueable deps ti=<TaskInstance: ecommerce_generate_order_process.generate_order_process scheduled__2025-06-13T16:12:31.606904+00:00 [queued]>
[2025-06-13T16:13:33.534+0000] {taskinstance.py:1157} INFO - Dependencies all met for dep_context=requeueable deps ti=<TaskInstance: ecommerce_generate_order_process.generate_order_process scheduled__2025-06-13T16:12:31.606904+00:00 [queued]>
[2025-06-13T16:13:33.536+0000] {taskinstance.py:1359} INFO - Starting attempt 1 of 6
[2025-06-13T16:13:33.595+0000] {taskinstance.py:1380} INFO - Executing <Task(_PythonDecoratedOperator): generate_order_process> on 2025-06-13 16:12:31.606904+00:00
[2025-06-13T16:13:33.614+0000] {standard_task_runner.py:57} INFO - Started process 2211 to run task
[2025-06-13T16:13:33.623+0000] {standard_task_runner.py:84} INFO - Running: ['***', 'tasks', 'run', 'ecommerce_generate_order_process', 'generate_order_process', 'scheduled__2025-06-13T16:12:31.606904+00:00', '--job-id', '140', '--raw', '--subdir', 'DAGS_FOLDER/generate_order_process.py', '--cfg-path', '/tmp/tmpwohsepss']
[2025-06-13T16:13:33.631+0000] {standard_task_runner.py:85} INFO - Job 140: Subtask generate_order_process
[2025-06-13T16:13:33.928+0000] {task_command.py:415} INFO - Running <TaskInstance: ecommerce_generate_order_process.generate_order_process scheduled__2025-06-13T16:12:31.606904+00:00 [running]> on host 3498b866135e
[2025-06-13T16:13:34.142+0000] {taskinstance.py:1660} INFO - Exporting env vars: AIRFLOW_CTX_DAG_OWNER='***' AIRFLOW_CTX_DAG_ID='ecommerce_generate_order_process' AIRFLOW_CTX_TASK_ID='generate_order_process' AIRFLOW_CTX_EXECUTION_DATE='2025-06-13T16:12:31.606904+00:00' AIRFLOW_CTX_TRY_NUMBER='1' AIRFLOW_CTX_DAG_RUN_ID='scheduled__2025-06-13T16:12:31.606904+00:00'
[2025-06-13T16:13:34.165+0000] {logging_mixin.py:151} INFO - ----------------------------
[2025-06-13T16:13:34.165+0000] {logging_mixin.py:151} INFO - 17
[2025-06-13T16:13:34.165+0000] {logging_mixin.py:151} INFO - ----------------------------
[2025-06-13T16:13:34.178+0000] {logging_mixin.py:151} INFO - [(3, 7, Decimal('946.29'), Decimal('2.59'), Decimal('171.562377')), (12, 6, Decimal('255.15'), Decimal('19.41'), Decimal('297.147690')), (25, 2, Decimal('34.67'), Decimal('5.72'), Decimal('3.966248'))]
[2025-06-13T16:13:34.182+0000] {logging_mixin.py:151} INFO - [(26, 3, 7, Decimal('946.29'), Decimal('2.59'), Decimal('171.562377')), (26, 12, 6, Decimal('255.15'), Decimal('19.41'), Decimal('297.147690')), (26, 25, 2, Decimal('34.67'), Decimal('5.72'), Decimal('3.966248'))]
[2025-06-13T16:13:34.183+0000] {logging_mixin.py:151} INFO - Simulation completed successfully!
[2025-06-13T16:13:34.183+0000] {logging_mixin.py:151} INFO - 26
[2025-06-13T16:13:34.184+0000] {python.py:194} INFO - Done. Returned value was: 26
[2025-06-13T16:13:34.260+0000] {taskinstance.py:1398} INFO - Marking task as SUCCESS. dag_id=ecommerce_generate_order_process, task_id=generate_order_process, execution_date=20250613T161231, start_date=20250613T161333, end_date=20250613T161334
[2025-06-13T16:13:34.316+0000] {local_task_job_runner.py:228} INFO - Task exited with return code 0
[2025-06-13T16:13:34.369+0000] {taskinstance.py:2776} INFO - 1 downstream tasks scheduled from follow-on schedule check
