[2025-06-14T04:19:13.103+0000] {taskinstance.py:1157} INFO - Dependencies all met for dep_context=non-requeueable deps ti=<TaskInstance: ecommerce_generate_order_process.generate_order_process scheduled__2025-06-14T04:18:12.130199+00:00 [queued]>
[2025-06-14T04:19:13.111+0000] {taskinstance.py:1157} INFO - Dependencies all met for dep_context=requeueable deps ti=<TaskInstance: ecommerce_generate_order_process.generate_order_process scheduled__2025-06-14T04:18:12.130199+00:00 [queued]>
[2025-06-14T04:19:13.111+0000] {taskinstance.py:1359} INFO - Starting attempt 1 of 6
[2025-06-14T04:19:13.125+0000] {taskinstance.py:1380} INFO - Executing <Task(_PythonDecoratedOperator): generate_order_process> on 2025-06-14 04:18:12.130199+00:00
[2025-06-14T04:19:13.132+0000] {standard_task_runner.py:57} INFO - Started process 13281 to run task
[2025-06-14T04:19:13.135+0000] {standard_task_runner.py:84} INFO - Running: ['***', 'tasks', 'run', 'ecommerce_generate_order_process', 'generate_order_process', 'scheduled__2025-06-14T04:18:12.130199+00:00', '--job-id', '1124', '--raw', '--subdir', 'DAGS_FOLDER/generate_order_process.py', '--cfg-path', '/tmp/tmpm41so_lr']
[2025-06-14T04:19:13.137+0000] {standard_task_runner.py:85} INFO - Job 1124: Subtask generate_order_process
[2025-06-14T04:19:13.200+0000] {task_command.py:415} INFO - Running <TaskInstance: ecommerce_generate_order_process.generate_order_process scheduled__2025-06-14T04:18:12.130199+00:00 [running]> on host 3498b866135e
[2025-06-14T04:19:13.305+0000] {taskinstance.py:1660} INFO - Exporting env vars: AIRFLOW_CTX_DAG_OWNER='***' AIRFLOW_CTX_DAG_ID='ecommerce_generate_order_process' AIRFLOW_CTX_TASK_ID='generate_order_process' AIRFLOW_CTX_EXECUTION_DATE='2025-06-14T04:18:12.130199+00:00' AIRFLOW_CTX_TRY_NUMBER='1' AIRFLOW_CTX_DAG_RUN_ID='scheduled__2025-06-14T04:18:12.130199+00:00'
[2025-06-14T04:19:13.319+0000] {logging_mixin.py:151} INFO - ----------------------------
[2025-06-14T04:19:13.319+0000] {logging_mixin.py:151} INFO - 35
[2025-06-14T04:19:13.319+0000] {logging_mixin.py:151} INFO - ----------------------------
[2025-06-14T04:19:13.325+0000] {logging_mixin.py:151} INFO - [(40, 4, Decimal('700.78'), Decimal('16.51'), Decimal('462.795112')), (43, 8, Decimal('746.10'), Decimal('4.92'), Decimal('293.664960')), (17, 1, Decimal('207.60'), Decimal('14.70'), Decimal('30.51720')), (38, 4, Decimal('79.94'), Decimal('0.52'), Decimal('1.662752')), (49, 8, Decimal('42.29'), Decimal('1.49'), Decimal('5.040968'))]
[2025-06-14T04:19:13.326+0000] {logging_mixin.py:151} INFO - [(220, 40, 4, Decimal('700.78'), Decimal('16.51'), Decimal('462.795112')), (220, 43, 8, Decimal('746.10'), Decimal('4.92'), Decimal('293.664960')), (220, 17, 1, Decimal('207.60'), Decimal('14.70'), Decimal('30.51720')), (220, 38, 4, Decimal('79.94'), Decimal('0.52'), Decimal('1.662752')), (220, 49, 8, Decimal('42.29'), Decimal('1.49'), Decimal('5.040968'))]
[2025-06-14T04:19:13.327+0000] {logging_mixin.py:151} INFO - Simulation completed successfully!
[2025-06-14T04:19:13.327+0000] {logging_mixin.py:151} INFO - 220
[2025-06-14T04:19:13.327+0000] {python.py:194} INFO - Done. Returned value was: 220
[2025-06-14T04:19:13.360+0000] {taskinstance.py:1398} INFO - Marking task as SUCCESS. dag_id=ecommerce_generate_order_process, task_id=generate_order_process, execution_date=20250614T041812, start_date=20250614T041913, end_date=20250614T041913
[2025-06-14T04:19:13.386+0000] {local_task_job_runner.py:228} INFO - Task exited with return code 0
[2025-06-14T04:19:13.409+0000] {taskinstance.py:2776} INFO - 1 downstream tasks scheduled from follow-on schedule check
