[2025-06-14T02:16:13.238+0000] {taskinstance.py:1157} INFO - Dependencies all met for dep_context=non-requeueable deps ti=<TaskInstance: ecommerce_generate_order_process.generate_order_process scheduled__2025-06-14T02:15:11.775941+00:00 [queued]>
[2025-06-14T02:16:13.246+0000] {taskinstance.py:1157} INFO - Dependencies all met for dep_context=requeueable deps ti=<TaskInstance: ecommerce_generate_order_process.generate_order_process scheduled__2025-06-14T02:15:11.775941+00:00 [queued]>
[2025-06-14T02:16:13.246+0000] {taskinstance.py:1359} INFO - Starting attempt 1 of 6
[2025-06-14T02:16:13.257+0000] {taskinstance.py:1380} INFO - Executing <Task(_PythonDecoratedOperator): generate_order_process> on 2025-06-14 02:15:11.775941+00:00
[2025-06-14T02:16:13.262+0000] {standard_task_runner.py:57} INFO - Started process 2436 to run task
[2025-06-14T02:16:13.264+0000] {standard_task_runner.py:84} INFO - Running: ['***', 'tasks', 'run', 'ecommerce_generate_order_process', 'generate_order_process', 'scheduled__2025-06-14T02:15:11.775941+00:00', '--job-id', '509', '--raw', '--subdir', 'DAGS_FOLDER/generate_order_process.py', '--cfg-path', '/tmp/tmpxiacgi5l']
[2025-06-14T02:16:13.266+0000] {standard_task_runner.py:85} INFO - Job 509: Subtask generate_order_process
[2025-06-14T02:16:13.317+0000] {task_command.py:415} INFO - Running <TaskInstance: ecommerce_generate_order_process.generate_order_process scheduled__2025-06-14T02:15:11.775941+00:00 [running]> on host 3498b866135e
[2025-06-14T02:16:13.408+0000] {taskinstance.py:1660} INFO - Exporting env vars: AIRFLOW_CTX_DAG_OWNER='***' AIRFLOW_CTX_DAG_ID='ecommerce_generate_order_process' AIRFLOW_CTX_TASK_ID='generate_order_process' AIRFLOW_CTX_EXECUTION_DATE='2025-06-14T02:15:11.775941+00:00' AIRFLOW_CTX_TRY_NUMBER='1' AIRFLOW_CTX_DAG_RUN_ID='scheduled__2025-06-14T02:15:11.775941+00:00'
[2025-06-14T02:16:13.419+0000] {logging_mixin.py:151} INFO - ----------------------------
[2025-06-14T02:16:13.419+0000] {logging_mixin.py:151} INFO - 23
[2025-06-14T02:16:13.419+0000] {logging_mixin.py:151} INFO - ----------------------------
[2025-06-14T02:16:13.426+0000] {logging_mixin.py:151} INFO - [(32, 8, Decimal('133.92'), Decimal('4.07'), Decimal('43.604352')), (29, 5, Decimal('201.03'), Decimal('16.88'), Decimal('169.669320')), (33, 9, Decimal('508.62'), Decimal('3.37'), Decimal('154.264446')), (7, 6, Decimal('875.57'), Decimal('8.85'), Decimal('464.927670')), (15, 7, Decimal('523.55'), Decimal('19.06'), Decimal('698.520410')), (31, 6, Decimal('878.54'), Decimal('16.74'), Decimal('882.405576')), (43, 8, Decimal('746.10'), Decimal('4.92'), Decimal('293.664960'))]
[2025-06-14T02:16:13.427+0000] {logging_mixin.py:151} INFO - [(97, 32, 8, Decimal('133.92'), Decimal('4.07'), Decimal('43.604352')), (97, 29, 5, Decimal('201.03'), Decimal('16.88'), Decimal('169.669320')), (97, 33, 9, Decimal('508.62'), Decimal('3.37'), Decimal('154.264446')), (97, 7, 6, Decimal('875.57'), Decimal('8.85'), Decimal('464.927670')), (97, 15, 7, Decimal('523.55'), Decimal('19.06'), Decimal('698.520410')), (97, 31, 6, Decimal('878.54'), Decimal('16.74'), Decimal('882.405576')), (97, 43, 8, Decimal('746.10'), Decimal('4.92'), Decimal('293.664960'))]
[2025-06-14T02:16:13.428+0000] {logging_mixin.py:151} INFO - Simulation completed successfully!
[2025-06-14T02:16:13.428+0000] {logging_mixin.py:151} INFO - 97
[2025-06-14T02:16:13.428+0000] {python.py:194} INFO - Done. Returned value was: 97
[2025-06-14T02:16:13.458+0000] {taskinstance.py:1398} INFO - Marking task as SUCCESS. dag_id=ecommerce_generate_order_process, task_id=generate_order_process, execution_date=20250614T021511, start_date=20250614T021613, end_date=20250614T021613
[2025-06-14T02:16:13.476+0000] {local_task_job_runner.py:228} INFO - Task exited with return code 0
[2025-06-14T02:16:13.498+0000] {taskinstance.py:2776} INFO - 1 downstream tasks scheduled from follow-on schedule check
