[2025-06-13T13:15:45.648+0000] {taskinstance.py:1157} INFO - Dependencies all met for dep_context=non-requeueable deps ti=<TaskInstance: ecommerce_generate_category.generate_category scheduled__2025-06-01T00:00:00+00:00 [queued]>
[2025-06-13T13:15:45.673+0000] {taskinstance.py:1157} INFO - Dependencies all met for dep_context=requeueable deps ti=<TaskInstance: ecommerce_generate_category.generate_category scheduled__2025-06-01T00:00:00+00:00 [queued]>
[2025-06-13T13:15:45.674+0000] {taskinstance.py:1359} INFO - Starting attempt 1 of 4
[2025-06-13T13:15:45.745+0000] {taskinstance.py:1380} INFO - Executing <Task(PythonOperator): generate_category> on 2025-06-01 00:00:00+00:00
[2025-06-13T13:15:45.760+0000] {standard_task_runner.py:57} INFO - Started process 249 to run task
[2025-06-13T13:15:45.769+0000] {standard_task_runner.py:84} INFO - Running: ['***', 'tasks', 'run', 'ecommerce_generate_category', 'generate_category', 'scheduled__2025-06-01T00:00:00+00:00', '--job-id', '5', '--raw', '--subdir', 'DAGS_FOLDER/generate_category.py', '--cfg-path', '/tmp/tmp4jtw91sc']
[2025-06-13T13:15:45.773+0000] {standard_task_runner.py:85} INFO - Job 5: Subtask generate_category
[2025-06-13T13:15:46.151+0000] {task_command.py:415} INFO - Running <TaskInstance: ecommerce_generate_category.generate_category scheduled__2025-06-01T00:00:00+00:00 [running]> on host 1505abd3baf2
[2025-06-13T13:15:46.971+0000] {taskinstance.py:1660} INFO - Exporting env vars: AIRFLOW_CTX_DAG_OWNER='***' AIRFLOW_CTX_DAG_ID='ecommerce_generate_category' AIRFLOW_CTX_TASK_ID='generate_category' AIRFLOW_CTX_EXECUTION_DATE='2025-06-01T00:00:00+00:00' AIRFLOW_CTX_TRY_NUMBER='1' AIRFLOW_CTX_DAG_RUN_ID='scheduled__2025-06-01T00:00:00+00:00'
[2025-06-13T13:15:47.353+0000] {python.py:194} INFO - Done. Returned value was: None
[2025-06-13T13:15:47.410+0000] {taskinstance.py:1398} INFO - Marking task as SUCCESS. dag_id=ecommerce_generate_category, task_id=generate_category, execution_date=20250601T000000, start_date=20250613T131545, end_date=20250613T131547
[2025-06-13T13:15:47.513+0000] {local_task_job_runner.py:228} INFO - Task exited with return code 0
[2025-06-13T13:15:47.659+0000] {taskinstance.py:2776} INFO - 0 downstream tasks scheduled from follow-on schedule check
[2025-06-13T13:19:00.879+0000] {taskinstance.py:1157} INFO - Dependencies all met for dep_context=non-requeueable deps ti=<TaskInstance: ecommerce_generate_category.generate_category scheduled__2025-06-01T00:00:00+00:00 [queued]>
[2025-06-13T13:19:00.905+0000] {taskinstance.py:1157} INFO - Dependencies all met for dep_context=requeueable deps ti=<TaskInstance: ecommerce_generate_category.generate_category scheduled__2025-06-01T00:00:00+00:00 [queued]>
[2025-06-13T13:19:00.905+0000] {taskinstance.py:1359} INFO - Starting attempt 1 of 4
[2025-06-13T13:19:00.945+0000] {taskinstance.py:1380} INFO - Executing <Task(PythonOperator): generate_category> on 2025-06-01 00:00:00+00:00
[2025-06-13T13:19:00.961+0000] {standard_task_runner.py:57} INFO - Started process 225 to run task
[2025-06-13T13:19:00.971+0000] {standard_task_runner.py:84} INFO - Running: ['***', 'tasks', 'run', 'ecommerce_generate_category', 'generate_category', 'scheduled__2025-06-01T00:00:00+00:00', '--job-id', '7', '--raw', '--subdir', 'DAGS_FOLDER/generate_category.py', '--cfg-path', '/tmp/tmpw1srhe2e']
[2025-06-13T13:19:00.977+0000] {standard_task_runner.py:85} INFO - Job 7: Subtask generate_category
[2025-06-13T13:19:01.312+0000] {task_command.py:415} INFO - Running <TaskInstance: ecommerce_generate_category.generate_category scheduled__2025-06-01T00:00:00+00:00 [running]> on host ad52f0edf798
[2025-06-13T13:19:02.021+0000] {taskinstance.py:1660} INFO - Exporting env vars: AIRFLOW_CTX_DAG_OWNER='***' AIRFLOW_CTX_DAG_ID='ecommerce_generate_category' AIRFLOW_CTX_TASK_ID='generate_category' AIRFLOW_CTX_EXECUTION_DATE='2025-06-01T00:00:00+00:00' AIRFLOW_CTX_TRY_NUMBER='1' AIRFLOW_CTX_DAG_RUN_ID='scheduled__2025-06-01T00:00:00+00:00'
[2025-06-13T13:19:02.896+0000] {python.py:194} INFO - Done. Returned value was: None
[2025-06-13T13:19:02.949+0000] {taskinstance.py:1398} INFO - Marking task as SUCCESS. dag_id=ecommerce_generate_category, task_id=generate_category, execution_date=20250601T000000, start_date=20250613T131900, end_date=20250613T131902
[2025-06-13T13:19:03.067+0000] {local_task_job_runner.py:228} INFO - Task exited with return code 0
[2025-06-13T13:19:03.218+0000] {taskinstance.py:2776} INFO - 0 downstream tasks scheduled from follow-on schedule check
[2025-06-13T13:24:37.929+0000] {taskinstance.py:1157} INFO - Dependencies all met for dep_context=non-requeueable deps ti=<TaskInstance: ecommerce_generate_category.generate_category scheduled__2025-06-01T00:00:00+00:00 [queued]>
[2025-06-13T13:24:37.970+0000] {taskinstance.py:1157} INFO - Dependencies all met for dep_context=requeueable deps ti=<TaskInstance: ecommerce_generate_category.generate_category scheduled__2025-06-01T00:00:00+00:00 [queued]>
[2025-06-13T13:24:37.970+0000] {taskinstance.py:1359} INFO - Starting attempt 1 of 4
[2025-06-13T13:24:38.011+0000] {taskinstance.py:1380} INFO - Executing <Task(PythonOperator): generate_category> on 2025-06-01 00:00:00+00:00
[2025-06-13T13:24:38.023+0000] {standard_task_runner.py:57} INFO - Started process 226 to run task
[2025-06-13T13:24:38.034+0000] {standard_task_runner.py:84} INFO - Running: ['***', 'tasks', 'run', 'ecommerce_generate_category', 'generate_category', 'scheduled__2025-06-01T00:00:00+00:00', '--job-id', '5', '--raw', '--subdir', 'DAGS_FOLDER/generate_category.py', '--cfg-path', '/tmp/tmp8k735bki']
[2025-06-13T13:24:38.052+0000] {standard_task_runner.py:85} INFO - Job 5: Subtask generate_category
[2025-06-13T13:24:38.417+0000] {task_command.py:415} INFO - Running <TaskInstance: ecommerce_generate_category.generate_category scheduled__2025-06-01T00:00:00+00:00 [running]> on host 3ddb9b5ffd69
[2025-06-13T13:24:39.009+0000] {taskinstance.py:1660} INFO - Exporting env vars: AIRFLOW_CTX_DAG_OWNER='***' AIRFLOW_CTX_DAG_ID='ecommerce_generate_category' AIRFLOW_CTX_TASK_ID='generate_category' AIRFLOW_CTX_EXECUTION_DATE='2025-06-01T00:00:00+00:00' AIRFLOW_CTX_TRY_NUMBER='1' AIRFLOW_CTX_DAG_RUN_ID='scheduled__2025-06-01T00:00:00+00:00'
[2025-06-13T13:24:39.215+0000] {python.py:194} INFO - Done. Returned value was: None
[2025-06-13T13:24:39.301+0000] {taskinstance.py:1398} INFO - Marking task as SUCCESS. dag_id=ecommerce_generate_category, task_id=generate_category, execution_date=20250601T000000, start_date=20250613T132437, end_date=20250613T132439
[2025-06-13T13:24:39.493+0000] {local_task_job_runner.py:228} INFO - Task exited with return code 0
[2025-06-13T13:24:39.660+0000] {taskinstance.py:2776} INFO - 0 downstream tasks scheduled from follow-on schedule check
[2025-06-13T13:35:44.752+0000] {taskinstance.py:1157} INFO - Dependencies all met for dep_context=non-requeueable deps ti=<TaskInstance: ecommerce_generate_category.generate_category scheduled__2025-06-01T00:00:00+00:00 [queued]>
[2025-06-13T13:35:44.787+0000] {taskinstance.py:1157} INFO - Dependencies all met for dep_context=requeueable deps ti=<TaskInstance: ecommerce_generate_category.generate_category scheduled__2025-06-01T00:00:00+00:00 [queued]>
[2025-06-13T13:35:44.787+0000] {taskinstance.py:1359} INFO - Starting attempt 1 of 4
[2025-06-13T13:35:44.849+0000] {taskinstance.py:1380} INFO - Executing <Task(PythonOperator): generate_category> on 2025-06-01 00:00:00+00:00
[2025-06-13T13:35:44.870+0000] {standard_task_runner.py:57} INFO - Started process 228 to run task
[2025-06-13T13:35:44.879+0000] {standard_task_runner.py:84} INFO - Running: ['***', 'tasks', 'run', 'ecommerce_generate_category', 'generate_category', 'scheduled__2025-06-01T00:00:00+00:00', '--job-id', '7', '--raw', '--subdir', 'DAGS_FOLDER/generate_category.py', '--cfg-path', '/tmp/tmp_w5zc1ei']
[2025-06-13T13:35:44.885+0000] {standard_task_runner.py:85} INFO - Job 7: Subtask generate_category
[2025-06-13T13:35:45.103+0000] {task_command.py:415} INFO - Running <TaskInstance: ecommerce_generate_category.generate_category scheduled__2025-06-01T00:00:00+00:00 [running]> on host 76a309d19f9c
[2025-06-13T13:35:45.384+0000] {taskinstance.py:1660} INFO - Exporting env vars: AIRFLOW_CTX_DAG_OWNER='***' AIRFLOW_CTX_DAG_ID='ecommerce_generate_category' AIRFLOW_CTX_TASK_ID='generate_category' AIRFLOW_CTX_EXECUTION_DATE='2025-06-01T00:00:00+00:00' AIRFLOW_CTX_TRY_NUMBER='1' AIRFLOW_CTX_DAG_RUN_ID='scheduled__2025-06-01T00:00:00+00:00'
[2025-06-13T13:35:45.533+0000] {python.py:194} INFO - Done. Returned value was: None
[2025-06-13T13:35:45.753+0000] {taskinstance.py:1398} INFO - Marking task as SUCCESS. dag_id=ecommerce_generate_category, task_id=generate_category, execution_date=20250601T000000, start_date=20250613T133544, end_date=20250613T133545
[2025-06-13T13:35:45.881+0000] {local_task_job_runner.py:228} INFO - Task exited with return code 0
[2025-06-13T13:35:45.998+0000] {taskinstance.py:2776} INFO - 0 downstream tasks scheduled from follow-on schedule check
[2025-06-13T13:41:48.696+0000] {taskinstance.py:1157} INFO - Dependencies all met for dep_context=non-requeueable deps ti=<TaskInstance: ecommerce_generate_category.generate_category scheduled__2025-06-01T00:00:00+00:00 [queued]>
[2025-06-13T13:41:48.734+0000] {taskinstance.py:1157} INFO - Dependencies all met for dep_context=requeueable deps ti=<TaskInstance: ecommerce_generate_category.generate_category scheduled__2025-06-01T00:00:00+00:00 [queued]>
[2025-06-13T13:41:48.734+0000] {taskinstance.py:1359} INFO - Starting attempt 1 of 4
[2025-06-13T13:41:48.767+0000] {taskinstance.py:1380} INFO - Executing <Task(PythonOperator): generate_category> on 2025-06-01 00:00:00+00:00
[2025-06-13T13:41:48.778+0000] {standard_task_runner.py:57} INFO - Started process 230 to run task
[2025-06-13T13:41:48.787+0000] {standard_task_runner.py:84} INFO - Running: ['***', 'tasks', 'run', 'ecommerce_generate_category', 'generate_category', 'scheduled__2025-06-01T00:00:00+00:00', '--job-id', '6', '--raw', '--subdir', 'DAGS_FOLDER/generate_category.py', '--cfg-path', '/tmp/tmpp3iz1ald']
[2025-06-13T13:41:48.794+0000] {standard_task_runner.py:85} INFO - Job 6: Subtask generate_category
[2025-06-13T13:41:48.991+0000] {task_command.py:415} INFO - Running <TaskInstance: ecommerce_generate_category.generate_category scheduled__2025-06-01T00:00:00+00:00 [running]> on host 4821ab4d0de9
[2025-06-13T13:41:49.351+0000] {taskinstance.py:1660} INFO - Exporting env vars: AIRFLOW_CTX_DAG_OWNER='***' AIRFLOW_CTX_DAG_ID='ecommerce_generate_category' AIRFLOW_CTX_TASK_ID='generate_category' AIRFLOW_CTX_EXECUTION_DATE='2025-06-01T00:00:00+00:00' AIRFLOW_CTX_TRY_NUMBER='1' AIRFLOW_CTX_DAG_RUN_ID='scheduled__2025-06-01T00:00:00+00:00'
[2025-06-13T13:41:49.531+0000] {python.py:194} INFO - Done. Returned value was: None
[2025-06-13T13:41:49.594+0000] {taskinstance.py:1398} INFO - Marking task as SUCCESS. dag_id=ecommerce_generate_category, task_id=generate_category, execution_date=20250601T000000, start_date=20250613T134148, end_date=20250613T134149
[2025-06-13T13:41:49.706+0000] {local_task_job_runner.py:228} INFO - Task exited with return code 0
[2025-06-13T13:41:49.775+0000] {taskinstance.py:2776} INFO - 0 downstream tasks scheduled from follow-on schedule check
[2025-06-13T13:48:47.436+0000] {taskinstance.py:1157} INFO - Dependencies all met for dep_context=non-requeueable deps ti=<TaskInstance: ecommerce_generate_category.generate_category scheduled__2025-06-01T00:00:00+00:00 [queued]>
[2025-06-13T13:48:47.473+0000] {taskinstance.py:1157} INFO - Dependencies all met for dep_context=requeueable deps ti=<TaskInstance: ecommerce_generate_category.generate_category scheduled__2025-06-01T00:00:00+00:00 [queued]>
[2025-06-13T13:48:47.474+0000] {taskinstance.py:1359} INFO - Starting attempt 1 of 4
[2025-06-13T13:48:47.518+0000] {taskinstance.py:1380} INFO - Executing <Task(PythonOperator): generate_category> on 2025-06-01 00:00:00+00:00
[2025-06-13T13:48:47.537+0000] {standard_task_runner.py:57} INFO - Started process 229 to run task
[2025-06-13T13:48:47.546+0000] {standard_task_runner.py:84} INFO - Running: ['***', 'tasks', 'run', 'ecommerce_generate_category', 'generate_category', 'scheduled__2025-06-01T00:00:00+00:00', '--job-id', '8', '--raw', '--subdir', 'DAGS_FOLDER/generate_category.py', '--cfg-path', '/tmp/tmpny1zg88n']
[2025-06-13T13:48:47.550+0000] {standard_task_runner.py:85} INFO - Job 8: Subtask generate_category
[2025-06-13T13:48:47.756+0000] {task_command.py:415} INFO - Running <TaskInstance: ecommerce_generate_category.generate_category scheduled__2025-06-01T00:00:00+00:00 [running]> on host 9ee50315c50c
[2025-06-13T13:48:48.052+0000] {taskinstance.py:1660} INFO - Exporting env vars: AIRFLOW_CTX_DAG_OWNER='***' AIRFLOW_CTX_DAG_ID='ecommerce_generate_category' AIRFLOW_CTX_TASK_ID='generate_category' AIRFLOW_CTX_EXECUTION_DATE='2025-06-01T00:00:00+00:00' AIRFLOW_CTX_TRY_NUMBER='1' AIRFLOW_CTX_DAG_RUN_ID='scheduled__2025-06-01T00:00:00+00:00'
[2025-06-13T13:48:48.216+0000] {python.py:194} INFO - Done. Returned value was: None
[2025-06-13T13:48:48.285+0000] {taskinstance.py:1398} INFO - Marking task as SUCCESS. dag_id=ecommerce_generate_category, task_id=generate_category, execution_date=20250601T000000, start_date=20250613T134847, end_date=20250613T134848
[2025-06-13T13:48:48.352+0000] {local_task_job_runner.py:228} INFO - Task exited with return code 0
[2025-06-13T13:48:48.478+0000] {taskinstance.py:2776} INFO - 0 downstream tasks scheduled from follow-on schedule check
[2025-06-13T13:51:17.029+0000] {taskinstance.py:1157} INFO - Dependencies all met for dep_context=non-requeueable deps ti=<TaskInstance: ecommerce_generate_category.generate_category scheduled__2025-06-01T00:00:00+00:00 [queued]>
[2025-06-13T13:51:17.081+0000] {taskinstance.py:1157} INFO - Dependencies all met for dep_context=requeueable deps ti=<TaskInstance: ecommerce_generate_category.generate_category scheduled__2025-06-01T00:00:00+00:00 [queued]>
[2025-06-13T13:51:17.082+0000] {taskinstance.py:1359} INFO - Starting attempt 1 of 4
[2025-06-13T13:51:17.163+0000] {taskinstance.py:1380} INFO - Executing <Task(PythonOperator): generate_category> on 2025-06-01 00:00:00+00:00
[2025-06-13T13:51:17.177+0000] {standard_task_runner.py:57} INFO - Started process 231 to run task
[2025-06-13T13:51:17.184+0000] {standard_task_runner.py:84} INFO - Running: ['***', 'tasks', 'run', 'ecommerce_generate_category', 'generate_category', 'scheduled__2025-06-01T00:00:00+00:00', '--job-id', '9', '--raw', '--subdir', 'DAGS_FOLDER/generate_category.py', '--cfg-path', '/tmp/tmplare6w_q']
[2025-06-13T13:51:17.190+0000] {standard_task_runner.py:85} INFO - Job 9: Subtask generate_category
[2025-06-13T13:51:17.468+0000] {task_command.py:415} INFO - Running <TaskInstance: ecommerce_generate_category.generate_category scheduled__2025-06-01T00:00:00+00:00 [running]> on host 17d15dd20887
[2025-06-13T13:51:17.980+0000] {taskinstance.py:1660} INFO - Exporting env vars: AIRFLOW_CTX_DAG_OWNER='***' AIRFLOW_CTX_DAG_ID='ecommerce_generate_category' AIRFLOW_CTX_TASK_ID='generate_category' AIRFLOW_CTX_EXECUTION_DATE='2025-06-01T00:00:00+00:00' AIRFLOW_CTX_TRY_NUMBER='1' AIRFLOW_CTX_DAG_RUN_ID='scheduled__2025-06-01T00:00:00+00:00'
[2025-06-13T13:51:18.303+0000] {python.py:194} INFO - Done. Returned value was: None
[2025-06-13T13:51:18.450+0000] {taskinstance.py:1398} INFO - Marking task as SUCCESS. dag_id=ecommerce_generate_category, task_id=generate_category, execution_date=20250601T000000, start_date=20250613T135117, end_date=20250613T135118
[2025-06-13T13:51:18.595+0000] {local_task_job_runner.py:228} INFO - Task exited with return code 0
[2025-06-13T13:51:19.001+0000] {taskinstance.py:2776} INFO - 0 downstream tasks scheduled from follow-on schedule check
[2025-06-13T13:54:08.120+0000] {taskinstance.py:1157} INFO - Dependencies all met for dep_context=non-requeueable deps ti=<TaskInstance: ecommerce_generate_category.generate_category scheduled__2025-06-01T00:00:00+00:00 [queued]>
[2025-06-13T13:54:08.154+0000] {taskinstance.py:1157} INFO - Dependencies all met for dep_context=requeueable deps ti=<TaskInstance: ecommerce_generate_category.generate_category scheduled__2025-06-01T00:00:00+00:00 [queued]>
[2025-06-13T13:54:08.154+0000] {taskinstance.py:1359} INFO - Starting attempt 1 of 4
[2025-06-13T13:54:08.194+0000] {taskinstance.py:1380} INFO - Executing <Task(PythonOperator): generate_category> on 2025-06-01 00:00:00+00:00
[2025-06-13T13:54:08.212+0000] {standard_task_runner.py:57} INFO - Started process 227 to run task
[2025-06-13T13:54:08.221+0000] {standard_task_runner.py:84} INFO - Running: ['***', 'tasks', 'run', 'ecommerce_generate_category', 'generate_category', 'scheduled__2025-06-01T00:00:00+00:00', '--job-id', '7', '--raw', '--subdir', 'DAGS_FOLDER/generate_category.py', '--cfg-path', '/tmp/tmpc8rnhrcx']
[2025-06-13T13:54:08.226+0000] {standard_task_runner.py:85} INFO - Job 7: Subtask generate_category
[2025-06-13T13:54:08.537+0000] {task_command.py:415} INFO - Running <TaskInstance: ecommerce_generate_category.generate_category scheduled__2025-06-01T00:00:00+00:00 [running]> on host f1d84043854e
[2025-06-13T13:54:09.166+0000] {taskinstance.py:1660} INFO - Exporting env vars: AIRFLOW_CTX_DAG_OWNER='***' AIRFLOW_CTX_DAG_ID='ecommerce_generate_category' AIRFLOW_CTX_TASK_ID='generate_category' AIRFLOW_CTX_EXECUTION_DATE='2025-06-01T00:00:00+00:00' AIRFLOW_CTX_TRY_NUMBER='1' AIRFLOW_CTX_DAG_RUN_ID='scheduled__2025-06-01T00:00:00+00:00'
[2025-06-13T13:54:09.898+0000] {python.py:194} INFO - Done. Returned value was: None
[2025-06-13T13:54:09.962+0000] {taskinstance.py:1398} INFO - Marking task as SUCCESS. dag_id=ecommerce_generate_category, task_id=generate_category, execution_date=20250601T000000, start_date=20250613T135408, end_date=20250613T135409
[2025-06-13T13:54:10.095+0000] {local_task_job_runner.py:228} INFO - Task exited with return code 0
[2025-06-13T13:54:10.524+0000] {taskinstance.py:2776} INFO - 0 downstream tasks scheduled from follow-on schedule check
[2025-06-13T14:02:30.707+0000] {taskinstance.py:1157} INFO - Dependencies all met for dep_context=non-requeueable deps ti=<TaskInstance: ecommerce_generate_category.generate_category scheduled__2025-06-01T00:00:00+00:00 [queued]>
[2025-06-13T14:02:30.765+0000] {taskinstance.py:1157} INFO - Dependencies all met for dep_context=requeueable deps ti=<TaskInstance: ecommerce_generate_category.generate_category scheduled__2025-06-01T00:00:00+00:00 [queued]>
[2025-06-13T14:02:30.766+0000] {taskinstance.py:1359} INFO - Starting attempt 1 of 4
[2025-06-13T14:02:30.830+0000] {taskinstance.py:1380} INFO - Executing <Task(PythonOperator): generate_category> on 2025-06-01 00:00:00+00:00
[2025-06-13T14:02:30.882+0000] {standard_task_runner.py:57} INFO - Started process 226 to run task
[2025-06-13T14:02:30.925+0000] {standard_task_runner.py:84} INFO - Running: ['***', 'tasks', 'run', 'ecommerce_generate_category', 'generate_category', 'scheduled__2025-06-01T00:00:00+00:00', '--job-id', '6', '--raw', '--subdir', 'DAGS_FOLDER/generate_category.py', '--cfg-path', '/tmp/tmpuztp1i18']
[2025-06-13T14:02:30.962+0000] {standard_task_runner.py:85} INFO - Job 6: Subtask generate_category
[2025-06-13T14:02:31.493+0000] {task_command.py:415} INFO - Running <TaskInstance: ecommerce_generate_category.generate_category scheduled__2025-06-01T00:00:00+00:00 [running]> on host ecb9ce2a98b4
[2025-06-13T14:02:32.443+0000] {taskinstance.py:1660} INFO - Exporting env vars: AIRFLOW_CTX_DAG_OWNER='***' AIRFLOW_CTX_DAG_ID='ecommerce_generate_category' AIRFLOW_CTX_TASK_ID='generate_category' AIRFLOW_CTX_EXECUTION_DATE='2025-06-01T00:00:00+00:00' AIRFLOW_CTX_TRY_NUMBER='1' AIRFLOW_CTX_DAG_RUN_ID='scheduled__2025-06-01T00:00:00+00:00'
[2025-06-13T14:02:32.632+0000] {python.py:194} INFO - Done. Returned value was: None
[2025-06-13T14:02:32.728+0000] {taskinstance.py:1398} INFO - Marking task as SUCCESS. dag_id=ecommerce_generate_category, task_id=generate_category, execution_date=20250601T000000, start_date=20250613T140230, end_date=20250613T140232
[2025-06-13T14:02:32.882+0000] {local_task_job_runner.py:228} INFO - Task exited with return code 0
[2025-06-13T14:02:33.102+0000] {taskinstance.py:2776} INFO - 0 downstream tasks scheduled from follow-on schedule check
[2025-06-13T14:05:45.091+0000] {taskinstance.py:1157} INFO - Dependencies all met for dep_context=non-requeueable deps ti=<TaskInstance: ecommerce_generate_category.generate_category scheduled__2025-06-01T00:00:00+00:00 [queued]>
[2025-06-13T14:05:45.128+0000] {taskinstance.py:1157} INFO - Dependencies all met for dep_context=requeueable deps ti=<TaskInstance: ecommerce_generate_category.generate_category scheduled__2025-06-01T00:00:00+00:00 [queued]>
[2025-06-13T14:05:45.129+0000] {taskinstance.py:1359} INFO - Starting attempt 1 of 4
[2025-06-13T14:05:45.187+0000] {taskinstance.py:1380} INFO - Executing <Task(PythonOperator): generate_category> on 2025-06-01 00:00:00+00:00
[2025-06-13T14:05:45.217+0000] {standard_task_runner.py:57} INFO - Started process 228 to run task
[2025-06-13T14:05:45.234+0000] {standard_task_runner.py:84} INFO - Running: ['***', 'tasks', 'run', 'ecommerce_generate_category', 'generate_category', 'scheduled__2025-06-01T00:00:00+00:00', '--job-id', '6', '--raw', '--subdir', 'DAGS_FOLDER/generate_category.py', '--cfg-path', '/tmp/tmpfk5il0eq']
[2025-06-13T14:05:45.239+0000] {standard_task_runner.py:85} INFO - Job 6: Subtask generate_category
[2025-06-13T14:05:45.561+0000] {task_command.py:415} INFO - Running <TaskInstance: ecommerce_generate_category.generate_category scheduled__2025-06-01T00:00:00+00:00 [running]> on host a30c1c73f42f
[2025-06-13T14:05:46.010+0000] {taskinstance.py:1660} INFO - Exporting env vars: AIRFLOW_CTX_DAG_OWNER='***' AIRFLOW_CTX_DAG_ID='ecommerce_generate_category' AIRFLOW_CTX_TASK_ID='generate_category' AIRFLOW_CTX_EXECUTION_DATE='2025-06-01T00:00:00+00:00' AIRFLOW_CTX_TRY_NUMBER='1' AIRFLOW_CTX_DAG_RUN_ID='scheduled__2025-06-01T00:00:00+00:00'
[2025-06-13T14:05:46.307+0000] {python.py:194} INFO - Done. Returned value was: None
[2025-06-13T14:05:46.414+0000] {taskinstance.py:1398} INFO - Marking task as SUCCESS. dag_id=ecommerce_generate_category, task_id=generate_category, execution_date=20250601T000000, start_date=20250613T140545, end_date=20250613T140546
[2025-06-13T14:05:46.504+0000] {local_task_job_runner.py:228} INFO - Task exited with return code 0
[2025-06-13T14:05:46.641+0000] {taskinstance.py:2776} INFO - 0 downstream tasks scheduled from follow-on schedule check
[2025-06-13T14:08:44.823+0000] {taskinstance.py:1157} INFO - Dependencies all met for dep_context=non-requeueable deps ti=<TaskInstance: ecommerce_generate_category.generate_category scheduled__2025-06-01T00:00:00+00:00 [queued]>
[2025-06-13T14:08:44.847+0000] {taskinstance.py:1157} INFO - Dependencies all met for dep_context=requeueable deps ti=<TaskInstance: ecommerce_generate_category.generate_category scheduled__2025-06-01T00:00:00+00:00 [queued]>
[2025-06-13T14:08:44.847+0000] {taskinstance.py:1359} INFO - Starting attempt 1 of 4
[2025-06-13T14:08:44.886+0000] {taskinstance.py:1380} INFO - Executing <Task(PythonOperator): generate_category> on 2025-06-01 00:00:00+00:00
[2025-06-13T14:08:44.898+0000] {standard_task_runner.py:57} INFO - Started process 228 to run task
[2025-06-13T14:08:44.905+0000] {standard_task_runner.py:84} INFO - Running: ['***', 'tasks', 'run', 'ecommerce_generate_category', 'generate_category', 'scheduled__2025-06-01T00:00:00+00:00', '--job-id', '7', '--raw', '--subdir', 'DAGS_FOLDER/generate_category.py', '--cfg-path', '/tmp/tmp8pz04948']
[2025-06-13T14:08:44.909+0000] {standard_task_runner.py:85} INFO - Job 7: Subtask generate_category
[2025-06-13T14:08:45.136+0000] {task_command.py:415} INFO - Running <TaskInstance: ecommerce_generate_category.generate_category scheduled__2025-06-01T00:00:00+00:00 [running]> on host 3bda607c6347
[2025-06-13T14:08:45.547+0000] {taskinstance.py:1660} INFO - Exporting env vars: AIRFLOW_CTX_DAG_OWNER='***' AIRFLOW_CTX_DAG_ID='ecommerce_generate_category' AIRFLOW_CTX_TASK_ID='generate_category' AIRFLOW_CTX_EXECUTION_DATE='2025-06-01T00:00:00+00:00' AIRFLOW_CTX_TRY_NUMBER='1' AIRFLOW_CTX_DAG_RUN_ID='scheduled__2025-06-01T00:00:00+00:00'
[2025-06-13T14:08:45.669+0000] {python.py:194} INFO - Done. Returned value was: None
[2025-06-13T14:08:45.720+0000] {taskinstance.py:1398} INFO - Marking task as SUCCESS. dag_id=ecommerce_generate_category, task_id=generate_category, execution_date=20250601T000000, start_date=20250613T140844, end_date=20250613T140845
[2025-06-13T14:08:45.778+0000] {local_task_job_runner.py:228} INFO - Task exited with return code 0
[2025-06-13T14:08:45.866+0000] {taskinstance.py:2776} INFO - 0 downstream tasks scheduled from follow-on schedule check
[2025-06-13T15:50:52.886+0000] {taskinstance.py:1157} INFO - Dependencies all met for dep_context=non-requeueable deps ti=<TaskInstance: ecommerce_generate_category.generate_category scheduled__2025-06-01T00:00:00+00:00 [queued]>
[2025-06-13T15:50:53.020+0000] {taskinstance.py:1157} INFO - Dependencies all met for dep_context=requeueable deps ti=<TaskInstance: ecommerce_generate_category.generate_category scheduled__2025-06-01T00:00:00+00:00 [queued]>
[2025-06-13T15:50:53.020+0000] {taskinstance.py:1359} INFO - Starting attempt 1 of 4
[2025-06-13T15:50:53.183+0000] {taskinstance.py:1380} INFO - Executing <Task(PythonOperator): generate_category> on 2025-06-01 00:00:00+00:00
[2025-06-13T15:50:53.325+0000] {standard_task_runner.py:57} INFO - Started process 227 to run task
[2025-06-13T15:50:53.350+0000] {standard_task_runner.py:84} INFO - Running: ['***', 'tasks', 'run', 'ecommerce_generate_category', 'generate_category', 'scheduled__2025-06-01T00:00:00+00:00', '--job-id', '6', '--raw', '--subdir', 'DAGS_FOLDER/generate_category.py', '--cfg-path', '/tmp/tmp0uqaw4i9']
[2025-06-13T15:50:53.358+0000] {standard_task_runner.py:85} INFO - Job 6: Subtask generate_category
[2025-06-13T15:50:53.820+0000] {task_command.py:415} INFO - Running <TaskInstance: ecommerce_generate_category.generate_category scheduled__2025-06-01T00:00:00+00:00 [running]> on host 3498b866135e
[2025-06-13T15:50:54.340+0000] {taskinstance.py:1660} INFO - Exporting env vars: AIRFLOW_CTX_DAG_OWNER='***' AIRFLOW_CTX_DAG_ID='ecommerce_generate_category' AIRFLOW_CTX_TASK_ID='generate_category' AIRFLOW_CTX_EXECUTION_DATE='2025-06-01T00:00:00+00:00' AIRFLOW_CTX_TRY_NUMBER='1' AIRFLOW_CTX_DAG_RUN_ID='scheduled__2025-06-01T00:00:00+00:00'
[2025-06-13T15:50:54.680+0000] {python.py:194} INFO - Done. Returned value was: None
[2025-06-13T15:50:54.748+0000] {taskinstance.py:1398} INFO - Marking task as SUCCESS. dag_id=ecommerce_generate_category, task_id=generate_category, execution_date=20250601T000000, start_date=20250613T155052, end_date=20250613T155054
[2025-06-13T15:50:54.837+0000] {local_task_job_runner.py:228} INFO - Task exited with return code 0
[2025-06-13T15:50:55.001+0000] {taskinstance.py:2776} INFO - 0 downstream tasks scheduled from follow-on schedule check
