[2025-06-14T01:59:12.735+0000] {taskinstance.py:1157} INFO - Dependencies all met for dep_context=non-requeueable deps ti=<TaskInstance: ecommerce_generate_order_process.generate_order_process scheduled__2025-06-14T01:58:11.775941+00:00 [queued]>
[2025-06-14T01:59:12.744+0000] {taskinstance.py:1157} INFO - Dependencies all met for dep_context=requeueable deps ti=<TaskInstance: ecommerce_generate_order_process.generate_order_process scheduled__2025-06-14T01:58:11.775941+00:00 [queued]>
[2025-06-14T01:59:12.745+0000] {taskinstance.py:1359} INFO - Starting attempt 1 of 6
[2025-06-14T01:59:12.758+0000] {taskinstance.py:1380} INFO - Executing <Task(_PythonDecoratedOperator): generate_order_process> on 2025-06-14 01:58:11.775941+00:00
[2025-06-14T01:59:12.764+0000] {standard_task_runner.py:57} INFO - Started process 910 to run task
[2025-06-14T01:59:12.767+0000] {standard_task_runner.py:84} INFO - Running: ['***', 'tasks', 'run', 'ecommerce_generate_order_process', 'generate_order_process', 'scheduled__2025-06-14T01:58:11.775941+00:00', '--job-id', '406', '--raw', '--subdir', 'DAGS_FOLDER/generate_order_process.py', '--cfg-path', '/tmp/tmpn2m4uxqq']
[2025-06-14T01:59:12.769+0000] {standard_task_runner.py:85} INFO - Job 406: Subtask generate_order_process
[2025-06-14T01:59:12.835+0000] {task_command.py:415} INFO - Running <TaskInstance: ecommerce_generate_order_process.generate_order_process scheduled__2025-06-14T01:58:11.775941+00:00 [running]> on host 3498b866135e
[2025-06-14T01:59:12.948+0000] {taskinstance.py:1660} INFO - Exporting env vars: AIRFLOW_CTX_DAG_OWNER='***' AIRFLOW_CTX_DAG_ID='ecommerce_generate_order_process' AIRFLOW_CTX_TASK_ID='generate_order_process' AIRFLOW_CTX_EXECUTION_DATE='2025-06-14T01:58:11.775941+00:00' AIRFLOW_CTX_TRY_NUMBER='1' AIRFLOW_CTX_DAG_RUN_ID='scheduled__2025-06-14T01:58:11.775941+00:00'
[2025-06-14T01:59:12.963+0000] {logging_mixin.py:151} INFO - ----------------------------
[2025-06-14T01:59:12.964+0000] {logging_mixin.py:151} INFO - 87
[2025-06-14T01:59:12.964+0000] {logging_mixin.py:151} INFO - ----------------------------
[2025-06-14T01:59:12.970+0000] {logging_mixin.py:151} INFO - [(4, 9, Decimal('38.75'), Decimal('2.09'), Decimal('7.288875'))]
[2025-06-14T01:59:12.971+0000] {logging_mixin.py:151} INFO - [(79, 4, 9, Decimal('38.75'), Decimal('2.09'), Decimal('7.288875'))]
[2025-06-14T01:59:12.972+0000] {logging_mixin.py:151} INFO - Simulation completed successfully!
[2025-06-14T01:59:12.972+0000] {logging_mixin.py:151} INFO - 79
[2025-06-14T01:59:12.972+0000] {python.py:194} INFO - Done. Returned value was: 79
[2025-06-14T01:59:13.011+0000] {taskinstance.py:1398} INFO - Marking task as SUCCESS. dag_id=ecommerce_generate_order_process, task_id=generate_order_process, execution_date=20250614T015811, start_date=20250614T015912, end_date=20250614T015913
[2025-06-14T01:59:13.059+0000] {local_task_job_runner.py:228} INFO - Task exited with return code 0
[2025-06-14T01:59:13.087+0000] {taskinstance.py:2776} INFO - 1 downstream tasks scheduled from follow-on schedule check
