[2025-06-14T03:32:13.236+0000] {taskinstance.py:1157} INFO - Dependencies all met for dep_context=non-requeueable deps ti=<TaskInstance: ecommerce_generate_order_process.generate_order_process scheduled__2025-06-14T03:31:12.130199+00:00 [queued]>
[2025-06-14T03:32:13.243+0000] {taskinstance.py:1157} INFO - Dependencies all met for dep_context=requeueable deps ti=<TaskInstance: ecommerce_generate_order_process.generate_order_process scheduled__2025-06-14T03:31:12.130199+00:00 [queued]>
[2025-06-14T03:32:13.243+0000] {taskinstance.py:1359} INFO - Starting attempt 1 of 6
[2025-06-14T03:32:13.253+0000] {taskinstance.py:1380} INFO - Executing <Task(_PythonDecoratedOperator): generate_order_process> on 2025-06-14 03:31:12.130199+00:00
[2025-06-14T03:32:13.258+0000] {standard_task_runner.py:57} INFO - Started process 9121 to run task
[2025-06-14T03:32:13.260+0000] {standard_task_runner.py:84} INFO - Running: ['***', 'tasks', 'run', 'ecommerce_generate_order_process', 'generate_order_process', 'scheduled__2025-06-14T03:31:12.130199+00:00', '--job-id', '889', '--raw', '--subdir', 'DAGS_FOLDER/generate_order_process.py', '--cfg-path', '/tmp/tmpt5p5yuoz']
[2025-06-14T03:32:13.261+0000] {standard_task_runner.py:85} INFO - Job 889: Subtask generate_order_process
[2025-06-14T03:32:13.308+0000] {task_command.py:415} INFO - Running <TaskInstance: ecommerce_generate_order_process.generate_order_process scheduled__2025-06-14T03:31:12.130199+00:00 [running]> on host 3498b866135e
[2025-06-14T03:32:13.392+0000] {taskinstance.py:1660} INFO - Exporting env vars: AIRFLOW_CTX_DAG_OWNER='***' AIRFLOW_CTX_DAG_ID='ecommerce_generate_order_process' AIRFLOW_CTX_TASK_ID='generate_order_process' AIRFLOW_CTX_EXECUTION_DATE='2025-06-14T03:31:12.130199+00:00' AIRFLOW_CTX_TRY_NUMBER='1' AIRFLOW_CTX_DAG_RUN_ID='scheduled__2025-06-14T03:31:12.130199+00:00'
[2025-06-14T03:32:13.404+0000] {logging_mixin.py:151} INFO - ----------------------------
[2025-06-14T03:32:13.404+0000] {logging_mixin.py:151} INFO - 144
[2025-06-14T03:32:13.404+0000] {logging_mixin.py:151} INFO - ----------------------------
[2025-06-14T03:32:13.409+0000] {logging_mixin.py:151} INFO - [(45, 2, Decimal('602.50'), Decimal('19.00'), Decimal('228.9500')), (1, 1, Decimal('802.42'), Decimal('3.53'), Decimal('28.325426')), (13, 4, Decimal('411.98'), Decimal('16.77'), Decimal('276.356184')), (14, 5, Decimal('657.33'), Decimal('0.13'), Decimal('4.272645')), (27, 8, Decimal('412.73'), Decimal('3.00'), Decimal('99.0552')), (20, 8, Decimal('841.06'), Decimal('11.60'), Decimal('780.50368')), (7, 6, Decimal('875.57'), Decimal('8.85'), Decimal('464.927670')), (46, 9, Decimal('279.46'), Decimal('19.12'), Decimal('480.894768')), (26, 5, Decimal('349.97'), Decimal('8.34'), Decimal('145.937490'))]
[2025-06-14T03:32:13.411+0000] {logging_mixin.py:151} INFO - [(173, 45, 2, Decimal('602.50'), Decimal('19.00'), Decimal('228.9500')), (173, 1, 1, Decimal('802.42'), Decimal('3.53'), Decimal('28.325426')), (173, 13, 4, Decimal('411.98'), Decimal('16.77'), Decimal('276.356184')), (173, 14, 5, Decimal('657.33'), Decimal('0.13'), Decimal('4.272645')), (173, 27, 8, Decimal('412.73'), Decimal('3.00'), Decimal('99.0552')), (173, 20, 8, Decimal('841.06'), Decimal('11.60'), Decimal('780.50368')), (173, 7, 6, Decimal('875.57'), Decimal('8.85'), Decimal('464.927670')), (173, 46, 9, Decimal('279.46'), Decimal('19.12'), Decimal('480.894768')), (173, 26, 5, Decimal('349.97'), Decimal('8.34'), Decimal('145.937490'))]
[2025-06-14T03:32:13.412+0000] {logging_mixin.py:151} INFO - Simulation completed successfully!
[2025-06-14T03:32:13.412+0000] {logging_mixin.py:151} INFO - 173
[2025-06-14T03:32:13.412+0000] {python.py:194} INFO - Done. Returned value was: 173
[2025-06-14T03:32:13.441+0000] {taskinstance.py:1398} INFO - Marking task as SUCCESS. dag_id=ecommerce_generate_order_process, task_id=generate_order_process, execution_date=20250614T033112, start_date=20250614T033213, end_date=20250614T033213
[2025-06-14T03:32:13.472+0000] {local_task_job_runner.py:228} INFO - Task exited with return code 0
[2025-06-14T03:32:13.494+0000] {taskinstance.py:2776} INFO - 1 downstream tasks scheduled from follow-on schedule check
