[2025-06-14T02:58:13.289+0000] {taskinstance.py:1157} INFO - Dependencies all met for dep_context=non-requeueable deps ti=<TaskInstance: ecommerce_generate_order_process.generate_order_process scheduled__2025-06-14T02:57:12.033460+00:00 [queued]>
[2025-06-14T02:58:13.296+0000] {taskinstance.py:1157} INFO - Dependencies all met for dep_context=requeueable deps ti=<TaskInstance: ecommerce_generate_order_process.generate_order_process scheduled__2025-06-14T02:57:12.033460+00:00 [queued]>
[2025-06-14T02:58:13.296+0000] {taskinstance.py:1359} INFO - Starting attempt 1 of 6
[2025-06-14T02:58:13.306+0000] {taskinstance.py:1380} INFO - Executing <Task(_PythonDecoratedOperator): generate_order_process> on 2025-06-14 02:57:12.033460+00:00
[2025-06-14T02:58:13.312+0000] {standard_task_runner.py:57} INFO - Started process 6136 to run task
[2025-06-14T02:58:13.314+0000] {standard_task_runner.py:84} INFO - Running: ['***', 'tasks', 'run', 'ecommerce_generate_order_process', 'generate_order_process', 'scheduled__2025-06-14T02:57:12.033460+00:00', '--job-id', '719', '--raw', '--subdir', 'DAGS_FOLDER/generate_order_process.py', '--cfg-path', '/tmp/tmpis6cp09o']
[2025-06-14T02:58:13.316+0000] {standard_task_runner.py:85} INFO - Job 719: Subtask generate_order_process
[2025-06-14T02:58:13.373+0000] {task_command.py:415} INFO - Running <TaskInstance: ecommerce_generate_order_process.generate_order_process scheduled__2025-06-14T02:57:12.033460+00:00 [running]> on host 3498b866135e
[2025-06-14T02:58:13.473+0000] {taskinstance.py:1660} INFO - Exporting env vars: AIRFLOW_CTX_DAG_OWNER='***' AIRFLOW_CTX_DAG_ID='ecommerce_generate_order_process' AIRFLOW_CTX_TASK_ID='generate_order_process' AIRFLOW_CTX_EXECUTION_DATE='2025-06-14T02:57:12.033460+00:00' AIRFLOW_CTX_TRY_NUMBER='1' AIRFLOW_CTX_DAG_RUN_ID='scheduled__2025-06-14T02:57:12.033460+00:00'
[2025-06-14T02:58:13.486+0000] {logging_mixin.py:151} INFO - ----------------------------
[2025-06-14T02:58:13.486+0000] {logging_mixin.py:151} INFO - 111
[2025-06-14T02:58:13.486+0000] {logging_mixin.py:151} INFO - ----------------------------
[2025-06-14T02:58:13.492+0000] {logging_mixin.py:151} INFO - [(22, 1, Decimal('429.81'), Decimal('5.21'), Decimal('22.393101')), (40, 4, Decimal('700.78'), Decimal('16.51'), Decimal('462.795112')), (48, 4, Decimal('294.67'), Decimal('17.31'), Decimal('204.029508'))]
[2025-06-14T02:58:13.493+0000] {logging_mixin.py:151} INFO - [(139, 22, 1, Decimal('429.81'), Decimal('5.21'), Decimal('22.393101')), (139, 40, 4, Decimal('700.78'), Decimal('16.51'), Decimal('462.795112')), (139, 48, 4, Decimal('294.67'), Decimal('17.31'), Decimal('204.029508'))]
[2025-06-14T02:58:13.495+0000] {logging_mixin.py:151} INFO - Simulation completed successfully!
[2025-06-14T02:58:13.495+0000] {logging_mixin.py:151} INFO - 139
[2025-06-14T02:58:13.495+0000] {python.py:194} INFO - Done. Returned value was: 139
[2025-06-14T02:58:13.528+0000] {taskinstance.py:1398} INFO - Marking task as SUCCESS. dag_id=ecommerce_generate_order_process, task_id=generate_order_process, execution_date=20250614T025712, start_date=20250614T025813, end_date=20250614T025813
[2025-06-14T02:58:13.566+0000] {local_task_job_runner.py:228} INFO - Task exited with return code 0
[2025-06-14T02:58:13.594+0000] {taskinstance.py:2776} INFO - 1 downstream tasks scheduled from follow-on schedule check
