[2025-06-13T16:16:33.312+0000] {taskinstance.py:1157} INFO - Dependencies all met for dep_context=non-requeueable deps ti=<TaskInstance: ecommerce_generate_order_process.generate_order_process scheduled__2025-06-13T16:15:31.606904+00:00 [queued]>
[2025-06-13T16:16:33.332+0000] {taskinstance.py:1157} INFO - Dependencies all met for dep_context=requeueable deps ti=<TaskInstance: ecommerce_generate_order_process.generate_order_process scheduled__2025-06-13T16:15:31.606904+00:00 [queued]>
[2025-06-13T16:16:33.332+0000] {taskinstance.py:1359} INFO - Starting attempt 1 of 6
[2025-06-13T16:16:33.358+0000] {taskinstance.py:1380} INFO - Executing <Task(_PythonDecoratedOperator): generate_order_process> on 2025-06-13 16:15:31.606904+00:00
[2025-06-13T16:16:33.368+0000] {standard_task_runner.py:57} INFO - Started process 2481 to run task
[2025-06-13T16:16:33.373+0000] {standard_task_runner.py:84} INFO - Running: ['***', 'tasks', 'run', 'ecommerce_generate_order_process', 'generate_order_process', 'scheduled__2025-06-13T16:15:31.606904+00:00', '--job-id', '155', '--raw', '--subdir', 'DAGS_FOLDER/generate_order_process.py', '--cfg-path', '/tmp/tmpxh9r7j8m']
[2025-06-13T16:16:33.376+0000] {standard_task_runner.py:85} INFO - Job 155: Subtask generate_order_process
[2025-06-13T16:16:33.520+0000] {task_command.py:415} INFO - Running <TaskInstance: ecommerce_generate_order_process.generate_order_process scheduled__2025-06-13T16:15:31.606904+00:00 [running]> on host 3498b866135e
[2025-06-13T16:16:33.771+0000] {taskinstance.py:1660} INFO - Exporting env vars: AIRFLOW_CTX_DAG_OWNER='***' AIRFLOW_CTX_DAG_ID='ecommerce_generate_order_process' AIRFLOW_CTX_TASK_ID='generate_order_process' AIRFLOW_CTX_EXECUTION_DATE='2025-06-13T16:15:31.606904+00:00' AIRFLOW_CTX_TRY_NUMBER='1' AIRFLOW_CTX_DAG_RUN_ID='scheduled__2025-06-13T16:15:31.606904+00:00'
[2025-06-13T16:16:33.800+0000] {logging_mixin.py:151} INFO - ----------------------------
[2025-06-13T16:16:33.800+0000] {logging_mixin.py:151} INFO - 37
[2025-06-13T16:16:33.801+0000] {logging_mixin.py:151} INFO - ----------------------------
[2025-06-13T16:16:33.814+0000] {logging_mixin.py:151} INFO - [(24, 1, Decimal('387.14'), Decimal('4.66'), Decimal('18.040724'))]
[2025-06-13T16:16:33.816+0000] {logging_mixin.py:151} INFO - [(29, 24, 1, Decimal('387.14'), Decimal('4.66'), Decimal('18.040724'))]
[2025-06-13T16:16:33.817+0000] {logging_mixin.py:151} INFO - Simulation completed successfully!
[2025-06-13T16:16:33.818+0000] {logging_mixin.py:151} INFO - 29
[2025-06-13T16:16:33.818+0000] {python.py:194} INFO - Done. Returned value was: 29
[2025-06-13T16:16:33.905+0000] {taskinstance.py:1398} INFO - Marking task as SUCCESS. dag_id=ecommerce_generate_order_process, task_id=generate_order_process, execution_date=20250613T161531, start_date=20250613T161633, end_date=20250613T161633
[2025-06-13T16:16:33.946+0000] {local_task_job_runner.py:228} INFO - Task exited with return code 0
[2025-06-13T16:16:34.011+0000] {taskinstance.py:2776} INFO - 1 downstream tasks scheduled from follow-on schedule check
