[2025-06-13T13:59:50.755+0000] {taskinstance.py:1157} INFO - Dependencies all met for dep_context=non-requeueable deps ti=<TaskInstance: ecommerce_generate_order_process.generate_order_process scheduled__2025-06-13T13:53:48.472387+00:00 [queued]>
[2025-06-13T13:59:50.762+0000] {taskinstance.py:1157} INFO - Dependencies all met for dep_context=requeueable deps ti=<TaskInstance: ecommerce_generate_order_process.generate_order_process scheduled__2025-06-13T13:53:48.472387+00:00 [queued]>
[2025-06-13T13:59:50.762+0000] {taskinstance.py:1359} INFO - Starting attempt 2 of 6
[2025-06-13T13:59:50.774+0000] {taskinstance.py:1380} INFO - Executing <Task(_PythonDecoratedOperator): generate_order_process> on 2025-06-13 13:53:48.472387+00:00
[2025-06-13T13:59:50.780+0000] {standard_task_runner.py:57} INFO - Started process 744 to run task
[2025-06-13T13:59:50.782+0000] {standard_task_runner.py:84} INFO - Running: ['***', 'tasks', 'run', 'ecommerce_generate_order_process', 'generate_order_process', 'scheduled__2025-06-13T13:53:48.472387+00:00', '--job-id', '46', '--raw', '--subdir', 'DAGS_FOLDER/generate_order_process.py', '--cfg-path', '/tmp/tmpbgs4r4z7']
[2025-06-13T13:59:50.784+0000] {standard_task_runner.py:85} INFO - Job 46: Subtask generate_order_process
[2025-06-13T13:59:50.836+0000] {task_command.py:415} INFO - Running <TaskInstance: ecommerce_generate_order_process.generate_order_process scheduled__2025-06-13T13:53:48.472387+00:00 [running]> on host f1d84043854e
[2025-06-13T13:59:50.932+0000] {taskinstance.py:1660} INFO - Exporting env vars: AIRFLOW_CTX_DAG_OWNER='***' AIRFLOW_CTX_DAG_ID='ecommerce_generate_order_process' AIRFLOW_CTX_TASK_ID='generate_order_process' AIRFLOW_CTX_EXECUTION_DATE='2025-06-13T13:53:48.472387+00:00' AIRFLOW_CTX_TRY_NUMBER='2' AIRFLOW_CTX_DAG_RUN_ID='scheduled__2025-06-13T13:53:48.472387+00:00'
[2025-06-13T13:59:50.945+0000] {logging_mixin.py:151} INFO - ----------------------------
[2025-06-13T13:59:50.945+0000] {logging_mixin.py:151} INFO - 13
[2025-06-13T13:59:50.945+0000] {logging_mixin.py:151} INFO - ----------------------------
[2025-06-13T13:59:50.951+0000] {logging_mixin.py:151} INFO - [(3, 1, Decimal('273.38'), Decimal('11.49'), Decimal('31.411362'))]
[2025-06-13T13:59:50.952+0000] {logging_mixin.py:151} INFO - [(4, 3, 1, Decimal('273.38'), Decimal('11.49'), Decimal('31.411362'))]
[2025-06-13T13:59:50.953+0000] {logging_mixin.py:151} INFO - Simulation completed successfully!
[2025-06-13T13:59:50.953+0000] {logging_mixin.py:151} INFO - 4
[2025-06-13T13:59:50.953+0000] {python.py:194} INFO - Done. Returned value was: 4
[2025-06-13T13:59:50.985+0000] {taskinstance.py:1398} INFO - Marking task as SUCCESS. dag_id=ecommerce_generate_order_process, task_id=generate_order_process, execution_date=20250613T135348, start_date=20250613T135950, end_date=20250613T135950
[2025-06-13T13:59:51.034+0000] {local_task_job_runner.py:228} INFO - Task exited with return code 0
[2025-06-13T13:59:51.059+0000] {taskinstance.py:2776} INFO - 1 downstream tasks scheduled from follow-on schedule check
