[2025-06-13T13:33:24.052+0000] {taskinstance.py:1157} INFO - Dependencies all met for dep_context=non-requeueable deps ti=<TaskInstance: ecommerce_generate_order_process.generate_order_process scheduled__2025-06-13T13:32:22.764243+00:00 [queued]>
[2025-06-13T13:33:24.064+0000] {taskinstance.py:1157} INFO - Dependencies all met for dep_context=requeueable deps ti=<TaskInstance: ecommerce_generate_order_process.generate_order_process scheduled__2025-06-13T13:32:22.764243+00:00 [queued]>
[2025-06-13T13:33:24.065+0000] {taskinstance.py:1359} INFO - Starting attempt 1 of 6
[2025-06-13T13:33:24.111+0000] {taskinstance.py:1380} INFO - Executing <Task(_PythonDecoratedOperator): generate_order_process> on 2025-06-13 13:32:22.764243+00:00
[2025-06-13T13:33:24.116+0000] {standard_task_runner.py:57} INFO - Started process 1032 to run task
[2025-06-13T13:33:24.119+0000] {standard_task_runner.py:84} INFO - Running: ['***', 'tasks', 'run', 'ecommerce_generate_order_process', 'generate_order_process', 'scheduled__2025-06-13T13:32:22.764243+00:00', '--job-id', '70', '--raw', '--subdir', 'DAGS_FOLDER/generate_order_process.py', '--cfg-path', '/tmp/tmpstozcrs2']
[2025-06-13T13:33:24.121+0000] {standard_task_runner.py:85} INFO - Job 70: Subtask generate_order_process
[2025-06-13T13:33:24.216+0000] {task_command.py:415} INFO - Running <TaskInstance: ecommerce_generate_order_process.generate_order_process scheduled__2025-06-13T13:32:22.764243+00:00 [running]> on host 3ddb9b5ffd69
[2025-06-13T13:33:24.410+0000] {taskinstance.py:1660} INFO - Exporting env vars: AIRFLOW_CTX_DAG_OWNER='***' AIRFLOW_CTX_DAG_ID='ecommerce_generate_order_process' AIRFLOW_CTX_TASK_ID='generate_order_process' AIRFLOW_CTX_EXECUTION_DATE='2025-06-13T13:32:22.764243+00:00' AIRFLOW_CTX_TRY_NUMBER='1' AIRFLOW_CTX_DAG_RUN_ID='scheduled__2025-06-13T13:32:22.764243+00:00'
[2025-06-13T13:33:24.424+0000] {logging_mixin.py:151} INFO - ----------------------------
[2025-06-13T13:33:24.424+0000] {logging_mixin.py:151} INFO - 18
[2025-06-13T13:33:24.424+0000] {logging_mixin.py:151} INFO - ----------------------------
[2025-06-13T13:33:24.432+0000] {logging_mixin.py:151} INFO - [(9, 4, Decimal('73.02'), Decimal('2.30'), Decimal('6.71784')), (7, 7, Decimal('607.42'), Decimal('8.16'), Decimal('346.958304')), (1, 9, Decimal('272.83'), Decimal('17.64'), Decimal('433.144908')), (8, 1, Decimal('700.24'), Decimal('19.14'), Decimal('134.025936')), (18, 3, Decimal('665.36'), Decimal('3.62'), Decimal('72.258096')), (12, 2, Decimal('212.04'), Decimal('16.02'), Decimal('67.937616')), (11, 1, Decimal('354.17'), Decimal('2.05'), Decimal('7.260485'))]
[2025-06-13T13:33:24.434+0000] {logging_mixin.py:151} INFO - [(12, 9, 4, Decimal('73.02'), Decimal('2.30'), Decimal('6.71784')), (12, 7, 7, Decimal('607.42'), Decimal('8.16'), Decimal('346.958304')), (12, 1, 9, Decimal('272.83'), Decimal('17.64'), Decimal('433.144908')), (12, 8, 1, Decimal('700.24'), Decimal('19.14'), Decimal('134.025936')), (12, 18, 3, Decimal('665.36'), Decimal('3.62'), Decimal('72.258096')), (12, 12, 2, Decimal('212.04'), Decimal('16.02'), Decimal('67.937616')), (12, 11, 1, Decimal('354.17'), Decimal('2.05'), Decimal('7.260485'))]
[2025-06-13T13:33:24.466+0000] {logging_mixin.py:151} INFO - Simulation completed successfully!
[2025-06-13T13:33:24.466+0000] {logging_mixin.py:151} INFO - 12
[2025-06-13T13:33:24.467+0000] {python.py:194} INFO - Done. Returned value was: 12
[2025-06-13T13:33:24.532+0000] {taskinstance.py:1398} INFO - Marking task as SUCCESS. dag_id=ecommerce_generate_order_process, task_id=generate_order_process, execution_date=20250613T133222, start_date=20250613T133324, end_date=20250613T133324
[2025-06-13T13:33:24.611+0000] {local_task_job_runner.py:228} INFO - Task exited with return code 0
[2025-06-13T13:33:24.636+0000] {taskinstance.py:2776} INFO - 1 downstream tasks scheduled from follow-on schedule check
