[2025-06-13T16:02:34.556+0000] {taskinstance.py:1157} INFO - Dependencies all met for dep_context=non-requeueable deps ti=<TaskInstance: ecommerce_generate_order_process.generate_order_process scheduled__2025-06-13T16:01:31.606904+00:00 [queued]>
[2025-06-13T16:02:34.579+0000] {taskinstance.py:1157} INFO - Dependencies all met for dep_context=requeueable deps ti=<TaskInstance: ecommerce_generate_order_process.generate_order_process scheduled__2025-06-13T16:01:31.606904+00:00 [queued]>
[2025-06-13T16:02:34.580+0000] {taskinstance.py:1359} INFO - Starting attempt 1 of 6
[2025-06-13T16:02:34.623+0000] {taskinstance.py:1380} INFO - Executing <Task(_PythonDecoratedOperator): generate_order_process> on 2025-06-13 16:01:31.606904+00:00
[2025-06-13T16:02:34.636+0000] {standard_task_runner.py:57} INFO - Started process 1301 to run task
[2025-06-13T16:02:34.641+0000] {standard_task_runner.py:84} INFO - Running: ['***', 'tasks', 'run', 'ecommerce_generate_order_process', 'generate_order_process', 'scheduled__2025-06-13T16:01:31.606904+00:00', '--job-id', '85', '--raw', '--subdir', 'DAGS_FOLDER/generate_order_process.py', '--cfg-path', '/tmp/tmpgne_dnq0']
[2025-06-13T16:02:34.646+0000] {standard_task_runner.py:85} INFO - Job 85: Subtask generate_order_process
[2025-06-13T16:02:34.808+0000] {task_command.py:415} INFO - Running <TaskInstance: ecommerce_generate_order_process.generate_order_process scheduled__2025-06-13T16:01:31.606904+00:00 [running]> on host 3498b866135e
[2025-06-13T16:02:35.030+0000] {taskinstance.py:1660} INFO - Exporting env vars: AIRFLOW_CTX_DAG_OWNER='***' AIRFLOW_CTX_DAG_ID='ecommerce_generate_order_process' AIRFLOW_CTX_TASK_ID='generate_order_process' AIRFLOW_CTX_EXECUTION_DATE='2025-06-13T16:01:31.606904+00:00' AIRFLOW_CTX_TRY_NUMBER='1' AIRFLOW_CTX_DAG_RUN_ID='scheduled__2025-06-13T16:01:31.606904+00:00'
[2025-06-13T16:02:35.077+0000] {logging_mixin.py:151} INFO - ----------------------------
[2025-06-13T16:02:35.078+0000] {logging_mixin.py:151} INFO - 12
[2025-06-13T16:02:35.078+0000] {logging_mixin.py:151} INFO - ----------------------------
[2025-06-13T16:02:35.097+0000] {logging_mixin.py:151} INFO - [(8, 1, Decimal('130.57'), Decimal('13.94'), Decimal('18.201458')), (16, 7, Decimal('266.44'), Decimal('7.11'), Decimal('132.607188')), (22, 1, Decimal('429.81'), Decimal('5.21'), Decimal('22.393101')), (21, 4, Decimal('841.78'), Decimal('5.97'), Decimal('201.017064')), (17, 1, Decimal('207.60'), Decimal('14.70'), Decimal('30.51720')), (1, 1, Decimal('802.42'), Decimal('3.53'), Decimal('28.325426'))]
[2025-06-13T16:02:35.101+0000] {logging_mixin.py:151} INFO - [(15, 8, 1, Decimal('130.57'), Decimal('13.94'), Decimal('18.201458')), (15, 16, 7, Decimal('266.44'), Decimal('7.11'), Decimal('132.607188')), (15, 22, 1, Decimal('429.81'), Decimal('5.21'), Decimal('22.393101')), (15, 21, 4, Decimal('841.78'), Decimal('5.97'), Decimal('201.017064')), (15, 17, 1, Decimal('207.60'), Decimal('14.70'), Decimal('30.51720')), (15, 1, 1, Decimal('802.42'), Decimal('3.53'), Decimal('28.325426'))]
[2025-06-13T16:02:35.102+0000] {logging_mixin.py:151} INFO - Simulation completed successfully!
[2025-06-13T16:02:35.103+0000] {logging_mixin.py:151} INFO - 15
[2025-06-13T16:02:35.103+0000] {python.py:194} INFO - Done. Returned value was: 15
[2025-06-13T16:02:35.199+0000] {taskinstance.py:1398} INFO - Marking task as SUCCESS. dag_id=ecommerce_generate_order_process, task_id=generate_order_process, execution_date=20250613T160131, start_date=20250613T160234, end_date=20250613T160235
[2025-06-13T16:02:35.259+0000] {local_task_job_runner.py:228} INFO - Task exited with return code 0
[2025-06-13T16:02:35.321+0000] {taskinstance.py:2776} INFO - 0 downstream tasks scheduled from follow-on schedule check
