[2025-06-13T16:47:33.195+0000] {taskinstance.py:1157} INFO - Dependencies all met for dep_context=non-requeueable deps ti=<TaskInstance: ecommerce_generate_order_process.generate_order_process scheduled__2025-06-13T16:46:31.706122+00:00 [queued]>
[2025-06-13T16:47:33.211+0000] {taskinstance.py:1157} INFO - Dependencies all met for dep_context=requeueable deps ti=<TaskInstance: ecommerce_generate_order_process.generate_order_process scheduled__2025-06-13T16:46:31.706122+00:00 [queued]>
[2025-06-13T16:47:33.212+0000] {taskinstance.py:1359} INFO - Starting attempt 1 of 6
[2025-06-13T16:47:33.234+0000] {taskinstance.py:1380} INFO - Executing <Task(_PythonDecoratedOperator): generate_order_process> on 2025-06-13 16:46:31.706122+00:00
[2025-06-13T16:47:33.243+0000] {standard_task_runner.py:57} INFO - Started process 5231 to run task
[2025-06-13T16:47:33.248+0000] {standard_task_runner.py:84} INFO - Running: ['***', 'tasks', 'run', 'ecommerce_generate_order_process', 'generate_order_process', 'scheduled__2025-06-13T16:46:31.706122+00:00', '--job-id', '310', '--raw', '--subdir', 'DAGS_FOLDER/generate_order_process.py', '--cfg-path', '/tmp/tmpf1w76v6a']
[2025-06-13T16:47:33.252+0000] {standard_task_runner.py:85} INFO - Job 310: Subtask generate_order_process
[2025-06-13T16:47:33.429+0000] {task_command.py:415} INFO - Running <TaskInstance: ecommerce_generate_order_process.generate_order_process scheduled__2025-06-13T16:46:31.706122+00:00 [running]> on host 3498b866135e
[2025-06-13T16:47:33.795+0000] {taskinstance.py:1660} INFO - Exporting env vars: AIRFLOW_CTX_DAG_OWNER='***' AIRFLOW_CTX_DAG_ID='ecommerce_generate_order_process' AIRFLOW_CTX_TASK_ID='generate_order_process' AIRFLOW_CTX_EXECUTION_DATE='2025-06-13T16:46:31.706122+00:00' AIRFLOW_CTX_TRY_NUMBER='1' AIRFLOW_CTX_DAG_RUN_ID='scheduled__2025-06-13T16:46:31.706122+00:00'
[2025-06-13T16:47:33.823+0000] {logging_mixin.py:151} INFO - ----------------------------
[2025-06-13T16:47:33.824+0000] {logging_mixin.py:151} INFO - 30
[2025-06-13T16:47:33.824+0000] {logging_mixin.py:151} INFO - ----------------------------
[2025-06-13T16:47:33.834+0000] {logging_mixin.py:151} INFO - [(13, 4, Decimal('411.98'), Decimal('16.77'), Decimal('276.356184')), (25, 2, Decimal('34.67'), Decimal('5.72'), Decimal('3.966248')), (23, 1, Decimal('521.30'), Decimal('16.80'), Decimal('87.57840')), (21, 4, Decimal('841.78'), Decimal('5.97'), Decimal('201.017064')), (2, 1, Decimal('925.46'), Decimal('2.62'), Decimal('24.247052')), (16, 7, Decimal('266.44'), Decimal('7.11'), Decimal('132.607188')), (1, 1, Decimal('802.42'), Decimal('3.53'), Decimal('28.325426')), (19, 8, Decimal('665.31'), Decimal('4.02'), Decimal('213.963696'))]
[2025-06-13T16:47:33.838+0000] {logging_mixin.py:151} INFO - [(60, 13, 4, Decimal('411.98'), Decimal('16.77'), Decimal('276.356184')), (60, 25, 2, Decimal('34.67'), Decimal('5.72'), Decimal('3.966248')), (60, 23, 1, Decimal('521.30'), Decimal('16.80'), Decimal('87.57840')), (60, 21, 4, Decimal('841.78'), Decimal('5.97'), Decimal('201.017064')), (60, 2, 1, Decimal('925.46'), Decimal('2.62'), Decimal('24.247052')), (60, 16, 7, Decimal('266.44'), Decimal('7.11'), Decimal('132.607188')), (60, 1, 1, Decimal('802.42'), Decimal('3.53'), Decimal('28.325426')), (60, 19, 8, Decimal('665.31'), Decimal('4.02'), Decimal('213.963696'))]
[2025-06-13T16:47:33.839+0000] {logging_mixin.py:151} INFO - Simulation completed successfully!
[2025-06-13T16:47:33.840+0000] {logging_mixin.py:151} INFO - 60
[2025-06-13T16:47:33.840+0000] {python.py:194} INFO - Done. Returned value was: 60
[2025-06-13T16:47:33.901+0000] {taskinstance.py:1398} INFO - Marking task as SUCCESS. dag_id=ecommerce_generate_order_process, task_id=generate_order_process, execution_date=20250613T164631, start_date=20250613T164733, end_date=20250613T164733
[2025-06-13T16:47:33.940+0000] {local_task_job_runner.py:228} INFO - Task exited with return code 0
[2025-06-13T16:47:33.995+0000] {taskinstance.py:2776} INFO - 1 downstream tasks scheduled from follow-on schedule check
