[2025-06-14T02:46:13.176+0000] {taskinstance.py:1157} INFO - Dependencies all met for dep_context=non-requeueable deps ti=<TaskInstance: ecommerce_generate_order_process.generate_order_process scheduled__2025-06-14T02:45:12.033460+00:00 [queued]>
[2025-06-14T02:46:13.184+0000] {taskinstance.py:1157} INFO - Dependencies all met for dep_context=requeueable deps ti=<TaskInstance: ecommerce_generate_order_process.generate_order_process scheduled__2025-06-14T02:45:12.033460+00:00 [queued]>
[2025-06-14T02:46:13.185+0000] {taskinstance.py:1359} INFO - Starting attempt 1 of 6
[2025-06-14T02:46:13.195+0000] {taskinstance.py:1380} INFO - Executing <Task(_PythonDecoratedOperator): generate_order_process> on 2025-06-14 02:45:12.033460+00:00
[2025-06-14T02:46:13.200+0000] {standard_task_runner.py:57} INFO - Started process 5066 to run task
[2025-06-14T02:46:13.202+0000] {standard_task_runner.py:84} INFO - Running: ['***', 'tasks', 'run', 'ecommerce_generate_order_process', 'generate_order_process', 'scheduled__2025-06-14T02:45:12.033460+00:00', '--job-id', '659', '--raw', '--subdir', 'DAGS_FOLDER/generate_order_process.py', '--cfg-path', '/tmp/tmphcjdmqwp']
[2025-06-14T02:46:13.204+0000] {standard_task_runner.py:85} INFO - Job 659: Subtask generate_order_process
[2025-06-14T02:46:13.253+0000] {task_command.py:415} INFO - Running <TaskInstance: ecommerce_generate_order_process.generate_order_process scheduled__2025-06-14T02:45:12.033460+00:00 [running]> on host 3498b866135e
[2025-06-14T02:46:13.339+0000] {taskinstance.py:1660} INFO - Exporting env vars: AIRFLOW_CTX_DAG_OWNER='***' AIRFLOW_CTX_DAG_ID='ecommerce_generate_order_process' AIRFLOW_CTX_TASK_ID='generate_order_process' AIRFLOW_CTX_EXECUTION_DATE='2025-06-14T02:45:12.033460+00:00' AIRFLOW_CTX_TRY_NUMBER='1' AIRFLOW_CTX_DAG_RUN_ID='scheduled__2025-06-14T02:45:12.033460+00:00'
[2025-06-14T02:46:13.350+0000] {logging_mixin.py:151} INFO - ----------------------------
[2025-06-14T02:46:13.351+0000] {logging_mixin.py:151} INFO - 98
[2025-06-14T02:46:13.351+0000] {logging_mixin.py:151} INFO - ----------------------------
[2025-06-14T02:46:13.355+0000] {logging_mixin.py:151} INFO - [(23, 1, Decimal('521.30'), Decimal('16.80'), Decimal('87.57840')), (12, 6, Decimal('255.15'), Decimal('19.41'), Decimal('297.147690')), (2, 1, Decimal('925.46'), Decimal('2.62'), Decimal('24.247052')), (5, 8, Decimal('699.65'), Decimal('8.21'), Decimal('459.530120')), (39, 6, Decimal('713.46'), Decimal('15.39'), Decimal('658.808964')), (14, 5, Decimal('657.33'), Decimal('0.13'), Decimal('4.272645')), (49, 8, Decimal('42.29'), Decimal('1.49'), Decimal('5.040968')), (32, 8, Decimal('133.92'), Decimal('4.07'), Decimal('43.604352')), (36, 1, Decimal('745.80'), Decimal('1.07'), Decimal('7.980060')), (34, 5, Decimal('814.83'), Decimal('13.74'), Decimal('559.788210'))]
[2025-06-14T02:46:13.357+0000] {logging_mixin.py:151} INFO - [(127, 23, 1, Decimal('521.30'), Decimal('16.80'), Decimal('87.57840')), (127, 12, 6, Decimal('255.15'), Decimal('19.41'), Decimal('297.147690')), (127, 2, 1, Decimal('925.46'), Decimal('2.62'), Decimal('24.247052')), (127, 5, 8, Decimal('699.65'), Decimal('8.21'), Decimal('459.530120')), (127, 39, 6, Decimal('713.46'), Decimal('15.39'), Decimal('658.808964')), (127, 14, 5, Decimal('657.33'), Decimal('0.13'), Decimal('4.272645')), (127, 49, 8, Decimal('42.29'), Decimal('1.49'), Decimal('5.040968')), (127, 32, 8, Decimal('133.92'), Decimal('4.07'), Decimal('43.604352')), (127, 36, 1, Decimal('745.80'), Decimal('1.07'), Decimal('7.980060')), (127, 34, 5, Decimal('814.83'), Decimal('13.74'), Decimal('559.788210'))]
[2025-06-14T02:46:13.358+0000] {logging_mixin.py:151} INFO - Simulation completed successfully!
[2025-06-14T02:46:13.358+0000] {logging_mixin.py:151} INFO - 127
[2025-06-14T02:46:13.358+0000] {python.py:194} INFO - Done. Returned value was: 127
[2025-06-14T02:46:13.387+0000] {taskinstance.py:1398} INFO - Marking task as SUCCESS. dag_id=ecommerce_generate_order_process, task_id=generate_order_process, execution_date=20250614T024512, start_date=20250614T024613, end_date=20250614T024613
[2025-06-14T02:46:13.414+0000] {local_task_job_runner.py:228} INFO - Task exited with return code 0
[2025-06-14T02:46:13.438+0000] {taskinstance.py:2776} INFO - 1 downstream tasks scheduled from follow-on schedule check
