[2025-06-13T15:55:26.779+0000] {taskinstance.py:1157} INFO - Dependencies all met for dep_context=non-requeueable deps ti=<TaskInstance: ecommerce_generate_order_process.generate_order_process scheduled__2025-06-13T15:54:24.365447+00:00 [queued]>
[2025-06-13T15:55:26.802+0000] {taskinstance.py:1157} INFO - Dependencies all met for dep_context=requeueable deps ti=<TaskInstance: ecommerce_generate_order_process.generate_order_process scheduled__2025-06-13T15:54:24.365447+00:00 [queued]>
[2025-06-13T15:55:26.803+0000] {taskinstance.py:1359} INFO - Starting attempt 1 of 6
[2025-06-13T15:55:26.837+0000] {taskinstance.py:1380} INFO - Executing <Task(_PythonDecoratedOperator): generate_order_process> on 2025-06-13 15:54:24.365447+00:00
[2025-06-13T15:55:26.850+0000] {standard_task_runner.py:57} INFO - Started process 647 to run task
[2025-06-13T15:55:26.857+0000] {standard_task_runner.py:84} INFO - Running: ['***', 'tasks', 'run', 'ecommerce_generate_order_process', 'generate_order_process', 'scheduled__2025-06-13T15:54:24.365447+00:00', '--job-id', '38', '--raw', '--subdir', 'DAGS_FOLDER/generate_order_process.py', '--cfg-path', '/tmp/tmpha3z33sg']
[2025-06-13T15:55:26.862+0000] {standard_task_runner.py:85} INFO - Job 38: Subtask generate_order_process
[2025-06-13T15:55:27.033+0000] {task_command.py:415} INFO - Running <TaskInstance: ecommerce_generate_order_process.generate_order_process scheduled__2025-06-13T15:54:24.365447+00:00 [running]> on host 3498b866135e
[2025-06-13T15:55:27.318+0000] {taskinstance.py:1660} INFO - Exporting env vars: AIRFLOW_CTX_DAG_OWNER='***' AIRFLOW_CTX_DAG_ID='ecommerce_generate_order_process' AIRFLOW_CTX_TASK_ID='generate_order_process' AIRFLOW_CTX_EXECUTION_DATE='2025-06-13T15:54:24.365447+00:00' AIRFLOW_CTX_TRY_NUMBER='1' AIRFLOW_CTX_DAG_RUN_ID='scheduled__2025-06-13T15:54:24.365447+00:00'
[2025-06-13T15:55:27.348+0000] {logging_mixin.py:151} INFO - ----------------------------
[2025-06-13T15:55:27.348+0000] {logging_mixin.py:151} INFO - 9
[2025-06-13T15:55:27.348+0000] {logging_mixin.py:151} INFO - ----------------------------
[2025-06-13T15:55:27.358+0000] {logging_mixin.py:151} INFO - [(1, 1, Decimal('802.42'), Decimal('3.53'), Decimal('28.325426')), (15, 7, Decimal('523.55'), Decimal('19.06'), Decimal('698.520410')), (6, 1, Decimal('721.46'), Decimal('1.60'), Decimal('11.54336')), (13, 4, Decimal('411.98'), Decimal('16.77'), Decimal('276.356184')), (14, 5, Decimal('657.33'), Decimal('0.13'), Decimal('4.272645')), (17, 1, Decimal('207.60'), Decimal('14.70'), Decimal('30.51720')), (19, 8, Decimal('665.31'), Decimal('4.02'), Decimal('213.963696')), (21, 4, Decimal('841.78'), Decimal('5.97'), Decimal('201.017064')), (5, 8, Decimal('699.65'), Decimal('8.21'), Decimal('459.530120')), (11, 4, Decimal('668.03'), Decimal('3.23'), Decimal('86.309476'))]
[2025-06-13T15:55:27.362+0000] {logging_mixin.py:151} INFO - [(2, 1, 1, Decimal('802.42'), Decimal('3.53'), Decimal('28.325426')), (2, 15, 7, Decimal('523.55'), Decimal('19.06'), Decimal('698.520410')), (2, 6, 1, Decimal('721.46'), Decimal('1.60'), Decimal('11.54336')), (2, 13, 4, Decimal('411.98'), Decimal('16.77'), Decimal('276.356184')), (2, 14, 5, Decimal('657.33'), Decimal('0.13'), Decimal('4.272645')), (2, 17, 1, Decimal('207.60'), Decimal('14.70'), Decimal('30.51720')), (2, 19, 8, Decimal('665.31'), Decimal('4.02'), Decimal('213.963696')), (2, 21, 4, Decimal('841.78'), Decimal('5.97'), Decimal('201.017064')), (2, 5, 8, Decimal('699.65'), Decimal('8.21'), Decimal('459.530120')), (2, 11, 4, Decimal('668.03'), Decimal('3.23'), Decimal('86.309476'))]
[2025-06-13T15:55:27.364+0000] {logging_mixin.py:151} INFO - Simulation completed successfully!
[2025-06-13T15:55:27.364+0000] {logging_mixin.py:151} INFO - 2
[2025-06-13T15:55:27.364+0000] {python.py:194} INFO - Done. Returned value was: 2
[2025-06-13T15:55:27.420+0000] {taskinstance.py:1398} INFO - Marking task as SUCCESS. dag_id=ecommerce_generate_order_process, task_id=generate_order_process, execution_date=20250613T155424, start_date=20250613T155526, end_date=20250613T155527
[2025-06-13T15:55:27.469+0000] {local_task_job_runner.py:228} INFO - Task exited with return code 0
[2025-06-13T15:55:27.552+0000] {taskinstance.py:2776} INFO - 1 downstream tasks scheduled from follow-on schedule check
