[2025-06-13T16:08:33.764+0000] {taskinstance.py:1157} INFO - Dependencies all met for dep_context=non-requeueable deps ti=<TaskInstance: ecommerce_generate_order_process.generate_order_process scheduled__2025-06-13T16:07:31.606904+00:00 [queued]>
[2025-06-13T16:08:33.810+0000] {taskinstance.py:1157} INFO - Dependencies all met for dep_context=requeueable deps ti=<TaskInstance: ecommerce_generate_order_process.generate_order_process scheduled__2025-06-13T16:07:31.606904+00:00 [queued]>
[2025-06-13T16:08:33.811+0000] {taskinstance.py:1359} INFO - Starting attempt 1 of 6
[2025-06-13T16:08:33.862+0000] {taskinstance.py:1380} INFO - Executing <Task(_PythonDecoratedOperator): generate_order_process> on 2025-06-13 16:07:31.606904+00:00
[2025-06-13T16:08:33.878+0000] {standard_task_runner.py:57} INFO - Started process 1761 to run task
[2025-06-13T16:08:33.887+0000] {standard_task_runner.py:84} INFO - Running: ['***', 'tasks', 'run', 'ecommerce_generate_order_process', 'generate_order_process', 'scheduled__2025-06-13T16:07:31.606904+00:00', '--job-id', '115', '--raw', '--subdir', 'DAGS_FOLDER/generate_order_process.py', '--cfg-path', '/tmp/tmpd6k8ndcx']
[2025-06-13T16:08:33.894+0000] {standard_task_runner.py:85} INFO - Job 115: Subtask generate_order_process
[2025-06-13T16:08:34.108+0000] {task_command.py:415} INFO - Running <TaskInstance: ecommerce_generate_order_process.generate_order_process scheduled__2025-06-13T16:07:31.606904+00:00 [running]> on host 3498b866135e
[2025-06-13T16:08:34.514+0000] {taskinstance.py:1660} INFO - Exporting env vars: AIRFLOW_CTX_DAG_OWNER='***' AIRFLOW_CTX_DAG_ID='ecommerce_generate_order_process' AIRFLOW_CTX_TASK_ID='generate_order_process' AIRFLOW_CTX_EXECUTION_DATE='2025-06-13T16:07:31.606904+00:00' AIRFLOW_CTX_TRY_NUMBER='1' AIRFLOW_CTX_DAG_RUN_ID='scheduled__2025-06-13T16:07:31.606904+00:00'
[2025-06-13T16:08:34.571+0000] {logging_mixin.py:151} INFO - ----------------------------
[2025-06-13T16:08:34.572+0000] {logging_mixin.py:151} INFO - 33
[2025-06-13T16:08:34.572+0000] {logging_mixin.py:151} INFO - ----------------------------
[2025-06-13T16:08:34.602+0000] {logging_mixin.py:151} INFO - [(20, 8, Decimal('841.06'), Decimal('11.60'), Decimal('780.50368')), (12, 6, Decimal('255.15'), Decimal('19.41'), Decimal('297.147690')), (14, 5, Decimal('657.33'), Decimal('0.13'), Decimal('4.272645')), (9, 4, Decimal('724.69'), Decimal('11.61'), Decimal('336.546036')), (16, 7, Decimal('266.44'), Decimal('7.11'), Decimal('132.607188')), (21, 4, Decimal('841.78'), Decimal('5.97'), Decimal('201.017064')), (18, 9, Decimal('697.86'), Decimal('6.91'), Decimal('433.999134'))]
[2025-06-13T16:08:34.610+0000] {logging_mixin.py:151} INFO - [(21, 20, 8, Decimal('841.06'), Decimal('11.60'), Decimal('780.50368')), (21, 12, 6, Decimal('255.15'), Decimal('19.41'), Decimal('297.147690')), (21, 14, 5, Decimal('657.33'), Decimal('0.13'), Decimal('4.272645')), (21, 9, 4, Decimal('724.69'), Decimal('11.61'), Decimal('336.546036')), (21, 16, 7, Decimal('266.44'), Decimal('7.11'), Decimal('132.607188')), (21, 21, 4, Decimal('841.78'), Decimal('5.97'), Decimal('201.017064')), (21, 18, 9, Decimal('697.86'), Decimal('6.91'), Decimal('433.999134'))]
[2025-06-13T16:08:34.612+0000] {logging_mixin.py:151} INFO - Simulation completed successfully!
[2025-06-13T16:08:34.612+0000] {logging_mixin.py:151} INFO - 21
[2025-06-13T16:08:34.613+0000] {python.py:194} INFO - Done. Returned value was: 21
[2025-06-13T16:08:34.743+0000] {taskinstance.py:1398} INFO - Marking task as SUCCESS. dag_id=ecommerce_generate_order_process, task_id=generate_order_process, execution_date=20250613T160731, start_date=20250613T160833, end_date=20250613T160834
[2025-06-13T16:08:34.823+0000] {local_task_job_runner.py:228} INFO - Task exited with return code 0
[2025-06-13T16:08:34.927+0000] {taskinstance.py:2776} INFO - 1 downstream tasks scheduled from follow-on schedule check
