[2025-06-14T05:06:12.838+0000] {taskinstance.py:1157} INFO - Dependencies all met for dep_context=non-requeueable deps ti=<TaskInstance: ecommerce_generate_order_process.generate_order_process scheduled__2025-06-14T05:05:12.130199+00:00 [queued]>
[2025-06-14T05:06:12.846+0000] {taskinstance.py:1157} INFO - Dependencies all met for dep_context=requeueable deps ti=<TaskInstance: ecommerce_generate_order_process.generate_order_process scheduled__2025-06-14T05:05:12.130199+00:00 [queued]>
[2025-06-14T05:06:12.846+0000] {taskinstance.py:1359} INFO - Starting attempt 1 of 6
[2025-06-14T05:06:12.858+0000] {taskinstance.py:1380} INFO - Executing <Task(_PythonDecoratedOperator): generate_order_process> on 2025-06-14 05:05:12.130199+00:00
[2025-06-14T05:06:12.864+0000] {standard_task_runner.py:57} INFO - Started process 17439 to run task
[2025-06-14T05:06:12.866+0000] {standard_task_runner.py:84} INFO - Running: ['***', 'tasks', 'run', 'ecommerce_generate_order_process', 'generate_order_process', 'scheduled__2025-06-14T05:05:12.130199+00:00', '--job-id', '1359', '--raw', '--subdir', 'DAGS_FOLDER/generate_order_process.py', '--cfg-path', '/tmp/tmprn9azvdw']
[2025-06-14T05:06:12.868+0000] {standard_task_runner.py:85} INFO - Job 1359: Subtask generate_order_process
[2025-06-14T05:06:12.929+0000] {task_command.py:415} INFO - Running <TaskInstance: ecommerce_generate_order_process.generate_order_process scheduled__2025-06-14T05:05:12.130199+00:00 [running]> on host 3498b866135e
[2025-06-14T05:06:13.046+0000] {taskinstance.py:1660} INFO - Exporting env vars: AIRFLOW_CTX_DAG_OWNER='***' AIRFLOW_CTX_DAG_ID='ecommerce_generate_order_process' AIRFLOW_CTX_TASK_ID='generate_order_process' AIRFLOW_CTX_EXECUTION_DATE='2025-06-14T05:05:12.130199+00:00' AIRFLOW_CTX_TRY_NUMBER='1' AIRFLOW_CTX_DAG_RUN_ID='scheduled__2025-06-14T05:05:12.130199+00:00'
[2025-06-14T05:06:13.063+0000] {logging_mixin.py:151} INFO - ----------------------------
[2025-06-14T05:06:13.063+0000] {logging_mixin.py:151} INFO - 379
[2025-06-14T05:06:13.064+0000] {logging_mixin.py:151} INFO - ----------------------------
[2025-06-14T05:06:13.071+0000] {logging_mixin.py:151} INFO - [(2, 1, Decimal('925.46'), Decimal('2.62'), Decimal('24.247052')), (22, 1, Decimal('429.81'), Decimal('5.21'), Decimal('22.393101')), (37, 7, Decimal('892.19'), Decimal('4.68'), Decimal('292.281444')), (50, 6, Decimal('732.13'), Decimal('17.33'), Decimal('761.268774')), (20, 8, Decimal('841.06'), Decimal('11.60'), Decimal('780.50368')), (26, 5, Decimal('349.97'), Decimal('8.34'), Decimal('145.937490')), (30, 2, Decimal('913.08'), Decimal('18.10'), Decimal('330.53496'))]
[2025-06-14T05:06:13.073+0000] {logging_mixin.py:151} INFO - [(267, 2, 1, Decimal('925.46'), Decimal('2.62'), Decimal('24.247052')), (267, 22, 1, Decimal('429.81'), Decimal('5.21'), Decimal('22.393101')), (267, 37, 7, Decimal('892.19'), Decimal('4.68'), Decimal('292.281444')), (267, 50, 6, Decimal('732.13'), Decimal('17.33'), Decimal('761.268774')), (267, 20, 8, Decimal('841.06'), Decimal('11.60'), Decimal('780.50368')), (267, 26, 5, Decimal('349.97'), Decimal('8.34'), Decimal('145.937490')), (267, 30, 2, Decimal('913.08'), Decimal('18.10'), Decimal('330.53496'))]
[2025-06-14T05:06:13.075+0000] {logging_mixin.py:151} INFO - Simulation completed successfully!
[2025-06-14T05:06:13.075+0000] {logging_mixin.py:151} INFO - 267
[2025-06-14T05:06:13.075+0000] {python.py:194} INFO - Done. Returned value was: 267
[2025-06-14T05:06:13.112+0000] {taskinstance.py:1398} INFO - Marking task as SUCCESS. dag_id=ecommerce_generate_order_process, task_id=generate_order_process, execution_date=20250614T050512, start_date=20250614T050612, end_date=20250614T050613
[2025-06-14T05:06:13.158+0000] {local_task_job_runner.py:228} INFO - Task exited with return code 0
[2025-06-14T05:06:13.185+0000] {taskinstance.py:2776} INFO - 1 downstream tasks scheduled from follow-on schedule check
