[2025-06-14T02:08:13.267+0000] {taskinstance.py:1157} INFO - Dependencies all met for dep_context=non-requeueable deps ti=<TaskInstance: ecommerce_generate_order_process.generate_order_process scheduled__2025-06-14T02:07:11.775941+00:00 [queued]>
[2025-06-14T02:08:13.277+0000] {taskinstance.py:1157} INFO - Dependencies all met for dep_context=requeueable deps ti=<TaskInstance: ecommerce_generate_order_process.generate_order_process scheduled__2025-06-14T02:07:11.775941+00:00 [queued]>
[2025-06-14T02:08:13.277+0000] {taskinstance.py:1359} INFO - Starting attempt 1 of 6
[2025-06-14T02:08:13.291+0000] {taskinstance.py:1380} INFO - Executing <Task(_PythonDecoratedOperator): generate_order_process> on 2025-06-14 02:07:11.775941+00:00
[2025-06-14T02:08:13.297+0000] {standard_task_runner.py:57} INFO - Started process 1716 to run task
[2025-06-14T02:08:13.300+0000] {standard_task_runner.py:84} INFO - Running: ['***', 'tasks', 'run', 'ecommerce_generate_order_process', 'generate_order_process', 'scheduled__2025-06-14T02:07:11.775941+00:00', '--job-id', '469', '--raw', '--subdir', 'DAGS_FOLDER/generate_order_process.py', '--cfg-path', '/tmp/tmpxoiyp8op']
[2025-06-14T02:08:13.303+0000] {standard_task_runner.py:85} INFO - Job 469: Subtask generate_order_process
[2025-06-14T02:08:13.374+0000] {task_command.py:415} INFO - Running <TaskInstance: ecommerce_generate_order_process.generate_order_process scheduled__2025-06-14T02:07:11.775941+00:00 [running]> on host 3498b866135e
[2025-06-14T02:08:13.501+0000] {taskinstance.py:1660} INFO - Exporting env vars: AIRFLOW_CTX_DAG_OWNER='***' AIRFLOW_CTX_DAG_ID='ecommerce_generate_order_process' AIRFLOW_CTX_TASK_ID='generate_order_process' AIRFLOW_CTX_EXECUTION_DATE='2025-06-14T02:07:11.775941+00:00' AIRFLOW_CTX_TRY_NUMBER='1' AIRFLOW_CTX_DAG_RUN_ID='scheduled__2025-06-14T02:07:11.775941+00:00'
[2025-06-14T02:08:13.521+0000] {logging_mixin.py:151} INFO - ----------------------------
[2025-06-14T02:08:13.521+0000] {logging_mixin.py:151} INFO - 13
[2025-06-14T02:08:13.521+0000] {logging_mixin.py:151} INFO - ----------------------------
[2025-06-14T02:08:13.530+0000] {logging_mixin.py:151} INFO - [(16, 7, Decimal('266.44'), Decimal('7.11'), Decimal('132.607188')), (10, 4, Decimal('598.05'), Decimal('10.18'), Decimal('243.525960')), (17, 1, Decimal('207.60'), Decimal('14.70'), Decimal('30.51720')), (36, 1, Decimal('745.80'), Decimal('1.07'), Decimal('7.980060')), (43, 8, Decimal('746.10'), Decimal('4.92'), Decimal('293.664960'))]
[2025-06-14T02:08:13.531+0000] {logging_mixin.py:151} INFO - [(89, 16, 7, Decimal('266.44'), Decimal('7.11'), Decimal('132.607188')), (89, 10, 4, Decimal('598.05'), Decimal('10.18'), Decimal('243.525960')), (89, 17, 1, Decimal('207.60'), Decimal('14.70'), Decimal('30.51720')), (89, 36, 1, Decimal('745.80'), Decimal('1.07'), Decimal('7.980060')), (89, 43, 8, Decimal('746.10'), Decimal('4.92'), Decimal('293.664960'))]
[2025-06-14T02:08:13.533+0000] {logging_mixin.py:151} INFO - Simulation completed successfully!
[2025-06-14T02:08:13.533+0000] {logging_mixin.py:151} INFO - 89
[2025-06-14T02:08:13.533+0000] {python.py:194} INFO - Done. Returned value was: 89
[2025-06-14T02:08:13.581+0000] {taskinstance.py:1398} INFO - Marking task as SUCCESS. dag_id=ecommerce_generate_order_process, task_id=generate_order_process, execution_date=20250614T020711, start_date=20250614T020813, end_date=20250614T020813
[2025-06-14T02:08:13.632+0000] {local_task_job_runner.py:228} INFO - Task exited with return code 0
[2025-06-14T02:08:13.664+0000] {taskinstance.py:2776} INFO - 0 downstream tasks scheduled from follow-on schedule check
