[2025-06-13T16:03:34.509+0000] {taskinstance.py:1157} INFO - Dependencies all met for dep_context=non-requeueable deps ti=<TaskInstance: ecommerce_generate_order_process.generate_order_process scheduled__2025-06-13T16:02:31.606904+00:00 [queued]>
[2025-06-13T16:03:34.533+0000] {taskinstance.py:1157} INFO - Dependencies all met for dep_context=requeueable deps ti=<TaskInstance: ecommerce_generate_order_process.generate_order_process scheduled__2025-06-13T16:02:31.606904+00:00 [queued]>
[2025-06-13T16:03:34.533+0000] {taskinstance.py:1359} INFO - Starting attempt 1 of 6
[2025-06-13T16:03:34.584+0000] {taskinstance.py:1380} INFO - Executing <Task(_PythonDecoratedOperator): generate_order_process> on 2025-06-13 16:02:31.606904+00:00
[2025-06-13T16:03:34.605+0000] {standard_task_runner.py:57} INFO - Started process 1371 to run task
[2025-06-13T16:03:34.618+0000] {standard_task_runner.py:84} INFO - Running: ['***', 'tasks', 'run', 'ecommerce_generate_order_process', 'generate_order_process', 'scheduled__2025-06-13T16:02:31.606904+00:00', '--job-id', '90', '--raw', '--subdir', 'DAGS_FOLDER/generate_order_process.py', '--cfg-path', '/tmp/tmpp80piv6a']
[2025-06-13T16:03:34.627+0000] {standard_task_runner.py:85} INFO - Job 90: Subtask generate_order_process
[2025-06-13T16:03:34.838+0000] {task_command.py:415} INFO - Running <TaskInstance: ecommerce_generate_order_process.generate_order_process scheduled__2025-06-13T16:02:31.606904+00:00 [running]> on host 3498b866135e
[2025-06-13T16:03:35.052+0000] {taskinstance.py:1660} INFO - Exporting env vars: AIRFLOW_CTX_DAG_OWNER='***' AIRFLOW_CTX_DAG_ID='ecommerce_generate_order_process' AIRFLOW_CTX_TASK_ID='generate_order_process' AIRFLOW_CTX_EXECUTION_DATE='2025-06-13T16:02:31.606904+00:00' AIRFLOW_CTX_TRY_NUMBER='1' AIRFLOW_CTX_DAG_RUN_ID='scheduled__2025-06-13T16:02:31.606904+00:00'
[2025-06-13T16:03:35.089+0000] {logging_mixin.py:151} INFO - ----------------------------
[2025-06-13T16:03:35.089+0000] {logging_mixin.py:151} INFO - 25
[2025-06-13T16:03:35.089+0000] {logging_mixin.py:151} INFO - ----------------------------
[2025-06-13T16:03:35.108+0000] {logging_mixin.py:151} INFO - [(8, 1, Decimal('130.57'), Decimal('13.94'), Decimal('18.201458')), (2, 1, Decimal('925.46'), Decimal('2.62'), Decimal('24.247052')), (3, 7, Decimal('946.29'), Decimal('2.59'), Decimal('171.562377')), (19, 8, Decimal('665.31'), Decimal('4.02'), Decimal('213.963696')), (16, 7, Decimal('266.44'), Decimal('7.11'), Decimal('132.607188')), (25, 2, Decimal('34.67'), Decimal('5.72'), Decimal('3.966248')), (10, 4, Decimal('598.05'), Decimal('10.18'), Decimal('243.525960'))]
[2025-06-13T16:03:35.112+0000] {logging_mixin.py:151} INFO - [(16, 8, 1, Decimal('130.57'), Decimal('13.94'), Decimal('18.201458')), (16, 2, 1, Decimal('925.46'), Decimal('2.62'), Decimal('24.247052')), (16, 3, 7, Decimal('946.29'), Decimal('2.59'), Decimal('171.562377')), (16, 19, 8, Decimal('665.31'), Decimal('4.02'), Decimal('213.963696')), (16, 16, 7, Decimal('266.44'), Decimal('7.11'), Decimal('132.607188')), (16, 25, 2, Decimal('34.67'), Decimal('5.72'), Decimal('3.966248')), (16, 10, 4, Decimal('598.05'), Decimal('10.18'), Decimal('243.525960'))]
[2025-06-13T16:03:35.114+0000] {logging_mixin.py:151} INFO - Simulation completed successfully!
[2025-06-13T16:03:35.114+0000] {logging_mixin.py:151} INFO - 16
[2025-06-13T16:03:35.114+0000] {python.py:194} INFO - Done. Returned value was: 16
[2025-06-13T16:03:35.194+0000] {taskinstance.py:1398} INFO - Marking task as SUCCESS. dag_id=ecommerce_generate_order_process, task_id=generate_order_process, execution_date=20250613T160231, start_date=20250613T160334, end_date=20250613T160335
[2025-06-13T16:03:35.266+0000] {local_task_job_runner.py:228} INFO - Task exited with return code 0
[2025-06-13T16:03:35.367+0000] {taskinstance.py:2776} INFO - 1 downstream tasks scheduled from follow-on schedule check
