[2025-06-13T16:25:33.268+0000] {taskinstance.py:1157} INFO - Dependencies all met for dep_context=non-requeueable deps ti=<TaskInstance: ecommerce_generate_order_process.generate_order_process scheduled__2025-06-13T16:24:31.606904+00:00 [queued]>
[2025-06-13T16:25:33.295+0000] {taskinstance.py:1157} INFO - Dependencies all met for dep_context=requeueable deps ti=<TaskInstance: ecommerce_generate_order_process.generate_order_process scheduled__2025-06-13T16:24:31.606904+00:00 [queued]>
[2025-06-13T16:25:33.296+0000] {taskinstance.py:1359} INFO - Starting attempt 1 of 6
[2025-06-13T16:25:33.335+0000] {taskinstance.py:1380} INFO - Executing <Task(_PythonDecoratedOperator): generate_order_process> on 2025-06-13 16:24:31.606904+00:00
[2025-06-13T16:25:33.354+0000] {standard_task_runner.py:57} INFO - Started process 3286 to run task
[2025-06-13T16:25:33.362+0000] {standard_task_runner.py:84} INFO - Running: ['***', 'tasks', 'run', 'ecommerce_generate_order_process', 'generate_order_process', 'scheduled__2025-06-13T16:24:31.606904+00:00', '--job-id', '200', '--raw', '--subdir', 'DAGS_FOLDER/generate_order_process.py', '--cfg-path', '/tmp/tmp2jiczk_b']
[2025-06-13T16:25:33.369+0000] {standard_task_runner.py:85} INFO - Job 200: Subtask generate_order_process
[2025-06-13T16:25:33.530+0000] {task_command.py:415} INFO - Running <TaskInstance: ecommerce_generate_order_process.generate_order_process scheduled__2025-06-13T16:24:31.606904+00:00 [running]> on host 3498b866135e
[2025-06-13T16:25:33.694+0000] {taskinstance.py:1660} INFO - Exporting env vars: AIRFLOW_CTX_DAG_OWNER='***' AIRFLOW_CTX_DAG_ID='ecommerce_generate_order_process' AIRFLOW_CTX_TASK_ID='generate_order_process' AIRFLOW_CTX_EXECUTION_DATE='2025-06-13T16:24:31.606904+00:00' AIRFLOW_CTX_TRY_NUMBER='1' AIRFLOW_CTX_DAG_RUN_ID='scheduled__2025-06-13T16:24:31.606904+00:00'
[2025-06-13T16:25:33.717+0000] {logging_mixin.py:151} INFO - ----------------------------
[2025-06-13T16:25:33.717+0000] {logging_mixin.py:151} INFO - 13
[2025-06-13T16:25:33.717+0000] {logging_mixin.py:151} INFO - ----------------------------
[2025-06-13T16:25:33.731+0000] {logging_mixin.py:151} INFO - [(8, 1, Decimal('130.57'), Decimal('13.94'), Decimal('18.201458')), (15, 7, Decimal('523.55'), Decimal('19.06'), Decimal('698.520410')), (11, 4, Decimal('668.03'), Decimal('3.23'), Decimal('86.309476')), (13, 4, Decimal('411.98'), Decimal('16.77'), Decimal('276.356184')), (16, 7, Decimal('266.44'), Decimal('7.11'), Decimal('132.607188'))]
[2025-06-13T16:25:33.734+0000] {logging_mixin.py:151} INFO - [(38, 8, 1, Decimal('130.57'), Decimal('13.94'), Decimal('18.201458')), (38, 15, 7, Decimal('523.55'), Decimal('19.06'), Decimal('698.520410')), (38, 11, 4, Decimal('668.03'), Decimal('3.23'), Decimal('86.309476')), (38, 13, 4, Decimal('411.98'), Decimal('16.77'), Decimal('276.356184')), (38, 16, 7, Decimal('266.44'), Decimal('7.11'), Decimal('132.607188'))]
[2025-06-13T16:25:33.736+0000] {logging_mixin.py:151} INFO - Simulation completed successfully!
[2025-06-13T16:25:33.737+0000] {logging_mixin.py:151} INFO - 38
[2025-06-13T16:25:33.737+0000] {python.py:194} INFO - Done. Returned value was: 38
[2025-06-13T16:25:33.854+0000] {taskinstance.py:1398} INFO - Marking task as SUCCESS. dag_id=ecommerce_generate_order_process, task_id=generate_order_process, execution_date=20250613T162431, start_date=20250613T162533, end_date=20250613T162533
[2025-06-13T16:25:33.894+0000] {local_task_job_runner.py:228} INFO - Task exited with return code 0
[2025-06-13T16:25:33.942+0000] {taskinstance.py:2776} INFO - 1 downstream tasks scheduled from follow-on schedule check
