[2025-06-14T04:13:13.080+0000] {taskinstance.py:1157} INFO - Dependencies all met for dep_context=non-requeueable deps ti=<TaskInstance: ecommerce_generate_order_process.generate_order_process scheduled__2025-06-14T04:12:12.130199+00:00 [queued]>
[2025-06-14T04:13:13.088+0000] {taskinstance.py:1157} INFO - Dependencies all met for dep_context=requeueable deps ti=<TaskInstance: ecommerce_generate_order_process.generate_order_process scheduled__2025-06-14T04:12:12.130199+00:00 [queued]>
[2025-06-14T04:13:13.088+0000] {taskinstance.py:1359} INFO - Starting attempt 1 of 6
[2025-06-14T04:13:13.099+0000] {taskinstance.py:1380} INFO - Executing <Task(_PythonDecoratedOperator): generate_order_process> on 2025-06-14 04:12:12.130199+00:00
[2025-06-14T04:13:13.104+0000] {standard_task_runner.py:57} INFO - Started process 12766 to run task
[2025-06-14T04:13:13.106+0000] {standard_task_runner.py:84} INFO - Running: ['***', 'tasks', 'run', 'ecommerce_generate_order_process', 'generate_order_process', 'scheduled__2025-06-14T04:12:12.130199+00:00', '--job-id', '1094', '--raw', '--subdir', 'DAGS_FOLDER/generate_order_process.py', '--cfg-path', '/tmp/tmp_hmbi0qv']
[2025-06-14T04:13:13.108+0000] {standard_task_runner.py:85} INFO - Job 1094: Subtask generate_order_process
[2025-06-14T04:13:13.158+0000] {task_command.py:415} INFO - Running <TaskInstance: ecommerce_generate_order_process.generate_order_process scheduled__2025-06-14T04:12:12.130199+00:00 [running]> on host 3498b866135e
[2025-06-14T04:13:13.247+0000] {taskinstance.py:1660} INFO - Exporting env vars: AIRFLOW_CTX_DAG_OWNER='***' AIRFLOW_CTX_DAG_ID='ecommerce_generate_order_process' AIRFLOW_CTX_TASK_ID='generate_order_process' AIRFLOW_CTX_EXECUTION_DATE='2025-06-14T04:12:12.130199+00:00' AIRFLOW_CTX_TRY_NUMBER='1' AIRFLOW_CTX_DAG_RUN_ID='scheduled__2025-06-14T04:12:12.130199+00:00'
[2025-06-14T04:13:13.259+0000] {logging_mixin.py:151} INFO - ----------------------------
[2025-06-14T04:13:13.259+0000] {logging_mixin.py:151} INFO - 263
[2025-06-14T04:13:13.259+0000] {logging_mixin.py:151} INFO - ----------------------------
[2025-06-14T04:13:13.264+0000] {logging_mixin.py:151} INFO - [(41, 1, Decimal('855.34'), Decimal('13.96'), Decimal('119.405464')), (31, 6, Decimal('878.54'), Decimal('16.74'), Decimal('882.405576')), (43, 8, Decimal('746.10'), Decimal('4.92'), Decimal('293.664960')), (22, 1, Decimal('429.81'), Decimal('5.21'), Decimal('22.393101')), (12, 6, Decimal('255.15'), Decimal('19.41'), Decimal('297.147690')), (29, 5, Decimal('201.03'), Decimal('16.88'), Decimal('169.669320')), (35, 3, Decimal('512.37'), Decimal('5.78'), Decimal('88.844958')), (33, 9, Decimal('508.62'), Decimal('3.37'), Decimal('154.264446')), (10, 4, Decimal('598.05'), Decimal('10.18'), Decimal('243.525960')), (34, 5, Decimal('814.83'), Decimal('13.74'), Decimal('559.788210'))]
[2025-06-14T04:13:13.266+0000] {logging_mixin.py:151} INFO - [(214, 41, 1, Decimal('855.34'), Decimal('13.96'), Decimal('119.405464')), (214, 31, 6, Decimal('878.54'), Decimal('16.74'), Decimal('882.405576')), (214, 43, 8, Decimal('746.10'), Decimal('4.92'), Decimal('293.664960')), (214, 22, 1, Decimal('429.81'), Decimal('5.21'), Decimal('22.393101')), (214, 12, 6, Decimal('255.15'), Decimal('19.41'), Decimal('297.147690')), (214, 29, 5, Decimal('201.03'), Decimal('16.88'), Decimal('169.669320')), (214, 35, 3, Decimal('512.37'), Decimal('5.78'), Decimal('88.844958')), (214, 33, 9, Decimal('508.62'), Decimal('3.37'), Decimal('154.264446')), (214, 10, 4, Decimal('598.05'), Decimal('10.18'), Decimal('243.525960')), (214, 34, 5, Decimal('814.83'), Decimal('13.74'), Decimal('559.788210'))]
[2025-06-14T04:13:13.268+0000] {logging_mixin.py:151} INFO - Simulation completed successfully!
[2025-06-14T04:13:13.268+0000] {logging_mixin.py:151} INFO - 214
[2025-06-14T04:13:13.268+0000] {python.py:194} INFO - Done. Returned value was: 214
[2025-06-14T04:13:13.295+0000] {taskinstance.py:1398} INFO - Marking task as SUCCESS. dag_id=ecommerce_generate_order_process, task_id=generate_order_process, execution_date=20250614T041212, start_date=20250614T041313, end_date=20250614T041313
[2025-06-14T04:13:13.318+0000] {local_task_job_runner.py:228} INFO - Task exited with return code 0
[2025-06-14T04:13:13.339+0000] {taskinstance.py:2776} INFO - 1 downstream tasks scheduled from follow-on schedule check
