[2025-06-13T13:30:20.530+0000] {taskinstance.py:1157} INFO - Dependencies all met for dep_context=non-requeueable deps ti=<TaskInstance: ecommerce_generate_order_process.generate_order_process scheduled__2025-06-13T13:24:18.329760+00:00 [queued]>
[2025-06-13T13:30:20.537+0000] {taskinstance.py:1157} INFO - Dependencies all met for dep_context=requeueable deps ti=<TaskInstance: ecommerce_generate_order_process.generate_order_process scheduled__2025-06-13T13:24:18.329760+00:00 [queued]>
[2025-06-13T13:30:20.538+0000] {taskinstance.py:1359} INFO - Starting attempt 2 of 6
[2025-06-13T13:30:20.549+0000] {taskinstance.py:1380} INFO - Executing <Task(_PythonDecoratedOperator): generate_order_process> on 2025-06-13 13:24:18.329760+00:00
[2025-06-13T13:30:20.554+0000] {standard_task_runner.py:57} INFO - Started process 746 to run task
[2025-06-13T13:30:20.556+0000] {standard_task_runner.py:84} INFO - Running: ['***', 'tasks', 'run', 'ecommerce_generate_order_process', 'generate_order_process', 'scheduled__2025-06-13T13:24:18.329760+00:00', '--job-id', '47', '--raw', '--subdir', 'DAGS_FOLDER/generate_order_process.py', '--cfg-path', '/tmp/tmpfupz26qy']
[2025-06-13T13:30:20.558+0000] {standard_task_runner.py:85} INFO - Job 47: Subtask generate_order_process
[2025-06-13T13:30:20.613+0000] {task_command.py:415} INFO - Running <TaskInstance: ecommerce_generate_order_process.generate_order_process scheduled__2025-06-13T13:24:18.329760+00:00 [running]> on host 3ddb9b5ffd69
[2025-06-13T13:30:20.706+0000] {taskinstance.py:1660} INFO - Exporting env vars: AIRFLOW_CTX_DAG_OWNER='***' AIRFLOW_CTX_DAG_ID='ecommerce_generate_order_process' AIRFLOW_CTX_TASK_ID='generate_order_process' AIRFLOW_CTX_EXECUTION_DATE='2025-06-13T13:24:18.329760+00:00' AIRFLOW_CTX_TRY_NUMBER='2' AIRFLOW_CTX_DAG_RUN_ID='scheduled__2025-06-13T13:24:18.329760+00:00'
[2025-06-13T13:30:20.719+0000] {logging_mixin.py:151} INFO - ----------------------------
[2025-06-13T13:30:20.719+0000] {logging_mixin.py:151} INFO - 14
[2025-06-13T13:30:20.719+0000] {logging_mixin.py:151} INFO - ----------------------------
[2025-06-13T13:30:20.725+0000] {logging_mixin.py:151} INFO - [(8, 1, Decimal('700.24'), Decimal('19.14'), Decimal('134.025936')), (3, 3, Decimal('332.65'), Decimal('18.77'), Decimal('187.315215')), (17, 7, Decimal('336.53'), Decimal('5.78'), Decimal('136.160038')), (24, 5, Decimal('125.94'), Decimal('2.17'), Decimal('13.664490')), (11, 1, Decimal('354.17'), Decimal('2.05'), Decimal('7.260485')), (5, 3, Decimal('610.82'), Decimal('14.13'), Decimal('258.926598')), (20, 2, Decimal('225.29'), Decimal('0.23'), Decimal('1.036334'))]
[2025-06-13T13:30:20.727+0000] {logging_mixin.py:151} INFO - [(5, 8, 1, Decimal('700.24'), Decimal('19.14'), Decimal('134.025936')), (5, 3, 3, Decimal('332.65'), Decimal('18.77'), Decimal('187.315215')), (5, 17, 7, Decimal('336.53'), Decimal('5.78'), Decimal('136.160038')), (5, 24, 5, Decimal('125.94'), Decimal('2.17'), Decimal('13.664490')), (5, 11, 1, Decimal('354.17'), Decimal('2.05'), Decimal('7.260485')), (5, 5, 3, Decimal('610.82'), Decimal('14.13'), Decimal('258.926598')), (5, 20, 2, Decimal('225.29'), Decimal('0.23'), Decimal('1.036334'))]
[2025-06-13T13:30:20.728+0000] {logging_mixin.py:151} INFO - Simulation completed successfully!
[2025-06-13T13:30:20.728+0000] {logging_mixin.py:151} INFO - 5
[2025-06-13T13:30:20.728+0000] {python.py:194} INFO - Done. Returned value was: 5
[2025-06-13T13:30:20.767+0000] {taskinstance.py:1398} INFO - Marking task as SUCCESS. dag_id=ecommerce_generate_order_process, task_id=generate_order_process, execution_date=20250613T132418, start_date=20250613T133020, end_date=20250613T133020
[2025-06-13T13:30:20.808+0000] {local_task_job_runner.py:228} INFO - Task exited with return code 0
[2025-06-13T13:30:20.835+0000] {taskinstance.py:2776} INFO - 1 downstream tasks scheduled from follow-on schedule check
