[2025-06-13T16:50:33.506+0000] {taskinstance.py:1157} INFO - Dependencies all met for dep_context=non-requeueable deps ti=<TaskInstance: ecommerce_generate_order_process.generate_order_process scheduled__2025-06-13T16:49:31.706122+00:00 [queued]>
[2025-06-13T16:50:33.520+0000] {taskinstance.py:1157} INFO - Dependencies all met for dep_context=requeueable deps ti=<TaskInstance: ecommerce_generate_order_process.generate_order_process scheduled__2025-06-13T16:49:31.706122+00:00 [queued]>
[2025-06-13T16:50:33.520+0000] {taskinstance.py:1359} INFO - Starting attempt 1 of 6
[2025-06-13T16:50:33.547+0000] {taskinstance.py:1380} INFO - Executing <Task(_PythonDecoratedOperator): generate_order_process> on 2025-06-13 16:49:31.706122+00:00
[2025-06-13T16:50:33.555+0000] {standard_task_runner.py:57} INFO - Started process 5501 to run task
[2025-06-13T16:50:33.559+0000] {standard_task_runner.py:84} INFO - Running: ['***', 'tasks', 'run', 'ecommerce_generate_order_process', 'generate_order_process', 'scheduled__2025-06-13T16:49:31.706122+00:00', '--job-id', '325', '--raw', '--subdir', 'DAGS_FOLDER/generate_order_process.py', '--cfg-path', '/tmp/tmpl_8l3pf4']
[2025-06-13T16:50:33.562+0000] {standard_task_runner.py:85} INFO - Job 325: Subtask generate_order_process
[2025-06-13T16:50:33.666+0000] {task_command.py:415} INFO - Running <TaskInstance: ecommerce_generate_order_process.generate_order_process scheduled__2025-06-13T16:49:31.706122+00:00 [running]> on host 3498b866135e
[2025-06-13T16:50:33.847+0000] {taskinstance.py:1660} INFO - Exporting env vars: AIRFLOW_CTX_DAG_OWNER='***' AIRFLOW_CTX_DAG_ID='ecommerce_generate_order_process' AIRFLOW_CTX_TASK_ID='generate_order_process' AIRFLOW_CTX_EXECUTION_DATE='2025-06-13T16:49:31.706122+00:00' AIRFLOW_CTX_TRY_NUMBER='1' AIRFLOW_CTX_DAG_RUN_ID='scheduled__2025-06-13T16:49:31.706122+00:00'
[2025-06-13T16:50:33.872+0000] {logging_mixin.py:151} INFO - ----------------------------
[2025-06-13T16:50:33.873+0000] {logging_mixin.py:151} INFO - 26
[2025-06-13T16:50:33.873+0000] {logging_mixin.py:151} INFO - ----------------------------
[2025-06-13T16:50:33.884+0000] {logging_mixin.py:151} INFO - [(23, 1, Decimal('521.30'), Decimal('16.80'), Decimal('87.57840')), (10, 4, Decimal('598.05'), Decimal('10.18'), Decimal('243.525960'))]
[2025-06-13T16:50:33.886+0000] {logging_mixin.py:151} INFO - [(63, 23, 1, Decimal('521.30'), Decimal('16.80'), Decimal('87.57840')), (63, 10, 4, Decimal('598.05'), Decimal('10.18'), Decimal('243.525960'))]
[2025-06-13T16:50:33.887+0000] {logging_mixin.py:151} INFO - Simulation completed successfully!
[2025-06-13T16:50:33.888+0000] {logging_mixin.py:151} INFO - 63
[2025-06-13T16:50:33.888+0000] {python.py:194} INFO - Done. Returned value was: 63
[2025-06-13T16:50:33.951+0000] {taskinstance.py:1398} INFO - Marking task as SUCCESS. dag_id=ecommerce_generate_order_process, task_id=generate_order_process, execution_date=20250613T164931, start_date=20250613T165033, end_date=20250613T165033
[2025-06-13T16:50:34.011+0000] {local_task_job_runner.py:228} INFO - Task exited with return code 0
[2025-06-13T16:50:34.061+0000] {taskinstance.py:2776} INFO - 1 downstream tasks scheduled from follow-on schedule check
