[2025-06-14T02:45:12.757+0000] {taskinstance.py:1157} INFO - Dependencies all met for dep_context=non-requeueable deps ti=<TaskInstance: ecommerce_generate_order_process.generate_order_process scheduled__2025-06-14T02:44:12.033460+00:00 [queued]>
[2025-06-14T02:45:12.764+0000] {taskinstance.py:1157} INFO - Dependencies all met for dep_context=requeueable deps ti=<TaskInstance: ecommerce_generate_order_process.generate_order_process scheduled__2025-06-14T02:44:12.033460+00:00 [queued]>
[2025-06-14T02:45:12.764+0000] {taskinstance.py:1359} INFO - Starting attempt 1 of 6
[2025-06-14T02:45:12.774+0000] {taskinstance.py:1380} INFO - Executing <Task(_PythonDecoratedOperator): generate_order_process> on 2025-06-14 02:44:12.033460+00:00
[2025-06-14T02:45:12.779+0000] {standard_task_runner.py:57} INFO - Started process 4981 to run task
[2025-06-14T02:45:12.781+0000] {standard_task_runner.py:84} INFO - Running: ['***', 'tasks', 'run', 'ecommerce_generate_order_process', 'generate_order_process', 'scheduled__2025-06-14T02:44:12.033460+00:00', '--job-id', '654', '--raw', '--subdir', 'DAGS_FOLDER/generate_order_process.py', '--cfg-path', '/tmp/tmpqa5ii3ja']
[2025-06-14T02:45:12.782+0000] {standard_task_runner.py:85} INFO - Job 654: Subtask generate_order_process
[2025-06-14T02:45:12.831+0000] {task_command.py:415} INFO - Running <TaskInstance: ecommerce_generate_order_process.generate_order_process scheduled__2025-06-14T02:44:12.033460+00:00 [running]> on host 3498b866135e
[2025-06-14T02:45:12.921+0000] {taskinstance.py:1660} INFO - Exporting env vars: AIRFLOW_CTX_DAG_OWNER='***' AIRFLOW_CTX_DAG_ID='ecommerce_generate_order_process' AIRFLOW_CTX_TASK_ID='generate_order_process' AIRFLOW_CTX_EXECUTION_DATE='2025-06-14T02:44:12.033460+00:00' AIRFLOW_CTX_TRY_NUMBER='1' AIRFLOW_CTX_DAG_RUN_ID='scheduled__2025-06-14T02:44:12.033460+00:00'
[2025-06-14T02:45:12.933+0000] {logging_mixin.py:151} INFO - ----------------------------
[2025-06-14T02:45:12.933+0000] {logging_mixin.py:151} INFO - 65
[2025-06-14T02:45:12.933+0000] {logging_mixin.py:151} INFO - ----------------------------
[2025-06-14T02:45:12.938+0000] {logging_mixin.py:151} INFO - [(32, 8, Decimal('133.92'), Decimal('4.07'), Decimal('43.604352')), (47, 3, Decimal('923.92'), Decimal('9.75'), Decimal('270.246600')), (11, 4, Decimal('668.03'), Decimal('3.23'), Decimal('86.309476')), (2, 1, Decimal('925.46'), Decimal('2.62'), Decimal('24.247052')), (33, 9, Decimal('508.62'), Decimal('3.37'), Decimal('154.264446')), (15, 7, Decimal('523.55'), Decimal('19.06'), Decimal('698.520410'))]
[2025-06-14T02:45:12.939+0000] {logging_mixin.py:151} INFO - [(126, 32, 8, Decimal('133.92'), Decimal('4.07'), Decimal('43.604352')), (126, 47, 3, Decimal('923.92'), Decimal('9.75'), Decimal('270.246600')), (126, 11, 4, Decimal('668.03'), Decimal('3.23'), Decimal('86.309476')), (126, 2, 1, Decimal('925.46'), Decimal('2.62'), Decimal('24.247052')), (126, 33, 9, Decimal('508.62'), Decimal('3.37'), Decimal('154.264446')), (126, 15, 7, Decimal('523.55'), Decimal('19.06'), Decimal('698.520410'))]
[2025-06-14T02:45:12.940+0000] {logging_mixin.py:151} INFO - Simulation completed successfully!
[2025-06-14T02:45:12.940+0000] {logging_mixin.py:151} INFO - 126
[2025-06-14T02:45:12.940+0000] {python.py:194} INFO - Done. Returned value was: 126
[2025-06-14T02:45:12.970+0000] {taskinstance.py:1398} INFO - Marking task as SUCCESS. dag_id=ecommerce_generate_order_process, task_id=generate_order_process, execution_date=20250614T024412, start_date=20250614T024512, end_date=20250614T024512
[2025-06-14T02:45:12.992+0000] {local_task_job_runner.py:228} INFO - Task exited with return code 0
[2025-06-14T02:45:13.014+0000] {taskinstance.py:2776} INFO - 1 downstream tasks scheduled from follow-on schedule check
