[2025-06-14T01:53:12.624+0000] {taskinstance.py:1157} INFO - Dependencies all met for dep_context=non-requeueable deps ti=<TaskInstance: ecommerce_generate_order_process.generate_order_process scheduled__2025-06-14T01:52:11.775941+00:00 [queued]>
[2025-06-14T01:53:12.631+0000] {taskinstance.py:1157} INFO - Dependencies all met for dep_context=requeueable deps ti=<TaskInstance: ecommerce_generate_order_process.generate_order_process scheduled__2025-06-14T01:52:11.775941+00:00 [queued]>
[2025-06-14T01:53:12.631+0000] {taskinstance.py:1359} INFO - Starting attempt 1 of 6
[2025-06-14T01:53:12.642+0000] {taskinstance.py:1380} INFO - Executing <Task(_PythonDecoratedOperator): generate_order_process> on 2025-06-14 01:52:11.775941+00:00
[2025-06-14T01:53:12.647+0000] {standard_task_runner.py:57} INFO - Started process 370 to run task
[2025-06-14T01:53:12.649+0000] {standard_task_runner.py:84} INFO - Running: ['***', 'tasks', 'run', 'ecommerce_generate_order_process', 'generate_order_process', 'scheduled__2025-06-14T01:52:11.775941+00:00', '--job-id', '376', '--raw', '--subdir', 'DAGS_FOLDER/generate_order_process.py', '--cfg-path', '/tmp/tmp_6cjh2xg']
[2025-06-14T01:53:12.650+0000] {standard_task_runner.py:85} INFO - Job 376: Subtask generate_order_process
[2025-06-14T01:53:12.697+0000] {task_command.py:415} INFO - Running <TaskInstance: ecommerce_generate_order_process.generate_order_process scheduled__2025-06-14T01:52:11.775941+00:00 [running]> on host 3498b866135e
[2025-06-14T01:53:12.782+0000] {taskinstance.py:1660} INFO - Exporting env vars: AIRFLOW_CTX_DAG_OWNER='***' AIRFLOW_CTX_DAG_ID='ecommerce_generate_order_process' AIRFLOW_CTX_TASK_ID='generate_order_process' AIRFLOW_CTX_EXECUTION_DATE='2025-06-14T01:52:11.775941+00:00' AIRFLOW_CTX_TRY_NUMBER='1' AIRFLOW_CTX_DAG_RUN_ID='scheduled__2025-06-14T01:52:11.775941+00:00'
[2025-06-14T01:53:12.793+0000] {logging_mixin.py:151} INFO - ----------------------------
[2025-06-14T01:53:12.794+0000] {logging_mixin.py:151} INFO - 82
[2025-06-14T01:53:12.794+0000] {logging_mixin.py:151} INFO - ----------------------------
[2025-06-14T01:53:12.799+0000] {logging_mixin.py:151} INFO - [(5, 8, Decimal('699.65'), Decimal('8.21'), Decimal('459.530120')), (9, 4, Decimal('724.69'), Decimal('11.61'), Decimal('336.546036')), (24, 1, Decimal('387.14'), Decimal('4.66'), Decimal('18.040724')), (21, 4, Decimal('841.78'), Decimal('5.97'), Decimal('201.017064')), (25, 2, Decimal('34.67'), Decimal('5.72'), Decimal('3.966248'))]
[2025-06-14T01:53:12.800+0000] {logging_mixin.py:151} INFO - [(73, 5, 8, Decimal('699.65'), Decimal('8.21'), Decimal('459.530120')), (73, 9, 4, Decimal('724.69'), Decimal('11.61'), Decimal('336.546036')), (73, 24, 1, Decimal('387.14'), Decimal('4.66'), Decimal('18.040724')), (73, 21, 4, Decimal('841.78'), Decimal('5.97'), Decimal('201.017064')), (73, 25, 2, Decimal('34.67'), Decimal('5.72'), Decimal('3.966248'))]
[2025-06-14T01:53:12.801+0000] {logging_mixin.py:151} INFO - Simulation completed successfully!
[2025-06-14T01:53:12.801+0000] {logging_mixin.py:151} INFO - 73
[2025-06-14T01:53:12.801+0000] {python.py:194} INFO - Done. Returned value was: 73
[2025-06-14T01:53:12.830+0000] {taskinstance.py:1398} INFO - Marking task as SUCCESS. dag_id=ecommerce_generate_order_process, task_id=generate_order_process, execution_date=20250614T015211, start_date=20250614T015312, end_date=20250614T015312
[2025-06-14T01:53:12.860+0000] {local_task_job_runner.py:228} INFO - Task exited with return code 0
[2025-06-14T01:53:12.883+0000] {taskinstance.py:2776} INFO - 1 downstream tasks scheduled from follow-on schedule check
