[2025-06-14T05:09:13.399+0000] {taskinstance.py:1157} INFO - Dependencies all met for dep_context=non-requeueable deps ti=<TaskInstance: ecommerce_generate_order_process.generate_order_process scheduled__2025-06-14T05:08:12.130199+00:00 [queued]>
[2025-06-14T05:09:13.405+0000] {taskinstance.py:1157} INFO - Dependencies all met for dep_context=requeueable deps ti=<TaskInstance: ecommerce_generate_order_process.generate_order_process scheduled__2025-06-14T05:08:12.130199+00:00 [queued]>
[2025-06-14T05:09:13.406+0000] {taskinstance.py:1359} INFO - Starting attempt 1 of 6
[2025-06-14T05:09:13.415+0000] {taskinstance.py:1380} INFO - Executing <Task(_PythonDecoratedOperator): generate_order_process> on 2025-06-14 05:08:12.130199+00:00
[2025-06-14T05:09:13.420+0000] {standard_task_runner.py:57} INFO - Started process 17691 to run task
[2025-06-14T05:09:13.422+0000] {standard_task_runner.py:84} INFO - Running: ['***', 'tasks', 'run', 'ecommerce_generate_order_process', 'generate_order_process', 'scheduled__2025-06-14T05:08:12.130199+00:00', '--job-id', '1374', '--raw', '--subdir', 'DAGS_FOLDER/generate_order_process.py', '--cfg-path', '/tmp/tmp15_2xbn8']
[2025-06-14T05:09:13.424+0000] {standard_task_runner.py:85} INFO - Job 1374: Subtask generate_order_process
[2025-06-14T05:09:13.474+0000] {task_command.py:415} INFO - Running <TaskInstance: ecommerce_generate_order_process.generate_order_process scheduled__2025-06-14T05:08:12.130199+00:00 [running]> on host 3498b866135e
[2025-06-14T05:09:13.563+0000] {taskinstance.py:1660} INFO - Exporting env vars: AIRFLOW_CTX_DAG_OWNER='***' AIRFLOW_CTX_DAG_ID='ecommerce_generate_order_process' AIRFLOW_CTX_TASK_ID='generate_order_process' AIRFLOW_CTX_EXECUTION_DATE='2025-06-14T05:08:12.130199+00:00' AIRFLOW_CTX_TRY_NUMBER='1' AIRFLOW_CTX_DAG_RUN_ID='scheduled__2025-06-14T05:08:12.130199+00:00'
[2025-06-14T05:09:13.576+0000] {logging_mixin.py:151} INFO - ----------------------------
[2025-06-14T05:09:13.576+0000] {logging_mixin.py:151} INFO - 163
[2025-06-14T05:09:13.576+0000] {logging_mixin.py:151} INFO - ----------------------------
[2025-06-14T05:09:13.582+0000] {logging_mixin.py:151} INFO - [(12, 6, Decimal('255.15'), Decimal('19.41'), Decimal('297.147690')), (15, 7, Decimal('523.55'), Decimal('19.06'), Decimal('698.520410')), (23, 1, Decimal('521.30'), Decimal('16.80'), Decimal('87.57840')), (7, 6, Decimal('875.57'), Decimal('8.85'), Decimal('464.927670')), (41, 1, Decimal('855.34'), Decimal('13.96'), Decimal('119.405464')), (39, 6, Decimal('713.46'), Decimal('15.39'), Decimal('658.808964')), (35, 3, Decimal('512.37'), Decimal('5.78'), Decimal('88.844958')), (29, 5, Decimal('201.03'), Decimal('16.88'), Decimal('169.669320')), (44, 3, Decimal('20.44'), Decimal('5.09'), Decimal('3.121188')), (50, 6, Decimal('732.13'), Decimal('17.33'), Decimal('761.268774'))]
[2025-06-14T05:09:13.584+0000] {logging_mixin.py:151} INFO - [(270, 12, 6, Decimal('255.15'), Decimal('19.41'), Decimal('297.147690')), (270, 15, 7, Decimal('523.55'), Decimal('19.06'), Decimal('698.520410')), (270, 23, 1, Decimal('521.30'), Decimal('16.80'), Decimal('87.57840')), (270, 7, 6, Decimal('875.57'), Decimal('8.85'), Decimal('464.927670')), (270, 41, 1, Decimal('855.34'), Decimal('13.96'), Decimal('119.405464')), (270, 39, 6, Decimal('713.46'), Decimal('15.39'), Decimal('658.808964')), (270, 35, 3, Decimal('512.37'), Decimal('5.78'), Decimal('88.844958')), (270, 29, 5, Decimal('201.03'), Decimal('16.88'), Decimal('169.669320')), (270, 44, 3, Decimal('20.44'), Decimal('5.09'), Decimal('3.121188')), (270, 50, 6, Decimal('732.13'), Decimal('17.33'), Decimal('761.268774'))]
[2025-06-14T05:09:13.585+0000] {logging_mixin.py:151} INFO - Simulation completed successfully!
[2025-06-14T05:09:13.585+0000] {logging_mixin.py:151} INFO - 270
[2025-06-14T05:09:13.585+0000] {python.py:194} INFO - Done. Returned value was: 270
[2025-06-14T05:09:13.619+0000] {taskinstance.py:1398} INFO - Marking task as SUCCESS. dag_id=ecommerce_generate_order_process, task_id=generate_order_process, execution_date=20250614T050812, start_date=20250614T050913, end_date=20250614T050913
[2025-06-14T05:09:13.674+0000] {local_task_job_runner.py:228} INFO - Task exited with return code 0
[2025-06-14T05:09:13.706+0000] {taskinstance.py:2776} INFO - 1 downstream tasks scheduled from follow-on schedule check
