[2025-06-13T16:44:33.354+0000] {taskinstance.py:1157} INFO - Dependencies all met for dep_context=non-requeueable deps ti=<TaskInstance: ecommerce_generate_order_process.generate_order_process scheduled__2025-06-13T16:43:31.706122+00:00 [queued]>
[2025-06-13T16:44:33.369+0000] {taskinstance.py:1157} INFO - Dependencies all met for dep_context=requeueable deps ti=<TaskInstance: ecommerce_generate_order_process.generate_order_process scheduled__2025-06-13T16:43:31.706122+00:00 [queued]>
[2025-06-13T16:44:33.369+0000] {taskinstance.py:1359} INFO - Starting attempt 1 of 6
[2025-06-13T16:44:33.389+0000] {taskinstance.py:1380} INFO - Executing <Task(_PythonDecoratedOperator): generate_order_process> on 2025-06-13 16:43:31.706122+00:00
[2025-06-13T16:44:33.396+0000] {standard_task_runner.py:57} INFO - Started process 4961 to run task
[2025-06-13T16:44:33.400+0000] {standard_task_runner.py:84} INFO - Running: ['***', 'tasks', 'run', 'ecommerce_generate_order_process', 'generate_order_process', 'scheduled__2025-06-13T16:43:31.706122+00:00', '--job-id', '295', '--raw', '--subdir', 'DAGS_FOLDER/generate_order_process.py', '--cfg-path', '/tmp/tmplzwzllh5']
[2025-06-13T16:44:33.403+0000] {standard_task_runner.py:85} INFO - Job 295: Subtask generate_order_process
[2025-06-13T16:44:33.507+0000] {task_command.py:415} INFO - Running <TaskInstance: ecommerce_generate_order_process.generate_order_process scheduled__2025-06-13T16:43:31.706122+00:00 [running]> on host 3498b866135e
[2025-06-13T16:44:33.689+0000] {taskinstance.py:1660} INFO - Exporting env vars: AIRFLOW_CTX_DAG_OWNER='***' AIRFLOW_CTX_DAG_ID='ecommerce_generate_order_process' AIRFLOW_CTX_TASK_ID='generate_order_process' AIRFLOW_CTX_EXECUTION_DATE='2025-06-13T16:43:31.706122+00:00' AIRFLOW_CTX_TRY_NUMBER='1' AIRFLOW_CTX_DAG_RUN_ID='scheduled__2025-06-13T16:43:31.706122+00:00'
[2025-06-13T16:44:33.720+0000] {logging_mixin.py:151} INFO - ----------------------------
[2025-06-13T16:44:33.721+0000] {logging_mixin.py:151} INFO - 53
[2025-06-13T16:44:33.721+0000] {logging_mixin.py:151} INFO - ----------------------------
[2025-06-13T16:44:33.737+0000] {logging_mixin.py:151} INFO - [(20, 8, Decimal('841.06'), Decimal('11.60'), Decimal('780.50368')), (16, 7, Decimal('266.44'), Decimal('7.11'), Decimal('132.607188')), (2, 1, Decimal('925.46'), Decimal('2.62'), Decimal('24.247052')), (4, 9, Decimal('38.75'), Decimal('2.09'), Decimal('7.288875'))]
[2025-06-13T16:44:33.741+0000] {logging_mixin.py:151} INFO - [(57, 20, 8, Decimal('841.06'), Decimal('11.60'), Decimal('780.50368')), (57, 16, 7, Decimal('266.44'), Decimal('7.11'), Decimal('132.607188')), (57, 2, 1, Decimal('925.46'), Decimal('2.62'), Decimal('24.247052')), (57, 4, 9, Decimal('38.75'), Decimal('2.09'), Decimal('7.288875'))]
[2025-06-13T16:44:33.743+0000] {logging_mixin.py:151} INFO - Simulation completed successfully!
[2025-06-13T16:44:33.744+0000] {logging_mixin.py:151} INFO - 57
[2025-06-13T16:44:33.744+0000] {python.py:194} INFO - Done. Returned value was: 57
[2025-06-13T16:44:33.842+0000] {taskinstance.py:1398} INFO - Marking task as SUCCESS. dag_id=ecommerce_generate_order_process, task_id=generate_order_process, execution_date=20250613T164331, start_date=20250613T164433, end_date=20250613T164433
[2025-06-13T16:44:33.892+0000] {local_task_job_runner.py:228} INFO - Task exited with return code 0
[2025-06-13T16:44:33.961+0000] {taskinstance.py:2776} INFO - 1 downstream tasks scheduled from follow-on schedule check
