[2025-06-13T16:42:33.542+0000] {taskinstance.py:1157} INFO - Dependencies all met for dep_context=non-requeueable deps ti=<TaskInstance: ecommerce_generate_order_process.generate_order_process scheduled__2025-06-13T16:41:31.706122+00:00 [queued]>
[2025-06-13T16:42:33.554+0000] {taskinstance.py:1157} INFO - Dependencies all met for dep_context=requeueable deps ti=<TaskInstance: ecommerce_generate_order_process.generate_order_process scheduled__2025-06-13T16:41:31.706122+00:00 [queued]>
[2025-06-13T16:42:33.554+0000] {taskinstance.py:1359} INFO - Starting attempt 1 of 6
[2025-06-13T16:42:33.707+0000] {taskinstance.py:1380} INFO - Executing <Task(_PythonDecoratedOperator): generate_order_process> on 2025-06-13 16:41:31.706122+00:00
[2025-06-13T16:42:33.775+0000] {standard_task_runner.py:57} INFO - Started process 4781 to run task
[2025-06-13T16:42:33.786+0000] {standard_task_runner.py:84} INFO - Running: ['***', 'tasks', 'run', 'ecommerce_generate_order_process', 'generate_order_process', 'scheduled__2025-06-13T16:41:31.706122+00:00', '--job-id', '285', '--raw', '--subdir', 'DAGS_FOLDER/generate_order_process.py', '--cfg-path', '/tmp/tmpzz5j00lo']
[2025-06-13T16:42:33.794+0000] {standard_task_runner.py:85} INFO - Job 285: Subtask generate_order_process
[2025-06-13T16:42:34.032+0000] {task_command.py:415} INFO - Running <TaskInstance: ecommerce_generate_order_process.generate_order_process scheduled__2025-06-13T16:41:31.706122+00:00 [running]> on host 3498b866135e
[2025-06-13T16:42:34.485+0000] {taskinstance.py:1660} INFO - Exporting env vars: AIRFLOW_CTX_DAG_OWNER='***' AIRFLOW_CTX_DAG_ID='ecommerce_generate_order_process' AIRFLOW_CTX_TASK_ID='generate_order_process' AIRFLOW_CTX_EXECUTION_DATE='2025-06-13T16:41:31.706122+00:00' AIRFLOW_CTX_TRY_NUMBER='1' AIRFLOW_CTX_DAG_RUN_ID='scheduled__2025-06-13T16:41:31.706122+00:00'
[2025-06-13T16:42:34.538+0000] {logging_mixin.py:151} INFO - ----------------------------
[2025-06-13T16:42:34.539+0000] {logging_mixin.py:151} INFO - 12
[2025-06-13T16:42:34.539+0000] {logging_mixin.py:151} INFO - ----------------------------
[2025-06-13T16:42:34.561+0000] {logging_mixin.py:151} INFO - [(22, 1, Decimal('429.81'), Decimal('5.21'), Decimal('22.393101')), (24, 1, Decimal('387.14'), Decimal('4.66'), Decimal('18.040724')), (4, 9, Decimal('38.75'), Decimal('2.09'), Decimal('7.288875')), (20, 8, Decimal('841.06'), Decimal('11.60'), Decimal('780.50368'))]
[2025-06-13T16:42:34.566+0000] {logging_mixin.py:151} INFO - [(55, 22, 1, Decimal('429.81'), Decimal('5.21'), Decimal('22.393101')), (55, 24, 1, Decimal('387.14'), Decimal('4.66'), Decimal('18.040724')), (55, 4, 9, Decimal('38.75'), Decimal('2.09'), Decimal('7.288875')), (55, 20, 8, Decimal('841.06'), Decimal('11.60'), Decimal('780.50368'))]
[2025-06-13T16:42:34.618+0000] {logging_mixin.py:151} INFO - Simulation completed successfully!
[2025-06-13T16:42:34.619+0000] {logging_mixin.py:151} INFO - 55
[2025-06-13T16:42:34.619+0000] {python.py:194} INFO - Done. Returned value was: 55
[2025-06-13T16:42:34.802+0000] {taskinstance.py:1398} INFO - Marking task as SUCCESS. dag_id=ecommerce_generate_order_process, task_id=generate_order_process, execution_date=20250613T164131, start_date=20250613T164233, end_date=20250613T164234
[2025-06-13T16:42:34.921+0000] {local_task_job_runner.py:228} INFO - Task exited with return code 0
[2025-06-13T16:42:35.095+0000] {taskinstance.py:2776} INFO - 0 downstream tasks scheduled from follow-on schedule check
