[2025-06-14T04:25:12.745+0000] {taskinstance.py:1157} INFO - Dependencies all met for dep_context=non-requeueable deps ti=<TaskInstance: ecommerce_generate_order_process.generate_order_process scheduled__2025-06-14T04:24:12.130199+00:00 [queued]>
[2025-06-14T04:25:12.752+0000] {taskinstance.py:1157} INFO - Dependencies all met for dep_context=requeueable deps ti=<TaskInstance: ecommerce_generate_order_process.generate_order_process scheduled__2025-06-14T04:24:12.130199+00:00 [queued]>
[2025-06-14T04:25:12.752+0000] {taskinstance.py:1359} INFO - Starting attempt 1 of 6
[2025-06-14T04:25:12.766+0000] {taskinstance.py:1380} INFO - Executing <Task(_PythonDecoratedOperator): generate_order_process> on 2025-06-14 04:24:12.130199+00:00
[2025-06-14T04:25:12.772+0000] {standard_task_runner.py:57} INFO - Started process 13806 to run task
[2025-06-14T04:25:12.774+0000] {standard_task_runner.py:84} INFO - Running: ['***', 'tasks', 'run', 'ecommerce_generate_order_process', 'generate_order_process', 'scheduled__2025-06-14T04:24:12.130199+00:00', '--job-id', '1154', '--raw', '--subdir', 'DAGS_FOLDER/generate_order_process.py', '--cfg-path', '/tmp/tmpqkbxgufo']
[2025-06-14T04:25:12.776+0000] {standard_task_runner.py:85} INFO - Job 1154: Subtask generate_order_process
[2025-06-14T04:25:12.831+0000] {task_command.py:415} INFO - Running <TaskInstance: ecommerce_generate_order_process.generate_order_process scheduled__2025-06-14T04:24:12.130199+00:00 [running]> on host 3498b866135e
[2025-06-14T04:25:12.933+0000] {taskinstance.py:1660} INFO - Exporting env vars: AIRFLOW_CTX_DAG_OWNER='***' AIRFLOW_CTX_DAG_ID='ecommerce_generate_order_process' AIRFLOW_CTX_TASK_ID='generate_order_process' AIRFLOW_CTX_EXECUTION_DATE='2025-06-14T04:24:12.130199+00:00' AIRFLOW_CTX_TRY_NUMBER='1' AIRFLOW_CTX_DAG_RUN_ID='scheduled__2025-06-14T04:24:12.130199+00:00'
[2025-06-14T04:25:12.947+0000] {logging_mixin.py:151} INFO - ----------------------------
[2025-06-14T04:25:12.948+0000] {logging_mixin.py:151} INFO - 56
[2025-06-14T04:25:12.948+0000] {logging_mixin.py:151} INFO - ----------------------------
[2025-06-14T04:25:12.954+0000] {logging_mixin.py:151} INFO - [(31, 6, Decimal('878.54'), Decimal('16.74'), Decimal('882.405576')), (26, 5, Decimal('349.97'), Decimal('8.34'), Decimal('145.937490')), (27, 8, Decimal('412.73'), Decimal('3.00'), Decimal('99.0552')), (32, 8, Decimal('133.92'), Decimal('4.07'), Decimal('43.604352')), (20, 8, Decimal('841.06'), Decimal('11.60'), Decimal('780.50368')), (43, 8, Decimal('746.10'), Decimal('4.92'), Decimal('293.664960'))]
[2025-06-14T04:25:12.956+0000] {logging_mixin.py:151} INFO - [(226, 31, 6, Decimal('878.54'), Decimal('16.74'), Decimal('882.405576')), (226, 26, 5, Decimal('349.97'), Decimal('8.34'), Decimal('145.937490')), (226, 27, 8, Decimal('412.73'), Decimal('3.00'), Decimal('99.0552')), (226, 32, 8, Decimal('133.92'), Decimal('4.07'), Decimal('43.604352')), (226, 20, 8, Decimal('841.06'), Decimal('11.60'), Decimal('780.50368')), (226, 43, 8, Decimal('746.10'), Decimal('4.92'), Decimal('293.664960'))]
[2025-06-14T04:25:12.957+0000] {logging_mixin.py:151} INFO - Simulation completed successfully!
[2025-06-14T04:25:12.957+0000] {logging_mixin.py:151} INFO - 226
[2025-06-14T04:25:12.957+0000] {python.py:194} INFO - Done. Returned value was: 226
[2025-06-14T04:25:12.989+0000] {taskinstance.py:1398} INFO - Marking task as SUCCESS. dag_id=ecommerce_generate_order_process, task_id=generate_order_process, execution_date=20250614T042412, start_date=20250614T042512, end_date=20250614T042512
[2025-06-14T04:25:13.026+0000] {local_task_job_runner.py:228} INFO - Task exited with return code 0
[2025-06-14T04:25:13.050+0000] {taskinstance.py:2776} INFO - 1 downstream tasks scheduled from follow-on schedule check
