[2025-06-14T03:26:12.734+0000] {taskinstance.py:1157} INFO - Dependencies all met for dep_context=non-requeueable deps ti=<TaskInstance: ecommerce_generate_order_process.generate_order_process scheduled__2025-06-14T03:25:12.130199+00:00 [queued]>
[2025-06-14T03:26:12.741+0000] {taskinstance.py:1157} INFO - Dependencies all met for dep_context=requeueable deps ti=<TaskInstance: ecommerce_generate_order_process.generate_order_process scheduled__2025-06-14T03:25:12.130199+00:00 [queued]>
[2025-06-14T03:26:12.742+0000] {taskinstance.py:1359} INFO - Starting attempt 1 of 6
[2025-06-14T03:26:12.753+0000] {taskinstance.py:1380} INFO - Executing <Task(_PythonDecoratedOperator): generate_order_process> on 2025-06-14 03:25:12.130199+00:00
[2025-06-14T03:26:12.758+0000] {standard_task_runner.py:57} INFO - Started process 8616 to run task
[2025-06-14T03:26:12.760+0000] {standard_task_runner.py:84} INFO - Running: ['***', 'tasks', 'run', 'ecommerce_generate_order_process', 'generate_order_process', 'scheduled__2025-06-14T03:25:12.130199+00:00', '--job-id', '859', '--raw', '--subdir', 'DAGS_FOLDER/generate_order_process.py', '--cfg-path', '/tmp/tmpgfgxa_05']
[2025-06-14T03:26:12.762+0000] {standard_task_runner.py:85} INFO - Job 859: Subtask generate_order_process
[2025-06-14T03:26:12.818+0000] {task_command.py:415} INFO - Running <TaskInstance: ecommerce_generate_order_process.generate_order_process scheduled__2025-06-14T03:25:12.130199+00:00 [running]> on host 3498b866135e
[2025-06-14T03:26:12.925+0000] {taskinstance.py:1660} INFO - Exporting env vars: AIRFLOW_CTX_DAG_OWNER='***' AIRFLOW_CTX_DAG_ID='ecommerce_generate_order_process' AIRFLOW_CTX_TASK_ID='generate_order_process' AIRFLOW_CTX_EXECUTION_DATE='2025-06-14T03:25:12.130199+00:00' AIRFLOW_CTX_TRY_NUMBER='1' AIRFLOW_CTX_DAG_RUN_ID='scheduled__2025-06-14T03:25:12.130199+00:00'
[2025-06-14T03:26:12.939+0000] {logging_mixin.py:151} INFO - ----------------------------
[2025-06-14T03:26:12.939+0000] {logging_mixin.py:151} INFO - 130
[2025-06-14T03:26:12.939+0000] {logging_mixin.py:151} INFO - ----------------------------
[2025-06-14T03:26:12.945+0000] {logging_mixin.py:151} INFO - [(14, 5, Decimal('657.33'), Decimal('0.13'), Decimal('4.272645')), (2, 1, Decimal('925.46'), Decimal('2.62'), Decimal('24.247052')), (13, 4, Decimal('411.98'), Decimal('16.77'), Decimal('276.356184')), (15, 7, Decimal('523.55'), Decimal('19.06'), Decimal('698.520410')), (26, 5, Decimal('349.97'), Decimal('8.34'), Decimal('145.937490')), (21, 4, Decimal('841.78'), Decimal('5.97'), Decimal('201.017064')), (5, 8, Decimal('699.65'), Decimal('8.21'), Decimal('459.530120'))]
[2025-06-14T03:26:12.947+0000] {logging_mixin.py:151} INFO - [(167, 14, 5, Decimal('657.33'), Decimal('0.13'), Decimal('4.272645')), (167, 2, 1, Decimal('925.46'), Decimal('2.62'), Decimal('24.247052')), (167, 13, 4, Decimal('411.98'), Decimal('16.77'), Decimal('276.356184')), (167, 15, 7, Decimal('523.55'), Decimal('19.06'), Decimal('698.520410')), (167, 26, 5, Decimal('349.97'), Decimal('8.34'), Decimal('145.937490')), (167, 21, 4, Decimal('841.78'), Decimal('5.97'), Decimal('201.017064')), (167, 5, 8, Decimal('699.65'), Decimal('8.21'), Decimal('459.530120'))]
[2025-06-14T03:26:12.947+0000] {logging_mixin.py:151} INFO - Simulation completed successfully!
[2025-06-14T03:26:12.948+0000] {logging_mixin.py:151} INFO - 167
[2025-06-14T03:26:12.948+0000] {python.py:194} INFO - Done. Returned value was: 167
[2025-06-14T03:26:12.982+0000] {taskinstance.py:1398} INFO - Marking task as SUCCESS. dag_id=ecommerce_generate_order_process, task_id=generate_order_process, execution_date=20250614T032512, start_date=20250614T032612, end_date=20250614T032612
[2025-06-14T03:26:13.012+0000] {local_task_job_runner.py:228} INFO - Task exited with return code 0
[2025-06-14T03:26:13.045+0000] {taskinstance.py:2776} INFO - 1 downstream tasks scheduled from follow-on schedule check
