[2025-06-14T03:08:13.607+0000] {taskinstance.py:1157} INFO - Dependencies all met for dep_context=non-requeueable deps ti=<TaskInstance: ecommerce_generate_order_process.generate_order_process scheduled__2025-06-14T03:07:12.033460+00:00 [queued]>
[2025-06-14T03:08:13.614+0000] {taskinstance.py:1157} INFO - Dependencies all met for dep_context=requeueable deps ti=<TaskInstance: ecommerce_generate_order_process.generate_order_process scheduled__2025-06-14T03:07:12.033460+00:00 [queued]>
[2025-06-14T03:08:13.615+0000] {taskinstance.py:1359} INFO - Starting attempt 1 of 6
[2025-06-14T03:08:13.636+0000] {taskinstance.py:1380} INFO - Executing <Task(_PythonDecoratedOperator): generate_order_process> on 2025-06-14 03:07:12.033460+00:00
[2025-06-14T03:08:13.640+0000] {standard_task_runner.py:57} INFO - Started process 7016 to run task
[2025-06-14T03:08:13.642+0000] {standard_task_runner.py:84} INFO - Running: ['***', 'tasks', 'run', 'ecommerce_generate_order_process', 'generate_order_process', 'scheduled__2025-06-14T03:07:12.033460+00:00', '--job-id', '769', '--raw', '--subdir', 'DAGS_FOLDER/generate_order_process.py', '--cfg-path', '/tmp/tmptifgl33b']
[2025-06-14T03:08:13.644+0000] {standard_task_runner.py:85} INFO - Job 769: Subtask generate_order_process
[2025-06-14T03:08:13.709+0000] {task_command.py:415} INFO - Running <TaskInstance: ecommerce_generate_order_process.generate_order_process scheduled__2025-06-14T03:07:12.033460+00:00 [running]> on host 3498b866135e
[2025-06-14T03:08:13.845+0000] {taskinstance.py:1660} INFO - Exporting env vars: AIRFLOW_CTX_DAG_OWNER='***' AIRFLOW_CTX_DAG_ID='ecommerce_generate_order_process' AIRFLOW_CTX_TASK_ID='generate_order_process' AIRFLOW_CTX_EXECUTION_DATE='2025-06-14T03:07:12.033460+00:00' AIRFLOW_CTX_TRY_NUMBER='1' AIRFLOW_CTX_DAG_RUN_ID='scheduled__2025-06-14T03:07:12.033460+00:00'
[2025-06-14T03:08:13.857+0000] {logging_mixin.py:151} INFO - ----------------------------
[2025-06-14T03:08:13.857+0000] {logging_mixin.py:151} INFO - 56
[2025-06-14T03:08:13.857+0000] {logging_mixin.py:151} INFO - ----------------------------
[2025-06-14T03:08:13.862+0000] {logging_mixin.py:151} INFO - [(1, 1, Decimal('802.42'), Decimal('3.53'), Decimal('28.325426')), (43, 8, Decimal('746.10'), Decimal('4.92'), Decimal('293.664960')), (3, 7, Decimal('946.29'), Decimal('2.59'), Decimal('171.562377')), (36, 1, Decimal('745.80'), Decimal('1.07'), Decimal('7.980060')), (35, 3, Decimal('512.37'), Decimal('5.78'), Decimal('88.844958')), (45, 2, Decimal('602.50'), Decimal('19.00'), Decimal('228.9500')), (39, 6, Decimal('713.46'), Decimal('15.39'), Decimal('658.808964'))]
[2025-06-14T03:08:13.864+0000] {logging_mixin.py:151} INFO - [(149, 1, 1, Decimal('802.42'), Decimal('3.53'), Decimal('28.325426')), (149, 43, 8, Decimal('746.10'), Decimal('4.92'), Decimal('293.664960')), (149, 3, 7, Decimal('946.29'), Decimal('2.59'), Decimal('171.562377')), (149, 36, 1, Decimal('745.80'), Decimal('1.07'), Decimal('7.980060')), (149, 35, 3, Decimal('512.37'), Decimal('5.78'), Decimal('88.844958')), (149, 45, 2, Decimal('602.50'), Decimal('19.00'), Decimal('228.9500')), (149, 39, 6, Decimal('713.46'), Decimal('15.39'), Decimal('658.808964'))]
[2025-06-14T03:08:13.880+0000] {logging_mixin.py:151} INFO - Simulation completed successfully!
[2025-06-14T03:08:13.880+0000] {logging_mixin.py:151} INFO - 149
[2025-06-14T03:08:13.880+0000] {python.py:194} INFO - Done. Returned value was: 149
[2025-06-14T03:08:13.927+0000] {taskinstance.py:1398} INFO - Marking task as SUCCESS. dag_id=ecommerce_generate_order_process, task_id=generate_order_process, execution_date=20250614T030712, start_date=20250614T030813, end_date=20250614T030813
[2025-06-14T03:08:13.974+0000] {local_task_job_runner.py:228} INFO - Task exited with return code 0
[2025-06-14T03:08:13.998+0000] {taskinstance.py:2776} INFO - 1 downstream tasks scheduled from follow-on schedule check
