[2025-06-14T02:10:12.573+0000] {taskinstance.py:1157} INFO - Dependencies all met for dep_context=non-requeueable deps ti=<TaskInstance: ecommerce_generate_order_process.generate_order_process scheduled__2025-06-14T02:09:11.775941+00:00 [queued]>
[2025-06-14T02:10:12.583+0000] {taskinstance.py:1157} INFO - Dependencies all met for dep_context=requeueable deps ti=<TaskInstance: ecommerce_generate_order_process.generate_order_process scheduled__2025-06-14T02:09:11.775941+00:00 [queued]>
[2025-06-14T02:10:12.583+0000] {taskinstance.py:1359} INFO - Starting attempt 1 of 6
[2025-06-14T02:10:12.599+0000] {taskinstance.py:1380} INFO - Executing <Task(_PythonDecoratedOperator): generate_order_process> on 2025-06-14 02:09:11.775941+00:00
[2025-06-14T02:10:12.604+0000] {standard_task_runner.py:57} INFO - Started process 1896 to run task
[2025-06-14T02:10:12.607+0000] {standard_task_runner.py:84} INFO - Running: ['***', 'tasks', 'run', 'ecommerce_generate_order_process', 'generate_order_process', 'scheduled__2025-06-14T02:09:11.775941+00:00', '--job-id', '479', '--raw', '--subdir', 'DAGS_FOLDER/generate_order_process.py', '--cfg-path', '/tmp/tmp9b3xhwv7']
[2025-06-14T02:10:12.610+0000] {standard_task_runner.py:85} INFO - Job 479: Subtask generate_order_process
[2025-06-14T02:10:12.681+0000] {task_command.py:415} INFO - Running <TaskInstance: ecommerce_generate_order_process.generate_order_process scheduled__2025-06-14T02:09:11.775941+00:00 [running]> on host 3498b866135e
[2025-06-14T02:10:12.811+0000] {taskinstance.py:1660} INFO - Exporting env vars: AIRFLOW_CTX_DAG_OWNER='***' AIRFLOW_CTX_DAG_ID='ecommerce_generate_order_process' AIRFLOW_CTX_TASK_ID='generate_order_process' AIRFLOW_CTX_EXECUTION_DATE='2025-06-14T02:09:11.775941+00:00' AIRFLOW_CTX_TRY_NUMBER='1' AIRFLOW_CTX_DAG_RUN_ID='scheduled__2025-06-14T02:09:11.775941+00:00'
[2025-06-14T02:10:12.827+0000] {logging_mixin.py:151} INFO - ----------------------------
[2025-06-14T02:10:12.827+0000] {logging_mixin.py:151} INFO - 146
[2025-06-14T02:10:12.827+0000] {logging_mixin.py:151} INFO - ----------------------------
[2025-06-14T02:10:12.836+0000] {logging_mixin.py:151} INFO - [(49, 8, Decimal('42.29'), Decimal('1.49'), Decimal('5.040968')), (28, 7, Decimal('799.39'), Decimal('3.53'), Decimal('197.529269'))]
[2025-06-14T02:10:12.837+0000] {logging_mixin.py:151} INFO - [(91, 49, 8, Decimal('42.29'), Decimal('1.49'), Decimal('5.040968')), (91, 28, 7, Decimal('799.39'), Decimal('3.53'), Decimal('197.529269'))]
[2025-06-14T02:10:12.838+0000] {logging_mixin.py:151} INFO - Simulation completed successfully!
[2025-06-14T02:10:12.839+0000] {logging_mixin.py:151} INFO - 91
[2025-06-14T02:10:12.839+0000] {python.py:194} INFO - Done. Returned value was: 91
[2025-06-14T02:10:12.880+0000] {taskinstance.py:1398} INFO - Marking task as SUCCESS. dag_id=ecommerce_generate_order_process, task_id=generate_order_process, execution_date=20250614T020911, start_date=20250614T021012, end_date=20250614T021012
[2025-06-14T02:10:12.899+0000] {local_task_job_runner.py:228} INFO - Task exited with return code 0
[2025-06-14T02:10:12.935+0000] {taskinstance.py:2776} INFO - 1 downstream tasks scheduled from follow-on schedule check
