[2025-06-13T16:53:33.046+0000] {taskinstance.py:1157} INFO - Dependencies all met for dep_context=non-requeueable deps ti=<TaskInstance: ecommerce_generate_order_process.generate_order_process scheduled__2025-06-13T16:52:31.706122+00:00 [queued]>
[2025-06-13T16:53:33.053+0000] {taskinstance.py:1157} INFO - Dependencies all met for dep_context=requeueable deps ti=<TaskInstance: ecommerce_generate_order_process.generate_order_process scheduled__2025-06-13T16:52:31.706122+00:00 [queued]>
[2025-06-13T16:53:33.053+0000] {taskinstance.py:1359} INFO - Starting attempt 1 of 6
[2025-06-13T16:53:33.067+0000] {taskinstance.py:1380} INFO - Executing <Task(_PythonDecoratedOperator): generate_order_process> on 2025-06-13 16:52:31.706122+00:00
[2025-06-13T16:53:33.072+0000] {standard_task_runner.py:57} INFO - Started process 5751 to run task
[2025-06-13T16:53:33.074+0000] {standard_task_runner.py:84} INFO - Running: ['***', 'tasks', 'run', 'ecommerce_generate_order_process', 'generate_order_process', 'scheduled__2025-06-13T16:52:31.706122+00:00', '--job-id', '340', '--raw', '--subdir', 'DAGS_FOLDER/generate_order_process.py', '--cfg-path', '/tmp/tmp4p39ao8u']
[2025-06-13T16:53:33.076+0000] {standard_task_runner.py:85} INFO - Job 340: Subtask generate_order_process
[2025-06-13T16:53:33.130+0000] {task_command.py:415} INFO - Running <TaskInstance: ecommerce_generate_order_process.generate_order_process scheduled__2025-06-13T16:52:31.706122+00:00 [running]> on host 3498b866135e
[2025-06-13T16:53:33.227+0000] {taskinstance.py:1660} INFO - Exporting env vars: AIRFLOW_CTX_DAG_OWNER='***' AIRFLOW_CTX_DAG_ID='ecommerce_generate_order_process' AIRFLOW_CTX_TASK_ID='generate_order_process' AIRFLOW_CTX_EXECUTION_DATE='2025-06-13T16:52:31.706122+00:00' AIRFLOW_CTX_TRY_NUMBER='1' AIRFLOW_CTX_DAG_RUN_ID='scheduled__2025-06-13T16:52:31.706122+00:00'
[2025-06-13T16:53:33.240+0000] {logging_mixin.py:151} INFO - ----------------------------
[2025-06-13T16:53:33.241+0000] {logging_mixin.py:151} INFO - 10
[2025-06-13T16:53:33.241+0000] {logging_mixin.py:151} INFO - ----------------------------
[2025-06-13T16:53:33.246+0000] {logging_mixin.py:151} INFO - [(8, 1, Decimal('130.57'), Decimal('13.94'), Decimal('18.201458')), (19, 8, Decimal('665.31'), Decimal('4.02'), Decimal('213.963696')), (16, 7, Decimal('266.44'), Decimal('7.11'), Decimal('132.607188')), (25, 2, Decimal('34.67'), Decimal('5.72'), Decimal('3.966248')), (2, 1, Decimal('925.46'), Decimal('2.62'), Decimal('24.247052')), (1, 1, Decimal('802.42'), Decimal('3.53'), Decimal('28.325426')), (21, 4, Decimal('841.78'), Decimal('5.97'), Decimal('201.017064')), (14, 5, Decimal('657.33'), Decimal('0.13'), Decimal('4.272645')), (20, 8, Decimal('841.06'), Decimal('11.60'), Decimal('780.50368')), (15, 7, Decimal('523.55'), Decimal('19.06'), Decimal('698.520410'))]
[2025-06-13T16:53:33.248+0000] {logging_mixin.py:151} INFO - [(66, 8, 1, Decimal('130.57'), Decimal('13.94'), Decimal('18.201458')), (66, 19, 8, Decimal('665.31'), Decimal('4.02'), Decimal('213.963696')), (66, 16, 7, Decimal('266.44'), Decimal('7.11'), Decimal('132.607188')), (66, 25, 2, Decimal('34.67'), Decimal('5.72'), Decimal('3.966248')), (66, 2, 1, Decimal('925.46'), Decimal('2.62'), Decimal('24.247052')), (66, 1, 1, Decimal('802.42'), Decimal('3.53'), Decimal('28.325426')), (66, 21, 4, Decimal('841.78'), Decimal('5.97'), Decimal('201.017064')), (66, 14, 5, Decimal('657.33'), Decimal('0.13'), Decimal('4.272645')), (66, 20, 8, Decimal('841.06'), Decimal('11.60'), Decimal('780.50368')), (66, 15, 7, Decimal('523.55'), Decimal('19.06'), Decimal('698.520410'))]
[2025-06-13T16:53:33.249+0000] {logging_mixin.py:151} INFO - Simulation completed successfully!
[2025-06-13T16:53:33.249+0000] {logging_mixin.py:151} INFO - 66
[2025-06-13T16:53:33.249+0000] {python.py:194} INFO - Done. Returned value was: 66
[2025-06-13T16:53:33.282+0000] {taskinstance.py:1398} INFO - Marking task as SUCCESS. dag_id=ecommerce_generate_order_process, task_id=generate_order_process, execution_date=20250613T165231, start_date=20250613T165333, end_date=20250613T165333
[2025-06-13T16:53:33.326+0000] {local_task_job_runner.py:228} INFO - Task exited with return code 0
[2025-06-13T16:53:33.364+0000] {taskinstance.py:2776} INFO - 1 downstream tasks scheduled from follow-on schedule check
