[2025-06-14T04:29:13.509+0000] {taskinstance.py:1157} INFO - Dependencies all met for dep_context=non-requeueable deps ti=<TaskInstance: ecommerce_generate_order_process.generate_order_process scheduled__2025-06-14T04:28:12.130199+00:00 [queued]>
[2025-06-14T04:29:13.517+0000] {taskinstance.py:1157} INFO - Dependencies all met for dep_context=requeueable deps ti=<TaskInstance: ecommerce_generate_order_process.generate_order_process scheduled__2025-06-14T04:28:12.130199+00:00 [queued]>
[2025-06-14T04:29:13.518+0000] {taskinstance.py:1359} INFO - Starting attempt 1 of 6
[2025-06-14T04:29:13.532+0000] {taskinstance.py:1380} INFO - Executing <Task(_PythonDecoratedOperator): generate_order_process> on 2025-06-14 04:28:12.130199+00:00
[2025-06-14T04:29:13.538+0000] {standard_task_runner.py:57} INFO - Started process 14166 to run task
[2025-06-14T04:29:13.541+0000] {standard_task_runner.py:84} INFO - Running: ['***', 'tasks', 'run', 'ecommerce_generate_order_process', 'generate_order_process', 'scheduled__2025-06-14T04:28:12.130199+00:00', '--job-id', '1174', '--raw', '--subdir', 'DAGS_FOLDER/generate_order_process.py', '--cfg-path', '/tmp/tmp9uj7aj32']
[2025-06-14T04:29:13.543+0000] {standard_task_runner.py:85} INFO - Job 1174: Subtask generate_order_process
[2025-06-14T04:29:13.606+0000] {task_command.py:415} INFO - Running <TaskInstance: ecommerce_generate_order_process.generate_order_process scheduled__2025-06-14T04:28:12.130199+00:00 [running]> on host 3498b866135e
[2025-06-14T04:29:13.723+0000] {taskinstance.py:1660} INFO - Exporting env vars: AIRFLOW_CTX_DAG_OWNER='***' AIRFLOW_CTX_DAG_ID='ecommerce_generate_order_process' AIRFLOW_CTX_TASK_ID='generate_order_process' AIRFLOW_CTX_EXECUTION_DATE='2025-06-14T04:28:12.130199+00:00' AIRFLOW_CTX_TRY_NUMBER='1' AIRFLOW_CTX_DAG_RUN_ID='scheduled__2025-06-14T04:28:12.130199+00:00'
[2025-06-14T04:29:13.739+0000] {logging_mixin.py:151} INFO - ----------------------------
[2025-06-14T04:29:13.739+0000] {logging_mixin.py:151} INFO - 195
[2025-06-14T04:29:13.739+0000] {logging_mixin.py:151} INFO - ----------------------------
[2025-06-14T04:29:13.746+0000] {logging_mixin.py:151} INFO - [(31, 6, Decimal('878.54'), Decimal('16.74'), Decimal('882.405576')), (12, 6, Decimal('255.15'), Decimal('19.41'), Decimal('297.147690'))]
[2025-06-14T04:29:13.747+0000] {logging_mixin.py:151} INFO - [(230, 31, 6, Decimal('878.54'), Decimal('16.74'), Decimal('882.405576')), (230, 12, 6, Decimal('255.15'), Decimal('19.41'), Decimal('297.147690'))]
[2025-06-14T04:29:13.748+0000] {logging_mixin.py:151} INFO - Simulation completed successfully!
[2025-06-14T04:29:13.748+0000] {logging_mixin.py:151} INFO - 230
[2025-06-14T04:29:13.748+0000] {python.py:194} INFO - Done. Returned value was: 230
[2025-06-14T04:29:13.785+0000] {taskinstance.py:1398} INFO - Marking task as SUCCESS. dag_id=ecommerce_generate_order_process, task_id=generate_order_process, execution_date=20250614T042812, start_date=20250614T042913, end_date=20250614T042913
[2025-06-14T04:29:13.833+0000] {local_task_job_runner.py:228} INFO - Task exited with return code 0
[2025-06-14T04:29:13.861+0000] {taskinstance.py:2776} INFO - 1 downstream tasks scheduled from follow-on schedule check
