[2025-06-14T03:04:12.775+0000] {taskinstance.py:1157} INFO - Dependencies all met for dep_context=non-requeueable deps ti=<TaskInstance: ecommerce_generate_order_process.generate_order_process scheduled__2025-06-14T03:03:12.033460+00:00 [queued]>
[2025-06-14T03:04:12.783+0000] {taskinstance.py:1157} INFO - Dependencies all met for dep_context=requeueable deps ti=<TaskInstance: ecommerce_generate_order_process.generate_order_process scheduled__2025-06-14T03:03:12.033460+00:00 [queued]>
[2025-06-14T03:04:12.783+0000] {taskinstance.py:1359} INFO - Starting attempt 1 of 6
[2025-06-14T03:04:12.796+0000] {taskinstance.py:1380} INFO - Executing <Task(_PythonDecoratedOperator): generate_order_process> on 2025-06-14 03:03:12.033460+00:00
[2025-06-14T03:04:12.802+0000] {standard_task_runner.py:57} INFO - Started process 6676 to run task
[2025-06-14T03:04:12.804+0000] {standard_task_runner.py:84} INFO - Running: ['***', 'tasks', 'run', 'ecommerce_generate_order_process', 'generate_order_process', 'scheduled__2025-06-14T03:03:12.033460+00:00', '--job-id', '749', '--raw', '--subdir', 'DAGS_FOLDER/generate_order_process.py', '--cfg-path', '/tmp/tmpoa_rx8xi']
[2025-06-14T03:04:12.806+0000] {standard_task_runner.py:85} INFO - Job 749: Subtask generate_order_process
[2025-06-14T03:04:12.862+0000] {task_command.py:415} INFO - Running <TaskInstance: ecommerce_generate_order_process.generate_order_process scheduled__2025-06-14T03:03:12.033460+00:00 [running]> on host 3498b866135e
[2025-06-14T03:04:12.963+0000] {taskinstance.py:1660} INFO - Exporting env vars: AIRFLOW_CTX_DAG_OWNER='***' AIRFLOW_CTX_DAG_ID='ecommerce_generate_order_process' AIRFLOW_CTX_TASK_ID='generate_order_process' AIRFLOW_CTX_EXECUTION_DATE='2025-06-14T03:03:12.033460+00:00' AIRFLOW_CTX_TRY_NUMBER='1' AIRFLOW_CTX_DAG_RUN_ID='scheduled__2025-06-14T03:03:12.033460+00:00'
[2025-06-14T03:04:12.977+0000] {logging_mixin.py:151} INFO - ----------------------------
[2025-06-14T03:04:12.977+0000] {logging_mixin.py:151} INFO - 220
[2025-06-14T03:04:12.977+0000] {logging_mixin.py:151} INFO - ----------------------------
[2025-06-14T03:04:12.984+0000] {logging_mixin.py:151} INFO - [(32, 8, Decimal('133.92'), Decimal('4.07'), Decimal('43.604352')), (9, 4, Decimal('724.69'), Decimal('11.61'), Decimal('336.546036')), (20, 8, Decimal('841.06'), Decimal('11.60'), Decimal('780.50368')), (7, 6, Decimal('875.57'), Decimal('8.85'), Decimal('464.927670')), (28, 7, Decimal('799.39'), Decimal('3.53'), Decimal('197.529269'))]
[2025-06-14T03:04:12.985+0000] {logging_mixin.py:151} INFO - [(145, 32, 8, Decimal('133.92'), Decimal('4.07'), Decimal('43.604352')), (145, 9, 4, Decimal('724.69'), Decimal('11.61'), Decimal('336.546036')), (145, 20, 8, Decimal('841.06'), Decimal('11.60'), Decimal('780.50368')), (145, 7, 6, Decimal('875.57'), Decimal('8.85'), Decimal('464.927670')), (145, 28, 7, Decimal('799.39'), Decimal('3.53'), Decimal('197.529269'))]
[2025-06-14T03:04:12.986+0000] {logging_mixin.py:151} INFO - Simulation completed successfully!
[2025-06-14T03:04:12.986+0000] {logging_mixin.py:151} INFO - 145
[2025-06-14T03:04:12.987+0000] {python.py:194} INFO - Done. Returned value was: 145
[2025-06-14T03:04:13.020+0000] {taskinstance.py:1398} INFO - Marking task as SUCCESS. dag_id=ecommerce_generate_order_process, task_id=generate_order_process, execution_date=20250614T030312, start_date=20250614T030412, end_date=20250614T030413
[2025-06-14T03:04:13.056+0000] {local_task_job_runner.py:228} INFO - Task exited with return code 0
[2025-06-14T03:04:13.081+0000] {taskinstance.py:2776} INFO - 1 downstream tasks scheduled from follow-on schedule check
