[2025-06-14T02:59:12.673+0000] {taskinstance.py:1157} INFO - Dependencies all met for dep_context=non-requeueable deps ti=<TaskInstance: ecommerce_generate_order_process.generate_order_process scheduled__2025-06-14T02:58:12.033460+00:00 [queued]>
[2025-06-14T02:59:12.679+0000] {taskinstance.py:1157} INFO - Dependencies all met for dep_context=requeueable deps ti=<TaskInstance: ecommerce_generate_order_process.generate_order_process scheduled__2025-06-14T02:58:12.033460+00:00 [queued]>
[2025-06-14T02:59:12.680+0000] {taskinstance.py:1359} INFO - Starting attempt 1 of 6
[2025-06-14T02:59:12.690+0000] {taskinstance.py:1380} INFO - Executing <Task(_PythonDecoratedOperator): generate_order_process> on 2025-06-14 02:58:12.033460+00:00
[2025-06-14T02:59:12.694+0000] {standard_task_runner.py:57} INFO - Started process 6226 to run task
[2025-06-14T02:59:12.696+0000] {standard_task_runner.py:84} INFO - Running: ['***', 'tasks', 'run', 'ecommerce_generate_order_process', 'generate_order_process', 'scheduled__2025-06-14T02:58:12.033460+00:00', '--job-id', '724', '--raw', '--subdir', 'DAGS_FOLDER/generate_order_process.py', '--cfg-path', '/tmp/tmpmybcxnms']
[2025-06-14T02:59:12.698+0000] {standard_task_runner.py:85} INFO - Job 724: Subtask generate_order_process
[2025-06-14T02:59:12.745+0000] {task_command.py:415} INFO - Running <TaskInstance: ecommerce_generate_order_process.generate_order_process scheduled__2025-06-14T02:58:12.033460+00:00 [running]> on host 3498b866135e
[2025-06-14T02:59:12.832+0000] {taskinstance.py:1660} INFO - Exporting env vars: AIRFLOW_CTX_DAG_OWNER='***' AIRFLOW_CTX_DAG_ID='ecommerce_generate_order_process' AIRFLOW_CTX_TASK_ID='generate_order_process' AIRFLOW_CTX_EXECUTION_DATE='2025-06-14T02:58:12.033460+00:00' AIRFLOW_CTX_TRY_NUMBER='1' AIRFLOW_CTX_DAG_RUN_ID='scheduled__2025-06-14T02:58:12.033460+00:00'
[2025-06-14T02:59:12.845+0000] {logging_mixin.py:151} INFO - ----------------------------
[2025-06-14T02:59:12.845+0000] {logging_mixin.py:151} INFO - 69
[2025-06-14T02:59:12.845+0000] {logging_mixin.py:151} INFO - ----------------------------
[2025-06-14T02:59:12.853+0000] {logging_mixin.py:151} INFO - [(45, 2, Decimal('602.50'), Decimal('19.00'), Decimal('228.9500')), (3, 7, Decimal('946.29'), Decimal('2.59'), Decimal('171.562377')), (20, 8, Decimal('841.06'), Decimal('11.60'), Decimal('780.50368')), (35, 3, Decimal('512.37'), Decimal('5.78'), Decimal('88.844958')), (39, 6, Decimal('713.46'), Decimal('15.39'), Decimal('658.808964')), (18, 9, Decimal('697.86'), Decimal('6.91'), Decimal('433.999134')), (29, 5, Decimal('201.03'), Decimal('16.88'), Decimal('169.669320')), (16, 7, Decimal('266.44'), Decimal('7.11'), Decimal('132.607188')), (1, 1, Decimal('802.42'), Decimal('3.53'), Decimal('28.325426'))]
[2025-06-14T02:59:12.855+0000] {logging_mixin.py:151} INFO - [(140, 45, 2, Decimal('602.50'), Decimal('19.00'), Decimal('228.9500')), (140, 3, 7, Decimal('946.29'), Decimal('2.59'), Decimal('171.562377')), (140, 20, 8, Decimal('841.06'), Decimal('11.60'), Decimal('780.50368')), (140, 35, 3, Decimal('512.37'), Decimal('5.78'), Decimal('88.844958')), (140, 39, 6, Decimal('713.46'), Decimal('15.39'), Decimal('658.808964')), (140, 18, 9, Decimal('697.86'), Decimal('6.91'), Decimal('433.999134')), (140, 29, 5, Decimal('201.03'), Decimal('16.88'), Decimal('169.669320')), (140, 16, 7, Decimal('266.44'), Decimal('7.11'), Decimal('132.607188')), (140, 1, 1, Decimal('802.42'), Decimal('3.53'), Decimal('28.325426'))]
[2025-06-14T02:59:12.856+0000] {logging_mixin.py:151} INFO - Simulation completed successfully!
[2025-06-14T02:59:12.856+0000] {logging_mixin.py:151} INFO - 140
[2025-06-14T02:59:12.857+0000] {python.py:194} INFO - Done. Returned value was: 140
[2025-06-14T02:59:12.884+0000] {taskinstance.py:1398} INFO - Marking task as SUCCESS. dag_id=ecommerce_generate_order_process, task_id=generate_order_process, execution_date=20250614T025812, start_date=20250614T025912, end_date=20250614T025912
[2025-06-14T02:59:12.908+0000] {local_task_job_runner.py:228} INFO - Task exited with return code 0
[2025-06-14T02:59:12.930+0000] {taskinstance.py:2776} INFO - 1 downstream tasks scheduled from follow-on schedule check
