[2025-06-14T02:05:13.365+0000] {taskinstance.py:1157} INFO - Dependencies all met for dep_context=non-requeueable deps ti=<TaskInstance: ecommerce_generate_order_process.generate_order_process scheduled__2025-06-14T02:04:11.775941+00:00 [queued]>
[2025-06-14T02:05:13.377+0000] {taskinstance.py:1157} INFO - Dependencies all met for dep_context=requeueable deps ti=<TaskInstance: ecommerce_generate_order_process.generate_order_process scheduled__2025-06-14T02:04:11.775941+00:00 [queued]>
[2025-06-14T02:05:13.377+0000] {taskinstance.py:1359} INFO - Starting attempt 1 of 6
[2025-06-14T02:05:13.395+0000] {taskinstance.py:1380} INFO - Executing <Task(_PythonDecoratedOperator): generate_order_process> on 2025-06-14 02:04:11.775941+00:00
[2025-06-14T02:05:13.404+0000] {standard_task_runner.py:57} INFO - Started process 1463 to run task
[2025-06-14T02:05:13.406+0000] {standard_task_runner.py:84} INFO - Running: ['***', 'tasks', 'run', 'ecommerce_generate_order_process', 'generate_order_process', 'scheduled__2025-06-14T02:04:11.775941+00:00', '--job-id', '452', '--raw', '--subdir', 'DAGS_FOLDER/generate_order_process.py', '--cfg-path', '/tmp/tmpfp2zpi6q']
[2025-06-14T02:05:13.410+0000] {standard_task_runner.py:85} INFO - Job 452: Subtask generate_order_process
[2025-06-14T02:05:13.493+0000] {task_command.py:415} INFO - Running <TaskInstance: ecommerce_generate_order_process.generate_order_process scheduled__2025-06-14T02:04:11.775941+00:00 [running]> on host 3498b866135e
[2025-06-14T02:05:13.647+0000] {taskinstance.py:1660} INFO - Exporting env vars: AIRFLOW_CTX_DAG_OWNER='***' AIRFLOW_CTX_DAG_ID='ecommerce_generate_order_process' AIRFLOW_CTX_TASK_ID='generate_order_process' AIRFLOW_CTX_EXECUTION_DATE='2025-06-14T02:04:11.775941+00:00' AIRFLOW_CTX_TRY_NUMBER='1' AIRFLOW_CTX_DAG_RUN_ID='scheduled__2025-06-14T02:04:11.775941+00:00'
[2025-06-14T02:05:13.667+0000] {logging_mixin.py:151} INFO - ----------------------------
[2025-06-14T02:05:13.667+0000] {logging_mixin.py:151} INFO - 94
[2025-06-14T02:05:13.667+0000] {logging_mixin.py:151} INFO - ----------------------------
[2025-06-14T02:05:13.677+0000] {logging_mixin.py:151} INFO - [(6, 1, Decimal('721.46'), Decimal('1.60'), Decimal('11.54336')), (42, 4, Decimal('408.31'), Decimal('15.66'), Decimal('255.765384')), (37, 7, Decimal('892.19'), Decimal('4.68'), Decimal('292.281444')), (7, 6, Decimal('875.57'), Decimal('8.85'), Decimal('464.927670')), (4, 9, Decimal('38.75'), Decimal('2.09'), Decimal('7.288875')), (14, 5, Decimal('657.33'), Decimal('0.13'), Decimal('4.272645')), (33, 9, Decimal('508.62'), Decimal('3.37'), Decimal('154.264446')), (40, 4, Decimal('700.78'), Decimal('16.51'), Decimal('462.795112'))]
[2025-06-14T02:05:13.680+0000] {logging_mixin.py:151} INFO - [(86, 6, 1, Decimal('721.46'), Decimal('1.60'), Decimal('11.54336')), (86, 42, 4, Decimal('408.31'), Decimal('15.66'), Decimal('255.765384')), (86, 37, 7, Decimal('892.19'), Decimal('4.68'), Decimal('292.281444')), (86, 7, 6, Decimal('875.57'), Decimal('8.85'), Decimal('464.927670')), (86, 4, 9, Decimal('38.75'), Decimal('2.09'), Decimal('7.288875')), (86, 14, 5, Decimal('657.33'), Decimal('0.13'), Decimal('4.272645')), (86, 33, 9, Decimal('508.62'), Decimal('3.37'), Decimal('154.264446')), (86, 40, 4, Decimal('700.78'), Decimal('16.51'), Decimal('462.795112'))]
[2025-06-14T02:05:13.681+0000] {logging_mixin.py:151} INFO - Simulation completed successfully!
[2025-06-14T02:05:13.681+0000] {logging_mixin.py:151} INFO - 86
[2025-06-14T02:05:13.682+0000] {python.py:194} INFO - Done. Returned value was: 86
[2025-06-14T02:05:13.730+0000] {taskinstance.py:1398} INFO - Marking task as SUCCESS. dag_id=ecommerce_generate_order_process, task_id=generate_order_process, execution_date=20250614T020411, start_date=20250614T020513, end_date=20250614T020513
[2025-06-14T02:05:13.781+0000] {local_task_job_runner.py:228} INFO - Task exited with return code 0
[2025-06-14T02:05:13.814+0000] {taskinstance.py:2776} INFO - 1 downstream tasks scheduled from follow-on schedule check
