[2025-06-13T16:48:33.654+0000] {taskinstance.py:1157} INFO - Dependencies all met for dep_context=non-requeueable deps ti=<TaskInstance: ecommerce_generate_order_process.generate_order_process scheduled__2025-06-13T16:47:31.706122+00:00 [queued]>
[2025-06-13T16:48:33.668+0000] {taskinstance.py:1157} INFO - Dependencies all met for dep_context=requeueable deps ti=<TaskInstance: ecommerce_generate_order_process.generate_order_process scheduled__2025-06-13T16:47:31.706122+00:00 [queued]>
[2025-06-13T16:48:33.669+0000] {taskinstance.py:1359} INFO - Starting attempt 1 of 6
[2025-06-13T16:48:33.688+0000] {taskinstance.py:1380} INFO - Executing <Task(_PythonDecoratedOperator): generate_order_process> on 2025-06-13 16:47:31.706122+00:00
[2025-06-13T16:48:33.698+0000] {standard_task_runner.py:57} INFO - Started process 5321 to run task
[2025-06-13T16:48:33.702+0000] {standard_task_runner.py:84} INFO - Running: ['***', 'tasks', 'run', 'ecommerce_generate_order_process', 'generate_order_process', 'scheduled__2025-06-13T16:47:31.706122+00:00', '--job-id', '315', '--raw', '--subdir', 'DAGS_FOLDER/generate_order_process.py', '--cfg-path', '/tmp/tmp230yorn0']
[2025-06-13T16:48:33.705+0000] {standard_task_runner.py:85} INFO - Job 315: Subtask generate_order_process
[2025-06-13T16:48:33.805+0000] {task_command.py:415} INFO - Running <TaskInstance: ecommerce_generate_order_process.generate_order_process scheduled__2025-06-13T16:47:31.706122+00:00 [running]> on host 3498b866135e
[2025-06-13T16:48:34.041+0000] {taskinstance.py:1660} INFO - Exporting env vars: AIRFLOW_CTX_DAG_OWNER='***' AIRFLOW_CTX_DAG_ID='ecommerce_generate_order_process' AIRFLOW_CTX_TASK_ID='generate_order_process' AIRFLOW_CTX_EXECUTION_DATE='2025-06-13T16:47:31.706122+00:00' AIRFLOW_CTX_TRY_NUMBER='1' AIRFLOW_CTX_DAG_RUN_ID='scheduled__2025-06-13T16:47:31.706122+00:00'
[2025-06-13T16:48:34.073+0000] {logging_mixin.py:151} INFO - ----------------------------
[2025-06-13T16:48:34.073+0000] {logging_mixin.py:151} INFO - 85
[2025-06-13T16:48:34.074+0000] {logging_mixin.py:151} INFO - ----------------------------
[2025-06-13T16:48:34.086+0000] {logging_mixin.py:151} INFO - [(9, 4, Decimal('724.69'), Decimal('11.61'), Decimal('336.546036')), (21, 4, Decimal('841.78'), Decimal('5.97'), Decimal('201.017064')), (7, 6, Decimal('875.57'), Decimal('8.85'), Decimal('464.927670')), (11, 4, Decimal('668.03'), Decimal('3.23'), Decimal('86.309476')), (18, 9, Decimal('697.86'), Decimal('6.91'), Decimal('433.999134')), (4, 9, Decimal('38.75'), Decimal('2.09'), Decimal('7.288875')), (24, 1, Decimal('387.14'), Decimal('4.66'), Decimal('18.040724')), (1, 1, Decimal('802.42'), Decimal('3.53'), Decimal('28.325426')), (3, 7, Decimal('946.29'), Decimal('2.59'), Decimal('171.562377'))]
[2025-06-13T16:48:34.090+0000] {logging_mixin.py:151} INFO - [(61, 9, 4, Decimal('724.69'), Decimal('11.61'), Decimal('336.546036')), (61, 21, 4, Decimal('841.78'), Decimal('5.97'), Decimal('201.017064')), (61, 7, 6, Decimal('875.57'), Decimal('8.85'), Decimal('464.927670')), (61, 11, 4, Decimal('668.03'), Decimal('3.23'), Decimal('86.309476')), (61, 18, 9, Decimal('697.86'), Decimal('6.91'), Decimal('433.999134')), (61, 4, 9, Decimal('38.75'), Decimal('2.09'), Decimal('7.288875')), (61, 24, 1, Decimal('387.14'), Decimal('4.66'), Decimal('18.040724')), (61, 1, 1, Decimal('802.42'), Decimal('3.53'), Decimal('28.325426')), (61, 3, 7, Decimal('946.29'), Decimal('2.59'), Decimal('171.562377'))]
[2025-06-13T16:48:34.091+0000] {logging_mixin.py:151} INFO - Simulation completed successfully!
[2025-06-13T16:48:34.091+0000] {logging_mixin.py:151} INFO - 61
[2025-06-13T16:48:34.092+0000] {python.py:194} INFO - Done. Returned value was: 61
[2025-06-13T16:48:34.162+0000] {taskinstance.py:1398} INFO - Marking task as SUCCESS. dag_id=ecommerce_generate_order_process, task_id=generate_order_process, execution_date=20250613T164731, start_date=20250613T164833, end_date=20250613T164834
[2025-06-13T16:48:34.196+0000] {local_task_job_runner.py:228} INFO - Task exited with return code 0
[2025-06-13T16:48:34.242+0000] {taskinstance.py:2776} INFO - 1 downstream tasks scheduled from follow-on schedule check
