[2025-06-14T03:29:12.996+0000] {taskinstance.py:1157} INFO - Dependencies all met for dep_context=non-requeueable deps ti=<TaskInstance: ecommerce_generate_order_process.generate_order_process scheduled__2025-06-14T03:28:12.130199+00:00 [queued]>
[2025-06-14T03:29:13.005+0000] {taskinstance.py:1157} INFO - Dependencies all met for dep_context=requeueable deps ti=<TaskInstance: ecommerce_generate_order_process.generate_order_process scheduled__2025-06-14T03:28:12.130199+00:00 [queued]>
[2025-06-14T03:29:13.006+0000] {taskinstance.py:1359} INFO - Starting attempt 1 of 6
[2025-06-14T03:29:13.016+0000] {taskinstance.py:1380} INFO - Executing <Task(_PythonDecoratedOperator): generate_order_process> on 2025-06-14 03:28:12.130199+00:00
[2025-06-14T03:29:13.021+0000] {standard_task_runner.py:57} INFO - Started process 8886 to run task
[2025-06-14T03:29:13.023+0000] {standard_task_runner.py:84} INFO - Running: ['***', 'tasks', 'run', 'ecommerce_generate_order_process', 'generate_order_process', 'scheduled__2025-06-14T03:28:12.130199+00:00', '--job-id', '874', '--raw', '--subdir', 'DAGS_FOLDER/generate_order_process.py', '--cfg-path', '/tmp/tmponrk78sa']
[2025-06-14T03:29:13.024+0000] {standard_task_runner.py:85} INFO - Job 874: Subtask generate_order_process
[2025-06-14T03:29:13.070+0000] {task_command.py:415} INFO - Running <TaskInstance: ecommerce_generate_order_process.generate_order_process scheduled__2025-06-14T03:28:12.130199+00:00 [running]> on host 3498b866135e
[2025-06-14T03:29:13.155+0000] {taskinstance.py:1660} INFO - Exporting env vars: AIRFLOW_CTX_DAG_OWNER='***' AIRFLOW_CTX_DAG_ID='ecommerce_generate_order_process' AIRFLOW_CTX_TASK_ID='generate_order_process' AIRFLOW_CTX_EXECUTION_DATE='2025-06-14T03:28:12.130199+00:00' AIRFLOW_CTX_TRY_NUMBER='1' AIRFLOW_CTX_DAG_RUN_ID='scheduled__2025-06-14T03:28:12.130199+00:00'
[2025-06-14T03:29:13.167+0000] {logging_mixin.py:151} INFO - ----------------------------
[2025-06-14T03:29:13.167+0000] {logging_mixin.py:151} INFO - 11
[2025-06-14T03:29:13.167+0000] {logging_mixin.py:151} INFO - ----------------------------
[2025-06-14T03:29:13.172+0000] {logging_mixin.py:151} INFO - [(28, 7, Decimal('799.39'), Decimal('3.53'), Decimal('197.529269')), (35, 3, Decimal('512.37'), Decimal('5.78'), Decimal('88.844958'))]
[2025-06-14T03:29:13.173+0000] {logging_mixin.py:151} INFO - [(170, 28, 7, Decimal('799.39'), Decimal('3.53'), Decimal('197.529269')), (170, 35, 3, Decimal('512.37'), Decimal('5.78'), Decimal('88.844958'))]
[2025-06-14T03:29:13.174+0000] {logging_mixin.py:151} INFO - Simulation completed successfully!
[2025-06-14T03:29:13.174+0000] {logging_mixin.py:151} INFO - 170
[2025-06-14T03:29:13.174+0000] {python.py:194} INFO - Done. Returned value was: 170
[2025-06-14T03:29:13.202+0000] {taskinstance.py:1398} INFO - Marking task as SUCCESS. dag_id=ecommerce_generate_order_process, task_id=generate_order_process, execution_date=20250614T032812, start_date=20250614T032912, end_date=20250614T032913
[2025-06-14T03:29:13.234+0000] {local_task_job_runner.py:228} INFO - Task exited with return code 0
[2025-06-14T03:29:13.257+0000] {taskinstance.py:2776} INFO - 1 downstream tasks scheduled from follow-on schedule check
