[2025-06-14T04:28:13.594+0000] {taskinstance.py:1157} INFO - Dependencies all met for dep_context=non-requeueable deps ti=<TaskInstance: ecommerce_generate_order_process.generate_order_process scheduled__2025-06-14T04:27:12.130199+00:00 [queued]>
[2025-06-14T04:28:13.601+0000] {taskinstance.py:1157} INFO - Dependencies all met for dep_context=requeueable deps ti=<TaskInstance: ecommerce_generate_order_process.generate_order_process scheduled__2025-06-14T04:27:12.130199+00:00 [queued]>
[2025-06-14T04:28:13.601+0000] {taskinstance.py:1359} INFO - Starting attempt 1 of 6
[2025-06-14T04:28:13.641+0000] {taskinstance.py:1380} INFO - Executing <Task(_PythonDecoratedOperator): generate_order_process> on 2025-06-14 04:27:12.130199+00:00
[2025-06-14T04:28:13.647+0000] {standard_task_runner.py:57} INFO - Started process 14076 to run task
[2025-06-14T04:28:13.649+0000] {standard_task_runner.py:84} INFO - Running: ['***', 'tasks', 'run', 'ecommerce_generate_order_process', 'generate_order_process', 'scheduled__2025-06-14T04:27:12.130199+00:00', '--job-id', '1169', '--raw', '--subdir', 'DAGS_FOLDER/generate_order_process.py', '--cfg-path', '/tmp/tmpi_g9ndg3']
[2025-06-14T04:28:13.650+0000] {standard_task_runner.py:85} INFO - Job 1169: Subtask generate_order_process
[2025-06-14T04:28:13.732+0000] {task_command.py:415} INFO - Running <TaskInstance: ecommerce_generate_order_process.generate_order_process scheduled__2025-06-14T04:27:12.130199+00:00 [running]> on host 3498b866135e
[2025-06-14T04:28:13.911+0000] {taskinstance.py:1660} INFO - Exporting env vars: AIRFLOW_CTX_DAG_OWNER='***' AIRFLOW_CTX_DAG_ID='ecommerce_generate_order_process' AIRFLOW_CTX_TASK_ID='generate_order_process' AIRFLOW_CTX_EXECUTION_DATE='2025-06-14T04:27:12.130199+00:00' AIRFLOW_CTX_TRY_NUMBER='1' AIRFLOW_CTX_DAG_RUN_ID='scheduled__2025-06-14T04:27:12.130199+00:00'
[2025-06-14T04:28:13.924+0000] {logging_mixin.py:151} INFO - ----------------------------
[2025-06-14T04:28:13.925+0000] {logging_mixin.py:151} INFO - 435
[2025-06-14T04:28:13.925+0000] {logging_mixin.py:151} INFO - ----------------------------
[2025-06-14T04:28:13.930+0000] {logging_mixin.py:151} INFO - [(26, 5, Decimal('349.97'), Decimal('8.34'), Decimal('145.937490')), (14, 5, Decimal('657.33'), Decimal('0.13'), Decimal('4.272645')), (46, 9, Decimal('279.46'), Decimal('19.12'), Decimal('480.894768')), (20, 8, Decimal('841.06'), Decimal('11.60'), Decimal('780.50368'))]
[2025-06-14T04:28:13.931+0000] {logging_mixin.py:151} INFO - [(229, 26, 5, Decimal('349.97'), Decimal('8.34'), Decimal('145.937490')), (229, 14, 5, Decimal('657.33'), Decimal('0.13'), Decimal('4.272645')), (229, 46, 9, Decimal('279.46'), Decimal('19.12'), Decimal('480.894768')), (229, 20, 8, Decimal('841.06'), Decimal('11.60'), Decimal('780.50368'))]
[2025-06-14T04:28:13.962+0000] {logging_mixin.py:151} INFO - Simulation completed successfully!
[2025-06-14T04:28:13.962+0000] {logging_mixin.py:151} INFO - 229
[2025-06-14T04:28:13.962+0000] {python.py:194} INFO - Done. Returned value was: 229
[2025-06-14T04:28:14.023+0000] {taskinstance.py:1398} INFO - Marking task as SUCCESS. dag_id=ecommerce_generate_order_process, task_id=generate_order_process, execution_date=20250614T042712, start_date=20250614T042813, end_date=20250614T042814
[2025-06-14T04:28:14.101+0000] {local_task_job_runner.py:228} INFO - Task exited with return code 0
[2025-06-14T04:28:14.127+0000] {taskinstance.py:2776} INFO - 1 downstream tasks scheduled from follow-on schedule check
