[2025-06-14T03:37:13.276+0000] {taskinstance.py:1157} INFO - Dependencies all met for dep_context=non-requeueable deps ti=<TaskInstance: ecommerce_generate_order_process.generate_order_process scheduled__2025-06-14T03:36:12.130199+00:00 [queued]>
[2025-06-14T03:37:13.285+0000] {taskinstance.py:1157} INFO - Dependencies all met for dep_context=requeueable deps ti=<TaskInstance: ecommerce_generate_order_process.generate_order_process scheduled__2025-06-14T03:36:12.130199+00:00 [queued]>
[2025-06-14T03:37:13.286+0000] {taskinstance.py:1359} INFO - Starting attempt 1 of 6
[2025-06-14T03:37:13.297+0000] {taskinstance.py:1380} INFO - Executing <Task(_PythonDecoratedOperator): generate_order_process> on 2025-06-14 03:36:12.130199+00:00
[2025-06-14T03:37:13.302+0000] {standard_task_runner.py:57} INFO - Started process 9566 to run task
[2025-06-14T03:37:13.304+0000] {standard_task_runner.py:84} INFO - Running: ['***', 'tasks', 'run', 'ecommerce_generate_order_process', 'generate_order_process', 'scheduled__2025-06-14T03:36:12.130199+00:00', '--job-id', '914', '--raw', '--subdir', 'DAGS_FOLDER/generate_order_process.py', '--cfg-path', '/tmp/tmpfxc2cjdr']
[2025-06-14T03:37:13.306+0000] {standard_task_runner.py:85} INFO - Job 914: Subtask generate_order_process
[2025-06-14T03:37:13.358+0000] {task_command.py:415} INFO - Running <TaskInstance: ecommerce_generate_order_process.generate_order_process scheduled__2025-06-14T03:36:12.130199+00:00 [running]> on host 3498b866135e
[2025-06-14T03:37:13.454+0000] {taskinstance.py:1660} INFO - Exporting env vars: AIRFLOW_CTX_DAG_OWNER='***' AIRFLOW_CTX_DAG_ID='ecommerce_generate_order_process' AIRFLOW_CTX_TASK_ID='generate_order_process' AIRFLOW_CTX_EXECUTION_DATE='2025-06-14T03:36:12.130199+00:00' AIRFLOW_CTX_TRY_NUMBER='1' AIRFLOW_CTX_DAG_RUN_ID='scheduled__2025-06-14T03:36:12.130199+00:00'
[2025-06-14T03:37:13.469+0000] {logging_mixin.py:151} INFO - ----------------------------
[2025-06-14T03:37:13.469+0000] {logging_mixin.py:151} INFO - 70
[2025-06-14T03:37:13.469+0000] {logging_mixin.py:151} INFO - ----------------------------
[2025-06-14T03:37:13.476+0000] {logging_mixin.py:151} INFO - [(50, 6, Decimal('732.13'), Decimal('17.33'), Decimal('761.268774')), (11, 4, Decimal('668.03'), Decimal('3.23'), Decimal('86.309476')), (33, 9, Decimal('508.62'), Decimal('3.37'), Decimal('154.264446')), (35, 3, Decimal('512.37'), Decimal('5.78'), Decimal('88.844958')), (44, 3, Decimal('20.44'), Decimal('5.09'), Decimal('3.121188')), (15, 7, Decimal('523.55'), Decimal('19.06'), Decimal('698.520410')), (13, 4, Decimal('411.98'), Decimal('16.77'), Decimal('276.356184')), (28, 7, Decimal('799.39'), Decimal('3.53'), Decimal('197.529269')), (43, 8, Decimal('746.10'), Decimal('4.92'), Decimal('293.664960'))]
[2025-06-14T03:37:13.477+0000] {logging_mixin.py:151} INFO - [(178, 50, 6, Decimal('732.13'), Decimal('17.33'), Decimal('761.268774')), (178, 11, 4, Decimal('668.03'), Decimal('3.23'), Decimal('86.309476')), (178, 33, 9, Decimal('508.62'), Decimal('3.37'), Decimal('154.264446')), (178, 35, 3, Decimal('512.37'), Decimal('5.78'), Decimal('88.844958')), (178, 44, 3, Decimal('20.44'), Decimal('5.09'), Decimal('3.121188')), (178, 15, 7, Decimal('523.55'), Decimal('19.06'), Decimal('698.520410')), (178, 13, 4, Decimal('411.98'), Decimal('16.77'), Decimal('276.356184')), (178, 28, 7, Decimal('799.39'), Decimal('3.53'), Decimal('197.529269')), (178, 43, 8, Decimal('746.10'), Decimal('4.92'), Decimal('293.664960'))]
[2025-06-14T03:37:13.479+0000] {logging_mixin.py:151} INFO - Simulation completed successfully!
[2025-06-14T03:37:13.480+0000] {logging_mixin.py:151} INFO - 178
[2025-06-14T03:37:13.480+0000] {python.py:194} INFO - Done. Returned value was: 178
[2025-06-14T03:37:13.513+0000] {taskinstance.py:1398} INFO - Marking task as SUCCESS. dag_id=ecommerce_generate_order_process, task_id=generate_order_process, execution_date=20250614T033612, start_date=20250614T033713, end_date=20250614T033713
[2025-06-14T03:37:13.556+0000] {local_task_job_runner.py:228} INFO - Task exited with return code 0
[2025-06-14T03:37:13.581+0000] {taskinstance.py:2776} INFO - 1 downstream tasks scheduled from follow-on schedule check
