[2025-06-14T03:50:13.113+0000] {taskinstance.py:1157} INFO - Dependencies all met for dep_context=non-requeueable deps ti=<TaskInstance: ecommerce_generate_order_process.generate_order_process scheduled__2025-06-14T03:49:12.130199+00:00 [queued]>
[2025-06-14T03:50:13.121+0000] {taskinstance.py:1157} INFO - Dependencies all met for dep_context=requeueable deps ti=<TaskInstance: ecommerce_generate_order_process.generate_order_process scheduled__2025-06-14T03:49:12.130199+00:00 [queued]>
[2025-06-14T03:50:13.121+0000] {taskinstance.py:1359} INFO - Starting attempt 1 of 6
[2025-06-14T03:50:13.134+0000] {taskinstance.py:1380} INFO - Executing <Task(_PythonDecoratedOperator): generate_order_process> on 2025-06-14 03:49:12.130199+00:00
[2025-06-14T03:50:13.138+0000] {standard_task_runner.py:57} INFO - Started process 10736 to run task
[2025-06-14T03:50:13.140+0000] {standard_task_runner.py:84} INFO - Running: ['***', 'tasks', 'run', 'ecommerce_generate_order_process', 'generate_order_process', 'scheduled__2025-06-14T03:49:12.130199+00:00', '--job-id', '979', '--raw', '--subdir', 'DAGS_FOLDER/generate_order_process.py', '--cfg-path', '/tmp/tmplk9r1_d6']
[2025-06-14T03:50:13.142+0000] {standard_task_runner.py:85} INFO - Job 979: Subtask generate_order_process
[2025-06-14T03:50:13.207+0000] {task_command.py:415} INFO - Running <TaskInstance: ecommerce_generate_order_process.generate_order_process scheduled__2025-06-14T03:49:12.130199+00:00 [running]> on host 3498b866135e
[2025-06-14T03:50:13.322+0000] {taskinstance.py:1660} INFO - Exporting env vars: AIRFLOW_CTX_DAG_OWNER='***' AIRFLOW_CTX_DAG_ID='ecommerce_generate_order_process' AIRFLOW_CTX_TASK_ID='generate_order_process' AIRFLOW_CTX_EXECUTION_DATE='2025-06-14T03:49:12.130199+00:00' AIRFLOW_CTX_TRY_NUMBER='1' AIRFLOW_CTX_DAG_RUN_ID='scheduled__2025-06-14T03:49:12.130199+00:00'
[2025-06-14T03:50:13.336+0000] {logging_mixin.py:151} INFO - ----------------------------
[2025-06-14T03:50:13.336+0000] {logging_mixin.py:151} INFO - 211
[2025-06-14T03:50:13.336+0000] {logging_mixin.py:151} INFO - ----------------------------
[2025-06-14T03:50:13.342+0000] {logging_mixin.py:151} INFO - [(45, 2, Decimal('602.50'), Decimal('19.00'), Decimal('228.9500')), (40, 4, Decimal('700.78'), Decimal('16.51'), Decimal('462.795112')), (39, 6, Decimal('713.46'), Decimal('15.39'), Decimal('658.808964')), (7, 6, Decimal('875.57'), Decimal('8.85'), Decimal('464.927670'))]
[2025-06-14T03:50:13.344+0000] {logging_mixin.py:151} INFO - [(191, 45, 2, Decimal('602.50'), Decimal('19.00'), Decimal('228.9500')), (191, 40, 4, Decimal('700.78'), Decimal('16.51'), Decimal('462.795112')), (191, 39, 6, Decimal('713.46'), Decimal('15.39'), Decimal('658.808964')), (191, 7, 6, Decimal('875.57'), Decimal('8.85'), Decimal('464.927670'))]
[2025-06-14T03:50:13.345+0000] {logging_mixin.py:151} INFO - Simulation completed successfully!
[2025-06-14T03:50:13.346+0000] {logging_mixin.py:151} INFO - 191
[2025-06-14T03:50:13.346+0000] {python.py:194} INFO - Done. Returned value was: 191
[2025-06-14T03:50:13.382+0000] {taskinstance.py:1398} INFO - Marking task as SUCCESS. dag_id=ecommerce_generate_order_process, task_id=generate_order_process, execution_date=20250614T034912, start_date=20250614T035013, end_date=20250614T035013
[2025-06-14T03:50:13.432+0000] {local_task_job_runner.py:228} INFO - Task exited with return code 0
[2025-06-14T03:50:13.457+0000] {taskinstance.py:2776} INFO - 1 downstream tasks scheduled from follow-on schedule check
