[2025-06-14T04:53:13.433+0000] {taskinstance.py:1157} INFO - Dependencies all met for dep_context=non-requeueable deps ti=<TaskInstance: ecommerce_generate_order_process.generate_order_process scheduled__2025-06-14T04:52:12.130199+00:00 [queued]>
[2025-06-14T04:53:13.442+0000] {taskinstance.py:1157} INFO - Dependencies all met for dep_context=requeueable deps ti=<TaskInstance: ecommerce_generate_order_process.generate_order_process scheduled__2025-06-14T04:52:12.130199+00:00 [queued]>
[2025-06-14T04:53:13.442+0000] {taskinstance.py:1359} INFO - Starting attempt 1 of 6
[2025-06-14T04:53:13.456+0000] {taskinstance.py:1380} INFO - Executing <Task(_PythonDecoratedOperator): generate_order_process> on 2025-06-14 04:52:12.130199+00:00
[2025-06-14T04:53:13.462+0000] {standard_task_runner.py:57} INFO - Started process 16286 to run task
[2025-06-14T04:53:13.464+0000] {standard_task_runner.py:84} INFO - Running: ['***', 'tasks', 'run', 'ecommerce_generate_order_process', 'generate_order_process', 'scheduled__2025-06-14T04:52:12.130199+00:00', '--job-id', '1294', '--raw', '--subdir', 'DAGS_FOLDER/generate_order_process.py', '--cfg-path', '/tmp/tmpfnpn70qj']
[2025-06-14T04:53:13.466+0000] {standard_task_runner.py:85} INFO - Job 1294: Subtask generate_order_process
[2025-06-14T04:53:13.529+0000] {task_command.py:415} INFO - Running <TaskInstance: ecommerce_generate_order_process.generate_order_process scheduled__2025-06-14T04:52:12.130199+00:00 [running]> on host 3498b866135e
[2025-06-14T04:53:13.658+0000] {taskinstance.py:1660} INFO - Exporting env vars: AIRFLOW_CTX_DAG_OWNER='***' AIRFLOW_CTX_DAG_ID='ecommerce_generate_order_process' AIRFLOW_CTX_TASK_ID='generate_order_process' AIRFLOW_CTX_EXECUTION_DATE='2025-06-14T04:52:12.130199+00:00' AIRFLOW_CTX_TRY_NUMBER='1' AIRFLOW_CTX_DAG_RUN_ID='scheduled__2025-06-14T04:52:12.130199+00:00'
[2025-06-14T04:53:13.673+0000] {logging_mixin.py:151} INFO - ----------------------------
[2025-06-14T04:53:13.673+0000] {logging_mixin.py:151} INFO - 252
[2025-06-14T04:53:13.673+0000] {logging_mixin.py:151} INFO - ----------------------------
[2025-06-14T04:53:13.682+0000] {logging_mixin.py:151} INFO - [(2, 1, Decimal('925.46'), Decimal('2.62'), Decimal('24.247052')), (50, 6, Decimal('732.13'), Decimal('17.33'), Decimal('761.268774')), (34, 5, Decimal('814.83'), Decimal('13.74'), Decimal('559.788210')), (25, 2, Decimal('34.67'), Decimal('5.72'), Decimal('3.966248')), (37, 7, Decimal('892.19'), Decimal('4.68'), Decimal('292.281444')), (26, 5, Decimal('349.97'), Decimal('8.34'), Decimal('145.937490'))]
[2025-06-14T04:53:13.684+0000] {logging_mixin.py:151} INFO - [(254, 2, 1, Decimal('925.46'), Decimal('2.62'), Decimal('24.247052')), (254, 50, 6, Decimal('732.13'), Decimal('17.33'), Decimal('761.268774')), (254, 34, 5, Decimal('814.83'), Decimal('13.74'), Decimal('559.788210')), (254, 25, 2, Decimal('34.67'), Decimal('5.72'), Decimal('3.966248')), (254, 37, 7, Decimal('892.19'), Decimal('4.68'), Decimal('292.281444')), (254, 26, 5, Decimal('349.97'), Decimal('8.34'), Decimal('145.937490'))]
[2025-06-14T04:53:13.685+0000] {logging_mixin.py:151} INFO - Simulation completed successfully!
[2025-06-14T04:53:13.685+0000] {logging_mixin.py:151} INFO - 254
[2025-06-14T04:53:13.686+0000] {python.py:194} INFO - Done. Returned value was: 254
[2025-06-14T04:53:13.726+0000] {taskinstance.py:1398} INFO - Marking task as SUCCESS. dag_id=ecommerce_generate_order_process, task_id=generate_order_process, execution_date=20250614T045212, start_date=20250614T045313, end_date=20250614T045313
[2025-06-14T04:53:13.756+0000] {local_task_job_runner.py:228} INFO - Task exited with return code 0
[2025-06-14T04:53:13.787+0000] {taskinstance.py:2776} INFO - 1 downstream tasks scheduled from follow-on schedule check
