[2025-06-14T05:04:13.574+0000] {taskinstance.py:1157} INFO - Dependencies all met for dep_context=non-requeueable deps ti=<TaskInstance: ecommerce_generate_order_process.generate_order_process scheduled__2025-06-14T05:03:12.130199+00:00 [queued]>
[2025-06-14T05:04:13.583+0000] {taskinstance.py:1157} INFO - Dependencies all met for dep_context=requeueable deps ti=<TaskInstance: ecommerce_generate_order_process.generate_order_process scheduled__2025-06-14T05:03:12.130199+00:00 [queued]>
[2025-06-14T05:04:13.584+0000] {taskinstance.py:1359} INFO - Starting attempt 1 of 6
[2025-06-14T05:04:13.597+0000] {taskinstance.py:1380} INFO - Executing <Task(_PythonDecoratedOperator): generate_order_process> on 2025-06-14 05:03:12.130199+00:00
[2025-06-14T05:04:13.603+0000] {standard_task_runner.py:57} INFO - Started process 17271 to run task
[2025-06-14T05:04:13.605+0000] {standard_task_runner.py:84} INFO - Running: ['***', 'tasks', 'run', 'ecommerce_generate_order_process', 'generate_order_process', 'scheduled__2025-06-14T05:03:12.130199+00:00', '--job-id', '1349', '--raw', '--subdir', 'DAGS_FOLDER/generate_order_process.py', '--cfg-path', '/tmp/tmpdmprvi8g']
[2025-06-14T05:04:13.607+0000] {standard_task_runner.py:85} INFO - Job 1349: Subtask generate_order_process
[2025-06-14T05:04:13.675+0000] {task_command.py:415} INFO - Running <TaskInstance: ecommerce_generate_order_process.generate_order_process scheduled__2025-06-14T05:03:12.130199+00:00 [running]> on host 3498b866135e
[2025-06-14T05:04:13.827+0000] {taskinstance.py:1660} INFO - Exporting env vars: AIRFLOW_CTX_DAG_OWNER='***' AIRFLOW_CTX_DAG_ID='ecommerce_generate_order_process' AIRFLOW_CTX_TASK_ID='generate_order_process' AIRFLOW_CTX_EXECUTION_DATE='2025-06-14T05:03:12.130199+00:00' AIRFLOW_CTX_TRY_NUMBER='1' AIRFLOW_CTX_DAG_RUN_ID='scheduled__2025-06-14T05:03:12.130199+00:00'
[2025-06-14T05:04:13.843+0000] {logging_mixin.py:151} INFO - ----------------------------
[2025-06-14T05:04:13.843+0000] {logging_mixin.py:151} INFO - 373
[2025-06-14T05:04:13.843+0000] {logging_mixin.py:151} INFO - ----------------------------
[2025-06-14T05:04:13.850+0000] {logging_mixin.py:151} INFO - [(6, 1, Decimal('721.46'), Decimal('1.60'), Decimal('11.54336')), (9, 4, Decimal('724.69'), Decimal('11.61'), Decimal('336.546036')), (48, 4, Decimal('294.67'), Decimal('17.31'), Decimal('204.029508')), (39, 6, Decimal('713.46'), Decimal('15.39'), Decimal('658.808964'))]
[2025-06-14T05:04:13.852+0000] {logging_mixin.py:151} INFO - [(265, 6, 1, Decimal('721.46'), Decimal('1.60'), Decimal('11.54336')), (265, 9, 4, Decimal('724.69'), Decimal('11.61'), Decimal('336.546036')), (265, 48, 4, Decimal('294.67'), Decimal('17.31'), Decimal('204.029508')), (265, 39, 6, Decimal('713.46'), Decimal('15.39'), Decimal('658.808964'))]
[2025-06-14T05:04:13.853+0000] {logging_mixin.py:151} INFO - Simulation completed successfully!
[2025-06-14T05:04:13.853+0000] {logging_mixin.py:151} INFO - 265
[2025-06-14T05:04:13.853+0000] {python.py:194} INFO - Done. Returned value was: 265
[2025-06-14T05:04:13.892+0000] {taskinstance.py:1398} INFO - Marking task as SUCCESS. dag_id=ecommerce_generate_order_process, task_id=generate_order_process, execution_date=20250614T050312, start_date=20250614T050413, end_date=20250614T050413
[2025-06-14T05:04:13.937+0000] {local_task_job_runner.py:228} INFO - Task exited with return code 0
[2025-06-14T05:04:13.965+0000] {taskinstance.py:2776} INFO - 1 downstream tasks scheduled from follow-on schedule check
