[2025-06-14T03:06:13.088+0000] {taskinstance.py:1157} INFO - Dependencies all met for dep_context=non-requeueable deps ti=<TaskInstance: ecommerce_generate_order_process.generate_order_process scheduled__2025-06-14T03:05:12.033460+00:00 [queued]>
[2025-06-14T03:06:13.098+0000] {taskinstance.py:1157} INFO - Dependencies all met for dep_context=requeueable deps ti=<TaskInstance: ecommerce_generate_order_process.generate_order_process scheduled__2025-06-14T03:05:12.033460+00:00 [queued]>
[2025-06-14T03:06:13.098+0000] {taskinstance.py:1359} INFO - Starting attempt 1 of 6
[2025-06-14T03:06:13.112+0000] {taskinstance.py:1380} INFO - Executing <Task(_PythonDecoratedOperator): generate_order_process> on 2025-06-14 03:05:12.033460+00:00
[2025-06-14T03:06:13.118+0000] {standard_task_runner.py:57} INFO - Started process 6856 to run task
[2025-06-14T03:06:13.120+0000] {standard_task_runner.py:84} INFO - Running: ['***', 'tasks', 'run', 'ecommerce_generate_order_process', 'generate_order_process', 'scheduled__2025-06-14T03:05:12.033460+00:00', '--job-id', '759', '--raw', '--subdir', 'DAGS_FOLDER/generate_order_process.py', '--cfg-path', '/tmp/tmp4yavqj8o']
[2025-06-14T03:06:13.122+0000] {standard_task_runner.py:85} INFO - Job 759: Subtask generate_order_process
[2025-06-14T03:06:13.188+0000] {task_command.py:415} INFO - Running <TaskInstance: ecommerce_generate_order_process.generate_order_process scheduled__2025-06-14T03:05:12.033460+00:00 [running]> on host 3498b866135e
[2025-06-14T03:06:13.301+0000] {taskinstance.py:1660} INFO - Exporting env vars: AIRFLOW_CTX_DAG_OWNER='***' AIRFLOW_CTX_DAG_ID='ecommerce_generate_order_process' AIRFLOW_CTX_TASK_ID='generate_order_process' AIRFLOW_CTX_EXECUTION_DATE='2025-06-14T03:05:12.033460+00:00' AIRFLOW_CTX_TRY_NUMBER='1' AIRFLOW_CTX_DAG_RUN_ID='scheduled__2025-06-14T03:05:12.033460+00:00'
[2025-06-14T03:06:13.317+0000] {logging_mixin.py:151} INFO - ----------------------------
[2025-06-14T03:06:13.317+0000] {logging_mixin.py:151} INFO - 177
[2025-06-14T03:06:13.317+0000] {logging_mixin.py:151} INFO - ----------------------------
[2025-06-14T03:06:13.324+0000] {logging_mixin.py:151} INFO - [(17, 1, Decimal('207.60'), Decimal('14.70'), Decimal('30.51720')), (22, 1, Decimal('429.81'), Decimal('5.21'), Decimal('22.393101')), (38, 4, Decimal('79.94'), Decimal('0.52'), Decimal('1.662752')), (2, 1, Decimal('925.46'), Decimal('2.62'), Decimal('24.247052')), (48, 4, Decimal('294.67'), Decimal('17.31'), Decimal('204.029508')), (49, 8, Decimal('42.29'), Decimal('1.49'), Decimal('5.040968')), (10, 4, Decimal('598.05'), Decimal('10.18'), Decimal('243.525960')), (11, 4, Decimal('668.03'), Decimal('3.23'), Decimal('86.309476')), (29, 5, Decimal('201.03'), Decimal('16.88'), Decimal('169.669320')), (33, 9, Decimal('508.62'), Decimal('3.37'), Decimal('154.264446'))]
[2025-06-14T03:06:13.327+0000] {logging_mixin.py:151} INFO - [(147, 17, 1, Decimal('207.60'), Decimal('14.70'), Decimal('30.51720')), (147, 22, 1, Decimal('429.81'), Decimal('5.21'), Decimal('22.393101')), (147, 38, 4, Decimal('79.94'), Decimal('0.52'), Decimal('1.662752')), (147, 2, 1, Decimal('925.46'), Decimal('2.62'), Decimal('24.247052')), (147, 48, 4, Decimal('294.67'), Decimal('17.31'), Decimal('204.029508')), (147, 49, 8, Decimal('42.29'), Decimal('1.49'), Decimal('5.040968')), (147, 10, 4, Decimal('598.05'), Decimal('10.18'), Decimal('243.525960')), (147, 11, 4, Decimal('668.03'), Decimal('3.23'), Decimal('86.309476')), (147, 29, 5, Decimal('201.03'), Decimal('16.88'), Decimal('169.669320')), (147, 33, 9, Decimal('508.62'), Decimal('3.37'), Decimal('154.264446'))]
[2025-06-14T03:06:13.328+0000] {logging_mixin.py:151} INFO - Simulation completed successfully!
[2025-06-14T03:06:13.328+0000] {logging_mixin.py:151} INFO - 147
[2025-06-14T03:06:13.328+0000] {python.py:194} INFO - Done. Returned value was: 147
[2025-06-14T03:06:13.366+0000] {taskinstance.py:1398} INFO - Marking task as SUCCESS. dag_id=ecommerce_generate_order_process, task_id=generate_order_process, execution_date=20250614T030512, start_date=20250614T030613, end_date=20250614T030613
[2025-06-14T03:06:13.412+0000] {local_task_job_runner.py:228} INFO - Task exited with return code 0
[2025-06-14T03:06:13.441+0000] {taskinstance.py:2776} INFO - 1 downstream tasks scheduled from follow-on schedule check
