[2025-06-14T01:59:40.389+0000] {taskinstance.py:1157} INFO - Dependencies all met for dep_context=non-requeueable deps ti=<TaskInstance: ecommerce_generate_order_process.generate_order_process manual__2025-06-14T01:59:38.961141+00:00 [queued]>
[2025-06-14T01:59:40.407+0000] {taskinstance.py:1157} INFO - Dependencies all met for dep_context=requeueable deps ti=<TaskInstance: ecommerce_generate_order_process.generate_order_process manual__2025-06-14T01:59:38.961141+00:00 [queued]>
[2025-06-14T01:59:40.407+0000] {taskinstance.py:1359} INFO - Starting attempt 1 of 6
[2025-06-14T01:59:40.429+0000] {taskinstance.py:1380} INFO - Executing <Task(_PythonDecoratedOperator): generate_order_process> on 2025-06-14 01:59:38.961141+00:00
[2025-06-14T01:59:40.437+0000] {standard_task_runner.py:57} INFO - Started process 962 to run task
[2025-06-14T01:59:40.440+0000] {standard_task_runner.py:84} INFO - Running: ['***', 'tasks', 'run', 'ecommerce_generate_order_process', 'generate_order_process', 'manual__2025-06-14T01:59:38.961141+00:00', '--job-id', '412', '--raw', '--subdir', 'DAGS_FOLDER/generate_order_process.py', '--cfg-path', '/tmp/tmpts1sg0sd']
[2025-06-14T01:59:40.443+0000] {standard_task_runner.py:85} INFO - Job 412: Subtask generate_order_process
[2025-06-14T01:59:40.547+0000] {task_command.py:415} INFO - Running <TaskInstance: ecommerce_generate_order_process.generate_order_process manual__2025-06-14T01:59:38.961141+00:00 [running]> on host 3498b866135e
[2025-06-14T01:59:40.740+0000] {taskinstance.py:1660} INFO - Exporting env vars: AIRFLOW_CTX_DAG_OWNER='***' AIRFLOW_CTX_DAG_ID='ecommerce_generate_order_process' AIRFLOW_CTX_TASK_ID='generate_order_process' AIRFLOW_CTX_EXECUTION_DATE='2025-06-14T01:59:38.961141+00:00' AIRFLOW_CTX_TRY_NUMBER='1' AIRFLOW_CTX_DAG_RUN_ID='manual__2025-06-14T01:59:38.961141+00:00'
[2025-06-14T01:59:40.765+0000] {logging_mixin.py:151} INFO - ----------------------------
[2025-06-14T01:59:40.765+0000] {logging_mixin.py:151} INFO - 111
[2025-06-14T01:59:40.766+0000] {logging_mixin.py:151} INFO - ----------------------------
[2025-06-14T01:59:40.777+0000] {logging_mixin.py:151} INFO - [(22, 1, Decimal('429.81'), Decimal('5.21'), Decimal('22.393101')), (3, 7, Decimal('946.29'), Decimal('2.59'), Decimal('171.562377')), (6, 1, Decimal('721.46'), Decimal('1.60'), Decimal('11.54336')), (17, 1, Decimal('207.60'), Decimal('14.70'), Decimal('30.51720'))]
[2025-06-14T01:59:40.780+0000] {logging_mixin.py:151} INFO - [(80, 22, 1, Decimal('429.81'), Decimal('5.21'), Decimal('22.393101')), (80, 3, 7, Decimal('946.29'), Decimal('2.59'), Decimal('171.562377')), (80, 6, 1, Decimal('721.46'), Decimal('1.60'), Decimal('11.54336')), (80, 17, 1, Decimal('207.60'), Decimal('14.70'), Decimal('30.51720'))]
[2025-06-14T01:59:40.781+0000] {logging_mixin.py:151} INFO - Simulation completed successfully!
[2025-06-14T01:59:40.781+0000] {logging_mixin.py:151} INFO - 80
[2025-06-14T01:59:40.781+0000] {python.py:194} INFO - Done. Returned value was: 80
[2025-06-14T01:59:40.843+0000] {taskinstance.py:1398} INFO - Marking task as SUCCESS. dag_id=ecommerce_generate_order_process, task_id=generate_order_process, execution_date=20250614T015938, start_date=20250614T015940, end_date=20250614T015940
[2025-06-14T01:59:40.893+0000] {local_task_job_runner.py:228} INFO - Task exited with return code 0
[2025-06-14T01:59:40.950+0000] {taskinstance.py:2776} INFO - 1 downstream tasks scheduled from follow-on schedule check
