[2025-06-13T16:28:33.306+0000] {taskinstance.py:1157} INFO - Dependencies all met for dep_context=non-requeueable deps ti=<TaskInstance: ecommerce_generate_order_process.generate_order_process scheduled__2025-06-13T16:27:31.706122+00:00 [queued]>
[2025-06-13T16:28:33.321+0000] {taskinstance.py:1157} INFO - Dependencies all met for dep_context=requeueable deps ti=<TaskInstance: ecommerce_generate_order_process.generate_order_process scheduled__2025-06-13T16:27:31.706122+00:00 [queued]>
[2025-06-13T16:28:33.321+0000] {taskinstance.py:1359} INFO - Starting attempt 1 of 6
[2025-06-13T16:28:33.348+0000] {taskinstance.py:1380} INFO - Executing <Task(_PythonDecoratedOperator): generate_order_process> on 2025-06-13 16:27:31.706122+00:00
[2025-06-13T16:28:33.358+0000] {standard_task_runner.py:57} INFO - Started process 3549 to run task
[2025-06-13T16:28:33.362+0000] {standard_task_runner.py:84} INFO - Running: ['***', 'tasks', 'run', 'ecommerce_generate_order_process', 'generate_order_process', 'scheduled__2025-06-13T16:27:31.706122+00:00', '--job-id', '215', '--raw', '--subdir', 'DAGS_FOLDER/generate_order_process.py', '--cfg-path', '/tmp/tmpj5bh5izb']
[2025-06-13T16:28:33.366+0000] {standard_task_runner.py:85} INFO - Job 215: Subtask generate_order_process
[2025-06-13T16:28:33.481+0000] {task_command.py:415} INFO - Running <TaskInstance: ecommerce_generate_order_process.generate_order_process scheduled__2025-06-13T16:27:31.706122+00:00 [running]> on host 3498b866135e
[2025-06-13T16:28:33.705+0000] {taskinstance.py:1660} INFO - Exporting env vars: AIRFLOW_CTX_DAG_OWNER='***' AIRFLOW_CTX_DAG_ID='ecommerce_generate_order_process' AIRFLOW_CTX_TASK_ID='generate_order_process' AIRFLOW_CTX_EXECUTION_DATE='2025-06-13T16:27:31.706122+00:00' AIRFLOW_CTX_TRY_NUMBER='1' AIRFLOW_CTX_DAG_RUN_ID='scheduled__2025-06-13T16:27:31.706122+00:00'
[2025-06-13T16:28:33.737+0000] {logging_mixin.py:151} INFO - ----------------------------
[2025-06-13T16:28:33.738+0000] {logging_mixin.py:151} INFO - 20
[2025-06-13T16:28:33.738+0000] {logging_mixin.py:151} INFO - ----------------------------
[2025-06-13T16:28:33.754+0000] {logging_mixin.py:151} INFO - [(23, 1, Decimal('521.30'), Decimal('16.80'), Decimal('87.57840')), (5, 8, Decimal('699.65'), Decimal('8.21'), Decimal('459.530120')), (20, 8, Decimal('841.06'), Decimal('11.60'), Decimal('780.50368')), (22, 1, Decimal('429.81'), Decimal('5.21'), Decimal('22.393101')), (13, 4, Decimal('411.98'), Decimal('16.77'), Decimal('276.356184')), (15, 7, Decimal('523.55'), Decimal('19.06'), Decimal('698.520410')), (3, 7, Decimal('946.29'), Decimal('2.59'), Decimal('171.562377')), (9, 4, Decimal('724.69'), Decimal('11.61'), Decimal('336.546036'))]
[2025-06-13T16:28:33.758+0000] {logging_mixin.py:151} INFO - [(41, 23, 1, Decimal('521.30'), Decimal('16.80'), Decimal('87.57840')), (41, 5, 8, Decimal('699.65'), Decimal('8.21'), Decimal('459.530120')), (41, 20, 8, Decimal('841.06'), Decimal('11.60'), Decimal('780.50368')), (41, 22, 1, Decimal('429.81'), Decimal('5.21'), Decimal('22.393101')), (41, 13, 4, Decimal('411.98'), Decimal('16.77'), Decimal('276.356184')), (41, 15, 7, Decimal('523.55'), Decimal('19.06'), Decimal('698.520410')), (41, 3, 7, Decimal('946.29'), Decimal('2.59'), Decimal('171.562377')), (41, 9, 4, Decimal('724.69'), Decimal('11.61'), Decimal('336.546036'))]
[2025-06-13T16:28:33.760+0000] {logging_mixin.py:151} INFO - Simulation completed successfully!
[2025-06-13T16:28:33.760+0000] {logging_mixin.py:151} INFO - 41
[2025-06-13T16:28:33.760+0000] {python.py:194} INFO - Done. Returned value was: 41
[2025-06-13T16:28:33.826+0000] {taskinstance.py:1398} INFO - Marking task as SUCCESS. dag_id=ecommerce_generate_order_process, task_id=generate_order_process, execution_date=20250613T162731, start_date=20250613T162833, end_date=20250613T162833
[2025-06-13T16:28:33.854+0000] {local_task_job_runner.py:228} INFO - Task exited with return code 0
[2025-06-13T16:28:33.913+0000] {taskinstance.py:2776} INFO - 1 downstream tasks scheduled from follow-on schedule check
