[2025-06-13T16:27:33.684+0000] {taskinstance.py:1157} INFO - Dependencies all met for dep_context=non-requeueable deps ti=<TaskInstance: ecommerce_generate_order_process.generate_order_process scheduled__2025-06-13T16:26:31.606904+00:00 [queued]>
[2025-06-13T16:27:33.700+0000] {taskinstance.py:1157} INFO - Dependencies all met for dep_context=requeueable deps ti=<TaskInstance: ecommerce_generate_order_process.generate_order_process scheduled__2025-06-13T16:26:31.606904+00:00 [queued]>
[2025-06-13T16:27:33.700+0000] {taskinstance.py:1359} INFO - Starting attempt 1 of 6
[2025-06-13T16:27:33.723+0000] {taskinstance.py:1380} INFO - Executing <Task(_PythonDecoratedOperator): generate_order_process> on 2025-06-13 16:26:31.606904+00:00
[2025-06-13T16:27:33.732+0000] {standard_task_runner.py:57} INFO - Started process 3466 to run task
[2025-06-13T16:27:33.736+0000] {standard_task_runner.py:84} INFO - Running: ['***', 'tasks', 'run', 'ecommerce_generate_order_process', 'generate_order_process', 'scheduled__2025-06-13T16:26:31.606904+00:00', '--job-id', '210', '--raw', '--subdir', 'DAGS_FOLDER/generate_order_process.py', '--cfg-path', '/tmp/tmpbkva1d22']
[2025-06-13T16:27:33.739+0000] {standard_task_runner.py:85} INFO - Job 210: Subtask generate_order_process
[2025-06-13T16:27:33.856+0000] {task_command.py:415} INFO - Running <TaskInstance: ecommerce_generate_order_process.generate_order_process scheduled__2025-06-13T16:26:31.606904+00:00 [running]> on host 3498b866135e
[2025-06-13T16:27:34.106+0000] {taskinstance.py:1660} INFO - Exporting env vars: AIRFLOW_CTX_DAG_OWNER='***' AIRFLOW_CTX_DAG_ID='ecommerce_generate_order_process' AIRFLOW_CTX_TASK_ID='generate_order_process' AIRFLOW_CTX_EXECUTION_DATE='2025-06-13T16:26:31.606904+00:00' AIRFLOW_CTX_TRY_NUMBER='1' AIRFLOW_CTX_DAG_RUN_ID='scheduled__2025-06-13T16:26:31.606904+00:00'
[2025-06-13T16:27:34.138+0000] {logging_mixin.py:151} INFO - ----------------------------
[2025-06-13T16:27:34.138+0000] {logging_mixin.py:151} INFO - 12
[2025-06-13T16:27:34.139+0000] {logging_mixin.py:151} INFO - ----------------------------
[2025-06-13T16:27:34.155+0000] {logging_mixin.py:151} INFO - [(17, 1, Decimal('207.60'), Decimal('14.70'), Decimal('30.51720')), (3, 7, Decimal('946.29'), Decimal('2.59'), Decimal('171.562377')), (6, 1, Decimal('721.46'), Decimal('1.60'), Decimal('11.54336')), (19, 8, Decimal('665.31'), Decimal('4.02'), Decimal('213.963696')), (7, 6, Decimal('875.57'), Decimal('8.85'), Decimal('464.927670')), (20, 8, Decimal('841.06'), Decimal('11.60'), Decimal('780.50368')), (25, 2, Decimal('34.67'), Decimal('5.72'), Decimal('3.966248')), (11, 4, Decimal('668.03'), Decimal('3.23'), Decimal('86.309476')), (13, 4, Decimal('411.98'), Decimal('16.77'), Decimal('276.356184'))]
[2025-06-13T16:27:34.160+0000] {logging_mixin.py:151} INFO - [(40, 17, 1, Decimal('207.60'), Decimal('14.70'), Decimal('30.51720')), (40, 3, 7, Decimal('946.29'), Decimal('2.59'), Decimal('171.562377')), (40, 6, 1, Decimal('721.46'), Decimal('1.60'), Decimal('11.54336')), (40, 19, 8, Decimal('665.31'), Decimal('4.02'), Decimal('213.963696')), (40, 7, 6, Decimal('875.57'), Decimal('8.85'), Decimal('464.927670')), (40, 20, 8, Decimal('841.06'), Decimal('11.60'), Decimal('780.50368')), (40, 25, 2, Decimal('34.67'), Decimal('5.72'), Decimal('3.966248')), (40, 11, 4, Decimal('668.03'), Decimal('3.23'), Decimal('86.309476')), (40, 13, 4, Decimal('411.98'), Decimal('16.77'), Decimal('276.356184'))]
[2025-06-13T16:27:34.162+0000] {logging_mixin.py:151} INFO - Simulation completed successfully!
[2025-06-13T16:27:34.162+0000] {logging_mixin.py:151} INFO - 40
[2025-06-13T16:27:34.163+0000] {python.py:194} INFO - Done. Returned value was: 40
[2025-06-13T16:27:34.237+0000] {taskinstance.py:1398} INFO - Marking task as SUCCESS. dag_id=ecommerce_generate_order_process, task_id=generate_order_process, execution_date=20250613T162631, start_date=20250613T162733, end_date=20250613T162734
[2025-06-13T16:27:34.268+0000] {local_task_job_runner.py:228} INFO - Task exited with return code 0
[2025-06-13T16:27:34.322+0000] {taskinstance.py:2776} INFO - 0 downstream tasks scheduled from follow-on schedule check
