[2025-06-13T16:04:33.892+0000] {taskinstance.py:1157} INFO - Dependencies all met for dep_context=non-requeueable deps ti=<TaskInstance: ecommerce_generate_order_process.generate_order_process scheduled__2025-06-13T16:03:31.606904+00:00 [queued]>
[2025-06-13T16:04:33.905+0000] {taskinstance.py:1157} INFO - Dependencies all met for dep_context=requeueable deps ti=<TaskInstance: ecommerce_generate_order_process.generate_order_process scheduled__2025-06-13T16:03:31.606904+00:00 [queued]>
[2025-06-13T16:04:33.906+0000] {taskinstance.py:1359} INFO - Starting attempt 1 of 6
[2025-06-13T16:04:33.927+0000] {taskinstance.py:1380} INFO - Executing <Task(_PythonDecoratedOperator): generate_order_process> on 2025-06-13 16:03:31.606904+00:00
[2025-06-13T16:04:33.934+0000] {standard_task_runner.py:57} INFO - Started process 1441 to run task
[2025-06-13T16:04:33.938+0000] {standard_task_runner.py:84} INFO - Running: ['***', 'tasks', 'run', 'ecommerce_generate_order_process', 'generate_order_process', 'scheduled__2025-06-13T16:03:31.606904+00:00', '--job-id', '95', '--raw', '--subdir', 'DAGS_FOLDER/generate_order_process.py', '--cfg-path', '/tmp/tmpx_zqi1ic']
[2025-06-13T16:04:33.941+0000] {standard_task_runner.py:85} INFO - Job 95: Subtask generate_order_process
[2025-06-13T16:04:34.073+0000] {task_command.py:415} INFO - Running <TaskInstance: ecommerce_generate_order_process.generate_order_process scheduled__2025-06-13T16:03:31.606904+00:00 [running]> on host 3498b866135e
[2025-06-13T16:04:34.256+0000] {taskinstance.py:1660} INFO - Exporting env vars: AIRFLOW_CTX_DAG_OWNER='***' AIRFLOW_CTX_DAG_ID='ecommerce_generate_order_process' AIRFLOW_CTX_TASK_ID='generate_order_process' AIRFLOW_CTX_EXECUTION_DATE='2025-06-13T16:03:31.606904+00:00' AIRFLOW_CTX_TRY_NUMBER='1' AIRFLOW_CTX_DAG_RUN_ID='scheduled__2025-06-13T16:03:31.606904+00:00'
[2025-06-13T16:04:34.293+0000] {logging_mixin.py:151} INFO - ----------------------------
[2025-06-13T16:04:34.294+0000] {logging_mixin.py:151} INFO - 23
[2025-06-13T16:04:34.294+0000] {logging_mixin.py:151} INFO - ----------------------------
[2025-06-13T16:04:34.309+0000] {logging_mixin.py:151} INFO - [(8, 1, Decimal('130.57'), Decimal('13.94'), Decimal('18.201458')), (12, 6, Decimal('255.15'), Decimal('19.41'), Decimal('297.147690')), (24, 1, Decimal('387.14'), Decimal('4.66'), Decimal('18.040724')), (14, 5, Decimal('657.33'), Decimal('0.13'), Decimal('4.272645')), (2, 1, Decimal('925.46'), Decimal('2.62'), Decimal('24.247052')), (22, 1, Decimal('429.81'), Decimal('5.21'), Decimal('22.393101')), (23, 1, Decimal('521.30'), Decimal('16.80'), Decimal('87.57840')), (7, 6, Decimal('875.57'), Decimal('8.85'), Decimal('464.927670')), (9, 4, Decimal('724.69'), Decimal('11.61'), Decimal('336.546036'))]
[2025-06-13T16:04:34.315+0000] {logging_mixin.py:151} INFO - [(17, 8, 1, Decimal('130.57'), Decimal('13.94'), Decimal('18.201458')), (17, 12, 6, Decimal('255.15'), Decimal('19.41'), Decimal('297.147690')), (17, 24, 1, Decimal('387.14'), Decimal('4.66'), Decimal('18.040724')), (17, 14, 5, Decimal('657.33'), Decimal('0.13'), Decimal('4.272645')), (17, 2, 1, Decimal('925.46'), Decimal('2.62'), Decimal('24.247052')), (17, 22, 1, Decimal('429.81'), Decimal('5.21'), Decimal('22.393101')), (17, 23, 1, Decimal('521.30'), Decimal('16.80'), Decimal('87.57840')), (17, 7, 6, Decimal('875.57'), Decimal('8.85'), Decimal('464.927670')), (17, 9, 4, Decimal('724.69'), Decimal('11.61'), Decimal('336.546036'))]
[2025-06-13T16:04:34.316+0000] {logging_mixin.py:151} INFO - Simulation completed successfully!
[2025-06-13T16:04:34.317+0000] {logging_mixin.py:151} INFO - 17
[2025-06-13T16:04:34.317+0000] {python.py:194} INFO - Done. Returned value was: 17
[2025-06-13T16:04:34.393+0000] {taskinstance.py:1398} INFO - Marking task as SUCCESS. dag_id=ecommerce_generate_order_process, task_id=generate_order_process, execution_date=20250613T160331, start_date=20250613T160433, end_date=20250613T160434
[2025-06-13T16:04:34.430+0000] {local_task_job_runner.py:228} INFO - Task exited with return code 0
[2025-06-13T16:04:34.472+0000] {taskinstance.py:2776} INFO - 1 downstream tasks scheduled from follow-on schedule check
