[2025-06-14T04:06:13.644+0000] {taskinstance.py:1157} INFO - Dependencies all met for dep_context=non-requeueable deps ti=<TaskInstance: ecommerce_generate_order_process.generate_order_process scheduled__2025-06-14T04:05:12.130199+00:00 [queued]>
[2025-06-14T04:06:13.651+0000] {taskinstance.py:1157} INFO - Dependencies all met for dep_context=requeueable deps ti=<TaskInstance: ecommerce_generate_order_process.generate_order_process scheduled__2025-06-14T04:05:12.130199+00:00 [queued]>
[2025-06-14T04:06:13.651+0000] {taskinstance.py:1359} INFO - Starting attempt 1 of 6
[2025-06-14T04:06:13.664+0000] {taskinstance.py:1380} INFO - Executing <Task(_PythonDecoratedOperator): generate_order_process> on 2025-06-14 04:05:12.130199+00:00
[2025-06-14T04:06:13.670+0000] {standard_task_runner.py:57} INFO - Started process 12136 to run task
[2025-06-14T04:06:13.673+0000] {standard_task_runner.py:84} INFO - Running: ['***', 'tasks', 'run', 'ecommerce_generate_order_process', 'generate_order_process', 'scheduled__2025-06-14T04:05:12.130199+00:00', '--job-id', '1059', '--raw', '--subdir', 'DAGS_FOLDER/generate_order_process.py', '--cfg-path', '/tmp/tmpzdd8ruhp']
[2025-06-14T04:06:13.676+0000] {standard_task_runner.py:85} INFO - Job 1059: Subtask generate_order_process
[2025-06-14T04:06:13.730+0000] {task_command.py:415} INFO - Running <TaskInstance: ecommerce_generate_order_process.generate_order_process scheduled__2025-06-14T04:05:12.130199+00:00 [running]> on host 3498b866135e
[2025-06-14T04:06:13.820+0000] {taskinstance.py:1660} INFO - Exporting env vars: AIRFLOW_CTX_DAG_OWNER='***' AIRFLOW_CTX_DAG_ID='ecommerce_generate_order_process' AIRFLOW_CTX_TASK_ID='generate_order_process' AIRFLOW_CTX_EXECUTION_DATE='2025-06-14T04:05:12.130199+00:00' AIRFLOW_CTX_TRY_NUMBER='1' AIRFLOW_CTX_DAG_RUN_ID='scheduled__2025-06-14T04:05:12.130199+00:00'
[2025-06-14T04:06:13.832+0000] {logging_mixin.py:151} INFO - ----------------------------
[2025-06-14T04:06:13.832+0000] {logging_mixin.py:151} INFO - 45
[2025-06-14T04:06:13.833+0000] {logging_mixin.py:151} INFO - ----------------------------
[2025-06-14T04:06:13.838+0000] {logging_mixin.py:151} INFO - [(31, 6, Decimal('878.54'), Decimal('16.74'), Decimal('882.405576')), (16, 7, Decimal('266.44'), Decimal('7.11'), Decimal('132.607188')), (3, 7, Decimal('946.29'), Decimal('2.59'), Decimal('171.562377')), (30, 2, Decimal('913.08'), Decimal('18.10'), Decimal('330.53496'))]
[2025-06-14T04:06:13.839+0000] {logging_mixin.py:151} INFO - [(207, 31, 6, Decimal('878.54'), Decimal('16.74'), Decimal('882.405576')), (207, 16, 7, Decimal('266.44'), Decimal('7.11'), Decimal('132.607188')), (207, 3, 7, Decimal('946.29'), Decimal('2.59'), Decimal('171.562377')), (207, 30, 2, Decimal('913.08'), Decimal('18.10'), Decimal('330.53496'))]
[2025-06-14T04:06:13.840+0000] {logging_mixin.py:151} INFO - Simulation completed successfully!
[2025-06-14T04:06:13.840+0000] {logging_mixin.py:151} INFO - 207
[2025-06-14T04:06:13.840+0000] {python.py:194} INFO - Done. Returned value was: 207
[2025-06-14T04:06:13.871+0000] {taskinstance.py:1398} INFO - Marking task as SUCCESS. dag_id=ecommerce_generate_order_process, task_id=generate_order_process, execution_date=20250614T040512, start_date=20250614T040613, end_date=20250614T040613
[2025-06-14T04:06:13.925+0000] {local_task_job_runner.py:228} INFO - Task exited with return code 0
[2025-06-14T04:06:13.947+0000] {taskinstance.py:2776} INFO - 1 downstream tasks scheduled from follow-on schedule check
