[2025-06-14T02:18:12.454+0000] {taskinstance.py:1157} INFO - Dependencies all met for dep_context=non-requeueable deps ti=<TaskInstance: ecommerce_generate_order_process.generate_order_process scheduled__2025-06-14T02:17:11.775941+00:00 [queued]>
[2025-06-14T02:18:12.461+0000] {taskinstance.py:1157} INFO - Dependencies all met for dep_context=requeueable deps ti=<TaskInstance: ecommerce_generate_order_process.generate_order_process scheduled__2025-06-14T02:17:11.775941+00:00 [queued]>
[2025-06-14T02:18:12.461+0000] {taskinstance.py:1359} INFO - Starting attempt 1 of 6
[2025-06-14T02:18:12.471+0000] {taskinstance.py:1380} INFO - Executing <Task(_PythonDecoratedOperator): generate_order_process> on 2025-06-14 02:17:11.775941+00:00
[2025-06-14T02:18:12.476+0000] {standard_task_runner.py:57} INFO - Started process 2616 to run task
[2025-06-14T02:18:12.477+0000] {standard_task_runner.py:84} INFO - Running: ['***', 'tasks', 'run', 'ecommerce_generate_order_process', 'generate_order_process', 'scheduled__2025-06-14T02:17:11.775941+00:00', '--job-id', '519', '--raw', '--subdir', 'DAGS_FOLDER/generate_order_process.py', '--cfg-path', '/tmp/tmprkmszio6']
[2025-06-14T02:18:12.479+0000] {standard_task_runner.py:85} INFO - Job 519: Subtask generate_order_process
[2025-06-14T02:18:12.525+0000] {task_command.py:415} INFO - Running <TaskInstance: ecommerce_generate_order_process.generate_order_process scheduled__2025-06-14T02:17:11.775941+00:00 [running]> on host 3498b866135e
[2025-06-14T02:18:12.612+0000] {taskinstance.py:1660} INFO - Exporting env vars: AIRFLOW_CTX_DAG_OWNER='***' AIRFLOW_CTX_DAG_ID='ecommerce_generate_order_process' AIRFLOW_CTX_TASK_ID='generate_order_process' AIRFLOW_CTX_EXECUTION_DATE='2025-06-14T02:17:11.775941+00:00' AIRFLOW_CTX_TRY_NUMBER='1' AIRFLOW_CTX_DAG_RUN_ID='scheduled__2025-06-14T02:17:11.775941+00:00'
[2025-06-14T02:18:12.623+0000] {logging_mixin.py:151} INFO - ----------------------------
[2025-06-14T02:18:12.623+0000] {logging_mixin.py:151} INFO - 105
[2025-06-14T02:18:12.623+0000] {logging_mixin.py:151} INFO - ----------------------------
[2025-06-14T02:18:12.630+0000] {logging_mixin.py:151} INFO - [(36, 1, Decimal('745.80'), Decimal('1.07'), Decimal('7.980060')), (8, 1, Decimal('130.57'), Decimal('13.94'), Decimal('18.201458')), (50, 6, Decimal('732.13'), Decimal('17.33'), Decimal('761.268774')), (27, 8, Decimal('412.73'), Decimal('3.00'), Decimal('99.0552')), (37, 7, Decimal('892.19'), Decimal('4.68'), Decimal('292.281444'))]
[2025-06-14T02:18:12.632+0000] {logging_mixin.py:151} INFO - [(99, 36, 1, Decimal('745.80'), Decimal('1.07'), Decimal('7.980060')), (99, 8, 1, Decimal('130.57'), Decimal('13.94'), Decimal('18.201458')), (99, 50, 6, Decimal('732.13'), Decimal('17.33'), Decimal('761.268774')), (99, 27, 8, Decimal('412.73'), Decimal('3.00'), Decimal('99.0552')), (99, 37, 7, Decimal('892.19'), Decimal('4.68'), Decimal('292.281444'))]
[2025-06-14T02:18:12.633+0000] {logging_mixin.py:151} INFO - Simulation completed successfully!
[2025-06-14T02:18:12.633+0000] {logging_mixin.py:151} INFO - 99
[2025-06-14T02:18:12.633+0000] {python.py:194} INFO - Done. Returned value was: 99
[2025-06-14T02:18:12.661+0000] {taskinstance.py:1398} INFO - Marking task as SUCCESS. dag_id=ecommerce_generate_order_process, task_id=generate_order_process, execution_date=20250614T021711, start_date=20250614T021812, end_date=20250614T021812
[2025-06-14T02:18:12.689+0000] {local_task_job_runner.py:228} INFO - Task exited with return code 0
[2025-06-14T02:18:12.713+0000] {taskinstance.py:2776} INFO - 1 downstream tasks scheduled from follow-on schedule check
