[2025-06-13T15:59:32.875+0000] {taskinstance.py:1157} INFO - Dependencies all met for dep_context=non-requeueable deps ti=<TaskInstance: ecommerce_generate_order_process.generate_order_process scheduled__2025-06-13T15:58:31.606904+00:00 [queued]>
[2025-06-13T15:59:32.887+0000] {taskinstance.py:1157} INFO - Dependencies all met for dep_context=requeueable deps ti=<TaskInstance: ecommerce_generate_order_process.generate_order_process scheduled__2025-06-13T15:58:31.606904+00:00 [queued]>
[2025-06-13T15:59:32.887+0000] {taskinstance.py:1359} INFO - Starting attempt 1 of 6
[2025-06-13T15:59:32.906+0000] {taskinstance.py:1380} INFO - Executing <Task(_PythonDecoratedOperator): generate_order_process> on 2025-06-13 15:58:31.606904+00:00
[2025-06-13T15:59:32.914+0000] {standard_task_runner.py:57} INFO - Started process 1031 to run task
[2025-06-13T15:59:32.918+0000] {standard_task_runner.py:84} INFO - Running: ['***', 'tasks', 'run', 'ecommerce_generate_order_process', 'generate_order_process', 'scheduled__2025-06-13T15:58:31.606904+00:00', '--job-id', '70', '--raw', '--subdir', 'DAGS_FOLDER/generate_order_process.py', '--cfg-path', '/tmp/tmpar5_950n']
[2025-06-13T15:59:32.921+0000] {standard_task_runner.py:85} INFO - Job 70: Subtask generate_order_process
[2025-06-13T15:59:33.029+0000] {task_command.py:415} INFO - Running <TaskInstance: ecommerce_generate_order_process.generate_order_process scheduled__2025-06-13T15:58:31.606904+00:00 [running]> on host 3498b866135e
[2025-06-13T15:59:33.250+0000] {taskinstance.py:1660} INFO - Exporting env vars: AIRFLOW_CTX_DAG_OWNER='***' AIRFLOW_CTX_DAG_ID='ecommerce_generate_order_process' AIRFLOW_CTX_TASK_ID='generate_order_process' AIRFLOW_CTX_EXECUTION_DATE='2025-06-13T15:58:31.606904+00:00' AIRFLOW_CTX_TRY_NUMBER='1' AIRFLOW_CTX_DAG_RUN_ID='scheduled__2025-06-13T15:58:31.606904+00:00'
[2025-06-13T15:59:33.282+0000] {logging_mixin.py:151} INFO - ----------------------------
[2025-06-13T15:59:33.283+0000] {logging_mixin.py:151} INFO - 20
[2025-06-13T15:59:33.283+0000] {logging_mixin.py:151} INFO - ----------------------------
[2025-06-13T15:59:33.297+0000] {logging_mixin.py:151} INFO - [(2, 1, Decimal('925.46'), Decimal('2.62'), Decimal('24.247052')), (4, 9, Decimal('38.75'), Decimal('2.09'), Decimal('7.288875')), (3, 7, Decimal('946.29'), Decimal('2.59'), Decimal('171.562377')), (21, 4, Decimal('841.78'), Decimal('5.97'), Decimal('201.017064')), (5, 8, Decimal('699.65'), Decimal('8.21'), Decimal('459.530120'))]
[2025-06-13T15:59:33.301+0000] {logging_mixin.py:151} INFO - [(12, 2, 1, Decimal('925.46'), Decimal('2.62'), Decimal('24.247052')), (12, 4, 9, Decimal('38.75'), Decimal('2.09'), Decimal('7.288875')), (12, 3, 7, Decimal('946.29'), Decimal('2.59'), Decimal('171.562377')), (12, 21, 4, Decimal('841.78'), Decimal('5.97'), Decimal('201.017064')), (12, 5, 8, Decimal('699.65'), Decimal('8.21'), Decimal('459.530120'))]
[2025-06-13T15:59:33.304+0000] {logging_mixin.py:151} INFO - Simulation completed successfully!
[2025-06-13T15:59:33.305+0000] {logging_mixin.py:151} INFO - 12
[2025-06-13T15:59:33.305+0000] {python.py:194} INFO - Done. Returned value was: 12
[2025-06-13T15:59:33.386+0000] {taskinstance.py:1398} INFO - Marking task as SUCCESS. dag_id=ecommerce_generate_order_process, task_id=generate_order_process, execution_date=20250613T155831, start_date=20250613T155932, end_date=20250613T155933
[2025-06-13T15:59:33.450+0000] {local_task_job_runner.py:228} INFO - Task exited with return code 0
[2025-06-13T15:59:33.497+0000] {taskinstance.py:2776} INFO - 1 downstream tasks scheduled from follow-on schedule check
