[2025-06-14T03:45:12.990+0000] {taskinstance.py:1157} INFO - Dependencies all met for dep_context=non-requeueable deps ti=<TaskInstance: ecommerce_generate_order_process.generate_order_process scheduled__2025-06-14T03:44:12.130199+00:00 [queued]>
[2025-06-14T03:45:12.998+0000] {taskinstance.py:1157} INFO - Dependencies all met for dep_context=requeueable deps ti=<TaskInstance: ecommerce_generate_order_process.generate_order_process scheduled__2025-06-14T03:44:12.130199+00:00 [queued]>
[2025-06-14T03:45:12.998+0000] {taskinstance.py:1359} INFO - Starting attempt 1 of 6
[2025-06-14T03:45:13.009+0000] {taskinstance.py:1380} INFO - Executing <Task(_PythonDecoratedOperator): generate_order_process> on 2025-06-14 03:44:12.130199+00:00
[2025-06-14T03:45:13.014+0000] {standard_task_runner.py:57} INFO - Started process 10286 to run task
[2025-06-14T03:45:13.016+0000] {standard_task_runner.py:84} INFO - Running: ['***', 'tasks', 'run', 'ecommerce_generate_order_process', 'generate_order_process', 'scheduled__2025-06-14T03:44:12.130199+00:00', '--job-id', '954', '--raw', '--subdir', 'DAGS_FOLDER/generate_order_process.py', '--cfg-path', '/tmp/tmpg94om4u3']
[2025-06-14T03:45:13.018+0000] {standard_task_runner.py:85} INFO - Job 954: Subtask generate_order_process
[2025-06-14T03:45:13.065+0000] {task_command.py:415} INFO - Running <TaskInstance: ecommerce_generate_order_process.generate_order_process scheduled__2025-06-14T03:44:12.130199+00:00 [running]> on host 3498b866135e
[2025-06-14T03:45:13.152+0000] {taskinstance.py:1660} INFO - Exporting env vars: AIRFLOW_CTX_DAG_OWNER='***' AIRFLOW_CTX_DAG_ID='ecommerce_generate_order_process' AIRFLOW_CTX_TASK_ID='generate_order_process' AIRFLOW_CTX_EXECUTION_DATE='2025-06-14T03:44:12.130199+00:00' AIRFLOW_CTX_TRY_NUMBER='1' AIRFLOW_CTX_DAG_RUN_ID='scheduled__2025-06-14T03:44:12.130199+00:00'
[2025-06-14T03:45:13.163+0000] {logging_mixin.py:151} INFO - ----------------------------
[2025-06-14T03:45:13.163+0000] {logging_mixin.py:151} INFO - 253
[2025-06-14T03:45:13.164+0000] {logging_mixin.py:151} INFO - ----------------------------
[2025-06-14T03:45:13.168+0000] {logging_mixin.py:151} INFO - [(35, 3, Decimal('512.37'), Decimal('5.78'), Decimal('88.844958')), (13, 4, Decimal('411.98'), Decimal('16.77'), Decimal('276.356184')), (25, 2, Decimal('34.67'), Decimal('5.72'), Decimal('3.966248')), (6, 1, Decimal('721.46'), Decimal('1.60'), Decimal('11.54336')), (23, 1, Decimal('521.30'), Decimal('16.80'), Decimal('87.57840')), (49, 8, Decimal('42.29'), Decimal('1.49'), Decimal('5.040968')), (34, 5, Decimal('814.83'), Decimal('13.74'), Decimal('559.788210'))]
[2025-06-14T03:45:13.170+0000] {logging_mixin.py:151} INFO - [(186, 35, 3, Decimal('512.37'), Decimal('5.78'), Decimal('88.844958')), (186, 13, 4, Decimal('411.98'), Decimal('16.77'), Decimal('276.356184')), (186, 25, 2, Decimal('34.67'), Decimal('5.72'), Decimal('3.966248')), (186, 6, 1, Decimal('721.46'), Decimal('1.60'), Decimal('11.54336')), (186, 23, 1, Decimal('521.30'), Decimal('16.80'), Decimal('87.57840')), (186, 49, 8, Decimal('42.29'), Decimal('1.49'), Decimal('5.040968')), (186, 34, 5, Decimal('814.83'), Decimal('13.74'), Decimal('559.788210'))]
[2025-06-14T03:45:13.172+0000] {logging_mixin.py:151} INFO - Simulation completed successfully!
[2025-06-14T03:45:13.172+0000] {logging_mixin.py:151} INFO - 186
[2025-06-14T03:45:13.172+0000] {python.py:194} INFO - Done. Returned value was: 186
[2025-06-14T03:45:13.200+0000] {taskinstance.py:1398} INFO - Marking task as SUCCESS. dag_id=ecommerce_generate_order_process, task_id=generate_order_process, execution_date=20250614T034412, start_date=20250614T034512, end_date=20250614T034513
[2025-06-14T03:45:13.228+0000] {local_task_job_runner.py:228} INFO - Task exited with return code 0
[2025-06-14T03:45:13.251+0000] {taskinstance.py:2776} INFO - 1 downstream tasks scheduled from follow-on schedule check
