[2025-06-14T03:02:12.769+0000] {taskinstance.py:1157} INFO - Dependencies all met for dep_context=non-requeueable deps ti=<TaskInstance: ecommerce_generate_order_process.generate_order_process scheduled__2025-06-14T03:01:12.033460+00:00 [queued]>
[2025-06-14T03:02:12.776+0000] {taskinstance.py:1157} INFO - Dependencies all met for dep_context=requeueable deps ti=<TaskInstance: ecommerce_generate_order_process.generate_order_process scheduled__2025-06-14T03:01:12.033460+00:00 [queued]>
[2025-06-14T03:02:12.776+0000] {taskinstance.py:1359} INFO - Starting attempt 1 of 6
[2025-06-14T03:02:12.788+0000] {taskinstance.py:1380} INFO - Executing <Task(_PythonDecoratedOperator): generate_order_process> on 2025-06-14 03:01:12.033460+00:00
[2025-06-14T03:02:12.793+0000] {standard_task_runner.py:57} INFO - Started process 6496 to run task
[2025-06-14T03:02:12.795+0000] {standard_task_runner.py:84} INFO - Running: ['***', 'tasks', 'run', 'ecommerce_generate_order_process', 'generate_order_process', 'scheduled__2025-06-14T03:01:12.033460+00:00', '--job-id', '739', '--raw', '--subdir', 'DAGS_FOLDER/generate_order_process.py', '--cfg-path', '/tmp/tmpqt23qzzy']
[2025-06-14T03:02:12.796+0000] {standard_task_runner.py:85} INFO - Job 739: Subtask generate_order_process
[2025-06-14T03:02:12.848+0000] {task_command.py:415} INFO - Running <TaskInstance: ecommerce_generate_order_process.generate_order_process scheduled__2025-06-14T03:01:12.033460+00:00 [running]> on host 3498b866135e
[2025-06-14T03:02:12.944+0000] {taskinstance.py:1660} INFO - Exporting env vars: AIRFLOW_CTX_DAG_OWNER='***' AIRFLOW_CTX_DAG_ID='ecommerce_generate_order_process' AIRFLOW_CTX_TASK_ID='generate_order_process' AIRFLOW_CTX_EXECUTION_DATE='2025-06-14T03:01:12.033460+00:00' AIRFLOW_CTX_TRY_NUMBER='1' AIRFLOW_CTX_DAG_RUN_ID='scheduled__2025-06-14T03:01:12.033460+00:00'
[2025-06-14T03:02:12.958+0000] {logging_mixin.py:151} INFO - ----------------------------
[2025-06-14T03:02:12.958+0000] {logging_mixin.py:151} INFO - 184
[2025-06-14T03:02:12.958+0000] {logging_mixin.py:151} INFO - ----------------------------
[2025-06-14T03:02:12.964+0000] {logging_mixin.py:151} INFO - [(42, 4, Decimal('408.31'), Decimal('15.66'), Decimal('255.765384')), (12, 6, Decimal('255.15'), Decimal('19.41'), Decimal('297.147690')), (5, 8, Decimal('699.65'), Decimal('8.21'), Decimal('459.530120'))]
[2025-06-14T03:02:12.966+0000] {logging_mixin.py:151} INFO - [(143, 42, 4, Decimal('408.31'), Decimal('15.66'), Decimal('255.765384')), (143, 12, 6, Decimal('255.15'), Decimal('19.41'), Decimal('297.147690')), (143, 5, 8, Decimal('699.65'), Decimal('8.21'), Decimal('459.530120'))]
[2025-06-14T03:02:12.968+0000] {logging_mixin.py:151} INFO - Simulation completed successfully!
[2025-06-14T03:02:12.968+0000] {logging_mixin.py:151} INFO - 143
[2025-06-14T03:02:12.968+0000] {python.py:194} INFO - Done. Returned value was: 143
[2025-06-14T03:02:13.002+0000] {taskinstance.py:1398} INFO - Marking task as SUCCESS. dag_id=ecommerce_generate_order_process, task_id=generate_order_process, execution_date=20250614T030112, start_date=20250614T030212, end_date=20250614T030213
[2025-06-14T03:02:13.047+0000] {local_task_job_runner.py:228} INFO - Task exited with return code 0
[2025-06-14T03:02:13.072+0000] {taskinstance.py:2776} INFO - 1 downstream tasks scheduled from follow-on schedule check
