[2025-06-14T05:02:13.057+0000] {taskinstance.py:1157} INFO - Dependencies all met for dep_context=non-requeueable deps ti=<TaskInstance: ecommerce_generate_order_process.generate_order_process scheduled__2025-06-14T05:01:12.130199+00:00 [queued]>
[2025-06-14T05:02:13.070+0000] {taskinstance.py:1157} INFO - Dependencies all met for dep_context=requeueable deps ti=<TaskInstance: ecommerce_generate_order_process.generate_order_process scheduled__2025-06-14T05:01:12.130199+00:00 [queued]>
[2025-06-14T05:02:13.070+0000] {taskinstance.py:1359} INFO - Starting attempt 1 of 6
[2025-06-14T05:02:13.088+0000] {taskinstance.py:1380} INFO - Executing <Task(_PythonDecoratedOperator): generate_order_process> on 2025-06-14 05:01:12.130199+00:00
[2025-06-14T05:02:13.096+0000] {standard_task_runner.py:57} INFO - Started process 17096 to run task
[2025-06-14T05:02:13.099+0000] {standard_task_runner.py:84} INFO - Running: ['***', 'tasks', 'run', 'ecommerce_generate_order_process', 'generate_order_process', 'scheduled__2025-06-14T05:01:12.130199+00:00', '--job-id', '1339', '--raw', '--subdir', 'DAGS_FOLDER/generate_order_process.py', '--cfg-path', '/tmp/tmp747srgn8']
[2025-06-14T05:02:13.102+0000] {standard_task_runner.py:85} INFO - Job 1339: Subtask generate_order_process
[2025-06-14T05:02:13.183+0000] {task_command.py:415} INFO - Running <TaskInstance: ecommerce_generate_order_process.generate_order_process scheduled__2025-06-14T05:01:12.130199+00:00 [running]> on host 3498b866135e
[2025-06-14T05:02:13.313+0000] {taskinstance.py:1660} INFO - Exporting env vars: AIRFLOW_CTX_DAG_OWNER='***' AIRFLOW_CTX_DAG_ID='ecommerce_generate_order_process' AIRFLOW_CTX_TASK_ID='generate_order_process' AIRFLOW_CTX_EXECUTION_DATE='2025-06-14T05:01:12.130199+00:00' AIRFLOW_CTX_TRY_NUMBER='1' AIRFLOW_CTX_DAG_RUN_ID='scheduled__2025-06-14T05:01:12.130199+00:00'
[2025-06-14T05:02:13.331+0000] {logging_mixin.py:151} INFO - ----------------------------
[2025-06-14T05:02:13.331+0000] {logging_mixin.py:151} INFO - 200
[2025-06-14T05:02:13.331+0000] {logging_mixin.py:151} INFO - ----------------------------
[2025-06-14T05:02:13.339+0000] {logging_mixin.py:151} INFO - [(50, 6, Decimal('732.13'), Decimal('17.33'), Decimal('761.268774')), (5, 8, Decimal('699.65'), Decimal('8.21'), Decimal('459.530120')), (42, 4, Decimal('408.31'), Decimal('15.66'), Decimal('255.765384')), (15, 7, Decimal('523.55'), Decimal('19.06'), Decimal('698.520410')), (7, 6, Decimal('875.57'), Decimal('8.85'), Decimal('464.927670')), (38, 4, Decimal('79.94'), Decimal('0.52'), Decimal('1.662752')), (9, 4, Decimal('724.69'), Decimal('11.61'), Decimal('336.546036')), (2, 1, Decimal('925.46'), Decimal('2.62'), Decimal('24.247052'))]
[2025-06-14T05:02:13.342+0000] {logging_mixin.py:151} INFO - [(263, 50, 6, Decimal('732.13'), Decimal('17.33'), Decimal('761.268774')), (263, 5, 8, Decimal('699.65'), Decimal('8.21'), Decimal('459.530120')), (263, 42, 4, Decimal('408.31'), Decimal('15.66'), Decimal('255.765384')), (263, 15, 7, Decimal('523.55'), Decimal('19.06'), Decimal('698.520410')), (263, 7, 6, Decimal('875.57'), Decimal('8.85'), Decimal('464.927670')), (263, 38, 4, Decimal('79.94'), Decimal('0.52'), Decimal('1.662752')), (263, 9, 4, Decimal('724.69'), Decimal('11.61'), Decimal('336.546036')), (263, 2, 1, Decimal('925.46'), Decimal('2.62'), Decimal('24.247052'))]
[2025-06-14T05:02:13.344+0000] {logging_mixin.py:151} INFO - Simulation completed successfully!
[2025-06-14T05:02:13.344+0000] {logging_mixin.py:151} INFO - 263
[2025-06-14T05:02:13.344+0000] {python.py:194} INFO - Done. Returned value was: 263
[2025-06-14T05:02:13.384+0000] {taskinstance.py:1398} INFO - Marking task as SUCCESS. dag_id=ecommerce_generate_order_process, task_id=generate_order_process, execution_date=20250614T050112, start_date=20250614T050213, end_date=20250614T050213
[2025-06-14T05:02:13.431+0000] {local_task_job_runner.py:228} INFO - Task exited with return code 0
[2025-06-14T05:02:13.460+0000] {taskinstance.py:2776} INFO - 1 downstream tasks scheduled from follow-on schedule check
