[2025-06-14T04:57:13.184+0000] {taskinstance.py:1157} INFO - Dependencies all met for dep_context=non-requeueable deps ti=<TaskInstance: ecommerce_generate_order_process.generate_order_process scheduled__2025-06-14T04:56:12.130199+00:00 [queued]>
[2025-06-14T04:57:13.192+0000] {taskinstance.py:1157} INFO - Dependencies all met for dep_context=requeueable deps ti=<TaskInstance: ecommerce_generate_order_process.generate_order_process scheduled__2025-06-14T04:56:12.130199+00:00 [queued]>
[2025-06-14T04:57:13.192+0000] {taskinstance.py:1359} INFO - Starting attempt 1 of 6
[2025-06-14T04:57:13.217+0000] {taskinstance.py:1380} INFO - Executing <Task(_PythonDecoratedOperator): generate_order_process> on 2025-06-14 04:56:12.130199+00:00
[2025-06-14T04:57:13.222+0000] {standard_task_runner.py:57} INFO - Started process 16646 to run task
[2025-06-14T04:57:13.224+0000] {standard_task_runner.py:84} INFO - Running: ['***', 'tasks', 'run', 'ecommerce_generate_order_process', 'generate_order_process', 'scheduled__2025-06-14T04:56:12.130199+00:00', '--job-id', '1314', '--raw', '--subdir', 'DAGS_FOLDER/generate_order_process.py', '--cfg-path', '/tmp/tmp2yvlczfe']
[2025-06-14T04:57:13.226+0000] {standard_task_runner.py:85} INFO - Job 1314: Subtask generate_order_process
[2025-06-14T04:57:13.297+0000] {task_command.py:415} INFO - Running <TaskInstance: ecommerce_generate_order_process.generate_order_process scheduled__2025-06-14T04:56:12.130199+00:00 [running]> on host 3498b866135e
[2025-06-14T04:57:13.439+0000] {taskinstance.py:1660} INFO - Exporting env vars: AIRFLOW_CTX_DAG_OWNER='***' AIRFLOW_CTX_DAG_ID='ecommerce_generate_order_process' AIRFLOW_CTX_TASK_ID='generate_order_process' AIRFLOW_CTX_EXECUTION_DATE='2025-06-14T04:56:12.130199+00:00' AIRFLOW_CTX_TRY_NUMBER='1' AIRFLOW_CTX_DAG_RUN_ID='scheduled__2025-06-14T04:56:12.130199+00:00'
[2025-06-14T04:57:13.453+0000] {logging_mixin.py:151} INFO - ----------------------------
[2025-06-14T04:57:13.454+0000] {logging_mixin.py:151} INFO - 241
[2025-06-14T04:57:13.454+0000] {logging_mixin.py:151} INFO - ----------------------------
[2025-06-14T04:57:13.460+0000] {logging_mixin.py:151} INFO - [(16, 7, Decimal('266.44'), Decimal('7.11'), Decimal('132.607188')), (3, 7, Decimal('946.29'), Decimal('2.59'), Decimal('171.562377')), (12, 6, Decimal('255.15'), Decimal('19.41'), Decimal('297.147690')), (13, 4, Decimal('411.98'), Decimal('16.77'), Decimal('276.356184')), (17, 1, Decimal('207.60'), Decimal('14.70'), Decimal('30.51720'))]
[2025-06-14T04:57:13.461+0000] {logging_mixin.py:151} INFO - [(258, 16, 7, Decimal('266.44'), Decimal('7.11'), Decimal('132.607188')), (258, 3, 7, Decimal('946.29'), Decimal('2.59'), Decimal('171.562377')), (258, 12, 6, Decimal('255.15'), Decimal('19.41'), Decimal('297.147690')), (258, 13, 4, Decimal('411.98'), Decimal('16.77'), Decimal('276.356184')), (258, 17, 1, Decimal('207.60'), Decimal('14.70'), Decimal('30.51720'))]
[2025-06-14T04:57:13.475+0000] {logging_mixin.py:151} INFO - Simulation completed successfully!
[2025-06-14T04:57:13.475+0000] {logging_mixin.py:151} INFO - 258
[2025-06-14T04:57:13.475+0000] {python.py:194} INFO - Done. Returned value was: 258
[2025-06-14T04:57:13.521+0000] {taskinstance.py:1398} INFO - Marking task as SUCCESS. dag_id=ecommerce_generate_order_process, task_id=generate_order_process, execution_date=20250614T045612, start_date=20250614T045713, end_date=20250614T045713
[2025-06-14T04:57:13.556+0000] {local_task_job_runner.py:228} INFO - Task exited with return code 0
[2025-06-14T04:57:13.581+0000] {taskinstance.py:2776} INFO - 0 downstream tasks scheduled from follow-on schedule check
