[2025-06-14T02:35:12.608+0000] {taskinstance.py:1157} INFO - Dependencies all met for dep_context=non-requeueable deps ti=<TaskInstance: ecommerce_generate_order_process.generate_order_process scheduled__2025-06-14T02:34:12.033460+00:00 [queued]>
[2025-06-14T02:35:12.615+0000] {taskinstance.py:1157} INFO - Dependencies all met for dep_context=requeueable deps ti=<TaskInstance: ecommerce_generate_order_process.generate_order_process scheduled__2025-06-14T02:34:12.033460+00:00 [queued]>
[2025-06-14T02:35:12.615+0000] {taskinstance.py:1359} INFO - Starting attempt 1 of 6
[2025-06-14T02:35:12.625+0000] {taskinstance.py:1380} INFO - Executing <Task(_PythonDecoratedOperator): generate_order_process> on 2025-06-14 02:34:12.033460+00:00
[2025-06-14T02:35:12.630+0000] {standard_task_runner.py:57} INFO - Started process 4106 to run task
[2025-06-14T02:35:12.631+0000] {standard_task_runner.py:84} INFO - Running: ['***', 'tasks', 'run', 'ecommerce_generate_order_process', 'generate_order_process', 'scheduled__2025-06-14T02:34:12.033460+00:00', '--job-id', '604', '--raw', '--subdir', 'DAGS_FOLDER/generate_order_process.py', '--cfg-path', '/tmp/tmp2csa3ekd']
[2025-06-14T02:35:12.633+0000] {standard_task_runner.py:85} INFO - Job 604: Subtask generate_order_process
[2025-06-14T02:35:12.690+0000] {task_command.py:415} INFO - Running <TaskInstance: ecommerce_generate_order_process.generate_order_process scheduled__2025-06-14T02:34:12.033460+00:00 [running]> on host 3498b866135e
[2025-06-14T02:35:12.779+0000] {taskinstance.py:1660} INFO - Exporting env vars: AIRFLOW_CTX_DAG_OWNER='***' AIRFLOW_CTX_DAG_ID='ecommerce_generate_order_process' AIRFLOW_CTX_TASK_ID='generate_order_process' AIRFLOW_CTX_EXECUTION_DATE='2025-06-14T02:34:12.033460+00:00' AIRFLOW_CTX_TRY_NUMBER='1' AIRFLOW_CTX_DAG_RUN_ID='scheduled__2025-06-14T02:34:12.033460+00:00'
[2025-06-14T02:35:12.790+0000] {logging_mixin.py:151} INFO - ----------------------------
[2025-06-14T02:35:12.790+0000] {logging_mixin.py:151} INFO - 165
[2025-06-14T02:35:12.790+0000] {logging_mixin.py:151} INFO - ----------------------------
[2025-06-14T02:35:12.796+0000] {logging_mixin.py:151} INFO - [(9, 4, Decimal('724.69'), Decimal('11.61'), Decimal('336.546036')), (13, 4, Decimal('411.98'), Decimal('16.77'), Decimal('276.356184')), (40, 4, Decimal('700.78'), Decimal('16.51'), Decimal('462.795112')), (3, 7, Decimal('946.29'), Decimal('2.59'), Decimal('171.562377')), (16, 7, Decimal('266.44'), Decimal('7.11'), Decimal('132.607188'))]
[2025-06-14T02:35:12.797+0000] {logging_mixin.py:151} INFO - [(116, 9, 4, Decimal('724.69'), Decimal('11.61'), Decimal('336.546036')), (116, 13, 4, Decimal('411.98'), Decimal('16.77'), Decimal('276.356184')), (116, 40, 4, Decimal('700.78'), Decimal('16.51'), Decimal('462.795112')), (116, 3, 7, Decimal('946.29'), Decimal('2.59'), Decimal('171.562377')), (116, 16, 7, Decimal('266.44'), Decimal('7.11'), Decimal('132.607188'))]
[2025-06-14T02:35:12.798+0000] {logging_mixin.py:151} INFO - Simulation completed successfully!
[2025-06-14T02:35:12.799+0000] {logging_mixin.py:151} INFO - 116
[2025-06-14T02:35:12.799+0000] {python.py:194} INFO - Done. Returned value was: 116
[2025-06-14T02:35:12.826+0000] {taskinstance.py:1398} INFO - Marking task as SUCCESS. dag_id=ecommerce_generate_order_process, task_id=generate_order_process, execution_date=20250614T023412, start_date=20250614T023512, end_date=20250614T023512
[2025-06-14T02:35:12.843+0000] {local_task_job_runner.py:228} INFO - Task exited with return code 0
[2025-06-14T02:35:12.864+0000] {taskinstance.py:2776} INFO - 1 downstream tasks scheduled from follow-on schedule check
