[2025-06-13T13:32:23.300+0000] {taskinstance.py:1157} INFO - Dependencies all met for dep_context=non-requeueable deps ti=<TaskInstance: ecommerce_generate_order_process.generate_order_process scheduled__2025-06-13T13:31:22.570344+00:00 [queued]>
[2025-06-13T13:32:23.308+0000] {taskinstance.py:1157} INFO - Dependencies all met for dep_context=requeueable deps ti=<TaskInstance: ecommerce_generate_order_process.generate_order_process scheduled__2025-06-13T13:31:22.570344+00:00 [queued]>
[2025-06-13T13:32:23.308+0000] {taskinstance.py:1359} INFO - Starting attempt 1 of 6
[2025-06-13T13:32:23.323+0000] {taskinstance.py:1380} INFO - Executing <Task(_PythonDecoratedOperator): generate_order_process> on 2025-06-13 13:31:22.570344+00:00
[2025-06-13T13:32:23.328+0000] {standard_task_runner.py:57} INFO - Started process 939 to run task
[2025-06-13T13:32:23.330+0000] {standard_task_runner.py:84} INFO - Running: ['***', 'tasks', 'run', 'ecommerce_generate_order_process', 'generate_order_process', 'scheduled__2025-06-13T13:31:22.570344+00:00', '--job-id', '63', '--raw', '--subdir', 'DAGS_FOLDER/generate_order_process.py', '--cfg-path', '/tmp/tmp7nkhd4tw']
[2025-06-13T13:32:23.332+0000] {standard_task_runner.py:85} INFO - Job 63: Subtask generate_order_process
[2025-06-13T13:32:23.393+0000] {task_command.py:415} INFO - Running <TaskInstance: ecommerce_generate_order_process.generate_order_process scheduled__2025-06-13T13:31:22.570344+00:00 [running]> on host 3ddb9b5ffd69
[2025-06-13T13:32:23.499+0000] {taskinstance.py:1660} INFO - Exporting env vars: AIRFLOW_CTX_DAG_OWNER='***' AIRFLOW_CTX_DAG_ID='ecommerce_generate_order_process' AIRFLOW_CTX_TASK_ID='generate_order_process' AIRFLOW_CTX_EXECUTION_DATE='2025-06-13T13:31:22.570344+00:00' AIRFLOW_CTX_TRY_NUMBER='1' AIRFLOW_CTX_DAG_RUN_ID='scheduled__2025-06-13T13:31:22.570344+00:00'
[2025-06-13T13:32:23.514+0000] {logging_mixin.py:151} INFO - ----------------------------
[2025-06-13T13:32:23.515+0000] {logging_mixin.py:151} INFO - 12
[2025-06-13T13:32:23.515+0000] {logging_mixin.py:151} INFO - ----------------------------
[2025-06-13T13:32:23.520+0000] {logging_mixin.py:151} INFO - [(22, 5, Decimal('480.86'), Decimal('13.85'), Decimal('332.995550')), (5, 3, Decimal('610.82'), Decimal('14.13'), Decimal('258.926598')), (15, 4, Decimal('670.59'), Decimal('6.98'), Decimal('187.228728')), (14, 9, Decimal('131.20'), Decimal('8.96'), Decimal('105.799680')), (3, 3, Decimal('332.65'), Decimal('18.77'), Decimal('187.315215')), (6, 7, Decimal('316.05'), Decimal('0.07'), Decimal('1.548645')), (18, 3, Decimal('665.36'), Decimal('3.62'), Decimal('72.258096'))]
[2025-06-13T13:32:23.522+0000] {logging_mixin.py:151} INFO - [(10, 22, 5, Decimal('480.86'), Decimal('13.85'), Decimal('332.995550')), (10, 5, 3, Decimal('610.82'), Decimal('14.13'), Decimal('258.926598')), (10, 15, 4, Decimal('670.59'), Decimal('6.98'), Decimal('187.228728')), (10, 14, 9, Decimal('131.20'), Decimal('8.96'), Decimal('105.799680')), (10, 3, 3, Decimal('332.65'), Decimal('18.77'), Decimal('187.315215')), (10, 6, 7, Decimal('316.05'), Decimal('0.07'), Decimal('1.548645')), (10, 18, 3, Decimal('665.36'), Decimal('3.62'), Decimal('72.258096'))]
[2025-06-13T13:32:23.523+0000] {logging_mixin.py:151} INFO - Simulation completed successfully!
[2025-06-13T13:32:23.524+0000] {logging_mixin.py:151} INFO - 10
[2025-06-13T13:32:23.524+0000] {python.py:194} INFO - Done. Returned value was: 10
[2025-06-13T13:32:23.558+0000] {taskinstance.py:1398} INFO - Marking task as SUCCESS. dag_id=ecommerce_generate_order_process, task_id=generate_order_process, execution_date=20250613T133122, start_date=20250613T133223, end_date=20250613T133223
[2025-06-13T13:32:23.586+0000] {local_task_job_runner.py:228} INFO - Task exited with return code 0
[2025-06-13T13:32:23.611+0000] {taskinstance.py:2776} INFO - 1 downstream tasks scheduled from follow-on schedule check
