[2025-06-13T13:29:19.208+0000] {taskinstance.py:1157} INFO - Dependencies all met for dep_context=non-requeueable deps ti=<TaskInstance: ecommerce_generate_order_process.generate_order_process scheduled__2025-06-13T13:28:18.329760+00:00 [queued]>
[2025-06-13T13:29:19.217+0000] {taskinstance.py:1157} INFO - Dependencies all met for dep_context=requeueable deps ti=<TaskInstance: ecommerce_generate_order_process.generate_order_process scheduled__2025-06-13T13:28:18.329760+00:00 [queued]>
[2025-06-13T13:29:19.217+0000] {taskinstance.py:1359} INFO - Starting attempt 1 of 6
[2025-06-13T13:29:19.228+0000] {taskinstance.py:1380} INFO - Executing <Task(_PythonDecoratedOperator): generate_order_process> on 2025-06-13 13:28:18.329760+00:00
[2025-06-13T13:29:19.232+0000] {standard_task_runner.py:57} INFO - Started process 648 to run task
[2025-06-13T13:29:19.234+0000] {standard_task_runner.py:84} INFO - Running: ['***', 'tasks', 'run', 'ecommerce_generate_order_process', 'generate_order_process', 'scheduled__2025-06-13T13:28:18.329760+00:00', '--job-id', '38', '--raw', '--subdir', 'DAGS_FOLDER/generate_order_process.py', '--cfg-path', '/tmp/tmpdvubmkwp']
[2025-06-13T13:29:19.236+0000] {standard_task_runner.py:85} INFO - Job 38: Subtask generate_order_process
[2025-06-13T13:29:19.291+0000] {task_command.py:415} INFO - Running <TaskInstance: ecommerce_generate_order_process.generate_order_process scheduled__2025-06-13T13:28:18.329760+00:00 [running]> on host 3ddb9b5ffd69
[2025-06-13T13:29:19.391+0000] {taskinstance.py:1660} INFO - Exporting env vars: AIRFLOW_CTX_DAG_OWNER='***' AIRFLOW_CTX_DAG_ID='ecommerce_generate_order_process' AIRFLOW_CTX_TASK_ID='generate_order_process' AIRFLOW_CTX_EXECUTION_DATE='2025-06-13T13:28:18.329760+00:00' AIRFLOW_CTX_TRY_NUMBER='1' AIRFLOW_CTX_DAG_RUN_ID='scheduled__2025-06-13T13:28:18.329760+00:00'
[2025-06-13T13:29:19.403+0000] {logging_mixin.py:151} INFO - ----------------------------
[2025-06-13T13:29:19.403+0000] {logging_mixin.py:151} INFO - 10
[2025-06-13T13:29:19.403+0000] {logging_mixin.py:151} INFO - ----------------------------
[2025-06-13T13:29:19.410+0000] {logging_mixin.py:151} INFO - [(3, 3, Decimal('332.65'), Decimal('18.77'), Decimal('187.315215')), (13, 8, Decimal('425.48'), Decimal('3.47'), Decimal('118.113248')), (2, 9, Decimal('829.08'), Decimal('9.11'), Decimal('679.762692')), (24, 5, Decimal('125.94'), Decimal('2.17'), Decimal('13.664490')), (5, 3, Decimal('610.82'), Decimal('14.13'), Decimal('258.926598')), (19, 1, Decimal('31.85'), Decimal('0.94'), Decimal('0.299390')), (10, 5, Decimal('803.12'), Decimal('7.44'), Decimal('298.760640')), (12, 2, Decimal('212.04'), Decimal('16.02'), Decimal('67.937616')), (14, 9, Decimal('131.20'), Decimal('8.96'), Decimal('105.799680'))]
[2025-06-13T13:29:19.412+0000] {logging_mixin.py:151} INFO - [(2, 3, 3, Decimal('332.65'), Decimal('18.77'), Decimal('187.315215')), (2, 13, 8, Decimal('425.48'), Decimal('3.47'), Decimal('118.113248')), (2, 2, 9, Decimal('829.08'), Decimal('9.11'), Decimal('679.762692')), (2, 24, 5, Decimal('125.94'), Decimal('2.17'), Decimal('13.664490')), (2, 5, 3, Decimal('610.82'), Decimal('14.13'), Decimal('258.926598')), (2, 19, 1, Decimal('31.85'), Decimal('0.94'), Decimal('0.299390')), (2, 10, 5, Decimal('803.12'), Decimal('7.44'), Decimal('298.760640')), (2, 12, 2, Decimal('212.04'), Decimal('16.02'), Decimal('67.937616')), (2, 14, 9, Decimal('131.20'), Decimal('8.96'), Decimal('105.799680'))]
[2025-06-13T13:29:19.413+0000] {logging_mixin.py:151} INFO - Simulation completed successfully!
[2025-06-13T13:29:19.414+0000] {logging_mixin.py:151} INFO - 2
[2025-06-13T13:29:19.414+0000] {python.py:194} INFO - Done. Returned value was: 2
[2025-06-13T13:29:19.447+0000] {taskinstance.py:1398} INFO - Marking task as SUCCESS. dag_id=ecommerce_generate_order_process, task_id=generate_order_process, execution_date=20250613T132818, start_date=20250613T132919, end_date=20250613T132919
[2025-06-13T13:29:19.486+0000] {local_task_job_runner.py:228} INFO - Task exited with return code 0
[2025-06-13T13:29:19.512+0000] {taskinstance.py:2776} INFO - 1 downstream tasks scheduled from follow-on schedule check
