[2025-06-13T13:26:43.680+0000] {taskinstance.py:1157} INFO - Dependencies all met for dep_context=non-requeueable deps ti=<TaskInstance: ecommerce_generate_product.generate_tag_for_product scheduled__2025-06-01T00:00:00+00:00 [queued]>
[2025-06-13T13:26:43.688+0000] {taskinstance.py:1157} INFO - Dependencies all met for dep_context=requeueable deps ti=<TaskInstance: ecommerce_generate_product.generate_tag_for_product scheduled__2025-06-01T00:00:00+00:00 [queued]>
[2025-06-13T13:26:43.689+0000] {taskinstance.py:1359} INFO - Starting attempt 1 of 6
[2025-06-13T13:26:43.700+0000] {taskinstance.py:1380} INFO - Executing <Task(PythonOperator): generate_tag_for_product> on 2025-06-01 00:00:00+00:00
[2025-06-13T13:26:43.705+0000] {standard_task_runner.py:57} INFO - Started process 422 to run task
[2025-06-13T13:26:43.707+0000] {standard_task_runner.py:84} INFO - Running: ['***', 'tasks', 'run', 'ecommerce_generate_product', 'generate_tag_for_product', 'scheduled__2025-06-01T00:00:00+00:00', '--job-id', '25', '--raw', '--subdir', 'DAGS_FOLDER/generate_product.py', '--cfg-path', '/tmp/tmpd5q1ajds']
[2025-06-13T13:26:43.709+0000] {standard_task_runner.py:85} INFO - Job 25: Subtask generate_tag_for_product
[2025-06-13T13:26:43.763+0000] {task_command.py:415} INFO - Running <TaskInstance: ecommerce_generate_product.generate_tag_for_product scheduled__2025-06-01T00:00:00+00:00 [running]> on host 3ddb9b5ffd69
[2025-06-13T13:26:43.853+0000] {taskinstance.py:1660} INFO - Exporting env vars: AIRFLOW_CTX_DAG_OWNER='***' AIRFLOW_CTX_DAG_ID='ecommerce_generate_product' AIRFLOW_CTX_TASK_ID='generate_tag_for_product' AIRFLOW_CTX_EXECUTION_DATE='2025-06-01T00:00:00+00:00' AIRFLOW_CTX_TRY_NUMBER='1' AIRFLOW_CTX_DAG_RUN_ID='scheduled__2025-06-01T00:00:00+00:00'
[2025-06-13T13:26:43.882+0000] {python.py:194} INFO - Done. Returned value was: None
[2025-06-13T13:26:43.895+0000] {taskinstance.py:1398} INFO - Marking task as SUCCESS. dag_id=ecommerce_generate_product, task_id=generate_tag_for_product, execution_date=20250601T000000, start_date=20250613T132643, end_date=20250613T132643
[2025-06-13T13:26:43.919+0000] {local_task_job_runner.py:228} INFO - Task exited with return code 0
[2025-06-13T13:26:43.940+0000] {taskinstance.py:2776} INFO - 0 downstream tasks scheduled from follow-on schedule check
[2025-06-13T13:37:50.567+0000] {taskinstance.py:1157} INFO - Dependencies all met for dep_context=non-requeueable deps ti=<TaskInstance: ecommerce_generate_product.generate_tag_for_product scheduled__2025-06-01T00:00:00+00:00 [queued]>
[2025-06-13T13:37:50.575+0000] {taskinstance.py:1157} INFO - Dependencies all met for dep_context=requeueable deps ti=<TaskInstance: ecommerce_generate_product.generate_tag_for_product scheduled__2025-06-01T00:00:00+00:00 [queued]>
[2025-06-13T13:37:50.575+0000] {taskinstance.py:1359} INFO - Starting attempt 1 of 6
[2025-06-13T13:37:50.586+0000] {taskinstance.py:1380} INFO - Executing <Task(PythonOperator): generate_tag_for_product> on 2025-06-01 00:00:00+00:00
[2025-06-13T13:37:50.591+0000] {standard_task_runner.py:57} INFO - Started process 422 to run task
[2025-06-13T13:37:50.593+0000] {standard_task_runner.py:84} INFO - Running: ['***', 'tasks', 'run', 'ecommerce_generate_product', 'generate_tag_for_product', 'scheduled__2025-06-01T00:00:00+00:00', '--job-id', '25', '--raw', '--subdir', 'DAGS_FOLDER/generate_product.py', '--cfg-path', '/tmp/tmpenoyyl0u']
[2025-06-13T13:37:50.595+0000] {standard_task_runner.py:85} INFO - Job 25: Subtask generate_tag_for_product
[2025-06-13T13:37:50.648+0000] {task_command.py:415} INFO - Running <TaskInstance: ecommerce_generate_product.generate_tag_for_product scheduled__2025-06-01T00:00:00+00:00 [running]> on host 76a309d19f9c
[2025-06-13T13:37:50.739+0000] {taskinstance.py:1660} INFO - Exporting env vars: AIRFLOW_CTX_DAG_OWNER='***' AIRFLOW_CTX_DAG_ID='ecommerce_generate_product' AIRFLOW_CTX_TASK_ID='generate_tag_for_product' AIRFLOW_CTX_EXECUTION_DATE='2025-06-01T00:00:00+00:00' AIRFLOW_CTX_TRY_NUMBER='1' AIRFLOW_CTX_DAG_RUN_ID='scheduled__2025-06-01T00:00:00+00:00'
[2025-06-13T13:37:50.767+0000] {python.py:194} INFO - Done. Returned value was: None
[2025-06-13T13:37:50.781+0000] {taskinstance.py:1398} INFO - Marking task as SUCCESS. dag_id=ecommerce_generate_product, task_id=generate_tag_for_product, execution_date=20250601T000000, start_date=20250613T133750, end_date=20250613T133750
[2025-06-13T13:37:50.805+0000] {local_task_job_runner.py:228} INFO - Task exited with return code 0
[2025-06-13T13:37:50.825+0000] {taskinstance.py:2776} INFO - 0 downstream tasks scheduled from follow-on schedule check
[2025-06-13T13:43:53.678+0000] {taskinstance.py:1157} INFO - Dependencies all met for dep_context=non-requeueable deps ti=<TaskInstance: ecommerce_generate_product.generate_tag_for_product scheduled__2025-06-01T00:00:00+00:00 [queued]>
[2025-06-13T13:43:53.686+0000] {taskinstance.py:1157} INFO - Dependencies all met for dep_context=requeueable deps ti=<TaskInstance: ecommerce_generate_product.generate_tag_for_product scheduled__2025-06-01T00:00:00+00:00 [queued]>
[2025-06-13T13:43:53.686+0000] {taskinstance.py:1359} INFO - Starting attempt 1 of 6
[2025-06-13T13:43:53.697+0000] {taskinstance.py:1380} INFO - Executing <Task(PythonOperator): generate_tag_for_product> on 2025-06-01 00:00:00+00:00
[2025-06-13T13:43:53.702+0000] {standard_task_runner.py:57} INFO - Started process 422 to run task
[2025-06-13T13:43:53.704+0000] {standard_task_runner.py:84} INFO - Running: ['***', 'tasks', 'run', 'ecommerce_generate_product', 'generate_tag_for_product', 'scheduled__2025-06-01T00:00:00+00:00', '--job-id', '25', '--raw', '--subdir', 'DAGS_FOLDER/generate_product.py', '--cfg-path', '/tmp/tmpgy1fr195']
[2025-06-13T13:43:53.706+0000] {standard_task_runner.py:85} INFO - Job 25: Subtask generate_tag_for_product
[2025-06-13T13:43:53.759+0000] {task_command.py:415} INFO - Running <TaskInstance: ecommerce_generate_product.generate_tag_for_product scheduled__2025-06-01T00:00:00+00:00 [running]> on host 4821ab4d0de9
[2025-06-13T13:43:53.849+0000] {taskinstance.py:1660} INFO - Exporting env vars: AIRFLOW_CTX_DAG_OWNER='***' AIRFLOW_CTX_DAG_ID='ecommerce_generate_product' AIRFLOW_CTX_TASK_ID='generate_tag_for_product' AIRFLOW_CTX_EXECUTION_DATE='2025-06-01T00:00:00+00:00' AIRFLOW_CTX_TRY_NUMBER='1' AIRFLOW_CTX_DAG_RUN_ID='scheduled__2025-06-01T00:00:00+00:00'
[2025-06-13T13:43:53.879+0000] {python.py:194} INFO - Done. Returned value was: None
[2025-06-13T13:43:53.892+0000] {taskinstance.py:1398} INFO - Marking task as SUCCESS. dag_id=ecommerce_generate_product, task_id=generate_tag_for_product, execution_date=20250601T000000, start_date=20250613T134353, end_date=20250613T134353
[2025-06-13T13:43:53.916+0000] {local_task_job_runner.py:228} INFO - Task exited with return code 0
[2025-06-13T13:43:53.938+0000] {taskinstance.py:2776} INFO - 0 downstream tasks scheduled from follow-on schedule check
[2025-06-13T13:56:15.235+0000] {taskinstance.py:1157} INFO - Dependencies all met for dep_context=non-requeueable deps ti=<TaskInstance: ecommerce_generate_product.generate_tag_for_product scheduled__2025-06-01T00:00:00+00:00 [queued]>
[2025-06-13T13:56:15.243+0000] {taskinstance.py:1157} INFO - Dependencies all met for dep_context=requeueable deps ti=<TaskInstance: ecommerce_generate_product.generate_tag_for_product scheduled__2025-06-01T00:00:00+00:00 [queued]>
[2025-06-13T13:56:15.243+0000] {taskinstance.py:1359} INFO - Starting attempt 1 of 6
[2025-06-13T13:56:15.256+0000] {taskinstance.py:1380} INFO - Executing <Task(PythonOperator): generate_tag_for_product> on 2025-06-01 00:00:00+00:00
[2025-06-13T13:56:15.261+0000] {standard_task_runner.py:57} INFO - Started process 428 to run task
[2025-06-13T13:56:15.264+0000] {standard_task_runner.py:84} INFO - Running: ['***', 'tasks', 'run', 'ecommerce_generate_product', 'generate_tag_for_product', 'scheduled__2025-06-01T00:00:00+00:00', '--job-id', '28', '--raw', '--subdir', 'DAGS_FOLDER/generate_product.py', '--cfg-path', '/tmp/tmpwn_hlqrf']
[2025-06-13T13:56:15.266+0000] {standard_task_runner.py:85} INFO - Job 28: Subtask generate_tag_for_product
[2025-06-13T13:56:15.322+0000] {task_command.py:415} INFO - Running <TaskInstance: ecommerce_generate_product.generate_tag_for_product scheduled__2025-06-01T00:00:00+00:00 [running]> on host f1d84043854e
[2025-06-13T13:56:15.417+0000] {taskinstance.py:1660} INFO - Exporting env vars: AIRFLOW_CTX_DAG_OWNER='***' AIRFLOW_CTX_DAG_ID='ecommerce_generate_product' AIRFLOW_CTX_TASK_ID='generate_tag_for_product' AIRFLOW_CTX_EXECUTION_DATE='2025-06-01T00:00:00+00:00' AIRFLOW_CTX_TRY_NUMBER='1' AIRFLOW_CTX_DAG_RUN_ID='scheduled__2025-06-01T00:00:00+00:00'
[2025-06-13T13:56:15.447+0000] {python.py:194} INFO - Done. Returned value was: None
[2025-06-13T13:56:15.460+0000] {taskinstance.py:1398} INFO - Marking task as SUCCESS. dag_id=ecommerce_generate_product, task_id=generate_tag_for_product, execution_date=20250601T000000, start_date=20250613T135615, end_date=20250613T135615
[2025-06-13T13:56:15.476+0000] {local_task_job_runner.py:228} INFO - Task exited with return code 0
[2025-06-13T13:56:15.500+0000] {taskinstance.py:2776} INFO - 0 downstream tasks scheduled from follow-on schedule check
[2025-06-13T14:10:51.020+0000] {taskinstance.py:1157} INFO - Dependencies all met for dep_context=non-requeueable deps ti=<TaskInstance: ecommerce_generate_product.generate_tag_for_product scheduled__2025-06-01T00:00:00+00:00 [queued]>
[2025-06-13T14:10:51.030+0000] {taskinstance.py:1157} INFO - Dependencies all met for dep_context=requeueable deps ti=<TaskInstance: ecommerce_generate_product.generate_tag_for_product scheduled__2025-06-01T00:00:00+00:00 [queued]>
[2025-06-13T14:10:51.031+0000] {taskinstance.py:1359} INFO - Starting attempt 1 of 6
[2025-06-13T14:10:51.042+0000] {taskinstance.py:1380} INFO - Executing <Task(PythonOperator): generate_tag_for_product> on 2025-06-01 00:00:00+00:00
[2025-06-13T14:10:51.049+0000] {standard_task_runner.py:57} INFO - Started process 422 to run task
[2025-06-13T14:10:51.051+0000] {standard_task_runner.py:84} INFO - Running: ['***', 'tasks', 'run', 'ecommerce_generate_product', 'generate_tag_for_product', 'scheduled__2025-06-01T00:00:00+00:00', '--job-id', '25', '--raw', '--subdir', 'DAGS_FOLDER/generate_product.py', '--cfg-path', '/tmp/tmpijnc5fge']
[2025-06-13T14:10:51.052+0000] {standard_task_runner.py:85} INFO - Job 25: Subtask generate_tag_for_product
[2025-06-13T14:10:51.112+0000] {task_command.py:415} INFO - Running <TaskInstance: ecommerce_generate_product.generate_tag_for_product scheduled__2025-06-01T00:00:00+00:00 [running]> on host 3bda607c6347
[2025-06-13T14:10:51.217+0000] {taskinstance.py:1660} INFO - Exporting env vars: AIRFLOW_CTX_DAG_OWNER='***' AIRFLOW_CTX_DAG_ID='ecommerce_generate_product' AIRFLOW_CTX_TASK_ID='generate_tag_for_product' AIRFLOW_CTX_EXECUTION_DATE='2025-06-01T00:00:00+00:00' AIRFLOW_CTX_TRY_NUMBER='1' AIRFLOW_CTX_DAG_RUN_ID='scheduled__2025-06-01T00:00:00+00:00'
[2025-06-13T14:10:51.249+0000] {python.py:194} INFO - Done. Returned value was: None
[2025-06-13T14:10:51.264+0000] {taskinstance.py:1398} INFO - Marking task as SUCCESS. dag_id=ecommerce_generate_product, task_id=generate_tag_for_product, execution_date=20250601T000000, start_date=20250613T141051, end_date=20250613T141051
[2025-06-13T14:10:51.303+0000] {local_task_job_runner.py:228} INFO - Task exited with return code 0
[2025-06-13T14:10:51.326+0000] {taskinstance.py:2776} INFO - 0 downstream tasks scheduled from follow-on schedule check
[2025-06-13T15:53:02.118+0000] {taskinstance.py:1157} INFO - Dependencies all met for dep_context=non-requeueable deps ti=<TaskInstance: ecommerce_generate_product.generate_tag_for_product scheduled__2025-06-01T00:00:00+00:00 [queued]>
[2025-06-13T15:53:02.135+0000] {taskinstance.py:1157} INFO - Dependencies all met for dep_context=requeueable deps ti=<TaskInstance: ecommerce_generate_product.generate_tag_for_product scheduled__2025-06-01T00:00:00+00:00 [queued]>
[2025-06-13T15:53:02.135+0000] {taskinstance.py:1359} INFO - Starting attempt 1 of 6
[2025-06-13T15:53:02.157+0000] {taskinstance.py:1380} INFO - Executing <Task(PythonOperator): generate_tag_for_product> on 2025-06-01 00:00:00+00:00
[2025-06-13T15:53:02.166+0000] {standard_task_runner.py:57} INFO - Started process 423 to run task
[2025-06-13T15:53:02.170+0000] {standard_task_runner.py:84} INFO - Running: ['***', 'tasks', 'run', 'ecommerce_generate_product', 'generate_tag_for_product', 'scheduled__2025-06-01T00:00:00+00:00', '--job-id', '26', '--raw', '--subdir', 'DAGS_FOLDER/generate_product.py', '--cfg-path', '/tmp/tmprz0eu_6c']
[2025-06-13T15:53:02.173+0000] {standard_task_runner.py:85} INFO - Job 26: Subtask generate_tag_for_product
[2025-06-13T15:53:02.286+0000] {task_command.py:415} INFO - Running <TaskInstance: ecommerce_generate_product.generate_tag_for_product scheduled__2025-06-01T00:00:00+00:00 [running]> on host 3498b866135e
[2025-06-13T15:53:02.519+0000] {taskinstance.py:1660} INFO - Exporting env vars: AIRFLOW_CTX_DAG_OWNER='***' AIRFLOW_CTX_DAG_ID='ecommerce_generate_product' AIRFLOW_CTX_TASK_ID='generate_tag_for_product' AIRFLOW_CTX_EXECUTION_DATE='2025-06-01T00:00:00+00:00' AIRFLOW_CTX_TRY_NUMBER='1' AIRFLOW_CTX_DAG_RUN_ID='scheduled__2025-06-01T00:00:00+00:00'
[2025-06-13T15:53:02.584+0000] {python.py:194} INFO - Done. Returned value was: None
[2025-06-13T15:53:02.609+0000] {taskinstance.py:1398} INFO - Marking task as SUCCESS. dag_id=ecommerce_generate_product, task_id=generate_tag_for_product, execution_date=20250601T000000, start_date=20250613T155302, end_date=20250613T155302
[2025-06-13T15:53:02.663+0000] {local_task_job_runner.py:228} INFO - Task exited with return code 0
[2025-06-13T15:53:02.703+0000] {taskinstance.py:2776} INFO - 0 downstream tasks scheduled from follow-on schedule check
