[2025-06-14T03:57:13.702+0000] {taskinstance.py:1157} INFO - Dependencies all met for dep_context=non-requeueable deps ti=<TaskInstance: ecommerce_generate_order_process.generate_order_process scheduled__2025-06-14T03:56:12.130199+00:00 [queued]>
[2025-06-14T03:57:13.717+0000] {taskinstance.py:1157} INFO - Dependencies all met for dep_context=requeueable deps ti=<TaskInstance: ecommerce_generate_order_process.generate_order_process scheduled__2025-06-14T03:56:12.130199+00:00 [queued]>
[2025-06-14T03:57:13.718+0000] {taskinstance.py:1359} INFO - Starting attempt 1 of 6
[2025-06-14T03:57:13.741+0000] {taskinstance.py:1380} INFO - Executing <Task(_PythonDecoratedOperator): generate_order_process> on 2025-06-14 03:56:12.130199+00:00
[2025-06-14T03:57:13.751+0000] {standard_task_runner.py:57} INFO - Started process 11331 to run task
[2025-06-14T03:57:13.756+0000] {standard_task_runner.py:84} INFO - Running: ['***', 'tasks', 'run', 'ecommerce_generate_order_process', 'generate_order_process', 'scheduled__2025-06-14T03:56:12.130199+00:00', '--job-id', '1014', '--raw', '--subdir', 'DAGS_FOLDER/generate_order_process.py', '--cfg-path', '/tmp/tmpw0kjqwqk']
[2025-06-14T03:57:13.759+0000] {standard_task_runner.py:85} INFO - Job 1014: Subtask generate_order_process
[2025-06-14T03:57:13.859+0000] {task_command.py:415} INFO - Running <TaskInstance: ecommerce_generate_order_process.generate_order_process scheduled__2025-06-14T03:56:12.130199+00:00 [running]> on host 3498b866135e
[2025-06-14T03:57:14.143+0000] {taskinstance.py:1660} INFO - Exporting env vars: AIRFLOW_CTX_DAG_OWNER='***' AIRFLOW_CTX_DAG_ID='ecommerce_generate_order_process' AIRFLOW_CTX_TASK_ID='generate_order_process' AIRFLOW_CTX_EXECUTION_DATE='2025-06-14T03:56:12.130199+00:00' AIRFLOW_CTX_TRY_NUMBER='1' AIRFLOW_CTX_DAG_RUN_ID='scheduled__2025-06-14T03:56:12.130199+00:00'
[2025-06-14T03:57:14.187+0000] {logging_mixin.py:151} INFO - ----------------------------
[2025-06-14T03:57:14.188+0000] {logging_mixin.py:151} INFO - 108
[2025-06-14T03:57:14.188+0000] {logging_mixin.py:151} INFO - ----------------------------
[2025-06-14T03:57:14.212+0000] {logging_mixin.py:151} INFO - [(6, 1, Decimal('721.46'), Decimal('1.60'), Decimal('11.54336')), (50, 6, Decimal('732.13'), Decimal('17.33'), Decimal('761.268774')), (33, 9, Decimal('508.62'), Decimal('3.37'), Decimal('154.264446')), (16, 7, Decimal('266.44'), Decimal('7.11'), Decimal('132.607188'))]
[2025-06-14T03:57:14.216+0000] {logging_mixin.py:151} INFO - [(198, 6, 1, Decimal('721.46'), Decimal('1.60'), Decimal('11.54336')), (198, 50, 6, Decimal('732.13'), Decimal('17.33'), Decimal('761.268774')), (198, 33, 9, Decimal('508.62'), Decimal('3.37'), Decimal('154.264446')), (198, 16, 7, Decimal('266.44'), Decimal('7.11'), Decimal('132.607188'))]
[2025-06-14T03:57:14.219+0000] {logging_mixin.py:151} INFO - Simulation completed successfully!
[2025-06-14T03:57:14.220+0000] {logging_mixin.py:151} INFO - 198
[2025-06-14T03:57:14.221+0000] {python.py:194} INFO - Done. Returned value was: 198
[2025-06-14T03:57:14.318+0000] {taskinstance.py:1398} INFO - Marking task as SUCCESS. dag_id=ecommerce_generate_order_process, task_id=generate_order_process, execution_date=20250614T035612, start_date=20250614T035713, end_date=20250614T035714
[2025-06-14T03:57:14.369+0000] {local_task_job_runner.py:228} INFO - Task exited with return code 0
[2025-06-14T03:57:14.439+0000] {taskinstance.py:2776} INFO - 1 downstream tasks scheduled from follow-on schedule check
