[2025-06-14T03:09:13.244+0000] {taskinstance.py:1157} INFO - Dependencies all met for dep_context=non-requeueable deps ti=<TaskInstance: ecommerce_generate_order_process.generate_order_process scheduled__2025-06-14T03:08:12.033460+00:00 [queued]>
[2025-06-14T03:09:13.257+0000] {taskinstance.py:1157} INFO - Dependencies all met for dep_context=requeueable deps ti=<TaskInstance: ecommerce_generate_order_process.generate_order_process scheduled__2025-06-14T03:08:12.033460+00:00 [queued]>
[2025-06-14T03:09:13.257+0000] {taskinstance.py:1359} INFO - Starting attempt 1 of 6
[2025-06-14T03:09:13.320+0000] {taskinstance.py:1380} INFO - Executing <Task(_PythonDecoratedOperator): generate_order_process> on 2025-06-14 03:08:12.033460+00:00
[2025-06-14T03:09:13.327+0000] {standard_task_runner.py:57} INFO - Started process 7101 to run task
[2025-06-14T03:09:13.330+0000] {standard_task_runner.py:84} INFO - Running: ['***', 'tasks', 'run', 'ecommerce_generate_order_process', 'generate_order_process', 'scheduled__2025-06-14T03:08:12.033460+00:00', '--job-id', '774', '--raw', '--subdir', 'DAGS_FOLDER/generate_order_process.py', '--cfg-path', '/tmp/tmplfm6jy24']
[2025-06-14T03:09:13.333+0000] {standard_task_runner.py:85} INFO - Job 774: Subtask generate_order_process
[2025-06-14T03:09:13.457+0000] {task_command.py:415} INFO - Running <TaskInstance: ecommerce_generate_order_process.generate_order_process scheduled__2025-06-14T03:08:12.033460+00:00 [running]> on host 3498b866135e
[2025-06-14T03:09:13.706+0000] {taskinstance.py:1660} INFO - Exporting env vars: AIRFLOW_CTX_DAG_OWNER='***' AIRFLOW_CTX_DAG_ID='ecommerce_generate_order_process' AIRFLOW_CTX_TASK_ID='generate_order_process' AIRFLOW_CTX_EXECUTION_DATE='2025-06-14T03:08:12.033460+00:00' AIRFLOW_CTX_TRY_NUMBER='1' AIRFLOW_CTX_DAG_RUN_ID='scheduled__2025-06-14T03:08:12.033460+00:00'
[2025-06-14T03:09:13.721+0000] {logging_mixin.py:151} INFO - ----------------------------
[2025-06-14T03:09:13.722+0000] {logging_mixin.py:151} INFO - 20
[2025-06-14T03:09:13.722+0000] {logging_mixin.py:151} INFO - ----------------------------
[2025-06-14T03:09:13.729+0000] {logging_mixin.py:151} INFO - [(42, 4, Decimal('408.31'), Decimal('15.66'), Decimal('255.765384'))]
[2025-06-14T03:09:13.730+0000] {logging_mixin.py:151} INFO - [(150, 42, 4, Decimal('408.31'), Decimal('15.66'), Decimal('255.765384'))]
[2025-06-14T03:09:13.772+0000] {logging_mixin.py:151} INFO - Simulation completed successfully!
[2025-06-14T03:09:13.773+0000] {logging_mixin.py:151} INFO - 150
[2025-06-14T03:09:13.773+0000] {python.py:194} INFO - Done. Returned value was: 150
[2025-06-14T03:09:13.875+0000] {taskinstance.py:1398} INFO - Marking task as SUCCESS. dag_id=ecommerce_generate_order_process, task_id=generate_order_process, execution_date=20250614T030812, start_date=20250614T030913, end_date=20250614T030913
[2025-06-14T03:09:13.983+0000] {local_task_job_runner.py:228} INFO - Task exited with return code 0
[2025-06-14T03:09:14.012+0000] {taskinstance.py:2776} INFO - 1 downstream tasks scheduled from follow-on schedule check
