[2025-06-13T16:52:33.037+0000] {taskinstance.py:1157} INFO - Dependencies all met for dep_context=non-requeueable deps ti=<TaskInstance: ecommerce_generate_order_process.generate_order_process scheduled__2025-06-13T16:51:31.706122+00:00 [queued]>
[2025-06-13T16:52:33.058+0000] {taskinstance.py:1157} INFO - Dependencies all met for dep_context=requeueable deps ti=<TaskInstance: ecommerce_generate_order_process.generate_order_process scheduled__2025-06-13T16:51:31.706122+00:00 [queued]>
[2025-06-13T16:52:33.059+0000] {taskinstance.py:1359} INFO - Starting attempt 1 of 6
[2025-06-13T16:52:33.088+0000] {taskinstance.py:1380} INFO - Executing <Task(_PythonDecoratedOperator): generate_order_process> on 2025-06-13 16:51:31.706122+00:00
[2025-06-13T16:52:33.096+0000] {standard_task_runner.py:57} INFO - Started process 5674 to run task
[2025-06-13T16:52:33.100+0000] {standard_task_runner.py:84} INFO - Running: ['***', 'tasks', 'run', 'ecommerce_generate_order_process', 'generate_order_process', 'scheduled__2025-06-13T16:51:31.706122+00:00', '--job-id', '335', '--raw', '--subdir', 'DAGS_FOLDER/generate_order_process.py', '--cfg-path', '/tmp/tmpdzsz02rw']
[2025-06-13T16:52:33.103+0000] {standard_task_runner.py:85} INFO - Job 335: Subtask generate_order_process
[2025-06-13T16:52:33.199+0000] {task_command.py:415} INFO - Running <TaskInstance: ecommerce_generate_order_process.generate_order_process scheduled__2025-06-13T16:51:31.706122+00:00 [running]> on host 3498b866135e
[2025-06-13T16:52:33.401+0000] {taskinstance.py:1660} INFO - Exporting env vars: AIRFLOW_CTX_DAG_OWNER='***' AIRFLOW_CTX_DAG_ID='ecommerce_generate_order_process' AIRFLOW_CTX_TASK_ID='generate_order_process' AIRFLOW_CTX_EXECUTION_DATE='2025-06-13T16:51:31.706122+00:00' AIRFLOW_CTX_TRY_NUMBER='1' AIRFLOW_CTX_DAG_RUN_ID='scheduled__2025-06-13T16:51:31.706122+00:00'
[2025-06-13T16:52:33.424+0000] {logging_mixin.py:151} INFO - ----------------------------
[2025-06-13T16:52:33.425+0000] {logging_mixin.py:151} INFO - 62
[2025-06-13T16:52:33.425+0000] {logging_mixin.py:151} INFO - ----------------------------
[2025-06-13T16:52:33.434+0000] {logging_mixin.py:151} INFO - [(15, 7, Decimal('523.55'), Decimal('19.06'), Decimal('698.520410')), (16, 7, Decimal('266.44'), Decimal('7.11'), Decimal('132.607188')), (14, 5, Decimal('657.33'), Decimal('0.13'), Decimal('4.272645')), (10, 4, Decimal('598.05'), Decimal('10.18'), Decimal('243.525960')), (17, 1, Decimal('207.60'), Decimal('14.70'), Decimal('30.51720')), (1, 1, Decimal('802.42'), Decimal('3.53'), Decimal('28.325426')), (20, 8, Decimal('841.06'), Decimal('11.60'), Decimal('780.50368')), (3, 7, Decimal('946.29'), Decimal('2.59'), Decimal('171.562377')), (22, 1, Decimal('429.81'), Decimal('5.21'), Decimal('22.393101'))]
[2025-06-13T16:52:33.438+0000] {logging_mixin.py:151} INFO - [(65, 15, 7, Decimal('523.55'), Decimal('19.06'), Decimal('698.520410')), (65, 16, 7, Decimal('266.44'), Decimal('7.11'), Decimal('132.607188')), (65, 14, 5, Decimal('657.33'), Decimal('0.13'), Decimal('4.272645')), (65, 10, 4, Decimal('598.05'), Decimal('10.18'), Decimal('243.525960')), (65, 17, 1, Decimal('207.60'), Decimal('14.70'), Decimal('30.51720')), (65, 1, 1, Decimal('802.42'), Decimal('3.53'), Decimal('28.325426')), (65, 20, 8, Decimal('841.06'), Decimal('11.60'), Decimal('780.50368')), (65, 3, 7, Decimal('946.29'), Decimal('2.59'), Decimal('171.562377')), (65, 22, 1, Decimal('429.81'), Decimal('5.21'), Decimal('22.393101'))]
[2025-06-13T16:52:33.439+0000] {logging_mixin.py:151} INFO - Simulation completed successfully!
[2025-06-13T16:52:33.440+0000] {logging_mixin.py:151} INFO - 65
[2025-06-13T16:52:33.440+0000] {python.py:194} INFO - Done. Returned value was: 65
[2025-06-13T16:52:33.499+0000] {taskinstance.py:1398} INFO - Marking task as SUCCESS. dag_id=ecommerce_generate_order_process, task_id=generate_order_process, execution_date=20250613T165131, start_date=20250613T165233, end_date=20250613T165233
[2025-06-13T16:52:33.552+0000] {local_task_job_runner.py:228} INFO - Task exited with return code 0
[2025-06-13T16:52:33.602+0000] {taskinstance.py:2776} INFO - 1 downstream tasks scheduled from follow-on schedule check
