[2025-06-13T16:40:32.925+0000] {taskinstance.py:1157} INFO - Dependencies all met for dep_context=non-requeueable deps ti=<TaskInstance: ecommerce_generate_order_process.generate_order_process scheduled__2025-06-13T16:39:31.706122+00:00 [queued]>
[2025-06-13T16:40:32.937+0000] {taskinstance.py:1157} INFO - Dependencies all met for dep_context=requeueable deps ti=<TaskInstance: ecommerce_generate_order_process.generate_order_process scheduled__2025-06-13T16:39:31.706122+00:00 [queued]>
[2025-06-13T16:40:32.938+0000] {taskinstance.py:1359} INFO - Starting attempt 1 of 6
[2025-06-13T16:40:32.956+0000] {taskinstance.py:1380} INFO - Executing <Task(_PythonDecoratedOperator): generate_order_process> on 2025-06-13 16:39:31.706122+00:00
[2025-06-13T16:40:32.964+0000] {standard_task_runner.py:57} INFO - Started process 4601 to run task
[2025-06-13T16:40:32.967+0000] {standard_task_runner.py:84} INFO - Running: ['***', 'tasks', 'run', 'ecommerce_generate_order_process', 'generate_order_process', 'scheduled__2025-06-13T16:39:31.706122+00:00', '--job-id', '275', '--raw', '--subdir', 'DAGS_FOLDER/generate_order_process.py', '--cfg-path', '/tmp/tmptjym9oc3']
[2025-06-13T16:40:32.970+0000] {standard_task_runner.py:85} INFO - Job 275: Subtask generate_order_process
[2025-06-13T16:40:33.114+0000] {task_command.py:415} INFO - Running <TaskInstance: ecommerce_generate_order_process.generate_order_process scheduled__2025-06-13T16:39:31.706122+00:00 [running]> on host 3498b866135e
[2025-06-13T16:40:33.431+0000] {taskinstance.py:1660} INFO - Exporting env vars: AIRFLOW_CTX_DAG_OWNER='***' AIRFLOW_CTX_DAG_ID='ecommerce_generate_order_process' AIRFLOW_CTX_TASK_ID='generate_order_process' AIRFLOW_CTX_EXECUTION_DATE='2025-06-13T16:39:31.706122+00:00' AIRFLOW_CTX_TRY_NUMBER='1' AIRFLOW_CTX_DAG_RUN_ID='scheduled__2025-06-13T16:39:31.706122+00:00'
[2025-06-13T16:40:33.455+0000] {logging_mixin.py:151} INFO - ----------------------------
[2025-06-13T16:40:33.455+0000] {logging_mixin.py:151} INFO - 28
[2025-06-13T16:40:33.455+0000] {logging_mixin.py:151} INFO - ----------------------------
[2025-06-13T16:40:33.466+0000] {logging_mixin.py:151} INFO - [(5, 8, Decimal('699.65'), Decimal('8.21'), Decimal('459.530120')), (8, 1, Decimal('130.57'), Decimal('13.94'), Decimal('18.201458')), (19, 8, Decimal('665.31'), Decimal('4.02'), Decimal('213.963696')), (2, 1, Decimal('925.46'), Decimal('2.62'), Decimal('24.247052')), (14, 5, Decimal('657.33'), Decimal('0.13'), Decimal('4.272645')), (16, 7, Decimal('266.44'), Decimal('7.11'), Decimal('132.607188')), (6, 1, Decimal('721.46'), Decimal('1.60'), Decimal('11.54336')), (25, 2, Decimal('34.67'), Decimal('5.72'), Decimal('3.966248')), (18, 9, Decimal('697.86'), Decimal('6.91'), Decimal('433.999134')), (11, 4, Decimal('668.03'), Decimal('3.23'), Decimal('86.309476'))]
[2025-06-13T16:40:33.470+0000] {logging_mixin.py:151} INFO - [(53, 5, 8, Decimal('699.65'), Decimal('8.21'), Decimal('459.530120')), (53, 8, 1, Decimal('130.57'), Decimal('13.94'), Decimal('18.201458')), (53, 19, 8, Decimal('665.31'), Decimal('4.02'), Decimal('213.963696')), (53, 2, 1, Decimal('925.46'), Decimal('2.62'), Decimal('24.247052')), (53, 14, 5, Decimal('657.33'), Decimal('0.13'), Decimal('4.272645')), (53, 16, 7, Decimal('266.44'), Decimal('7.11'), Decimal('132.607188')), (53, 6, 1, Decimal('721.46'), Decimal('1.60'), Decimal('11.54336')), (53, 25, 2, Decimal('34.67'), Decimal('5.72'), Decimal('3.966248')), (53, 18, 9, Decimal('697.86'), Decimal('6.91'), Decimal('433.999134')), (53, 11, 4, Decimal('668.03'), Decimal('3.23'), Decimal('86.309476'))]
[2025-06-13T16:40:33.471+0000] {logging_mixin.py:151} INFO - Simulation completed successfully!
[2025-06-13T16:40:33.472+0000] {logging_mixin.py:151} INFO - 53
[2025-06-13T16:40:33.472+0000] {python.py:194} INFO - Done. Returned value was: 53
[2025-06-13T16:40:33.528+0000] {taskinstance.py:1398} INFO - Marking task as SUCCESS. dag_id=ecommerce_generate_order_process, task_id=generate_order_process, execution_date=20250613T163931, start_date=20250613T164032, end_date=20250613T164033
[2025-06-13T16:40:33.580+0000] {local_task_job_runner.py:228} INFO - Task exited with return code 0
[2025-06-13T16:40:33.669+0000] {taskinstance.py:2776} INFO - 1 downstream tasks scheduled from follow-on schedule check
