[2025-06-14T05:07:13.478+0000] {taskinstance.py:1157} INFO - Dependencies all met for dep_context=non-requeueable deps ti=<TaskInstance: ecommerce_generate_order_process.generate_order_process scheduled__2025-06-14T05:06:12.130199+00:00 [queued]>
[2025-06-14T05:07:13.486+0000] {taskinstance.py:1157} INFO - Dependencies all met for dep_context=requeueable deps ti=<TaskInstance: ecommerce_generate_order_process.generate_order_process scheduled__2025-06-14T05:06:12.130199+00:00 [queued]>
[2025-06-14T05:07:13.487+0000] {taskinstance.py:1359} INFO - Starting attempt 1 of 6
[2025-06-14T05:07:13.500+0000] {taskinstance.py:1380} INFO - Executing <Task(_PythonDecoratedOperator): generate_order_process> on 2025-06-14 05:06:12.130199+00:00
[2025-06-14T05:07:13.505+0000] {standard_task_runner.py:57} INFO - Started process 17526 to run task
[2025-06-14T05:07:13.507+0000] {standard_task_runner.py:84} INFO - Running: ['***', 'tasks', 'run', 'ecommerce_generate_order_process', 'generate_order_process', 'scheduled__2025-06-14T05:06:12.130199+00:00', '--job-id', '1364', '--raw', '--subdir', 'DAGS_FOLDER/generate_order_process.py', '--cfg-path', '/tmp/tmpsrjiwj3x']
[2025-06-14T05:07:13.510+0000] {standard_task_runner.py:85} INFO - Job 1364: Subtask generate_order_process
[2025-06-14T05:07:13.579+0000] {task_command.py:415} INFO - Running <TaskInstance: ecommerce_generate_order_process.generate_order_process scheduled__2025-06-14T05:06:12.130199+00:00 [running]> on host 3498b866135e
[2025-06-14T05:07:13.740+0000] {taskinstance.py:1660} INFO - Exporting env vars: AIRFLOW_CTX_DAG_OWNER='***' AIRFLOW_CTX_DAG_ID='ecommerce_generate_order_process' AIRFLOW_CTX_TASK_ID='generate_order_process' AIRFLOW_CTX_EXECUTION_DATE='2025-06-14T05:06:12.130199+00:00' AIRFLOW_CTX_TRY_NUMBER='1' AIRFLOW_CTX_DAG_RUN_ID='scheduled__2025-06-14T05:06:12.130199+00:00'
[2025-06-14T05:07:13.774+0000] {logging_mixin.py:151} INFO - ----------------------------
[2025-06-14T05:07:13.774+0000] {logging_mixin.py:151} INFO - 80
[2025-06-14T05:07:13.774+0000] {logging_mixin.py:151} INFO - ----------------------------
[2025-06-14T05:07:13.789+0000] {logging_mixin.py:151} INFO - [(36, 1, Decimal('745.80'), Decimal('1.07'), Decimal('7.980060')), (46, 9, Decimal('279.46'), Decimal('19.12'), Decimal('480.894768')), (24, 1, Decimal('387.14'), Decimal('4.66'), Decimal('18.040724')), (39, 6, Decimal('713.46'), Decimal('15.39'), Decimal('658.808964')), (42, 4, Decimal('408.31'), Decimal('15.66'), Decimal('255.765384')), (30, 2, Decimal('913.08'), Decimal('18.10'), Decimal('330.53496')), (4, 9, Decimal('38.75'), Decimal('2.09'), Decimal('7.288875')), (48, 4, Decimal('294.67'), Decimal('17.31'), Decimal('204.029508')), (1, 1, Decimal('802.42'), Decimal('3.53'), Decimal('28.325426')), (12, 6, Decimal('255.15'), Decimal('19.41'), Decimal('297.147690'))]
[2025-06-14T05:07:13.793+0000] {logging_mixin.py:151} INFO - [(268, 36, 1, Decimal('745.80'), Decimal('1.07'), Decimal('7.980060')), (268, 46, 9, Decimal('279.46'), Decimal('19.12'), Decimal('480.894768')), (268, 24, 1, Decimal('387.14'), Decimal('4.66'), Decimal('18.040724')), (268, 39, 6, Decimal('713.46'), Decimal('15.39'), Decimal('658.808964')), (268, 42, 4, Decimal('408.31'), Decimal('15.66'), Decimal('255.765384')), (268, 30, 2, Decimal('913.08'), Decimal('18.10'), Decimal('330.53496')), (268, 4, 9, Decimal('38.75'), Decimal('2.09'), Decimal('7.288875')), (268, 48, 4, Decimal('294.67'), Decimal('17.31'), Decimal('204.029508')), (268, 1, 1, Decimal('802.42'), Decimal('3.53'), Decimal('28.325426')), (268, 12, 6, Decimal('255.15'), Decimal('19.41'), Decimal('297.147690'))]
[2025-06-14T05:07:13.795+0000] {logging_mixin.py:151} INFO - Simulation completed successfully!
[2025-06-14T05:07:13.796+0000] {logging_mixin.py:151} INFO - 268
[2025-06-14T05:07:13.796+0000] {python.py:194} INFO - Done. Returned value was: 268
[2025-06-14T05:07:13.869+0000] {taskinstance.py:1398} INFO - Marking task as SUCCESS. dag_id=ecommerce_generate_order_process, task_id=generate_order_process, execution_date=20250614T050612, start_date=20250614T050713, end_date=20250614T050713
[2025-06-14T05:07:13.925+0000] {local_task_job_runner.py:228} INFO - Task exited with return code 0
[2025-06-14T05:07:13.999+0000] {taskinstance.py:2776} INFO - 1 downstream tasks scheduled from follow-on schedule check
