[2025-06-14T04:16:13.397+0000] {taskinstance.py:1157} INFO - Dependencies all met for dep_context=non-requeueable deps ti=<TaskInstance: ecommerce_generate_order_process.generate_order_process scheduled__2025-06-14T04:15:12.130199+00:00 [queued]>
[2025-06-14T04:16:13.406+0000] {taskinstance.py:1157} INFO - Dependencies all met for dep_context=requeueable deps ti=<TaskInstance: ecommerce_generate_order_process.generate_order_process scheduled__2025-06-14T04:15:12.130199+00:00 [queued]>
[2025-06-14T04:16:13.407+0000] {taskinstance.py:1359} INFO - Starting attempt 1 of 6
[2025-06-14T04:16:13.421+0000] {taskinstance.py:1380} INFO - Executing <Task(_PythonDecoratedOperator): generate_order_process> on 2025-06-14 04:15:12.130199+00:00
[2025-06-14T04:16:13.427+0000] {standard_task_runner.py:57} INFO - Started process 13024 to run task
[2025-06-14T04:16:13.429+0000] {standard_task_runner.py:84} INFO - Running: ['***', 'tasks', 'run', 'ecommerce_generate_order_process', 'generate_order_process', 'scheduled__2025-06-14T04:15:12.130199+00:00', '--job-id', '1109', '--raw', '--subdir', 'DAGS_FOLDER/generate_order_process.py', '--cfg-path', '/tmp/tmpmfykoody']
[2025-06-14T04:16:13.431+0000] {standard_task_runner.py:85} INFO - Job 1109: Subtask generate_order_process
[2025-06-14T04:16:13.489+0000] {task_command.py:415} INFO - Running <TaskInstance: ecommerce_generate_order_process.generate_order_process scheduled__2025-06-14T04:15:12.130199+00:00 [running]> on host 3498b866135e
[2025-06-14T04:16:13.600+0000] {taskinstance.py:1660} INFO - Exporting env vars: AIRFLOW_CTX_DAG_OWNER='***' AIRFLOW_CTX_DAG_ID='ecommerce_generate_order_process' AIRFLOW_CTX_TASK_ID='generate_order_process' AIRFLOW_CTX_EXECUTION_DATE='2025-06-14T04:15:12.130199+00:00' AIRFLOW_CTX_TRY_NUMBER='1' AIRFLOW_CTX_DAG_RUN_ID='scheduled__2025-06-14T04:15:12.130199+00:00'
[2025-06-14T04:16:13.614+0000] {logging_mixin.py:151} INFO - ----------------------------
[2025-06-14T04:16:13.615+0000] {logging_mixin.py:151} INFO - 249
[2025-06-14T04:16:13.615+0000] {logging_mixin.py:151} INFO - ----------------------------
[2025-06-14T04:16:13.620+0000] {logging_mixin.py:151} INFO - [(27, 8, Decimal('412.73'), Decimal('3.00'), Decimal('99.0552')), (18, 9, Decimal('697.86'), Decimal('6.91'), Decimal('433.999134')), (47, 3, Decimal('923.92'), Decimal('9.75'), Decimal('270.246600')), (9, 4, Decimal('724.69'), Decimal('11.61'), Decimal('336.546036')), (11, 4, Decimal('668.03'), Decimal('3.23'), Decimal('86.309476')), (26, 5, Decimal('349.97'), Decimal('8.34'), Decimal('145.937490')), (30, 2, Decimal('913.08'), Decimal('18.10'), Decimal('330.53496')), (48, 4, Decimal('294.67'), Decimal('17.31'), Decimal('204.029508')), (19, 8, Decimal('665.31'), Decimal('4.02'), Decimal('213.963696')), (25, 2, Decimal('34.67'), Decimal('5.72'), Decimal('3.966248'))]
[2025-06-14T04:16:13.623+0000] {logging_mixin.py:151} INFO - [(217, 27, 8, Decimal('412.73'), Decimal('3.00'), Decimal('99.0552')), (217, 18, 9, Decimal('697.86'), Decimal('6.91'), Decimal('433.999134')), (217, 47, 3, Decimal('923.92'), Decimal('9.75'), Decimal('270.246600')), (217, 9, 4, Decimal('724.69'), Decimal('11.61'), Decimal('336.546036')), (217, 11, 4, Decimal('668.03'), Decimal('3.23'), Decimal('86.309476')), (217, 26, 5, Decimal('349.97'), Decimal('8.34'), Decimal('145.937490')), (217, 30, 2, Decimal('913.08'), Decimal('18.10'), Decimal('330.53496')), (217, 48, 4, Decimal('294.67'), Decimal('17.31'), Decimal('204.029508')), (217, 19, 8, Decimal('665.31'), Decimal('4.02'), Decimal('213.963696')), (217, 25, 2, Decimal('34.67'), Decimal('5.72'), Decimal('3.966248'))]
[2025-06-14T04:16:13.624+0000] {logging_mixin.py:151} INFO - Simulation completed successfully!
[2025-06-14T04:16:13.624+0000] {logging_mixin.py:151} INFO - 217
[2025-06-14T04:16:13.624+0000] {python.py:194} INFO - Done. Returned value was: 217
[2025-06-14T04:16:13.659+0000] {taskinstance.py:1398} INFO - Marking task as SUCCESS. dag_id=ecommerce_generate_order_process, task_id=generate_order_process, execution_date=20250614T041512, start_date=20250614T041613, end_date=20250614T041613
[2025-06-14T04:16:13.681+0000] {local_task_job_runner.py:228} INFO - Task exited with return code 0
[2025-06-14T04:16:13.707+0000] {taskinstance.py:2776} INFO - 1 downstream tasks scheduled from follow-on schedule check
