[2025-06-14T04:54:12.725+0000] {taskinstance.py:1157} INFO - Dependencies all met for dep_context=non-requeueable deps ti=<TaskInstance: ecommerce_generate_order_process.generate_order_process scheduled__2025-06-14T04:53:12.130199+00:00 [queued]>
[2025-06-14T04:54:12.732+0000] {taskinstance.py:1157} INFO - Dependencies all met for dep_context=requeueable deps ti=<TaskInstance: ecommerce_generate_order_process.generate_order_process scheduled__2025-06-14T04:53:12.130199+00:00 [queued]>
[2025-06-14T04:54:12.733+0000] {taskinstance.py:1359} INFO - Starting attempt 1 of 6
[2025-06-14T04:54:12.743+0000] {taskinstance.py:1380} INFO - Executing <Task(_PythonDecoratedOperator): generate_order_process> on 2025-06-14 04:53:12.130199+00:00
[2025-06-14T04:54:12.747+0000] {standard_task_runner.py:57} INFO - Started process 16376 to run task
[2025-06-14T04:54:12.750+0000] {standard_task_runner.py:84} INFO - Running: ['***', 'tasks', 'run', 'ecommerce_generate_order_process', 'generate_order_process', 'scheduled__2025-06-14T04:53:12.130199+00:00', '--job-id', '1299', '--raw', '--subdir', 'DAGS_FOLDER/generate_order_process.py', '--cfg-path', '/tmp/tmpebu8r74_']
[2025-06-14T04:54:12.751+0000] {standard_task_runner.py:85} INFO - Job 1299: Subtask generate_order_process
[2025-06-14T04:54:12.801+0000] {task_command.py:415} INFO - Running <TaskInstance: ecommerce_generate_order_process.generate_order_process scheduled__2025-06-14T04:53:12.130199+00:00 [running]> on host 3498b866135e
[2025-06-14T04:54:12.897+0000] {taskinstance.py:1660} INFO - Exporting env vars: AIRFLOW_CTX_DAG_OWNER='***' AIRFLOW_CTX_DAG_ID='ecommerce_generate_order_process' AIRFLOW_CTX_TASK_ID='generate_order_process' AIRFLOW_CTX_EXECUTION_DATE='2025-06-14T04:53:12.130199+00:00' AIRFLOW_CTX_TRY_NUMBER='1' AIRFLOW_CTX_DAG_RUN_ID='scheduled__2025-06-14T04:53:12.130199+00:00'
[2025-06-14T04:54:12.917+0000] {logging_mixin.py:151} INFO - ----------------------------
[2025-06-14T04:54:12.917+0000] {logging_mixin.py:151} INFO - 353
[2025-06-14T04:54:12.917+0000] {logging_mixin.py:151} INFO - ----------------------------
[2025-06-14T04:54:12.931+0000] {logging_mixin.py:151} INFO - [(25, 2, Decimal('34.67'), Decimal('5.72'), Decimal('3.966248')), (46, 9, Decimal('279.46'), Decimal('19.12'), Decimal('480.894768')), (34, 5, Decimal('814.83'), Decimal('13.74'), Decimal('559.788210'))]
[2025-06-14T04:54:12.933+0000] {logging_mixin.py:151} INFO - [(255, 25, 2, Decimal('34.67'), Decimal('5.72'), Decimal('3.966248')), (255, 46, 9, Decimal('279.46'), Decimal('19.12'), Decimal('480.894768')), (255, 34, 5, Decimal('814.83'), Decimal('13.74'), Decimal('559.788210'))]
[2025-06-14T04:54:12.935+0000] {logging_mixin.py:151} INFO - Simulation completed successfully!
[2025-06-14T04:54:12.935+0000] {logging_mixin.py:151} INFO - 255
[2025-06-14T04:54:12.937+0000] {python.py:194} INFO - Done. Returned value was: 255
[2025-06-14T04:54:12.987+0000] {taskinstance.py:1398} INFO - Marking task as SUCCESS. dag_id=ecommerce_generate_order_process, task_id=generate_order_process, execution_date=20250614T045312, start_date=20250614T045412, end_date=20250614T045412
[2025-06-14T04:54:13.042+0000] {local_task_job_runner.py:228} INFO - Task exited with return code 0
[2025-06-14T04:54:13.085+0000] {taskinstance.py:2776} INFO - 1 downstream tasks scheduled from follow-on schedule check
