[2025-06-13T13:26:39.769+0000] {taskinstance.py:1157} INFO - Dependencies all met for dep_context=non-requeueable deps ti=<TaskInstance: ecommerce_generate_product.check_brand_generator_success scheduled__2025-06-01T00:00:00+00:00 [queued]>
[2025-06-13T13:26:39.778+0000] {taskinstance.py:1157} INFO - Dependencies all met for dep_context=requeueable deps ti=<TaskInstance: ecommerce_generate_product.check_brand_generator_success scheduled__2025-06-01T00:00:00+00:00 [queued]>
[2025-06-13T13:26:39.779+0000] {taskinstance.py:1359} INFO - Starting attempt 2 of 6
[2025-06-13T13:26:39.791+0000] {taskinstance.py:1380} INFO - Executing <Task(PythonOperator): check_brand_generator_success> on 2025-06-01 00:00:00+00:00
[2025-06-13T13:26:39.796+0000] {standard_task_runner.py:57} INFO - Started process 416 to run task
[2025-06-13T13:26:39.798+0000] {standard_task_runner.py:84} INFO - Running: ['***', 'tasks', 'run', 'ecommerce_generate_product', 'check_brand_generator_success', 'scheduled__2025-06-01T00:00:00+00:00', '--job-id', '22', '--raw', '--subdir', 'DAGS_FOLDER/generate_product.py', '--cfg-path', '/tmp/tmp4umo8i_m']
[2025-06-13T13:26:39.800+0000] {standard_task_runner.py:85} INFO - Job 22: Subtask check_brand_generator_success
[2025-06-13T13:26:39.861+0000] {task_command.py:415} INFO - Running <TaskInstance: ecommerce_generate_product.check_brand_generator_success scheduled__2025-06-01T00:00:00+00:00 [running]> on host 3ddb9b5ffd69
[2025-06-13T13:26:39.971+0000] {taskinstance.py:1660} INFO - Exporting env vars: AIRFLOW_CTX_DAG_OWNER='***' AIRFLOW_CTX_DAG_ID='ecommerce_generate_product' AIRFLOW_CTX_TASK_ID='check_brand_generator_success' AIRFLOW_CTX_EXECUTION_DATE='2025-06-01T00:00:00+00:00' AIRFLOW_CTX_TRY_NUMBER='2' AIRFLOW_CTX_DAG_RUN_ID='scheduled__2025-06-01T00:00:00+00:00'
[2025-06-13T13:26:39.986+0000] {python.py:194} INFO - Done. Returned value was: None
[2025-06-13T13:26:40.002+0000] {taskinstance.py:1398} INFO - Marking task as SUCCESS. dag_id=ecommerce_generate_product, task_id=check_brand_generator_success, execution_date=20250601T000000, start_date=20250613T132639, end_date=20250613T132640
[2025-06-13T13:26:40.050+0000] {local_task_job_runner.py:228} INFO - Task exited with return code 0
[2025-06-13T13:26:40.083+0000] {taskinstance.py:2776} INFO - 1 downstream tasks scheduled from follow-on schedule check
[2025-06-13T13:37:46.830+0000] {taskinstance.py:1157} INFO - Dependencies all met for dep_context=non-requeueable deps ti=<TaskInstance: ecommerce_generate_product.check_brand_generator_success scheduled__2025-06-01T00:00:00+00:00 [queued]>
[2025-06-13T13:37:46.837+0000] {taskinstance.py:1157} INFO - Dependencies all met for dep_context=requeueable deps ti=<TaskInstance: ecommerce_generate_product.check_brand_generator_success scheduled__2025-06-01T00:00:00+00:00 [queued]>
[2025-06-13T13:37:46.837+0000] {taskinstance.py:1359} INFO - Starting attempt 2 of 6
[2025-06-13T13:37:46.849+0000] {taskinstance.py:1380} INFO - Executing <Task(PythonOperator): check_brand_generator_success> on 2025-06-01 00:00:00+00:00
[2025-06-13T13:37:46.854+0000] {standard_task_runner.py:57} INFO - Started process 416 to run task
[2025-06-13T13:37:46.857+0000] {standard_task_runner.py:84} INFO - Running: ['***', 'tasks', 'run', 'ecommerce_generate_product', 'check_brand_generator_success', 'scheduled__2025-06-01T00:00:00+00:00', '--job-id', '22', '--raw', '--subdir', 'DAGS_FOLDER/generate_product.py', '--cfg-path', '/tmp/tmp62srl123']
[2025-06-13T13:37:46.860+0000] {standard_task_runner.py:85} INFO - Job 22: Subtask check_brand_generator_success
[2025-06-13T13:37:46.915+0000] {task_command.py:415} INFO - Running <TaskInstance: ecommerce_generate_product.check_brand_generator_success scheduled__2025-06-01T00:00:00+00:00 [running]> on host 76a309d19f9c
[2025-06-13T13:37:47.010+0000] {taskinstance.py:1660} INFO - Exporting env vars: AIRFLOW_CTX_DAG_OWNER='***' AIRFLOW_CTX_DAG_ID='ecommerce_generate_product' AIRFLOW_CTX_TASK_ID='check_brand_generator_success' AIRFLOW_CTX_EXECUTION_DATE='2025-06-01T00:00:00+00:00' AIRFLOW_CTX_TRY_NUMBER='2' AIRFLOW_CTX_DAG_RUN_ID='scheduled__2025-06-01T00:00:00+00:00'
[2025-06-13T13:37:47.026+0000] {python.py:194} INFO - Done. Returned value was: None
[2025-06-13T13:37:47.039+0000] {taskinstance.py:1398} INFO - Marking task as SUCCESS. dag_id=ecommerce_generate_product, task_id=check_brand_generator_success, execution_date=20250601T000000, start_date=20250613T133746, end_date=20250613T133747
[2025-06-13T13:37:47.069+0000] {local_task_job_runner.py:228} INFO - Task exited with return code 0
[2025-06-13T13:37:47.098+0000] {taskinstance.py:2776} INFO - 1 downstream tasks scheduled from follow-on schedule check
[2025-06-13T13:43:50.283+0000] {taskinstance.py:1157} INFO - Dependencies all met for dep_context=non-requeueable deps ti=<TaskInstance: ecommerce_generate_product.check_brand_generator_success scheduled__2025-06-01T00:00:00+00:00 [queued]>
[2025-06-13T13:43:50.292+0000] {taskinstance.py:1157} INFO - Dependencies all met for dep_context=requeueable deps ti=<TaskInstance: ecommerce_generate_product.check_brand_generator_success scheduled__2025-06-01T00:00:00+00:00 [queued]>
[2025-06-13T13:43:50.292+0000] {taskinstance.py:1359} INFO - Starting attempt 2 of 6
[2025-06-13T13:43:50.306+0000] {taskinstance.py:1380} INFO - Executing <Task(PythonOperator): check_brand_generator_success> on 2025-06-01 00:00:00+00:00
[2025-06-13T13:43:50.314+0000] {standard_task_runner.py:57} INFO - Started process 416 to run task
[2025-06-13T13:43:50.316+0000] {standard_task_runner.py:84} INFO - Running: ['***', 'tasks', 'run', 'ecommerce_generate_product', 'check_brand_generator_success', 'scheduled__2025-06-01T00:00:00+00:00', '--job-id', '22', '--raw', '--subdir', 'DAGS_FOLDER/generate_product.py', '--cfg-path', '/tmp/tmpgg6qar8p']
[2025-06-13T13:43:50.319+0000] {standard_task_runner.py:85} INFO - Job 22: Subtask check_brand_generator_success
[2025-06-13T13:43:50.381+0000] {task_command.py:415} INFO - Running <TaskInstance: ecommerce_generate_product.check_brand_generator_success scheduled__2025-06-01T00:00:00+00:00 [running]> on host 4821ab4d0de9
[2025-06-13T13:43:50.485+0000] {taskinstance.py:1660} INFO - Exporting env vars: AIRFLOW_CTX_DAG_OWNER='***' AIRFLOW_CTX_DAG_ID='ecommerce_generate_product' AIRFLOW_CTX_TASK_ID='check_brand_generator_success' AIRFLOW_CTX_EXECUTION_DATE='2025-06-01T00:00:00+00:00' AIRFLOW_CTX_TRY_NUMBER='2' AIRFLOW_CTX_DAG_RUN_ID='scheduled__2025-06-01T00:00:00+00:00'
[2025-06-13T13:43:50.501+0000] {python.py:194} INFO - Done. Returned value was: None
[2025-06-13T13:43:50.517+0000] {taskinstance.py:1398} INFO - Marking task as SUCCESS. dag_id=ecommerce_generate_product, task_id=check_brand_generator_success, execution_date=20250601T000000, start_date=20250613T134350, end_date=20250613T134350
[2025-06-13T13:43:50.568+0000] {local_task_job_runner.py:228} INFO - Task exited with return code 0
[2025-06-13T13:43:50.601+0000] {taskinstance.py:2776} INFO - 1 downstream tasks scheduled from follow-on schedule check
[2025-06-13T13:56:11.198+0000] {taskinstance.py:1157} INFO - Dependencies all met for dep_context=non-requeueable deps ti=<TaskInstance: ecommerce_generate_product.check_brand_generator_success scheduled__2025-06-01T00:00:00+00:00 [queued]>
[2025-06-13T13:56:11.207+0000] {taskinstance.py:1157} INFO - Dependencies all met for dep_context=requeueable deps ti=<TaskInstance: ecommerce_generate_product.check_brand_generator_success scheduled__2025-06-01T00:00:00+00:00 [queued]>
[2025-06-13T13:56:11.207+0000] {taskinstance.py:1359} INFO - Starting attempt 2 of 6
[2025-06-13T13:56:11.219+0000] {taskinstance.py:1380} INFO - Executing <Task(PythonOperator): check_brand_generator_success> on 2025-06-01 00:00:00+00:00
[2025-06-13T13:56:11.225+0000] {standard_task_runner.py:57} INFO - Started process 422 to run task
[2025-06-13T13:56:11.227+0000] {standard_task_runner.py:84} INFO - Running: ['***', 'tasks', 'run', 'ecommerce_generate_product', 'check_brand_generator_success', 'scheduled__2025-06-01T00:00:00+00:00', '--job-id', '25', '--raw', '--subdir', 'DAGS_FOLDER/generate_product.py', '--cfg-path', '/tmp/tmpi8456sso']
[2025-06-13T13:56:11.229+0000] {standard_task_runner.py:85} INFO - Job 25: Subtask check_brand_generator_success
[2025-06-13T13:56:11.284+0000] {task_command.py:415} INFO - Running <TaskInstance: ecommerce_generate_product.check_brand_generator_success scheduled__2025-06-01T00:00:00+00:00 [running]> on host f1d84043854e
[2025-06-13T13:56:11.379+0000] {taskinstance.py:1660} INFO - Exporting env vars: AIRFLOW_CTX_DAG_OWNER='***' AIRFLOW_CTX_DAG_ID='ecommerce_generate_product' AIRFLOW_CTX_TASK_ID='check_brand_generator_success' AIRFLOW_CTX_EXECUTION_DATE='2025-06-01T00:00:00+00:00' AIRFLOW_CTX_TRY_NUMBER='2' AIRFLOW_CTX_DAG_RUN_ID='scheduled__2025-06-01T00:00:00+00:00'
[2025-06-13T13:56:11.393+0000] {python.py:194} INFO - Done. Returned value was: None
[2025-06-13T13:56:11.408+0000] {taskinstance.py:1398} INFO - Marking task as SUCCESS. dag_id=ecommerce_generate_product, task_id=check_brand_generator_success, execution_date=20250601T000000, start_date=20250613T135611, end_date=20250613T135611
[2025-06-13T13:56:11.439+0000] {local_task_job_runner.py:228} INFO - Task exited with return code 0
[2025-06-13T13:56:11.469+0000] {taskinstance.py:2776} INFO - 1 downstream tasks scheduled from follow-on schedule check
[2025-06-13T14:10:46.998+0000] {taskinstance.py:1157} INFO - Dependencies all met for dep_context=non-requeueable deps ti=<TaskInstance: ecommerce_generate_product.check_brand_generator_success scheduled__2025-06-01T00:00:00+00:00 [queued]>
[2025-06-13T14:10:47.006+0000] {taskinstance.py:1157} INFO - Dependencies all met for dep_context=requeueable deps ti=<TaskInstance: ecommerce_generate_product.check_brand_generator_success scheduled__2025-06-01T00:00:00+00:00 [queued]>
[2025-06-13T14:10:47.006+0000] {taskinstance.py:1359} INFO - Starting attempt 2 of 6
[2025-06-13T14:10:47.017+0000] {taskinstance.py:1380} INFO - Executing <Task(PythonOperator): check_brand_generator_success> on 2025-06-01 00:00:00+00:00
[2025-06-13T14:10:47.022+0000] {standard_task_runner.py:57} INFO - Started process 416 to run task
[2025-06-13T14:10:47.025+0000] {standard_task_runner.py:84} INFO - Running: ['***', 'tasks', 'run', 'ecommerce_generate_product', 'check_brand_generator_success', 'scheduled__2025-06-01T00:00:00+00:00', '--job-id', '22', '--raw', '--subdir', 'DAGS_FOLDER/generate_product.py', '--cfg-path', '/tmp/tmpixtn43j8']
[2025-06-13T14:10:47.027+0000] {standard_task_runner.py:85} INFO - Job 22: Subtask check_brand_generator_success
[2025-06-13T14:10:47.083+0000] {task_command.py:415} INFO - Running <TaskInstance: ecommerce_generate_product.check_brand_generator_success scheduled__2025-06-01T00:00:00+00:00 [running]> on host 3bda607c6347
[2025-06-13T14:10:47.176+0000] {taskinstance.py:1660} INFO - Exporting env vars: AIRFLOW_CTX_DAG_OWNER='***' AIRFLOW_CTX_DAG_ID='ecommerce_generate_product' AIRFLOW_CTX_TASK_ID='check_brand_generator_success' AIRFLOW_CTX_EXECUTION_DATE='2025-06-01T00:00:00+00:00' AIRFLOW_CTX_TRY_NUMBER='2' AIRFLOW_CTX_DAG_RUN_ID='scheduled__2025-06-01T00:00:00+00:00'
[2025-06-13T14:10:47.190+0000] {python.py:194} INFO - Done. Returned value was: None
[2025-06-13T14:10:47.204+0000] {taskinstance.py:1398} INFO - Marking task as SUCCESS. dag_id=ecommerce_generate_product, task_id=check_brand_generator_success, execution_date=20250601T000000, start_date=20250613T141046, end_date=20250613T141047
[2025-06-13T14:10:47.237+0000] {local_task_job_runner.py:228} INFO - Task exited with return code 0
[2025-06-13T14:10:47.267+0000] {taskinstance.py:2776} INFO - 1 downstream tasks scheduled from follow-on schedule check
[2025-06-13T15:52:56.231+0000] {taskinstance.py:1157} INFO - Dependencies all met for dep_context=non-requeueable deps ti=<TaskInstance: ecommerce_generate_product.check_brand_generator_success scheduled__2025-06-01T00:00:00+00:00 [queued]>
[2025-06-13T15:52:56.249+0000] {taskinstance.py:1157} INFO - Dependencies all met for dep_context=requeueable deps ti=<TaskInstance: ecommerce_generate_product.check_brand_generator_success scheduled__2025-06-01T00:00:00+00:00 [queued]>
[2025-06-13T15:52:56.249+0000] {taskinstance.py:1359} INFO - Starting attempt 2 of 6
[2025-06-13T15:52:56.269+0000] {taskinstance.py:1380} INFO - Executing <Task(PythonOperator): check_brand_generator_success> on 2025-06-01 00:00:00+00:00
[2025-06-13T15:52:56.276+0000] {standard_task_runner.py:57} INFO - Started process 415 to run task
[2025-06-13T15:52:56.280+0000] {standard_task_runner.py:84} INFO - Running: ['***', 'tasks', 'run', 'ecommerce_generate_product', 'check_brand_generator_success', 'scheduled__2025-06-01T00:00:00+00:00', '--job-id', '22', '--raw', '--subdir', 'DAGS_FOLDER/generate_product.py', '--cfg-path', '/tmp/tmpe52dee4t']
[2025-06-13T15:52:56.283+0000] {standard_task_runner.py:85} INFO - Job 22: Subtask check_brand_generator_success
[2025-06-13T15:52:56.377+0000] {task_command.py:415} INFO - Running <TaskInstance: ecommerce_generate_product.check_brand_generator_success scheduled__2025-06-01T00:00:00+00:00 [running]> on host 3498b866135e
[2025-06-13T15:52:56.546+0000] {taskinstance.py:1660} INFO - Exporting env vars: AIRFLOW_CTX_DAG_OWNER='***' AIRFLOW_CTX_DAG_ID='ecommerce_generate_product' AIRFLOW_CTX_TASK_ID='check_brand_generator_success' AIRFLOW_CTX_EXECUTION_DATE='2025-06-01T00:00:00+00:00' AIRFLOW_CTX_TRY_NUMBER='2' AIRFLOW_CTX_DAG_RUN_ID='scheduled__2025-06-01T00:00:00+00:00'
[2025-06-13T15:52:56.570+0000] {python.py:194} INFO - Done. Returned value was: None
[2025-06-13T15:52:56.600+0000] {taskinstance.py:1398} INFO - Marking task as SUCCESS. dag_id=ecommerce_generate_product, task_id=check_brand_generator_success, execution_date=20250601T000000, start_date=20250613T155256, end_date=20250613T155256
[2025-06-13T15:52:56.652+0000] {local_task_job_runner.py:228} INFO - Task exited with return code 0
[2025-06-13T15:52:56.770+0000] {taskinstance.py:2776} INFO - 1 downstream tasks scheduled from follow-on schedule check
