[2025-06-14T04:04:13.263+0000] {taskinstance.py:1157} INFO - Dependencies all met for dep_context=non-requeueable deps ti=<TaskInstance: ecommerce_generate_order_process.generate_order_process scheduled__2025-06-14T04:03:12.130199+00:00 [queued]>
[2025-06-14T04:04:13.272+0000] {taskinstance.py:1157} INFO - Dependencies all met for dep_context=requeueable deps ti=<TaskInstance: ecommerce_generate_order_process.generate_order_process scheduled__2025-06-14T04:03:12.130199+00:00 [queued]>
[2025-06-14T04:04:13.272+0000] {taskinstance.py:1359} INFO - Starting attempt 1 of 6
[2025-06-14T04:04:13.285+0000] {taskinstance.py:1380} INFO - Executing <Task(_PythonDecoratedOperator): generate_order_process> on 2025-06-14 04:03:12.130199+00:00
[2025-06-14T04:04:13.290+0000] {standard_task_runner.py:57} INFO - Started process 11956 to run task
[2025-06-14T04:04:13.293+0000] {standard_task_runner.py:84} INFO - Running: ['***', 'tasks', 'run', 'ecommerce_generate_order_process', 'generate_order_process', 'scheduled__2025-06-14T04:03:12.130199+00:00', '--job-id', '1049', '--raw', '--subdir', 'DAGS_FOLDER/generate_order_process.py', '--cfg-path', '/tmp/tmp_zvxz4mz']
[2025-06-14T04:04:13.295+0000] {standard_task_runner.py:85} INFO - Job 1049: Subtask generate_order_process
[2025-06-14T04:04:13.352+0000] {task_command.py:415} INFO - Running <TaskInstance: ecommerce_generate_order_process.generate_order_process scheduled__2025-06-14T04:03:12.130199+00:00 [running]> on host 3498b866135e
[2025-06-14T04:04:13.459+0000] {taskinstance.py:1660} INFO - Exporting env vars: AIRFLOW_CTX_DAG_OWNER='***' AIRFLOW_CTX_DAG_ID='ecommerce_generate_order_process' AIRFLOW_CTX_TASK_ID='generate_order_process' AIRFLOW_CTX_EXECUTION_DATE='2025-06-14T04:03:12.130199+00:00' AIRFLOW_CTX_TRY_NUMBER='1' AIRFLOW_CTX_DAG_RUN_ID='scheduled__2025-06-14T04:03:12.130199+00:00'
[2025-06-14T04:04:13.474+0000] {logging_mixin.py:151} INFO - ----------------------------
[2025-06-14T04:04:13.474+0000] {logging_mixin.py:151} INFO - 240
[2025-06-14T04:04:13.474+0000] {logging_mixin.py:151} INFO - ----------------------------
[2025-06-14T04:04:13.482+0000] {logging_mixin.py:151} INFO - [(28, 7, Decimal('799.39'), Decimal('3.53'), Decimal('197.529269')), (46, 9, Decimal('279.46'), Decimal('19.12'), Decimal('480.894768')), (25, 2, Decimal('34.67'), Decimal('5.72'), Decimal('3.966248')), (38, 4, Decimal('79.94'), Decimal('0.52'), Decimal('1.662752')), (44, 3, Decimal('20.44'), Decimal('5.09'), Decimal('3.121188')), (6, 1, Decimal('721.46'), Decimal('1.60'), Decimal('11.54336')), (42, 4, Decimal('408.31'), Decimal('15.66'), Decimal('255.765384')), (32, 8, Decimal('133.92'), Decimal('4.07'), Decimal('43.604352')), (37, 7, Decimal('892.19'), Decimal('4.68'), Decimal('292.281444')), (22, 1, Decimal('429.81'), Decimal('5.21'), Decimal('22.393101'))]
[2025-06-14T04:04:13.484+0000] {logging_mixin.py:151} INFO - [(205, 28, 7, Decimal('799.39'), Decimal('3.53'), Decimal('197.529269')), (205, 46, 9, Decimal('279.46'), Decimal('19.12'), Decimal('480.894768')), (205, 25, 2, Decimal('34.67'), Decimal('5.72'), Decimal('3.966248')), (205, 38, 4, Decimal('79.94'), Decimal('0.52'), Decimal('1.662752')), (205, 44, 3, Decimal('20.44'), Decimal('5.09'), Decimal('3.121188')), (205, 6, 1, Decimal('721.46'), Decimal('1.60'), Decimal('11.54336')), (205, 42, 4, Decimal('408.31'), Decimal('15.66'), Decimal('255.765384')), (205, 32, 8, Decimal('133.92'), Decimal('4.07'), Decimal('43.604352')), (205, 37, 7, Decimal('892.19'), Decimal('4.68'), Decimal('292.281444')), (205, 22, 1, Decimal('429.81'), Decimal('5.21'), Decimal('22.393101'))]
[2025-06-14T04:04:13.486+0000] {logging_mixin.py:151} INFO - Simulation completed successfully!
[2025-06-14T04:04:13.486+0000] {logging_mixin.py:151} INFO - 205
[2025-06-14T04:04:13.486+0000] {python.py:194} INFO - Done. Returned value was: 205
[2025-06-14T04:04:13.522+0000] {taskinstance.py:1398} INFO - Marking task as SUCCESS. dag_id=ecommerce_generate_order_process, task_id=generate_order_process, execution_date=20250614T040312, start_date=20250614T040413, end_date=20250614T040413
[2025-06-14T04:04:13.545+0000] {local_task_job_runner.py:228} INFO - Task exited with return code 0
[2025-06-14T04:04:13.573+0000] {taskinstance.py:2776} INFO - 1 downstream tasks scheduled from follow-on schedule check
