[2025-06-13T16:31:33.128+0000] {taskinstance.py:1157} INFO - Dependencies all met for dep_context=non-requeueable deps ti=<TaskInstance: ecommerce_generate_order_process.generate_order_process scheduled__2025-06-13T16:30:31.706122+00:00 [queued]>
[2025-06-13T16:31:33.143+0000] {taskinstance.py:1157} INFO - Dependencies all met for dep_context=requeueable deps ti=<TaskInstance: ecommerce_generate_order_process.generate_order_process scheduled__2025-06-13T16:30:31.706122+00:00 [queued]>
[2025-06-13T16:31:33.143+0000] {taskinstance.py:1359} INFO - Starting attempt 1 of 6
[2025-06-13T16:31:33.168+0000] {taskinstance.py:1380} INFO - Executing <Task(_PythonDecoratedOperator): generate_order_process> on 2025-06-13 16:30:31.706122+00:00
[2025-06-13T16:31:33.178+0000] {standard_task_runner.py:57} INFO - Started process 3791 to run task
[2025-06-13T16:31:33.182+0000] {standard_task_runner.py:84} INFO - Running: ['***', 'tasks', 'run', 'ecommerce_generate_order_process', 'generate_order_process', 'scheduled__2025-06-13T16:30:31.706122+00:00', '--job-id', '230', '--raw', '--subdir', 'DAGS_FOLDER/generate_order_process.py', '--cfg-path', '/tmp/tmpccl_vi40']
[2025-06-13T16:31:33.185+0000] {standard_task_runner.py:85} INFO - Job 230: Subtask generate_order_process
[2025-06-13T16:31:33.313+0000] {task_command.py:415} INFO - Running <TaskInstance: ecommerce_generate_order_process.generate_order_process scheduled__2025-06-13T16:30:31.706122+00:00 [running]> on host 3498b866135e
[2025-06-13T16:31:33.529+0000] {taskinstance.py:1660} INFO - Exporting env vars: AIRFLOW_CTX_DAG_OWNER='***' AIRFLOW_CTX_DAG_ID='ecommerce_generate_order_process' AIRFLOW_CTX_TASK_ID='generate_order_process' AIRFLOW_CTX_EXECUTION_DATE='2025-06-13T16:30:31.706122+00:00' AIRFLOW_CTX_TRY_NUMBER='1' AIRFLOW_CTX_DAG_RUN_ID='scheduled__2025-06-13T16:30:31.706122+00:00'
[2025-06-13T16:31:33.551+0000] {logging_mixin.py:151} INFO - ----------------------------
[2025-06-13T16:31:33.552+0000] {logging_mixin.py:151} INFO - 16
[2025-06-13T16:31:33.552+0000] {logging_mixin.py:151} INFO - ----------------------------
[2025-06-13T16:31:33.563+0000] {logging_mixin.py:151} INFO - [(2, 1, Decimal('925.46'), Decimal('2.62'), Decimal('24.247052')), (11, 4, Decimal('668.03'), Decimal('3.23'), Decimal('86.309476')), (17, 1, Decimal('207.60'), Decimal('14.70'), Decimal('30.51720')), (23, 1, Decimal('521.30'), Decimal('16.80'), Decimal('87.57840')), (1, 1, Decimal('802.42'), Decimal('3.53'), Decimal('28.325426')), (5, 8, Decimal('699.65'), Decimal('8.21'), Decimal('459.530120'))]
[2025-06-13T16:31:33.567+0000] {logging_mixin.py:151} INFO - [(44, 2, 1, Decimal('925.46'), Decimal('2.62'), Decimal('24.247052')), (44, 11, 4, Decimal('668.03'), Decimal('3.23'), Decimal('86.309476')), (44, 17, 1, Decimal('207.60'), Decimal('14.70'), Decimal('30.51720')), (44, 23, 1, Decimal('521.30'), Decimal('16.80'), Decimal('87.57840')), (44, 1, 1, Decimal('802.42'), Decimal('3.53'), Decimal('28.325426')), (44, 5, 8, Decimal('699.65'), Decimal('8.21'), Decimal('459.530120'))]
[2025-06-13T16:31:33.568+0000] {logging_mixin.py:151} INFO - Simulation completed successfully!
[2025-06-13T16:31:33.569+0000] {logging_mixin.py:151} INFO - 44
[2025-06-13T16:31:33.569+0000] {python.py:194} INFO - Done. Returned value was: 44
[2025-06-13T16:31:33.625+0000] {taskinstance.py:1398} INFO - Marking task as SUCCESS. dag_id=ecommerce_generate_order_process, task_id=generate_order_process, execution_date=20250613T163031, start_date=20250613T163133, end_date=20250613T163133
[2025-06-13T16:31:33.674+0000] {local_task_job_runner.py:228} INFO - Task exited with return code 0
[2025-06-13T16:31:33.752+0000] {taskinstance.py:2776} INFO - 1 downstream tasks scheduled from follow-on schedule check
