[2025-06-14T02:56:13.529+0000] {taskinstance.py:1157} INFO - Dependencies all met for dep_context=non-requeueable deps ti=<TaskInstance: ecommerce_generate_order_process.generate_order_process scheduled__2025-06-14T02:55:12.033460+00:00 [queued]>
[2025-06-14T02:56:13.538+0000] {taskinstance.py:1157} INFO - Dependencies all met for dep_context=requeueable deps ti=<TaskInstance: ecommerce_generate_order_process.generate_order_process scheduled__2025-06-14T02:55:12.033460+00:00 [queued]>
[2025-06-14T02:56:13.538+0000] {taskinstance.py:1359} INFO - Starting attempt 1 of 6
[2025-06-14T02:56:13.550+0000] {taskinstance.py:1380} INFO - Executing <Task(_PythonDecoratedOperator): generate_order_process> on 2025-06-14 02:55:12.033460+00:00
[2025-06-14T02:56:13.556+0000] {standard_task_runner.py:57} INFO - Started process 5956 to run task
[2025-06-14T02:56:13.559+0000] {standard_task_runner.py:84} INFO - Running: ['***', 'tasks', 'run', 'ecommerce_generate_order_process', 'generate_order_process', 'scheduled__2025-06-14T02:55:12.033460+00:00', '--job-id', '709', '--raw', '--subdir', 'DAGS_FOLDER/generate_order_process.py', '--cfg-path', '/tmp/tmppb1zxzwa']
[2025-06-14T02:56:13.561+0000] {standard_task_runner.py:85} INFO - Job 709: Subtask generate_order_process
[2025-06-14T02:56:13.622+0000] {task_command.py:415} INFO - Running <TaskInstance: ecommerce_generate_order_process.generate_order_process scheduled__2025-06-14T02:55:12.033460+00:00 [running]> on host 3498b866135e
[2025-06-14T02:56:13.734+0000] {taskinstance.py:1660} INFO - Exporting env vars: AIRFLOW_CTX_DAG_OWNER='***' AIRFLOW_CTX_DAG_ID='ecommerce_generate_order_process' AIRFLOW_CTX_TASK_ID='generate_order_process' AIRFLOW_CTX_EXECUTION_DATE='2025-06-14T02:55:12.033460+00:00' AIRFLOW_CTX_TRY_NUMBER='1' AIRFLOW_CTX_DAG_RUN_ID='scheduled__2025-06-14T02:55:12.033460+00:00'
[2025-06-14T02:56:13.749+0000] {logging_mixin.py:151} INFO - ----------------------------
[2025-06-14T02:56:13.749+0000] {logging_mixin.py:151} INFO - 255
[2025-06-14T02:56:13.749+0000] {logging_mixin.py:151} INFO - ----------------------------
[2025-06-14T02:56:13.757+0000] {logging_mixin.py:151} INFO - [(32, 8, Decimal('133.92'), Decimal('4.07'), Decimal('43.604352')), (13, 4, Decimal('411.98'), Decimal('16.77'), Decimal('276.356184')), (43, 8, Decimal('746.10'), Decimal('4.92'), Decimal('293.664960'))]
[2025-06-14T02:56:13.758+0000] {logging_mixin.py:151} INFO - [(137, 32, 8, Decimal('133.92'), Decimal('4.07'), Decimal('43.604352')), (137, 13, 4, Decimal('411.98'), Decimal('16.77'), Decimal('276.356184')), (137, 43, 8, Decimal('746.10'), Decimal('4.92'), Decimal('293.664960'))]
[2025-06-14T02:56:13.759+0000] {logging_mixin.py:151} INFO - Simulation completed successfully!
[2025-06-14T02:56:13.759+0000] {logging_mixin.py:151} INFO - 137
[2025-06-14T02:56:13.759+0000] {python.py:194} INFO - Done. Returned value was: 137
[2025-06-14T02:56:13.797+0000] {taskinstance.py:1398} INFO - Marking task as SUCCESS. dag_id=ecommerce_generate_order_process, task_id=generate_order_process, execution_date=20250614T025512, start_date=20250614T025613, end_date=20250614T025613
[2025-06-14T02:56:13.851+0000] {local_task_job_runner.py:228} INFO - Task exited with return code 0
[2025-06-14T02:56:13.878+0000] {taskinstance.py:2776} INFO - 1 downstream tasks scheduled from follow-on schedule check
