[2025-06-13T16:19:32.851+0000] {taskinstance.py:1157} INFO - Dependencies all met for dep_context=non-requeueable deps ti=<TaskInstance: ecommerce_generate_order_process.generate_order_process scheduled__2025-06-13T16:18:31.606904+00:00 [queued]>
[2025-06-13T16:19:32.879+0000] {taskinstance.py:1157} INFO - Dependencies all met for dep_context=requeueable deps ti=<TaskInstance: ecommerce_generate_order_process.generate_order_process scheduled__2025-06-13T16:18:31.606904+00:00 [queued]>
[2025-06-13T16:19:32.880+0000] {taskinstance.py:1359} INFO - Starting attempt 1 of 6
[2025-06-13T16:19:32.921+0000] {taskinstance.py:1380} INFO - Executing <Task(_PythonDecoratedOperator): generate_order_process> on 2025-06-13 16:18:31.606904+00:00
[2025-06-13T16:19:32.937+0000] {standard_task_runner.py:57} INFO - Started process 2751 to run task
[2025-06-13T16:19:32.944+0000] {standard_task_runner.py:84} INFO - Running: ['***', 'tasks', 'run', 'ecommerce_generate_order_process', 'generate_order_process', 'scheduled__2025-06-13T16:18:31.606904+00:00', '--job-id', '170', '--raw', '--subdir', 'DAGS_FOLDER/generate_order_process.py', '--cfg-path', '/tmp/tmplbpa9251']
[2025-06-13T16:19:32.951+0000] {standard_task_runner.py:85} INFO - Job 170: Subtask generate_order_process
[2025-06-13T16:19:33.159+0000] {task_command.py:415} INFO - Running <TaskInstance: ecommerce_generate_order_process.generate_order_process scheduled__2025-06-13T16:18:31.606904+00:00 [running]> on host 3498b866135e
[2025-06-13T16:19:33.513+0000] {taskinstance.py:1660} INFO - Exporting env vars: AIRFLOW_CTX_DAG_OWNER='***' AIRFLOW_CTX_DAG_ID='ecommerce_generate_order_process' AIRFLOW_CTX_TASK_ID='generate_order_process' AIRFLOW_CTX_EXECUTION_DATE='2025-06-13T16:18:31.606904+00:00' AIRFLOW_CTX_TRY_NUMBER='1' AIRFLOW_CTX_DAG_RUN_ID='scheduled__2025-06-13T16:18:31.606904+00:00'
[2025-06-13T16:19:33.559+0000] {logging_mixin.py:151} INFO - ----------------------------
[2025-06-13T16:19:33.559+0000] {logging_mixin.py:151} INFO - 53
[2025-06-13T16:19:33.560+0000] {logging_mixin.py:151} INFO - ----------------------------
[2025-06-13T16:19:33.579+0000] {logging_mixin.py:151} INFO - [(24, 1, Decimal('387.14'), Decimal('4.66'), Decimal('18.040724')), (19, 8, Decimal('665.31'), Decimal('4.02'), Decimal('213.963696')), (5, 8, Decimal('699.65'), Decimal('8.21'), Decimal('459.530120')), (20, 8, Decimal('841.06'), Decimal('11.60'), Decimal('780.50368')), (6, 1, Decimal('721.46'), Decimal('1.60'), Decimal('11.54336')), (3, 7, Decimal('946.29'), Decimal('2.59'), Decimal('171.562377')), (8, 1, Decimal('130.57'), Decimal('13.94'), Decimal('18.201458')), (18, 9, Decimal('697.86'), Decimal('6.91'), Decimal('433.999134')), (13, 4, Decimal('411.98'), Decimal('16.77'), Decimal('276.356184'))]
[2025-06-13T16:19:33.585+0000] {logging_mixin.py:151} INFO - [(32, 24, 1, Decimal('387.14'), Decimal('4.66'), Decimal('18.040724')), (32, 19, 8, Decimal('665.31'), Decimal('4.02'), Decimal('213.963696')), (32, 5, 8, Decimal('699.65'), Decimal('8.21'), Decimal('459.530120')), (32, 20, 8, Decimal('841.06'), Decimal('11.60'), Decimal('780.50368')), (32, 6, 1, Decimal('721.46'), Decimal('1.60'), Decimal('11.54336')), (32, 3, 7, Decimal('946.29'), Decimal('2.59'), Decimal('171.562377')), (32, 8, 1, Decimal('130.57'), Decimal('13.94'), Decimal('18.201458')), (32, 18, 9, Decimal('697.86'), Decimal('6.91'), Decimal('433.999134')), (32, 13, 4, Decimal('411.98'), Decimal('16.77'), Decimal('276.356184'))]
[2025-06-13T16:19:33.587+0000] {logging_mixin.py:151} INFO - Simulation completed successfully!
[2025-06-13T16:19:33.588+0000] {logging_mixin.py:151} INFO - 32
[2025-06-13T16:19:33.588+0000] {python.py:194} INFO - Done. Returned value was: 32
[2025-06-13T16:19:33.698+0000] {taskinstance.py:1398} INFO - Marking task as SUCCESS. dag_id=ecommerce_generate_order_process, task_id=generate_order_process, execution_date=20250613T161831, start_date=20250613T161932, end_date=20250613T161933
[2025-06-13T16:19:33.758+0000] {local_task_job_runner.py:228} INFO - Task exited with return code 0
[2025-06-13T16:19:33.848+0000] {taskinstance.py:2776} INFO - 1 downstream tasks scheduled from follow-on schedule check
