[2025-06-14T04:30:12.615+0000] {taskinstance.py:1157} INFO - Dependencies all met for dep_context=non-requeueable deps ti=<TaskInstance: ecommerce_generate_order_process.generate_order_process scheduled__2025-06-14T04:29:12.130199+00:00 [queued]>
[2025-06-14T04:30:12.621+0000] {taskinstance.py:1157} INFO - Dependencies all met for dep_context=requeueable deps ti=<TaskInstance: ecommerce_generate_order_process.generate_order_process scheduled__2025-06-14T04:29:12.130199+00:00 [queued]>
[2025-06-14T04:30:12.621+0000] {taskinstance.py:1359} INFO - Starting attempt 1 of 6
[2025-06-14T04:30:12.631+0000] {taskinstance.py:1380} INFO - Executing <Task(_PythonDecoratedOperator): generate_order_process> on 2025-06-14 04:29:12.130199+00:00
[2025-06-14T04:30:12.636+0000] {standard_task_runner.py:57} INFO - Started process 14256 to run task
[2025-06-14T04:30:12.638+0000] {standard_task_runner.py:84} INFO - Running: ['***', 'tasks', 'run', 'ecommerce_generate_order_process', 'generate_order_process', 'scheduled__2025-06-14T04:29:12.130199+00:00', '--job-id', '1179', '--raw', '--subdir', 'DAGS_FOLDER/generate_order_process.py', '--cfg-path', '/tmp/tmpulws0vk8']
[2025-06-14T04:30:12.640+0000] {standard_task_runner.py:85} INFO - Job 1179: Subtask generate_order_process
[2025-06-14T04:30:12.688+0000] {task_command.py:415} INFO - Running <TaskInstance: ecommerce_generate_order_process.generate_order_process scheduled__2025-06-14T04:29:12.130199+00:00 [running]> on host 3498b866135e
[2025-06-14T04:30:12.775+0000] {taskinstance.py:1660} INFO - Exporting env vars: AIRFLOW_CTX_DAG_OWNER='***' AIRFLOW_CTX_DAG_ID='ecommerce_generate_order_process' AIRFLOW_CTX_TASK_ID='generate_order_process' AIRFLOW_CTX_EXECUTION_DATE='2025-06-14T04:29:12.130199+00:00' AIRFLOW_CTX_TRY_NUMBER='1' AIRFLOW_CTX_DAG_RUN_ID='scheduled__2025-06-14T04:29:12.130199+00:00'
[2025-06-14T04:30:12.787+0000] {logging_mixin.py:151} INFO - ----------------------------
[2025-06-14T04:30:12.787+0000] {logging_mixin.py:151} INFO - 294
[2025-06-14T04:30:12.788+0000] {logging_mixin.py:151} INFO - ----------------------------
[2025-06-14T04:30:12.793+0000] {logging_mixin.py:151} INFO - [(15, 7, Decimal('523.55'), Decimal('19.06'), Decimal('698.520410')), (38, 4, Decimal('79.94'), Decimal('0.52'), Decimal('1.662752')), (33, 9, Decimal('508.62'), Decimal('3.37'), Decimal('154.264446'))]
[2025-06-14T04:30:12.794+0000] {logging_mixin.py:151} INFO - [(231, 15, 7, Decimal('523.55'), Decimal('19.06'), Decimal('698.520410')), (231, 38, 4, Decimal('79.94'), Decimal('0.52'), Decimal('1.662752')), (231, 33, 9, Decimal('508.62'), Decimal('3.37'), Decimal('154.264446'))]
[2025-06-14T04:30:12.795+0000] {logging_mixin.py:151} INFO - Simulation completed successfully!
[2025-06-14T04:30:12.795+0000] {logging_mixin.py:151} INFO - 231
[2025-06-14T04:30:12.795+0000] {python.py:194} INFO - Done. Returned value was: 231
[2025-06-14T04:30:12.825+0000] {taskinstance.py:1398} INFO - Marking task as SUCCESS. dag_id=ecommerce_generate_order_process, task_id=generate_order_process, execution_date=20250614T042912, start_date=20250614T043012, end_date=20250614T043012
[2025-06-14T04:30:12.850+0000] {local_task_job_runner.py:228} INFO - Task exited with return code 0
[2025-06-14T04:30:12.873+0000] {taskinstance.py:2776} INFO - 1 downstream tasks scheduled from follow-on schedule check
