[2025-06-14T02:36:12.828+0000] {taskinstance.py:1157} INFO - Dependencies all met for dep_context=non-requeueable deps ti=<TaskInstance: ecommerce_generate_order_process.generate_order_process scheduled__2025-06-14T02:35:12.033460+00:00 [queued]>
[2025-06-14T02:36:12.834+0000] {taskinstance.py:1157} INFO - Dependencies all met for dep_context=requeueable deps ti=<TaskInstance: ecommerce_generate_order_process.generate_order_process scheduled__2025-06-14T02:35:12.033460+00:00 [queued]>
[2025-06-14T02:36:12.835+0000] {taskinstance.py:1359} INFO - Starting attempt 1 of 6
[2025-06-14T02:36:12.845+0000] {taskinstance.py:1380} INFO - Executing <Task(_PythonDecoratedOperator): generate_order_process> on 2025-06-14 02:35:12.033460+00:00
[2025-06-14T02:36:12.850+0000] {standard_task_runner.py:57} INFO - Started process 4196 to run task
[2025-06-14T02:36:12.852+0000] {standard_task_runner.py:84} INFO - Running: ['***', 'tasks', 'run', 'ecommerce_generate_order_process', 'generate_order_process', 'scheduled__2025-06-14T02:35:12.033460+00:00', '--job-id', '609', '--raw', '--subdir', 'DAGS_FOLDER/generate_order_process.py', '--cfg-path', '/tmp/tmpizi_rr9p']
[2025-06-14T02:36:12.854+0000] {standard_task_runner.py:85} INFO - Job 609: Subtask generate_order_process
[2025-06-14T02:36:12.900+0000] {task_command.py:415} INFO - Running <TaskInstance: ecommerce_generate_order_process.generate_order_process scheduled__2025-06-14T02:35:12.033460+00:00 [running]> on host 3498b866135e
[2025-06-14T02:36:12.988+0000] {taskinstance.py:1660} INFO - Exporting env vars: AIRFLOW_CTX_DAG_OWNER='***' AIRFLOW_CTX_DAG_ID='ecommerce_generate_order_process' AIRFLOW_CTX_TASK_ID='generate_order_process' AIRFLOW_CTX_EXECUTION_DATE='2025-06-14T02:35:12.033460+00:00' AIRFLOW_CTX_TRY_NUMBER='1' AIRFLOW_CTX_DAG_RUN_ID='scheduled__2025-06-14T02:35:12.033460+00:00'
[2025-06-14T02:36:13.000+0000] {logging_mixin.py:151} INFO - ----------------------------
[2025-06-14T02:36:13.000+0000] {logging_mixin.py:151} INFO - 93
[2025-06-14T02:36:13.000+0000] {logging_mixin.py:151} INFO - ----------------------------
[2025-06-14T02:36:13.011+0000] {logging_mixin.py:151} INFO - [(47, 3, Decimal('923.92'), Decimal('9.75'), Decimal('270.246600'))]
[2025-06-14T02:36:13.012+0000] {logging_mixin.py:151} INFO - [(117, 47, 3, Decimal('923.92'), Decimal('9.75'), Decimal('270.246600'))]
[2025-06-14T02:36:13.012+0000] {logging_mixin.py:151} INFO - Simulation completed successfully!
[2025-06-14T02:36:13.012+0000] {logging_mixin.py:151} INFO - 117
[2025-06-14T02:36:13.013+0000] {python.py:194} INFO - Done. Returned value was: 117
[2025-06-14T02:36:13.044+0000] {taskinstance.py:1398} INFO - Marking task as SUCCESS. dag_id=ecommerce_generate_order_process, task_id=generate_order_process, execution_date=20250614T023512, start_date=20250614T023612, end_date=20250614T023613
[2025-06-14T02:36:13.063+0000] {local_task_job_runner.py:228} INFO - Task exited with return code 0
[2025-06-14T02:36:13.086+0000] {taskinstance.py:2776} INFO - 1 downstream tasks scheduled from follow-on schedule check
