[2025-06-13T13:31:20.788+0000] {taskinstance.py:1157} INFO - Dependencies all met for dep_context=non-requeueable deps ti=<TaskInstance: ecommerce_generate_order_process.generate_order_process scheduled__2025-06-13T13:25:18.329760+00:00 [queued]>
[2025-06-13T13:31:20.795+0000] {taskinstance.py:1157} INFO - Dependencies all met for dep_context=requeueable deps ti=<TaskInstance: ecommerce_generate_order_process.generate_order_process scheduled__2025-06-13T13:25:18.329760+00:00 [queued]>
[2025-06-13T13:31:20.796+0000] {taskinstance.py:1359} INFO - Starting attempt 2 of 6
[2025-06-13T13:31:20.807+0000] {taskinstance.py:1380} INFO - Executing <Task(_PythonDecoratedOperator): generate_order_process> on 2025-06-13 13:25:18.329760+00:00
[2025-06-13T13:31:20.813+0000] {standard_task_runner.py:57} INFO - Started process 840 to run task
[2025-06-13T13:31:20.815+0000] {standard_task_runner.py:84} INFO - Running: ['***', 'tasks', 'run', 'ecommerce_generate_order_process', 'generate_order_process', 'scheduled__2025-06-13T13:25:18.329760+00:00', '--job-id', '54', '--raw', '--subdir', 'DAGS_FOLDER/generate_order_process.py', '--cfg-path', '/tmp/tmp44a7mn28']
[2025-06-13T13:31:20.816+0000] {standard_task_runner.py:85} INFO - Job 54: Subtask generate_order_process
[2025-06-13T13:31:20.869+0000] {task_command.py:415} INFO - Running <TaskInstance: ecommerce_generate_order_process.generate_order_process scheduled__2025-06-13T13:25:18.329760+00:00 [running]> on host 3ddb9b5ffd69
[2025-06-13T13:31:20.963+0000] {taskinstance.py:1660} INFO - Exporting env vars: AIRFLOW_CTX_DAG_OWNER='***' AIRFLOW_CTX_DAG_ID='ecommerce_generate_order_process' AIRFLOW_CTX_TASK_ID='generate_order_process' AIRFLOW_CTX_EXECUTION_DATE='2025-06-13T13:25:18.329760+00:00' AIRFLOW_CTX_TRY_NUMBER='2' AIRFLOW_CTX_DAG_RUN_ID='scheduled__2025-06-13T13:25:18.329760+00:00'
[2025-06-13T13:31:20.976+0000] {logging_mixin.py:151} INFO - ----------------------------
[2025-06-13T13:31:20.977+0000] {logging_mixin.py:151} INFO - 11
[2025-06-13T13:31:20.977+0000] {logging_mixin.py:151} INFO - ----------------------------
[2025-06-13T13:31:20.982+0000] {logging_mixin.py:151} INFO - [(10, 5, Decimal('803.12'), Decimal('7.44'), Decimal('298.760640'))]
[2025-06-13T13:31:20.983+0000] {logging_mixin.py:151} INFO - [(7, 10, 5, Decimal('803.12'), Decimal('7.44'), Decimal('298.760640'))]
[2025-06-13T13:31:20.984+0000] {logging_mixin.py:151} INFO - Simulation completed successfully!
[2025-06-13T13:31:20.984+0000] {logging_mixin.py:151} INFO - 7
[2025-06-13T13:31:20.985+0000] {python.py:194} INFO - Done. Returned value was: 7
[2025-06-13T13:31:21.016+0000] {taskinstance.py:1398} INFO - Marking task as SUCCESS. dag_id=ecommerce_generate_order_process, task_id=generate_order_process, execution_date=20250613T132518, start_date=20250613T133120, end_date=20250613T133121
[2025-06-13T13:31:21.066+0000] {local_task_job_runner.py:228} INFO - Task exited with return code 0
[2025-06-13T13:31:21.116+0000] {taskinstance.py:2776} INFO - 1 downstream tasks scheduled from follow-on schedule check
