[2025-06-14T01:54:12.464+0000] {taskinstance.py:1157} INFO - Dependencies all met for dep_context=non-requeueable deps ti=<TaskInstance: ecommerce_generate_order_process.generate_order_process scheduled__2025-06-14T01:53:11.775941+00:00 [queued]>
[2025-06-14T01:54:12.470+0000] {taskinstance.py:1157} INFO - Dependencies all met for dep_context=requeueable deps ti=<TaskInstance: ecommerce_generate_order_process.generate_order_process scheduled__2025-06-14T01:53:11.775941+00:00 [queued]>
[2025-06-14T01:54:12.470+0000] {taskinstance.py:1359} INFO - Starting attempt 1 of 6
[2025-06-14T01:54:12.482+0000] {taskinstance.py:1380} INFO - Executing <Task(_PythonDecoratedOperator): generate_order_process> on 2025-06-14 01:53:11.775941+00:00
[2025-06-14T01:54:12.486+0000] {standard_task_runner.py:57} INFO - Started process 460 to run task
[2025-06-14T01:54:12.488+0000] {standard_task_runner.py:84} INFO - Running: ['***', 'tasks', 'run', 'ecommerce_generate_order_process', 'generate_order_process', 'scheduled__2025-06-14T01:53:11.775941+00:00', '--job-id', '381', '--raw', '--subdir', 'DAGS_FOLDER/generate_order_process.py', '--cfg-path', '/tmp/tmpflkd4xdi']
[2025-06-14T01:54:12.490+0000] {standard_task_runner.py:85} INFO - Job 381: Subtask generate_order_process
[2025-06-14T01:54:12.540+0000] {task_command.py:415} INFO - Running <TaskInstance: ecommerce_generate_order_process.generate_order_process scheduled__2025-06-14T01:53:11.775941+00:00 [running]> on host 3498b866135e
[2025-06-14T01:54:12.627+0000] {taskinstance.py:1660} INFO - Exporting env vars: AIRFLOW_CTX_DAG_OWNER='***' AIRFLOW_CTX_DAG_ID='ecommerce_generate_order_process' AIRFLOW_CTX_TASK_ID='generate_order_process' AIRFLOW_CTX_EXECUTION_DATE='2025-06-14T01:53:11.775941+00:00' AIRFLOW_CTX_TRY_NUMBER='1' AIRFLOW_CTX_DAG_RUN_ID='scheduled__2025-06-14T01:53:11.775941+00:00'
[2025-06-14T01:54:12.638+0000] {logging_mixin.py:151} INFO - ----------------------------
[2025-06-14T01:54:12.639+0000] {logging_mixin.py:151} INFO - 113
[2025-06-14T01:54:12.639+0000] {logging_mixin.py:151} INFO - ----------------------------
[2025-06-14T01:54:12.643+0000] {logging_mixin.py:151} INFO - [(16, 7, Decimal('266.44'), Decimal('7.11'), Decimal('132.607188')), (3, 7, Decimal('946.29'), Decimal('2.59'), Decimal('171.562377')), (5, 8, Decimal('699.65'), Decimal('8.21'), Decimal('459.530120')), (18, 9, Decimal('697.86'), Decimal('6.91'), Decimal('433.999134')), (25, 2, Decimal('34.67'), Decimal('5.72'), Decimal('3.966248'))]
[2025-06-14T01:54:12.645+0000] {logging_mixin.py:151} INFO - [(74, 16, 7, Decimal('266.44'), Decimal('7.11'), Decimal('132.607188')), (74, 3, 7, Decimal('946.29'), Decimal('2.59'), Decimal('171.562377')), (74, 5, 8, Decimal('699.65'), Decimal('8.21'), Decimal('459.530120')), (74, 18, 9, Decimal('697.86'), Decimal('6.91'), Decimal('433.999134')), (74, 25, 2, Decimal('34.67'), Decimal('5.72'), Decimal('3.966248'))]
[2025-06-14T01:54:12.646+0000] {logging_mixin.py:151} INFO - Simulation completed successfully!
[2025-06-14T01:54:12.646+0000] {logging_mixin.py:151} INFO - 74
[2025-06-14T01:54:12.646+0000] {python.py:194} INFO - Done. Returned value was: 74
[2025-06-14T01:54:12.673+0000] {taskinstance.py:1398} INFO - Marking task as SUCCESS. dag_id=ecommerce_generate_order_process, task_id=generate_order_process, execution_date=20250614T015311, start_date=20250614T015412, end_date=20250614T015412
[2025-06-14T01:54:12.700+0000] {local_task_job_runner.py:228} INFO - Task exited with return code 0
[2025-06-14T01:54:12.721+0000] {taskinstance.py:2776} INFO - 1 downstream tasks scheduled from follow-on schedule check
