[2025-06-14T03:51:13.409+0000] {taskinstance.py:1157} INFO - Dependencies all met for dep_context=non-requeueable deps ti=<TaskInstance: ecommerce_generate_order_process.generate_order_process scheduled__2025-06-14T03:50:12.130199+00:00 [queued]>
[2025-06-14T03:51:13.415+0000] {taskinstance.py:1157} INFO - Dependencies all met for dep_context=requeueable deps ti=<TaskInstance: ecommerce_generate_order_process.generate_order_process scheduled__2025-06-14T03:50:12.130199+00:00 [queued]>
[2025-06-14T03:51:13.416+0000] {taskinstance.py:1359} INFO - Starting attempt 1 of 6
[2025-06-14T03:51:13.425+0000] {taskinstance.py:1380} INFO - Executing <Task(_PythonDecoratedOperator): generate_order_process> on 2025-06-14 03:50:12.130199+00:00
[2025-06-14T03:51:13.432+0000] {standard_task_runner.py:57} INFO - Started process 10826 to run task
[2025-06-14T03:51:13.435+0000] {standard_task_runner.py:84} INFO - Running: ['***', 'tasks', 'run', 'ecommerce_generate_order_process', 'generate_order_process', 'scheduled__2025-06-14T03:50:12.130199+00:00', '--job-id', '984', '--raw', '--subdir', 'DAGS_FOLDER/generate_order_process.py', '--cfg-path', '/tmp/tmp9s92o_rc']
[2025-06-14T03:51:13.437+0000] {standard_task_runner.py:85} INFO - Job 984: Subtask generate_order_process
[2025-06-14T03:51:13.490+0000] {task_command.py:415} INFO - Running <TaskInstance: ecommerce_generate_order_process.generate_order_process scheduled__2025-06-14T03:50:12.130199+00:00 [running]> on host 3498b866135e
[2025-06-14T03:51:13.593+0000] {taskinstance.py:1660} INFO - Exporting env vars: AIRFLOW_CTX_DAG_OWNER='***' AIRFLOW_CTX_DAG_ID='ecommerce_generate_order_process' AIRFLOW_CTX_TASK_ID='generate_order_process' AIRFLOW_CTX_EXECUTION_DATE='2025-06-14T03:50:12.130199+00:00' AIRFLOW_CTX_TRY_NUMBER='1' AIRFLOW_CTX_DAG_RUN_ID='scheduled__2025-06-14T03:50:12.130199+00:00'
[2025-06-14T03:51:13.607+0000] {logging_mixin.py:151} INFO - ----------------------------
[2025-06-14T03:51:13.607+0000] {logging_mixin.py:151} INFO - 61
[2025-06-14T03:51:13.607+0000] {logging_mixin.py:151} INFO - ----------------------------
[2025-06-14T03:51:13.613+0000] {logging_mixin.py:151} INFO - [(30, 2, Decimal('913.08'), Decimal('18.10'), Decimal('330.53496')), (17, 1, Decimal('207.60'), Decimal('14.70'), Decimal('30.51720')), (24, 1, Decimal('387.14'), Decimal('4.66'), Decimal('18.040724')), (40, 4, Decimal('700.78'), Decimal('16.51'), Decimal('462.795112')), (26, 5, Decimal('349.97'), Decimal('8.34'), Decimal('145.937490')), (1, 1, Decimal('802.42'), Decimal('3.53'), Decimal('28.325426')), (38, 4, Decimal('79.94'), Decimal('0.52'), Decimal('1.662752')), (2, 1, Decimal('925.46'), Decimal('2.62'), Decimal('24.247052'))]
[2025-06-14T03:51:13.615+0000] {logging_mixin.py:151} INFO - [(192, 30, 2, Decimal('913.08'), Decimal('18.10'), Decimal('330.53496')), (192, 17, 1, Decimal('207.60'), Decimal('14.70'), Decimal('30.51720')), (192, 24, 1, Decimal('387.14'), Decimal('4.66'), Decimal('18.040724')), (192, 40, 4, Decimal('700.78'), Decimal('16.51'), Decimal('462.795112')), (192, 26, 5, Decimal('349.97'), Decimal('8.34'), Decimal('145.937490')), (192, 1, 1, Decimal('802.42'), Decimal('3.53'), Decimal('28.325426')), (192, 38, 4, Decimal('79.94'), Decimal('0.52'), Decimal('1.662752')), (192, 2, 1, Decimal('925.46'), Decimal('2.62'), Decimal('24.247052'))]
[2025-06-14T03:51:13.617+0000] {logging_mixin.py:151} INFO - Simulation completed successfully!
[2025-06-14T03:51:13.617+0000] {logging_mixin.py:151} INFO - 192
[2025-06-14T03:51:13.617+0000] {python.py:194} INFO - Done. Returned value was: 192
[2025-06-14T03:51:13.651+0000] {taskinstance.py:1398} INFO - Marking task as SUCCESS. dag_id=ecommerce_generate_order_process, task_id=generate_order_process, execution_date=20250614T035012, start_date=20250614T035113, end_date=20250614T035113
[2025-06-14T03:51:13.687+0000] {local_task_job_runner.py:228} INFO - Task exited with return code 0
[2025-06-14T03:51:13.711+0000] {taskinstance.py:2776} INFO - 1 downstream tasks scheduled from follow-on schedule check
