[2025-06-14T03:41:13.063+0000] {taskinstance.py:1157} INFO - Dependencies all met for dep_context=non-requeueable deps ti=<TaskInstance: ecommerce_generate_order_process.generate_order_process scheduled__2025-06-14T03:40:12.130199+00:00 [queued]>
[2025-06-14T03:41:13.071+0000] {taskinstance.py:1157} INFO - Dependencies all met for dep_context=requeueable deps ti=<TaskInstance: ecommerce_generate_order_process.generate_order_process scheduled__2025-06-14T03:40:12.130199+00:00 [queued]>
[2025-06-14T03:41:13.071+0000] {taskinstance.py:1359} INFO - Starting attempt 1 of 6
[2025-06-14T03:41:13.083+0000] {taskinstance.py:1380} INFO - Executing <Task(_PythonDecoratedOperator): generate_order_process> on 2025-06-14 03:40:12.130199+00:00
[2025-06-14T03:41:13.088+0000] {standard_task_runner.py:57} INFO - Started process 9926 to run task
[2025-06-14T03:41:13.090+0000] {standard_task_runner.py:84} INFO - Running: ['***', 'tasks', 'run', 'ecommerce_generate_order_process', 'generate_order_process', 'scheduled__2025-06-14T03:40:12.130199+00:00', '--job-id', '934', '--raw', '--subdir', 'DAGS_FOLDER/generate_order_process.py', '--cfg-path', '/tmp/tmpka2seon4']
[2025-06-14T03:41:13.091+0000] {standard_task_runner.py:85} INFO - Job 934: Subtask generate_order_process
[2025-06-14T03:41:13.144+0000] {task_command.py:415} INFO - Running <TaskInstance: ecommerce_generate_order_process.generate_order_process scheduled__2025-06-14T03:40:12.130199+00:00 [running]> on host 3498b866135e
[2025-06-14T03:41:13.235+0000] {taskinstance.py:1660} INFO - Exporting env vars: AIRFLOW_CTX_DAG_OWNER='***' AIRFLOW_CTX_DAG_ID='ecommerce_generate_order_process' AIRFLOW_CTX_TASK_ID='generate_order_process' AIRFLOW_CTX_EXECUTION_DATE='2025-06-14T03:40:12.130199+00:00' AIRFLOW_CTX_TRY_NUMBER='1' AIRFLOW_CTX_DAG_RUN_ID='scheduled__2025-06-14T03:40:12.130199+00:00'
[2025-06-14T03:41:13.248+0000] {logging_mixin.py:151} INFO - ----------------------------
[2025-06-14T03:41:13.248+0000] {logging_mixin.py:151} INFO - 36
[2025-06-14T03:41:13.248+0000] {logging_mixin.py:151} INFO - ----------------------------
[2025-06-14T03:41:13.253+0000] {logging_mixin.py:151} INFO - [(7, 6, Decimal('875.57'), Decimal('8.85'), Decimal('464.927670')), (16, 7, Decimal('266.44'), Decimal('7.11'), Decimal('132.607188')), (36, 1, Decimal('745.80'), Decimal('1.07'), Decimal('7.980060')), (3, 7, Decimal('946.29'), Decimal('2.59'), Decimal('171.562377')), (10, 4, Decimal('598.05'), Decimal('10.18'), Decimal('243.525960')), (2, 1, Decimal('925.46'), Decimal('2.62'), Decimal('24.247052')), (37, 7, Decimal('892.19'), Decimal('4.68'), Decimal('292.281444')), (30, 2, Decimal('913.08'), Decimal('18.10'), Decimal('330.53496'))]
[2025-06-14T03:41:13.254+0000] {logging_mixin.py:151} INFO - [(182, 7, 6, Decimal('875.57'), Decimal('8.85'), Decimal('464.927670')), (182, 16, 7, Decimal('266.44'), Decimal('7.11'), Decimal('132.607188')), (182, 36, 1, Decimal('745.80'), Decimal('1.07'), Decimal('7.980060')), (182, 3, 7, Decimal('946.29'), Decimal('2.59'), Decimal('171.562377')), (182, 10, 4, Decimal('598.05'), Decimal('10.18'), Decimal('243.525960')), (182, 2, 1, Decimal('925.46'), Decimal('2.62'), Decimal('24.247052')), (182, 37, 7, Decimal('892.19'), Decimal('4.68'), Decimal('292.281444')), (182, 30, 2, Decimal('913.08'), Decimal('18.10'), Decimal('330.53496'))]
[2025-06-14T03:41:13.255+0000] {logging_mixin.py:151} INFO - Simulation completed successfully!
[2025-06-14T03:41:13.255+0000] {logging_mixin.py:151} INFO - 182
[2025-06-14T03:41:13.255+0000] {python.py:194} INFO - Done. Returned value was: 182
[2025-06-14T03:41:13.284+0000] {taskinstance.py:1398} INFO - Marking task as SUCCESS. dag_id=ecommerce_generate_order_process, task_id=generate_order_process, execution_date=20250614T034012, start_date=20250614T034113, end_date=20250614T034113
[2025-06-14T03:41:13.302+0000] {local_task_job_runner.py:228} INFO - Task exited with return code 0
[2025-06-14T03:41:13.324+0000] {taskinstance.py:2776} INFO - 1 downstream tasks scheduled from follow-on schedule check
