[2025-06-14T02:09:12.562+0000] {taskinstance.py:1157} INFO - Dependencies all met for dep_context=non-requeueable deps ti=<TaskInstance: ecommerce_generate_order_process.generate_order_process scheduled__2025-06-14T02:08:11.775941+00:00 [queued]>
[2025-06-14T02:09:12.571+0000] {taskinstance.py:1157} INFO - Dependencies all met for dep_context=requeueable deps ti=<TaskInstance: ecommerce_generate_order_process.generate_order_process scheduled__2025-06-14T02:08:11.775941+00:00 [queued]>
[2025-06-14T02:09:12.572+0000] {taskinstance.py:1359} INFO - Starting attempt 1 of 6
[2025-06-14T02:09:12.600+0000] {taskinstance.py:1380} INFO - Executing <Task(_PythonDecoratedOperator): generate_order_process> on 2025-06-14 02:08:11.775941+00:00
[2025-06-14T02:09:12.607+0000] {standard_task_runner.py:57} INFO - Started process 1806 to run task
[2025-06-14T02:09:12.609+0000] {standard_task_runner.py:84} INFO - Running: ['***', 'tasks', 'run', 'ecommerce_generate_order_process', 'generate_order_process', 'scheduled__2025-06-14T02:08:11.775941+00:00', '--job-id', '474', '--raw', '--subdir', 'DAGS_FOLDER/generate_order_process.py', '--cfg-path', '/tmp/tmpmqeddbi8']
[2025-06-14T02:09:12.611+0000] {standard_task_runner.py:85} INFO - Job 474: Subtask generate_order_process
[2025-06-14T02:09:12.699+0000] {task_command.py:415} INFO - Running <TaskInstance: ecommerce_generate_order_process.generate_order_process scheduled__2025-06-14T02:08:11.775941+00:00 [running]> on host 3498b866135e
[2025-06-14T02:09:12.861+0000] {taskinstance.py:1660} INFO - Exporting env vars: AIRFLOW_CTX_DAG_OWNER='***' AIRFLOW_CTX_DAG_ID='ecommerce_generate_order_process' AIRFLOW_CTX_TASK_ID='generate_order_process' AIRFLOW_CTX_EXECUTION_DATE='2025-06-14T02:08:11.775941+00:00' AIRFLOW_CTX_TRY_NUMBER='1' AIRFLOW_CTX_DAG_RUN_ID='scheduled__2025-06-14T02:08:11.775941+00:00'
[2025-06-14T02:09:12.882+0000] {logging_mixin.py:151} INFO - ----------------------------
[2025-06-14T02:09:12.882+0000] {logging_mixin.py:151} INFO - 129
[2025-06-14T02:09:12.883+0000] {logging_mixin.py:151} INFO - ----------------------------
[2025-06-14T02:09:12.896+0000] {logging_mixin.py:151} INFO - [(35, 3, Decimal('512.37'), Decimal('5.78'), Decimal('88.844958')), (26, 5, Decimal('349.97'), Decimal('8.34'), Decimal('145.937490')), (32, 8, Decimal('133.92'), Decimal('4.07'), Decimal('43.604352')), (19, 8, Decimal('665.31'), Decimal('4.02'), Decimal('213.963696')), (36, 1, Decimal('745.80'), Decimal('1.07'), Decimal('7.980060'))]
[2025-06-14T02:09:12.899+0000] {logging_mixin.py:151} INFO - [(90, 35, 3, Decimal('512.37'), Decimal('5.78'), Decimal('88.844958')), (90, 26, 5, Decimal('349.97'), Decimal('8.34'), Decimal('145.937490')), (90, 32, 8, Decimal('133.92'), Decimal('4.07'), Decimal('43.604352')), (90, 19, 8, Decimal('665.31'), Decimal('4.02'), Decimal('213.963696')), (90, 36, 1, Decimal('745.80'), Decimal('1.07'), Decimal('7.980060'))]
[2025-06-14T02:09:12.912+0000] {logging_mixin.py:151} INFO - Simulation completed successfully!
[2025-06-14T02:09:12.912+0000] {logging_mixin.py:151} INFO - 90
[2025-06-14T02:09:12.912+0000] {python.py:194} INFO - Done. Returned value was: 90
[2025-06-14T02:09:12.974+0000] {taskinstance.py:1398} INFO - Marking task as SUCCESS. dag_id=ecommerce_generate_order_process, task_id=generate_order_process, execution_date=20250614T020811, start_date=20250614T020912, end_date=20250614T020912
[2025-06-14T02:09:13.022+0000] {local_task_job_runner.py:228} INFO - Task exited with return code 0
[2025-06-14T02:09:13.061+0000] {taskinstance.py:2776} INFO - 1 downstream tasks scheduled from follow-on schedule check
