[2025-06-13T16:33:33.479+0000] {taskinstance.py:1157} INFO - Dependencies all met for dep_context=non-requeueable deps ti=<TaskInstance: ecommerce_generate_order_process.generate_order_process scheduled__2025-06-13T16:32:31.706122+00:00 [queued]>
[2025-06-13T16:33:33.506+0000] {taskinstance.py:1157} INFO - Dependencies all met for dep_context=requeueable deps ti=<TaskInstance: ecommerce_generate_order_process.generate_order_process scheduled__2025-06-13T16:32:31.706122+00:00 [queued]>
[2025-06-13T16:33:33.507+0000] {taskinstance.py:1359} INFO - Starting attempt 1 of 6
[2025-06-13T16:33:33.628+0000] {taskinstance.py:1380} INFO - Executing <Task(_PythonDecoratedOperator): generate_order_process> on 2025-06-13 16:32:31.706122+00:00
[2025-06-13T16:33:33.639+0000] {standard_task_runner.py:57} INFO - Started process 3971 to run task
[2025-06-13T16:33:33.644+0000] {standard_task_runner.py:84} INFO - Running: ['***', 'tasks', 'run', 'ecommerce_generate_order_process', 'generate_order_process', 'scheduled__2025-06-13T16:32:31.706122+00:00', '--job-id', '240', '--raw', '--subdir', 'DAGS_FOLDER/generate_order_process.py', '--cfg-path', '/tmp/tmp84wao2xh']
[2025-06-13T16:33:33.648+0000] {standard_task_runner.py:85} INFO - Job 240: Subtask generate_order_process
[2025-06-13T16:33:33.848+0000] {task_command.py:415} INFO - Running <TaskInstance: ecommerce_generate_order_process.generate_order_process scheduled__2025-06-13T16:32:31.706122+00:00 [running]> on host 3498b866135e
[2025-06-13T16:33:34.229+0000] {taskinstance.py:1660} INFO - Exporting env vars: AIRFLOW_CTX_DAG_OWNER='***' AIRFLOW_CTX_DAG_ID='ecommerce_generate_order_process' AIRFLOW_CTX_TASK_ID='generate_order_process' AIRFLOW_CTX_EXECUTION_DATE='2025-06-13T16:32:31.706122+00:00' AIRFLOW_CTX_TRY_NUMBER='1' AIRFLOW_CTX_DAG_RUN_ID='scheduled__2025-06-13T16:32:31.706122+00:00'
[2025-06-13T16:33:34.254+0000] {logging_mixin.py:151} INFO - ----------------------------
[2025-06-13T16:33:34.254+0000] {logging_mixin.py:151} INFO - 44
[2025-06-13T16:33:34.254+0000] {logging_mixin.py:151} INFO - ----------------------------
[2025-06-13T16:33:34.265+0000] {logging_mixin.py:151} INFO - [(11, 4, Decimal('668.03'), Decimal('3.23'), Decimal('86.309476')), (15, 7, Decimal('523.55'), Decimal('19.06'), Decimal('698.520410'))]
[2025-06-13T16:33:34.268+0000] {logging_mixin.py:151} INFO - [(46, 11, 4, Decimal('668.03'), Decimal('3.23'), Decimal('86.309476')), (46, 15, 7, Decimal('523.55'), Decimal('19.06'), Decimal('698.520410'))]
[2025-06-13T16:33:34.293+0000] {logging_mixin.py:151} INFO - Simulation completed successfully!
[2025-06-13T16:33:34.294+0000] {logging_mixin.py:151} INFO - 46
[2025-06-13T16:33:34.294+0000] {python.py:194} INFO - Done. Returned value was: 46
[2025-06-13T16:33:34.445+0000] {taskinstance.py:1398} INFO - Marking task as SUCCESS. dag_id=ecommerce_generate_order_process, task_id=generate_order_process, execution_date=20250613T163231, start_date=20250613T163333, end_date=20250613T163334
[2025-06-13T16:33:34.579+0000] {local_task_job_runner.py:228} INFO - Task exited with return code 0
[2025-06-13T16:33:34.680+0000] {taskinstance.py:2776} INFO - 1 downstream tasks scheduled from follow-on schedule check
