[2025-06-14T02:06:12.880+0000] {taskinstance.py:1157} INFO - Dependencies all met for dep_context=non-requeueable deps ti=<TaskInstance: ecommerce_generate_order_process.generate_order_process scheduled__2025-06-14T02:05:11.775941+00:00 [queued]>
[2025-06-14T02:06:12.890+0000] {taskinstance.py:1157} INFO - Dependencies all met for dep_context=requeueable deps ti=<TaskInstance: ecommerce_generate_order_process.generate_order_process scheduled__2025-06-14T02:05:11.775941+00:00 [queued]>
[2025-06-14T02:06:12.890+0000] {taskinstance.py:1359} INFO - Starting attempt 1 of 6
[2025-06-14T02:06:12.905+0000] {taskinstance.py:1380} INFO - Executing <Task(_PythonDecoratedOperator): generate_order_process> on 2025-06-14 02:05:11.775941+00:00
[2025-06-14T02:06:12.910+0000] {standard_task_runner.py:57} INFO - Started process 1534 to run task
[2025-06-14T02:06:12.913+0000] {standard_task_runner.py:84} INFO - Running: ['***', 'tasks', 'run', 'ecommerce_generate_order_process', 'generate_order_process', 'scheduled__2025-06-14T02:05:11.775941+00:00', '--job-id', '458', '--raw', '--subdir', 'DAGS_FOLDER/generate_order_process.py', '--cfg-path', '/tmp/tmpn6k0rwjh']
[2025-06-14T02:06:12.915+0000] {standard_task_runner.py:85} INFO - Job 458: Subtask generate_order_process
[2025-06-14T02:06:12.979+0000] {task_command.py:415} INFO - Running <TaskInstance: ecommerce_generate_order_process.generate_order_process scheduled__2025-06-14T02:05:11.775941+00:00 [running]> on host 3498b866135e
[2025-06-14T02:06:13.103+0000] {taskinstance.py:1660} INFO - Exporting env vars: AIRFLOW_CTX_DAG_OWNER='***' AIRFLOW_CTX_DAG_ID='ecommerce_generate_order_process' AIRFLOW_CTX_TASK_ID='generate_order_process' AIRFLOW_CTX_EXECUTION_DATE='2025-06-14T02:05:11.775941+00:00' AIRFLOW_CTX_TRY_NUMBER='1' AIRFLOW_CTX_DAG_RUN_ID='scheduled__2025-06-14T02:05:11.775941+00:00'
[2025-06-14T02:06:13.119+0000] {logging_mixin.py:151} INFO - ----------------------------
[2025-06-14T02:06:13.119+0000] {logging_mixin.py:151} INFO - 21
[2025-06-14T02:06:13.119+0000] {logging_mixin.py:151} INFO - ----------------------------
[2025-06-14T02:06:13.127+0000] {logging_mixin.py:151} INFO - [(6, 1, Decimal('721.46'), Decimal('1.60'), Decimal('11.54336')), (42, 4, Decimal('408.31'), Decimal('15.66'), Decimal('255.765384')), (33, 9, Decimal('508.62'), Decimal('3.37'), Decimal('154.264446')), (20, 8, Decimal('841.06'), Decimal('11.60'), Decimal('780.50368')), (24, 1, Decimal('387.14'), Decimal('4.66'), Decimal('18.040724')), (37, 7, Decimal('892.19'), Decimal('4.68'), Decimal('292.281444'))]
[2025-06-14T02:06:13.129+0000] {logging_mixin.py:151} INFO - [(87, 6, 1, Decimal('721.46'), Decimal('1.60'), Decimal('11.54336')), (87, 42, 4, Decimal('408.31'), Decimal('15.66'), Decimal('255.765384')), (87, 33, 9, Decimal('508.62'), Decimal('3.37'), Decimal('154.264446')), (87, 20, 8, Decimal('841.06'), Decimal('11.60'), Decimal('780.50368')), (87, 24, 1, Decimal('387.14'), Decimal('4.66'), Decimal('18.040724')), (87, 37, 7, Decimal('892.19'), Decimal('4.68'), Decimal('292.281444'))]
[2025-06-14T02:06:13.130+0000] {logging_mixin.py:151} INFO - Simulation completed successfully!
[2025-06-14T02:06:13.130+0000] {logging_mixin.py:151} INFO - 87
[2025-06-14T02:06:13.130+0000] {python.py:194} INFO - Done. Returned value was: 87
[2025-06-14T02:06:13.170+0000] {taskinstance.py:1398} INFO - Marking task as SUCCESS. dag_id=ecommerce_generate_order_process, task_id=generate_order_process, execution_date=20250614T020511, start_date=20250614T020612, end_date=20250614T020613
[2025-06-14T02:06:13.205+0000] {local_task_job_runner.py:228} INFO - Task exited with return code 0
[2025-06-14T02:06:13.235+0000] {taskinstance.py:2776} INFO - 1 downstream tasks scheduled from follow-on schedule check
