[2025-06-14T02:19:12.660+0000] {taskinstance.py:1157} INFO - Dependencies all met for dep_context=non-requeueable deps ti=<TaskInstance: ecommerce_generate_order_process.generate_order_process scheduled__2025-06-14T02:18:11.775941+00:00 [queued]>
[2025-06-14T02:19:12.669+0000] {taskinstance.py:1157} INFO - Dependencies all met for dep_context=requeueable deps ti=<TaskInstance: ecommerce_generate_order_process.generate_order_process scheduled__2025-06-14T02:18:11.775941+00:00 [queued]>
[2025-06-14T02:19:12.669+0000] {taskinstance.py:1359} INFO - Starting attempt 1 of 6
[2025-06-14T02:19:12.692+0000] {taskinstance.py:1380} INFO - Executing <Task(_PythonDecoratedOperator): generate_order_process> on 2025-06-14 02:18:11.775941+00:00
[2025-06-14T02:19:12.697+0000] {standard_task_runner.py:57} INFO - Started process 2706 to run task
[2025-06-14T02:19:12.699+0000] {standard_task_runner.py:84} INFO - Running: ['***', 'tasks', 'run', 'ecommerce_generate_order_process', 'generate_order_process', 'scheduled__2025-06-14T02:18:11.775941+00:00', '--job-id', '524', '--raw', '--subdir', 'DAGS_FOLDER/generate_order_process.py', '--cfg-path', '/tmp/tmpt4_m0eja']
[2025-06-14T02:19:12.701+0000] {standard_task_runner.py:85} INFO - Job 524: Subtask generate_order_process
[2025-06-14T02:19:12.768+0000] {task_command.py:415} INFO - Running <TaskInstance: ecommerce_generate_order_process.generate_order_process scheduled__2025-06-14T02:18:11.775941+00:00 [running]> on host 3498b866135e
[2025-06-14T02:19:12.881+0000] {taskinstance.py:1660} INFO - Exporting env vars: AIRFLOW_CTX_DAG_OWNER='***' AIRFLOW_CTX_DAG_ID='ecommerce_generate_order_process' AIRFLOW_CTX_TASK_ID='generate_order_process' AIRFLOW_CTX_EXECUTION_DATE='2025-06-14T02:18:11.775941+00:00' AIRFLOW_CTX_TRY_NUMBER='1' AIRFLOW_CTX_DAG_RUN_ID='scheduled__2025-06-14T02:18:11.775941+00:00'
[2025-06-14T02:19:12.895+0000] {logging_mixin.py:151} INFO - ----------------------------
[2025-06-14T02:19:12.895+0000] {logging_mixin.py:151} INFO - 26
[2025-06-14T02:19:12.895+0000] {logging_mixin.py:151} INFO - ----------------------------
[2025-06-14T02:19:12.902+0000] {logging_mixin.py:151} INFO - [(16, 7, Decimal('266.44'), Decimal('7.11'), Decimal('132.607188')), (26, 5, Decimal('349.97'), Decimal('8.34'), Decimal('145.937490')), (49, 8, Decimal('42.29'), Decimal('1.49'), Decimal('5.040968')), (5, 8, Decimal('699.65'), Decimal('8.21'), Decimal('459.530120'))]
[2025-06-14T02:19:12.904+0000] {logging_mixin.py:151} INFO - [(100, 16, 7, Decimal('266.44'), Decimal('7.11'), Decimal('132.607188')), (100, 26, 5, Decimal('349.97'), Decimal('8.34'), Decimal('145.937490')), (100, 49, 8, Decimal('42.29'), Decimal('1.49'), Decimal('5.040968')), (100, 5, 8, Decimal('699.65'), Decimal('8.21'), Decimal('459.530120'))]
[2025-06-14T02:19:12.905+0000] {logging_mixin.py:151} INFO - Simulation completed successfully!
[2025-06-14T02:19:12.905+0000] {logging_mixin.py:151} INFO - 100
[2025-06-14T02:19:12.905+0000] {python.py:194} INFO - Done. Returned value was: 100
[2025-06-14T02:19:12.940+0000] {taskinstance.py:1398} INFO - Marking task as SUCCESS. dag_id=ecommerce_generate_order_process, task_id=generate_order_process, execution_date=20250614T021811, start_date=20250614T021912, end_date=20250614T021912
[2025-06-14T02:19:12.991+0000] {local_task_job_runner.py:228} INFO - Task exited with return code 0
[2025-06-14T02:19:13.018+0000] {taskinstance.py:2776} INFO - 1 downstream tasks scheduled from follow-on schedule check
