[2025-06-14T02:25:12.874+0000] {taskinstance.py:1157} INFO - Dependencies all met for dep_context=non-requeueable deps ti=<TaskInstance: ecommerce_generate_order_process.generate_order_process scheduled__2025-06-14T02:24:12.033460+00:00 [queued]>
[2025-06-14T02:25:12.882+0000] {taskinstance.py:1157} INFO - Dependencies all met for dep_context=requeueable deps ti=<TaskInstance: ecommerce_generate_order_process.generate_order_process scheduled__2025-06-14T02:24:12.033460+00:00 [queued]>
[2025-06-14T02:25:12.883+0000] {taskinstance.py:1359} INFO - Starting attempt 1 of 6
[2025-06-14T02:25:12.895+0000] {taskinstance.py:1380} INFO - Executing <Task(_PythonDecoratedOperator): generate_order_process> on 2025-06-14 02:24:12.033460+00:00
[2025-06-14T02:25:12.902+0000] {standard_task_runner.py:57} INFO - Started process 3206 to run task
[2025-06-14T02:25:12.904+0000] {standard_task_runner.py:84} INFO - Running: ['***', 'tasks', 'run', 'ecommerce_generate_order_process', 'generate_order_process', 'scheduled__2025-06-14T02:24:12.033460+00:00', '--job-id', '554', '--raw', '--subdir', 'DAGS_FOLDER/generate_order_process.py', '--cfg-path', '/tmp/tmpzi2du2tz']
[2025-06-14T02:25:12.906+0000] {standard_task_runner.py:85} INFO - Job 554: Subtask generate_order_process
[2025-06-14T02:25:12.968+0000] {task_command.py:415} INFO - Running <TaskInstance: ecommerce_generate_order_process.generate_order_process scheduled__2025-06-14T02:24:12.033460+00:00 [running]> on host 3498b866135e
[2025-06-14T02:25:13.077+0000] {taskinstance.py:1660} INFO - Exporting env vars: AIRFLOW_CTX_DAG_OWNER='***' AIRFLOW_CTX_DAG_ID='ecommerce_generate_order_process' AIRFLOW_CTX_TASK_ID='generate_order_process' AIRFLOW_CTX_EXECUTION_DATE='2025-06-14T02:24:12.033460+00:00' AIRFLOW_CTX_TRY_NUMBER='1' AIRFLOW_CTX_DAG_RUN_ID='scheduled__2025-06-14T02:24:12.033460+00:00'
[2025-06-14T02:25:13.093+0000] {logging_mixin.py:151} INFO - ----------------------------
[2025-06-14T02:25:13.093+0000] {logging_mixin.py:151} INFO - 47
[2025-06-14T02:25:13.093+0000] {logging_mixin.py:151} INFO - ----------------------------
[2025-06-14T02:25:13.103+0000] {logging_mixin.py:151} INFO - [(15, 7, Decimal('523.55'), Decimal('19.06'), Decimal('698.520410')), (22, 1, Decimal('429.81'), Decimal('5.21'), Decimal('22.393101')), (35, 3, Decimal('512.37'), Decimal('5.78'), Decimal('88.844958')), (1, 1, Decimal('802.42'), Decimal('3.53'), Decimal('28.325426'))]
[2025-06-14T02:25:13.105+0000] {logging_mixin.py:151} INFO - [(106, 15, 7, Decimal('523.55'), Decimal('19.06'), Decimal('698.520410')), (106, 22, 1, Decimal('429.81'), Decimal('5.21'), Decimal('22.393101')), (106, 35, 3, Decimal('512.37'), Decimal('5.78'), Decimal('88.844958')), (106, 1, 1, Decimal('802.42'), Decimal('3.53'), Decimal('28.325426'))]
[2025-06-14T02:25:13.106+0000] {logging_mixin.py:151} INFO - Simulation completed successfully!
[2025-06-14T02:25:13.106+0000] {logging_mixin.py:151} INFO - 106
[2025-06-14T02:25:13.106+0000] {python.py:194} INFO - Done. Returned value was: 106
[2025-06-14T02:25:13.142+0000] {taskinstance.py:1398} INFO - Marking task as SUCCESS. dag_id=ecommerce_generate_order_process, task_id=generate_order_process, execution_date=20250614T022412, start_date=20250614T022512, end_date=20250614T022513
[2025-06-14T02:25:13.196+0000] {local_task_job_runner.py:228} INFO - Task exited with return code 0
[2025-06-14T02:25:13.224+0000] {taskinstance.py:2776} INFO - 1 downstream tasks scheduled from follow-on schedule check
