[2025-06-14T03:49:12.721+0000] {taskinstance.py:1157} INFO - Dependencies all met for dep_context=non-requeueable deps ti=<TaskInstance: ecommerce_generate_order_process.generate_order_process scheduled__2025-06-14T03:48:12.130199+00:00 [queued]>
[2025-06-14T03:49:12.728+0000] {taskinstance.py:1157} INFO - Dependencies all met for dep_context=requeueable deps ti=<TaskInstance: ecommerce_generate_order_process.generate_order_process scheduled__2025-06-14T03:48:12.130199+00:00 [queued]>
[2025-06-14T03:49:12.728+0000] {taskinstance.py:1359} INFO - Starting attempt 1 of 6
[2025-06-14T03:49:12.738+0000] {taskinstance.py:1380} INFO - Executing <Task(_PythonDecoratedOperator): generate_order_process> on 2025-06-14 03:48:12.130199+00:00
[2025-06-14T03:49:12.743+0000] {standard_task_runner.py:57} INFO - Started process 10646 to run task
[2025-06-14T03:49:12.745+0000] {standard_task_runner.py:84} INFO - Running: ['***', 'tasks', 'run', 'ecommerce_generate_order_process', 'generate_order_process', 'scheduled__2025-06-14T03:48:12.130199+00:00', '--job-id', '974', '--raw', '--subdir', 'DAGS_FOLDER/generate_order_process.py', '--cfg-path', '/tmp/tmpp7yv58wv']
[2025-06-14T03:49:12.746+0000] {standard_task_runner.py:85} INFO - Job 974: Subtask generate_order_process
[2025-06-14T03:49:12.793+0000] {task_command.py:415} INFO - Running <TaskInstance: ecommerce_generate_order_process.generate_order_process scheduled__2025-06-14T03:48:12.130199+00:00 [running]> on host 3498b866135e
[2025-06-14T03:49:12.879+0000] {taskinstance.py:1660} INFO - Exporting env vars: AIRFLOW_CTX_DAG_OWNER='***' AIRFLOW_CTX_DAG_ID='ecommerce_generate_order_process' AIRFLOW_CTX_TASK_ID='generate_order_process' AIRFLOW_CTX_EXECUTION_DATE='2025-06-14T03:48:12.130199+00:00' AIRFLOW_CTX_TRY_NUMBER='1' AIRFLOW_CTX_DAG_RUN_ID='scheduled__2025-06-14T03:48:12.130199+00:00'
[2025-06-14T03:49:12.890+0000] {logging_mixin.py:151} INFO - ----------------------------
[2025-06-14T03:49:12.891+0000] {logging_mixin.py:151} INFO - 302
[2025-06-14T03:49:12.891+0000] {logging_mixin.py:151} INFO - ----------------------------
[2025-06-14T03:49:12.896+0000] {logging_mixin.py:151} INFO - [(8, 1, Decimal('130.57'), Decimal('13.94'), Decimal('18.201458')), (45, 2, Decimal('602.50'), Decimal('19.00'), Decimal('228.9500')), (26, 5, Decimal('349.97'), Decimal('8.34'), Decimal('145.937490')), (4, 9, Decimal('38.75'), Decimal('2.09'), Decimal('7.288875'))]
[2025-06-14T03:49:12.897+0000] {logging_mixin.py:151} INFO - [(190, 8, 1, Decimal('130.57'), Decimal('13.94'), Decimal('18.201458')), (190, 45, 2, Decimal('602.50'), Decimal('19.00'), Decimal('228.9500')), (190, 26, 5, Decimal('349.97'), Decimal('8.34'), Decimal('145.937490')), (190, 4, 9, Decimal('38.75'), Decimal('2.09'), Decimal('7.288875'))]
[2025-06-14T03:49:12.898+0000] {logging_mixin.py:151} INFO - Simulation completed successfully!
[2025-06-14T03:49:12.899+0000] {logging_mixin.py:151} INFO - 190
[2025-06-14T03:49:12.899+0000] {python.py:194} INFO - Done. Returned value was: 190
[2025-06-14T03:49:12.927+0000] {taskinstance.py:1398} INFO - Marking task as SUCCESS. dag_id=ecommerce_generate_order_process, task_id=generate_order_process, execution_date=20250614T034812, start_date=20250614T034912, end_date=20250614T034912
[2025-06-14T03:49:12.957+0000] {local_task_job_runner.py:228} INFO - Task exited with return code 0
[2025-06-14T03:49:12.979+0000] {taskinstance.py:2776} INFO - 1 downstream tasks scheduled from follow-on schedule check
