[2025-06-14T03:53:13.516+0000] {taskinstance.py:1157} INFO - Dependencies all met for dep_context=non-requeueable deps ti=<TaskInstance: ecommerce_generate_order_process.generate_order_process scheduled__2025-06-14T03:52:12.130199+00:00 [queued]>
[2025-06-14T03:53:13.526+0000] {taskinstance.py:1157} INFO - Dependencies all met for dep_context=requeueable deps ti=<TaskInstance: ecommerce_generate_order_process.generate_order_process scheduled__2025-06-14T03:52:12.130199+00:00 [queued]>
[2025-06-14T03:53:13.526+0000] {taskinstance.py:1359} INFO - Starting attempt 1 of 6
[2025-06-14T03:53:13.540+0000] {taskinstance.py:1380} INFO - Executing <Task(_PythonDecoratedOperator): generate_order_process> on 2025-06-14 03:52:12.130199+00:00
[2025-06-14T03:53:13.547+0000] {standard_task_runner.py:57} INFO - Started process 11006 to run task
[2025-06-14T03:53:13.550+0000] {standard_task_runner.py:84} INFO - Running: ['***', 'tasks', 'run', 'ecommerce_generate_order_process', 'generate_order_process', 'scheduled__2025-06-14T03:52:12.130199+00:00', '--job-id', '994', '--raw', '--subdir', 'DAGS_FOLDER/generate_order_process.py', '--cfg-path', '/tmp/tmplw865db9']
[2025-06-14T03:53:13.552+0000] {standard_task_runner.py:85} INFO - Job 994: Subtask generate_order_process
[2025-06-14T03:53:13.620+0000] {task_command.py:415} INFO - Running <TaskInstance: ecommerce_generate_order_process.generate_order_process scheduled__2025-06-14T03:52:12.130199+00:00 [running]> on host 3498b866135e
[2025-06-14T03:53:13.743+0000] {taskinstance.py:1660} INFO - Exporting env vars: AIRFLOW_CTX_DAG_OWNER='***' AIRFLOW_CTX_DAG_ID='ecommerce_generate_order_process' AIRFLOW_CTX_TASK_ID='generate_order_process' AIRFLOW_CTX_EXECUTION_DATE='2025-06-14T03:52:12.130199+00:00' AIRFLOW_CTX_TRY_NUMBER='1' AIRFLOW_CTX_DAG_RUN_ID='scheduled__2025-06-14T03:52:12.130199+00:00'
[2025-06-14T03:53:13.762+0000] {logging_mixin.py:151} INFO - ----------------------------
[2025-06-14T03:53:13.762+0000] {logging_mixin.py:151} INFO - 149
[2025-06-14T03:53:13.762+0000] {logging_mixin.py:151} INFO - ----------------------------
[2025-06-14T03:53:13.771+0000] {logging_mixin.py:151} INFO - [(35, 3, Decimal('512.37'), Decimal('5.78'), Decimal('88.844958')), (21, 4, Decimal('841.78'), Decimal('5.97'), Decimal('201.017064')), (9, 4, Decimal('724.69'), Decimal('11.61'), Decimal('336.546036')), (24, 1, Decimal('387.14'), Decimal('4.66'), Decimal('18.040724')), (39, 6, Decimal('713.46'), Decimal('15.39'), Decimal('658.808964'))]
[2025-06-14T03:53:13.773+0000] {logging_mixin.py:151} INFO - [(194, 35, 3, Decimal('512.37'), Decimal('5.78'), Decimal('88.844958')), (194, 21, 4, Decimal('841.78'), Decimal('5.97'), Decimal('201.017064')), (194, 9, 4, Decimal('724.69'), Decimal('11.61'), Decimal('336.546036')), (194, 24, 1, Decimal('387.14'), Decimal('4.66'), Decimal('18.040724')), (194, 39, 6, Decimal('713.46'), Decimal('15.39'), Decimal('658.808964'))]
[2025-06-14T03:53:13.775+0000] {logging_mixin.py:151} INFO - Simulation completed successfully!
[2025-06-14T03:53:13.775+0000] {logging_mixin.py:151} INFO - 194
[2025-06-14T03:53:13.775+0000] {python.py:194} INFO - Done. Returned value was: 194
[2025-06-14T03:53:13.817+0000] {taskinstance.py:1398} INFO - Marking task as SUCCESS. dag_id=ecommerce_generate_order_process, task_id=generate_order_process, execution_date=20250614T035212, start_date=20250614T035313, end_date=20250614T035313
[2025-06-14T03:53:13.841+0000] {local_task_job_runner.py:228} INFO - Task exited with return code 0
[2025-06-14T03:53:13.872+0000] {taskinstance.py:2776} INFO - 1 downstream tasks scheduled from follow-on schedule check
