[2025-06-14T04:31:12.866+0000] {taskinstance.py:1157} INFO - Dependencies all met for dep_context=non-requeueable deps ti=<TaskInstance: ecommerce_generate_order_process.generate_order_process scheduled__2025-06-14T04:30:12.130199+00:00 [queued]>
[2025-06-14T04:31:12.874+0000] {taskinstance.py:1157} INFO - Dependencies all met for dep_context=requeueable deps ti=<TaskInstance: ecommerce_generate_order_process.generate_order_process scheduled__2025-06-14T04:30:12.130199+00:00 [queued]>
[2025-06-14T04:31:12.874+0000] {taskinstance.py:1359} INFO - Starting attempt 1 of 6
[2025-06-14T04:31:12.885+0000] {taskinstance.py:1380} INFO - Executing <Task(_PythonDecoratedOperator): generate_order_process> on 2025-06-14 04:30:12.130199+00:00
[2025-06-14T04:31:12.889+0000] {standard_task_runner.py:57} INFO - Started process 14346 to run task
[2025-06-14T04:31:12.891+0000] {standard_task_runner.py:84} INFO - Running: ['***', 'tasks', 'run', 'ecommerce_generate_order_process', 'generate_order_process', 'scheduled__2025-06-14T04:30:12.130199+00:00', '--job-id', '1184', '--raw', '--subdir', 'DAGS_FOLDER/generate_order_process.py', '--cfg-path', '/tmp/tmpzu11ajmc']
[2025-06-14T04:31:12.893+0000] {standard_task_runner.py:85} INFO - Job 1184: Subtask generate_order_process
[2025-06-14T04:31:12.940+0000] {task_command.py:415} INFO - Running <TaskInstance: ecommerce_generate_order_process.generate_order_process scheduled__2025-06-14T04:30:12.130199+00:00 [running]> on host 3498b866135e
[2025-06-14T04:31:13.026+0000] {taskinstance.py:1660} INFO - Exporting env vars: AIRFLOW_CTX_DAG_OWNER='***' AIRFLOW_CTX_DAG_ID='ecommerce_generate_order_process' AIRFLOW_CTX_TASK_ID='generate_order_process' AIRFLOW_CTX_EXECUTION_DATE='2025-06-14T04:30:12.130199+00:00' AIRFLOW_CTX_TRY_NUMBER='1' AIRFLOW_CTX_DAG_RUN_ID='scheduled__2025-06-14T04:30:12.130199+00:00'
[2025-06-14T04:31:13.039+0000] {logging_mixin.py:151} INFO - ----------------------------
[2025-06-14T04:31:13.039+0000] {logging_mixin.py:151} INFO - 118
[2025-06-14T04:31:13.039+0000] {logging_mixin.py:151} INFO - ----------------------------
[2025-06-14T04:31:13.044+0000] {logging_mixin.py:151} INFO - [(24, 1, Decimal('387.14'), Decimal('4.66'), Decimal('18.040724')), (17, 1, Decimal('207.60'), Decimal('14.70'), Decimal('30.51720')), (14, 5, Decimal('657.33'), Decimal('0.13'), Decimal('4.272645')), (27, 8, Decimal('412.73'), Decimal('3.00'), Decimal('99.0552')), (6, 1, Decimal('721.46'), Decimal('1.60'), Decimal('11.54336')), (32, 8, Decimal('133.92'), Decimal('4.07'), Decimal('43.604352'))]
[2025-06-14T04:31:13.046+0000] {logging_mixin.py:151} INFO - [(232, 24, 1, Decimal('387.14'), Decimal('4.66'), Decimal('18.040724')), (232, 17, 1, Decimal('207.60'), Decimal('14.70'), Decimal('30.51720')), (232, 14, 5, Decimal('657.33'), Decimal('0.13'), Decimal('4.272645')), (232, 27, 8, Decimal('412.73'), Decimal('3.00'), Decimal('99.0552')), (232, 6, 1, Decimal('721.46'), Decimal('1.60'), Decimal('11.54336')), (232, 32, 8, Decimal('133.92'), Decimal('4.07'), Decimal('43.604352'))]
[2025-06-14T04:31:13.047+0000] {logging_mixin.py:151} INFO - Simulation completed successfully!
[2025-06-14T04:31:13.047+0000] {logging_mixin.py:151} INFO - 232
[2025-06-14T04:31:13.047+0000] {python.py:194} INFO - Done. Returned value was: 232
[2025-06-14T04:31:13.077+0000] {taskinstance.py:1398} INFO - Marking task as SUCCESS. dag_id=ecommerce_generate_order_process, task_id=generate_order_process, execution_date=20250614T043012, start_date=20250614T043112, end_date=20250614T043113
[2025-06-14T04:31:13.103+0000] {local_task_job_runner.py:228} INFO - Task exited with return code 0
[2025-06-14T04:31:13.126+0000] {taskinstance.py:2776} INFO - 1 downstream tasks scheduled from follow-on schedule check
