[2025-06-13T13:26:40.940+0000] {taskinstance.py:1157} INFO - Dependencies all met for dep_context=non-requeueable deps ti=<TaskInstance: ecommerce_generate_product.check_category_generator_success scheduled__2025-06-01T00:00:00+00:00 [queued]>
[2025-06-13T13:26:40.947+0000] {taskinstance.py:1157} INFO - Dependencies all met for dep_context=requeueable deps ti=<TaskInstance: ecommerce_generate_product.check_category_generator_success scheduled__2025-06-01T00:00:00+00:00 [queued]>
[2025-06-13T13:26:40.947+0000] {taskinstance.py:1359} INFO - Starting attempt 1 of 6
[2025-06-13T13:26:40.958+0000] {taskinstance.py:1380} INFO - Executing <Task(PythonOperator): check_category_generator_success> on 2025-06-01 00:00:00+00:00
[2025-06-13T13:26:40.963+0000] {standard_task_runner.py:57} INFO - Started process 418 to run task
[2025-06-13T13:26:40.965+0000] {standard_task_runner.py:84} INFO - Running: ['***', 'tasks', 'run', 'ecommerce_generate_product', 'check_category_generator_success', 'scheduled__2025-06-01T00:00:00+00:00', '--job-id', '23', '--raw', '--subdir', 'DAGS_FOLDER/generate_product.py', '--cfg-path', '/tmp/tmpk3o32pn9']
[2025-06-13T13:26:40.967+0000] {standard_task_runner.py:85} INFO - Job 23: Subtask check_category_generator_success
[2025-06-13T13:26:41.020+0000] {task_command.py:415} INFO - Running <TaskInstance: ecommerce_generate_product.check_category_generator_success scheduled__2025-06-01T00:00:00+00:00 [running]> on host 3ddb9b5ffd69
[2025-06-13T13:26:41.110+0000] {taskinstance.py:1660} INFO - Exporting env vars: AIRFLOW_CTX_DAG_OWNER='***' AIRFLOW_CTX_DAG_ID='ecommerce_generate_product' AIRFLOW_CTX_TASK_ID='check_category_generator_success' AIRFLOW_CTX_EXECUTION_DATE='2025-06-01T00:00:00+00:00' AIRFLOW_CTX_TRY_NUMBER='1' AIRFLOW_CTX_DAG_RUN_ID='scheduled__2025-06-01T00:00:00+00:00'
[2025-06-13T13:26:41.123+0000] {python.py:194} INFO - Done. Returned value was: None
[2025-06-13T13:26:41.137+0000] {taskinstance.py:1398} INFO - Marking task as SUCCESS. dag_id=ecommerce_generate_product, task_id=check_category_generator_success, execution_date=20250601T000000, start_date=20250613T132640, end_date=20250613T132641
[2025-06-13T13:26:41.177+0000] {local_task_job_runner.py:228} INFO - Task exited with return code 0
[2025-06-13T13:26:41.274+0000] {taskinstance.py:2776} INFO - 1 downstream tasks scheduled from follow-on schedule check
[2025-06-13T13:37:47.960+0000] {taskinstance.py:1157} INFO - Dependencies all met for dep_context=non-requeueable deps ti=<TaskInstance: ecommerce_generate_product.check_category_generator_success scheduled__2025-06-01T00:00:00+00:00 [queued]>
[2025-06-13T13:37:47.969+0000] {taskinstance.py:1157} INFO - Dependencies all met for dep_context=requeueable deps ti=<TaskInstance: ecommerce_generate_product.check_category_generator_success scheduled__2025-06-01T00:00:00+00:00 [queued]>
[2025-06-13T13:37:47.969+0000] {taskinstance.py:1359} INFO - Starting attempt 1 of 6
[2025-06-13T13:37:47.980+0000] {taskinstance.py:1380} INFO - Executing <Task(PythonOperator): check_category_generator_success> on 2025-06-01 00:00:00+00:00
[2025-06-13T13:37:47.986+0000] {standard_task_runner.py:57} INFO - Started process 418 to run task
[2025-06-13T13:37:47.988+0000] {standard_task_runner.py:84} INFO - Running: ['***', 'tasks', 'run', 'ecommerce_generate_product', 'check_category_generator_success', 'scheduled__2025-06-01T00:00:00+00:00', '--job-id', '23', '--raw', '--subdir', 'DAGS_FOLDER/generate_product.py', '--cfg-path', '/tmp/tmpx4pmj_e4']
[2025-06-13T13:37:47.990+0000] {standard_task_runner.py:85} INFO - Job 23: Subtask check_category_generator_success
[2025-06-13T13:37:48.043+0000] {task_command.py:415} INFO - Running <TaskInstance: ecommerce_generate_product.check_category_generator_success scheduled__2025-06-01T00:00:00+00:00 [running]> on host 76a309d19f9c
[2025-06-13T13:37:48.134+0000] {taskinstance.py:1660} INFO - Exporting env vars: AIRFLOW_CTX_DAG_OWNER='***' AIRFLOW_CTX_DAG_ID='ecommerce_generate_product' AIRFLOW_CTX_TASK_ID='check_category_generator_success' AIRFLOW_CTX_EXECUTION_DATE='2025-06-01T00:00:00+00:00' AIRFLOW_CTX_TRY_NUMBER='1' AIRFLOW_CTX_DAG_RUN_ID='scheduled__2025-06-01T00:00:00+00:00'
[2025-06-13T13:37:48.147+0000] {python.py:194} INFO - Done. Returned value was: None
[2025-06-13T13:37:48.160+0000] {taskinstance.py:1398} INFO - Marking task as SUCCESS. dag_id=ecommerce_generate_product, task_id=check_category_generator_success, execution_date=20250601T000000, start_date=20250613T133747, end_date=20250613T133748
[2025-06-13T13:37:48.200+0000] {local_task_job_runner.py:228} INFO - Task exited with return code 0
[2025-06-13T13:37:48.231+0000] {taskinstance.py:2776} INFO - 1 downstream tasks scheduled from follow-on schedule check
[2025-06-13T13:43:51.417+0000] {taskinstance.py:1157} INFO - Dependencies all met for dep_context=non-requeueable deps ti=<TaskInstance: ecommerce_generate_product.check_category_generator_success scheduled__2025-06-01T00:00:00+00:00 [queued]>
[2025-06-13T13:43:51.426+0000] {taskinstance.py:1157} INFO - Dependencies all met for dep_context=requeueable deps ti=<TaskInstance: ecommerce_generate_product.check_category_generator_success scheduled__2025-06-01T00:00:00+00:00 [queued]>
[2025-06-13T13:43:51.426+0000] {taskinstance.py:1359} INFO - Starting attempt 1 of 6
[2025-06-13T13:43:51.437+0000] {taskinstance.py:1380} INFO - Executing <Task(PythonOperator): check_category_generator_success> on 2025-06-01 00:00:00+00:00
[2025-06-13T13:43:51.443+0000] {standard_task_runner.py:57} INFO - Started process 418 to run task
[2025-06-13T13:43:51.445+0000] {standard_task_runner.py:84} INFO - Running: ['***', 'tasks', 'run', 'ecommerce_generate_product', 'check_category_generator_success', 'scheduled__2025-06-01T00:00:00+00:00', '--job-id', '23', '--raw', '--subdir', 'DAGS_FOLDER/generate_product.py', '--cfg-path', '/tmp/tmp5synic44']
[2025-06-13T13:43:51.447+0000] {standard_task_runner.py:85} INFO - Job 23: Subtask check_category_generator_success
[2025-06-13T13:43:51.505+0000] {task_command.py:415} INFO - Running <TaskInstance: ecommerce_generate_product.check_category_generator_success scheduled__2025-06-01T00:00:00+00:00 [running]> on host 4821ab4d0de9
[2025-06-13T13:43:51.598+0000] {taskinstance.py:1660} INFO - Exporting env vars: AIRFLOW_CTX_DAG_OWNER='***' AIRFLOW_CTX_DAG_ID='ecommerce_generate_product' AIRFLOW_CTX_TASK_ID='check_category_generator_success' AIRFLOW_CTX_EXECUTION_DATE='2025-06-01T00:00:00+00:00' AIRFLOW_CTX_TRY_NUMBER='1' AIRFLOW_CTX_DAG_RUN_ID='scheduled__2025-06-01T00:00:00+00:00'
[2025-06-13T13:43:51.611+0000] {python.py:194} INFO - Done. Returned value was: None
[2025-06-13T13:43:51.625+0000] {taskinstance.py:1398} INFO - Marking task as SUCCESS. dag_id=ecommerce_generate_product, task_id=check_category_generator_success, execution_date=20250601T000000, start_date=20250613T134351, end_date=20250613T134351
[2025-06-13T13:43:51.657+0000] {local_task_job_runner.py:228} INFO - Task exited with return code 0
[2025-06-13T13:43:51.685+0000] {taskinstance.py:2776} INFO - 1 downstream tasks scheduled from follow-on schedule check
[2025-06-13T13:56:12.205+0000] {taskinstance.py:1157} INFO - Dependencies all met for dep_context=non-requeueable deps ti=<TaskInstance: ecommerce_generate_product.check_category_generator_success scheduled__2025-06-01T00:00:00+00:00 [queued]>
[2025-06-13T13:56:12.214+0000] {taskinstance.py:1157} INFO - Dependencies all met for dep_context=requeueable deps ti=<TaskInstance: ecommerce_generate_product.check_category_generator_success scheduled__2025-06-01T00:00:00+00:00 [queued]>
[2025-06-13T13:56:12.214+0000] {taskinstance.py:1359} INFO - Starting attempt 1 of 6
[2025-06-13T13:56:12.225+0000] {taskinstance.py:1380} INFO - Executing <Task(PythonOperator): check_category_generator_success> on 2025-06-01 00:00:00+00:00
[2025-06-13T13:56:12.232+0000] {standard_task_runner.py:57} INFO - Started process 424 to run task
[2025-06-13T13:56:12.234+0000] {standard_task_runner.py:84} INFO - Running: ['***', 'tasks', 'run', 'ecommerce_generate_product', 'check_category_generator_success', 'scheduled__2025-06-01T00:00:00+00:00', '--job-id', '26', '--raw', '--subdir', 'DAGS_FOLDER/generate_product.py', '--cfg-path', '/tmp/tmpmig_v01q']
[2025-06-13T13:56:12.236+0000] {standard_task_runner.py:85} INFO - Job 26: Subtask check_category_generator_success
[2025-06-13T13:56:12.292+0000] {task_command.py:415} INFO - Running <TaskInstance: ecommerce_generate_product.check_category_generator_success scheduled__2025-06-01T00:00:00+00:00 [running]> on host f1d84043854e
[2025-06-13T13:56:12.387+0000] {taskinstance.py:1660} INFO - Exporting env vars: AIRFLOW_CTX_DAG_OWNER='***' AIRFLOW_CTX_DAG_ID='ecommerce_generate_product' AIRFLOW_CTX_TASK_ID='check_category_generator_success' AIRFLOW_CTX_EXECUTION_DATE='2025-06-01T00:00:00+00:00' AIRFLOW_CTX_TRY_NUMBER='1' AIRFLOW_CTX_DAG_RUN_ID='scheduled__2025-06-01T00:00:00+00:00'
[2025-06-13T13:56:12.403+0000] {python.py:194} INFO - Done. Returned value was: None
[2025-06-13T13:56:12.418+0000] {taskinstance.py:1398} INFO - Marking task as SUCCESS. dag_id=ecommerce_generate_product, task_id=check_category_generator_success, execution_date=20250601T000000, start_date=20250613T135612, end_date=20250613T135612
[2025-06-13T13:56:12.446+0000] {local_task_job_runner.py:228} INFO - Task exited with return code 0
[2025-06-13T13:56:12.475+0000] {taskinstance.py:2776} INFO - 1 downstream tasks scheduled from follow-on schedule check
[2025-06-13T14:10:48.116+0000] {taskinstance.py:1157} INFO - Dependencies all met for dep_context=non-requeueable deps ti=<TaskInstance: ecommerce_generate_product.check_category_generator_success scheduled__2025-06-01T00:00:00+00:00 [queued]>
[2025-06-13T14:10:48.123+0000] {taskinstance.py:1157} INFO - Dependencies all met for dep_context=requeueable deps ti=<TaskInstance: ecommerce_generate_product.check_category_generator_success scheduled__2025-06-01T00:00:00+00:00 [queued]>
[2025-06-13T14:10:48.124+0000] {taskinstance.py:1359} INFO - Starting attempt 1 of 6
[2025-06-13T14:10:48.134+0000] {taskinstance.py:1380} INFO - Executing <Task(PythonOperator): check_category_generator_success> on 2025-06-01 00:00:00+00:00
[2025-06-13T14:10:48.140+0000] {standard_task_runner.py:57} INFO - Started process 418 to run task
[2025-06-13T14:10:48.142+0000] {standard_task_runner.py:84} INFO - Running: ['***', 'tasks', 'run', 'ecommerce_generate_product', 'check_category_generator_success', 'scheduled__2025-06-01T00:00:00+00:00', '--job-id', '23', '--raw', '--subdir', 'DAGS_FOLDER/generate_product.py', '--cfg-path', '/tmp/tmp1iass6c2']
[2025-06-13T14:10:48.143+0000] {standard_task_runner.py:85} INFO - Job 23: Subtask check_category_generator_success
[2025-06-13T14:10:48.197+0000] {task_command.py:415} INFO - Running <TaskInstance: ecommerce_generate_product.check_category_generator_success scheduled__2025-06-01T00:00:00+00:00 [running]> on host 3bda607c6347
[2025-06-13T14:10:48.288+0000] {taskinstance.py:1660} INFO - Exporting env vars: AIRFLOW_CTX_DAG_OWNER='***' AIRFLOW_CTX_DAG_ID='ecommerce_generate_product' AIRFLOW_CTX_TASK_ID='check_category_generator_success' AIRFLOW_CTX_EXECUTION_DATE='2025-06-01T00:00:00+00:00' AIRFLOW_CTX_TRY_NUMBER='1' AIRFLOW_CTX_DAG_RUN_ID='scheduled__2025-06-01T00:00:00+00:00'
[2025-06-13T14:10:48.303+0000] {python.py:194} INFO - Done. Returned value was: None
[2025-06-13T14:10:48.317+0000] {taskinstance.py:1398} INFO - Marking task as SUCCESS. dag_id=ecommerce_generate_product, task_id=check_category_generator_success, execution_date=20250601T000000, start_date=20250613T141048, end_date=20250613T141048
[2025-06-13T14:10:48.353+0000] {local_task_job_runner.py:228} INFO - Task exited with return code 0
[2025-06-13T14:10:48.383+0000] {taskinstance.py:2776} INFO - 1 downstream tasks scheduled from follow-on schedule check
[2025-06-13T15:52:58.117+0000] {taskinstance.py:1157} INFO - Dependencies all met for dep_context=non-requeueable deps ti=<TaskInstance: ecommerce_generate_product.check_category_generator_success scheduled__2025-06-01T00:00:00+00:00 [queued]>
[2025-06-13T15:52:58.135+0000] {taskinstance.py:1157} INFO - Dependencies all met for dep_context=requeueable deps ti=<TaskInstance: ecommerce_generate_product.check_category_generator_success scheduled__2025-06-01T00:00:00+00:00 [queued]>
[2025-06-13T15:52:58.135+0000] {taskinstance.py:1359} INFO - Starting attempt 1 of 6
[2025-06-13T15:52:58.158+0000] {taskinstance.py:1380} INFO - Executing <Task(PythonOperator): check_category_generator_success> on 2025-06-01 00:00:00+00:00
[2025-06-13T15:52:58.167+0000] {standard_task_runner.py:57} INFO - Started process 417 to run task
[2025-06-13T15:52:58.171+0000] {standard_task_runner.py:84} INFO - Running: ['***', 'tasks', 'run', 'ecommerce_generate_product', 'check_category_generator_success', 'scheduled__2025-06-01T00:00:00+00:00', '--job-id', '23', '--raw', '--subdir', 'DAGS_FOLDER/generate_product.py', '--cfg-path', '/tmp/tmppxy4rkmj']
[2025-06-13T15:52:58.175+0000] {standard_task_runner.py:85} INFO - Job 23: Subtask check_category_generator_success
[2025-06-13T15:52:58.299+0000] {task_command.py:415} INFO - Running <TaskInstance: ecommerce_generate_product.check_category_generator_success scheduled__2025-06-01T00:00:00+00:00 [running]> on host 3498b866135e
[2025-06-13T15:52:58.608+0000] {taskinstance.py:1660} INFO - Exporting env vars: AIRFLOW_CTX_DAG_OWNER='***' AIRFLOW_CTX_DAG_ID='ecommerce_generate_product' AIRFLOW_CTX_TASK_ID='check_category_generator_success' AIRFLOW_CTX_EXECUTION_DATE='2025-06-01T00:00:00+00:00' AIRFLOW_CTX_TRY_NUMBER='1' AIRFLOW_CTX_DAG_RUN_ID='scheduled__2025-06-01T00:00:00+00:00'
[2025-06-13T15:52:58.669+0000] {python.py:194} INFO - Done. Returned value was: None
[2025-06-13T15:52:58.732+0000] {taskinstance.py:1398} INFO - Marking task as SUCCESS. dag_id=ecommerce_generate_product, task_id=check_category_generator_success, execution_date=20250601T000000, start_date=20250613T155258, end_date=20250613T155258
[2025-06-13T15:52:58.784+0000] {local_task_job_runner.py:228} INFO - Task exited with return code 0
[2025-06-13T15:52:58.880+0000] {taskinstance.py:2776} INFO - 1 downstream tasks scheduled from follow-on schedule check
