[2025-06-13T13:46:34.041+0000] {taskinstance.py:1157} INFO - Dependencies all met for dep_context=non-requeueable deps ti=<TaskInstance: ecommerce_generate_order_process.generate_order_process scheduled__2025-06-13T13:45:32.761202+00:00 [queued]>
[2025-06-13T13:46:34.049+0000] {taskinstance.py:1157} INFO - Dependencies all met for dep_context=requeueable deps ti=<TaskInstance: ecommerce_generate_order_process.generate_order_process scheduled__2025-06-13T13:45:32.761202+00:00 [queued]>
[2025-06-13T13:46:34.049+0000] {taskinstance.py:1359} INFO - Starting attempt 1 of 6
[2025-06-13T13:46:34.060+0000] {taskinstance.py:1380} INFO - Executing <Task(_PythonDecoratedOperator): generate_order_process> on 2025-06-13 13:45:32.761202+00:00
[2025-06-13T13:46:34.066+0000] {standard_task_runner.py:57} INFO - Started process 648 to run task
[2025-06-13T13:46:34.068+0000] {standard_task_runner.py:84} INFO - Running: ['***', 'tasks', 'run', 'ecommerce_generate_order_process', 'generate_order_process', 'scheduled__2025-06-13T13:45:32.761202+00:00', '--job-id', '38', '--raw', '--subdir', 'DAGS_FOLDER/generate_order_process.py', '--cfg-path', '/tmp/tmpt8034dtv']
[2025-06-13T13:46:34.070+0000] {standard_task_runner.py:85} INFO - Job 38: Subtask generate_order_process
[2025-06-13T13:46:34.122+0000] {task_command.py:415} INFO - Running <TaskInstance: ecommerce_generate_order_process.generate_order_process scheduled__2025-06-13T13:45:32.761202+00:00 [running]> on host 4821ab4d0de9
[2025-06-13T13:46:34.219+0000] {taskinstance.py:1660} INFO - Exporting env vars: AIRFLOW_CTX_DAG_OWNER='***' AIRFLOW_CTX_DAG_ID='ecommerce_generate_order_process' AIRFLOW_CTX_TASK_ID='generate_order_process' AIRFLOW_CTX_EXECUTION_DATE='2025-06-13T13:45:32.761202+00:00' AIRFLOW_CTX_TRY_NUMBER='1' AIRFLOW_CTX_DAG_RUN_ID='scheduled__2025-06-13T13:45:32.761202+00:00'
[2025-06-13T13:46:34.232+0000] {logging_mixin.py:151} INFO - ----------------------------
[2025-06-13T13:46:34.232+0000] {logging_mixin.py:151} INFO - 10
[2025-06-13T13:46:34.232+0000] {logging_mixin.py:151} INFO - ----------------------------
[2025-06-13T13:46:34.239+0000] {logging_mixin.py:151} INFO - [(20, 5, Decimal('415.91'), Decimal('4.83'), Decimal('100.442265')), (15, 6, Decimal('732.57'), Decimal('12.29'), Decimal('540.197118')), (12, 5, Decimal('728.28'), Decimal('0.83'), Decimal('30.223620')), (24, 6, Decimal('44.93'), Decimal('5.45'), Decimal('14.692110')), (5, 3, Decimal('332.12'), Decimal('9.25'), Decimal('92.163300')), (3, 2, Decimal('721.80'), Decimal('19.15'), Decimal('276.449400')), (18, 1, Decimal('981.92'), Decimal('8.07'), Decimal('79.240944'))]
[2025-06-13T13:46:34.241+0000] {logging_mixin.py:151} INFO - [(2, 20, 5, Decimal('415.91'), Decimal('4.83'), Decimal('100.442265')), (2, 15, 6, Decimal('732.57'), Decimal('12.29'), Decimal('540.197118')), (2, 12, 5, Decimal('728.28'), Decimal('0.83'), Decimal('30.223620')), (2, 24, 6, Decimal('44.93'), Decimal('5.45'), Decimal('14.692110')), (2, 5, 3, Decimal('332.12'), Decimal('9.25'), Decimal('92.163300')), (2, 3, 2, Decimal('721.80'), Decimal('19.15'), Decimal('276.449400')), (2, 18, 1, Decimal('981.92'), Decimal('8.07'), Decimal('79.240944'))]
[2025-06-13T13:46:34.242+0000] {logging_mixin.py:151} INFO - Simulation completed successfully!
[2025-06-13T13:46:34.242+0000] {logging_mixin.py:151} INFO - 2
[2025-06-13T13:46:34.242+0000] {python.py:194} INFO - Done. Returned value was: 2
[2025-06-13T13:46:34.274+0000] {taskinstance.py:1398} INFO - Marking task as SUCCESS. dag_id=ecommerce_generate_order_process, task_id=generate_order_process, execution_date=20250613T134532, start_date=20250613T134634, end_date=20250613T134634
[2025-06-13T13:46:34.320+0000] {local_task_job_runner.py:228} INFO - Task exited with return code 0
[2025-06-13T13:46:34.381+0000] {taskinstance.py:2776} INFO - 1 downstream tasks scheduled from follow-on schedule check
