[2025-06-14T02:57:12.874+0000] {taskinstance.py:1157} INFO - Dependencies all met for dep_context=non-requeueable deps ti=<TaskInstance: ecommerce_generate_order_process.generate_order_process scheduled__2025-06-14T02:56:12.033460+00:00 [queued]>
[2025-06-14T02:57:12.881+0000] {taskinstance.py:1157} INFO - Dependencies all met for dep_context=requeueable deps ti=<TaskInstance: ecommerce_generate_order_process.generate_order_process scheduled__2025-06-14T02:56:12.033460+00:00 [queued]>
[2025-06-14T02:57:12.881+0000] {taskinstance.py:1359} INFO - Starting attempt 1 of 6
[2025-06-14T02:57:12.897+0000] {taskinstance.py:1380} INFO - Executing <Task(_PythonDecoratedOperator): generate_order_process> on 2025-06-14 02:56:12.033460+00:00
[2025-06-14T02:57:12.902+0000] {standard_task_runner.py:57} INFO - Started process 6046 to run task
[2025-06-14T02:57:12.904+0000] {standard_task_runner.py:84} INFO - Running: ['***', 'tasks', 'run', 'ecommerce_generate_order_process', 'generate_order_process', 'scheduled__2025-06-14T02:56:12.033460+00:00', '--job-id', '714', '--raw', '--subdir', 'DAGS_FOLDER/generate_order_process.py', '--cfg-path', '/tmp/tmpmydesu1p']
[2025-06-14T02:57:12.906+0000] {standard_task_runner.py:85} INFO - Job 714: Subtask generate_order_process
[2025-06-14T02:57:12.964+0000] {task_command.py:415} INFO - Running <TaskInstance: ecommerce_generate_order_process.generate_order_process scheduled__2025-06-14T02:56:12.033460+00:00 [running]> on host 3498b866135e
[2025-06-14T02:57:13.060+0000] {taskinstance.py:1660} INFO - Exporting env vars: AIRFLOW_CTX_DAG_OWNER='***' AIRFLOW_CTX_DAG_ID='ecommerce_generate_order_process' AIRFLOW_CTX_TASK_ID='generate_order_process' AIRFLOW_CTX_EXECUTION_DATE='2025-06-14T02:56:12.033460+00:00' AIRFLOW_CTX_TRY_NUMBER='1' AIRFLOW_CTX_DAG_RUN_ID='scheduled__2025-06-14T02:56:12.033460+00:00'
[2025-06-14T02:57:13.072+0000] {logging_mixin.py:151} INFO - ----------------------------
[2025-06-14T02:57:13.072+0000] {logging_mixin.py:151} INFO - 22
[2025-06-14T02:57:13.073+0000] {logging_mixin.py:151} INFO - ----------------------------
[2025-06-14T02:57:13.077+0000] {logging_mixin.py:151} INFO - [(3, 7, Decimal('946.29'), Decimal('2.59'), Decimal('171.562377')), (46, 9, Decimal('279.46'), Decimal('19.12'), Decimal('480.894768')), (32, 8, Decimal('133.92'), Decimal('4.07'), Decimal('43.604352')), (31, 6, Decimal('878.54'), Decimal('16.74'), Decimal('882.405576')), (38, 4, Decimal('79.94'), Decimal('0.52'), Decimal('1.662752')), (30, 2, Decimal('913.08'), Decimal('18.10'), Decimal('330.53496')), (25, 2, Decimal('34.67'), Decimal('5.72'), Decimal('3.966248')), (33, 9, Decimal('508.62'), Decimal('3.37'), Decimal('154.264446')), (36, 1, Decimal('745.80'), Decimal('1.07'), Decimal('7.980060'))]
[2025-06-14T02:57:13.079+0000] {logging_mixin.py:151} INFO - [(138, 3, 7, Decimal('946.29'), Decimal('2.59'), Decimal('171.562377')), (138, 46, 9, Decimal('279.46'), Decimal('19.12'), Decimal('480.894768')), (138, 32, 8, Decimal('133.92'), Decimal('4.07'), Decimal('43.604352')), (138, 31, 6, Decimal('878.54'), Decimal('16.74'), Decimal('882.405576')), (138, 38, 4, Decimal('79.94'), Decimal('0.52'), Decimal('1.662752')), (138, 30, 2, Decimal('913.08'), Decimal('18.10'), Decimal('330.53496')), (138, 25, 2, Decimal('34.67'), Decimal('5.72'), Decimal('3.966248')), (138, 33, 9, Decimal('508.62'), Decimal('3.37'), Decimal('154.264446')), (138, 36, 1, Decimal('745.80'), Decimal('1.07'), Decimal('7.980060'))]
[2025-06-14T02:57:13.080+0000] {logging_mixin.py:151} INFO - Simulation completed successfully!
[2025-06-14T02:57:13.080+0000] {logging_mixin.py:151} INFO - 138
[2025-06-14T02:57:13.080+0000] {python.py:194} INFO - Done. Returned value was: 138
[2025-06-14T02:57:13.110+0000] {taskinstance.py:1398} INFO - Marking task as SUCCESS. dag_id=ecommerce_generate_order_process, task_id=generate_order_process, execution_date=20250614T025612, start_date=20250614T025712, end_date=20250614T025713
[2025-06-14T02:57:13.155+0000] {local_task_job_runner.py:228} INFO - Task exited with return code 0
[2025-06-14T02:57:13.178+0000] {taskinstance.py:2776} INFO - 1 downstream tasks scheduled from follow-on schedule check
