[2025-06-14T01:56:13.533+0000] {taskinstance.py:1157} INFO - Dependencies all met for dep_context=non-requeueable deps ti=<TaskInstance: ecommerce_generate_order_process.generate_order_process scheduled__2025-06-14T01:55:11.775941+00:00 [queued]>
[2025-06-14T01:56:13.539+0000] {taskinstance.py:1157} INFO - Dependencies all met for dep_context=requeueable deps ti=<TaskInstance: ecommerce_generate_order_process.generate_order_process scheduled__2025-06-14T01:55:11.775941+00:00 [queued]>
[2025-06-14T01:56:13.539+0000] {taskinstance.py:1359} INFO - Starting attempt 1 of 6
[2025-06-14T01:56:13.635+0000] {taskinstance.py:1380} INFO - Executing <Task(_PythonDecoratedOperator): generate_order_process> on 2025-06-14 01:55:11.775941+00:00
[2025-06-14T01:56:13.639+0000] {standard_task_runner.py:57} INFO - Started process 640 to run task
[2025-06-14T01:56:13.641+0000] {standard_task_runner.py:84} INFO - Running: ['***', 'tasks', 'run', 'ecommerce_generate_order_process', 'generate_order_process', 'scheduled__2025-06-14T01:55:11.775941+00:00', '--job-id', '391', '--raw', '--subdir', 'DAGS_FOLDER/generate_order_process.py', '--cfg-path', '/tmp/tmpznjqqdqn']
[2025-06-14T01:56:13.643+0000] {standard_task_runner.py:85} INFO - Job 391: Subtask generate_order_process
[2025-06-14T01:56:13.773+0000] {task_command.py:415} INFO - Running <TaskInstance: ecommerce_generate_order_process.generate_order_process scheduled__2025-06-14T01:55:11.775941+00:00 [running]> on host 3498b866135e
[2025-06-14T01:56:14.117+0000] {taskinstance.py:1660} INFO - Exporting env vars: AIRFLOW_CTX_DAG_OWNER='***' AIRFLOW_CTX_DAG_ID='ecommerce_generate_order_process' AIRFLOW_CTX_TASK_ID='generate_order_process' AIRFLOW_CTX_EXECUTION_DATE='2025-06-14T01:55:11.775941+00:00' AIRFLOW_CTX_TRY_NUMBER='1' AIRFLOW_CTX_DAG_RUN_ID='scheduled__2025-06-14T01:55:11.775941+00:00'
[2025-06-14T01:56:14.128+0000] {logging_mixin.py:151} INFO - ----------------------------
[2025-06-14T01:56:14.128+0000] {logging_mixin.py:151} INFO - 124
[2025-06-14T01:56:14.128+0000] {logging_mixin.py:151} INFO - ----------------------------
[2025-06-14T01:56:14.133+0000] {logging_mixin.py:151} INFO - [(18, 9, Decimal('697.86'), Decimal('6.91'), Decimal('433.999134')), (4, 9, Decimal('38.75'), Decimal('2.09'), Decimal('7.288875')), (23, 1, Decimal('521.30'), Decimal('16.80'), Decimal('87.57840')), (8, 1, Decimal('130.57'), Decimal('13.94'), Decimal('18.201458')), (3, 7, Decimal('946.29'), Decimal('2.59'), Decimal('171.562377')), (13, 4, Decimal('411.98'), Decimal('16.77'), Decimal('276.356184'))]
[2025-06-14T01:56:14.134+0000] {logging_mixin.py:151} INFO - [(76, 18, 9, Decimal('697.86'), Decimal('6.91'), Decimal('433.999134')), (76, 4, 9, Decimal('38.75'), Decimal('2.09'), Decimal('7.288875')), (76, 23, 1, Decimal('521.30'), Decimal('16.80'), Decimal('87.57840')), (76, 8, 1, Decimal('130.57'), Decimal('13.94'), Decimal('18.201458')), (76, 3, 7, Decimal('946.29'), Decimal('2.59'), Decimal('171.562377')), (76, 13, 4, Decimal('411.98'), Decimal('16.77'), Decimal('276.356184'))]
[2025-06-14T01:56:14.219+0000] {logging_mixin.py:151} INFO - Simulation completed successfully!
[2025-06-14T01:56:14.219+0000] {logging_mixin.py:151} INFO - 76
[2025-06-14T01:56:14.219+0000] {python.py:194} INFO - Done. Returned value was: 76
[2025-06-14T01:56:14.332+0000] {taskinstance.py:1398} INFO - Marking task as SUCCESS. dag_id=ecommerce_generate_order_process, task_id=generate_order_process, execution_date=20250614T015511, start_date=20250614T015613, end_date=20250614T015614
[2025-06-14T01:56:14.615+0000] {local_task_job_runner.py:228} INFO - Task exited with return code 0
[2025-06-14T01:56:14.670+0000] {taskinstance.py:2776} INFO - 1 downstream tasks scheduled from follow-on schedule check
