[2025-06-14T02:20:19.479+0000] {taskinstance.py:1157} INFO - Dependencies all met for dep_context=non-requeueable deps ti=<TaskInstance: ecommerce_generate_order_process.generate_order_process scheduled__2025-06-14T02:19:11.775941+00:00 [queued]>
[2025-06-14T02:20:19.489+0000] {taskinstance.py:1157} INFO - Dependencies all met for dep_context=requeueable deps ti=<TaskInstance: ecommerce_generate_order_process.generate_order_process scheduled__2025-06-14T02:19:11.775941+00:00 [queued]>
[2025-06-14T02:20:19.489+0000] {taskinstance.py:1359} INFO - Starting attempt 1 of 6
[2025-06-14T02:20:19.506+0000] {taskinstance.py:1380} INFO - Executing <Task(_PythonDecoratedOperator): generate_order_process> on 2025-06-14 02:19:11.775941+00:00
[2025-06-14T02:20:19.512+0000] {standard_task_runner.py:57} INFO - Started process 2796 to run task
[2025-06-14T02:20:19.514+0000] {standard_task_runner.py:84} INFO - Running: ['***', 'tasks', 'run', 'ecommerce_generate_order_process', 'generate_order_process', 'scheduled__2025-06-14T02:19:11.775941+00:00', '--job-id', '529', '--raw', '--subdir', 'DAGS_FOLDER/generate_order_process.py', '--cfg-path', '/tmp/tmpgd2tydvh']
[2025-06-14T02:20:19.517+0000] {standard_task_runner.py:85} INFO - Job 529: Subtask generate_order_process
[2025-06-14T02:20:19.601+0000] {task_command.py:415} INFO - Running <TaskInstance: ecommerce_generate_order_process.generate_order_process scheduled__2025-06-14T02:19:11.775941+00:00 [running]> on host 3498b866135e
[2025-06-14T02:20:19.728+0000] {taskinstance.py:1660} INFO - Exporting env vars: AIRFLOW_CTX_DAG_OWNER='***' AIRFLOW_CTX_DAG_ID='ecommerce_generate_order_process' AIRFLOW_CTX_TASK_ID='generate_order_process' AIRFLOW_CTX_EXECUTION_DATE='2025-06-14T02:19:11.775941+00:00' AIRFLOW_CTX_TRY_NUMBER='1' AIRFLOW_CTX_DAG_RUN_ID='scheduled__2025-06-14T02:19:11.775941+00:00'
[2025-06-14T02:20:19.745+0000] {logging_mixin.py:151} INFO - ----------------------------
[2025-06-14T02:20:19.745+0000] {logging_mixin.py:151} INFO - 15
[2025-06-14T02:20:19.745+0000] {logging_mixin.py:151} INFO - ----------------------------
[2025-06-14T02:20:19.753+0000] {logging_mixin.py:151} INFO - [(8, 1, Decimal('130.57'), Decimal('13.94'), Decimal('18.201458')), (15, 7, Decimal('523.55'), Decimal('19.06'), Decimal('698.520410')), (45, 2, Decimal('602.50'), Decimal('19.00'), Decimal('228.9500')), (49, 8, Decimal('42.29'), Decimal('1.49'), Decimal('5.040968'))]
[2025-06-14T02:20:19.755+0000] {logging_mixin.py:151} INFO - [(101, 8, 1, Decimal('130.57'), Decimal('13.94'), Decimal('18.201458')), (101, 15, 7, Decimal('523.55'), Decimal('19.06'), Decimal('698.520410')), (101, 45, 2, Decimal('602.50'), Decimal('19.00'), Decimal('228.9500')), (101, 49, 8, Decimal('42.29'), Decimal('1.49'), Decimal('5.040968'))]
[2025-06-14T02:20:19.756+0000] {logging_mixin.py:151} INFO - Simulation completed successfully!
[2025-06-14T02:20:19.756+0000] {logging_mixin.py:151} INFO - 101
[2025-06-14T02:20:19.757+0000] {python.py:194} INFO - Done. Returned value was: 101
[2025-06-14T02:20:19.801+0000] {taskinstance.py:1398} INFO - Marking task as SUCCESS. dag_id=ecommerce_generate_order_process, task_id=generate_order_process, execution_date=20250614T021911, start_date=20250614T022019, end_date=20250614T022019
[2025-06-14T02:20:19.847+0000] {local_task_job_runner.py:228} INFO - Task exited with return code 0
[2025-06-14T02:20:19.875+0000] {taskinstance.py:2776} INFO - 1 downstream tasks scheduled from follow-on schedule check
