[2025-06-13T13:15:46.006+0000] {taskinstance.py:1157} INFO - Dependencies all met for dep_context=non-requeueable deps ti=<TaskInstance: ecommerce_generate_province_and_city.generate_provinces_info scheduled__2023-12-01T00:00:00+00:00 [queued]>
[2025-06-13T13:15:46.040+0000] {taskinstance.py:1157} INFO - Dependencies all met for dep_context=requeueable deps ti=<TaskInstance: ecommerce_generate_province_and_city.generate_provinces_info scheduled__2023-12-01T00:00:00+00:00 [queued]>
[2025-06-13T13:15:46.042+0000] {taskinstance.py:1359} INFO - Starting attempt 1 of 2
[2025-06-13T13:15:46.161+0000] {taskinstance.py:1380} INFO - Executing <Task(PythonOperator): generate_provinces_info> on 2023-12-01 00:00:00+00:00
[2025-06-13T13:15:46.193+0000] {standard_task_runner.py:57} INFO - Started process 253 to run task
[2025-06-13T13:15:46.211+0000] {standard_task_runner.py:84} INFO - Running: ['***', 'tasks', 'run', 'ecommerce_generate_province_and_city', 'generate_provinces_info', 'scheduled__2023-12-01T00:00:00+00:00', '--job-id', '9', '--raw', '--subdir', 'DAGS_FOLDER/generate_province_and_city.py', '--cfg-path', '/tmp/tmpvift76pc']
[2025-06-13T13:15:46.215+0000] {standard_task_runner.py:85} INFO - Job 9: Subtask generate_provinces_info
[2025-06-13T13:15:46.511+0000] {task_command.py:415} INFO - Running <TaskInstance: ecommerce_generate_province_and_city.generate_provinces_info scheduled__2023-12-01T00:00:00+00:00 [running]> on host 1505abd3baf2
[2025-06-13T13:15:47.345+0000] {taskinstance.py:1660} INFO - Exporting env vars: AIRFLOW_CTX_DAG_OWNER='***' AIRFLOW_CTX_DAG_ID='ecommerce_generate_province_and_city' AIRFLOW_CTX_TASK_ID='generate_provinces_info' AIRFLOW_CTX_EXECUTION_DATE='2023-12-01T00:00:00+00:00' AIRFLOW_CTX_TRY_NUMBER='1' AIRFLOW_CTX_DAG_RUN_ID='scheduled__2023-12-01T00:00:00+00:00'
[2025-06-13T13:15:47.542+0000] {python.py:194} INFO - Done. Returned value was: None
[2025-06-13T13:15:47.641+0000] {taskinstance.py:1398} INFO - Marking task as SUCCESS. dag_id=ecommerce_generate_province_and_city, task_id=generate_provinces_info, execution_date=20231201T000000, start_date=20250613T131546, end_date=20250613T131547
[2025-06-13T13:15:47.756+0000] {local_task_job_runner.py:228} INFO - Task exited with return code 0
[2025-06-13T13:15:47.837+0000] {taskinstance.py:2776} INFO - 1 downstream tasks scheduled from follow-on schedule check
[2025-06-13T13:19:00.985+0000] {taskinstance.py:1157} INFO - Dependencies all met for dep_context=non-requeueable deps ti=<TaskInstance: ecommerce_generate_province_and_city.generate_provinces_info scheduled__2023-12-01T00:00:00+00:00 [queued]>
[2025-06-13T13:19:01.067+0000] {taskinstance.py:1157} INFO - Dependencies all met for dep_context=requeueable deps ti=<TaskInstance: ecommerce_generate_province_and_city.generate_provinces_info scheduled__2023-12-01T00:00:00+00:00 [queued]>
[2025-06-13T13:19:01.068+0000] {taskinstance.py:1359} INFO - Starting attempt 1 of 2
[2025-06-13T13:19:01.119+0000] {taskinstance.py:1380} INFO - Executing <Task(PythonOperator): generate_provinces_info> on 2023-12-01 00:00:00+00:00
[2025-06-13T13:19:01.138+0000] {standard_task_runner.py:57} INFO - Started process 232 to run task
[2025-06-13T13:19:01.149+0000] {standard_task_runner.py:84} INFO - Running: ['***', 'tasks', 'run', 'ecommerce_generate_province_and_city', 'generate_provinces_info', 'scheduled__2023-12-01T00:00:00+00:00', '--job-id', '8', '--raw', '--subdir', 'DAGS_FOLDER/generate_province_and_city.py', '--cfg-path', '/tmp/tmp4idbcc7g']
[2025-06-13T13:19:01.161+0000] {standard_task_runner.py:85} INFO - Job 8: Subtask generate_provinces_info
[2025-06-13T13:19:01.463+0000] {task_command.py:415} INFO - Running <TaskInstance: ecommerce_generate_province_and_city.generate_provinces_info scheduled__2023-12-01T00:00:00+00:00 [running]> on host ad52f0edf798
[2025-06-13T13:19:02.096+0000] {taskinstance.py:1660} INFO - Exporting env vars: AIRFLOW_CTX_DAG_OWNER='***' AIRFLOW_CTX_DAG_ID='ecommerce_generate_province_and_city' AIRFLOW_CTX_TASK_ID='generate_provinces_info' AIRFLOW_CTX_EXECUTION_DATE='2023-12-01T00:00:00+00:00' AIRFLOW_CTX_TRY_NUMBER='1' AIRFLOW_CTX_DAG_RUN_ID='scheduled__2023-12-01T00:00:00+00:00'
[2025-06-13T13:19:02.899+0000] {python.py:194} INFO - Done. Returned value was: None
[2025-06-13T13:19:02.969+0000] {taskinstance.py:1398} INFO - Marking task as SUCCESS. dag_id=ecommerce_generate_province_and_city, task_id=generate_provinces_info, execution_date=20231201T000000, start_date=20250613T131900, end_date=20250613T131902
[2025-06-13T13:19:03.071+0000] {local_task_job_runner.py:228} INFO - Task exited with return code 0
[2025-06-13T13:19:03.187+0000] {taskinstance.py:2776} INFO - 1 downstream tasks scheduled from follow-on schedule check
[2025-06-13T13:24:38.286+0000] {taskinstance.py:1157} INFO - Dependencies all met for dep_context=non-requeueable deps ti=<TaskInstance: ecommerce_generate_province_and_city.generate_provinces_info scheduled__2023-12-01T00:00:00+00:00 [queued]>
[2025-06-13T13:24:38.314+0000] {taskinstance.py:1157} INFO - Dependencies all met for dep_context=requeueable deps ti=<TaskInstance: ecommerce_generate_province_and_city.generate_provinces_info scheduled__2023-12-01T00:00:00+00:00 [queued]>
[2025-06-13T13:24:38.314+0000] {taskinstance.py:1359} INFO - Starting attempt 1 of 2
[2025-06-13T13:24:38.359+0000] {taskinstance.py:1380} INFO - Executing <Task(PythonOperator): generate_provinces_info> on 2023-12-01 00:00:00+00:00
[2025-06-13T13:24:38.377+0000] {standard_task_runner.py:57} INFO - Started process 230 to run task
[2025-06-13T13:24:38.390+0000] {standard_task_runner.py:84} INFO - Running: ['***', 'tasks', 'run', 'ecommerce_generate_province_and_city', 'generate_provinces_info', 'scheduled__2023-12-01T00:00:00+00:00', '--job-id', '9', '--raw', '--subdir', 'DAGS_FOLDER/generate_province_and_city.py', '--cfg-path', '/tmp/tmpv89pnpc3']
[2025-06-13T13:24:38.395+0000] {standard_task_runner.py:85} INFO - Job 9: Subtask generate_provinces_info
[2025-06-13T13:24:38.709+0000] {task_command.py:415} INFO - Running <TaskInstance: ecommerce_generate_province_and_city.generate_provinces_info scheduled__2023-12-01T00:00:00+00:00 [running]> on host 3ddb9b5ffd69
[2025-06-13T13:24:39.238+0000] {taskinstance.py:1660} INFO - Exporting env vars: AIRFLOW_CTX_DAG_OWNER='***' AIRFLOW_CTX_DAG_ID='ecommerce_generate_province_and_city' AIRFLOW_CTX_TASK_ID='generate_provinces_info' AIRFLOW_CTX_EXECUTION_DATE='2023-12-01T00:00:00+00:00' AIRFLOW_CTX_TRY_NUMBER='1' AIRFLOW_CTX_DAG_RUN_ID='scheduled__2023-12-01T00:00:00+00:00'
[2025-06-13T13:24:39.519+0000] {python.py:194} INFO - Done. Returned value was: None
[2025-06-13T13:24:39.622+0000] {taskinstance.py:1398} INFO - Marking task as SUCCESS. dag_id=ecommerce_generate_province_and_city, task_id=generate_provinces_info, execution_date=20231201T000000, start_date=20250613T132438, end_date=20250613T132439
[2025-06-13T13:24:39.735+0000] {local_task_job_runner.py:228} INFO - Task exited with return code 0
[2025-06-13T13:24:39.960+0000] {taskinstance.py:2776} INFO - 0 downstream tasks scheduled from follow-on schedule check
[2025-06-13T13:35:44.882+0000] {taskinstance.py:1157} INFO - Dependencies all met for dep_context=non-requeueable deps ti=<TaskInstance: ecommerce_generate_province_and_city.generate_provinces_info scheduled__2023-12-01T00:00:00+00:00 [queued]>
[2025-06-13T13:35:44.917+0000] {taskinstance.py:1157} INFO - Dependencies all met for dep_context=requeueable deps ti=<TaskInstance: ecommerce_generate_province_and_city.generate_provinces_info scheduled__2023-12-01T00:00:00+00:00 [queued]>
[2025-06-13T13:35:44.918+0000] {taskinstance.py:1359} INFO - Starting attempt 1 of 2
[2025-06-13T13:35:44.952+0000] {taskinstance.py:1380} INFO - Executing <Task(PythonOperator): generate_provinces_info> on 2023-12-01 00:00:00+00:00
[2025-06-13T13:35:44.972+0000] {standard_task_runner.py:57} INFO - Started process 229 to run task
[2025-06-13T13:35:44.978+0000] {standard_task_runner.py:84} INFO - Running: ['***', 'tasks', 'run', 'ecommerce_generate_province_and_city', 'generate_provinces_info', 'scheduled__2023-12-01T00:00:00+00:00', '--job-id', '9', '--raw', '--subdir', 'DAGS_FOLDER/generate_province_and_city.py', '--cfg-path', '/tmp/tmpuva_t6me']
[2025-06-13T13:35:44.982+0000] {standard_task_runner.py:85} INFO - Job 9: Subtask generate_provinces_info
[2025-06-13T13:35:45.160+0000] {task_command.py:415} INFO - Running <TaskInstance: ecommerce_generate_province_and_city.generate_provinces_info scheduled__2023-12-01T00:00:00+00:00 [running]> on host 76a309d19f9c
[2025-06-13T13:35:45.491+0000] {taskinstance.py:1660} INFO - Exporting env vars: AIRFLOW_CTX_DAG_OWNER='***' AIRFLOW_CTX_DAG_ID='ecommerce_generate_province_and_city' AIRFLOW_CTX_TASK_ID='generate_provinces_info' AIRFLOW_CTX_EXECUTION_DATE='2023-12-01T00:00:00+00:00' AIRFLOW_CTX_TRY_NUMBER='1' AIRFLOW_CTX_DAG_RUN_ID='scheduled__2023-12-01T00:00:00+00:00'
[2025-06-13T13:35:45.636+0000] {python.py:194} INFO - Done. Returned value was: None
[2025-06-13T13:35:45.767+0000] {taskinstance.py:1398} INFO - Marking task as SUCCESS. dag_id=ecommerce_generate_province_and_city, task_id=generate_provinces_info, execution_date=20231201T000000, start_date=20250613T133544, end_date=20250613T133545
[2025-06-13T13:35:45.833+0000] {local_task_job_runner.py:228} INFO - Task exited with return code 0
[2025-06-13T13:35:46.002+0000] {taskinstance.py:2776} INFO - 1 downstream tasks scheduled from follow-on schedule check
[2025-06-13T13:41:48.678+0000] {taskinstance.py:1157} INFO - Dependencies all met for dep_context=non-requeueable deps ti=<TaskInstance: ecommerce_generate_province_and_city.generate_provinces_info scheduled__2023-12-01T00:00:00+00:00 [queued]>
[2025-06-13T13:41:48.714+0000] {taskinstance.py:1157} INFO - Dependencies all met for dep_context=requeueable deps ti=<TaskInstance: ecommerce_generate_province_and_city.generate_provinces_info scheduled__2023-12-01T00:00:00+00:00 [queued]>
[2025-06-13T13:41:48.715+0000] {taskinstance.py:1359} INFO - Starting attempt 1 of 2
[2025-06-13T13:41:48.747+0000] {taskinstance.py:1380} INFO - Executing <Task(PythonOperator): generate_provinces_info> on 2023-12-01 00:00:00+00:00
[2025-06-13T13:41:48.771+0000] {standard_task_runner.py:57} INFO - Started process 228 to run task
[2025-06-13T13:41:48.781+0000] {standard_task_runner.py:84} INFO - Running: ['***', 'tasks', 'run', 'ecommerce_generate_province_and_city', 'generate_provinces_info', 'scheduled__2023-12-01T00:00:00+00:00', '--job-id', '9', '--raw', '--subdir', 'DAGS_FOLDER/generate_province_and_city.py', '--cfg-path', '/tmp/tmp0066ey4p']
[2025-06-13T13:41:48.786+0000] {standard_task_runner.py:85} INFO - Job 9: Subtask generate_provinces_info
[2025-06-13T13:41:48.942+0000] {task_command.py:415} INFO - Running <TaskInstance: ecommerce_generate_province_and_city.generate_provinces_info scheduled__2023-12-01T00:00:00+00:00 [running]> on host 4821ab4d0de9
[2025-06-13T13:41:49.252+0000] {taskinstance.py:1660} INFO - Exporting env vars: AIRFLOW_CTX_DAG_OWNER='***' AIRFLOW_CTX_DAG_ID='ecommerce_generate_province_and_city' AIRFLOW_CTX_TASK_ID='generate_provinces_info' AIRFLOW_CTX_EXECUTION_DATE='2023-12-01T00:00:00+00:00' AIRFLOW_CTX_TRY_NUMBER='1' AIRFLOW_CTX_DAG_RUN_ID='scheduled__2023-12-01T00:00:00+00:00'
[2025-06-13T13:41:49.464+0000] {python.py:194} INFO - Done. Returned value was: None
[2025-06-13T13:41:49.532+0000] {taskinstance.py:1398} INFO - Marking task as SUCCESS. dag_id=ecommerce_generate_province_and_city, task_id=generate_provinces_info, execution_date=20231201T000000, start_date=20250613T134148, end_date=20250613T134149
[2025-06-13T13:41:49.618+0000] {local_task_job_runner.py:228} INFO - Task exited with return code 0
[2025-06-13T13:41:49.726+0000] {taskinstance.py:2776} INFO - 1 downstream tasks scheduled from follow-on schedule check
[2025-06-13T13:48:47.507+0000] {taskinstance.py:1157} INFO - Dependencies all met for dep_context=non-requeueable deps ti=<TaskInstance: ecommerce_generate_province_and_city.generate_provinces_info scheduled__2023-12-01T00:00:00+00:00 [queued]>
[2025-06-13T13:48:47.554+0000] {taskinstance.py:1157} INFO - Dependencies all met for dep_context=requeueable deps ti=<TaskInstance: ecommerce_generate_province_and_city.generate_provinces_info scheduled__2023-12-01T00:00:00+00:00 [queued]>
[2025-06-13T13:48:47.555+0000] {taskinstance.py:1359} INFO - Starting attempt 1 of 2
[2025-06-13T13:48:47.615+0000] {taskinstance.py:1380} INFO - Executing <Task(PythonOperator): generate_provinces_info> on 2023-12-01 00:00:00+00:00
[2025-06-13T13:48:47.630+0000] {standard_task_runner.py:57} INFO - Started process 230 to run task
[2025-06-13T13:48:47.636+0000] {standard_task_runner.py:84} INFO - Running: ['***', 'tasks', 'run', 'ecommerce_generate_province_and_city', 'generate_provinces_info', 'scheduled__2023-12-01T00:00:00+00:00', '--job-id', '9', '--raw', '--subdir', 'DAGS_FOLDER/generate_province_and_city.py', '--cfg-path', '/tmp/tmpxovo6svg']
[2025-06-13T13:48:47.643+0000] {standard_task_runner.py:85} INFO - Job 9: Subtask generate_provinces_info
[2025-06-13T13:48:47.858+0000] {task_command.py:415} INFO - Running <TaskInstance: ecommerce_generate_province_and_city.generate_provinces_info scheduled__2023-12-01T00:00:00+00:00 [running]> on host 9ee50315c50c
[2025-06-13T13:48:48.236+0000] {taskinstance.py:1660} INFO - Exporting env vars: AIRFLOW_CTX_DAG_OWNER='***' AIRFLOW_CTX_DAG_ID='ecommerce_generate_province_and_city' AIRFLOW_CTX_TASK_ID='generate_provinces_info' AIRFLOW_CTX_EXECUTION_DATE='2023-12-01T00:00:00+00:00' AIRFLOW_CTX_TRY_NUMBER='1' AIRFLOW_CTX_DAG_RUN_ID='scheduled__2023-12-01T00:00:00+00:00'
[2025-06-13T13:48:48.396+0000] {python.py:194} INFO - Done. Returned value was: None
[2025-06-13T13:48:48.455+0000] {taskinstance.py:1398} INFO - Marking task as SUCCESS. dag_id=ecommerce_generate_province_and_city, task_id=generate_provinces_info, execution_date=20231201T000000, start_date=20250613T134847, end_date=20250613T134848
[2025-06-13T13:48:48.556+0000] {local_task_job_runner.py:228} INFO - Task exited with return code 0
[2025-06-13T13:48:48.656+0000] {taskinstance.py:2776} INFO - 1 downstream tasks scheduled from follow-on schedule check
[2025-06-13T13:51:16.865+0000] {taskinstance.py:1157} INFO - Dependencies all met for dep_context=non-requeueable deps ti=<TaskInstance: ecommerce_generate_province_and_city.generate_provinces_info scheduled__2023-12-01T00:00:00+00:00 [queued]>
[2025-06-13T13:51:16.928+0000] {taskinstance.py:1157} INFO - Dependencies all met for dep_context=requeueable deps ti=<TaskInstance: ecommerce_generate_province_and_city.generate_provinces_info scheduled__2023-12-01T00:00:00+00:00 [queued]>
[2025-06-13T13:51:16.929+0000] {taskinstance.py:1359} INFO - Starting attempt 1 of 2
[2025-06-13T13:51:16.988+0000] {taskinstance.py:1380} INFO - Executing <Task(PythonOperator): generate_provinces_info> on 2023-12-01 00:00:00+00:00
[2025-06-13T13:51:17.000+0000] {standard_task_runner.py:57} INFO - Started process 228 to run task
[2025-06-13T13:51:17.009+0000] {standard_task_runner.py:84} INFO - Running: ['***', 'tasks', 'run', 'ecommerce_generate_province_and_city', 'generate_provinces_info', 'scheduled__2023-12-01T00:00:00+00:00', '--job-id', '7', '--raw', '--subdir', 'DAGS_FOLDER/generate_province_and_city.py', '--cfg-path', '/tmp/tmphm6y4fyh']
[2025-06-13T13:51:17.014+0000] {standard_task_runner.py:85} INFO - Job 7: Subtask generate_provinces_info
[2025-06-13T13:51:17.299+0000] {task_command.py:415} INFO - Running <TaskInstance: ecommerce_generate_province_and_city.generate_provinces_info scheduled__2023-12-01T00:00:00+00:00 [running]> on host 17d15dd20887
[2025-06-13T13:51:17.870+0000] {taskinstance.py:1660} INFO - Exporting env vars: AIRFLOW_CTX_DAG_OWNER='***' AIRFLOW_CTX_DAG_ID='ecommerce_generate_province_and_city' AIRFLOW_CTX_TASK_ID='generate_provinces_info' AIRFLOW_CTX_EXECUTION_DATE='2023-12-01T00:00:00+00:00' AIRFLOW_CTX_TRY_NUMBER='1' AIRFLOW_CTX_DAG_RUN_ID='scheduled__2023-12-01T00:00:00+00:00'
[2025-06-13T13:51:18.023+0000] {python.py:194} INFO - Done. Returned value was: None
[2025-06-13T13:51:18.114+0000] {taskinstance.py:1398} INFO - Marking task as SUCCESS. dag_id=ecommerce_generate_province_and_city, task_id=generate_provinces_info, execution_date=20231201T000000, start_date=20250613T135116, end_date=20250613T135118
[2025-06-13T13:51:18.176+0000] {local_task_job_runner.py:228} INFO - Task exited with return code 0
[2025-06-13T13:51:18.490+0000] {taskinstance.py:2776} INFO - 0 downstream tasks scheduled from follow-on schedule check
[2025-06-13T13:54:08.378+0000] {taskinstance.py:1157} INFO - Dependencies all met for dep_context=non-requeueable deps ti=<TaskInstance: ecommerce_generate_province_and_city.generate_provinces_info scheduled__2023-12-01T00:00:00+00:00 [queued]>
[2025-06-13T13:54:08.430+0000] {taskinstance.py:1157} INFO - Dependencies all met for dep_context=requeueable deps ti=<TaskInstance: ecommerce_generate_province_and_city.generate_provinces_info scheduled__2023-12-01T00:00:00+00:00 [queued]>
[2025-06-13T13:54:08.431+0000] {taskinstance.py:1359} INFO - Starting attempt 1 of 2
[2025-06-13T13:54:08.497+0000] {taskinstance.py:1380} INFO - Executing <Task(PythonOperator): generate_provinces_info> on 2023-12-01 00:00:00+00:00
[2025-06-13T13:54:08.538+0000] {standard_task_runner.py:57} INFO - Started process 232 to run task
[2025-06-13T13:54:08.552+0000] {standard_task_runner.py:84} INFO - Running: ['***', 'tasks', 'run', 'ecommerce_generate_province_and_city', 'generate_provinces_info', 'scheduled__2023-12-01T00:00:00+00:00', '--job-id', '10', '--raw', '--subdir', 'DAGS_FOLDER/generate_province_and_city.py', '--cfg-path', '/tmp/tmpm_2o0y5k']
[2025-06-13T13:54:08.560+0000] {standard_task_runner.py:85} INFO - Job 10: Subtask generate_provinces_info
[2025-06-13T13:54:08.985+0000] {task_command.py:415} INFO - Running <TaskInstance: ecommerce_generate_province_and_city.generate_provinces_info scheduled__2023-12-01T00:00:00+00:00 [running]> on host f1d84043854e
[2025-06-13T13:54:09.554+0000] {taskinstance.py:1660} INFO - Exporting env vars: AIRFLOW_CTX_DAG_OWNER='***' AIRFLOW_CTX_DAG_ID='ecommerce_generate_province_and_city' AIRFLOW_CTX_TASK_ID='generate_provinces_info' AIRFLOW_CTX_EXECUTION_DATE='2023-12-01T00:00:00+00:00' AIRFLOW_CTX_TRY_NUMBER='1' AIRFLOW_CTX_DAG_RUN_ID='scheduled__2023-12-01T00:00:00+00:00'
[2025-06-13T13:54:09.897+0000] {python.py:194} INFO - Done. Returned value was: None
[2025-06-13T13:54:10.014+0000] {taskinstance.py:1398} INFO - Marking task as SUCCESS. dag_id=ecommerce_generate_province_and_city, task_id=generate_provinces_info, execution_date=20231201T000000, start_date=20250613T135408, end_date=20250613T135410
[2025-06-13T13:54:10.101+0000] {local_task_job_runner.py:228} INFO - Task exited with return code 0
[2025-06-13T13:54:10.510+0000] {taskinstance.py:2776} INFO - 0 downstream tasks scheduled from follow-on schedule check
[2025-06-13T14:02:30.781+0000] {taskinstance.py:1157} INFO - Dependencies all met for dep_context=non-requeueable deps ti=<TaskInstance: ecommerce_generate_province_and_city.generate_provinces_info scheduled__2023-12-01T00:00:00+00:00 [queued]>
[2025-06-13T14:02:30.906+0000] {taskinstance.py:1157} INFO - Dependencies all met for dep_context=requeueable deps ti=<TaskInstance: ecommerce_generate_province_and_city.generate_provinces_info scheduled__2023-12-01T00:00:00+00:00 [queued]>
[2025-06-13T14:02:30.907+0000] {taskinstance.py:1359} INFO - Starting attempt 1 of 2
[2025-06-13T14:02:30.981+0000] {taskinstance.py:1380} INFO - Executing <Task(PythonOperator): generate_provinces_info> on 2023-12-01 00:00:00+00:00
[2025-06-13T14:02:30.994+0000] {standard_task_runner.py:57} INFO - Started process 227 to run task
[2025-06-13T14:02:31.004+0000] {standard_task_runner.py:84} INFO - Running: ['***', 'tasks', 'run', 'ecommerce_generate_province_and_city', 'generate_provinces_info', 'scheduled__2023-12-01T00:00:00+00:00', '--job-id', '4', '--raw', '--subdir', 'DAGS_FOLDER/generate_province_and_city.py', '--cfg-path', '/tmp/tmp8eh97mm_']
[2025-06-13T14:02:31.017+0000] {standard_task_runner.py:85} INFO - Job 4: Subtask generate_provinces_info
[2025-06-13T14:02:31.539+0000] {task_command.py:415} INFO - Running <TaskInstance: ecommerce_generate_province_and_city.generate_provinces_info scheduled__2023-12-01T00:00:00+00:00 [running]> on host ecb9ce2a98b4
[2025-06-13T14:02:32.304+0000] {taskinstance.py:1660} INFO - Exporting env vars: AIRFLOW_CTX_DAG_OWNER='***' AIRFLOW_CTX_DAG_ID='ecommerce_generate_province_and_city' AIRFLOW_CTX_TASK_ID='generate_provinces_info' AIRFLOW_CTX_EXECUTION_DATE='2023-12-01T00:00:00+00:00' AIRFLOW_CTX_TRY_NUMBER='1' AIRFLOW_CTX_DAG_RUN_ID='scheduled__2023-12-01T00:00:00+00:00'
[2025-06-13T14:02:32.590+0000] {python.py:194} INFO - Done. Returned value was: None
[2025-06-13T14:02:32.718+0000] {taskinstance.py:1398} INFO - Marking task as SUCCESS. dag_id=ecommerce_generate_province_and_city, task_id=generate_provinces_info, execution_date=20231201T000000, start_date=20250613T140230, end_date=20250613T140232
[2025-06-13T14:02:32.839+0000] {local_task_job_runner.py:228} INFO - Task exited with return code 0
[2025-06-13T14:02:33.088+0000] {taskinstance.py:2776} INFO - 1 downstream tasks scheduled from follow-on schedule check
[2025-06-13T14:05:45.117+0000] {taskinstance.py:1157} INFO - Dependencies all met for dep_context=non-requeueable deps ti=<TaskInstance: ecommerce_generate_province_and_city.generate_provinces_info scheduled__2023-12-01T00:00:00+00:00 [queued]>
[2025-06-13T14:05:45.169+0000] {taskinstance.py:1157} INFO - Dependencies all met for dep_context=requeueable deps ti=<TaskInstance: ecommerce_generate_province_and_city.generate_provinces_info scheduled__2023-12-01T00:00:00+00:00 [queued]>
[2025-06-13T14:05:45.169+0000] {taskinstance.py:1359} INFO - Starting attempt 1 of 2
[2025-06-13T14:05:45.230+0000] {taskinstance.py:1380} INFO - Executing <Task(PythonOperator): generate_provinces_info> on 2023-12-01 00:00:00+00:00
[2025-06-13T14:05:45.251+0000] {standard_task_runner.py:57} INFO - Started process 230 to run task
[2025-06-13T14:05:45.256+0000] {standard_task_runner.py:84} INFO - Running: ['***', 'tasks', 'run', 'ecommerce_generate_province_and_city', 'generate_provinces_info', 'scheduled__2023-12-01T00:00:00+00:00', '--job-id', '9', '--raw', '--subdir', 'DAGS_FOLDER/generate_province_and_city.py', '--cfg-path', '/tmp/tmpe15t5gxl']
[2025-06-13T14:05:45.263+0000] {standard_task_runner.py:85} INFO - Job 9: Subtask generate_provinces_info
[2025-06-13T14:05:45.555+0000] {task_command.py:415} INFO - Running <TaskInstance: ecommerce_generate_province_and_city.generate_provinces_info scheduled__2023-12-01T00:00:00+00:00 [running]> on host a30c1c73f42f
[2025-06-13T14:05:46.032+0000] {taskinstance.py:1660} INFO - Exporting env vars: AIRFLOW_CTX_DAG_OWNER='***' AIRFLOW_CTX_DAG_ID='ecommerce_generate_province_and_city' AIRFLOW_CTX_TASK_ID='generate_provinces_info' AIRFLOW_CTX_EXECUTION_DATE='2023-12-01T00:00:00+00:00' AIRFLOW_CTX_TRY_NUMBER='1' AIRFLOW_CTX_DAG_RUN_ID='scheduled__2023-12-01T00:00:00+00:00'
[2025-06-13T14:05:46.383+0000] {python.py:194} INFO - Done. Returned value was: None
[2025-06-13T14:05:46.525+0000] {taskinstance.py:1398} INFO - Marking task as SUCCESS. dag_id=ecommerce_generate_province_and_city, task_id=generate_provinces_info, execution_date=20231201T000000, start_date=20250613T140545, end_date=20250613T140546
[2025-06-13T14:05:46.641+0000] {local_task_job_runner.py:228} INFO - Task exited with return code 0
[2025-06-13T14:05:46.804+0000] {taskinstance.py:2776} INFO - 0 downstream tasks scheduled from follow-on schedule check
[2025-06-13T14:08:44.888+0000] {taskinstance.py:1157} INFO - Dependencies all met for dep_context=non-requeueable deps ti=<TaskInstance: ecommerce_generate_province_and_city.generate_provinces_info scheduled__2023-12-01T00:00:00+00:00 [queued]>
[2025-06-13T14:08:44.916+0000] {taskinstance.py:1157} INFO - Dependencies all met for dep_context=requeueable deps ti=<TaskInstance: ecommerce_generate_province_and_city.generate_provinces_info scheduled__2023-12-01T00:00:00+00:00 [queued]>
[2025-06-13T14:08:44.917+0000] {taskinstance.py:1359} INFO - Starting attempt 1 of 2
[2025-06-13T14:08:44.954+0000] {taskinstance.py:1380} INFO - Executing <Task(PythonOperator): generate_provinces_info> on 2023-12-01 00:00:00+00:00
[2025-06-13T14:08:44.966+0000] {standard_task_runner.py:57} INFO - Started process 230 to run task
[2025-06-13T14:08:44.980+0000] {standard_task_runner.py:84} INFO - Running: ['***', 'tasks', 'run', 'ecommerce_generate_province_and_city', 'generate_provinces_info', 'scheduled__2023-12-01T00:00:00+00:00', '--job-id', '9', '--raw', '--subdir', 'DAGS_FOLDER/generate_province_and_city.py', '--cfg-path', '/tmp/tmp22w70njz']
[2025-06-13T14:08:44.984+0000] {standard_task_runner.py:85} INFO - Job 9: Subtask generate_provinces_info
[2025-06-13T14:08:45.198+0000] {task_command.py:415} INFO - Running <TaskInstance: ecommerce_generate_province_and_city.generate_provinces_info scheduled__2023-12-01T00:00:00+00:00 [running]> on host 3bda607c6347
[2025-06-13T14:08:45.480+0000] {taskinstance.py:1660} INFO - Exporting env vars: AIRFLOW_CTX_DAG_OWNER='***' AIRFLOW_CTX_DAG_ID='ecommerce_generate_province_and_city' AIRFLOW_CTX_TASK_ID='generate_provinces_info' AIRFLOW_CTX_EXECUTION_DATE='2023-12-01T00:00:00+00:00' AIRFLOW_CTX_TRY_NUMBER='1' AIRFLOW_CTX_DAG_RUN_ID='scheduled__2023-12-01T00:00:00+00:00'
[2025-06-13T14:08:45.598+0000] {python.py:194} INFO - Done. Returned value was: None
[2025-06-13T14:08:45.664+0000] {taskinstance.py:1398} INFO - Marking task as SUCCESS. dag_id=ecommerce_generate_province_and_city, task_id=generate_provinces_info, execution_date=20231201T000000, start_date=20250613T140844, end_date=20250613T140845
[2025-06-13T14:08:45.731+0000] {local_task_job_runner.py:228} INFO - Task exited with return code 0
[2025-06-13T14:08:45.818+0000] {taskinstance.py:2776} INFO - 1 downstream tasks scheduled from follow-on schedule check
[2025-06-13T15:50:52.983+0000] {taskinstance.py:1157} INFO - Dependencies all met for dep_context=non-requeueable deps ti=<TaskInstance: ecommerce_generate_province_and_city.generate_provinces_info scheduled__2023-12-01T00:00:00+00:00 [queued]>
[2025-06-13T15:50:53.203+0000] {taskinstance.py:1157} INFO - Dependencies all met for dep_context=requeueable deps ti=<TaskInstance: ecommerce_generate_province_and_city.generate_provinces_info scheduled__2023-12-01T00:00:00+00:00 [queued]>
[2025-06-13T15:50:53.219+0000] {taskinstance.py:1359} INFO - Starting attempt 1 of 2
[2025-06-13T15:50:53.437+0000] {taskinstance.py:1380} INFO - Executing <Task(PythonOperator): generate_provinces_info> on 2023-12-01 00:00:00+00:00
[2025-06-13T15:50:53.468+0000] {standard_task_runner.py:57} INFO - Started process 229 to run task
[2025-06-13T15:50:53.478+0000] {standard_task_runner.py:84} INFO - Running: ['***', 'tasks', 'run', 'ecommerce_generate_province_and_city', 'generate_provinces_info', 'scheduled__2023-12-01T00:00:00+00:00', '--job-id', '7', '--raw', '--subdir', 'DAGS_FOLDER/generate_province_and_city.py', '--cfg-path', '/tmp/tmpdocyg0ou']
[2025-06-13T15:50:53.485+0000] {standard_task_runner.py:85} INFO - Job 7: Subtask generate_provinces_info
[2025-06-13T15:50:53.914+0000] {task_command.py:415} INFO - Running <TaskInstance: ecommerce_generate_province_and_city.generate_provinces_info scheduled__2023-12-01T00:00:00+00:00 [running]> on host 3498b866135e
[2025-06-13T15:50:54.279+0000] {taskinstance.py:1660} INFO - Exporting env vars: AIRFLOW_CTX_DAG_OWNER='***' AIRFLOW_CTX_DAG_ID='ecommerce_generate_province_and_city' AIRFLOW_CTX_TASK_ID='generate_provinces_info' AIRFLOW_CTX_EXECUTION_DATE='2023-12-01T00:00:00+00:00' AIRFLOW_CTX_TRY_NUMBER='1' AIRFLOW_CTX_DAG_RUN_ID='scheduled__2023-12-01T00:00:00+00:00'
[2025-06-13T15:50:54.674+0000] {python.py:194} INFO - Done. Returned value was: None
[2025-06-13T15:50:54.750+0000] {taskinstance.py:1398} INFO - Marking task as SUCCESS. dag_id=ecommerce_generate_province_and_city, task_id=generate_provinces_info, execution_date=20231201T000000, start_date=20250613T155052, end_date=20250613T155054
[2025-06-13T15:50:54.823+0000] {local_task_job_runner.py:228} INFO - Task exited with return code 0
[2025-06-13T15:50:55.032+0000] {taskinstance.py:2776} INFO - 0 downstream tasks scheduled from follow-on schedule check
