[2025-06-13T16:30:33.671+0000] {taskinstance.py:1157} INFO - Dependencies all met for dep_context=non-requeueable deps ti=<TaskInstance: ecommerce_generate_order_process.generate_order_process scheduled__2025-06-13T16:29:31.706122+00:00 [queued]>
[2025-06-13T16:30:33.707+0000] {taskinstance.py:1157} INFO - Dependencies all met for dep_context=requeueable deps ti=<TaskInstance: ecommerce_generate_order_process.generate_order_process scheduled__2025-06-13T16:29:31.706122+00:00 [queued]>
[2025-06-13T16:30:33.708+0000] {taskinstance.py:1359} INFO - Starting attempt 1 of 6
[2025-06-13T16:30:33.767+0000] {taskinstance.py:1380} INFO - Executing <Task(_PythonDecoratedOperator): generate_order_process> on 2025-06-13 16:29:31.706122+00:00
[2025-06-13T16:30:33.783+0000] {standard_task_runner.py:57} INFO - Started process 3701 to run task
[2025-06-13T16:30:33.788+0000] {standard_task_runner.py:84} INFO - Running: ['***', 'tasks', 'run', 'ecommerce_generate_order_process', 'generate_order_process', 'scheduled__2025-06-13T16:29:31.706122+00:00', '--job-id', '225', '--raw', '--subdir', 'DAGS_FOLDER/generate_order_process.py', '--cfg-path', '/tmp/tmpowgf65wa']
[2025-06-13T16:30:33.792+0000] {standard_task_runner.py:85} INFO - Job 225: Subtask generate_order_process
[2025-06-13T16:30:33.899+0000] {task_command.py:415} INFO - Running <TaskInstance: ecommerce_generate_order_process.generate_order_process scheduled__2025-06-13T16:29:31.706122+00:00 [running]> on host 3498b866135e
[2025-06-13T16:30:34.137+0000] {taskinstance.py:1660} INFO - Exporting env vars: AIRFLOW_CTX_DAG_OWNER='***' AIRFLOW_CTX_DAG_ID='ecommerce_generate_order_process' AIRFLOW_CTX_TASK_ID='generate_order_process' AIRFLOW_CTX_EXECUTION_DATE='2025-06-13T16:29:31.706122+00:00' AIRFLOW_CTX_TRY_NUMBER='1' AIRFLOW_CTX_DAG_RUN_ID='scheduled__2025-06-13T16:29:31.706122+00:00'
[2025-06-13T16:30:34.171+0000] {logging_mixin.py:151} INFO - ----------------------------
[2025-06-13T16:30:34.171+0000] {logging_mixin.py:151} INFO - 53
[2025-06-13T16:30:34.172+0000] {logging_mixin.py:151} INFO - ----------------------------
[2025-06-13T16:30:34.191+0000] {logging_mixin.py:151} INFO - [(14, 5, Decimal('657.33'), Decimal('0.13'), Decimal('4.272645'))]
[2025-06-13T16:30:34.194+0000] {logging_mixin.py:151} INFO - [(43, 14, 5, Decimal('657.33'), Decimal('0.13'), Decimal('4.272645'))]
[2025-06-13T16:30:34.195+0000] {logging_mixin.py:151} INFO - Simulation completed successfully!
[2025-06-13T16:30:34.196+0000] {logging_mixin.py:151} INFO - 43
[2025-06-13T16:30:34.196+0000] {python.py:194} INFO - Done. Returned value was: 43
[2025-06-13T16:30:34.291+0000] {taskinstance.py:1398} INFO - Marking task as SUCCESS. dag_id=ecommerce_generate_order_process, task_id=generate_order_process, execution_date=20250613T162931, start_date=20250613T163033, end_date=20250613T163034
[2025-06-13T16:30:34.361+0000] {local_task_job_runner.py:228} INFO - Task exited with return code 0
[2025-06-13T16:30:34.413+0000] {taskinstance.py:2776} INFO - 1 downstream tasks scheduled from follow-on schedule check
