[2025-06-14T05:11:13.197+0000] {taskinstance.py:1157} INFO - Dependencies all met for dep_context=non-requeueable deps ti=<TaskInstance: ecommerce_generate_order_process.generate_order_process scheduled__2025-06-14T05:10:12.130199+00:00 [queued]>
[2025-06-14T05:11:13.204+0000] {taskinstance.py:1157} INFO - Dependencies all met for dep_context=requeueable deps ti=<TaskInstance: ecommerce_generate_order_process.generate_order_process scheduled__2025-06-14T05:10:12.130199+00:00 [queued]>
[2025-06-14T05:11:13.204+0000] {taskinstance.py:1359} INFO - Starting attempt 1 of 6
[2025-06-14T05:11:13.215+0000] {taskinstance.py:1380} INFO - Executing <Task(_PythonDecoratedOperator): generate_order_process> on 2025-06-14 05:10:12.130199+00:00
[2025-06-14T05:11:13.220+0000] {standard_task_runner.py:57} INFO - Started process 17871 to run task
[2025-06-14T05:11:13.221+0000] {standard_task_runner.py:84} INFO - Running: ['***', 'tasks', 'run', 'ecommerce_generate_order_process', 'generate_order_process', 'scheduled__2025-06-14T05:10:12.130199+00:00', '--job-id', '1384', '--raw', '--subdir', 'DAGS_FOLDER/generate_order_process.py', '--cfg-path', '/tmp/tmp80h8ez__']
[2025-06-14T05:11:13.223+0000] {standard_task_runner.py:85} INFO - Job 1384: Subtask generate_order_process
[2025-06-14T05:11:13.270+0000] {task_command.py:415} INFO - Running <TaskInstance: ecommerce_generate_order_process.generate_order_process scheduled__2025-06-14T05:10:12.130199+00:00 [running]> on host 3498b866135e
[2025-06-14T05:11:13.355+0000] {taskinstance.py:1660} INFO - Exporting env vars: AIRFLOW_CTX_DAG_OWNER='***' AIRFLOW_CTX_DAG_ID='ecommerce_generate_order_process' AIRFLOW_CTX_TASK_ID='generate_order_process' AIRFLOW_CTX_EXECUTION_DATE='2025-06-14T05:10:12.130199+00:00' AIRFLOW_CTX_TRY_NUMBER='1' AIRFLOW_CTX_DAG_RUN_ID='scheduled__2025-06-14T05:10:12.130199+00:00'
[2025-06-14T05:11:13.366+0000] {logging_mixin.py:151} INFO - ----------------------------
[2025-06-14T05:11:13.366+0000] {logging_mixin.py:151} INFO - 528
[2025-06-14T05:11:13.366+0000] {logging_mixin.py:151} INFO - ----------------------------
[2025-06-14T05:11:13.372+0000] {logging_mixin.py:151} INFO - [(32, 8, Decimal('133.92'), Decimal('4.07'), Decimal('43.604352')), (34, 5, Decimal('814.83'), Decimal('13.74'), Decimal('559.788210')), (1, 1, Decimal('802.42'), Decimal('3.53'), Decimal('28.325426')), (44, 3, Decimal('20.44'), Decimal('5.09'), Decimal('3.121188')), (45, 2, Decimal('602.50'), Decimal('19.00'), Decimal('228.9500')), (11, 4, Decimal('668.03'), Decimal('3.23'), Decimal('86.309476')), (27, 8, Decimal('412.73'), Decimal('3.00'), Decimal('99.0552')), (23, 1, Decimal('521.30'), Decimal('16.80'), Decimal('87.57840')), (16, 7, Decimal('266.44'), Decimal('7.11'), Decimal('132.607188'))]
[2025-06-14T05:11:13.374+0000] {logging_mixin.py:151} INFO - [(272, 32, 8, Decimal('133.92'), Decimal('4.07'), Decimal('43.604352')), (272, 34, 5, Decimal('814.83'), Decimal('13.74'), Decimal('559.788210')), (272, 1, 1, Decimal('802.42'), Decimal('3.53'), Decimal('28.325426')), (272, 44, 3, Decimal('20.44'), Decimal('5.09'), Decimal('3.121188')), (272, 45, 2, Decimal('602.50'), Decimal('19.00'), Decimal('228.9500')), (272, 11, 4, Decimal('668.03'), Decimal('3.23'), Decimal('86.309476')), (272, 27, 8, Decimal('412.73'), Decimal('3.00'), Decimal('99.0552')), (272, 23, 1, Decimal('521.30'), Decimal('16.80'), Decimal('87.57840')), (272, 16, 7, Decimal('266.44'), Decimal('7.11'), Decimal('132.607188'))]
[2025-06-14T05:11:13.375+0000] {logging_mixin.py:151} INFO - Simulation completed successfully!
[2025-06-14T05:11:13.375+0000] {logging_mixin.py:151} INFO - 272
[2025-06-14T05:11:13.375+0000] {python.py:194} INFO - Done. Returned value was: 272
[2025-06-14T05:11:13.404+0000] {taskinstance.py:1398} INFO - Marking task as SUCCESS. dag_id=ecommerce_generate_order_process, task_id=generate_order_process, execution_date=20250614T051012, start_date=20250614T051113, end_date=20250614T051113
[2025-06-14T05:11:13.433+0000] {local_task_job_runner.py:228} INFO - Task exited with return code 0
[2025-06-14T05:11:13.455+0000] {taskinstance.py:2776} INFO - 1 downstream tasks scheduled from follow-on schedule check
