[2025-06-14T02:43:12.856+0000] {taskinstance.py:1157} INFO - Dependencies all met for dep_context=non-requeueable deps ti=<TaskInstance: ecommerce_generate_order_process.generate_order_process scheduled__2025-06-14T02:42:12.033460+00:00 [queued]>
[2025-06-14T02:43:12.864+0000] {taskinstance.py:1157} INFO - Dependencies all met for dep_context=requeueable deps ti=<TaskInstance: ecommerce_generate_order_process.generate_order_process scheduled__2025-06-14T02:42:12.033460+00:00 [queued]>
[2025-06-14T02:43:12.864+0000] {taskinstance.py:1359} INFO - Starting attempt 1 of 6
[2025-06-14T02:43:12.876+0000] {taskinstance.py:1380} INFO - Executing <Task(_PythonDecoratedOperator): generate_order_process> on 2025-06-14 02:42:12.033460+00:00
[2025-06-14T02:43:12.881+0000] {standard_task_runner.py:57} INFO - Started process 4826 to run task
[2025-06-14T02:43:12.883+0000] {standard_task_runner.py:84} INFO - Running: ['***', 'tasks', 'run', 'ecommerce_generate_order_process', 'generate_order_process', 'scheduled__2025-06-14T02:42:12.033460+00:00', '--job-id', '644', '--raw', '--subdir', 'DAGS_FOLDER/generate_order_process.py', '--cfg-path', '/tmp/tmpdknjx22s']
[2025-06-14T02:43:12.885+0000] {standard_task_runner.py:85} INFO - Job 644: Subtask generate_order_process
[2025-06-14T02:43:12.944+0000] {task_command.py:415} INFO - Running <TaskInstance: ecommerce_generate_order_process.generate_order_process scheduled__2025-06-14T02:42:12.033460+00:00 [running]> on host 3498b866135e
[2025-06-14T02:43:13.056+0000] {taskinstance.py:1660} INFO - Exporting env vars: AIRFLOW_CTX_DAG_OWNER='***' AIRFLOW_CTX_DAG_ID='ecommerce_generate_order_process' AIRFLOW_CTX_TASK_ID='generate_order_process' AIRFLOW_CTX_EXECUTION_DATE='2025-06-14T02:42:12.033460+00:00' AIRFLOW_CTX_TRY_NUMBER='1' AIRFLOW_CTX_DAG_RUN_ID='scheduled__2025-06-14T02:42:12.033460+00:00'
[2025-06-14T02:43:13.072+0000] {logging_mixin.py:151} INFO - ----------------------------
[2025-06-14T02:43:13.072+0000] {logging_mixin.py:151} INFO - 53
[2025-06-14T02:43:13.073+0000] {logging_mixin.py:151} INFO - ----------------------------
[2025-06-14T02:43:13.084+0000] {logging_mixin.py:151} INFO - [(33, 9, Decimal('508.62'), Decimal('3.37'), Decimal('154.264446')), (37, 7, Decimal('892.19'), Decimal('4.68'), Decimal('292.281444')), (32, 8, Decimal('133.92'), Decimal('4.07'), Decimal('43.604352')), (3, 7, Decimal('946.29'), Decimal('2.59'), Decimal('171.562377')), (7, 6, Decimal('875.57'), Decimal('8.85'), Decimal('464.927670')), (10, 4, Decimal('598.05'), Decimal('10.18'), Decimal('243.525960')), (1, 1, Decimal('802.42'), Decimal('3.53'), Decimal('28.325426')), (43, 8, Decimal('746.10'), Decimal('4.92'), Decimal('293.664960')), (19, 8, Decimal('665.31'), Decimal('4.02'), Decimal('213.963696')), (18, 9, Decimal('697.86'), Decimal('6.91'), Decimal('433.999134'))]
[2025-06-14T02:43:13.088+0000] {logging_mixin.py:151} INFO - [(124, 33, 9, Decimal('508.62'), Decimal('3.37'), Decimal('154.264446')), (124, 37, 7, Decimal('892.19'), Decimal('4.68'), Decimal('292.281444')), (124, 32, 8, Decimal('133.92'), Decimal('4.07'), Decimal('43.604352')), (124, 3, 7, Decimal('946.29'), Decimal('2.59'), Decimal('171.562377')), (124, 7, 6, Decimal('875.57'), Decimal('8.85'), Decimal('464.927670')), (124, 10, 4, Decimal('598.05'), Decimal('10.18'), Decimal('243.525960')), (124, 1, 1, Decimal('802.42'), Decimal('3.53'), Decimal('28.325426')), (124, 43, 8, Decimal('746.10'), Decimal('4.92'), Decimal('293.664960')), (124, 19, 8, Decimal('665.31'), Decimal('4.02'), Decimal('213.963696')), (124, 18, 9, Decimal('697.86'), Decimal('6.91'), Decimal('433.999134'))]
[2025-06-14T02:43:13.090+0000] {logging_mixin.py:151} INFO - Simulation completed successfully!
[2025-06-14T02:43:13.091+0000] {logging_mixin.py:151} INFO - 124
[2025-06-14T02:43:13.091+0000] {python.py:194} INFO - Done. Returned value was: 124
[2025-06-14T02:43:13.146+0000] {taskinstance.py:1398} INFO - Marking task as SUCCESS. dag_id=ecommerce_generate_order_process, task_id=generate_order_process, execution_date=20250614T024212, start_date=20250614T024312, end_date=20250614T024313
[2025-06-14T02:43:13.175+0000] {local_task_job_runner.py:228} INFO - Task exited with return code 0
[2025-06-14T02:43:13.208+0000] {taskinstance.py:2776} INFO - 1 downstream tasks scheduled from follow-on schedule check
