[2025-06-14T02:44:13.262+0000] {taskinstance.py:1157} INFO - Dependencies all met for dep_context=non-requeueable deps ti=<TaskInstance: ecommerce_generate_order_process.generate_order_process scheduled__2025-06-14T02:43:12.033460+00:00 [queued]>
[2025-06-14T02:44:13.273+0000] {taskinstance.py:1157} INFO - Dependencies all met for dep_context=requeueable deps ti=<TaskInstance: ecommerce_generate_order_process.generate_order_process scheduled__2025-06-14T02:43:12.033460+00:00 [queued]>
[2025-06-14T02:44:13.273+0000] {taskinstance.py:1359} INFO - Starting attempt 1 of 6
[2025-06-14T02:44:13.288+0000] {taskinstance.py:1380} INFO - Executing <Task(_PythonDecoratedOperator): generate_order_process> on 2025-06-14 02:43:12.033460+00:00
[2025-06-14T02:44:13.292+0000] {standard_task_runner.py:57} INFO - Started process 4916 to run task
[2025-06-14T02:44:13.294+0000] {standard_task_runner.py:84} INFO - Running: ['***', 'tasks', 'run', 'ecommerce_generate_order_process', 'generate_order_process', 'scheduled__2025-06-14T02:43:12.033460+00:00', '--job-id', '649', '--raw', '--subdir', 'DAGS_FOLDER/generate_order_process.py', '--cfg-path', '/tmp/tmp1iktgt20']
[2025-06-14T02:44:13.295+0000] {standard_task_runner.py:85} INFO - Job 649: Subtask generate_order_process
[2025-06-14T02:44:13.349+0000] {task_command.py:415} INFO - Running <TaskInstance: ecommerce_generate_order_process.generate_order_process scheduled__2025-06-14T02:43:12.033460+00:00 [running]> on host 3498b866135e
[2025-06-14T02:44:13.457+0000] {taskinstance.py:1660} INFO - Exporting env vars: AIRFLOW_CTX_DAG_OWNER='***' AIRFLOW_CTX_DAG_ID='ecommerce_generate_order_process' AIRFLOW_CTX_TASK_ID='generate_order_process' AIRFLOW_CTX_EXECUTION_DATE='2025-06-14T02:43:12.033460+00:00' AIRFLOW_CTX_TRY_NUMBER='1' AIRFLOW_CTX_DAG_RUN_ID='scheduled__2025-06-14T02:43:12.033460+00:00'
[2025-06-14T02:44:13.471+0000] {logging_mixin.py:151} INFO - ----------------------------
[2025-06-14T02:44:13.471+0000] {logging_mixin.py:151} INFO - 177
[2025-06-14T02:44:13.471+0000] {logging_mixin.py:151} INFO - ----------------------------
[2025-06-14T02:44:13.477+0000] {logging_mixin.py:151} INFO - [(45, 2, Decimal('602.50'), Decimal('19.00'), Decimal('228.9500')), (18, 9, Decimal('697.86'), Decimal('6.91'), Decimal('433.999134')), (1, 1, Decimal('802.42'), Decimal('3.53'), Decimal('28.325426')), (22, 1, Decimal('429.81'), Decimal('5.21'), Decimal('22.393101')), (19, 8, Decimal('665.31'), Decimal('4.02'), Decimal('213.963696')), (12, 6, Decimal('255.15'), Decimal('19.41'), Decimal('297.147690'))]
[2025-06-14T02:44:13.479+0000] {logging_mixin.py:151} INFO - [(125, 45, 2, Decimal('602.50'), Decimal('19.00'), Decimal('228.9500')), (125, 18, 9, Decimal('697.86'), Decimal('6.91'), Decimal('433.999134')), (125, 1, 1, Decimal('802.42'), Decimal('3.53'), Decimal('28.325426')), (125, 22, 1, Decimal('429.81'), Decimal('5.21'), Decimal('22.393101')), (125, 19, 8, Decimal('665.31'), Decimal('4.02'), Decimal('213.963696')), (125, 12, 6, Decimal('255.15'), Decimal('19.41'), Decimal('297.147690'))]
[2025-06-14T02:44:13.480+0000] {logging_mixin.py:151} INFO - Simulation completed successfully!
[2025-06-14T02:44:13.480+0000] {logging_mixin.py:151} INFO - 125
[2025-06-14T02:44:13.480+0000] {python.py:194} INFO - Done. Returned value was: 125
[2025-06-14T02:44:13.508+0000] {taskinstance.py:1398} INFO - Marking task as SUCCESS. dag_id=ecommerce_generate_order_process, task_id=generate_order_process, execution_date=20250614T024312, start_date=20250614T024413, end_date=20250614T024413
[2025-06-14T02:44:13.546+0000] {local_task_job_runner.py:228} INFO - Task exited with return code 0
[2025-06-14T02:44:13.569+0000] {taskinstance.py:2776} INFO - 1 downstream tasks scheduled from follow-on schedule check
