[2025-06-14T04:20:14.019+0000] {taskinstance.py:1157} INFO - Dependencies all met for dep_context=non-requeueable deps ti=<TaskInstance: ecommerce_generate_order_process.generate_order_process scheduled__2025-06-14T04:19:12.130199+00:00 [queued]>
[2025-06-14T04:20:14.025+0000] {taskinstance.py:1157} INFO - Dependencies all met for dep_context=requeueable deps ti=<TaskInstance: ecommerce_generate_order_process.generate_order_process scheduled__2025-06-14T04:19:12.130199+00:00 [queued]>
[2025-06-14T04:20:14.026+0000] {taskinstance.py:1359} INFO - Starting attempt 1 of 6
[2025-06-14T04:20:14.083+0000] {taskinstance.py:1380} INFO - Executing <Task(_PythonDecoratedOperator): generate_order_process> on 2025-06-14 04:19:12.130199+00:00
[2025-06-14T04:20:14.089+0000] {standard_task_runner.py:57} INFO - Started process 13367 to run task
[2025-06-14T04:20:14.091+0000] {standard_task_runner.py:84} INFO - Running: ['***', 'tasks', 'run', 'ecommerce_generate_order_process', 'generate_order_process', 'scheduled__2025-06-14T04:19:12.130199+00:00', '--job-id', '1129', '--raw', '--subdir', 'DAGS_FOLDER/generate_order_process.py', '--cfg-path', '/tmp/tmpbysl43sr']
[2025-06-14T04:20:14.093+0000] {standard_task_runner.py:85} INFO - Job 1129: Subtask generate_order_process
[2025-06-14T04:20:14.247+0000] {task_command.py:415} INFO - Running <TaskInstance: ecommerce_generate_order_process.generate_order_process scheduled__2025-06-14T04:19:12.130199+00:00 [running]> on host 3498b866135e
[2025-06-14T04:20:14.723+0000] {taskinstance.py:1660} INFO - Exporting env vars: AIRFLOW_CTX_DAG_OWNER='***' AIRFLOW_CTX_DAG_ID='ecommerce_generate_order_process' AIRFLOW_CTX_TASK_ID='generate_order_process' AIRFLOW_CTX_EXECUTION_DATE='2025-06-14T04:19:12.130199+00:00' AIRFLOW_CTX_TRY_NUMBER='1' AIRFLOW_CTX_DAG_RUN_ID='scheduled__2025-06-14T04:19:12.130199+00:00'
[2025-06-14T04:20:14.736+0000] {logging_mixin.py:151} INFO - ----------------------------
[2025-06-14T04:20:14.736+0000] {logging_mixin.py:151} INFO - 316
[2025-06-14T04:20:14.736+0000] {logging_mixin.py:151} INFO - ----------------------------
[2025-06-14T04:20:14.743+0000] {logging_mixin.py:151} INFO - [(9, 4, Decimal('724.69'), Decimal('11.61'), Decimal('336.546036')), (43, 8, Decimal('746.10'), Decimal('4.92'), Decimal('293.664960')), (16, 7, Decimal('266.44'), Decimal('7.11'), Decimal('132.607188')), (3, 7, Decimal('946.29'), Decimal('2.59'), Decimal('171.562377'))]
[2025-06-14T04:20:14.744+0000] {logging_mixin.py:151} INFO - [(221, 9, 4, Decimal('724.69'), Decimal('11.61'), Decimal('336.546036')), (221, 43, 8, Decimal('746.10'), Decimal('4.92'), Decimal('293.664960')), (221, 16, 7, Decimal('266.44'), Decimal('7.11'), Decimal('132.607188')), (221, 3, 7, Decimal('946.29'), Decimal('2.59'), Decimal('171.562377'))]
[2025-06-14T04:20:14.996+0000] {logging_mixin.py:151} INFO - Simulation completed successfully!
[2025-06-14T04:20:14.996+0000] {logging_mixin.py:151} INFO - 221
[2025-06-14T04:20:14.996+0000] {python.py:194} INFO - Done. Returned value was: 221
[2025-06-14T04:20:15.286+0000] {taskinstance.py:1398} INFO - Marking task as SUCCESS. dag_id=ecommerce_generate_order_process, task_id=generate_order_process, execution_date=20250614T041912, start_date=20250614T042014, end_date=20250614T042015
[2025-06-14T04:20:15.426+0000] {local_task_job_runner.py:228} INFO - Task exited with return code 0
[2025-06-14T04:20:15.448+0000] {taskinstance.py:2776} INFO - 1 downstream tasks scheduled from follow-on schedule check
