[2025-06-14T02:29:13.311+0000] {taskinstance.py:1157} INFO - Dependencies all met for dep_context=non-requeueable deps ti=<TaskInstance: ecommerce_generate_order_process.generate_order_process scheduled__2025-06-14T02:28:12.033460+00:00 [queued]>
[2025-06-14T02:29:13.320+0000] {taskinstance.py:1157} INFO - Dependencies all met for dep_context=requeueable deps ti=<TaskInstance: ecommerce_generate_order_process.generate_order_process scheduled__2025-06-14T02:28:12.033460+00:00 [queued]>
[2025-06-14T02:29:13.320+0000] {taskinstance.py:1359} INFO - Starting attempt 1 of 6
[2025-06-14T02:29:13.334+0000] {taskinstance.py:1380} INFO - Executing <Task(_PythonDecoratedOperator): generate_order_process> on 2025-06-14 02:28:12.033460+00:00
[2025-06-14T02:29:13.340+0000] {standard_task_runner.py:57} INFO - Started process 3566 to run task
[2025-06-14T02:29:13.342+0000] {standard_task_runner.py:84} INFO - Running: ['***', 'tasks', 'run', 'ecommerce_generate_order_process', 'generate_order_process', 'scheduled__2025-06-14T02:28:12.033460+00:00', '--job-id', '574', '--raw', '--subdir', 'DAGS_FOLDER/generate_order_process.py', '--cfg-path', '/tmp/tmptk82pd_v']
[2025-06-14T02:29:13.345+0000] {standard_task_runner.py:85} INFO - Job 574: Subtask generate_order_process
[2025-06-14T02:29:13.411+0000] {task_command.py:415} INFO - Running <TaskInstance: ecommerce_generate_order_process.generate_order_process scheduled__2025-06-14T02:28:12.033460+00:00 [running]> on host 3498b866135e
[2025-06-14T02:29:13.526+0000] {taskinstance.py:1660} INFO - Exporting env vars: AIRFLOW_CTX_DAG_OWNER='***' AIRFLOW_CTX_DAG_ID='ecommerce_generate_order_process' AIRFLOW_CTX_TASK_ID='generate_order_process' AIRFLOW_CTX_EXECUTION_DATE='2025-06-14T02:28:12.033460+00:00' AIRFLOW_CTX_TRY_NUMBER='1' AIRFLOW_CTX_DAG_RUN_ID='scheduled__2025-06-14T02:28:12.033460+00:00'
[2025-06-14T02:29:13.541+0000] {logging_mixin.py:151} INFO - ----------------------------
[2025-06-14T02:29:13.541+0000] {logging_mixin.py:151} INFO - 117
[2025-06-14T02:29:13.542+0000] {logging_mixin.py:151} INFO - ----------------------------
[2025-06-14T02:29:13.548+0000] {logging_mixin.py:151} INFO - [(23, 1, Decimal('521.30'), Decimal('16.80'), Decimal('87.57840')), (35, 3, Decimal('512.37'), Decimal('5.78'), Decimal('88.844958')), (32, 8, Decimal('133.92'), Decimal('4.07'), Decimal('43.604352')), (29, 5, Decimal('201.03'), Decimal('16.88'), Decimal('169.669320')), (37, 7, Decimal('892.19'), Decimal('4.68'), Decimal('292.281444')), (7, 6, Decimal('875.57'), Decimal('8.85'), Decimal('464.927670')), (44, 3, Decimal('20.44'), Decimal('5.09'), Decimal('3.121188')), (28, 7, Decimal('799.39'), Decimal('3.53'), Decimal('197.529269'))]
[2025-06-14T02:29:13.550+0000] {logging_mixin.py:151} INFO - [(110, 23, 1, Decimal('521.30'), Decimal('16.80'), Decimal('87.57840')), (110, 35, 3, Decimal('512.37'), Decimal('5.78'), Decimal('88.844958')), (110, 32, 8, Decimal('133.92'), Decimal('4.07'), Decimal('43.604352')), (110, 29, 5, Decimal('201.03'), Decimal('16.88'), Decimal('169.669320')), (110, 37, 7, Decimal('892.19'), Decimal('4.68'), Decimal('292.281444')), (110, 7, 6, Decimal('875.57'), Decimal('8.85'), Decimal('464.927670')), (110, 44, 3, Decimal('20.44'), Decimal('5.09'), Decimal('3.121188')), (110, 28, 7, Decimal('799.39'), Decimal('3.53'), Decimal('197.529269'))]
[2025-06-14T02:29:13.551+0000] {logging_mixin.py:151} INFO - Simulation completed successfully!
[2025-06-14T02:29:13.552+0000] {logging_mixin.py:151} INFO - 110
[2025-06-14T02:29:13.552+0000] {python.py:194} INFO - Done. Returned value was: 110
[2025-06-14T02:29:13.590+0000] {taskinstance.py:1398} INFO - Marking task as SUCCESS. dag_id=ecommerce_generate_order_process, task_id=generate_order_process, execution_date=20250614T022812, start_date=20250614T022913, end_date=20250614T022913
[2025-06-14T02:29:13.634+0000] {local_task_job_runner.py:228} INFO - Task exited with return code 0
[2025-06-14T02:29:13.666+0000] {taskinstance.py:2776} INFO - 1 downstream tasks scheduled from follow-on schedule check
