[2025-06-14T03:07:13.256+0000] {taskinstance.py:1157} INFO - Dependencies all met for dep_context=non-requeueable deps ti=<TaskInstance: ecommerce_generate_order_process.generate_order_process scheduled__2025-06-14T03:06:12.033460+00:00 [queued]>
[2025-06-14T03:07:13.273+0000] {taskinstance.py:1157} INFO - Dependencies all met for dep_context=requeueable deps ti=<TaskInstance: ecommerce_generate_order_process.generate_order_process scheduled__2025-06-14T03:06:12.033460+00:00 [queued]>
[2025-06-14T03:07:13.274+0000] {taskinstance.py:1359} INFO - Starting attempt 1 of 6
[2025-06-14T03:07:13.300+0000] {taskinstance.py:1380} INFO - Executing <Task(_PythonDecoratedOperator): generate_order_process> on 2025-06-14 03:06:12.033460+00:00
[2025-06-14T03:07:13.310+0000] {standard_task_runner.py:57} INFO - Started process 6942 to run task
[2025-06-14T03:07:13.314+0000] {standard_task_runner.py:84} INFO - Running: ['***', 'tasks', 'run', 'ecommerce_generate_order_process', 'generate_order_process', 'scheduled__2025-06-14T03:06:12.033460+00:00', '--job-id', '764', '--raw', '--subdir', 'DAGS_FOLDER/generate_order_process.py', '--cfg-path', '/tmp/tmp4ixc7gdp']
[2025-06-14T03:07:13.317+0000] {standard_task_runner.py:85} INFO - Job 764: Subtask generate_order_process
[2025-06-14T03:07:13.414+0000] {task_command.py:415} INFO - Running <TaskInstance: ecommerce_generate_order_process.generate_order_process scheduled__2025-06-14T03:06:12.033460+00:00 [running]> on host 3498b866135e
[2025-06-14T03:07:13.569+0000] {taskinstance.py:1660} INFO - Exporting env vars: AIRFLOW_CTX_DAG_OWNER='***' AIRFLOW_CTX_DAG_ID='ecommerce_generate_order_process' AIRFLOW_CTX_TASK_ID='generate_order_process' AIRFLOW_CTX_EXECUTION_DATE='2025-06-14T03:06:12.033460+00:00' AIRFLOW_CTX_TRY_NUMBER='1' AIRFLOW_CTX_DAG_RUN_ID='scheduled__2025-06-14T03:06:12.033460+00:00'
[2025-06-14T03:07:13.588+0000] {logging_mixin.py:151} INFO - ----------------------------
[2025-06-14T03:07:13.588+0000] {logging_mixin.py:151} INFO - 116
[2025-06-14T03:07:13.588+0000] {logging_mixin.py:151} INFO - ----------------------------
[2025-06-14T03:07:13.597+0000] {logging_mixin.py:151} INFO - [(5, 8, Decimal('699.65'), Decimal('8.21'), Decimal('459.530120')), (9, 4, Decimal('724.69'), Decimal('11.61'), Decimal('336.546036')), (13, 4, Decimal('411.98'), Decimal('16.77'), Decimal('276.356184')), (6, 1, Decimal('721.46'), Decimal('1.60'), Decimal('11.54336')), (33, 9, Decimal('508.62'), Decimal('3.37'), Decimal('154.264446')), (37, 7, Decimal('892.19'), Decimal('4.68'), Decimal('292.281444'))]
[2025-06-14T03:07:13.600+0000] {logging_mixin.py:151} INFO - [(148, 5, 8, Decimal('699.65'), Decimal('8.21'), Decimal('459.530120')), (148, 9, 4, Decimal('724.69'), Decimal('11.61'), Decimal('336.546036')), (148, 13, 4, Decimal('411.98'), Decimal('16.77'), Decimal('276.356184')), (148, 6, 1, Decimal('721.46'), Decimal('1.60'), Decimal('11.54336')), (148, 33, 9, Decimal('508.62'), Decimal('3.37'), Decimal('154.264446')), (148, 37, 7, Decimal('892.19'), Decimal('4.68'), Decimal('292.281444'))]
[2025-06-14T03:07:13.602+0000] {logging_mixin.py:151} INFO - Simulation completed successfully!
[2025-06-14T03:07:13.602+0000] {logging_mixin.py:151} INFO - 148
[2025-06-14T03:07:13.602+0000] {python.py:194} INFO - Done. Returned value was: 148
[2025-06-14T03:07:13.648+0000] {taskinstance.py:1398} INFO - Marking task as SUCCESS. dag_id=ecommerce_generate_order_process, task_id=generate_order_process, execution_date=20250614T030612, start_date=20250614T030713, end_date=20250614T030713
[2025-06-14T03:07:13.686+0000] {local_task_job_runner.py:228} INFO - Task exited with return code 0
[2025-06-14T03:07:13.717+0000] {taskinstance.py:2776} INFO - 0 downstream tasks scheduled from follow-on schedule check
