[2025-06-14T03:10:13.154+0000] {taskinstance.py:1157} INFO - Dependencies all met for dep_context=non-requeueable deps ti=<TaskInstance: ecommerce_generate_order_process.generate_order_process scheduled__2025-06-14T03:09:12.130199+00:00 [queued]>
[2025-06-14T03:10:13.162+0000] {taskinstance.py:1157} INFO - Dependencies all met for dep_context=requeueable deps ti=<TaskInstance: ecommerce_generate_order_process.generate_order_process scheduled__2025-06-14T03:09:12.130199+00:00 [queued]>
[2025-06-14T03:10:13.162+0000] {taskinstance.py:1359} INFO - Starting attempt 1 of 6
[2025-06-14T03:10:13.174+0000] {taskinstance.py:1380} INFO - Executing <Task(_PythonDecoratedOperator): generate_order_process> on 2025-06-14 03:09:12.130199+00:00
[2025-06-14T03:10:13.180+0000] {standard_task_runner.py:57} INFO - Started process 7186 to run task
[2025-06-14T03:10:13.183+0000] {standard_task_runner.py:84} INFO - Running: ['***', 'tasks', 'run', 'ecommerce_generate_order_process', 'generate_order_process', 'scheduled__2025-06-14T03:09:12.130199+00:00', '--job-id', '779', '--raw', '--subdir', 'DAGS_FOLDER/generate_order_process.py', '--cfg-path', '/tmp/tmpx___mn0c']
[2025-06-14T03:10:13.185+0000] {standard_task_runner.py:85} INFO - Job 779: Subtask generate_order_process
[2025-06-14T03:10:13.243+0000] {task_command.py:415} INFO - Running <TaskInstance: ecommerce_generate_order_process.generate_order_process scheduled__2025-06-14T03:09:12.130199+00:00 [running]> on host 3498b866135e
[2025-06-14T03:10:13.346+0000] {taskinstance.py:1660} INFO - Exporting env vars: AIRFLOW_CTX_DAG_OWNER='***' AIRFLOW_CTX_DAG_ID='ecommerce_generate_order_process' AIRFLOW_CTX_TASK_ID='generate_order_process' AIRFLOW_CTX_EXECUTION_DATE='2025-06-14T03:09:12.130199+00:00' AIRFLOW_CTX_TRY_NUMBER='1' AIRFLOW_CTX_DAG_RUN_ID='scheduled__2025-06-14T03:09:12.130199+00:00'
[2025-06-14T03:10:13.359+0000] {logging_mixin.py:151} INFO - ----------------------------
[2025-06-14T03:10:13.359+0000] {logging_mixin.py:151} INFO - 273
[2025-06-14T03:10:13.359+0000] {logging_mixin.py:151} INFO - ----------------------------
[2025-06-14T03:10:13.365+0000] {logging_mixin.py:151} INFO - [(3, 7, Decimal('946.29'), Decimal('2.59'), Decimal('171.562377')), (31, 6, Decimal('878.54'), Decimal('16.74'), Decimal('882.405576')), (17, 1, Decimal('207.60'), Decimal('14.70'), Decimal('30.51720')), (24, 1, Decimal('387.14'), Decimal('4.66'), Decimal('18.040724')), (39, 6, Decimal('713.46'), Decimal('15.39'), Decimal('658.808964'))]
[2025-06-14T03:10:13.366+0000] {logging_mixin.py:151} INFO - [(151, 3, 7, Decimal('946.29'), Decimal('2.59'), Decimal('171.562377')), (151, 31, 6, Decimal('878.54'), Decimal('16.74'), Decimal('882.405576')), (151, 17, 1, Decimal('207.60'), Decimal('14.70'), Decimal('30.51720')), (151, 24, 1, Decimal('387.14'), Decimal('4.66'), Decimal('18.040724')), (151, 39, 6, Decimal('713.46'), Decimal('15.39'), Decimal('658.808964'))]
[2025-06-14T03:10:13.367+0000] {logging_mixin.py:151} INFO - Simulation completed successfully!
[2025-06-14T03:10:13.367+0000] {logging_mixin.py:151} INFO - 151
[2025-06-14T03:10:13.368+0000] {python.py:194} INFO - Done. Returned value was: 151
[2025-06-14T03:10:13.398+0000] {taskinstance.py:1398} INFO - Marking task as SUCCESS. dag_id=ecommerce_generate_order_process, task_id=generate_order_process, execution_date=20250614T030912, start_date=20250614T031013, end_date=20250614T031013
[2025-06-14T03:10:13.435+0000] {local_task_job_runner.py:228} INFO - Task exited with return code 0
[2025-06-14T03:10:13.457+0000] {taskinstance.py:2776} INFO - 1 downstream tasks scheduled from follow-on schedule check
