[2025-06-14T02:38:13.278+0000] {taskinstance.py:1157} INFO - Dependencies all met for dep_context=non-requeueable deps ti=<TaskInstance: ecommerce_generate_order_process.generate_order_process scheduled__2025-06-14T02:37:12.033460+00:00 [queued]>
[2025-06-14T02:38:13.286+0000] {taskinstance.py:1157} INFO - Dependencies all met for dep_context=requeueable deps ti=<TaskInstance: ecommerce_generate_order_process.generate_order_process scheduled__2025-06-14T02:37:12.033460+00:00 [queued]>
[2025-06-14T02:38:13.287+0000] {taskinstance.py:1359} INFO - Starting attempt 1 of 6
[2025-06-14T02:38:13.300+0000] {taskinstance.py:1380} INFO - Executing <Task(_PythonDecoratedOperator): generate_order_process> on 2025-06-14 02:37:12.033460+00:00
[2025-06-14T02:38:13.306+0000] {standard_task_runner.py:57} INFO - Started process 4376 to run task
[2025-06-14T02:38:13.308+0000] {standard_task_runner.py:84} INFO - Running: ['***', 'tasks', 'run', 'ecommerce_generate_order_process', 'generate_order_process', 'scheduled__2025-06-14T02:37:12.033460+00:00', '--job-id', '619', '--raw', '--subdir', 'DAGS_FOLDER/generate_order_process.py', '--cfg-path', '/tmp/tmpmdvppusl']
[2025-06-14T02:38:13.310+0000] {standard_task_runner.py:85} INFO - Job 619: Subtask generate_order_process
[2025-06-14T02:38:13.377+0000] {task_command.py:415} INFO - Running <TaskInstance: ecommerce_generate_order_process.generate_order_process scheduled__2025-06-14T02:37:12.033460+00:00 [running]> on host 3498b866135e
[2025-06-14T02:38:13.496+0000] {taskinstance.py:1660} INFO - Exporting env vars: AIRFLOW_CTX_DAG_OWNER='***' AIRFLOW_CTX_DAG_ID='ecommerce_generate_order_process' AIRFLOW_CTX_TASK_ID='generate_order_process' AIRFLOW_CTX_EXECUTION_DATE='2025-06-14T02:37:12.033460+00:00' AIRFLOW_CTX_TRY_NUMBER='1' AIRFLOW_CTX_DAG_RUN_ID='scheduled__2025-06-14T02:37:12.033460+00:00'
[2025-06-14T02:38:13.511+0000] {logging_mixin.py:151} INFO - ----------------------------
[2025-06-14T02:38:13.511+0000] {logging_mixin.py:151} INFO - 172
[2025-06-14T02:38:13.511+0000] {logging_mixin.py:151} INFO - ----------------------------
[2025-06-14T02:38:13.518+0000] {logging_mixin.py:151} INFO - [(42, 4, Decimal('408.31'), Decimal('15.66'), Decimal('255.765384')), (27, 8, Decimal('412.73'), Decimal('3.00'), Decimal('99.0552')), (39, 6, Decimal('713.46'), Decimal('15.39'), Decimal('658.808964')), (48, 4, Decimal('294.67'), Decimal('17.31'), Decimal('204.029508')), (34, 5, Decimal('814.83'), Decimal('13.74'), Decimal('559.788210')), (15, 7, Decimal('523.55'), Decimal('19.06'), Decimal('698.520410')), (35, 3, Decimal('512.37'), Decimal('5.78'), Decimal('88.844958')), (18, 9, Decimal('697.86'), Decimal('6.91'), Decimal('433.999134')), (40, 4, Decimal('700.78'), Decimal('16.51'), Decimal('462.795112'))]
[2025-06-14T02:38:13.521+0000] {logging_mixin.py:151} INFO - [(119, 42, 4, Decimal('408.31'), Decimal('15.66'), Decimal('255.765384')), (119, 27, 8, Decimal('412.73'), Decimal('3.00'), Decimal('99.0552')), (119, 39, 6, Decimal('713.46'), Decimal('15.39'), Decimal('658.808964')), (119, 48, 4, Decimal('294.67'), Decimal('17.31'), Decimal('204.029508')), (119, 34, 5, Decimal('814.83'), Decimal('13.74'), Decimal('559.788210')), (119, 15, 7, Decimal('523.55'), Decimal('19.06'), Decimal('698.520410')), (119, 35, 3, Decimal('512.37'), Decimal('5.78'), Decimal('88.844958')), (119, 18, 9, Decimal('697.86'), Decimal('6.91'), Decimal('433.999134')), (119, 40, 4, Decimal('700.78'), Decimal('16.51'), Decimal('462.795112'))]
[2025-06-14T02:38:13.522+0000] {logging_mixin.py:151} INFO - Simulation completed successfully!
[2025-06-14T02:38:13.523+0000] {logging_mixin.py:151} INFO - 119
[2025-06-14T02:38:13.523+0000] {python.py:194} INFO - Done. Returned value was: 119
[2025-06-14T02:38:13.562+0000] {taskinstance.py:1398} INFO - Marking task as SUCCESS. dag_id=ecommerce_generate_order_process, task_id=generate_order_process, execution_date=20250614T023712, start_date=20250614T023813, end_date=20250614T023813
[2025-06-14T02:38:13.600+0000] {local_task_job_runner.py:228} INFO - Task exited with return code 0
[2025-06-14T02:38:13.629+0000] {taskinstance.py:2776} INFO - 1 downstream tasks scheduled from follow-on schedule check
