[2025-06-13T16:18:33.419+0000] {taskinstance.py:1157} INFO - Dependencies all met for dep_context=non-requeueable deps ti=<TaskInstance: ecommerce_generate_order_process.generate_order_process scheduled__2025-06-13T16:17:31.606904+00:00 [queued]>
[2025-06-13T16:18:33.445+0000] {taskinstance.py:1157} INFO - Dependencies all met for dep_context=requeueable deps ti=<TaskInstance: ecommerce_generate_order_process.generate_order_process scheduled__2025-06-13T16:17:31.606904+00:00 [queued]>
[2025-06-13T16:18:33.446+0000] {taskinstance.py:1359} INFO - Starting attempt 1 of 6
[2025-06-13T16:18:33.484+0000] {taskinstance.py:1380} INFO - Executing <Task(_PythonDecoratedOperator): generate_order_process> on 2025-06-13 16:17:31.606904+00:00
[2025-06-13T16:18:33.501+0000] {standard_task_runner.py:57} INFO - Started process 2661 to run task
[2025-06-13T16:18:33.507+0000] {standard_task_runner.py:84} INFO - Running: ['***', 'tasks', 'run', 'ecommerce_generate_order_process', 'generate_order_process', 'scheduled__2025-06-13T16:17:31.606904+00:00', '--job-id', '165', '--raw', '--subdir', 'DAGS_FOLDER/generate_order_process.py', '--cfg-path', '/tmp/tmpt5gnjxeh']
[2025-06-13T16:18:33.514+0000] {standard_task_runner.py:85} INFO - Job 165: Subtask generate_order_process
[2025-06-13T16:18:33.707+0000] {task_command.py:415} INFO - Running <TaskInstance: ecommerce_generate_order_process.generate_order_process scheduled__2025-06-13T16:17:31.606904+00:00 [running]> on host 3498b866135e
[2025-06-13T16:18:34.046+0000] {taskinstance.py:1660} INFO - Exporting env vars: AIRFLOW_CTX_DAG_OWNER='***' AIRFLOW_CTX_DAG_ID='ecommerce_generate_order_process' AIRFLOW_CTX_TASK_ID='generate_order_process' AIRFLOW_CTX_EXECUTION_DATE='2025-06-13T16:17:31.606904+00:00' AIRFLOW_CTX_TRY_NUMBER='1' AIRFLOW_CTX_DAG_RUN_ID='scheduled__2025-06-13T16:17:31.606904+00:00'
[2025-06-13T16:18:34.092+0000] {logging_mixin.py:151} INFO - ----------------------------
[2025-06-13T16:18:34.093+0000] {logging_mixin.py:151} INFO - 9
[2025-06-13T16:18:34.094+0000] {logging_mixin.py:151} INFO - ----------------------------
[2025-06-13T16:18:34.115+0000] {logging_mixin.py:151} INFO - [(15, 7, Decimal('523.55'), Decimal('19.06'), Decimal('698.520410')), (25, 2, Decimal('34.67'), Decimal('5.72'), Decimal('3.966248')), (21, 4, Decimal('841.78'), Decimal('5.97'), Decimal('201.017064')), (22, 1, Decimal('429.81'), Decimal('5.21'), Decimal('22.393101')), (2, 1, Decimal('925.46'), Decimal('2.62'), Decimal('24.247052')), (8, 1, Decimal('130.57'), Decimal('13.94'), Decimal('18.201458')), (20, 8, Decimal('841.06'), Decimal('11.60'), Decimal('780.50368')), (17, 1, Decimal('207.60'), Decimal('14.70'), Decimal('30.51720'))]
[2025-06-13T16:18:34.121+0000] {logging_mixin.py:151} INFO - [(31, 15, 7, Decimal('523.55'), Decimal('19.06'), Decimal('698.520410')), (31, 25, 2, Decimal('34.67'), Decimal('5.72'), Decimal('3.966248')), (31, 21, 4, Decimal('841.78'), Decimal('5.97'), Decimal('201.017064')), (31, 22, 1, Decimal('429.81'), Decimal('5.21'), Decimal('22.393101')), (31, 2, 1, Decimal('925.46'), Decimal('2.62'), Decimal('24.247052')), (31, 8, 1, Decimal('130.57'), Decimal('13.94'), Decimal('18.201458')), (31, 20, 8, Decimal('841.06'), Decimal('11.60'), Decimal('780.50368')), (31, 17, 1, Decimal('207.60'), Decimal('14.70'), Decimal('30.51720'))]
[2025-06-13T16:18:34.123+0000] {logging_mixin.py:151} INFO - Simulation completed successfully!
[2025-06-13T16:18:34.124+0000] {logging_mixin.py:151} INFO - 31
[2025-06-13T16:18:34.124+0000] {python.py:194} INFO - Done. Returned value was: 31
[2025-06-13T16:18:34.231+0000] {taskinstance.py:1398} INFO - Marking task as SUCCESS. dag_id=ecommerce_generate_order_process, task_id=generate_order_process, execution_date=20250613T161731, start_date=20250613T161833, end_date=20250613T161834
[2025-06-13T16:18:34.281+0000] {local_task_job_runner.py:228} INFO - Task exited with return code 0
[2025-06-13T16:18:34.359+0000] {taskinstance.py:2776} INFO - 1 downstream tasks scheduled from follow-on schedule check
