[2025-06-13T16:29:33.857+0000] {taskinstance.py:1157} INFO - Dependencies all met for dep_context=non-requeueable deps ti=<TaskInstance: ecommerce_generate_order_process.generate_order_process scheduled__2025-06-13T16:28:31.706122+00:00 [queued]>
[2025-06-13T16:29:33.873+0000] {taskinstance.py:1157} INFO - Dependencies all met for dep_context=requeueable deps ti=<TaskInstance: ecommerce_generate_order_process.generate_order_process scheduled__2025-06-13T16:28:31.706122+00:00 [queued]>
[2025-06-13T16:29:33.873+0000] {taskinstance.py:1359} INFO - Starting attempt 1 of 6
[2025-06-13T16:29:33.902+0000] {taskinstance.py:1380} INFO - Executing <Task(_PythonDecoratedOperator): generate_order_process> on 2025-06-13 16:28:31.706122+00:00
[2025-06-13T16:29:33.918+0000] {standard_task_runner.py:57} INFO - Started process 3626 to run task
[2025-06-13T16:29:33.926+0000] {standard_task_runner.py:84} INFO - Running: ['***', 'tasks', 'run', 'ecommerce_generate_order_process', 'generate_order_process', 'scheduled__2025-06-13T16:28:31.706122+00:00', '--job-id', '220', '--raw', '--subdir', 'DAGS_FOLDER/generate_order_process.py', '--cfg-path', '/tmp/tmpp1h3qw3p']
[2025-06-13T16:29:33.935+0000] {standard_task_runner.py:85} INFO - Job 220: Subtask generate_order_process
[2025-06-13T16:29:34.171+0000] {task_command.py:415} INFO - Running <TaskInstance: ecommerce_generate_order_process.generate_order_process scheduled__2025-06-13T16:28:31.706122+00:00 [running]> on host 3498b866135e
[2025-06-13T16:29:34.407+0000] {taskinstance.py:1660} INFO - Exporting env vars: AIRFLOW_CTX_DAG_OWNER='***' AIRFLOW_CTX_DAG_ID='ecommerce_generate_order_process' AIRFLOW_CTX_TASK_ID='generate_order_process' AIRFLOW_CTX_EXECUTION_DATE='2025-06-13T16:28:31.706122+00:00' AIRFLOW_CTX_TRY_NUMBER='1' AIRFLOW_CTX_DAG_RUN_ID='scheduled__2025-06-13T16:28:31.706122+00:00'
[2025-06-13T16:29:34.456+0000] {logging_mixin.py:151} INFO - ----------------------------
[2025-06-13T16:29:34.457+0000] {logging_mixin.py:151} INFO - 77
[2025-06-13T16:29:34.457+0000] {logging_mixin.py:151} INFO - ----------------------------
[2025-06-13T16:29:34.480+0000] {logging_mixin.py:151} INFO - [(25, 2, Decimal('34.67'), Decimal('5.72'), Decimal('3.966248')), (9, 4, Decimal('724.69'), Decimal('11.61'), Decimal('336.546036')), (7, 6, Decimal('875.57'), Decimal('8.85'), Decimal('464.927670')), (2, 1, Decimal('925.46'), Decimal('2.62'), Decimal('24.247052')), (22, 1, Decimal('429.81'), Decimal('5.21'), Decimal('22.393101')), (11, 4, Decimal('668.03'), Decimal('3.23'), Decimal('86.309476')), (5, 8, Decimal('699.65'), Decimal('8.21'), Decimal('459.530120')), (17, 1, Decimal('207.60'), Decimal('14.70'), Decimal('30.51720'))]
[2025-06-13T16:29:34.488+0000] {logging_mixin.py:151} INFO - [(42, 25, 2, Decimal('34.67'), Decimal('5.72'), Decimal('3.966248')), (42, 9, 4, Decimal('724.69'), Decimal('11.61'), Decimal('336.546036')), (42, 7, 6, Decimal('875.57'), Decimal('8.85'), Decimal('464.927670')), (42, 2, 1, Decimal('925.46'), Decimal('2.62'), Decimal('24.247052')), (42, 22, 1, Decimal('429.81'), Decimal('5.21'), Decimal('22.393101')), (42, 11, 4, Decimal('668.03'), Decimal('3.23'), Decimal('86.309476')), (42, 5, 8, Decimal('699.65'), Decimal('8.21'), Decimal('459.530120')), (42, 17, 1, Decimal('207.60'), Decimal('14.70'), Decimal('30.51720'))]
[2025-06-13T16:29:34.491+0000] {logging_mixin.py:151} INFO - Simulation completed successfully!
[2025-06-13T16:29:34.492+0000] {logging_mixin.py:151} INFO - 42
[2025-06-13T16:29:34.493+0000] {python.py:194} INFO - Done. Returned value was: 42
[2025-06-13T16:29:34.648+0000] {taskinstance.py:1398} INFO - Marking task as SUCCESS. dag_id=ecommerce_generate_order_process, task_id=generate_order_process, execution_date=20250613T162831, start_date=20250613T162933, end_date=20250613T162934
[2025-06-13T16:29:34.739+0000] {local_task_job_runner.py:228} INFO - Task exited with return code 0
[2025-06-13T16:29:34.810+0000] {taskinstance.py:2776} INFO - 1 downstream tasks scheduled from follow-on schedule check
