[2025-06-14T02:34:13.113+0000] {taskinstance.py:1157} INFO - Dependencies all met for dep_context=non-requeueable deps ti=<TaskInstance: ecommerce_generate_order_process.generate_order_process scheduled__2025-06-14T02:33:12.033460+00:00 [queued]>
[2025-06-14T02:34:13.120+0000] {taskinstance.py:1157} INFO - Dependencies all met for dep_context=requeueable deps ti=<TaskInstance: ecommerce_generate_order_process.generate_order_process scheduled__2025-06-14T02:33:12.033460+00:00 [queued]>
[2025-06-14T02:34:13.120+0000] {taskinstance.py:1359} INFO - Starting attempt 1 of 6
[2025-06-14T02:34:13.130+0000] {taskinstance.py:1380} INFO - Executing <Task(_PythonDecoratedOperator): generate_order_process> on 2025-06-14 02:33:12.033460+00:00
[2025-06-14T02:34:13.135+0000] {standard_task_runner.py:57} INFO - Started process 4016 to run task
[2025-06-14T02:34:13.137+0000] {standard_task_runner.py:84} INFO - Running: ['***', 'tasks', 'run', 'ecommerce_generate_order_process', 'generate_order_process', 'scheduled__2025-06-14T02:33:12.033460+00:00', '--job-id', '599', '--raw', '--subdir', 'DAGS_FOLDER/generate_order_process.py', '--cfg-path', '/tmp/tmpmx6bnj6i']
[2025-06-14T02:34:13.138+0000] {standard_task_runner.py:85} INFO - Job 599: Subtask generate_order_process
[2025-06-14T02:34:13.186+0000] {task_command.py:415} INFO - Running <TaskInstance: ecommerce_generate_order_process.generate_order_process scheduled__2025-06-14T02:33:12.033460+00:00 [running]> on host 3498b866135e
[2025-06-14T02:34:13.270+0000] {taskinstance.py:1660} INFO - Exporting env vars: AIRFLOW_CTX_DAG_OWNER='***' AIRFLOW_CTX_DAG_ID='ecommerce_generate_order_process' AIRFLOW_CTX_TASK_ID='generate_order_process' AIRFLOW_CTX_EXECUTION_DATE='2025-06-14T02:33:12.033460+00:00' AIRFLOW_CTX_TRY_NUMBER='1' AIRFLOW_CTX_DAG_RUN_ID='scheduled__2025-06-14T02:33:12.033460+00:00'
[2025-06-14T02:34:13.281+0000] {logging_mixin.py:151} INFO - ----------------------------
[2025-06-14T02:34:13.282+0000] {logging_mixin.py:151} INFO - 84
[2025-06-14T02:34:13.282+0000] {logging_mixin.py:151} INFO - ----------------------------
[2025-06-14T02:34:13.287+0000] {logging_mixin.py:151} INFO - [(23, 1, Decimal('521.30'), Decimal('16.80'), Decimal('87.57840')), (44, 3, Decimal('20.44'), Decimal('5.09'), Decimal('3.121188'))]
[2025-06-14T02:34:13.288+0000] {logging_mixin.py:151} INFO - [(115, 23, 1, Decimal('521.30'), Decimal('16.80'), Decimal('87.57840')), (115, 44, 3, Decimal('20.44'), Decimal('5.09'), Decimal('3.121188'))]
[2025-06-14T02:34:13.289+0000] {logging_mixin.py:151} INFO - Simulation completed successfully!
[2025-06-14T02:34:13.289+0000] {logging_mixin.py:151} INFO - 115
[2025-06-14T02:34:13.289+0000] {python.py:194} INFO - Done. Returned value was: 115
[2025-06-14T02:34:13.318+0000] {taskinstance.py:1398} INFO - Marking task as SUCCESS. dag_id=ecommerce_generate_order_process, task_id=generate_order_process, execution_date=20250614T023312, start_date=20250614T023413, end_date=20250614T023413
[2025-06-14T02:34:13.348+0000] {local_task_job_runner.py:228} INFO - Task exited with return code 0
[2025-06-14T02:34:13.370+0000] {taskinstance.py:2776} INFO - 1 downstream tasks scheduled from follow-on schedule check
