[2025-06-14T05:08:13.265+0000] {taskinstance.py:1157} INFO - Dependencies all met for dep_context=non-requeueable deps ti=<TaskInstance: ecommerce_generate_order_process.generate_order_process scheduled__2025-06-14T05:07:12.130199+00:00 [queued]>
[2025-06-14T05:08:13.275+0000] {taskinstance.py:1157} INFO - Dependencies all met for dep_context=requeueable deps ti=<TaskInstance: ecommerce_generate_order_process.generate_order_process scheduled__2025-06-14T05:07:12.130199+00:00 [queued]>
[2025-06-14T05:08:13.275+0000] {taskinstance.py:1359} INFO - Starting attempt 1 of 6
[2025-06-14T05:08:13.289+0000] {taskinstance.py:1380} INFO - Executing <Task(_PythonDecoratedOperator): generate_order_process> on 2025-06-14 05:07:12.130199+00:00
[2025-06-14T05:08:13.294+0000] {standard_task_runner.py:57} INFO - Started process 17616 to run task
[2025-06-14T05:08:13.296+0000] {standard_task_runner.py:84} INFO - Running: ['***', 'tasks', 'run', 'ecommerce_generate_order_process', 'generate_order_process', 'scheduled__2025-06-14T05:07:12.130199+00:00', '--job-id', '1369', '--raw', '--subdir', 'DAGS_FOLDER/generate_order_process.py', '--cfg-path', '/tmp/tmp18qh86at']
[2025-06-14T05:08:13.298+0000] {standard_task_runner.py:85} INFO - Job 1369: Subtask generate_order_process
[2025-06-14T05:08:13.356+0000] {task_command.py:415} INFO - Running <TaskInstance: ecommerce_generate_order_process.generate_order_process scheduled__2025-06-14T05:07:12.130199+00:00 [running]> on host 3498b866135e
[2025-06-14T05:08:13.465+0000] {taskinstance.py:1660} INFO - Exporting env vars: AIRFLOW_CTX_DAG_OWNER='***' AIRFLOW_CTX_DAG_ID='ecommerce_generate_order_process' AIRFLOW_CTX_TASK_ID='generate_order_process' AIRFLOW_CTX_EXECUTION_DATE='2025-06-14T05:07:12.130199+00:00' AIRFLOW_CTX_TRY_NUMBER='1' AIRFLOW_CTX_DAG_RUN_ID='scheduled__2025-06-14T05:07:12.130199+00:00'
[2025-06-14T05:08:13.481+0000] {logging_mixin.py:151} INFO - ----------------------------
[2025-06-14T05:08:13.481+0000] {logging_mixin.py:151} INFO - 299
[2025-06-14T05:08:13.481+0000] {logging_mixin.py:151} INFO - ----------------------------
[2025-06-14T05:08:13.489+0000] {logging_mixin.py:151} INFO - [(49, 8, Decimal('42.29'), Decimal('1.49'), Decimal('5.040968')), (36, 1, Decimal('745.80'), Decimal('1.07'), Decimal('7.980060')), (2, 1, Decimal('925.46'), Decimal('2.62'), Decimal('24.247052')), (38, 4, Decimal('79.94'), Decimal('0.52'), Decimal('1.662752')), (15, 7, Decimal('523.55'), Decimal('19.06'), Decimal('698.520410')), (18, 9, Decimal('697.86'), Decimal('6.91'), Decimal('433.999134')), (30, 2, Decimal('913.08'), Decimal('18.10'), Decimal('330.53496')), (28, 7, Decimal('799.39'), Decimal('3.53'), Decimal('197.529269')), (26, 5, Decimal('349.97'), Decimal('8.34'), Decimal('145.937490'))]
[2025-06-14T05:08:13.491+0000] {logging_mixin.py:151} INFO - [(269, 49, 8, Decimal('42.29'), Decimal('1.49'), Decimal('5.040968')), (269, 36, 1, Decimal('745.80'), Decimal('1.07'), Decimal('7.980060')), (269, 2, 1, Decimal('925.46'), Decimal('2.62'), Decimal('24.247052')), (269, 38, 4, Decimal('79.94'), Decimal('0.52'), Decimal('1.662752')), (269, 15, 7, Decimal('523.55'), Decimal('19.06'), Decimal('698.520410')), (269, 18, 9, Decimal('697.86'), Decimal('6.91'), Decimal('433.999134')), (269, 30, 2, Decimal('913.08'), Decimal('18.10'), Decimal('330.53496')), (269, 28, 7, Decimal('799.39'), Decimal('3.53'), Decimal('197.529269')), (269, 26, 5, Decimal('349.97'), Decimal('8.34'), Decimal('145.937490'))]
[2025-06-14T05:08:13.493+0000] {logging_mixin.py:151} INFO - Simulation completed successfully!
[2025-06-14T05:08:13.493+0000] {logging_mixin.py:151} INFO - 269
[2025-06-14T05:08:13.493+0000] {python.py:194} INFO - Done. Returned value was: 269
[2025-06-14T05:08:13.529+0000] {taskinstance.py:1398} INFO - Marking task as SUCCESS. dag_id=ecommerce_generate_order_process, task_id=generate_order_process, execution_date=20250614T050712, start_date=20250614T050813, end_date=20250614T050813
[2025-06-14T05:08:13.548+0000] {local_task_job_runner.py:228} INFO - Task exited with return code 0
[2025-06-14T05:08:13.575+0000] {taskinstance.py:2776} INFO - 1 downstream tasks scheduled from follow-on schedule check
