[2025-06-14T05:12:13.585+0000] {taskinstance.py:1157} INFO - Dependencies all met for dep_context=non-requeueable deps ti=<TaskInstance: ecommerce_generate_order_process.generate_order_process scheduled__2025-06-14T05:11:12.130199+00:00 [queued]>
[2025-06-14T05:12:13.592+0000] {taskinstance.py:1157} INFO - Dependencies all met for dep_context=requeueable deps ti=<TaskInstance: ecommerce_generate_order_process.generate_order_process scheduled__2025-06-14T05:11:12.130199+00:00 [queued]>
[2025-06-14T05:12:13.592+0000] {taskinstance.py:1359} INFO - Starting attempt 1 of 6
[2025-06-14T05:12:13.602+0000] {taskinstance.py:1380} INFO - Executing <Task(_PythonDecoratedOperator): generate_order_process> on 2025-06-14 05:11:12.130199+00:00
[2025-06-14T05:12:13.606+0000] {standard_task_runner.py:57} INFO - Started process 17961 to run task
[2025-06-14T05:12:13.608+0000] {standard_task_runner.py:84} INFO - Running: ['***', 'tasks', 'run', 'ecommerce_generate_order_process', 'generate_order_process', 'scheduled__2025-06-14T05:11:12.130199+00:00', '--job-id', '1389', '--raw', '--subdir', 'DAGS_FOLDER/generate_order_process.py', '--cfg-path', '/tmp/tmptvi2r93y']
[2025-06-14T05:12:13.610+0000] {standard_task_runner.py:85} INFO - Job 1389: Subtask generate_order_process
[2025-06-14T05:12:13.661+0000] {task_command.py:415} INFO - Running <TaskInstance: ecommerce_generate_order_process.generate_order_process scheduled__2025-06-14T05:11:12.130199+00:00 [running]> on host 3498b866135e
[2025-06-14T05:12:13.749+0000] {taskinstance.py:1660} INFO - Exporting env vars: AIRFLOW_CTX_DAG_OWNER='***' AIRFLOW_CTX_DAG_ID='ecommerce_generate_order_process' AIRFLOW_CTX_TASK_ID='generate_order_process' AIRFLOW_CTX_EXECUTION_DATE='2025-06-14T05:11:12.130199+00:00' AIRFLOW_CTX_TRY_NUMBER='1' AIRFLOW_CTX_DAG_RUN_ID='scheduled__2025-06-14T05:11:12.130199+00:00'
[2025-06-14T05:12:13.760+0000] {logging_mixin.py:151} INFO - ----------------------------
[2025-06-14T05:12:13.761+0000] {logging_mixin.py:151} INFO - 435
[2025-06-14T05:12:13.761+0000] {logging_mixin.py:151} INFO - ----------------------------
[2025-06-14T05:12:13.767+0000] {logging_mixin.py:151} INFO - [(22, 1, Decimal('429.81'), Decimal('5.21'), Decimal('22.393101')), (34, 5, Decimal('814.83'), Decimal('13.74'), Decimal('559.788210')), (11, 4, Decimal('668.03'), Decimal('3.23'), Decimal('86.309476')), (1, 1, Decimal('802.42'), Decimal('3.53'), Decimal('28.325426')), (3, 7, Decimal('946.29'), Decimal('2.59'), Decimal('171.562377')), (41, 1, Decimal('855.34'), Decimal('13.96'), Decimal('119.405464')), (37, 7, Decimal('892.19'), Decimal('4.68'), Decimal('292.281444')), (50, 6, Decimal('732.13'), Decimal('17.33'), Decimal('761.268774'))]
[2025-06-14T05:12:13.768+0000] {logging_mixin.py:151} INFO - [(273, 22, 1, Decimal('429.81'), Decimal('5.21'), Decimal('22.393101')), (273, 34, 5, Decimal('814.83'), Decimal('13.74'), Decimal('559.788210')), (273, 11, 4, Decimal('668.03'), Decimal('3.23'), Decimal('86.309476')), (273, 1, 1, Decimal('802.42'), Decimal('3.53'), Decimal('28.325426')), (273, 3, 7, Decimal('946.29'), Decimal('2.59'), Decimal('171.562377')), (273, 41, 1, Decimal('855.34'), Decimal('13.96'), Decimal('119.405464')), (273, 37, 7, Decimal('892.19'), Decimal('4.68'), Decimal('292.281444')), (273, 50, 6, Decimal('732.13'), Decimal('17.33'), Decimal('761.268774'))]
[2025-06-14T05:12:13.770+0000] {logging_mixin.py:151} INFO - Simulation completed successfully!
[2025-06-14T05:12:13.770+0000] {logging_mixin.py:151} INFO - 273
[2025-06-14T05:12:13.770+0000] {python.py:194} INFO - Done. Returned value was: 273
[2025-06-14T05:12:13.798+0000] {taskinstance.py:1398} INFO - Marking task as SUCCESS. dag_id=ecommerce_generate_order_process, task_id=generate_order_process, execution_date=20250614T051112, start_date=20250614T051213, end_date=20250614T051213
[2025-06-14T05:12:13.820+0000] {local_task_job_runner.py:228} INFO - Task exited with return code 0
[2025-06-14T05:12:13.841+0000] {taskinstance.py:2776} INFO - 1 downstream tasks scheduled from follow-on schedule check
