[2025-06-14T03:11:13.573+0000] {taskinstance.py:1157} INFO - Dependencies all met for dep_context=non-requeueable deps ti=<TaskInstance: ecommerce_generate_order_process.generate_order_process scheduled__2025-06-14T03:10:12.130199+00:00 [queued]>
[2025-06-14T03:11:13.580+0000] {taskinstance.py:1157} INFO - Dependencies all met for dep_context=requeueable deps ti=<TaskInstance: ecommerce_generate_order_process.generate_order_process scheduled__2025-06-14T03:10:12.130199+00:00 [queued]>
[2025-06-14T03:11:13.580+0000] {taskinstance.py:1359} INFO - Starting attempt 1 of 6
[2025-06-14T03:11:13.590+0000] {taskinstance.py:1380} INFO - Executing <Task(_PythonDecoratedOperator): generate_order_process> on 2025-06-14 03:10:12.130199+00:00
[2025-06-14T03:11:13.595+0000] {standard_task_runner.py:57} INFO - Started process 7276 to run task
[2025-06-14T03:11:13.597+0000] {standard_task_runner.py:84} INFO - Running: ['***', 'tasks', 'run', 'ecommerce_generate_order_process', 'generate_order_process', 'scheduled__2025-06-14T03:10:12.130199+00:00', '--job-id', '784', '--raw', '--subdir', 'DAGS_FOLDER/generate_order_process.py', '--cfg-path', '/tmp/tmpfqi_tqkl']
[2025-06-14T03:11:13.598+0000] {standard_task_runner.py:85} INFO - Job 784: Subtask generate_order_process
[2025-06-14T03:11:13.645+0000] {task_command.py:415} INFO - Running <TaskInstance: ecommerce_generate_order_process.generate_order_process scheduled__2025-06-14T03:10:12.130199+00:00 [running]> on host 3498b866135e
[2025-06-14T03:11:13.728+0000] {taskinstance.py:1660} INFO - Exporting env vars: AIRFLOW_CTX_DAG_OWNER='***' AIRFLOW_CTX_DAG_ID='ecommerce_generate_order_process' AIRFLOW_CTX_TASK_ID='generate_order_process' AIRFLOW_CTX_EXECUTION_DATE='2025-06-14T03:10:12.130199+00:00' AIRFLOW_CTX_TRY_NUMBER='1' AIRFLOW_CTX_DAG_RUN_ID='scheduled__2025-06-14T03:10:12.130199+00:00'
[2025-06-14T03:11:13.739+0000] {logging_mixin.py:151} INFO - ----------------------------
[2025-06-14T03:11:13.740+0000] {logging_mixin.py:151} INFO - 20
[2025-06-14T03:11:13.740+0000] {logging_mixin.py:151} INFO - ----------------------------
[2025-06-14T03:11:13.744+0000] {logging_mixin.py:151} INFO - [(9, 4, Decimal('724.69'), Decimal('11.61'), Decimal('336.546036')), (33, 9, Decimal('508.62'), Decimal('3.37'), Decimal('154.264446')), (35, 3, Decimal('512.37'), Decimal('5.78'), Decimal('88.844958')), (16, 7, Decimal('266.44'), Decimal('7.11'), Decimal('132.607188'))]
[2025-06-14T03:11:13.745+0000] {logging_mixin.py:151} INFO - [(152, 9, 4, Decimal('724.69'), Decimal('11.61'), Decimal('336.546036')), (152, 33, 9, Decimal('508.62'), Decimal('3.37'), Decimal('154.264446')), (152, 35, 3, Decimal('512.37'), Decimal('5.78'), Decimal('88.844958')), (152, 16, 7, Decimal('266.44'), Decimal('7.11'), Decimal('132.607188'))]
[2025-06-14T03:11:13.746+0000] {logging_mixin.py:151} INFO - Simulation completed successfully!
[2025-06-14T03:11:13.747+0000] {logging_mixin.py:151} INFO - 152
[2025-06-14T03:11:13.747+0000] {python.py:194} INFO - Done. Returned value was: 152
[2025-06-14T03:11:13.774+0000] {taskinstance.py:1398} INFO - Marking task as SUCCESS. dag_id=ecommerce_generate_order_process, task_id=generate_order_process, execution_date=20250614T031012, start_date=20250614T031113, end_date=20250614T031113
[2025-06-14T03:11:13.808+0000] {local_task_job_runner.py:228} INFO - Task exited with return code 0
[2025-06-14T03:11:13.830+0000] {taskinstance.py:2776} INFO - 1 downstream tasks scheduled from follow-on schedule check
