[2025-06-14T04:56:12.721+0000] {taskinstance.py:1157} INFO - Dependencies all met for dep_context=non-requeueable deps ti=<TaskInstance: ecommerce_generate_order_process.generate_order_process scheduled__2025-06-14T04:55:12.130199+00:00 [queued]>
[2025-06-14T04:56:12.729+0000] {taskinstance.py:1157} INFO - Dependencies all met for dep_context=requeueable deps ti=<TaskInstance: ecommerce_generate_order_process.generate_order_process scheduled__2025-06-14T04:55:12.130199+00:00 [queued]>
[2025-06-14T04:56:12.729+0000] {taskinstance.py:1359} INFO - Starting attempt 1 of 6
[2025-06-14T04:56:12.740+0000] {taskinstance.py:1380} INFO - Executing <Task(_PythonDecoratedOperator): generate_order_process> on 2025-06-14 04:55:12.130199+00:00
[2025-06-14T04:56:12.745+0000] {standard_task_runner.py:57} INFO - Started process 16556 to run task
[2025-06-14T04:56:12.747+0000] {standard_task_runner.py:84} INFO - Running: ['***', 'tasks', 'run', 'ecommerce_generate_order_process', 'generate_order_process', 'scheduled__2025-06-14T04:55:12.130199+00:00', '--job-id', '1309', '--raw', '--subdir', 'DAGS_FOLDER/generate_order_process.py', '--cfg-path', '/tmp/tmp5ppmjp7b']
[2025-06-14T04:56:12.749+0000] {standard_task_runner.py:85} INFO - Job 1309: Subtask generate_order_process
[2025-06-14T04:56:12.806+0000] {task_command.py:415} INFO - Running <TaskInstance: ecommerce_generate_order_process.generate_order_process scheduled__2025-06-14T04:55:12.130199+00:00 [running]> on host 3498b866135e
[2025-06-14T04:56:12.906+0000] {taskinstance.py:1660} INFO - Exporting env vars: AIRFLOW_CTX_DAG_OWNER='***' AIRFLOW_CTX_DAG_ID='ecommerce_generate_order_process' AIRFLOW_CTX_TASK_ID='generate_order_process' AIRFLOW_CTX_EXECUTION_DATE='2025-06-14T04:55:12.130199+00:00' AIRFLOW_CTX_TRY_NUMBER='1' AIRFLOW_CTX_DAG_RUN_ID='scheduled__2025-06-14T04:55:12.130199+00:00'
[2025-06-14T04:56:12.920+0000] {logging_mixin.py:151} INFO - ----------------------------
[2025-06-14T04:56:12.920+0000] {logging_mixin.py:151} INFO - 66
[2025-06-14T04:56:12.920+0000] {logging_mixin.py:151} INFO - ----------------------------
[2025-06-14T04:56:12.927+0000] {logging_mixin.py:151} INFO - [(36, 1, Decimal('745.80'), Decimal('1.07'), Decimal('7.980060')), (24, 1, Decimal('387.14'), Decimal('4.66'), Decimal('18.040724')), (31, 6, Decimal('878.54'), Decimal('16.74'), Decimal('882.405576'))]
[2025-06-14T04:56:12.928+0000] {logging_mixin.py:151} INFO - [(257, 36, 1, Decimal('745.80'), Decimal('1.07'), Decimal('7.980060')), (257, 24, 1, Decimal('387.14'), Decimal('4.66'), Decimal('18.040724')), (257, 31, 6, Decimal('878.54'), Decimal('16.74'), Decimal('882.405576'))]
[2025-06-14T04:56:12.929+0000] {logging_mixin.py:151} INFO - Simulation completed successfully!
[2025-06-14T04:56:12.929+0000] {logging_mixin.py:151} INFO - 257
[2025-06-14T04:56:12.929+0000] {python.py:194} INFO - Done. Returned value was: 257
[2025-06-14T04:56:12.963+0000] {taskinstance.py:1398} INFO - Marking task as SUCCESS. dag_id=ecommerce_generate_order_process, task_id=generate_order_process, execution_date=20250614T045512, start_date=20250614T045612, end_date=20250614T045612
[2025-06-14T04:56:12.999+0000] {local_task_job_runner.py:228} INFO - Task exited with return code 0
[2025-06-14T04:56:13.039+0000] {taskinstance.py:2776} INFO - 1 downstream tasks scheduled from follow-on schedule check
