[2025-06-14T03:24:13.546+0000] {taskinstance.py:1157} INFO - Dependencies all met for dep_context=non-requeueable deps ti=<TaskInstance: ecommerce_generate_order_process.generate_order_process scheduled__2025-06-14T03:23:12.130199+00:00 [queued]>
[2025-06-14T03:24:13.553+0000] {taskinstance.py:1157} INFO - Dependencies all met for dep_context=requeueable deps ti=<TaskInstance: ecommerce_generate_order_process.generate_order_process scheduled__2025-06-14T03:23:12.130199+00:00 [queued]>
[2025-06-14T03:24:13.553+0000] {taskinstance.py:1359} INFO - Starting attempt 1 of 6
[2025-06-14T03:24:13.562+0000] {taskinstance.py:1380} INFO - Executing <Task(_PythonDecoratedOperator): generate_order_process> on 2025-06-14 03:23:12.130199+00:00
[2025-06-14T03:24:13.567+0000] {standard_task_runner.py:57} INFO - Started process 8436 to run task
[2025-06-14T03:24:13.569+0000] {standard_task_runner.py:84} INFO - Running: ['***', 'tasks', 'run', 'ecommerce_generate_order_process', 'generate_order_process', 'scheduled__2025-06-14T03:23:12.130199+00:00', '--job-id', '849', '--raw', '--subdir', 'DAGS_FOLDER/generate_order_process.py', '--cfg-path', '/tmp/tmp1nypdik0']
[2025-06-14T03:24:13.571+0000] {standard_task_runner.py:85} INFO - Job 849: Subtask generate_order_process
[2025-06-14T03:24:13.620+0000] {task_command.py:415} INFO - Running <TaskInstance: ecommerce_generate_order_process.generate_order_process scheduled__2025-06-14T03:23:12.130199+00:00 [running]> on host 3498b866135e
[2025-06-14T03:24:13.705+0000] {taskinstance.py:1660} INFO - Exporting env vars: AIRFLOW_CTX_DAG_OWNER='***' AIRFLOW_CTX_DAG_ID='ecommerce_generate_order_process' AIRFLOW_CTX_TASK_ID='generate_order_process' AIRFLOW_CTX_EXECUTION_DATE='2025-06-14T03:23:12.130199+00:00' AIRFLOW_CTX_TRY_NUMBER='1' AIRFLOW_CTX_DAG_RUN_ID='scheduled__2025-06-14T03:23:12.130199+00:00'
[2025-06-14T03:24:13.717+0000] {logging_mixin.py:151} INFO - ----------------------------
[2025-06-14T03:24:13.717+0000] {logging_mixin.py:151} INFO - 244
[2025-06-14T03:24:13.717+0000] {logging_mixin.py:151} INFO - ----------------------------
[2025-06-14T03:24:13.723+0000] {logging_mixin.py:151} INFO - [(47, 3, Decimal('923.92'), Decimal('9.75'), Decimal('270.246600')), (41, 1, Decimal('855.34'), Decimal('13.96'), Decimal('119.405464')), (22, 1, Decimal('429.81'), Decimal('5.21'), Decimal('22.393101'))]
[2025-06-14T03:24:13.724+0000] {logging_mixin.py:151} INFO - [(165, 47, 3, Decimal('923.92'), Decimal('9.75'), Decimal('270.246600')), (165, 41, 1, Decimal('855.34'), Decimal('13.96'), Decimal('119.405464')), (165, 22, 1, Decimal('429.81'), Decimal('5.21'), Decimal('22.393101'))]
[2025-06-14T03:24:13.725+0000] {logging_mixin.py:151} INFO - Simulation completed successfully!
[2025-06-14T03:24:13.725+0000] {logging_mixin.py:151} INFO - 165
[2025-06-14T03:24:13.725+0000] {python.py:194} INFO - Done. Returned value was: 165
[2025-06-14T03:24:13.754+0000] {taskinstance.py:1398} INFO - Marking task as SUCCESS. dag_id=ecommerce_generate_order_process, task_id=generate_order_process, execution_date=20250614T032312, start_date=20250614T032413, end_date=20250614T032413
[2025-06-14T03:24:13.781+0000] {local_task_job_runner.py:228} INFO - Task exited with return code 0
[2025-06-14T03:24:13.802+0000] {taskinstance.py:2776} INFO - 1 downstream tasks scheduled from follow-on schedule check
