[2025-06-13T13:26:42.107+0000] {taskinstance.py:1157} INFO - Dependencies all met for dep_context=non-requeueable deps ti=<TaskInstance: ecommerce_generate_product.generate_product scheduled__2025-06-01T00:00:00+00:00 [queued]>
[2025-06-13T13:26:42.115+0000] {taskinstance.py:1157} INFO - Dependencies all met for dep_context=requeueable deps ti=<TaskInstance: ecommerce_generate_product.generate_product scheduled__2025-06-01T00:00:00+00:00 [queued]>
[2025-06-13T13:26:42.115+0000] {taskinstance.py:1359} INFO - Starting attempt 1 of 6
[2025-06-13T13:26:42.127+0000] {taskinstance.py:1380} INFO - Executing <Task(PythonOperator): generate_product> on 2025-06-01 00:00:00+00:00
[2025-06-13T13:26:42.132+0000] {standard_task_runner.py:57} INFO - Started process 420 to run task
[2025-06-13T13:26:42.134+0000] {standard_task_runner.py:84} INFO - Running: ['***', 'tasks', 'run', 'ecommerce_generate_product', 'generate_product', 'scheduled__2025-06-01T00:00:00+00:00', '--job-id', '24', '--raw', '--subdir', 'DAGS_FOLDER/generate_product.py', '--cfg-path', '/tmp/tmp_77ktg_7']
[2025-06-13T13:26:42.136+0000] {standard_task_runner.py:85} INFO - Job 24: Subtask generate_product
[2025-06-13T13:26:42.190+0000] {task_command.py:415} INFO - Running <TaskInstance: ecommerce_generate_product.generate_product scheduled__2025-06-01T00:00:00+00:00 [running]> on host 3ddb9b5ffd69
[2025-06-13T13:26:42.280+0000] {taskinstance.py:1660} INFO - Exporting env vars: AIRFLOW_CTX_DAG_OWNER='***' AIRFLOW_CTX_DAG_ID='ecommerce_generate_product' AIRFLOW_CTX_TASK_ID='generate_product' AIRFLOW_CTX_EXECUTION_DATE='2025-06-01T00:00:00+00:00' AIRFLOW_CTX_TRY_NUMBER='1' AIRFLOW_CTX_DAG_RUN_ID='scheduled__2025-06-01T00:00:00+00:00'
[2025-06-13T13:26:42.326+0000] {python.py:194} INFO - Done. Returned value was: None
[2025-06-13T13:26:42.340+0000] {taskinstance.py:1398} INFO - Marking task as SUCCESS. dag_id=ecommerce_generate_product, task_id=generate_product, execution_date=20250601T000000, start_date=20250613T132642, end_date=20250613T132642
[2025-06-13T13:26:42.386+0000] {local_task_job_runner.py:228} INFO - Task exited with return code 0
[2025-06-13T13:26:42.420+0000] {taskinstance.py:2776} INFO - 1 downstream tasks scheduled from follow-on schedule check
[2025-06-13T13:37:49.102+0000] {taskinstance.py:1157} INFO - Dependencies all met for dep_context=non-requeueable deps ti=<TaskInstance: ecommerce_generate_product.generate_product scheduled__2025-06-01T00:00:00+00:00 [queued]>
[2025-06-13T13:37:49.110+0000] {taskinstance.py:1157} INFO - Dependencies all met for dep_context=requeueable deps ti=<TaskInstance: ecommerce_generate_product.generate_product scheduled__2025-06-01T00:00:00+00:00 [queued]>
[2025-06-13T13:37:49.110+0000] {taskinstance.py:1359} INFO - Starting attempt 1 of 6
[2025-06-13T13:37:49.121+0000] {taskinstance.py:1380} INFO - Executing <Task(PythonOperator): generate_product> on 2025-06-01 00:00:00+00:00
[2025-06-13T13:37:49.126+0000] {standard_task_runner.py:57} INFO - Started process 420 to run task
[2025-06-13T13:37:49.128+0000] {standard_task_runner.py:84} INFO - Running: ['***', 'tasks', 'run', 'ecommerce_generate_product', 'generate_product', 'scheduled__2025-06-01T00:00:00+00:00', '--job-id', '24', '--raw', '--subdir', 'DAGS_FOLDER/generate_product.py', '--cfg-path', '/tmp/tmp6vmfsk1e']
[2025-06-13T13:37:49.130+0000] {standard_task_runner.py:85} INFO - Job 24: Subtask generate_product
[2025-06-13T13:37:49.184+0000] {task_command.py:415} INFO - Running <TaskInstance: ecommerce_generate_product.generate_product scheduled__2025-06-01T00:00:00+00:00 [running]> on host 76a309d19f9c
[2025-06-13T13:37:49.277+0000] {taskinstance.py:1660} INFO - Exporting env vars: AIRFLOW_CTX_DAG_OWNER='***' AIRFLOW_CTX_DAG_ID='ecommerce_generate_product' AIRFLOW_CTX_TASK_ID='generate_product' AIRFLOW_CTX_EXECUTION_DATE='2025-06-01T00:00:00+00:00' AIRFLOW_CTX_TRY_NUMBER='1' AIRFLOW_CTX_DAG_RUN_ID='scheduled__2025-06-01T00:00:00+00:00'
[2025-06-13T13:37:49.323+0000] {python.py:194} INFO - Done. Returned value was: None
[2025-06-13T13:37:49.339+0000] {taskinstance.py:1398} INFO - Marking task as SUCCESS. dag_id=ecommerce_generate_product, task_id=generate_product, execution_date=20250601T000000, start_date=20250613T133749, end_date=20250613T133749
[2025-06-13T13:37:49.380+0000] {local_task_job_runner.py:228} INFO - Task exited with return code 0
[2025-06-13T13:37:49.407+0000] {taskinstance.py:2776} INFO - 1 downstream tasks scheduled from follow-on schedule check
[2025-06-13T13:43:52.505+0000] {taskinstance.py:1157} INFO - Dependencies all met for dep_context=non-requeueable deps ti=<TaskInstance: ecommerce_generate_product.generate_product scheduled__2025-06-01T00:00:00+00:00 [queued]>
[2025-06-13T13:43:52.513+0000] {taskinstance.py:1157} INFO - Dependencies all met for dep_context=requeueable deps ti=<TaskInstance: ecommerce_generate_product.generate_product scheduled__2025-06-01T00:00:00+00:00 [queued]>
[2025-06-13T13:43:52.514+0000] {taskinstance.py:1359} INFO - Starting attempt 1 of 6
[2025-06-13T13:43:52.524+0000] {taskinstance.py:1380} INFO - Executing <Task(PythonOperator): generate_product> on 2025-06-01 00:00:00+00:00
[2025-06-13T13:43:52.529+0000] {standard_task_runner.py:57} INFO - Started process 420 to run task
[2025-06-13T13:43:52.531+0000] {standard_task_runner.py:84} INFO - Running: ['***', 'tasks', 'run', 'ecommerce_generate_product', 'generate_product', 'scheduled__2025-06-01T00:00:00+00:00', '--job-id', '24', '--raw', '--subdir', 'DAGS_FOLDER/generate_product.py', '--cfg-path', '/tmp/tmpg11w2wd8']
[2025-06-13T13:43:52.533+0000] {standard_task_runner.py:85} INFO - Job 24: Subtask generate_product
[2025-06-13T13:43:52.587+0000] {task_command.py:415} INFO - Running <TaskInstance: ecommerce_generate_product.generate_product scheduled__2025-06-01T00:00:00+00:00 [running]> on host 4821ab4d0de9
[2025-06-13T13:43:52.677+0000] {taskinstance.py:1660} INFO - Exporting env vars: AIRFLOW_CTX_DAG_OWNER='***' AIRFLOW_CTX_DAG_ID='ecommerce_generate_product' AIRFLOW_CTX_TASK_ID='generate_product' AIRFLOW_CTX_EXECUTION_DATE='2025-06-01T00:00:00+00:00' AIRFLOW_CTX_TRY_NUMBER='1' AIRFLOW_CTX_DAG_RUN_ID='scheduled__2025-06-01T00:00:00+00:00'
[2025-06-13T13:43:52.726+0000] {python.py:194} INFO - Done. Returned value was: None
[2025-06-13T13:43:52.741+0000] {taskinstance.py:1398} INFO - Marking task as SUCCESS. dag_id=ecommerce_generate_product, task_id=generate_product, execution_date=20250601T000000, start_date=20250613T134352, end_date=20250613T134352
[2025-06-13T13:43:52.783+0000] {local_task_job_runner.py:228} INFO - Task exited with return code 0
[2025-06-13T13:43:52.808+0000] {taskinstance.py:2776} INFO - 1 downstream tasks scheduled from follow-on schedule check
[2025-06-13T13:56:14.104+0000] {taskinstance.py:1157} INFO - Dependencies all met for dep_context=non-requeueable deps ti=<TaskInstance: ecommerce_generate_product.generate_product scheduled__2025-06-01T00:00:00+00:00 [queued]>
[2025-06-13T13:56:14.112+0000] {taskinstance.py:1157} INFO - Dependencies all met for dep_context=requeueable deps ti=<TaskInstance: ecommerce_generate_product.generate_product scheduled__2025-06-01T00:00:00+00:00 [queued]>
[2025-06-13T13:56:14.113+0000] {taskinstance.py:1359} INFO - Starting attempt 1 of 6
[2025-06-13T13:56:14.123+0000] {taskinstance.py:1380} INFO - Executing <Task(PythonOperator): generate_product> on 2025-06-01 00:00:00+00:00
[2025-06-13T13:56:14.128+0000] {standard_task_runner.py:57} INFO - Started process 426 to run task
[2025-06-13T13:56:14.131+0000] {standard_task_runner.py:84} INFO - Running: ['***', 'tasks', 'run', 'ecommerce_generate_product', 'generate_product', 'scheduled__2025-06-01T00:00:00+00:00', '--job-id', '27', '--raw', '--subdir', 'DAGS_FOLDER/generate_product.py', '--cfg-path', '/tmp/tmp4ia5w5ln']
[2025-06-13T13:56:14.132+0000] {standard_task_runner.py:85} INFO - Job 27: Subtask generate_product
[2025-06-13T13:56:14.188+0000] {task_command.py:415} INFO - Running <TaskInstance: ecommerce_generate_product.generate_product scheduled__2025-06-01T00:00:00+00:00 [running]> on host f1d84043854e
[2025-06-13T13:56:14.284+0000] {taskinstance.py:1660} INFO - Exporting env vars: AIRFLOW_CTX_DAG_OWNER='***' AIRFLOW_CTX_DAG_ID='ecommerce_generate_product' AIRFLOW_CTX_TASK_ID='generate_product' AIRFLOW_CTX_EXECUTION_DATE='2025-06-01T00:00:00+00:00' AIRFLOW_CTX_TRY_NUMBER='1' AIRFLOW_CTX_DAG_RUN_ID='scheduled__2025-06-01T00:00:00+00:00'
[2025-06-13T13:56:14.332+0000] {python.py:194} INFO - Done. Returned value was: None
[2025-06-13T13:56:14.346+0000] {taskinstance.py:1398} INFO - Marking task as SUCCESS. dag_id=ecommerce_generate_product, task_id=generate_product, execution_date=20250601T000000, start_date=20250613T135614, end_date=20250613T135614
[2025-06-13T13:56:14.383+0000] {local_task_job_runner.py:228} INFO - Task exited with return code 0
[2025-06-13T13:56:14.407+0000] {taskinstance.py:2776} INFO - 1 downstream tasks scheduled from follow-on schedule check
[2025-06-13T14:10:49.273+0000] {taskinstance.py:1157} INFO - Dependencies all met for dep_context=non-requeueable deps ti=<TaskInstance: ecommerce_generate_product.generate_product scheduled__2025-06-01T00:00:00+00:00 [queued]>
[2025-06-13T14:10:49.281+0000] {taskinstance.py:1157} INFO - Dependencies all met for dep_context=requeueable deps ti=<TaskInstance: ecommerce_generate_product.generate_product scheduled__2025-06-01T00:00:00+00:00 [queued]>
[2025-06-13T14:10:49.282+0000] {taskinstance.py:1359} INFO - Starting attempt 1 of 6
[2025-06-13T14:10:49.293+0000] {taskinstance.py:1380} INFO - Executing <Task(PythonOperator): generate_product> on 2025-06-01 00:00:00+00:00
[2025-06-13T14:10:49.298+0000] {standard_task_runner.py:57} INFO - Started process 420 to run task
[2025-06-13T14:10:49.300+0000] {standard_task_runner.py:84} INFO - Running: ['***', 'tasks', 'run', 'ecommerce_generate_product', 'generate_product', 'scheduled__2025-06-01T00:00:00+00:00', '--job-id', '24', '--raw', '--subdir', 'DAGS_FOLDER/generate_product.py', '--cfg-path', '/tmp/tmpunypfui7']
[2025-06-13T14:10:49.302+0000] {standard_task_runner.py:85} INFO - Job 24: Subtask generate_product
[2025-06-13T14:10:49.356+0000] {task_command.py:415} INFO - Running <TaskInstance: ecommerce_generate_product.generate_product scheduled__2025-06-01T00:00:00+00:00 [running]> on host 3bda607c6347
[2025-06-13T14:10:49.451+0000] {taskinstance.py:1660} INFO - Exporting env vars: AIRFLOW_CTX_DAG_OWNER='***' AIRFLOW_CTX_DAG_ID='ecommerce_generate_product' AIRFLOW_CTX_TASK_ID='generate_product' AIRFLOW_CTX_EXECUTION_DATE='2025-06-01T00:00:00+00:00' AIRFLOW_CTX_TRY_NUMBER='1' AIRFLOW_CTX_DAG_RUN_ID='scheduled__2025-06-01T00:00:00+00:00'
[2025-06-13T14:10:49.500+0000] {python.py:194} INFO - Done. Returned value was: None
[2025-06-13T14:10:49.514+0000] {taskinstance.py:1398} INFO - Marking task as SUCCESS. dag_id=ecommerce_generate_product, task_id=generate_product, execution_date=20250601T000000, start_date=20250613T141049, end_date=20250613T141049
[2025-06-13T14:10:49.552+0000] {local_task_job_runner.py:228} INFO - Task exited with return code 0
[2025-06-13T14:10:49.578+0000] {taskinstance.py:2776} INFO - 1 downstream tasks scheduled from follow-on schedule check
[2025-06-13T15:53:00.362+0000] {taskinstance.py:1157} INFO - Dependencies all met for dep_context=non-requeueable deps ti=<TaskInstance: ecommerce_generate_product.generate_product scheduled__2025-06-01T00:00:00+00:00 [queued]>
[2025-06-13T15:53:00.375+0000] {taskinstance.py:1157} INFO - Dependencies all met for dep_context=requeueable deps ti=<TaskInstance: ecommerce_generate_product.generate_product scheduled__2025-06-01T00:00:00+00:00 [queued]>
[2025-06-13T15:53:00.376+0000] {taskinstance.py:1359} INFO - Starting attempt 1 of 6
[2025-06-13T15:53:00.393+0000] {taskinstance.py:1380} INFO - Executing <Task(PythonOperator): generate_product> on 2025-06-01 00:00:00+00:00
[2025-06-13T15:53:00.400+0000] {standard_task_runner.py:57} INFO - Started process 419 to run task
[2025-06-13T15:53:00.404+0000] {standard_task_runner.py:84} INFO - Running: ['***', 'tasks', 'run', 'ecommerce_generate_product', 'generate_product', 'scheduled__2025-06-01T00:00:00+00:00', '--job-id', '24', '--raw', '--subdir', 'DAGS_FOLDER/generate_product.py', '--cfg-path', '/tmp/tmp51g042pk']
[2025-06-13T15:53:00.407+0000] {standard_task_runner.py:85} INFO - Job 24: Subtask generate_product
[2025-06-13T15:53:00.501+0000] {task_command.py:415} INFO - Running <TaskInstance: ecommerce_generate_product.generate_product scheduled__2025-06-01T00:00:00+00:00 [running]> on host 3498b866135e
[2025-06-13T15:53:00.669+0000] {taskinstance.py:1660} INFO - Exporting env vars: AIRFLOW_CTX_DAG_OWNER='***' AIRFLOW_CTX_DAG_ID='ecommerce_generate_product' AIRFLOW_CTX_TASK_ID='generate_product' AIRFLOW_CTX_EXECUTION_DATE='2025-06-01T00:00:00+00:00' AIRFLOW_CTX_TRY_NUMBER='1' AIRFLOW_CTX_DAG_RUN_ID='scheduled__2025-06-01T00:00:00+00:00'
[2025-06-13T15:53:00.761+0000] {python.py:194} INFO - Done. Returned value was: None
[2025-06-13T15:53:00.794+0000] {taskinstance.py:1398} INFO - Marking task as SUCCESS. dag_id=ecommerce_generate_product, task_id=generate_product, execution_date=20250601T000000, start_date=20250613T155300, end_date=20250613T155300
[2025-06-13T15:53:00.856+0000] {local_task_job_runner.py:228} INFO - Task exited with return code 0
[2025-06-13T15:53:00.902+0000] {taskinstance.py:2776} INFO - 1 downstream tasks scheduled from follow-on schedule check
