[2025-06-14T03:55:13.213+0000] {taskinstance.py:1157} INFO - Dependencies all met for dep_context=non-requeueable deps ti=<TaskInstance: ecommerce_generate_order_process.generate_order_process scheduled__2025-06-14T03:54:12.130199+00:00 [queued]>
[2025-06-14T03:55:13.226+0000] {taskinstance.py:1157} INFO - Dependencies all met for dep_context=requeueable deps ti=<TaskInstance: ecommerce_generate_order_process.generate_order_process scheduled__2025-06-14T03:54:12.130199+00:00 [queued]>
[2025-06-14T03:55:13.227+0000] {taskinstance.py:1359} INFO - Starting attempt 1 of 6
[2025-06-14T03:55:13.252+0000] {taskinstance.py:1380} INFO - Executing <Task(_PythonDecoratedOperator): generate_order_process> on 2025-06-14 03:54:12.130199+00:00
[2025-06-14T03:55:13.257+0000] {standard_task_runner.py:57} INFO - Started process 11172 to run task
[2025-06-14T03:55:13.261+0000] {standard_task_runner.py:84} INFO - Running: ['***', 'tasks', 'run', 'ecommerce_generate_order_process', 'generate_order_process', 'scheduled__2025-06-14T03:54:12.130199+00:00', '--job-id', '1004', '--raw', '--subdir', 'DAGS_FOLDER/generate_order_process.py', '--cfg-path', '/tmp/tmp5qo_amgx']
[2025-06-14T03:55:13.264+0000] {standard_task_runner.py:85} INFO - Job 1004: Subtask generate_order_process
[2025-06-14T03:55:13.345+0000] {task_command.py:415} INFO - Running <TaskInstance: ecommerce_generate_order_process.generate_order_process scheduled__2025-06-14T03:54:12.130199+00:00 [running]> on host 3498b866135e
[2025-06-14T03:55:13.490+0000] {taskinstance.py:1660} INFO - Exporting env vars: AIRFLOW_CTX_DAG_OWNER='***' AIRFLOW_CTX_DAG_ID='ecommerce_generate_order_process' AIRFLOW_CTX_TASK_ID='generate_order_process' AIRFLOW_CTX_EXECUTION_DATE='2025-06-14T03:54:12.130199+00:00' AIRFLOW_CTX_TRY_NUMBER='1' AIRFLOW_CTX_DAG_RUN_ID='scheduled__2025-06-14T03:54:12.130199+00:00'
[2025-06-14T03:55:13.509+0000] {logging_mixin.py:151} INFO - ----------------------------
[2025-06-14T03:55:13.509+0000] {logging_mixin.py:151} INFO - 380
[2025-06-14T03:55:13.510+0000] {logging_mixin.py:151} INFO - ----------------------------
[2025-06-14T03:55:13.524+0000] {logging_mixin.py:151} INFO - [(50, 6, Decimal('732.13'), Decimal('17.33'), Decimal('761.268774')), (33, 9, Decimal('508.62'), Decimal('3.37'), Decimal('154.264446')), (7, 6, Decimal('875.57'), Decimal('8.85'), Decimal('464.927670')), (26, 5, Decimal('349.97'), Decimal('8.34'), Decimal('145.937490'))]
[2025-06-14T03:55:13.526+0000] {logging_mixin.py:151} INFO - [(196, 50, 6, Decimal('732.13'), Decimal('17.33'), Decimal('761.268774')), (196, 33, 9, Decimal('508.62'), Decimal('3.37'), Decimal('154.264446')), (196, 7, 6, Decimal('875.57'), Decimal('8.85'), Decimal('464.927670')), (196, 26, 5, Decimal('349.97'), Decimal('8.34'), Decimal('145.937490'))]
[2025-06-14T03:55:13.527+0000] {logging_mixin.py:151} INFO - Simulation completed successfully!
[2025-06-14T03:55:13.527+0000] {logging_mixin.py:151} INFO - 196
[2025-06-14T03:55:13.528+0000] {python.py:194} INFO - Done. Returned value was: 196
[2025-06-14T03:55:13.586+0000] {taskinstance.py:1398} INFO - Marking task as SUCCESS. dag_id=ecommerce_generate_order_process, task_id=generate_order_process, execution_date=20250614T035412, start_date=20250614T035513, end_date=20250614T035513
[2025-06-14T03:55:13.633+0000] {local_task_job_runner.py:228} INFO - Task exited with return code 0
[2025-06-14T03:55:13.674+0000] {taskinstance.py:2776} INFO - 1 downstream tasks scheduled from follow-on schedule check
