[2025-06-14T02:51:13.537+0000] {taskinstance.py:1157} INFO - Dependencies all met for dep_context=non-requeueable deps ti=<TaskInstance: ecommerce_generate_order_process.generate_order_process scheduled__2025-06-14T02:50:12.033460+00:00 [queued]>
[2025-06-14T02:51:13.544+0000] {taskinstance.py:1157} INFO - Dependencies all met for dep_context=requeueable deps ti=<TaskInstance: ecommerce_generate_order_process.generate_order_process scheduled__2025-06-14T02:50:12.033460+00:00 [queued]>
[2025-06-14T02:51:13.545+0000] {taskinstance.py:1359} INFO - Starting attempt 1 of 6
[2025-06-14T02:51:13.555+0000] {taskinstance.py:1380} INFO - Executing <Task(_PythonDecoratedOperator): generate_order_process> on 2025-06-14 02:50:12.033460+00:00
[2025-06-14T02:51:13.560+0000] {standard_task_runner.py:57} INFO - Started process 5506 to run task
[2025-06-14T02:51:13.562+0000] {standard_task_runner.py:84} INFO - Running: ['***', 'tasks', 'run', 'ecommerce_generate_order_process', 'generate_order_process', 'scheduled__2025-06-14T02:50:12.033460+00:00', '--job-id', '684', '--raw', '--subdir', 'DAGS_FOLDER/generate_order_process.py', '--cfg-path', '/tmp/tmpr3utwe1v']
[2025-06-14T02:51:13.563+0000] {standard_task_runner.py:85} INFO - Job 684: Subtask generate_order_process
[2025-06-14T02:51:13.613+0000] {task_command.py:415} INFO - Running <TaskInstance: ecommerce_generate_order_process.generate_order_process scheduled__2025-06-14T02:50:12.033460+00:00 [running]> on host 3498b866135e
[2025-06-14T02:51:13.704+0000] {taskinstance.py:1660} INFO - Exporting env vars: AIRFLOW_CTX_DAG_OWNER='***' AIRFLOW_CTX_DAG_ID='ecommerce_generate_order_process' AIRFLOW_CTX_TASK_ID='generate_order_process' AIRFLOW_CTX_EXECUTION_DATE='2025-06-14T02:50:12.033460+00:00' AIRFLOW_CTX_TRY_NUMBER='1' AIRFLOW_CTX_DAG_RUN_ID='scheduled__2025-06-14T02:50:12.033460+00:00'
[2025-06-14T02:51:13.719+0000] {logging_mixin.py:151} INFO - ----------------------------
[2025-06-14T02:51:13.719+0000] {logging_mixin.py:151} INFO - 72
[2025-06-14T02:51:13.719+0000] {logging_mixin.py:151} INFO - ----------------------------
[2025-06-14T02:51:13.727+0000] {logging_mixin.py:151} INFO - [(42, 4, Decimal('408.31'), Decimal('15.66'), Decimal('255.765384')), (46, 9, Decimal('279.46'), Decimal('19.12'), Decimal('480.894768')), (11, 4, Decimal('668.03'), Decimal('3.23'), Decimal('86.309476')), (34, 5, Decimal('814.83'), Decimal('13.74'), Decimal('559.788210')), (45, 2, Decimal('602.50'), Decimal('19.00'), Decimal('228.9500')), (9, 4, Decimal('724.69'), Decimal('11.61'), Decimal('336.546036')), (23, 1, Decimal('521.30'), Decimal('16.80'), Decimal('87.57840')), (1, 1, Decimal('802.42'), Decimal('3.53'), Decimal('28.325426'))]
[2025-06-14T02:51:13.728+0000] {logging_mixin.py:151} INFO - [(132, 42, 4, Decimal('408.31'), Decimal('15.66'), Decimal('255.765384')), (132, 46, 9, Decimal('279.46'), Decimal('19.12'), Decimal('480.894768')), (132, 11, 4, Decimal('668.03'), Decimal('3.23'), Decimal('86.309476')), (132, 34, 5, Decimal('814.83'), Decimal('13.74'), Decimal('559.788210')), (132, 45, 2, Decimal('602.50'), Decimal('19.00'), Decimal('228.9500')), (132, 9, 4, Decimal('724.69'), Decimal('11.61'), Decimal('336.546036')), (132, 23, 1, Decimal('521.30'), Decimal('16.80'), Decimal('87.57840')), (132, 1, 1, Decimal('802.42'), Decimal('3.53'), Decimal('28.325426'))]
[2025-06-14T02:51:13.729+0000] {logging_mixin.py:151} INFO - Simulation completed successfully!
[2025-06-14T02:51:13.729+0000] {logging_mixin.py:151} INFO - 132
[2025-06-14T02:51:13.729+0000] {python.py:194} INFO - Done. Returned value was: 132
[2025-06-14T02:51:13.767+0000] {taskinstance.py:1398} INFO - Marking task as SUCCESS. dag_id=ecommerce_generate_order_process, task_id=generate_order_process, execution_date=20250614T025012, start_date=20250614T025113, end_date=20250614T025113
[2025-06-14T02:51:13.814+0000] {local_task_job_runner.py:228} INFO - Task exited with return code 0
[2025-06-14T02:51:13.840+0000] {taskinstance.py:2776} INFO - 1 downstream tasks scheduled from follow-on schedule check
