[2025-06-13T13:28:19.801+0000] {taskinstance.py:1157} INFO - Dependencies all met for dep_context=non-requeueable deps ti=<TaskInstance: ecommerce_generate_order_process.generate_order_process scheduled__2025-06-13T13:27:18.329760+00:00 [queued]>
[2025-06-13T13:28:19.809+0000] {taskinstance.py:1157} INFO - Dependencies all met for dep_context=requeueable deps ti=<TaskInstance: ecommerce_generate_order_process.generate_order_process scheduled__2025-06-13T13:27:18.329760+00:00 [queued]>
[2025-06-13T13:28:19.809+0000] {taskinstance.py:1359} INFO - Starting attempt 1 of 6
[2025-06-13T13:28:19.820+0000] {taskinstance.py:1380} INFO - Executing <Task(_PythonDecoratedOperator): generate_order_process> on 2025-06-13 13:27:18.329760+00:00
[2025-06-13T13:28:19.825+0000] {standard_task_runner.py:57} INFO - Started process 558 to run task
[2025-06-13T13:28:19.828+0000] {standard_task_runner.py:84} INFO - Running: ['***', 'tasks', 'run', 'ecommerce_generate_order_process', 'generate_order_process', 'scheduled__2025-06-13T13:27:18.329760+00:00', '--job-id', '33', '--raw', '--subdir', 'DAGS_FOLDER/generate_order_process.py', '--cfg-path', '/tmp/tmprybhmvj7']
[2025-06-13T13:28:19.830+0000] {standard_task_runner.py:85} INFO - Job 33: Subtask generate_order_process
[2025-06-13T13:28:19.881+0000] {task_command.py:415} INFO - Running <TaskInstance: ecommerce_generate_order_process.generate_order_process scheduled__2025-06-13T13:27:18.329760+00:00 [running]> on host 3ddb9b5ffd69
[2025-06-13T13:28:19.971+0000] {taskinstance.py:1660} INFO - Exporting env vars: AIRFLOW_CTX_DAG_OWNER='***' AIRFLOW_CTX_DAG_ID='ecommerce_generate_order_process' AIRFLOW_CTX_TASK_ID='generate_order_process' AIRFLOW_CTX_EXECUTION_DATE='2025-06-13T13:27:18.329760+00:00' AIRFLOW_CTX_TRY_NUMBER='1' AIRFLOW_CTX_DAG_RUN_ID='scheduled__2025-06-13T13:27:18.329760+00:00'
[2025-06-13T13:28:19.984+0000] {logging_mixin.py:151} INFO - ----------------------------
[2025-06-13T13:28:19.984+0000] {logging_mixin.py:151} INFO - 10
[2025-06-13T13:28:19.984+0000] {logging_mixin.py:151} INFO - ----------------------------
[2025-06-13T13:28:19.993+0000] {logging_mixin.py:151} INFO - [(6, 7, Decimal('316.05'), Decimal('0.07'), Decimal('1.548645')), (20, 2, Decimal('225.29'), Decimal('0.23'), Decimal('1.036334')), (3, 3, Decimal('332.65'), Decimal('18.77'), Decimal('187.315215')), (14, 9, Decimal('131.20'), Decimal('8.96'), Decimal('105.799680')), (16, 2, Decimal('378.80'), Decimal('2.43'), Decimal('18.409680'))]
[2025-06-13T13:28:19.995+0000] {logging_mixin.py:151} INFO - [(1, 6, 7, Decimal('316.05'), Decimal('0.07'), Decimal('1.548645')), (1, 20, 2, Decimal('225.29'), Decimal('0.23'), Decimal('1.036334')), (1, 3, 3, Decimal('332.65'), Decimal('18.77'), Decimal('187.315215')), (1, 14, 9, Decimal('131.20'), Decimal('8.96'), Decimal('105.799680')), (1, 16, 2, Decimal('378.80'), Decimal('2.43'), Decimal('18.409680'))]
[2025-06-13T13:28:19.996+0000] {logging_mixin.py:151} INFO - Simulation completed successfully!
[2025-06-13T13:28:19.996+0000] {logging_mixin.py:151} INFO - 1
[2025-06-13T13:28:19.996+0000] {python.py:194} INFO - Done. Returned value was: 1
[2025-06-13T13:28:20.032+0000] {taskinstance.py:1398} INFO - Marking task as SUCCESS. dag_id=ecommerce_generate_order_process, task_id=generate_order_process, execution_date=20250613T132718, start_date=20250613T132819, end_date=20250613T132820
[2025-06-13T13:28:20.080+0000] {local_task_job_runner.py:228} INFO - Task exited with return code 0
[2025-06-13T13:28:20.103+0000] {taskinstance.py:2776} INFO - 1 downstream tasks scheduled from follow-on schedule check
