[2025-06-13T16:41:33.520+0000] {taskinstance.py:1157} INFO - Dependencies all met for dep_context=non-requeueable deps ti=<TaskInstance: ecommerce_generate_order_process.generate_order_process scheduled__2025-06-13T16:40:31.706122+00:00 [queued]>
[2025-06-13T16:41:33.558+0000] {taskinstance.py:1157} INFO - Dependencies all met for dep_context=requeueable deps ti=<TaskInstance: ecommerce_generate_order_process.generate_order_process scheduled__2025-06-13T16:40:31.706122+00:00 [queued]>
[2025-06-13T16:41:33.559+0000] {taskinstance.py:1359} INFO - Starting attempt 1 of 6
[2025-06-13T16:41:33.641+0000] {taskinstance.py:1380} INFO - Executing <Task(_PythonDecoratedOperator): generate_order_process> on 2025-06-13 16:40:31.706122+00:00
[2025-06-13T16:41:33.662+0000] {standard_task_runner.py:57} INFO - Started process 4691 to run task
[2025-06-13T16:41:33.671+0000] {standard_task_runner.py:84} INFO - Running: ['***', 'tasks', 'run', 'ecommerce_generate_order_process', 'generate_order_process', 'scheduled__2025-06-13T16:40:31.706122+00:00', '--job-id', '280', '--raw', '--subdir', 'DAGS_FOLDER/generate_order_process.py', '--cfg-path', '/tmp/tmpje_x2dnp']
[2025-06-13T16:41:33.679+0000] {standard_task_runner.py:85} INFO - Job 280: Subtask generate_order_process
[2025-06-13T16:41:33.921+0000] {task_command.py:415} INFO - Running <TaskInstance: ecommerce_generate_order_process.generate_order_process scheduled__2025-06-13T16:40:31.706122+00:00 [running]> on host 3498b866135e
[2025-06-13T16:41:34.176+0000] {taskinstance.py:1660} INFO - Exporting env vars: AIRFLOW_CTX_DAG_OWNER='***' AIRFLOW_CTX_DAG_ID='ecommerce_generate_order_process' AIRFLOW_CTX_TASK_ID='generate_order_process' AIRFLOW_CTX_EXECUTION_DATE='2025-06-13T16:40:31.706122+00:00' AIRFLOW_CTX_TRY_NUMBER='1' AIRFLOW_CTX_DAG_RUN_ID='scheduled__2025-06-13T16:40:31.706122+00:00'
[2025-06-13T16:41:34.204+0000] {logging_mixin.py:151} INFO - ----------------------------
[2025-06-13T16:41:34.205+0000] {logging_mixin.py:151} INFO - 66
[2025-06-13T16:41:34.205+0000] {logging_mixin.py:151} INFO - ----------------------------
[2025-06-13T16:41:34.218+0000] {logging_mixin.py:151} INFO - [(4, 9, Decimal('38.75'), Decimal('2.09'), Decimal('7.288875')), (25, 2, Decimal('34.67'), Decimal('5.72'), Decimal('3.966248')), (23, 1, Decimal('521.30'), Decimal('16.80'), Decimal('87.57840')), (24, 1, Decimal('387.14'), Decimal('4.66'), Decimal('18.040724')), (3, 7, Decimal('946.29'), Decimal('2.59'), Decimal('171.562377')), (19, 8, Decimal('665.31'), Decimal('4.02'), Decimal('213.963696'))]
[2025-06-13T16:41:34.221+0000] {logging_mixin.py:151} INFO - [(54, 4, 9, Decimal('38.75'), Decimal('2.09'), Decimal('7.288875')), (54, 25, 2, Decimal('34.67'), Decimal('5.72'), Decimal('3.966248')), (54, 23, 1, Decimal('521.30'), Decimal('16.80'), Decimal('87.57840')), (54, 24, 1, Decimal('387.14'), Decimal('4.66'), Decimal('18.040724')), (54, 3, 7, Decimal('946.29'), Decimal('2.59'), Decimal('171.562377')), (54, 19, 8, Decimal('665.31'), Decimal('4.02'), Decimal('213.963696'))]
[2025-06-13T16:41:34.235+0000] {logging_mixin.py:151} INFO - Simulation completed successfully!
[2025-06-13T16:41:34.235+0000] {logging_mixin.py:151} INFO - 54
[2025-06-13T16:41:34.236+0000] {python.py:194} INFO - Done. Returned value was: 54
[2025-06-13T16:41:34.315+0000] {taskinstance.py:1398} INFO - Marking task as SUCCESS. dag_id=ecommerce_generate_order_process, task_id=generate_order_process, execution_date=20250613T164031, start_date=20250613T164133, end_date=20250613T164134
[2025-06-13T16:41:34.365+0000] {local_task_job_runner.py:228} INFO - Task exited with return code 0
[2025-06-13T16:41:34.418+0000] {taskinstance.py:2776} INFO - 1 downstream tasks scheduled from follow-on schedule check
