[2025-06-13T15:54:26.307+0000] {taskinstance.py:1157} INFO - Dependencies all met for dep_context=non-requeueable deps ti=<TaskInstance: ecommerce_generate_order_process.generate_order_process scheduled__2025-06-13T15:53:24.365447+00:00 [queued]>
[2025-06-13T15:54:26.333+0000] {taskinstance.py:1157} INFO - Dependencies all met for dep_context=requeueable deps ti=<TaskInstance: ecommerce_generate_order_process.generate_order_process scheduled__2025-06-13T15:53:24.365447+00:00 [queued]>
[2025-06-13T15:54:26.334+0000] {taskinstance.py:1359} INFO - Starting attempt 1 of 6
[2025-06-13T15:54:26.373+0000] {taskinstance.py:1380} INFO - Executing <Task(_PythonDecoratedOperator): generate_order_process> on 2025-06-13 15:53:24.365447+00:00
[2025-06-13T15:54:26.389+0000] {standard_task_runner.py:57} INFO - Started process 557 to run task
[2025-06-13T15:54:26.396+0000] {standard_task_runner.py:84} INFO - Running: ['***', 'tasks', 'run', 'ecommerce_generate_order_process', 'generate_order_process', 'scheduled__2025-06-13T15:53:24.365447+00:00', '--job-id', '33', '--raw', '--subdir', 'DAGS_FOLDER/generate_order_process.py', '--cfg-path', '/tmp/tmpix3a0sm1']
[2025-06-13T15:54:26.403+0000] {standard_task_runner.py:85} INFO - Job 33: Subtask generate_order_process
[2025-06-13T15:54:26.606+0000] {task_command.py:415} INFO - Running <TaskInstance: ecommerce_generate_order_process.generate_order_process scheduled__2025-06-13T15:53:24.365447+00:00 [running]> on host 3498b866135e
[2025-06-13T15:54:26.965+0000] {taskinstance.py:1660} INFO - Exporting env vars: AIRFLOW_CTX_DAG_OWNER='***' AIRFLOW_CTX_DAG_ID='ecommerce_generate_order_process' AIRFLOW_CTX_TASK_ID='generate_order_process' AIRFLOW_CTX_EXECUTION_DATE='2025-06-13T15:53:24.365447+00:00' AIRFLOW_CTX_TRY_NUMBER='1' AIRFLOW_CTX_DAG_RUN_ID='scheduled__2025-06-13T15:53:24.365447+00:00'
[2025-06-13T15:54:27.012+0000] {logging_mixin.py:151} INFO - ----------------------------
[2025-06-13T15:54:27.013+0000] {logging_mixin.py:151} INFO - 10
[2025-06-13T15:54:27.013+0000] {logging_mixin.py:151} INFO - ----------------------------
[2025-06-13T15:54:27.043+0000] {logging_mixin.py:151} INFO - [(12, 6, Decimal('255.15'), Decimal('19.41'), Decimal('297.147690')), (14, 5, Decimal('657.33'), Decimal('0.13'), Decimal('4.272645')), (23, 1, Decimal('521.30'), Decimal('16.80'), Decimal('87.57840')), (5, 8, Decimal('699.65'), Decimal('8.21'), Decimal('459.530120')), (22, 1, Decimal('429.81'), Decimal('5.21'), Decimal('22.393101')), (24, 1, Decimal('387.14'), Decimal('4.66'), Decimal('18.040724'))]
[2025-06-13T15:54:27.052+0000] {logging_mixin.py:151} INFO - [(1, 12, 6, Decimal('255.15'), Decimal('19.41'), Decimal('297.147690')), (1, 14, 5, Decimal('657.33'), Decimal('0.13'), Decimal('4.272645')), (1, 23, 1, Decimal('521.30'), Decimal('16.80'), Decimal('87.57840')), (1, 5, 8, Decimal('699.65'), Decimal('8.21'), Decimal('459.530120')), (1, 22, 1, Decimal('429.81'), Decimal('5.21'), Decimal('22.393101')), (1, 24, 1, Decimal('387.14'), Decimal('4.66'), Decimal('18.040724'))]
[2025-06-13T15:54:27.053+0000] {logging_mixin.py:151} INFO - Simulation completed successfully!
[2025-06-13T15:54:27.054+0000] {logging_mixin.py:151} INFO - 1
[2025-06-13T15:54:27.055+0000] {python.py:194} INFO - Done. Returned value was: 1
[2025-06-13T15:54:27.172+0000] {taskinstance.py:1398} INFO - Marking task as SUCCESS. dag_id=ecommerce_generate_order_process, task_id=generate_order_process, execution_date=20250613T155324, start_date=20250613T155426, end_date=20250613T155427
[2025-06-13T15:54:27.250+0000] {local_task_job_runner.py:228} INFO - Task exited with return code 0
[2025-06-13T15:54:27.357+0000] {taskinstance.py:2776} INFO - 1 downstream tasks scheduled from follow-on schedule check
