[2025-06-13T13:29:39.732+0000] {taskinstance.py:1157} INFO - Dependencies all met for dep_context=non-requeueable deps ti=<TaskInstance: ecommerce_generate_order_process.generate_order_process scheduled__2025-06-13T13:23:18.329760+00:00 [queued]>
[2025-06-13T13:29:39.740+0000] {taskinstance.py:1157} INFO - Dependencies all met for dep_context=requeueable deps ti=<TaskInstance: ecommerce_generate_order_process.generate_order_process scheduled__2025-06-13T13:23:18.329760+00:00 [queued]>
[2025-06-13T13:29:39.740+0000] {taskinstance.py:1359} INFO - Starting attempt 2 of 6
[2025-06-13T13:29:39.751+0000] {taskinstance.py:1380} INFO - Executing <Task(_PythonDecoratedOperator): generate_order_process> on 2025-06-13 13:23:18.329760+00:00
[2025-06-13T13:29:39.756+0000] {standard_task_runner.py:57} INFO - Started process 677 to run task
[2025-06-13T13:29:39.758+0000] {standard_task_runner.py:84} INFO - Running: ['***', 'tasks', 'run', 'ecommerce_generate_order_process', 'generate_order_process', 'scheduled__2025-06-13T13:23:18.329760+00:00', '--job-id', '40', '--raw', '--subdir', 'DAGS_FOLDER/generate_order_process.py', '--cfg-path', '/tmp/tmp85et1rb4']
[2025-06-13T13:29:39.760+0000] {standard_task_runner.py:85} INFO - Job 40: Subtask generate_order_process
[2025-06-13T13:29:39.811+0000] {task_command.py:415} INFO - Running <TaskInstance: ecommerce_generate_order_process.generate_order_process scheduled__2025-06-13T13:23:18.329760+00:00 [running]> on host 3ddb9b5ffd69
[2025-06-13T13:29:39.899+0000] {taskinstance.py:1660} INFO - Exporting env vars: AIRFLOW_CTX_DAG_OWNER='***' AIRFLOW_CTX_DAG_ID='ecommerce_generate_order_process' AIRFLOW_CTX_TASK_ID='generate_order_process' AIRFLOW_CTX_EXECUTION_DATE='2025-06-13T13:23:18.329760+00:00' AIRFLOW_CTX_TRY_NUMBER='2' AIRFLOW_CTX_DAG_RUN_ID='scheduled__2025-06-13T13:23:18.329760+00:00'
[2025-06-13T13:29:39.918+0000] {logging_mixin.py:151} INFO - ----------------------------
[2025-06-13T13:29:39.918+0000] {logging_mixin.py:151} INFO - 12
[2025-06-13T13:29:39.918+0000] {logging_mixin.py:151} INFO - ----------------------------
[2025-06-13T13:29:39.925+0000] {logging_mixin.py:151} INFO - [(4, 3, Decimal('659.93'), Decimal('16.56'), Decimal('327.853224')), (5, 3, Decimal('610.82'), Decimal('14.13'), Decimal('258.926598'))]
[2025-06-13T13:29:39.926+0000] {logging_mixin.py:151} INFO - [(3, 4, 3, Decimal('659.93'), Decimal('16.56'), Decimal('327.853224')), (3, 5, 3, Decimal('610.82'), Decimal('14.13'), Decimal('258.926598'))]
[2025-06-13T13:29:39.927+0000] {logging_mixin.py:151} INFO - Simulation completed successfully!
[2025-06-13T13:29:39.927+0000] {logging_mixin.py:151} INFO - 3
[2025-06-13T13:29:39.927+0000] {python.py:194} INFO - Done. Returned value was: 3
[2025-06-13T13:29:39.958+0000] {taskinstance.py:1398} INFO - Marking task as SUCCESS. dag_id=ecommerce_generate_order_process, task_id=generate_order_process, execution_date=20250613T132318, start_date=20250613T132939, end_date=20250613T132939
[2025-06-13T13:29:40.010+0000] {local_task_job_runner.py:228} INFO - Task exited with return code 0
[2025-06-13T13:29:40.058+0000] {taskinstance.py:2776} INFO - 1 downstream tasks scheduled from follow-on schedule check
