[2025-06-14T02:55:12.908+0000] {taskinstance.py:1157} INFO - Dependencies all met for dep_context=non-requeueable deps ti=<TaskInstance: ecommerce_generate_order_process.generate_order_process scheduled__2025-06-14T02:54:12.033460+00:00 [queued]>
[2025-06-14T02:55:12.915+0000] {taskinstance.py:1157} INFO - Dependencies all met for dep_context=requeueable deps ti=<TaskInstance: ecommerce_generate_order_process.generate_order_process scheduled__2025-06-14T02:54:12.033460+00:00 [queued]>
[2025-06-14T02:55:12.916+0000] {taskinstance.py:1359} INFO - Starting attempt 1 of 6
[2025-06-14T02:55:12.927+0000] {taskinstance.py:1380} INFO - Executing <Task(_PythonDecoratedOperator): generate_order_process> on 2025-06-14 02:54:12.033460+00:00
[2025-06-14T02:55:12.932+0000] {standard_task_runner.py:57} INFO - Started process 5866 to run task
[2025-06-14T02:55:12.934+0000] {standard_task_runner.py:84} INFO - Running: ['***', 'tasks', 'run', 'ecommerce_generate_order_process', 'generate_order_process', 'scheduled__2025-06-14T02:54:12.033460+00:00', '--job-id', '704', '--raw', '--subdir', 'DAGS_FOLDER/generate_order_process.py', '--cfg-path', '/tmp/tmpw7o6vjk9']
[2025-06-14T02:55:12.935+0000] {standard_task_runner.py:85} INFO - Job 704: Subtask generate_order_process
[2025-06-14T02:55:12.987+0000] {task_command.py:415} INFO - Running <TaskInstance: ecommerce_generate_order_process.generate_order_process scheduled__2025-06-14T02:54:12.033460+00:00 [running]> on host 3498b866135e
[2025-06-14T02:55:13.095+0000] {taskinstance.py:1660} INFO - Exporting env vars: AIRFLOW_CTX_DAG_OWNER='***' AIRFLOW_CTX_DAG_ID='ecommerce_generate_order_process' AIRFLOW_CTX_TASK_ID='generate_order_process' AIRFLOW_CTX_EXECUTION_DATE='2025-06-14T02:54:12.033460+00:00' AIRFLOW_CTX_TRY_NUMBER='1' AIRFLOW_CTX_DAG_RUN_ID='scheduled__2025-06-14T02:54:12.033460+00:00'
[2025-06-14T02:55:13.109+0000] {logging_mixin.py:151} INFO - ----------------------------
[2025-06-14T02:55:13.110+0000] {logging_mixin.py:151} INFO - 214
[2025-06-14T02:55:13.110+0000] {logging_mixin.py:151} INFO - ----------------------------
[2025-06-14T02:55:13.116+0000] {logging_mixin.py:151} INFO - [(35, 3, Decimal('512.37'), Decimal('5.78'), Decimal('88.844958')), (21, 4, Decimal('841.78'), Decimal('5.97'), Decimal('201.017064')), (11, 4, Decimal('668.03'), Decimal('3.23'), Decimal('86.309476')), (18, 9, Decimal('697.86'), Decimal('6.91'), Decimal('433.999134')), (39, 6, Decimal('713.46'), Decimal('15.39'), Decimal('658.808964')), (13, 4, Decimal('411.98'), Decimal('16.77'), Decimal('276.356184')), (42, 4, Decimal('408.31'), Decimal('15.66'), Decimal('255.765384')), (36, 1, Decimal('745.80'), Decimal('1.07'), Decimal('7.980060')), (12, 6, Decimal('255.15'), Decimal('19.41'), Decimal('297.147690')), (24, 1, Decimal('387.14'), Decimal('4.66'), Decimal('18.040724'))]
[2025-06-14T02:55:13.118+0000] {logging_mixin.py:151} INFO - [(136, 35, 3, Decimal('512.37'), Decimal('5.78'), Decimal('88.844958')), (136, 21, 4, Decimal('841.78'), Decimal('5.97'), Decimal('201.017064')), (136, 11, 4, Decimal('668.03'), Decimal('3.23'), Decimal('86.309476')), (136, 18, 9, Decimal('697.86'), Decimal('6.91'), Decimal('433.999134')), (136, 39, 6, Decimal('713.46'), Decimal('15.39'), Decimal('658.808964')), (136, 13, 4, Decimal('411.98'), Decimal('16.77'), Decimal('276.356184')), (136, 42, 4, Decimal('408.31'), Decimal('15.66'), Decimal('255.765384')), (136, 36, 1, Decimal('745.80'), Decimal('1.07'), Decimal('7.980060')), (136, 12, 6, Decimal('255.15'), Decimal('19.41'), Decimal('297.147690')), (136, 24, 1, Decimal('387.14'), Decimal('4.66'), Decimal('18.040724'))]
[2025-06-14T02:55:13.119+0000] {logging_mixin.py:151} INFO - Simulation completed successfully!
[2025-06-14T02:55:13.119+0000] {logging_mixin.py:151} INFO - 136
[2025-06-14T02:55:13.119+0000] {python.py:194} INFO - Done. Returned value was: 136
[2025-06-14T02:55:13.153+0000] {taskinstance.py:1398} INFO - Marking task as SUCCESS. dag_id=ecommerce_generate_order_process, task_id=generate_order_process, execution_date=20250614T025412, start_date=20250614T025512, end_date=20250614T025513
[2025-06-14T02:55:13.186+0000] {local_task_job_runner.py:228} INFO - Task exited with return code 0
[2025-06-14T02:55:13.211+0000] {taskinstance.py:2776} INFO - 1 downstream tasks scheduled from follow-on schedule check
