[2025-06-13T15:56:00.668+0000] {taskinstance.py:1157} INFO - Dependencies all met for dep_context=non-requeueable deps ti=<TaskInstance: ecommerce_generate_order_process.generate_order_process scheduled__2025-06-13T15:54:58.516537+00:00 [queued]>
[2025-06-13T15:56:00.684+0000] {taskinstance.py:1157} INFO - Dependencies all met for dep_context=requeueable deps ti=<TaskInstance: ecommerce_generate_order_process.generate_order_process scheduled__2025-06-13T15:54:58.516537+00:00 [queued]>
[2025-06-13T15:56:00.684+0000] {taskinstance.py:1359} INFO - Starting attempt 1 of 6
[2025-06-13T15:56:00.705+0000] {taskinstance.py:1380} INFO - Executing <Task(_PythonDecoratedOperator): generate_order_process> on 2025-06-13 15:54:58.516537+00:00
[2025-06-13T15:56:00.713+0000] {standard_task_runner.py:57} INFO - Started process 696 to run task
[2025-06-13T15:56:00.717+0000] {standard_task_runner.py:84} INFO - Running: ['***', 'tasks', 'run', 'ecommerce_generate_order_process', 'generate_order_process', 'scheduled__2025-06-13T15:54:58.516537+00:00', '--job-id', '42', '--raw', '--subdir', 'DAGS_FOLDER/generate_order_process.py', '--cfg-path', '/tmp/tmpfg8qevo2']
[2025-06-13T15:56:00.720+0000] {standard_task_runner.py:85} INFO - Job 42: Subtask generate_order_process
[2025-06-13T15:56:00.826+0000] {task_command.py:415} INFO - Running <TaskInstance: ecommerce_generate_order_process.generate_order_process scheduled__2025-06-13T15:54:58.516537+00:00 [running]> on host 3498b866135e
[2025-06-13T15:56:00.993+0000] {taskinstance.py:1660} INFO - Exporting env vars: AIRFLOW_CTX_DAG_OWNER='***' AIRFLOW_CTX_DAG_ID='ecommerce_generate_order_process' AIRFLOW_CTX_TASK_ID='generate_order_process' AIRFLOW_CTX_EXECUTION_DATE='2025-06-13T15:54:58.516537+00:00' AIRFLOW_CTX_TRY_NUMBER='1' AIRFLOW_CTX_DAG_RUN_ID='scheduled__2025-06-13T15:54:58.516537+00:00'
[2025-06-13T15:56:01.015+0000] {logging_mixin.py:151} INFO - ----------------------------
[2025-06-13T15:56:01.015+0000] {logging_mixin.py:151} INFO - 12
[2025-06-13T15:56:01.015+0000] {logging_mixin.py:151} INFO - ----------------------------
[2025-06-13T15:56:01.026+0000] {logging_mixin.py:151} INFO - [(17, 1, Decimal('207.60'), Decimal('14.70'), Decimal('30.51720')), (1, 1, Decimal('802.42'), Decimal('3.53'), Decimal('28.325426')), (25, 2, Decimal('34.67'), Decimal('5.72'), Decimal('3.966248')), (3, 7, Decimal('946.29'), Decimal('2.59'), Decimal('171.562377')), (15, 7, Decimal('523.55'), Decimal('19.06'), Decimal('698.520410')), (16, 7, Decimal('266.44'), Decimal('7.11'), Decimal('132.607188')), (18, 9, Decimal('697.86'), Decimal('6.91'), Decimal('433.999134')), (19, 8, Decimal('665.31'), Decimal('4.02'), Decimal('213.963696')), (7, 6, Decimal('875.57'), Decimal('8.85'), Decimal('464.927670'))]
[2025-06-13T15:56:01.030+0000] {logging_mixin.py:151} INFO - [(4, 17, 1, Decimal('207.60'), Decimal('14.70'), Decimal('30.51720')), (4, 1, 1, Decimal('802.42'), Decimal('3.53'), Decimal('28.325426')), (4, 25, 2, Decimal('34.67'), Decimal('5.72'), Decimal('3.966248')), (4, 3, 7, Decimal('946.29'), Decimal('2.59'), Decimal('171.562377')), (4, 15, 7, Decimal('523.55'), Decimal('19.06'), Decimal('698.520410')), (4, 16, 7, Decimal('266.44'), Decimal('7.11'), Decimal('132.607188')), (4, 18, 9, Decimal('697.86'), Decimal('6.91'), Decimal('433.999134')), (4, 19, 8, Decimal('665.31'), Decimal('4.02'), Decimal('213.963696')), (4, 7, 6, Decimal('875.57'), Decimal('8.85'), Decimal('464.927670'))]
[2025-06-13T15:56:01.031+0000] {logging_mixin.py:151} INFO - Simulation completed successfully!
[2025-06-13T15:56:01.032+0000] {logging_mixin.py:151} INFO - 4
[2025-06-13T15:56:01.032+0000] {python.py:194} INFO - Done. Returned value was: 4
[2025-06-13T15:56:01.088+0000] {taskinstance.py:1398} INFO - Marking task as SUCCESS. dag_id=ecommerce_generate_order_process, task_id=generate_order_process, execution_date=20250613T155458, start_date=20250613T155600, end_date=20250613T155601
[2025-06-13T15:56:01.129+0000] {local_task_job_runner.py:228} INFO - Task exited with return code 0
[2025-06-13T15:56:01.171+0000] {taskinstance.py:2776} INFO - 1 downstream tasks scheduled from follow-on schedule check
