[2025-06-14T04:24:12.976+0000] {taskinstance.py:1157} INFO - Dependencies all met for dep_context=non-requeueable deps ti=<TaskInstance: ecommerce_generate_order_process.generate_order_process scheduled__2025-06-14T04:23:12.130199+00:00 [queued]>
[2025-06-14T04:24:12.984+0000] {taskinstance.py:1157} INFO - Dependencies all met for dep_context=requeueable deps ti=<TaskInstance: ecommerce_generate_order_process.generate_order_process scheduled__2025-06-14T04:23:12.130199+00:00 [queued]>
[2025-06-14T04:24:12.984+0000] {taskinstance.py:1359} INFO - Starting attempt 1 of 6
[2025-06-14T04:24:12.997+0000] {taskinstance.py:1380} INFO - Executing <Task(_PythonDecoratedOperator): generate_order_process> on 2025-06-14 04:23:12.130199+00:00
[2025-06-14T04:24:13.001+0000] {standard_task_runner.py:57} INFO - Started process 13716 to run task
[2025-06-14T04:24:13.003+0000] {standard_task_runner.py:84} INFO - Running: ['***', 'tasks', 'run', 'ecommerce_generate_order_process', 'generate_order_process', 'scheduled__2025-06-14T04:23:12.130199+00:00', '--job-id', '1149', '--raw', '--subdir', 'DAGS_FOLDER/generate_order_process.py', '--cfg-path', '/tmp/tmpxtl83t8y']
[2025-06-14T04:24:13.005+0000] {standard_task_runner.py:85} INFO - Job 1149: Subtask generate_order_process
[2025-06-14T04:24:13.058+0000] {task_command.py:415} INFO - Running <TaskInstance: ecommerce_generate_order_process.generate_order_process scheduled__2025-06-14T04:23:12.130199+00:00 [running]> on host 3498b866135e
[2025-06-14T04:24:13.158+0000] {taskinstance.py:1660} INFO - Exporting env vars: AIRFLOW_CTX_DAG_OWNER='***' AIRFLOW_CTX_DAG_ID='ecommerce_generate_order_process' AIRFLOW_CTX_TASK_ID='generate_order_process' AIRFLOW_CTX_EXECUTION_DATE='2025-06-14T04:23:12.130199+00:00' AIRFLOW_CTX_TRY_NUMBER='1' AIRFLOW_CTX_DAG_RUN_ID='scheduled__2025-06-14T04:23:12.130199+00:00'
[2025-06-14T04:24:13.171+0000] {logging_mixin.py:151} INFO - ----------------------------
[2025-06-14T04:24:13.171+0000] {logging_mixin.py:151} INFO - 257
[2025-06-14T04:24:13.171+0000] {logging_mixin.py:151} INFO - ----------------------------
[2025-06-14T04:24:13.177+0000] {logging_mixin.py:151} INFO - [(42, 4, Decimal('408.31'), Decimal('15.66'), Decimal('255.765384')), (14, 5, Decimal('657.33'), Decimal('0.13'), Decimal('4.272645')), (2, 1, Decimal('925.46'), Decimal('2.62'), Decimal('24.247052')), (30, 2, Decimal('913.08'), Decimal('18.10'), Decimal('330.53496')), (34, 5, Decimal('814.83'), Decimal('13.74'), Decimal('559.788210')), (22, 1, Decimal('429.81'), Decimal('5.21'), Decimal('22.393101')), (32, 8, Decimal('133.92'), Decimal('4.07'), Decimal('43.604352')), (31, 6, Decimal('878.54'), Decimal('16.74'), Decimal('882.405576')), (46, 9, Decimal('279.46'), Decimal('19.12'), Decimal('480.894768'))]
[2025-06-14T04:24:13.179+0000] {logging_mixin.py:151} INFO - [(225, 42, 4, Decimal('408.31'), Decimal('15.66'), Decimal('255.765384')), (225, 14, 5, Decimal('657.33'), Decimal('0.13'), Decimal('4.272645')), (225, 2, 1, Decimal('925.46'), Decimal('2.62'), Decimal('24.247052')), (225, 30, 2, Decimal('913.08'), Decimal('18.10'), Decimal('330.53496')), (225, 34, 5, Decimal('814.83'), Decimal('13.74'), Decimal('559.788210')), (225, 22, 1, Decimal('429.81'), Decimal('5.21'), Decimal('22.393101')), (225, 32, 8, Decimal('133.92'), Decimal('4.07'), Decimal('43.604352')), (225, 31, 6, Decimal('878.54'), Decimal('16.74'), Decimal('882.405576')), (225, 46, 9, Decimal('279.46'), Decimal('19.12'), Decimal('480.894768'))]
[2025-06-14T04:24:13.180+0000] {logging_mixin.py:151} INFO - Simulation completed successfully!
[2025-06-14T04:24:13.180+0000] {logging_mixin.py:151} INFO - 225
[2025-06-14T04:24:13.180+0000] {python.py:194} INFO - Done. Returned value was: 225
[2025-06-14T04:24:13.213+0000] {taskinstance.py:1398} INFO - Marking task as SUCCESS. dag_id=ecommerce_generate_order_process, task_id=generate_order_process, execution_date=20250614T042312, start_date=20250614T042412, end_date=20250614T042413
[2025-06-14T04:24:13.255+0000] {local_task_job_runner.py:228} INFO - Task exited with return code 0
[2025-06-14T04:24:13.280+0000] {taskinstance.py:2776} INFO - 1 downstream tasks scheduled from follow-on schedule check
