[2025-06-14T02:22:16.900+0000] {taskinstance.py:1157} INFO - Dependencies all met for dep_context=non-requeueable deps ti=<TaskInstance: ecommerce_generate_order_process.generate_order_process scheduled__2025-06-14T02:21:11.775941+00:00 [queued]>
[2025-06-14T02:22:16.911+0000] {taskinstance.py:1157} INFO - Dependencies all met for dep_context=requeueable deps ti=<TaskInstance: ecommerce_generate_order_process.generate_order_process scheduled__2025-06-14T02:21:11.775941+00:00 [queued]>
[2025-06-14T02:22:16.911+0000] {taskinstance.py:1359} INFO - Starting attempt 1 of 6
[2025-06-14T02:22:16.930+0000] {taskinstance.py:1380} INFO - Executing <Task(_PythonDecoratedOperator): generate_order_process> on 2025-06-14 02:21:11.775941+00:00
[2025-06-14T02:22:16.938+0000] {standard_task_runner.py:57} INFO - Started process 2976 to run task
[2025-06-14T02:22:16.942+0000] {standard_task_runner.py:84} INFO - Running: ['***', 'tasks', 'run', 'ecommerce_generate_order_process', 'generate_order_process', 'scheduled__2025-06-14T02:21:11.775941+00:00', '--job-id', '539', '--raw', '--subdir', 'DAGS_FOLDER/generate_order_process.py', '--cfg-path', '/tmp/tmpy1d6dzse']
[2025-06-14T02:22:16.944+0000] {standard_task_runner.py:85} INFO - Job 539: Subtask generate_order_process
[2025-06-14T02:22:17.028+0000] {task_command.py:415} INFO - Running <TaskInstance: ecommerce_generate_order_process.generate_order_process scheduled__2025-06-14T02:21:11.775941+00:00 [running]> on host 3498b866135e
[2025-06-14T02:22:17.194+0000] {taskinstance.py:1660} INFO - Exporting env vars: AIRFLOW_CTX_DAG_OWNER='***' AIRFLOW_CTX_DAG_ID='ecommerce_generate_order_process' AIRFLOW_CTX_TASK_ID='generate_order_process' AIRFLOW_CTX_EXECUTION_DATE='2025-06-14T02:21:11.775941+00:00' AIRFLOW_CTX_TRY_NUMBER='1' AIRFLOW_CTX_DAG_RUN_ID='scheduled__2025-06-14T02:21:11.775941+00:00'
[2025-06-14T02:22:17.220+0000] {logging_mixin.py:151} INFO - ----------------------------
[2025-06-14T02:22:17.220+0000] {logging_mixin.py:151} INFO - 131
[2025-06-14T02:22:17.220+0000] {logging_mixin.py:151} INFO - ----------------------------
[2025-06-14T02:22:17.230+0000] {logging_mixin.py:151} INFO - [(3, 7, Decimal('946.29'), Decimal('2.59'), Decimal('171.562377')), (25, 2, Decimal('34.67'), Decimal('5.72'), Decimal('3.966248')), (42, 4, Decimal('408.31'), Decimal('15.66'), Decimal('255.765384'))]
[2025-06-14T02:22:17.233+0000] {logging_mixin.py:151} INFO - [(103, 3, 7, Decimal('946.29'), Decimal('2.59'), Decimal('171.562377')), (103, 25, 2, Decimal('34.67'), Decimal('5.72'), Decimal('3.966248')), (103, 42, 4, Decimal('408.31'), Decimal('15.66'), Decimal('255.765384'))]
[2025-06-14T02:22:17.235+0000] {logging_mixin.py:151} INFO - Simulation completed successfully!
[2025-06-14T02:22:17.235+0000] {logging_mixin.py:151} INFO - 103
[2025-06-14T02:22:17.235+0000] {python.py:194} INFO - Done. Returned value was: 103
[2025-06-14T02:22:17.288+0000] {taskinstance.py:1398} INFO - Marking task as SUCCESS. dag_id=ecommerce_generate_order_process, task_id=generate_order_process, execution_date=20250614T022111, start_date=20250614T022216, end_date=20250614T022217
[2025-06-14T02:22:17.313+0000] {local_task_job_runner.py:228} INFO - Task exited with return code 0
[2025-06-14T02:22:17.361+0000] {taskinstance.py:2776} INFO - 1 downstream tasks scheduled from follow-on schedule check
