[2025-06-13T13:45:33.993+0000] {taskinstance.py:1157} INFO - Dependencies all met for dep_context=non-requeueable deps ti=<TaskInstance: ecommerce_generate_order_process.generate_order_process scheduled__2025-06-13T13:44:32.761202+00:00 [queued]>
[2025-06-13T13:45:34.000+0000] {taskinstance.py:1157} INFO - Dependencies all met for dep_context=requeueable deps ti=<TaskInstance: ecommerce_generate_order_process.generate_order_process scheduled__2025-06-13T13:44:32.761202+00:00 [queued]>
[2025-06-13T13:45:34.000+0000] {taskinstance.py:1359} INFO - Starting attempt 1 of 6
[2025-06-13T13:45:34.012+0000] {taskinstance.py:1380} INFO - Executing <Task(_PythonDecoratedOperator): generate_order_process> on 2025-06-13 13:44:32.761202+00:00
[2025-06-13T13:45:34.017+0000] {standard_task_runner.py:57} INFO - Started process 558 to run task
[2025-06-13T13:45:34.019+0000] {standard_task_runner.py:84} INFO - Running: ['***', 'tasks', 'run', 'ecommerce_generate_order_process', 'generate_order_process', 'scheduled__2025-06-13T13:44:32.761202+00:00', '--job-id', '33', '--raw', '--subdir', 'DAGS_FOLDER/generate_order_process.py', '--cfg-path', '/tmp/tmpbs0utugk']
[2025-06-13T13:45:34.021+0000] {standard_task_runner.py:85} INFO - Job 33: Subtask generate_order_process
[2025-06-13T13:45:34.074+0000] {task_command.py:415} INFO - Running <TaskInstance: ecommerce_generate_order_process.generate_order_process scheduled__2025-06-13T13:44:32.761202+00:00 [running]> on host 4821ab4d0de9
[2025-06-13T13:45:34.167+0000] {taskinstance.py:1660} INFO - Exporting env vars: AIRFLOW_CTX_DAG_OWNER='***' AIRFLOW_CTX_DAG_ID='ecommerce_generate_order_process' AIRFLOW_CTX_TASK_ID='generate_order_process' AIRFLOW_CTX_EXECUTION_DATE='2025-06-13T13:44:32.761202+00:00' AIRFLOW_CTX_TRY_NUMBER='1' AIRFLOW_CTX_DAG_RUN_ID='scheduled__2025-06-13T13:44:32.761202+00:00'
[2025-06-13T13:45:34.180+0000] {logging_mixin.py:151} INFO - ----------------------------
[2025-06-13T13:45:34.180+0000] {logging_mixin.py:151} INFO - 10
[2025-06-13T13:45:34.180+0000] {logging_mixin.py:151} INFO - ----------------------------
[2025-06-13T13:45:34.187+0000] {logging_mixin.py:151} INFO - [(11, 1, Decimal('760.42'), Decimal('3.45'), Decimal('26.234490')), (13, 3, Decimal('835.84'), Decimal('13.59'), Decimal('340.771968')), (16, 2, Decimal('693.96'), Decimal('19.34'), Decimal('268.423728')), (10, 5, Decimal('448.95'), Decimal('7.26'), Decimal('162.968850')), (5, 3, Decimal('332.12'), Decimal('9.25'), Decimal('92.163300')), (14, 9, Decimal('746.79'), Decimal('8.44'), Decimal('567.261684')), (24, 6, Decimal('44.93'), Decimal('5.45'), Decimal('14.692110')), (7, 1, Decimal('988.90'), Decimal('10.09'), Decimal('99.780010')), (19, 7, Decimal('737.92'), Decimal('8.50'), Decimal('439.06240'))]
[2025-06-13T13:45:34.189+0000] {logging_mixin.py:151} INFO - [(1, 11, 1, Decimal('760.42'), Decimal('3.45'), Decimal('26.234490')), (1, 13, 3, Decimal('835.84'), Decimal('13.59'), Decimal('340.771968')), (1, 16, 2, Decimal('693.96'), Decimal('19.34'), Decimal('268.423728')), (1, 10, 5, Decimal('448.95'), Decimal('7.26'), Decimal('162.968850')), (1, 5, 3, Decimal('332.12'), Decimal('9.25'), Decimal('92.163300')), (1, 14, 9, Decimal('746.79'), Decimal('8.44'), Decimal('567.261684')), (1, 24, 6, Decimal('44.93'), Decimal('5.45'), Decimal('14.692110')), (1, 7, 1, Decimal('988.90'), Decimal('10.09'), Decimal('99.780010')), (1, 19, 7, Decimal('737.92'), Decimal('8.50'), Decimal('439.06240'))]
[2025-06-13T13:45:34.190+0000] {logging_mixin.py:151} INFO - Simulation completed successfully!
[2025-06-13T13:45:34.190+0000] {logging_mixin.py:151} INFO - 1
[2025-06-13T13:45:34.190+0000] {python.py:194} INFO - Done. Returned value was: 1
[2025-06-13T13:45:34.221+0000] {taskinstance.py:1398} INFO - Marking task as SUCCESS. dag_id=ecommerce_generate_order_process, task_id=generate_order_process, execution_date=20250613T134432, start_date=20250613T134533, end_date=20250613T134534
[2025-06-13T13:45:34.271+0000] {local_task_job_runner.py:228} INFO - Task exited with return code 0
[2025-06-13T13:45:34.305+0000] {taskinstance.py:2776} INFO - 1 downstream tasks scheduled from follow-on schedule check
