[2025-06-14T03:39:13.028+0000] {taskinstance.py:1157} INFO - Dependencies all met for dep_context=non-requeueable deps ti=<TaskInstance: ecommerce_generate_order_process.generate_order_process scheduled__2025-06-14T03:38:12.130199+00:00 [queued]>
[2025-06-14T03:39:13.036+0000] {taskinstance.py:1157} INFO - Dependencies all met for dep_context=requeueable deps ti=<TaskInstance: ecommerce_generate_order_process.generate_order_process scheduled__2025-06-14T03:38:12.130199+00:00 [queued]>
[2025-06-14T03:39:13.036+0000] {taskinstance.py:1359} INFO - Starting attempt 1 of 6
[2025-06-14T03:39:13.048+0000] {taskinstance.py:1380} INFO - Executing <Task(_PythonDecoratedOperator): generate_order_process> on 2025-06-14 03:38:12.130199+00:00
[2025-06-14T03:39:13.053+0000] {standard_task_runner.py:57} INFO - Started process 9746 to run task
[2025-06-14T03:39:13.055+0000] {standard_task_runner.py:84} INFO - Running: ['***', 'tasks', 'run', 'ecommerce_generate_order_process', 'generate_order_process', 'scheduled__2025-06-14T03:38:12.130199+00:00', '--job-id', '924', '--raw', '--subdir', 'DAGS_FOLDER/generate_order_process.py', '--cfg-path', '/tmp/tmpotcqh2k_']
[2025-06-14T03:39:13.057+0000] {standard_task_runner.py:85} INFO - Job 924: Subtask generate_order_process
[2025-06-14T03:39:13.120+0000] {task_command.py:415} INFO - Running <TaskInstance: ecommerce_generate_order_process.generate_order_process scheduled__2025-06-14T03:38:12.130199+00:00 [running]> on host 3498b866135e
[2025-06-14T03:39:13.237+0000] {taskinstance.py:1660} INFO - Exporting env vars: AIRFLOW_CTX_DAG_OWNER='***' AIRFLOW_CTX_DAG_ID='ecommerce_generate_order_process' AIRFLOW_CTX_TASK_ID='generate_order_process' AIRFLOW_CTX_EXECUTION_DATE='2025-06-14T03:38:12.130199+00:00' AIRFLOW_CTX_TRY_NUMBER='1' AIRFLOW_CTX_DAG_RUN_ID='scheduled__2025-06-14T03:38:12.130199+00:00'
[2025-06-14T03:39:13.253+0000] {logging_mixin.py:151} INFO - ----------------------------
[2025-06-14T03:39:13.253+0000] {logging_mixin.py:151} INFO - 22
[2025-06-14T03:39:13.253+0000] {logging_mixin.py:151} INFO - ----------------------------
[2025-06-14T03:39:13.261+0000] {logging_mixin.py:151} INFO - [(30, 2, Decimal('913.08'), Decimal('18.10'), Decimal('330.53496')), (10, 4, Decimal('598.05'), Decimal('10.18'), Decimal('243.525960')), (15, 7, Decimal('523.55'), Decimal('19.06'), Decimal('698.520410')), (16, 7, Decimal('266.44'), Decimal('7.11'), Decimal('132.607188')), (49, 8, Decimal('42.29'), Decimal('1.49'), Decimal('5.040968')), (27, 8, Decimal('412.73'), Decimal('3.00'), Decimal('99.0552')), (19, 8, Decimal('665.31'), Decimal('4.02'), Decimal('213.963696')), (31, 6, Decimal('878.54'), Decimal('16.74'), Decimal('882.405576')), (43, 8, Decimal('746.10'), Decimal('4.92'), Decimal('293.664960')), (37, 7, Decimal('892.19'), Decimal('4.68'), Decimal('292.281444'))]
[2025-06-14T03:39:13.263+0000] {logging_mixin.py:151} INFO - [(180, 30, 2, Decimal('913.08'), Decimal('18.10'), Decimal('330.53496')), (180, 10, 4, Decimal('598.05'), Decimal('10.18'), Decimal('243.525960')), (180, 15, 7, Decimal('523.55'), Decimal('19.06'), Decimal('698.520410')), (180, 16, 7, Decimal('266.44'), Decimal('7.11'), Decimal('132.607188')), (180, 49, 8, Decimal('42.29'), Decimal('1.49'), Decimal('5.040968')), (180, 27, 8, Decimal('412.73'), Decimal('3.00'), Decimal('99.0552')), (180, 19, 8, Decimal('665.31'), Decimal('4.02'), Decimal('213.963696')), (180, 31, 6, Decimal('878.54'), Decimal('16.74'), Decimal('882.405576')), (180, 43, 8, Decimal('746.10'), Decimal('4.92'), Decimal('293.664960')), (180, 37, 7, Decimal('892.19'), Decimal('4.68'), Decimal('292.281444'))]
[2025-06-14T03:39:13.264+0000] {logging_mixin.py:151} INFO - Simulation completed successfully!
[2025-06-14T03:39:13.265+0000] {logging_mixin.py:151} INFO - 180
[2025-06-14T03:39:13.265+0000] {python.py:194} INFO - Done. Returned value was: 180
[2025-06-14T03:39:13.306+0000] {taskinstance.py:1398} INFO - Marking task as SUCCESS. dag_id=ecommerce_generate_order_process, task_id=generate_order_process, execution_date=20250614T033812, start_date=20250614T033913, end_date=20250614T033913
[2025-06-14T03:39:13.347+0000] {local_task_job_runner.py:228} INFO - Task exited with return code 0
[2025-06-14T03:39:13.375+0000] {taskinstance.py:2776} INFO - 1 downstream tasks scheduled from follow-on schedule check
