[2025-06-14T04:59:12.862+0000] {taskinstance.py:1157} INFO - Dependencies all met for dep_context=non-requeueable deps ti=<TaskInstance: ecommerce_generate_order_process.generate_order_process scheduled__2025-06-14T04:58:12.130199+00:00 [queued]>
[2025-06-14T04:59:12.869+0000] {taskinstance.py:1157} INFO - Dependencies all met for dep_context=requeueable deps ti=<TaskInstance: ecommerce_generate_order_process.generate_order_process scheduled__2025-06-14T04:58:12.130199+00:00 [queued]>
[2025-06-14T04:59:12.869+0000] {taskinstance.py:1359} INFO - Starting attempt 1 of 6
[2025-06-14T04:59:12.879+0000] {taskinstance.py:1380} INFO - Executing <Task(_PythonDecoratedOperator): generate_order_process> on 2025-06-14 04:58:12.130199+00:00
[2025-06-14T04:59:12.884+0000] {standard_task_runner.py:57} INFO - Started process 16826 to run task
[2025-06-14T04:59:12.886+0000] {standard_task_runner.py:84} INFO - Running: ['***', 'tasks', 'run', 'ecommerce_generate_order_process', 'generate_order_process', 'scheduled__2025-06-14T04:58:12.130199+00:00', '--job-id', '1324', '--raw', '--subdir', 'DAGS_FOLDER/generate_order_process.py', '--cfg-path', '/tmp/tmpgws5gysi']
[2025-06-14T04:59:12.888+0000] {standard_task_runner.py:85} INFO - Job 1324: Subtask generate_order_process
[2025-06-14T04:59:12.939+0000] {task_command.py:415} INFO - Running <TaskInstance: ecommerce_generate_order_process.generate_order_process scheduled__2025-06-14T04:58:12.130199+00:00 [running]> on host 3498b866135e
[2025-06-14T04:59:13.033+0000] {taskinstance.py:1660} INFO - Exporting env vars: AIRFLOW_CTX_DAG_OWNER='***' AIRFLOW_CTX_DAG_ID='ecommerce_generate_order_process' AIRFLOW_CTX_TASK_ID='generate_order_process' AIRFLOW_CTX_EXECUTION_DATE='2025-06-14T04:58:12.130199+00:00' AIRFLOW_CTX_TRY_NUMBER='1' AIRFLOW_CTX_DAG_RUN_ID='scheduled__2025-06-14T04:58:12.130199+00:00'
[2025-06-14T04:59:13.045+0000] {logging_mixin.py:151} INFO - ----------------------------
[2025-06-14T04:59:13.045+0000] {logging_mixin.py:151} INFO - 420
[2025-06-14T04:59:13.045+0000] {logging_mixin.py:151} INFO - ----------------------------
[2025-06-14T04:59:13.050+0000] {logging_mixin.py:151} INFO - [(42, 4, Decimal('408.31'), Decimal('15.66'), Decimal('255.765384')), (14, 5, Decimal('657.33'), Decimal('0.13'), Decimal('4.272645'))]
[2025-06-14T04:59:13.051+0000] {logging_mixin.py:151} INFO - [(260, 42, 4, Decimal('408.31'), Decimal('15.66'), Decimal('255.765384')), (260, 14, 5, Decimal('657.33'), Decimal('0.13'), Decimal('4.272645'))]
[2025-06-14T04:59:13.052+0000] {logging_mixin.py:151} INFO - Simulation completed successfully!
[2025-06-14T04:59:13.052+0000] {logging_mixin.py:151} INFO - 260
[2025-06-14T04:59:13.053+0000] {python.py:194} INFO - Done. Returned value was: 260
[2025-06-14T04:59:13.083+0000] {taskinstance.py:1398} INFO - Marking task as SUCCESS. dag_id=ecommerce_generate_order_process, task_id=generate_order_process, execution_date=20250614T045812, start_date=20250614T045912, end_date=20250614T045913
[2025-06-14T04:59:13.138+0000] {local_task_job_runner.py:228} INFO - Task exited with return code 0
[2025-06-14T04:59:13.161+0000] {taskinstance.py:2776} INFO - 1 downstream tasks scheduled from follow-on schedule check
