[2025-06-13T16:32:33.854+0000] {taskinstance.py:1157} INFO - Dependencies all met for dep_context=non-requeueable deps ti=<TaskInstance: ecommerce_generate_order_process.generate_order_process scheduled__2025-06-13T16:31:31.706122+00:00 [queued]>
[2025-06-13T16:32:33.881+0000] {taskinstance.py:1157} INFO - Dependencies all met for dep_context=requeueable deps ti=<TaskInstance: ecommerce_generate_order_process.generate_order_process scheduled__2025-06-13T16:31:31.706122+00:00 [queued]>
[2025-06-13T16:32:33.882+0000] {taskinstance.py:1359} INFO - Starting attempt 1 of 6
[2025-06-13T16:32:33.921+0000] {taskinstance.py:1380} INFO - Executing <Task(_PythonDecoratedOperator): generate_order_process> on 2025-06-13 16:31:31.706122+00:00
[2025-06-13T16:32:33.936+0000] {standard_task_runner.py:57} INFO - Started process 3881 to run task
[2025-06-13T16:32:33.943+0000] {standard_task_runner.py:84} INFO - Running: ['***', 'tasks', 'run', 'ecommerce_generate_order_process', 'generate_order_process', 'scheduled__2025-06-13T16:31:31.706122+00:00', '--job-id', '235', '--raw', '--subdir', 'DAGS_FOLDER/generate_order_process.py', '--cfg-path', '/tmp/tmp20iy4fee']
[2025-06-13T16:32:33.949+0000] {standard_task_runner.py:85} INFO - Job 235: Subtask generate_order_process
[2025-06-13T16:32:34.146+0000] {task_command.py:415} INFO - Running <TaskInstance: ecommerce_generate_order_process.generate_order_process scheduled__2025-06-13T16:31:31.706122+00:00 [running]> on host 3498b866135e
[2025-06-13T16:32:34.487+0000] {taskinstance.py:1660} INFO - Exporting env vars: AIRFLOW_CTX_DAG_OWNER='***' AIRFLOW_CTX_DAG_ID='ecommerce_generate_order_process' AIRFLOW_CTX_TASK_ID='generate_order_process' AIRFLOW_CTX_EXECUTION_DATE='2025-06-13T16:31:31.706122+00:00' AIRFLOW_CTX_TRY_NUMBER='1' AIRFLOW_CTX_DAG_RUN_ID='scheduled__2025-06-13T16:31:31.706122+00:00'
[2025-06-13T16:32:34.536+0000] {logging_mixin.py:151} INFO - ----------------------------
[2025-06-13T16:32:34.537+0000] {logging_mixin.py:151} INFO - 51
[2025-06-13T16:32:34.538+0000] {logging_mixin.py:151} INFO - ----------------------------
[2025-06-13T16:32:34.561+0000] {logging_mixin.py:151} INFO - [(8, 1, Decimal('130.57'), Decimal('13.94'), Decimal('18.201458')), (22, 1, Decimal('429.81'), Decimal('5.21'), Decimal('22.393101')), (24, 1, Decimal('387.14'), Decimal('4.66'), Decimal('18.040724')), (7, 6, Decimal('875.57'), Decimal('8.85'), Decimal('464.927670')), (23, 1, Decimal('521.30'), Decimal('16.80'), Decimal('87.57840')), (12, 6, Decimal('255.15'), Decimal('19.41'), Decimal('297.147690')), (17, 1, Decimal('207.60'), Decimal('14.70'), Decimal('30.51720')), (4, 9, Decimal('38.75'), Decimal('2.09'), Decimal('7.288875'))]
[2025-06-13T16:32:34.567+0000] {logging_mixin.py:151} INFO - [(45, 8, 1, Decimal('130.57'), Decimal('13.94'), Decimal('18.201458')), (45, 22, 1, Decimal('429.81'), Decimal('5.21'), Decimal('22.393101')), (45, 24, 1, Decimal('387.14'), Decimal('4.66'), Decimal('18.040724')), (45, 7, 6, Decimal('875.57'), Decimal('8.85'), Decimal('464.927670')), (45, 23, 1, Decimal('521.30'), Decimal('16.80'), Decimal('87.57840')), (45, 12, 6, Decimal('255.15'), Decimal('19.41'), Decimal('297.147690')), (45, 17, 1, Decimal('207.60'), Decimal('14.70'), Decimal('30.51720')), (45, 4, 9, Decimal('38.75'), Decimal('2.09'), Decimal('7.288875'))]
[2025-06-13T16:32:34.569+0000] {logging_mixin.py:151} INFO - Simulation completed successfully!
[2025-06-13T16:32:34.570+0000] {logging_mixin.py:151} INFO - 45
[2025-06-13T16:32:34.571+0000] {python.py:194} INFO - Done. Returned value was: 45
[2025-06-13T16:32:34.639+0000] {taskinstance.py:1398} INFO - Marking task as SUCCESS. dag_id=ecommerce_generate_order_process, task_id=generate_order_process, execution_date=20250613T163131, start_date=20250613T163233, end_date=20250613T163234
[2025-06-13T16:32:34.676+0000] {local_task_job_runner.py:228} INFO - Task exited with return code 0
[2025-06-13T16:32:34.746+0000] {taskinstance.py:2776} INFO - 1 downstream tasks scheduled from follow-on schedule check
