[2025-06-13T16:39:33.547+0000] {taskinstance.py:1157} INFO - Dependencies all met for dep_context=non-requeueable deps ti=<TaskInstance: ecommerce_generate_order_process.generate_order_process scheduled__2025-06-13T16:38:31.706122+00:00 [queued]>
[2025-06-13T16:39:33.574+0000] {taskinstance.py:1157} INFO - Dependencies all met for dep_context=requeueable deps ti=<TaskInstance: ecommerce_generate_order_process.generate_order_process scheduled__2025-06-13T16:38:31.706122+00:00 [queued]>
[2025-06-13T16:39:33.575+0000] {taskinstance.py:1359} INFO - Starting attempt 1 of 6
[2025-06-13T16:39:33.614+0000] {taskinstance.py:1380} INFO - Executing <Task(_PythonDecoratedOperator): generate_order_process> on 2025-06-13 16:38:31.706122+00:00
[2025-06-13T16:39:33.629+0000] {standard_task_runner.py:57} INFO - Started process 4511 to run task
[2025-06-13T16:39:33.637+0000] {standard_task_runner.py:84} INFO - Running: ['***', 'tasks', 'run', 'ecommerce_generate_order_process', 'generate_order_process', 'scheduled__2025-06-13T16:38:31.706122+00:00', '--job-id', '270', '--raw', '--subdir', 'DAGS_FOLDER/generate_order_process.py', '--cfg-path', '/tmp/tmp6z39hsjy']
[2025-06-13T16:39:33.644+0000] {standard_task_runner.py:85} INFO - Job 270: Subtask generate_order_process
[2025-06-13T16:39:33.849+0000] {task_command.py:415} INFO - Running <TaskInstance: ecommerce_generate_order_process.generate_order_process scheduled__2025-06-13T16:38:31.706122+00:00 [running]> on host 3498b866135e
[2025-06-13T16:39:34.094+0000] {taskinstance.py:1660} INFO - Exporting env vars: AIRFLOW_CTX_DAG_OWNER='***' AIRFLOW_CTX_DAG_ID='ecommerce_generate_order_process' AIRFLOW_CTX_TASK_ID='generate_order_process' AIRFLOW_CTX_EXECUTION_DATE='2025-06-13T16:38:31.706122+00:00' AIRFLOW_CTX_TRY_NUMBER='1' AIRFLOW_CTX_DAG_RUN_ID='scheduled__2025-06-13T16:38:31.706122+00:00'
[2025-06-13T16:39:34.117+0000] {logging_mixin.py:151} INFO - ----------------------------
[2025-06-13T16:39:34.117+0000] {logging_mixin.py:151} INFO - 34
[2025-06-13T16:39:34.118+0000] {logging_mixin.py:151} INFO - ----------------------------
[2025-06-13T16:39:34.131+0000] {logging_mixin.py:151} INFO - [(19, 8, Decimal('665.31'), Decimal('4.02'), Decimal('213.963696')), (2, 1, Decimal('925.46'), Decimal('2.62'), Decimal('24.247052'))]
[2025-06-13T16:39:34.135+0000] {logging_mixin.py:151} INFO - [(52, 19, 8, Decimal('665.31'), Decimal('4.02'), Decimal('213.963696')), (52, 2, 1, Decimal('925.46'), Decimal('2.62'), Decimal('24.247052'))]
[2025-06-13T16:39:34.137+0000] {logging_mixin.py:151} INFO - Simulation completed successfully!
[2025-06-13T16:39:34.137+0000] {logging_mixin.py:151} INFO - 52
[2025-06-13T16:39:34.138+0000] {python.py:194} INFO - Done. Returned value was: 52
[2025-06-13T16:39:34.242+0000] {taskinstance.py:1398} INFO - Marking task as SUCCESS. dag_id=ecommerce_generate_order_process, task_id=generate_order_process, execution_date=20250613T163831, start_date=20250613T163933, end_date=20250613T163934
[2025-06-13T16:39:34.290+0000] {local_task_job_runner.py:228} INFO - Task exited with return code 0
[2025-06-13T16:39:34.368+0000] {taskinstance.py:2776} INFO - 1 downstream tasks scheduled from follow-on schedule check
