[2025-06-14T04:17:14.841+0000] {taskinstance.py:1157} INFO - Dependencies all met for dep_context=non-requeueable deps ti=<TaskInstance: ecommerce_generate_order_process.generate_order_process scheduled__2025-06-14T04:16:12.130199+00:00 [queued]>
[2025-06-14T04:17:14.856+0000] {taskinstance.py:1157} INFO - Dependencies all met for dep_context=requeueable deps ti=<TaskInstance: ecommerce_generate_order_process.generate_order_process scheduled__2025-06-14T04:16:12.130199+00:00 [queued]>
[2025-06-14T04:17:14.857+0000] {taskinstance.py:1359} INFO - Starting attempt 1 of 6
[2025-06-14T04:17:14.889+0000] {taskinstance.py:1380} INFO - Executing <Task(_PythonDecoratedOperator): generate_order_process> on 2025-06-14 04:16:12.130199+00:00
[2025-06-14T04:17:14.904+0000] {standard_task_runner.py:57} INFO - Started process 13116 to run task
[2025-06-14T04:17:14.910+0000] {standard_task_runner.py:84} INFO - Running: ['***', 'tasks', 'run', 'ecommerce_generate_order_process', 'generate_order_process', 'scheduled__2025-06-14T04:16:12.130199+00:00', '--job-id', '1114', '--raw', '--subdir', 'DAGS_FOLDER/generate_order_process.py', '--cfg-path', '/tmp/tmpzopv93sl']
[2025-06-14T04:17:14.913+0000] {standard_task_runner.py:85} INFO - Job 1114: Subtask generate_order_process
[2025-06-14T04:17:15.051+0000] {task_command.py:415} INFO - Running <TaskInstance: ecommerce_generate_order_process.generate_order_process scheduled__2025-06-14T04:16:12.130199+00:00 [running]> on host 3498b866135e
[2025-06-14T04:17:15.308+0000] {taskinstance.py:1660} INFO - Exporting env vars: AIRFLOW_CTX_DAG_OWNER='***' AIRFLOW_CTX_DAG_ID='ecommerce_generate_order_process' AIRFLOW_CTX_TASK_ID='generate_order_process' AIRFLOW_CTX_EXECUTION_DATE='2025-06-14T04:16:12.130199+00:00' AIRFLOW_CTX_TRY_NUMBER='1' AIRFLOW_CTX_DAG_RUN_ID='scheduled__2025-06-14T04:16:12.130199+00:00'
[2025-06-14T04:17:15.343+0000] {logging_mixin.py:151} INFO - ----------------------------
[2025-06-14T04:17:15.344+0000] {logging_mixin.py:151} INFO - 268
[2025-06-14T04:17:15.344+0000] {logging_mixin.py:151} INFO - ----------------------------
[2025-06-14T04:17:15.357+0000] {logging_mixin.py:151} INFO - [(37, 7, Decimal('892.19'), Decimal('4.68'), Decimal('292.281444')), (25, 2, Decimal('34.67'), Decimal('5.72'), Decimal('3.966248')), (10, 4, Decimal('598.05'), Decimal('10.18'), Decimal('243.525960')), (39, 6, Decimal('713.46'), Decimal('15.39'), Decimal('658.808964')), (9, 4, Decimal('724.69'), Decimal('11.61'), Decimal('336.546036'))]
[2025-06-14T04:17:15.360+0000] {logging_mixin.py:151} INFO - [(218, 37, 7, Decimal('892.19'), Decimal('4.68'), Decimal('292.281444')), (218, 25, 2, Decimal('34.67'), Decimal('5.72'), Decimal('3.966248')), (218, 10, 4, Decimal('598.05'), Decimal('10.18'), Decimal('243.525960')), (218, 39, 6, Decimal('713.46'), Decimal('15.39'), Decimal('658.808964')), (218, 9, 4, Decimal('724.69'), Decimal('11.61'), Decimal('336.546036'))]
[2025-06-14T04:17:15.372+0000] {logging_mixin.py:151} INFO - Simulation completed successfully!
[2025-06-14T04:17:15.372+0000] {logging_mixin.py:151} INFO - 218
[2025-06-14T04:17:15.373+0000] {python.py:194} INFO - Done. Returned value was: 218
[2025-06-14T04:17:15.474+0000] {taskinstance.py:1398} INFO - Marking task as SUCCESS. dag_id=ecommerce_generate_order_process, task_id=generate_order_process, execution_date=20250614T041612, start_date=20250614T041714, end_date=20250614T041715
[2025-06-14T04:17:15.570+0000] {local_task_job_runner.py:228} INFO - Task exited with return code 0
[2025-06-14T04:17:15.638+0000] {taskinstance.py:2776} INFO - 1 downstream tasks scheduled from follow-on schedule check
