[2025-06-14T03:25:12.774+0000] {taskinstance.py:1157} INFO - Dependencies all met for dep_context=non-requeueable deps ti=<TaskInstance: ecommerce_generate_order_process.generate_order_process scheduled__2025-06-14T03:24:12.130199+00:00 [queued]>
[2025-06-14T03:25:12.783+0000] {taskinstance.py:1157} INFO - Dependencies all met for dep_context=requeueable deps ti=<TaskInstance: ecommerce_generate_order_process.generate_order_process scheduled__2025-06-14T03:24:12.130199+00:00 [queued]>
[2025-06-14T03:25:12.784+0000] {taskinstance.py:1359} INFO - Starting attempt 1 of 6
[2025-06-14T03:25:12.796+0000] {taskinstance.py:1380} INFO - Executing <Task(_PythonDecoratedOperator): generate_order_process> on 2025-06-14 03:24:12.130199+00:00
[2025-06-14T03:25:12.802+0000] {standard_task_runner.py:57} INFO - Started process 8526 to run task
[2025-06-14T03:25:12.804+0000] {standard_task_runner.py:84} INFO - Running: ['***', 'tasks', 'run', 'ecommerce_generate_order_process', 'generate_order_process', 'scheduled__2025-06-14T03:24:12.130199+00:00', '--job-id', '854', '--raw', '--subdir', 'DAGS_FOLDER/generate_order_process.py', '--cfg-path', '/tmp/tmpqixq9mq0']
[2025-06-14T03:25:12.806+0000] {standard_task_runner.py:85} INFO - Job 854: Subtask generate_order_process
[2025-06-14T03:25:12.869+0000] {task_command.py:415} INFO - Running <TaskInstance: ecommerce_generate_order_process.generate_order_process scheduled__2025-06-14T03:24:12.130199+00:00 [running]> on host 3498b866135e
[2025-06-14T03:25:12.997+0000] {taskinstance.py:1660} INFO - Exporting env vars: AIRFLOW_CTX_DAG_OWNER='***' AIRFLOW_CTX_DAG_ID='ecommerce_generate_order_process' AIRFLOW_CTX_TASK_ID='generate_order_process' AIRFLOW_CTX_EXECUTION_DATE='2025-06-14T03:24:12.130199+00:00' AIRFLOW_CTX_TRY_NUMBER='1' AIRFLOW_CTX_DAG_RUN_ID='scheduled__2025-06-14T03:24:12.130199+00:00'
[2025-06-14T03:25:13.015+0000] {logging_mixin.py:151} INFO - ----------------------------
[2025-06-14T03:25:13.016+0000] {logging_mixin.py:151} INFO - 281
[2025-06-14T03:25:13.016+0000] {logging_mixin.py:151} INFO - ----------------------------
[2025-06-14T03:25:13.024+0000] {logging_mixin.py:151} INFO - [(42, 4, Decimal('408.31'), Decimal('15.66'), Decimal('255.765384')), (22, 1, Decimal('429.81'), Decimal('5.21'), Decimal('22.393101'))]
[2025-06-14T03:25:13.026+0000] {logging_mixin.py:151} INFO - [(166, 42, 4, Decimal('408.31'), Decimal('15.66'), Decimal('255.765384')), (166, 22, 1, Decimal('429.81'), Decimal('5.21'), Decimal('22.393101'))]
[2025-06-14T03:25:13.027+0000] {logging_mixin.py:151} INFO - Simulation completed successfully!
[2025-06-14T03:25:13.027+0000] {logging_mixin.py:151} INFO - 166
[2025-06-14T03:25:13.027+0000] {python.py:194} INFO - Done. Returned value was: 166
[2025-06-14T03:25:13.071+0000] {taskinstance.py:1398} INFO - Marking task as SUCCESS. dag_id=ecommerce_generate_order_process, task_id=generate_order_process, execution_date=20250614T032412, start_date=20250614T032512, end_date=20250614T032513
[2025-06-14T03:25:13.096+0000] {local_task_job_runner.py:228} INFO - Task exited with return code 0
[2025-06-14T03:25:13.129+0000] {taskinstance.py:2776} INFO - 1 downstream tasks scheduled from follow-on schedule check
