[2025-06-13T13:59:53.915+0000] {taskinstance.py:1157} INFO - Dependencies all met for dep_context=non-requeueable deps ti=<TaskInstance: ecommerce_generate_order_process.generate_order_process scheduled__2025-06-13T13:58:52.313134+00:00 [queued]>
[2025-06-13T13:59:53.921+0000] {taskinstance.py:1157} INFO - Dependencies all met for dep_context=requeueable deps ti=<TaskInstance: ecommerce_generate_order_process.generate_order_process scheduled__2025-06-13T13:58:52.313134+00:00 [queued]>
[2025-06-13T13:59:53.922+0000] {taskinstance.py:1359} INFO - Starting attempt 1 of 6
[2025-06-13T13:59:53.933+0000] {taskinstance.py:1380} INFO - Executing <Task(_PythonDecoratedOperator): generate_order_process> on 2025-06-13 13:58:52.313134+00:00
[2025-06-13T13:59:53.939+0000] {standard_task_runner.py:57} INFO - Started process 748 to run task
[2025-06-13T13:59:53.940+0000] {standard_task_runner.py:84} INFO - Running: ['***', 'tasks', 'run', 'ecommerce_generate_order_process', 'generate_order_process', 'scheduled__2025-06-13T13:58:52.313134+00:00', '--job-id', '48', '--raw', '--subdir', 'DAGS_FOLDER/generate_order_process.py', '--cfg-path', '/tmp/tmpngdo_t69']
[2025-06-13T13:59:53.943+0000] {standard_task_runner.py:85} INFO - Job 48: Subtask generate_order_process
[2025-06-13T13:59:53.994+0000] {task_command.py:415} INFO - Running <TaskInstance: ecommerce_generate_order_process.generate_order_process scheduled__2025-06-13T13:58:52.313134+00:00 [running]> on host f1d84043854e
[2025-06-13T13:59:54.087+0000] {taskinstance.py:1660} INFO - Exporting env vars: AIRFLOW_CTX_DAG_OWNER='***' AIRFLOW_CTX_DAG_ID='ecommerce_generate_order_process' AIRFLOW_CTX_TASK_ID='generate_order_process' AIRFLOW_CTX_EXECUTION_DATE='2025-06-13T13:58:52.313134+00:00' AIRFLOW_CTX_TRY_NUMBER='1' AIRFLOW_CTX_DAG_RUN_ID='scheduled__2025-06-13T13:58:52.313134+00:00'
[2025-06-13T13:59:54.100+0000] {logging_mixin.py:151} INFO - ----------------------------
[2025-06-13T13:59:54.101+0000] {logging_mixin.py:151} INFO - 13
[2025-06-13T13:59:54.101+0000] {logging_mixin.py:151} INFO - ----------------------------
[2025-06-13T13:59:54.107+0000] {logging_mixin.py:151} INFO - [(1, 6, Decimal('533.82'), Decimal('13.95'), Decimal('446.807340')), (16, 3, Decimal('509.15'), Decimal('3.74'), Decimal('57.126630')), (13, 1, Decimal('69.53'), Decimal('7.73'), Decimal('5.374669')), (15, 9, Decimal('838.83'), Decimal('0.77'), Decimal('58.130919')), (4, 9, Decimal('648.15'), Decimal('4.37'), Decimal('254.917395')), (3, 1, Decimal('273.38'), Decimal('11.49'), Decimal('31.411362')), (14, 1, Decimal('29.79'), Decimal('0.74'), Decimal('0.220446')), (19, 3, Decimal('498.18'), Decimal('5.11'), Decimal('76.370994'))]
[2025-06-13T13:59:54.108+0000] {logging_mixin.py:151} INFO - [(5, 1, 6, Decimal('533.82'), Decimal('13.95'), Decimal('446.807340')), (5, 16, 3, Decimal('509.15'), Decimal('3.74'), Decimal('57.126630')), (5, 13, 1, Decimal('69.53'), Decimal('7.73'), Decimal('5.374669')), (5, 15, 9, Decimal('838.83'), Decimal('0.77'), Decimal('58.130919')), (5, 4, 9, Decimal('648.15'), Decimal('4.37'), Decimal('254.917395')), (5, 3, 1, Decimal('273.38'), Decimal('11.49'), Decimal('31.411362')), (5, 14, 1, Decimal('29.79'), Decimal('0.74'), Decimal('0.220446')), (5, 19, 3, Decimal('498.18'), Decimal('5.11'), Decimal('76.370994'))]
[2025-06-13T13:59:54.109+0000] {logging_mixin.py:151} INFO - Simulation completed successfully!
[2025-06-13T13:59:54.109+0000] {logging_mixin.py:151} INFO - 5
[2025-06-13T13:59:54.110+0000] {python.py:194} INFO - Done. Returned value was: 5
[2025-06-13T13:59:54.142+0000] {taskinstance.py:1398} INFO - Marking task as SUCCESS. dag_id=ecommerce_generate_order_process, task_id=generate_order_process, execution_date=20250613T135852, start_date=20250613T135953, end_date=20250613T135954
[2025-06-13T13:59:54.193+0000] {local_task_job_runner.py:228} INFO - Task exited with return code 0
[2025-06-13T13:59:54.220+0000] {taskinstance.py:2776} INFO - 1 downstream tasks scheduled from follow-on schedule check
