[2025-06-14T04:05:13.388+0000] {taskinstance.py:1157} INFO - Dependencies all met for dep_context=non-requeueable deps ti=<TaskInstance: ecommerce_generate_order_process.generate_order_process scheduled__2025-06-14T04:04:12.130199+00:00 [queued]>
[2025-06-14T04:05:13.397+0000] {taskinstance.py:1157} INFO - Dependencies all met for dep_context=requeueable deps ti=<TaskInstance: ecommerce_generate_order_process.generate_order_process scheduled__2025-06-14T04:04:12.130199+00:00 [queued]>
[2025-06-14T04:05:13.397+0000] {taskinstance.py:1359} INFO - Starting attempt 1 of 6
[2025-06-14T04:05:13.409+0000] {taskinstance.py:1380} INFO - Executing <Task(_PythonDecoratedOperator): generate_order_process> on 2025-06-14 04:04:12.130199+00:00
[2025-06-14T04:05:13.414+0000] {standard_task_runner.py:57} INFO - Started process 12046 to run task
[2025-06-14T04:05:13.416+0000] {standard_task_runner.py:84} INFO - Running: ['***', 'tasks', 'run', 'ecommerce_generate_order_process', 'generate_order_process', 'scheduled__2025-06-14T04:04:12.130199+00:00', '--job-id', '1054', '--raw', '--subdir', 'DAGS_FOLDER/generate_order_process.py', '--cfg-path', '/tmp/tmpa85g7eay']
[2025-06-14T04:05:13.418+0000] {standard_task_runner.py:85} INFO - Job 1054: Subtask generate_order_process
[2025-06-14T04:05:13.470+0000] {task_command.py:415} INFO - Running <TaskInstance: ecommerce_generate_order_process.generate_order_process scheduled__2025-06-14T04:04:12.130199+00:00 [running]> on host 3498b866135e
[2025-06-14T04:05:13.557+0000] {taskinstance.py:1660} INFO - Exporting env vars: AIRFLOW_CTX_DAG_OWNER='***' AIRFLOW_CTX_DAG_ID='ecommerce_generate_order_process' AIRFLOW_CTX_TASK_ID='generate_order_process' AIRFLOW_CTX_EXECUTION_DATE='2025-06-14T04:04:12.130199+00:00' AIRFLOW_CTX_TRY_NUMBER='1' AIRFLOW_CTX_DAG_RUN_ID='scheduled__2025-06-14T04:04:12.130199+00:00'
[2025-06-14T04:05:13.570+0000] {logging_mixin.py:151} INFO - ----------------------------
[2025-06-14T04:05:13.570+0000] {logging_mixin.py:151} INFO - 340
[2025-06-14T04:05:13.570+0000] {logging_mixin.py:151} INFO - ----------------------------
[2025-06-14T04:05:13.576+0000] {logging_mixin.py:151} INFO - [(37, 7, Decimal('892.19'), Decimal('4.68'), Decimal('292.281444')), (29, 5, Decimal('201.03'), Decimal('16.88'), Decimal('169.669320')), (3, 7, Decimal('946.29'), Decimal('2.59'), Decimal('171.562377')), (35, 3, Decimal('512.37'), Decimal('5.78'), Decimal('88.844958')), (32, 8, Decimal('133.92'), Decimal('4.07'), Decimal('43.604352')), (31, 6, Decimal('878.54'), Decimal('16.74'), Decimal('882.405576'))]
[2025-06-14T04:05:13.577+0000] {logging_mixin.py:151} INFO - [(206, 37, 7, Decimal('892.19'), Decimal('4.68'), Decimal('292.281444')), (206, 29, 5, Decimal('201.03'), Decimal('16.88'), Decimal('169.669320')), (206, 3, 7, Decimal('946.29'), Decimal('2.59'), Decimal('171.562377')), (206, 35, 3, Decimal('512.37'), Decimal('5.78'), Decimal('88.844958')), (206, 32, 8, Decimal('133.92'), Decimal('4.07'), Decimal('43.604352')), (206, 31, 6, Decimal('878.54'), Decimal('16.74'), Decimal('882.405576'))]
[2025-06-14T04:05:13.578+0000] {logging_mixin.py:151} INFO - Simulation completed successfully!
[2025-06-14T04:05:13.579+0000] {logging_mixin.py:151} INFO - 206
[2025-06-14T04:05:13.579+0000] {python.py:194} INFO - Done. Returned value was: 206
[2025-06-14T04:05:13.608+0000] {taskinstance.py:1398} INFO - Marking task as SUCCESS. dag_id=ecommerce_generate_order_process, task_id=generate_order_process, execution_date=20250614T040412, start_date=20250614T040513, end_date=20250614T040513
[2025-06-14T04:05:13.628+0000] {local_task_job_runner.py:228} INFO - Task exited with return code 0
[2025-06-14T04:05:13.649+0000] {taskinstance.py:2776} INFO - 1 downstream tasks scheduled from follow-on schedule check
