[2025-06-14T01:58:12.421+0000] {taskinstance.py:1157} INFO - Dependencies all met for dep_context=non-requeueable deps ti=<TaskInstance: ecommerce_generate_order_process.generate_order_process scheduled__2025-06-14T01:57:11.775941+00:00 [queued]>
[2025-06-14T01:58:12.429+0000] {taskinstance.py:1157} INFO - Dependencies all met for dep_context=requeueable deps ti=<TaskInstance: ecommerce_generate_order_process.generate_order_process scheduled__2025-06-14T01:57:11.775941+00:00 [queued]>
[2025-06-14T01:58:12.429+0000] {taskinstance.py:1359} INFO - Starting attempt 1 of 6
[2025-06-14T01:58:12.441+0000] {taskinstance.py:1380} INFO - Executing <Task(_PythonDecoratedOperator): generate_order_process> on 2025-06-14 01:57:11.775941+00:00
[2025-06-14T01:58:12.446+0000] {standard_task_runner.py:57} INFO - Started process 820 to run task
[2025-06-14T01:58:12.448+0000] {standard_task_runner.py:84} INFO - Running: ['***', 'tasks', 'run', 'ecommerce_generate_order_process', 'generate_order_process', 'scheduled__2025-06-14T01:57:11.775941+00:00', '--job-id', '401', '--raw', '--subdir', 'DAGS_FOLDER/generate_order_process.py', '--cfg-path', '/tmp/tmpy_f94xiw']
[2025-06-14T01:58:12.450+0000] {standard_task_runner.py:85} INFO - Job 401: Subtask generate_order_process
[2025-06-14T01:58:12.505+0000] {task_command.py:415} INFO - Running <TaskInstance: ecommerce_generate_order_process.generate_order_process scheduled__2025-06-14T01:57:11.775941+00:00 [running]> on host 3498b866135e
[2025-06-14T01:58:12.606+0000] {taskinstance.py:1660} INFO - Exporting env vars: AIRFLOW_CTX_DAG_OWNER='***' AIRFLOW_CTX_DAG_ID='ecommerce_generate_order_process' AIRFLOW_CTX_TASK_ID='generate_order_process' AIRFLOW_CTX_EXECUTION_DATE='2025-06-14T01:57:11.775941+00:00' AIRFLOW_CTX_TRY_NUMBER='1' AIRFLOW_CTX_DAG_RUN_ID='scheduled__2025-06-14T01:57:11.775941+00:00'
[2025-06-14T01:58:12.622+0000] {logging_mixin.py:151} INFO - ----------------------------
[2025-06-14T01:58:12.622+0000] {logging_mixin.py:151} INFO - 40
[2025-06-14T01:58:12.622+0000] {logging_mixin.py:151} INFO - ----------------------------
[2025-06-14T01:58:12.630+0000] {logging_mixin.py:151} INFO - [(13, 4, Decimal('411.98'), Decimal('16.77'), Decimal('276.356184')), (12, 6, Decimal('255.15'), Decimal('19.41'), Decimal('297.147690')), (8, 1, Decimal('130.57'), Decimal('13.94'), Decimal('18.201458')), (22, 1, Decimal('429.81'), Decimal('5.21'), Decimal('22.393101')), (17, 1, Decimal('207.60'), Decimal('14.70'), Decimal('30.51720')), (14, 5, Decimal('657.33'), Decimal('0.13'), Decimal('4.272645')), (16, 7, Decimal('266.44'), Decimal('7.11'), Decimal('132.607188')), (11, 4, Decimal('668.03'), Decimal('3.23'), Decimal('86.309476'))]
[2025-06-14T01:58:12.632+0000] {logging_mixin.py:151} INFO - [(78, 13, 4, Decimal('411.98'), Decimal('16.77'), Decimal('276.356184')), (78, 12, 6, Decimal('255.15'), Decimal('19.41'), Decimal('297.147690')), (78, 8, 1, Decimal('130.57'), Decimal('13.94'), Decimal('18.201458')), (78, 22, 1, Decimal('429.81'), Decimal('5.21'), Decimal('22.393101')), (78, 17, 1, Decimal('207.60'), Decimal('14.70'), Decimal('30.51720')), (78, 14, 5, Decimal('657.33'), Decimal('0.13'), Decimal('4.272645')), (78, 16, 7, Decimal('266.44'), Decimal('7.11'), Decimal('132.607188')), (78, 11, 4, Decimal('668.03'), Decimal('3.23'), Decimal('86.309476'))]
[2025-06-14T01:58:12.633+0000] {logging_mixin.py:151} INFO - Simulation completed successfully!
[2025-06-14T01:58:12.633+0000] {logging_mixin.py:151} INFO - 78
[2025-06-14T01:58:12.633+0000] {python.py:194} INFO - Done. Returned value was: 78
[2025-06-14T01:58:12.668+0000] {taskinstance.py:1398} INFO - Marking task as SUCCESS. dag_id=ecommerce_generate_order_process, task_id=generate_order_process, execution_date=20250614T015711, start_date=20250614T015812, end_date=20250614T015812
[2025-06-14T01:58:12.700+0000] {local_task_job_runner.py:228} INFO - Task exited with return code 0
[2025-06-14T01:58:12.728+0000] {taskinstance.py:2776} INFO - 1 downstream tasks scheduled from follow-on schedule check
