[2025-06-14T04:26:13.196+0000] {taskinstance.py:1157} INFO - Dependencies all met for dep_context=non-requeueable deps ti=<TaskInstance: ecommerce_generate_order_process.generate_order_process scheduled__2025-06-14T04:25:12.130199+00:00 [queued]>
[2025-06-14T04:26:13.204+0000] {taskinstance.py:1157} INFO - Dependencies all met for dep_context=requeueable deps ti=<TaskInstance: ecommerce_generate_order_process.generate_order_process scheduled__2025-06-14T04:25:12.130199+00:00 [queued]>
[2025-06-14T04:26:13.205+0000] {taskinstance.py:1359} INFO - Starting attempt 1 of 6
[2025-06-14T04:26:13.216+0000] {taskinstance.py:1380} INFO - Executing <Task(_PythonDecoratedOperator): generate_order_process> on 2025-06-14 04:25:12.130199+00:00
[2025-06-14T04:26:13.221+0000] {standard_task_runner.py:57} INFO - Started process 13896 to run task
[2025-06-14T04:26:13.223+0000] {standard_task_runner.py:84} INFO - Running: ['***', 'tasks', 'run', 'ecommerce_generate_order_process', 'generate_order_process', 'scheduled__2025-06-14T04:25:12.130199+00:00', '--job-id', '1159', '--raw', '--subdir', 'DAGS_FOLDER/generate_order_process.py', '--cfg-path', '/tmp/tmpj_3nm3vm']
[2025-06-14T04:26:13.225+0000] {standard_task_runner.py:85} INFO - Job 1159: Subtask generate_order_process
[2025-06-14T04:26:13.281+0000] {task_command.py:415} INFO - Running <TaskInstance: ecommerce_generate_order_process.generate_order_process scheduled__2025-06-14T04:25:12.130199+00:00 [running]> on host 3498b866135e
[2025-06-14T04:26:13.380+0000] {taskinstance.py:1660} INFO - Exporting env vars: AIRFLOW_CTX_DAG_OWNER='***' AIRFLOW_CTX_DAG_ID='ecommerce_generate_order_process' AIRFLOW_CTX_TASK_ID='generate_order_process' AIRFLOW_CTX_EXECUTION_DATE='2025-06-14T04:25:12.130199+00:00' AIRFLOW_CTX_TRY_NUMBER='1' AIRFLOW_CTX_DAG_RUN_ID='scheduled__2025-06-14T04:25:12.130199+00:00'
[2025-06-14T04:26:13.394+0000] {logging_mixin.py:151} INFO - ----------------------------
[2025-06-14T04:26:13.394+0000] {logging_mixin.py:151} INFO - 165
[2025-06-14T04:26:13.394+0000] {logging_mixin.py:151} INFO - ----------------------------
[2025-06-14T04:26:13.400+0000] {logging_mixin.py:151} INFO - [(16, 7, Decimal('266.44'), Decimal('7.11'), Decimal('132.607188')), (45, 2, Decimal('602.50'), Decimal('19.00'), Decimal('228.9500')), (48, 4, Decimal('294.67'), Decimal('17.31'), Decimal('204.029508'))]
[2025-06-14T04:26:13.401+0000] {logging_mixin.py:151} INFO - [(227, 16, 7, Decimal('266.44'), Decimal('7.11'), Decimal('132.607188')), (227, 45, 2, Decimal('602.50'), Decimal('19.00'), Decimal('228.9500')), (227, 48, 4, Decimal('294.67'), Decimal('17.31'), Decimal('204.029508'))]
[2025-06-14T04:26:13.402+0000] {logging_mixin.py:151} INFO - Simulation completed successfully!
[2025-06-14T04:26:13.403+0000] {logging_mixin.py:151} INFO - 227
[2025-06-14T04:26:13.403+0000] {python.py:194} INFO - Done. Returned value was: 227
[2025-06-14T04:26:13.440+0000] {taskinstance.py:1398} INFO - Marking task as SUCCESS. dag_id=ecommerce_generate_order_process, task_id=generate_order_process, execution_date=20250614T042512, start_date=20250614T042613, end_date=20250614T042613
[2025-06-14T04:26:13.475+0000] {local_task_job_runner.py:228} INFO - Task exited with return code 0
[2025-06-14T04:26:13.504+0000] {taskinstance.py:2776} INFO - 1 downstream tasks scheduled from follow-on schedule check
