[2025-06-13T13:15:45.157+0000] {taskinstance.py:1157} INFO - Dependencies all met for dep_context=non-requeueable deps ti=<TaskInstance: ecommerce_generate_discount_and_campaign.generate_campaign scheduled__2025-06-01T00:00:00+00:00 [queued]>
[2025-06-13T13:15:45.230+0000] {taskinstance.py:1157} INFO - Dependencies all met for dep_context=requeueable deps ti=<TaskInstance: ecommerce_generate_discount_and_campaign.generate_campaign scheduled__2025-06-01T00:00:00+00:00 [queued]>
[2025-06-13T13:15:45.231+0000] {taskinstance.py:1359} INFO - Starting attempt 1 of 4
[2025-06-13T13:15:45.298+0000] {taskinstance.py:1380} INFO - Executing <Task(PythonOperator): generate_campaign> on 2025-06-01 00:00:00+00:00
[2025-06-13T13:15:45.335+0000] {standard_task_runner.py:57} INFO - Started process 247 to run task
[2025-06-13T13:15:45.352+0000] {standard_task_runner.py:84} INFO - Running: ['***', 'tasks', 'run', 'ecommerce_generate_discount_and_campaign', 'generate_campaign', 'scheduled__2025-06-01T00:00:00+00:00', '--job-id', '2', '--raw', '--subdir', 'DAGS_FOLDER/generate_discount_and_campaign.py', '--cfg-path', '/tmp/tmpuk6s7i1j']
[2025-06-13T13:15:45.367+0000] {standard_task_runner.py:85} INFO - Job 2: Subtask generate_campaign
[2025-06-13T13:15:45.745+0000] {task_command.py:415} INFO - Running <TaskInstance: ecommerce_generate_discount_and_campaign.generate_campaign scheduled__2025-06-01T00:00:00+00:00 [running]> on host 1505abd3baf2
[2025-06-13T13:15:46.250+0000] {taskinstance.py:1660} INFO - Exporting env vars: AIRFLOW_CTX_DAG_OWNER='***' AIRFLOW_CTX_DAG_ID='ecommerce_generate_discount_and_campaign' AIRFLOW_CTX_TASK_ID='generate_campaign' AIRFLOW_CTX_EXECUTION_DATE='2025-06-01T00:00:00+00:00' AIRFLOW_CTX_TRY_NUMBER='1' AIRFLOW_CTX_DAG_RUN_ID='scheduled__2025-06-01T00:00:00+00:00'
[2025-06-13T13:15:46.379+0000] {python.py:194} INFO - Done. Returned value was: None
[2025-06-13T13:15:46.478+0000] {taskinstance.py:1398} INFO - Marking task as SUCCESS. dag_id=ecommerce_generate_discount_and_campaign, task_id=generate_campaign, execution_date=20250601T000000, start_date=20250613T131545, end_date=20250613T131546
[2025-06-13T13:15:46.609+0000] {local_task_job_runner.py:228} INFO - Task exited with return code 0
[2025-06-13T13:15:46.906+0000] {taskinstance.py:2776} INFO - 1 downstream tasks scheduled from follow-on schedule check
[2025-06-13T13:19:00.652+0000] {taskinstance.py:1157} INFO - Dependencies all met for dep_context=non-requeueable deps ti=<TaskInstance: ecommerce_generate_discount_and_campaign.generate_campaign scheduled__2025-06-01T00:00:00+00:00 [queued]>
[2025-06-13T13:19:00.715+0000] {taskinstance.py:1157} INFO - Dependencies all met for dep_context=requeueable deps ti=<TaskInstance: ecommerce_generate_discount_and_campaign.generate_campaign scheduled__2025-06-01T00:00:00+00:00 [queued]>
[2025-06-13T13:19:00.717+0000] {taskinstance.py:1359} INFO - Starting attempt 1 of 4
[2025-06-13T13:19:00.899+0000] {taskinstance.py:1380} INFO - Executing <Task(PythonOperator): generate_campaign> on 2025-06-01 00:00:00+00:00
[2025-06-13T13:19:01.009+0000] {standard_task_runner.py:57} INFO - Started process 229 to run task
[2025-06-13T13:19:01.036+0000] {standard_task_runner.py:84} INFO - Running: ['***', 'tasks', 'run', 'ecommerce_generate_discount_and_campaign', 'generate_campaign', 'scheduled__2025-06-01T00:00:00+00:00', '--job-id', '2', '--raw', '--subdir', 'DAGS_FOLDER/generate_discount_and_campaign.py', '--cfg-path', '/tmp/tmplw16qyir']
[2025-06-13T13:19:01.056+0000] {standard_task_runner.py:85} INFO - Job 2: Subtask generate_campaign
[2025-06-13T13:19:01.352+0000] {task_command.py:415} INFO - Running <TaskInstance: ecommerce_generate_discount_and_campaign.generate_campaign scheduled__2025-06-01T00:00:00+00:00 [running]> on host ad52f0edf798
[2025-06-13T13:19:01.868+0000] {taskinstance.py:1660} INFO - Exporting env vars: AIRFLOW_CTX_DAG_OWNER='***' AIRFLOW_CTX_DAG_ID='ecommerce_generate_discount_and_campaign' AIRFLOW_CTX_TASK_ID='generate_campaign' AIRFLOW_CTX_EXECUTION_DATE='2025-06-01T00:00:00+00:00' AIRFLOW_CTX_TRY_NUMBER='1' AIRFLOW_CTX_DAG_RUN_ID='scheduled__2025-06-01T00:00:00+00:00'
[2025-06-13T13:19:01.988+0000] {python.py:194} INFO - Done. Returned value was: None
[2025-06-13T13:19:02.077+0000] {taskinstance.py:1398} INFO - Marking task as SUCCESS. dag_id=ecommerce_generate_discount_and_campaign, task_id=generate_campaign, execution_date=20250601T000000, start_date=20250613T131900, end_date=20250613T131902
[2025-06-13T13:19:02.169+0000] {local_task_job_runner.py:228} INFO - Task exited with return code 0
[2025-06-13T13:19:02.353+0000] {taskinstance.py:2776} INFO - 0 downstream tasks scheduled from follow-on schedule check
[2025-06-13T13:24:37.700+0000] {taskinstance.py:1157} INFO - Dependencies all met for dep_context=non-requeueable deps ti=<TaskInstance: ecommerce_generate_discount_and_campaign.generate_campaign scheduled__2025-06-01T00:00:00+00:00 [queued]>
[2025-06-13T13:24:37.778+0000] {taskinstance.py:1157} INFO - Dependencies all met for dep_context=requeueable deps ti=<TaskInstance: ecommerce_generate_discount_and_campaign.generate_campaign scheduled__2025-06-01T00:00:00+00:00 [queued]>
[2025-06-13T13:24:37.778+0000] {taskinstance.py:1359} INFO - Starting attempt 1 of 4
[2025-06-13T13:24:37.823+0000] {taskinstance.py:1380} INFO - Executing <Task(PythonOperator): generate_campaign> on 2025-06-01 00:00:00+00:00
[2025-06-13T13:24:37.849+0000] {standard_task_runner.py:57} INFO - Started process 223 to run task
[2025-06-13T13:24:37.861+0000] {standard_task_runner.py:84} INFO - Running: ['***', 'tasks', 'run', 'ecommerce_generate_discount_and_campaign', 'generate_campaign', 'scheduled__2025-06-01T00:00:00+00:00', '--job-id', '3', '--raw', '--subdir', 'DAGS_FOLDER/generate_discount_and_campaign.py', '--cfg-path', '/tmp/tmp39olyzvy']
[2025-06-13T13:24:37.865+0000] {standard_task_runner.py:85} INFO - Job 3: Subtask generate_campaign
[2025-06-13T13:24:38.222+0000] {task_command.py:415} INFO - Running <TaskInstance: ecommerce_generate_discount_and_campaign.generate_campaign scheduled__2025-06-01T00:00:00+00:00 [running]> on host 3ddb9b5ffd69
[2025-06-13T13:24:38.823+0000] {taskinstance.py:1660} INFO - Exporting env vars: AIRFLOW_CTX_DAG_OWNER='***' AIRFLOW_CTX_DAG_ID='ecommerce_generate_discount_and_campaign' AIRFLOW_CTX_TASK_ID='generate_campaign' AIRFLOW_CTX_EXECUTION_DATE='2025-06-01T00:00:00+00:00' AIRFLOW_CTX_TRY_NUMBER='1' AIRFLOW_CTX_DAG_RUN_ID='scheduled__2025-06-01T00:00:00+00:00'
[2025-06-13T13:24:38.870+0000] {python.py:194} INFO - Done. Returned value was: None
[2025-06-13T13:24:38.962+0000] {taskinstance.py:1398} INFO - Marking task as SUCCESS. dag_id=ecommerce_generate_discount_and_campaign, task_id=generate_campaign, execution_date=20250601T000000, start_date=20250613T132437, end_date=20250613T132438
[2025-06-13T13:24:39.097+0000] {local_task_job_runner.py:228} INFO - Task exited with return code 0
[2025-06-13T13:24:39.243+0000] {taskinstance.py:2776} INFO - 1 downstream tasks scheduled from follow-on schedule check
[2025-06-13T13:35:44.616+0000] {taskinstance.py:1157} INFO - Dependencies all met for dep_context=non-requeueable deps ti=<TaskInstance: ecommerce_generate_discount_and_campaign.generate_campaign scheduled__2025-06-01T00:00:00+00:00 [queued]>
[2025-06-13T13:35:44.648+0000] {taskinstance.py:1157} INFO - Dependencies all met for dep_context=requeueable deps ti=<TaskInstance: ecommerce_generate_discount_and_campaign.generate_campaign scheduled__2025-06-01T00:00:00+00:00 [queued]>
[2025-06-13T13:35:44.649+0000] {taskinstance.py:1359} INFO - Starting attempt 1 of 4
[2025-06-13T13:35:44.702+0000] {taskinstance.py:1380} INFO - Executing <Task(PythonOperator): generate_campaign> on 2025-06-01 00:00:00+00:00
[2025-06-13T13:35:44.716+0000] {standard_task_runner.py:57} INFO - Started process 225 to run task
[2025-06-13T13:35:44.726+0000] {standard_task_runner.py:84} INFO - Running: ['***', 'tasks', 'run', 'ecommerce_generate_discount_and_campaign', 'generate_campaign', 'scheduled__2025-06-01T00:00:00+00:00', '--job-id', '2', '--raw', '--subdir', 'DAGS_FOLDER/generate_discount_and_campaign.py', '--cfg-path', '/tmp/tmpbfhidqac']
[2025-06-13T13:35:44.738+0000] {standard_task_runner.py:85} INFO - Job 2: Subtask generate_campaign
[2025-06-13T13:35:45.005+0000] {task_command.py:415} INFO - Running <TaskInstance: ecommerce_generate_discount_and_campaign.generate_campaign scheduled__2025-06-01T00:00:00+00:00 [running]> on host 76a309d19f9c
[2025-06-13T13:35:45.346+0000] {taskinstance.py:1660} INFO - Exporting env vars: AIRFLOW_CTX_DAG_OWNER='***' AIRFLOW_CTX_DAG_ID='ecommerce_generate_discount_and_campaign' AIRFLOW_CTX_TASK_ID='generate_campaign' AIRFLOW_CTX_EXECUTION_DATE='2025-06-01T00:00:00+00:00' AIRFLOW_CTX_TRY_NUMBER='1' AIRFLOW_CTX_DAG_RUN_ID='scheduled__2025-06-01T00:00:00+00:00'
[2025-06-13T13:35:45.386+0000] {python.py:194} INFO - Done. Returned value was: None
[2025-06-13T13:35:45.456+0000] {taskinstance.py:1398} INFO - Marking task as SUCCESS. dag_id=ecommerce_generate_discount_and_campaign, task_id=generate_campaign, execution_date=20250601T000000, start_date=20250613T133544, end_date=20250613T133545
[2025-06-13T13:35:45.552+0000] {local_task_job_runner.py:228} INFO - Task exited with return code 0
[2025-06-13T13:35:45.760+0000] {taskinstance.py:2776} INFO - 1 downstream tasks scheduled from follow-on schedule check
[2025-06-13T13:41:48.339+0000] {taskinstance.py:1157} INFO - Dependencies all met for dep_context=non-requeueable deps ti=<TaskInstance: ecommerce_generate_discount_and_campaign.generate_campaign scheduled__2025-06-01T00:00:00+00:00 [queued]>
[2025-06-13T13:41:48.373+0000] {taskinstance.py:1157} INFO - Dependencies all met for dep_context=requeueable deps ti=<TaskInstance: ecommerce_generate_discount_and_campaign.generate_campaign scheduled__2025-06-01T00:00:00+00:00 [queued]>
[2025-06-13T13:41:48.374+0000] {taskinstance.py:1359} INFO - Starting attempt 1 of 4
[2025-06-13T13:41:48.438+0000] {taskinstance.py:1380} INFO - Executing <Task(PythonOperator): generate_campaign> on 2025-06-01 00:00:00+00:00
[2025-06-13T13:41:48.451+0000] {standard_task_runner.py:57} INFO - Started process 223 to run task
[2025-06-13T13:41:48.466+0000] {standard_task_runner.py:84} INFO - Running: ['***', 'tasks', 'run', 'ecommerce_generate_discount_and_campaign', 'generate_campaign', 'scheduled__2025-06-01T00:00:00+00:00', '--job-id', '2', '--raw', '--subdir', 'DAGS_FOLDER/generate_discount_and_campaign.py', '--cfg-path', '/tmp/tmpi7hxeaa1']
[2025-06-13T13:41:48.477+0000] {standard_task_runner.py:85} INFO - Job 2: Subtask generate_campaign
[2025-06-13T13:41:48.739+0000] {task_command.py:415} INFO - Running <TaskInstance: ecommerce_generate_discount_and_campaign.generate_campaign scheduled__2025-06-01T00:00:00+00:00 [running]> on host 4821ab4d0de9
[2025-06-13T13:41:49.055+0000] {taskinstance.py:1660} INFO - Exporting env vars: AIRFLOW_CTX_DAG_OWNER='***' AIRFLOW_CTX_DAG_ID='ecommerce_generate_discount_and_campaign' AIRFLOW_CTX_TASK_ID='generate_campaign' AIRFLOW_CTX_EXECUTION_DATE='2025-06-01T00:00:00+00:00' AIRFLOW_CTX_TRY_NUMBER='1' AIRFLOW_CTX_DAG_RUN_ID='scheduled__2025-06-01T00:00:00+00:00'
[2025-06-13T13:41:49.090+0000] {python.py:194} INFO - Done. Returned value was: None
[2025-06-13T13:41:49.156+0000] {taskinstance.py:1398} INFO - Marking task as SUCCESS. dag_id=ecommerce_generate_discount_and_campaign, task_id=generate_campaign, execution_date=20250601T000000, start_date=20250613T134148, end_date=20250613T134149
[2025-06-13T13:41:49.257+0000] {local_task_job_runner.py:228} INFO - Task exited with return code 0
[2025-06-13T13:41:49.341+0000] {taskinstance.py:2776} INFO - 1 downstream tasks scheduled from follow-on schedule check
[2025-06-13T13:48:47.112+0000] {taskinstance.py:1157} INFO - Dependencies all met for dep_context=non-requeueable deps ti=<TaskInstance: ecommerce_generate_discount_and_campaign.generate_campaign scheduled__2025-06-01T00:00:00+00:00 [queued]>
[2025-06-13T13:48:47.143+0000] {taskinstance.py:1157} INFO - Dependencies all met for dep_context=requeueable deps ti=<TaskInstance: ecommerce_generate_discount_and_campaign.generate_campaign scheduled__2025-06-01T00:00:00+00:00 [queued]>
[2025-06-13T13:48:47.144+0000] {taskinstance.py:1359} INFO - Starting attempt 1 of 4
[2025-06-13T13:48:47.189+0000] {taskinstance.py:1380} INFO - Executing <Task(PythonOperator): generate_campaign> on 2025-06-01 00:00:00+00:00
[2025-06-13T13:48:47.219+0000] {standard_task_runner.py:57} INFO - Started process 223 to run task
[2025-06-13T13:48:47.224+0000] {standard_task_runner.py:84} INFO - Running: ['***', 'tasks', 'run', 'ecommerce_generate_discount_and_campaign', 'generate_campaign', 'scheduled__2025-06-01T00:00:00+00:00', '--job-id', '2', '--raw', '--subdir', 'DAGS_FOLDER/generate_discount_and_campaign.py', '--cfg-path', '/tmp/tmpw7jicg3k']
[2025-06-13T13:48:47.230+0000] {standard_task_runner.py:85} INFO - Job 2: Subtask generate_campaign
[2025-06-13T13:48:47.427+0000] {task_command.py:415} INFO - Running <TaskInstance: ecommerce_generate_discount_and_campaign.generate_campaign scheduled__2025-06-01T00:00:00+00:00 [running]> on host 9ee50315c50c
[2025-06-13T13:48:47.805+0000] {taskinstance.py:1660} INFO - Exporting env vars: AIRFLOW_CTX_DAG_OWNER='***' AIRFLOW_CTX_DAG_ID='ecommerce_generate_discount_and_campaign' AIRFLOW_CTX_TASK_ID='generate_campaign' AIRFLOW_CTX_EXECUTION_DATE='2025-06-01T00:00:00+00:00' AIRFLOW_CTX_TRY_NUMBER='1' AIRFLOW_CTX_DAG_RUN_ID='scheduled__2025-06-01T00:00:00+00:00'
[2025-06-13T13:48:47.873+0000] {python.py:194} INFO - Done. Returned value was: None
[2025-06-13T13:48:47.919+0000] {taskinstance.py:1398} INFO - Marking task as SUCCESS. dag_id=ecommerce_generate_discount_and_campaign, task_id=generate_campaign, execution_date=20250601T000000, start_date=20250613T134847, end_date=20250613T134847
[2025-06-13T13:48:47.994+0000] {local_task_job_runner.py:228} INFO - Task exited with return code 0
[2025-06-13T13:48:48.099+0000] {taskinstance.py:2776} INFO - 1 downstream tasks scheduled from follow-on schedule check
[2025-06-13T13:51:16.556+0000] {taskinstance.py:1157} INFO - Dependencies all met for dep_context=non-requeueable deps ti=<TaskInstance: ecommerce_generate_discount_and_campaign.generate_campaign scheduled__2025-06-01T00:00:00+00:00 [queued]>
[2025-06-13T13:51:16.578+0000] {taskinstance.py:1157} INFO - Dependencies all met for dep_context=requeueable deps ti=<TaskInstance: ecommerce_generate_discount_and_campaign.generate_campaign scheduled__2025-06-01T00:00:00+00:00 [queued]>
[2025-06-13T13:51:16.578+0000] {taskinstance.py:1359} INFO - Starting attempt 1 of 4
[2025-06-13T13:51:16.607+0000] {taskinstance.py:1380} INFO - Executing <Task(PythonOperator): generate_campaign> on 2025-06-01 00:00:00+00:00
[2025-06-13T13:51:16.635+0000] {standard_task_runner.py:57} INFO - Started process 224 to run task
[2025-06-13T13:51:16.642+0000] {standard_task_runner.py:84} INFO - Running: ['***', 'tasks', 'run', 'ecommerce_generate_discount_and_campaign', 'generate_campaign', 'scheduled__2025-06-01T00:00:00+00:00', '--job-id', '4', '--raw', '--subdir', 'DAGS_FOLDER/generate_discount_and_campaign.py', '--cfg-path', '/tmp/tmp89gvwny1']
[2025-06-13T13:51:16.646+0000] {standard_task_runner.py:85} INFO - Job 4: Subtask generate_campaign
[2025-06-13T13:51:16.993+0000] {task_command.py:415} INFO - Running <TaskInstance: ecommerce_generate_discount_and_campaign.generate_campaign scheduled__2025-06-01T00:00:00+00:00 [running]> on host 17d15dd20887
[2025-06-13T13:51:17.478+0000] {taskinstance.py:1660} INFO - Exporting env vars: AIRFLOW_CTX_DAG_OWNER='***' AIRFLOW_CTX_DAG_ID='ecommerce_generate_discount_and_campaign' AIRFLOW_CTX_TASK_ID='generate_campaign' AIRFLOW_CTX_EXECUTION_DATE='2025-06-01T00:00:00+00:00' AIRFLOW_CTX_TRY_NUMBER='1' AIRFLOW_CTX_DAG_RUN_ID='scheduled__2025-06-01T00:00:00+00:00'
[2025-06-13T13:51:17.617+0000] {python.py:194} INFO - Done. Returned value was: None
[2025-06-13T13:51:17.715+0000] {taskinstance.py:1398} INFO - Marking task as SUCCESS. dag_id=ecommerce_generate_discount_and_campaign, task_id=generate_campaign, execution_date=20250601T000000, start_date=20250613T135116, end_date=20250613T135117
[2025-06-13T13:51:17.849+0000] {local_task_job_runner.py:228} INFO - Task exited with return code 0
[2025-06-13T13:51:18.023+0000] {taskinstance.py:2776} INFO - 1 downstream tasks scheduled from follow-on schedule check
[2025-06-13T13:54:07.539+0000] {taskinstance.py:1157} INFO - Dependencies all met for dep_context=non-requeueable deps ti=<TaskInstance: ecommerce_generate_discount_and_campaign.generate_campaign scheduled__2025-06-01T00:00:00+00:00 [queued]>
[2025-06-13T13:54:07.699+0000] {taskinstance.py:1157} INFO - Dependencies all met for dep_context=requeueable deps ti=<TaskInstance: ecommerce_generate_discount_and_campaign.generate_campaign scheduled__2025-06-01T00:00:00+00:00 [queued]>
[2025-06-13T13:54:07.701+0000] {taskinstance.py:1359} INFO - Starting attempt 1 of 4
[2025-06-13T13:54:07.789+0000] {taskinstance.py:1380} INFO - Executing <Task(PythonOperator): generate_campaign> on 2025-06-01 00:00:00+00:00
[2025-06-13T13:54:07.807+0000] {standard_task_runner.py:57} INFO - Started process 224 to run task
[2025-06-13T13:54:07.820+0000] {standard_task_runner.py:84} INFO - Running: ['***', 'tasks', 'run', 'ecommerce_generate_discount_and_campaign', 'generate_campaign', 'scheduled__2025-06-01T00:00:00+00:00', '--job-id', '3', '--raw', '--subdir', 'DAGS_FOLDER/generate_discount_and_campaign.py', '--cfg-path', '/tmp/tmpbafpz5ub']
[2025-06-13T13:54:07.825+0000] {standard_task_runner.py:85} INFO - Job 3: Subtask generate_campaign
[2025-06-13T13:54:08.194+0000] {task_command.py:415} INFO - Running <TaskInstance: ecommerce_generate_discount_and_campaign.generate_campaign scheduled__2025-06-01T00:00:00+00:00 [running]> on host f1d84043854e
[2025-06-13T13:54:08.997+0000] {taskinstance.py:1660} INFO - Exporting env vars: AIRFLOW_CTX_DAG_OWNER='***' AIRFLOW_CTX_DAG_ID='ecommerce_generate_discount_and_campaign' AIRFLOW_CTX_TASK_ID='generate_campaign' AIRFLOW_CTX_EXECUTION_DATE='2025-06-01T00:00:00+00:00' AIRFLOW_CTX_TRY_NUMBER='1' AIRFLOW_CTX_DAG_RUN_ID='scheduled__2025-06-01T00:00:00+00:00'
[2025-06-13T13:54:09.063+0000] {python.py:194} INFO - Done. Returned value was: None
[2025-06-13T13:54:09.210+0000] {taskinstance.py:1398} INFO - Marking task as SUCCESS. dag_id=ecommerce_generate_discount_and_campaign, task_id=generate_campaign, execution_date=20250601T000000, start_date=20250613T135407, end_date=20250613T135409
[2025-06-13T13:54:09.288+0000] {local_task_job_runner.py:228} INFO - Task exited with return code 0
[2025-06-13T13:54:09.431+0000] {taskinstance.py:2776} INFO - 0 downstream tasks scheduled from follow-on schedule check
[2025-06-13T14:02:29.152+0000] {taskinstance.py:1157} INFO - Dependencies all met for dep_context=non-requeueable deps ti=<TaskInstance: ecommerce_generate_discount_and_campaign.generate_campaign scheduled__2025-06-01T00:00:00+00:00 [queued]>
[2025-06-13T14:02:29.215+0000] {taskinstance.py:1157} INFO - Dependencies all met for dep_context=requeueable deps ti=<TaskInstance: ecommerce_generate_discount_and_campaign.generate_campaign scheduled__2025-06-01T00:00:00+00:00 [queued]>
[2025-06-13T14:02:29.215+0000] {taskinstance.py:1359} INFO - Starting attempt 1 of 4
[2025-06-13T14:02:29.262+0000] {taskinstance.py:1380} INFO - Executing <Task(PythonOperator): generate_campaign> on 2025-06-01 00:00:00+00:00
[2025-06-13T14:02:29.289+0000] {standard_task_runner.py:57} INFO - Started process 223 to run task
[2025-06-13T14:02:29.298+0000] {standard_task_runner.py:84} INFO - Running: ['***', 'tasks', 'run', 'ecommerce_generate_discount_and_campaign', 'generate_campaign', 'scheduled__2025-06-01T00:00:00+00:00', '--job-id', '3', '--raw', '--subdir', 'DAGS_FOLDER/generate_discount_and_campaign.py', '--cfg-path', '/tmp/tmpp6zlldqm']
[2025-06-13T14:02:29.303+0000] {standard_task_runner.py:85} INFO - Job 3: Subtask generate_campaign
[2025-06-13T14:02:29.571+0000] {task_command.py:415} INFO - Running <TaskInstance: ecommerce_generate_discount_and_campaign.generate_campaign scheduled__2025-06-01T00:00:00+00:00 [running]> on host ecb9ce2a98b4
[2025-06-13T14:02:30.215+0000] {taskinstance.py:1660} INFO - Exporting env vars: AIRFLOW_CTX_DAG_OWNER='***' AIRFLOW_CTX_DAG_ID='ecommerce_generate_discount_and_campaign' AIRFLOW_CTX_TASK_ID='generate_campaign' AIRFLOW_CTX_EXECUTION_DATE='2025-06-01T00:00:00+00:00' AIRFLOW_CTX_TRY_NUMBER='1' AIRFLOW_CTX_DAG_RUN_ID='scheduled__2025-06-01T00:00:00+00:00'
[2025-06-13T14:02:30.331+0000] {python.py:194} INFO - Done. Returned value was: None
[2025-06-13T14:02:30.438+0000] {taskinstance.py:1398} INFO - Marking task as SUCCESS. dag_id=ecommerce_generate_discount_and_campaign, task_id=generate_campaign, execution_date=20250601T000000, start_date=20250613T140229, end_date=20250613T140230
[2025-06-13T14:02:30.641+0000] {local_task_job_runner.py:228} INFO - Task exited with return code 0
[2025-06-13T14:02:30.904+0000] {taskinstance.py:2776} INFO - 1 downstream tasks scheduled from follow-on schedule check
[2025-06-13T14:05:44.605+0000] {taskinstance.py:1157} INFO - Dependencies all met for dep_context=non-requeueable deps ti=<TaskInstance: ecommerce_generate_discount_and_campaign.generate_campaign scheduled__2025-06-01T00:00:00+00:00 [queued]>
[2025-06-13T14:05:44.623+0000] {taskinstance.py:1157} INFO - Dependencies all met for dep_context=requeueable deps ti=<TaskInstance: ecommerce_generate_discount_and_campaign.generate_campaign scheduled__2025-06-01T00:00:00+00:00 [queued]>
[2025-06-13T14:05:44.624+0000] {taskinstance.py:1359} INFO - Starting attempt 1 of 4
[2025-06-13T14:05:44.661+0000] {taskinstance.py:1380} INFO - Executing <Task(PythonOperator): generate_campaign> on 2025-06-01 00:00:00+00:00
[2025-06-13T14:05:44.680+0000] {standard_task_runner.py:57} INFO - Started process 223 to run task
[2025-06-13T14:05:44.699+0000] {standard_task_runner.py:84} INFO - Running: ['***', 'tasks', 'run', 'ecommerce_generate_discount_and_campaign', 'generate_campaign', 'scheduled__2025-06-01T00:00:00+00:00', '--job-id', '3', '--raw', '--subdir', 'DAGS_FOLDER/generate_discount_and_campaign.py', '--cfg-path', '/tmp/tmpdvdb8p6d']
[2025-06-13T14:05:44.703+0000] {standard_task_runner.py:85} INFO - Job 3: Subtask generate_campaign
[2025-06-13T14:05:44.956+0000] {task_command.py:415} INFO - Running <TaskInstance: ecommerce_generate_discount_and_campaign.generate_campaign scheduled__2025-06-01T00:00:00+00:00 [running]> on host a30c1c73f42f
[2025-06-13T14:05:45.394+0000] {taskinstance.py:1660} INFO - Exporting env vars: AIRFLOW_CTX_DAG_OWNER='***' AIRFLOW_CTX_DAG_ID='ecommerce_generate_discount_and_campaign' AIRFLOW_CTX_TASK_ID='generate_campaign' AIRFLOW_CTX_EXECUTION_DATE='2025-06-01T00:00:00+00:00' AIRFLOW_CTX_TRY_NUMBER='1' AIRFLOW_CTX_DAG_RUN_ID='scheduled__2025-06-01T00:00:00+00:00'
[2025-06-13T14:05:45.462+0000] {python.py:194} INFO - Done. Returned value was: None
[2025-06-13T14:05:45.530+0000] {taskinstance.py:1398} INFO - Marking task as SUCCESS. dag_id=ecommerce_generate_discount_and_campaign, task_id=generate_campaign, execution_date=20250601T000000, start_date=20250613T140544, end_date=20250613T140545
[2025-06-13T14:05:45.604+0000] {local_task_job_runner.py:228} INFO - Task exited with return code 0
[2025-06-13T14:05:45.696+0000] {taskinstance.py:2776} INFO - 1 downstream tasks scheduled from follow-on schedule check
[2025-06-13T14:08:44.619+0000] {taskinstance.py:1157} INFO - Dependencies all met for dep_context=non-requeueable deps ti=<TaskInstance: ecommerce_generate_discount_and_campaign.generate_campaign scheduled__2025-06-01T00:00:00+00:00 [queued]>
[2025-06-13T14:08:44.642+0000] {taskinstance.py:1157} INFO - Dependencies all met for dep_context=requeueable deps ti=<TaskInstance: ecommerce_generate_discount_and_campaign.generate_campaign scheduled__2025-06-01T00:00:00+00:00 [queued]>
[2025-06-13T14:08:44.643+0000] {taskinstance.py:1359} INFO - Starting attempt 1 of 4
[2025-06-13T14:08:44.688+0000] {taskinstance.py:1380} INFO - Executing <Task(PythonOperator): generate_campaign> on 2025-06-01 00:00:00+00:00
[2025-06-13T14:08:44.714+0000] {standard_task_runner.py:57} INFO - Started process 224 to run task
[2025-06-13T14:08:44.722+0000] {standard_task_runner.py:84} INFO - Running: ['***', 'tasks', 'run', 'ecommerce_generate_discount_and_campaign', 'generate_campaign', 'scheduled__2025-06-01T00:00:00+00:00', '--job-id', '2', '--raw', '--subdir', 'DAGS_FOLDER/generate_discount_and_campaign.py', '--cfg-path', '/tmp/tmppf0bz38r']
[2025-06-13T14:08:44.727+0000] {standard_task_runner.py:85} INFO - Job 2: Subtask generate_campaign
[2025-06-13T14:08:44.943+0000] {task_command.py:415} INFO - Running <TaskInstance: ecommerce_generate_discount_and_campaign.generate_campaign scheduled__2025-06-01T00:00:00+00:00 [running]> on host 3bda607c6347
[2025-06-13T14:08:45.345+0000] {taskinstance.py:1660} INFO - Exporting env vars: AIRFLOW_CTX_DAG_OWNER='***' AIRFLOW_CTX_DAG_ID='ecommerce_generate_discount_and_campaign' AIRFLOW_CTX_TASK_ID='generate_campaign' AIRFLOW_CTX_EXECUTION_DATE='2025-06-01T00:00:00+00:00' AIRFLOW_CTX_TRY_NUMBER='1' AIRFLOW_CTX_DAG_RUN_ID='scheduled__2025-06-01T00:00:00+00:00'
[2025-06-13T14:08:45.415+0000] {python.py:194} INFO - Done. Returned value was: None
[2025-06-13T14:08:45.463+0000] {taskinstance.py:1398} INFO - Marking task as SUCCESS. dag_id=ecommerce_generate_discount_and_campaign, task_id=generate_campaign, execution_date=20250601T000000, start_date=20250613T140844, end_date=20250613T140845
[2025-06-13T14:08:45.555+0000] {local_task_job_runner.py:228} INFO - Task exited with return code 0
[2025-06-13T14:08:45.625+0000] {taskinstance.py:2776} INFO - 1 downstream tasks scheduled from follow-on schedule check
[2025-06-13T15:50:50.937+0000] {taskinstance.py:1157} INFO - Dependencies all met for dep_context=non-requeueable deps ti=<TaskInstance: ecommerce_generate_discount_and_campaign.generate_campaign scheduled__2025-06-01T00:00:00+00:00 [queued]>
[2025-06-13T15:50:50.995+0000] {taskinstance.py:1157} INFO - Dependencies all met for dep_context=requeueable deps ti=<TaskInstance: ecommerce_generate_discount_and_campaign.generate_campaign scheduled__2025-06-01T00:00:00+00:00 [queued]>
[2025-06-13T15:50:50.996+0000] {taskinstance.py:1359} INFO - Starting attempt 1 of 4
[2025-06-13T15:50:51.088+0000] {taskinstance.py:1380} INFO - Executing <Task(PythonOperator): generate_campaign> on 2025-06-01 00:00:00+00:00
[2025-06-13T15:50:51.121+0000] {standard_task_runner.py:57} INFO - Started process 223 to run task
[2025-06-13T15:50:51.132+0000] {standard_task_runner.py:84} INFO - Running: ['***', 'tasks', 'run', 'ecommerce_generate_discount_and_campaign', 'generate_campaign', 'scheduled__2025-06-01T00:00:00+00:00', '--job-id', '2', '--raw', '--subdir', 'DAGS_FOLDER/generate_discount_and_campaign.py', '--cfg-path', '/tmp/tmp61ejn32o']
[2025-06-13T15:50:51.136+0000] {standard_task_runner.py:85} INFO - Job 2: Subtask generate_campaign
[2025-06-13T15:50:51.567+0000] {task_command.py:415} INFO - Running <TaskInstance: ecommerce_generate_discount_and_campaign.generate_campaign scheduled__2025-06-01T00:00:00+00:00 [running]> on host 3498b866135e
[2025-06-13T15:50:52.039+0000] {taskinstance.py:1660} INFO - Exporting env vars: AIRFLOW_CTX_DAG_OWNER='***' AIRFLOW_CTX_DAG_ID='ecommerce_generate_discount_and_campaign' AIRFLOW_CTX_TASK_ID='generate_campaign' AIRFLOW_CTX_EXECUTION_DATE='2025-06-01T00:00:00+00:00' AIRFLOW_CTX_TRY_NUMBER='1' AIRFLOW_CTX_DAG_RUN_ID='scheduled__2025-06-01T00:00:00+00:00'
[2025-06-13T15:50:52.138+0000] {python.py:194} INFO - Done. Returned value was: None
[2025-06-13T15:50:52.224+0000] {taskinstance.py:1398} INFO - Marking task as SUCCESS. dag_id=ecommerce_generate_discount_and_campaign, task_id=generate_campaign, execution_date=20250601T000000, start_date=20250613T155050, end_date=20250613T155052
[2025-06-13T15:50:52.309+0000] {local_task_job_runner.py:228} INFO - Task exited with return code 0
[2025-06-13T15:50:52.387+0000] {taskinstance.py:2776} INFO - 1 downstream tasks scheduled from follow-on schedule check
