[2025-06-13T16:45:33.606+0000] {taskinstance.py:1157} INFO - Dependencies all met for dep_context=non-requeueable deps ti=<TaskInstance: ecommerce_generate_order_process.generate_order_process scheduled__2025-06-13T16:44:31.706122+00:00 [queued]>
[2025-06-13T16:45:33.622+0000] {taskinstance.py:1157} INFO - Dependencies all met for dep_context=requeueable deps ti=<TaskInstance: ecommerce_generate_order_process.generate_order_process scheduled__2025-06-13T16:44:31.706122+00:00 [queued]>
[2025-06-13T16:45:33.623+0000] {taskinstance.py:1359} INFO - Starting attempt 1 of 6
[2025-06-13T16:45:33.645+0000] {taskinstance.py:1380} INFO - Executing <Task(_PythonDecoratedOperator): generate_order_process> on 2025-06-13 16:44:31.706122+00:00
[2025-06-13T16:45:33.653+0000] {standard_task_runner.py:57} INFO - Started process 5051 to run task
[2025-06-13T16:45:33.658+0000] {standard_task_runner.py:84} INFO - Running: ['***', 'tasks', 'run', 'ecommerce_generate_order_process', 'generate_order_process', 'scheduled__2025-06-13T16:44:31.706122+00:00', '--job-id', '300', '--raw', '--subdir', 'DAGS_FOLDER/generate_order_process.py', '--cfg-path', '/tmp/tmptiuipane']
[2025-06-13T16:45:33.662+0000] {standard_task_runner.py:85} INFO - Job 300: Subtask generate_order_process
[2025-06-13T16:45:33.778+0000] {task_command.py:415} INFO - Running <TaskInstance: ecommerce_generate_order_process.generate_order_process scheduled__2025-06-13T16:44:31.706122+00:00 [running]> on host 3498b866135e
[2025-06-13T16:45:34.052+0000] {taskinstance.py:1660} INFO - Exporting env vars: AIRFLOW_CTX_DAG_OWNER='***' AIRFLOW_CTX_DAG_ID='ecommerce_generate_order_process' AIRFLOW_CTX_TASK_ID='generate_order_process' AIRFLOW_CTX_EXECUTION_DATE='2025-06-13T16:44:31.706122+00:00' AIRFLOW_CTX_TRY_NUMBER='1' AIRFLOW_CTX_DAG_RUN_ID='scheduled__2025-06-13T16:44:31.706122+00:00'
[2025-06-13T16:45:34.099+0000] {logging_mixin.py:151} INFO - ----------------------------
[2025-06-13T16:45:34.100+0000] {logging_mixin.py:151} INFO - 33
[2025-06-13T16:45:34.101+0000] {logging_mixin.py:151} INFO - ----------------------------
[2025-06-13T16:45:34.126+0000] {logging_mixin.py:151} INFO - [(5, 8, Decimal('699.65'), Decimal('8.21'), Decimal('459.530120')), (17, 1, Decimal('207.60'), Decimal('14.70'), Decimal('30.51720')), (16, 7, Decimal('266.44'), Decimal('7.11'), Decimal('132.607188')), (13, 4, Decimal('411.98'), Decimal('16.77'), Decimal('276.356184')), (9, 4, Decimal('724.69'), Decimal('11.61'), Decimal('336.546036'))]
[2025-06-13T16:45:34.133+0000] {logging_mixin.py:151} INFO - [(58, 5, 8, Decimal('699.65'), Decimal('8.21'), Decimal('459.530120')), (58, 17, 1, Decimal('207.60'), Decimal('14.70'), Decimal('30.51720')), (58, 16, 7, Decimal('266.44'), Decimal('7.11'), Decimal('132.607188')), (58, 13, 4, Decimal('411.98'), Decimal('16.77'), Decimal('276.356184')), (58, 9, 4, Decimal('724.69'), Decimal('11.61'), Decimal('336.546036'))]
[2025-06-13T16:45:34.135+0000] {logging_mixin.py:151} INFO - Simulation completed successfully!
[2025-06-13T16:45:34.136+0000] {logging_mixin.py:151} INFO - 58
[2025-06-13T16:45:34.136+0000] {python.py:194} INFO - Done. Returned value was: 58
[2025-06-13T16:45:34.283+0000] {taskinstance.py:1398} INFO - Marking task as SUCCESS. dag_id=ecommerce_generate_order_process, task_id=generate_order_process, execution_date=20250613T164431, start_date=20250613T164533, end_date=20250613T164534
[2025-06-13T16:45:34.392+0000] {local_task_job_runner.py:228} INFO - Task exited with return code 0
[2025-06-13T16:45:34.452+0000] {taskinstance.py:2776} INFO - 1 downstream tasks scheduled from follow-on schedule check
