[2025-06-14T03:34:13.020+0000] {taskinstance.py:1157} INFO - Dependencies all met for dep_context=non-requeueable deps ti=<TaskInstance: ecommerce_generate_order_process.generate_order_process scheduled__2025-06-14T03:33:12.130199+00:00 [queued]>
[2025-06-14T03:34:13.026+0000] {taskinstance.py:1157} INFO - Dependencies all met for dep_context=requeueable deps ti=<TaskInstance: ecommerce_generate_order_process.generate_order_process scheduled__2025-06-14T03:33:12.130199+00:00 [queued]>
[2025-06-14T03:34:13.027+0000] {taskinstance.py:1359} INFO - Starting attempt 1 of 6
[2025-06-14T03:34:13.037+0000] {taskinstance.py:1380} INFO - Executing <Task(_PythonDecoratedOperator): generate_order_process> on 2025-06-14 03:33:12.130199+00:00
[2025-06-14T03:34:13.041+0000] {standard_task_runner.py:57} INFO - Started process 9296 to run task
[2025-06-14T03:34:13.043+0000] {standard_task_runner.py:84} INFO - Running: ['***', 'tasks', 'run', 'ecommerce_generate_order_process', 'generate_order_process', 'scheduled__2025-06-14T03:33:12.130199+00:00', '--job-id', '899', '--raw', '--subdir', 'DAGS_FOLDER/generate_order_process.py', '--cfg-path', '/tmp/tmpy7qb92w5']
[2025-06-14T03:34:13.045+0000] {standard_task_runner.py:85} INFO - Job 899: Subtask generate_order_process
[2025-06-14T03:34:13.094+0000] {task_command.py:415} INFO - Running <TaskInstance: ecommerce_generate_order_process.generate_order_process scheduled__2025-06-14T03:33:12.130199+00:00 [running]> on host 3498b866135e
[2025-06-14T03:34:13.179+0000] {taskinstance.py:1660} INFO - Exporting env vars: AIRFLOW_CTX_DAG_OWNER='***' AIRFLOW_CTX_DAG_ID='ecommerce_generate_order_process' AIRFLOW_CTX_TASK_ID='generate_order_process' AIRFLOW_CTX_EXECUTION_DATE='2025-06-14T03:33:12.130199+00:00' AIRFLOW_CTX_TRY_NUMBER='1' AIRFLOW_CTX_DAG_RUN_ID='scheduled__2025-06-14T03:33:12.130199+00:00'
[2025-06-14T03:34:13.190+0000] {logging_mixin.py:151} INFO - ----------------------------
[2025-06-14T03:34:13.191+0000] {logging_mixin.py:151} INFO - 226
[2025-06-14T03:34:13.191+0000] {logging_mixin.py:151} INFO - ----------------------------
[2025-06-14T03:34:13.196+0000] {logging_mixin.py:151} INFO - [(34, 5, Decimal('814.83'), Decimal('13.74'), Decimal('559.788210')), (49, 8, Decimal('42.29'), Decimal('1.49'), Decimal('5.040968')), (28, 7, Decimal('799.39'), Decimal('3.53'), Decimal('197.529269')), (24, 1, Decimal('387.14'), Decimal('4.66'), Decimal('18.040724'))]
[2025-06-14T03:34:13.197+0000] {logging_mixin.py:151} INFO - [(175, 34, 5, Decimal('814.83'), Decimal('13.74'), Decimal('559.788210')), (175, 49, 8, Decimal('42.29'), Decimal('1.49'), Decimal('5.040968')), (175, 28, 7, Decimal('799.39'), Decimal('3.53'), Decimal('197.529269')), (175, 24, 1, Decimal('387.14'), Decimal('4.66'), Decimal('18.040724'))]
[2025-06-14T03:34:13.198+0000] {logging_mixin.py:151} INFO - Simulation completed successfully!
[2025-06-14T03:34:13.198+0000] {logging_mixin.py:151} INFO - 175
[2025-06-14T03:34:13.198+0000] {python.py:194} INFO - Done. Returned value was: 175
[2025-06-14T03:34:13.226+0000] {taskinstance.py:1398} INFO - Marking task as SUCCESS. dag_id=ecommerce_generate_order_process, task_id=generate_order_process, execution_date=20250614T033312, start_date=20250614T033413, end_date=20250614T033413
[2025-06-14T03:34:13.255+0000] {local_task_job_runner.py:228} INFO - Task exited with return code 0
[2025-06-14T03:34:13.276+0000] {taskinstance.py:2776} INFO - 1 downstream tasks scheduled from follow-on schedule check
