[2025-06-14T03:59:13.055+0000] {taskinstance.py:1157} INFO - Dependencies all met for dep_context=non-requeueable deps ti=<TaskInstance: ecommerce_generate_order_process.generate_order_process scheduled__2025-06-14T03:58:12.130199+00:00 [queued]>
[2025-06-14T03:59:13.062+0000] {taskinstance.py:1157} INFO - Dependencies all met for dep_context=requeueable deps ti=<TaskInstance: ecommerce_generate_order_process.generate_order_process scheduled__2025-06-14T03:58:12.130199+00:00 [queued]>
[2025-06-14T03:59:13.062+0000] {taskinstance.py:1359} INFO - Starting attempt 1 of 6
[2025-06-14T03:59:13.074+0000] {taskinstance.py:1380} INFO - Executing <Task(_PythonDecoratedOperator): generate_order_process> on 2025-06-14 03:58:12.130199+00:00
[2025-06-14T03:59:13.079+0000] {standard_task_runner.py:57} INFO - Started process 11506 to run task
[2025-06-14T03:59:13.081+0000] {standard_task_runner.py:84} INFO - Running: ['***', 'tasks', 'run', 'ecommerce_generate_order_process', 'generate_order_process', 'scheduled__2025-06-14T03:58:12.130199+00:00', '--job-id', '1024', '--raw', '--subdir', 'DAGS_FOLDER/generate_order_process.py', '--cfg-path', '/tmp/tmpzf51tj9u']
[2025-06-14T03:59:13.083+0000] {standard_task_runner.py:85} INFO - Job 1024: Subtask generate_order_process
[2025-06-14T03:59:13.132+0000] {task_command.py:415} INFO - Running <TaskInstance: ecommerce_generate_order_process.generate_order_process scheduled__2025-06-14T03:58:12.130199+00:00 [running]> on host 3498b866135e
[2025-06-14T03:59:13.219+0000] {taskinstance.py:1660} INFO - Exporting env vars: AIRFLOW_CTX_DAG_OWNER='***' AIRFLOW_CTX_DAG_ID='ecommerce_generate_order_process' AIRFLOW_CTX_TASK_ID='generate_order_process' AIRFLOW_CTX_EXECUTION_DATE='2025-06-14T03:58:12.130199+00:00' AIRFLOW_CTX_TRY_NUMBER='1' AIRFLOW_CTX_DAG_RUN_ID='scheduled__2025-06-14T03:58:12.130199+00:00'
[2025-06-14T03:59:13.230+0000] {logging_mixin.py:151} INFO - ----------------------------
[2025-06-14T03:59:13.231+0000] {logging_mixin.py:151} INFO - 93
[2025-06-14T03:59:13.231+0000] {logging_mixin.py:151} INFO - ----------------------------
[2025-06-14T03:59:13.236+0000] {logging_mixin.py:151} INFO - [(3, 7, Decimal('946.29'), Decimal('2.59'), Decimal('171.562377')), (16, 7, Decimal('266.44'), Decimal('7.11'), Decimal('132.607188')), (19, 8, Decimal('665.31'), Decimal('4.02'), Decimal('213.963696')), (23, 1, Decimal('521.30'), Decimal('16.80'), Decimal('87.57840')), (28, 7, Decimal('799.39'), Decimal('3.53'), Decimal('197.529269'))]
[2025-06-14T03:59:13.238+0000] {logging_mixin.py:151} INFO - [(200, 3, 7, Decimal('946.29'), Decimal('2.59'), Decimal('171.562377')), (200, 16, 7, Decimal('266.44'), Decimal('7.11'), Decimal('132.607188')), (200, 19, 8, Decimal('665.31'), Decimal('4.02'), Decimal('213.963696')), (200, 23, 1, Decimal('521.30'), Decimal('16.80'), Decimal('87.57840')), (200, 28, 7, Decimal('799.39'), Decimal('3.53'), Decimal('197.529269'))]
[2025-06-14T03:59:13.238+0000] {logging_mixin.py:151} INFO - Simulation completed successfully!
[2025-06-14T03:59:13.239+0000] {logging_mixin.py:151} INFO - 200
[2025-06-14T03:59:13.239+0000] {python.py:194} INFO - Done. Returned value was: 200
[2025-06-14T03:59:13.269+0000] {taskinstance.py:1398} INFO - Marking task as SUCCESS. dag_id=ecommerce_generate_order_process, task_id=generate_order_process, execution_date=20250614T035812, start_date=20250614T035913, end_date=20250614T035913
[2025-06-14T03:59:13.293+0000] {local_task_job_runner.py:228} INFO - Task exited with return code 0
[2025-06-14T03:59:13.315+0000] {taskinstance.py:2776} INFO - 1 downstream tasks scheduled from follow-on schedule check
