[2025-06-14T02:03:13.364+0000] {taskinstance.py:1157} INFO - Dependencies all met for dep_context=non-requeueable deps ti=<TaskInstance: ecommerce_generate_order_process.generate_order_process scheduled__2025-06-14T02:02:11.775941+00:00 [queued]>
[2025-06-14T02:03:13.374+0000] {taskinstance.py:1157} INFO - Dependencies all met for dep_context=requeueable deps ti=<TaskInstance: ecommerce_generate_order_process.generate_order_process scheduled__2025-06-14T02:02:11.775941+00:00 [queued]>
[2025-06-14T02:03:13.374+0000] {taskinstance.py:1359} INFO - Starting attempt 1 of 6
[2025-06-14T02:03:13.390+0000] {taskinstance.py:1380} INFO - Executing <Task(_PythonDecoratedOperator): generate_order_process> on 2025-06-14 02:02:11.775941+00:00
[2025-06-14T02:03:13.396+0000] {standard_task_runner.py:57} INFO - Started process 1302 to run task
[2025-06-14T02:03:13.399+0000] {standard_task_runner.py:84} INFO - Running: ['***', 'tasks', 'run', 'ecommerce_generate_order_process', 'generate_order_process', 'scheduled__2025-06-14T02:02:11.775941+00:00', '--job-id', '442', '--raw', '--subdir', 'DAGS_FOLDER/generate_order_process.py', '--cfg-path', '/tmp/tmpnsjpf0yn']
[2025-06-14T02:03:13.402+0000] {standard_task_runner.py:85} INFO - Job 442: Subtask generate_order_process
[2025-06-14T02:03:13.474+0000] {task_command.py:415} INFO - Running <TaskInstance: ecommerce_generate_order_process.generate_order_process scheduled__2025-06-14T02:02:11.775941+00:00 [running]> on host 3498b866135e
[2025-06-14T02:03:13.598+0000] {taskinstance.py:1660} INFO - Exporting env vars: AIRFLOW_CTX_DAG_OWNER='***' AIRFLOW_CTX_DAG_ID='ecommerce_generate_order_process' AIRFLOW_CTX_TASK_ID='generate_order_process' AIRFLOW_CTX_EXECUTION_DATE='2025-06-14T02:02:11.775941+00:00' AIRFLOW_CTX_TRY_NUMBER='1' AIRFLOW_CTX_DAG_RUN_ID='scheduled__2025-06-14T02:02:11.775941+00:00'
[2025-06-14T02:03:13.615+0000] {logging_mixin.py:151} INFO - ----------------------------
[2025-06-14T02:03:13.616+0000] {logging_mixin.py:151} INFO - 94
[2025-06-14T02:03:13.616+0000] {logging_mixin.py:151} INFO - ----------------------------
[2025-06-14T02:03:13.623+0000] {logging_mixin.py:151} INFO - [(17, 1, Decimal('207.60'), Decimal('14.70'), Decimal('30.51720')), (18, 9, Decimal('697.86'), Decimal('6.91'), Decimal('433.999134'))]
[2025-06-14T02:03:13.625+0000] {logging_mixin.py:151} INFO - [(84, 17, 1, Decimal('207.60'), Decimal('14.70'), Decimal('30.51720')), (84, 18, 9, Decimal('697.86'), Decimal('6.91'), Decimal('433.999134'))]
[2025-06-14T02:03:13.625+0000] {logging_mixin.py:151} INFO - Simulation completed successfully!
[2025-06-14T02:03:13.625+0000] {logging_mixin.py:151} INFO - 84
[2025-06-14T02:03:13.626+0000] {python.py:194} INFO - Done. Returned value was: 84
[2025-06-14T02:03:13.675+0000] {taskinstance.py:1398} INFO - Marking task as SUCCESS. dag_id=ecommerce_generate_order_process, task_id=generate_order_process, execution_date=20250614T020211, start_date=20250614T020313, end_date=20250614T020313
[2025-06-14T02:03:13.731+0000] {local_task_job_runner.py:228} INFO - Task exited with return code 0
[2025-06-14T02:03:13.767+0000] {taskinstance.py:2776} INFO - 1 downstream tasks scheduled from follow-on schedule check
