[2025-06-13T13:15:45.828+0000] {taskinstance.py:1157} INFO - Dependencies all met for dep_context=non-requeueable deps ti=<TaskInstance: ecommerce_generate_brand.generate_brand scheduled__2025-06-01T00:00:00+00:00 [queued]>
[2025-06-13T13:15:45.943+0000] {taskinstance.py:1157} INFO - Dependencies all met for dep_context=requeueable deps ti=<TaskInstance: ecommerce_generate_brand.generate_brand scheduled__2025-06-01T00:00:00+00:00 [queued]>
[2025-06-13T13:15:45.944+0000] {taskinstance.py:1359} INFO - Starting attempt 1 of 4
[2025-06-13T13:15:46.027+0000] {taskinstance.py:1380} INFO - Executing <Task(PythonOperator): generate_brand> on 2025-06-01 00:00:00+00:00
[2025-06-13T13:15:46.050+0000] {standard_task_runner.py:57} INFO - Started process 252 to run task
[2025-06-13T13:15:46.061+0000] {standard_task_runner.py:84} INFO - Running: ['***', 'tasks', 'run', 'ecommerce_generate_brand', 'generate_brand', 'scheduled__2025-06-01T00:00:00+00:00', '--job-id', '8', '--raw', '--subdir', 'DAGS_FOLDER/generate_brand.py', '--cfg-path', '/tmp/tmp712jbzt7']
[2025-06-13T13:15:46.067+0000] {standard_task_runner.py:85} INFO - Job 8: Subtask generate_brand
[2025-06-13T13:15:46.578+0000] {task_command.py:415} INFO - Running <TaskInstance: ecommerce_generate_brand.generate_brand scheduled__2025-06-01T00:00:00+00:00 [running]> on host 1505abd3baf2
[2025-06-13T13:15:47.298+0000] {taskinstance.py:1660} INFO - Exporting env vars: AIRFLOW_CTX_DAG_OWNER='***' AIRFLOW_CTX_DAG_ID='ecommerce_generate_brand' AIRFLOW_CTX_TASK_ID='generate_brand' AIRFLOW_CTX_EXECUTION_DATE='2025-06-01T00:00:00+00:00' AIRFLOW_CTX_TRY_NUMBER='1' AIRFLOW_CTX_DAG_RUN_ID='scheduled__2025-06-01T00:00:00+00:00'
[2025-06-13T13:15:47.478+0000] {python.py:194} INFO - Done. Returned value was: None
[2025-06-13T13:15:47.559+0000] {taskinstance.py:1398} INFO - Marking task as SUCCESS. dag_id=ecommerce_generate_brand, task_id=generate_brand, execution_date=20250601T000000, start_date=20250613T131545, end_date=20250613T131547
[2025-06-13T13:15:47.646+0000] {local_task_job_runner.py:228} INFO - Task exited with return code 0
[2025-06-13T13:15:47.929+0000] {taskinstance.py:2776} INFO - 0 downstream tasks scheduled from follow-on schedule check
[2025-06-13T13:19:00.830+0000] {taskinstance.py:1157} INFO - Dependencies all met for dep_context=non-requeueable deps ti=<TaskInstance: ecommerce_generate_brand.generate_brand scheduled__2025-06-01T00:00:00+00:00 [queued]>
[2025-06-13T13:19:00.865+0000] {taskinstance.py:1157} INFO - Dependencies all met for dep_context=requeueable deps ti=<TaskInstance: ecommerce_generate_brand.generate_brand scheduled__2025-06-01T00:00:00+00:00 [queued]>
[2025-06-13T13:19:00.865+0000] {taskinstance.py:1359} INFO - Starting attempt 1 of 4
[2025-06-13T13:19:01.019+0000] {taskinstance.py:1380} INFO - Executing <Task(PythonOperator): generate_brand> on 2025-06-01 00:00:00+00:00
[2025-06-13T13:19:01.066+0000] {standard_task_runner.py:57} INFO - Started process 231 to run task
[2025-06-13T13:19:01.081+0000] {standard_task_runner.py:84} INFO - Running: ['***', 'tasks', 'run', 'ecommerce_generate_brand', 'generate_brand', 'scheduled__2025-06-01T00:00:00+00:00', '--job-id', '5', '--raw', '--subdir', 'DAGS_FOLDER/generate_brand.py', '--cfg-path', '/tmp/tmpytxyhksm']
[2025-06-13T13:19:01.095+0000] {standard_task_runner.py:85} INFO - Job 5: Subtask generate_brand
[2025-06-13T13:19:01.504+0000] {task_command.py:415} INFO - Running <TaskInstance: ecommerce_generate_brand.generate_brand scheduled__2025-06-01T00:00:00+00:00 [running]> on host ad52f0edf798
[2025-06-13T13:19:02.251+0000] {taskinstance.py:1660} INFO - Exporting env vars: AIRFLOW_CTX_DAG_OWNER='***' AIRFLOW_CTX_DAG_ID='ecommerce_generate_brand' AIRFLOW_CTX_TASK_ID='generate_brand' AIRFLOW_CTX_EXECUTION_DATE='2025-06-01T00:00:00+00:00' AIRFLOW_CTX_TRY_NUMBER='1' AIRFLOW_CTX_DAG_RUN_ID='scheduled__2025-06-01T00:00:00+00:00'
[2025-06-13T13:19:02.893+0000] {python.py:194} INFO - Done. Returned value was: None
[2025-06-13T13:19:02.950+0000] {taskinstance.py:1398} INFO - Marking task as SUCCESS. dag_id=ecommerce_generate_brand, task_id=generate_brand, execution_date=20250601T000000, start_date=20250613T131900, end_date=20250613T131902
[2025-06-13T13:19:03.032+0000] {local_task_job_runner.py:228} INFO - Task exited with return code 0
[2025-06-13T13:19:03.104+0000] {taskinstance.py:2776} INFO - 0 downstream tasks scheduled from follow-on schedule check
[2025-06-13T13:24:38.070+0000] {taskinstance.py:1157} INFO - Dependencies all met for dep_context=non-requeueable deps ti=<TaskInstance: ecommerce_generate_brand.generate_brand scheduled__2025-06-01T00:00:00+00:00 [queued]>
[2025-06-13T13:24:38.101+0000] {taskinstance.py:1157} INFO - Dependencies all met for dep_context=requeueable deps ti=<TaskInstance: ecommerce_generate_brand.generate_brand scheduled__2025-06-01T00:00:00+00:00 [queued]>
[2025-06-13T13:24:38.101+0000] {taskinstance.py:1359} INFO - Starting attempt 1 of 4
[2025-06-13T13:24:38.240+0000] {taskinstance.py:1380} INFO - Executing <Task(PythonOperator): generate_brand> on 2025-06-01 00:00:00+00:00
[2025-06-13T13:24:38.267+0000] {standard_task_runner.py:57} INFO - Started process 229 to run task
[2025-06-13T13:24:38.272+0000] {standard_task_runner.py:84} INFO - Running: ['***', 'tasks', 'run', 'ecommerce_generate_brand', 'generate_brand', 'scheduled__2025-06-01T00:00:00+00:00', '--job-id', '6', '--raw', '--subdir', 'DAGS_FOLDER/generate_brand.py', '--cfg-path', '/tmp/tmpi4kijtmc']
[2025-06-13T13:24:38.294+0000] {standard_task_runner.py:85} INFO - Job 6: Subtask generate_brand
[2025-06-13T13:24:38.676+0000] {task_command.py:415} INFO - Running <TaskInstance: ecommerce_generate_brand.generate_brand scheduled__2025-06-01T00:00:00+00:00 [running]> on host 3ddb9b5ffd69
[2025-06-13T13:24:39.251+0000] {taskinstance.py:1660} INFO - Exporting env vars: AIRFLOW_CTX_DAG_OWNER='***' AIRFLOW_CTX_DAG_ID='ecommerce_generate_brand' AIRFLOW_CTX_TASK_ID='generate_brand' AIRFLOW_CTX_EXECUTION_DATE='2025-06-01T00:00:00+00:00' AIRFLOW_CTX_TRY_NUMBER='1' AIRFLOW_CTX_DAG_RUN_ID='scheduled__2025-06-01T00:00:00+00:00'
[2025-06-13T13:24:39.433+0000] {python.py:194} INFO - Done. Returned value was: None
[2025-06-13T13:24:39.596+0000] {taskinstance.py:1398} INFO - Marking task as SUCCESS. dag_id=ecommerce_generate_brand, task_id=generate_brand, execution_date=20250601T000000, start_date=20250613T132438, end_date=20250613T132439
[2025-06-13T13:24:39.731+0000] {local_task_job_runner.py:228} INFO - Task exited with return code 0
[2025-06-13T13:24:39.961+0000] {taskinstance.py:2776} INFO - 0 downstream tasks scheduled from follow-on schedule check
[2025-06-13T13:35:44.866+0000] {taskinstance.py:1157} INFO - Dependencies all met for dep_context=non-requeueable deps ti=<TaskInstance: ecommerce_generate_brand.generate_brand scheduled__2025-06-01T00:00:00+00:00 [queued]>
[2025-06-13T13:35:44.910+0000] {taskinstance.py:1157} INFO - Dependencies all met for dep_context=requeueable deps ti=<TaskInstance: ecommerce_generate_brand.generate_brand scheduled__2025-06-01T00:00:00+00:00 [queued]>
[2025-06-13T13:35:44.910+0000] {taskinstance.py:1359} INFO - Starting attempt 1 of 4
[2025-06-13T13:35:44.974+0000] {taskinstance.py:1380} INFO - Executing <Task(PythonOperator): generate_brand> on 2025-06-01 00:00:00+00:00
[2025-06-13T13:35:44.989+0000] {standard_task_runner.py:57} INFO - Started process 230 to run task
[2025-06-13T13:35:45.009+0000] {standard_task_runner.py:84} INFO - Running: ['***', 'tasks', 'run', 'ecommerce_generate_brand', 'generate_brand', 'scheduled__2025-06-01T00:00:00+00:00', '--job-id', '8', '--raw', '--subdir', 'DAGS_FOLDER/generate_brand.py', '--cfg-path', '/tmp/tmpxwnsb6g_']
[2025-06-13T13:35:45.015+0000] {standard_task_runner.py:85} INFO - Job 8: Subtask generate_brand
[2025-06-13T13:35:45.200+0000] {task_command.py:415} INFO - Running <TaskInstance: ecommerce_generate_brand.generate_brand scheduled__2025-06-01T00:00:00+00:00 [running]> on host 76a309d19f9c
[2025-06-13T13:35:45.538+0000] {taskinstance.py:1660} INFO - Exporting env vars: AIRFLOW_CTX_DAG_OWNER='***' AIRFLOW_CTX_DAG_ID='ecommerce_generate_brand' AIRFLOW_CTX_TASK_ID='generate_brand' AIRFLOW_CTX_EXECUTION_DATE='2025-06-01T00:00:00+00:00' AIRFLOW_CTX_TRY_NUMBER='1' AIRFLOW_CTX_DAG_RUN_ID='scheduled__2025-06-01T00:00:00+00:00'
[2025-06-13T13:35:45.788+0000] {python.py:194} INFO - Done. Returned value was: None
[2025-06-13T13:35:45.871+0000] {taskinstance.py:1398} INFO - Marking task as SUCCESS. dag_id=ecommerce_generate_brand, task_id=generate_brand, execution_date=20250601T000000, start_date=20250613T133544, end_date=20250613T133545
[2025-06-13T13:35:46.004+0000] {local_task_job_runner.py:228} INFO - Task exited with return code 0
[2025-06-13T13:35:46.145+0000] {taskinstance.py:2776} INFO - 0 downstream tasks scheduled from follow-on schedule check
[2025-06-13T13:41:48.626+0000] {taskinstance.py:1157} INFO - Dependencies all met for dep_context=non-requeueable deps ti=<TaskInstance: ecommerce_generate_brand.generate_brand scheduled__2025-06-01T00:00:00+00:00 [queued]>
[2025-06-13T13:41:48.656+0000] {taskinstance.py:1157} INFO - Dependencies all met for dep_context=requeueable deps ti=<TaskInstance: ecommerce_generate_brand.generate_brand scheduled__2025-06-01T00:00:00+00:00 [queued]>
[2025-06-13T13:41:48.657+0000] {taskinstance.py:1359} INFO - Starting attempt 1 of 4
[2025-06-13T13:41:48.698+0000] {taskinstance.py:1380} INFO - Executing <Task(PythonOperator): generate_brand> on 2025-06-01 00:00:00+00:00
[2025-06-13T13:41:48.727+0000] {standard_task_runner.py:57} INFO - Started process 227 to run task
[2025-06-13T13:41:48.742+0000] {standard_task_runner.py:84} INFO - Running: ['***', 'tasks', 'run', 'ecommerce_generate_brand', 'generate_brand', 'scheduled__2025-06-01T00:00:00+00:00', '--job-id', '7', '--raw', '--subdir', 'DAGS_FOLDER/generate_brand.py', '--cfg-path', '/tmp/tmpd6ec19gw']
[2025-06-13T13:41:48.746+0000] {standard_task_runner.py:85} INFO - Job 7: Subtask generate_brand
[2025-06-13T13:41:48.952+0000] {task_command.py:415} INFO - Running <TaskInstance: ecommerce_generate_brand.generate_brand scheduled__2025-06-01T00:00:00+00:00 [running]> on host 4821ab4d0de9
[2025-06-13T13:41:49.286+0000] {taskinstance.py:1660} INFO - Exporting env vars: AIRFLOW_CTX_DAG_OWNER='***' AIRFLOW_CTX_DAG_ID='ecommerce_generate_brand' AIRFLOW_CTX_TASK_ID='generate_brand' AIRFLOW_CTX_EXECUTION_DATE='2025-06-01T00:00:00+00:00' AIRFLOW_CTX_TRY_NUMBER='1' AIRFLOW_CTX_DAG_RUN_ID='scheduled__2025-06-01T00:00:00+00:00'
[2025-06-13T13:41:49.445+0000] {python.py:194} INFO - Done. Returned value was: None
[2025-06-13T13:41:49.497+0000] {taskinstance.py:1398} INFO - Marking task as SUCCESS. dag_id=ecommerce_generate_brand, task_id=generate_brand, execution_date=20250601T000000, start_date=20250613T134148, end_date=20250613T134149
[2025-06-13T13:41:49.571+0000] {local_task_job_runner.py:228} INFO - Task exited with return code 0
[2025-06-13T13:41:49.652+0000] {taskinstance.py:2776} INFO - 0 downstream tasks scheduled from follow-on schedule check
[2025-06-13T13:48:47.370+0000] {taskinstance.py:1157} INFO - Dependencies all met for dep_context=non-requeueable deps ti=<TaskInstance: ecommerce_generate_brand.generate_brand scheduled__2025-06-01T00:00:00+00:00 [queued]>
[2025-06-13T13:48:47.392+0000] {taskinstance.py:1157} INFO - Dependencies all met for dep_context=requeueable deps ti=<TaskInstance: ecommerce_generate_brand.generate_brand scheduled__2025-06-01T00:00:00+00:00 [queued]>
[2025-06-13T13:48:47.392+0000] {taskinstance.py:1359} INFO - Starting attempt 1 of 4
[2025-06-13T13:48:47.423+0000] {taskinstance.py:1380} INFO - Executing <Task(PythonOperator): generate_brand> on 2025-06-01 00:00:00+00:00
[2025-06-13T13:48:47.438+0000] {standard_task_runner.py:57} INFO - Started process 225 to run task
[2025-06-13T13:48:47.447+0000] {standard_task_runner.py:84} INFO - Running: ['***', 'tasks', 'run', 'ecommerce_generate_brand', 'generate_brand', 'scheduled__2025-06-01T00:00:00+00:00', '--job-id', '5', '--raw', '--subdir', 'DAGS_FOLDER/generate_brand.py', '--cfg-path', '/tmp/tmplgclnr3a']
[2025-06-13T13:48:47.451+0000] {standard_task_runner.py:85} INFO - Job 5: Subtask generate_brand
[2025-06-13T13:48:47.747+0000] {task_command.py:415} INFO - Running <TaskInstance: ecommerce_generate_brand.generate_brand scheduled__2025-06-01T00:00:00+00:00 [running]> on host 9ee50315c50c
[2025-06-13T13:48:48.097+0000] {taskinstance.py:1660} INFO - Exporting env vars: AIRFLOW_CTX_DAG_OWNER='***' AIRFLOW_CTX_DAG_ID='ecommerce_generate_brand' AIRFLOW_CTX_TASK_ID='generate_brand' AIRFLOW_CTX_EXECUTION_DATE='2025-06-01T00:00:00+00:00' AIRFLOW_CTX_TRY_NUMBER='1' AIRFLOW_CTX_DAG_RUN_ID='scheduled__2025-06-01T00:00:00+00:00'
[2025-06-13T13:48:48.287+0000] {python.py:194} INFO - Done. Returned value was: None
[2025-06-13T13:48:48.331+0000] {taskinstance.py:1398} INFO - Marking task as SUCCESS. dag_id=ecommerce_generate_brand, task_id=generate_brand, execution_date=20250601T000000, start_date=20250613T134847, end_date=20250613T134848
[2025-06-13T13:48:48.414+0000] {local_task_job_runner.py:228} INFO - Task exited with return code 0
[2025-06-13T13:48:48.499+0000] {taskinstance.py:2776} INFO - 0 downstream tasks scheduled from follow-on schedule check
[2025-06-13T13:51:17.030+0000] {taskinstance.py:1157} INFO - Dependencies all met for dep_context=non-requeueable deps ti=<TaskInstance: ecommerce_generate_brand.generate_brand scheduled__2025-06-01T00:00:00+00:00 [queued]>
[2025-06-13T13:51:17.098+0000] {taskinstance.py:1157} INFO - Dependencies all met for dep_context=requeueable deps ti=<TaskInstance: ecommerce_generate_brand.generate_brand scheduled__2025-06-01T00:00:00+00:00 [queued]>
[2025-06-13T13:51:17.098+0000] {taskinstance.py:1359} INFO - Starting attempt 1 of 4
[2025-06-13T13:51:17.153+0000] {taskinstance.py:1380} INFO - Executing <Task(PythonOperator): generate_brand> on 2025-06-01 00:00:00+00:00
[2025-06-13T13:51:17.170+0000] {standard_task_runner.py:57} INFO - Started process 230 to run task
[2025-06-13T13:51:17.182+0000] {standard_task_runner.py:84} INFO - Running: ['***', 'tasks', 'run', 'ecommerce_generate_brand', 'generate_brand', 'scheduled__2025-06-01T00:00:00+00:00', '--job-id', '8', '--raw', '--subdir', 'DAGS_FOLDER/generate_brand.py', '--cfg-path', '/tmp/tmpnhg26sfg']
[2025-06-13T13:51:17.188+0000] {standard_task_runner.py:85} INFO - Job 8: Subtask generate_brand
[2025-06-13T13:51:17.513+0000] {task_command.py:415} INFO - Running <TaskInstance: ecommerce_generate_brand.generate_brand scheduled__2025-06-01T00:00:00+00:00 [running]> on host 17d15dd20887
[2025-06-13T13:51:18.085+0000] {taskinstance.py:1660} INFO - Exporting env vars: AIRFLOW_CTX_DAG_OWNER='***' AIRFLOW_CTX_DAG_ID='ecommerce_generate_brand' AIRFLOW_CTX_TASK_ID='generate_brand' AIRFLOW_CTX_EXECUTION_DATE='2025-06-01T00:00:00+00:00' AIRFLOW_CTX_TRY_NUMBER='1' AIRFLOW_CTX_DAG_RUN_ID='scheduled__2025-06-01T00:00:00+00:00'
[2025-06-13T13:51:18.355+0000] {python.py:194} INFO - Done. Returned value was: None
[2025-06-13T13:51:18.426+0000] {taskinstance.py:1398} INFO - Marking task as SUCCESS. dag_id=ecommerce_generate_brand, task_id=generate_brand, execution_date=20250601T000000, start_date=20250613T135117, end_date=20250613T135118
[2025-06-13T13:51:18.551+0000] {local_task_job_runner.py:228} INFO - Task exited with return code 0
[2025-06-13T13:51:18.729+0000] {taskinstance.py:2776} INFO - 0 downstream tasks scheduled from follow-on schedule check
[2025-06-13T13:54:08.143+0000] {taskinstance.py:1157} INFO - Dependencies all met for dep_context=non-requeueable deps ti=<TaskInstance: ecommerce_generate_brand.generate_brand scheduled__2025-06-01T00:00:00+00:00 [queued]>
[2025-06-13T13:54:08.181+0000] {taskinstance.py:1157} INFO - Dependencies all met for dep_context=requeueable deps ti=<TaskInstance: ecommerce_generate_brand.generate_brand scheduled__2025-06-01T00:00:00+00:00 [queued]>
[2025-06-13T13:54:08.181+0000] {taskinstance.py:1359} INFO - Starting attempt 1 of 4
[2025-06-13T13:54:08.270+0000] {taskinstance.py:1380} INFO - Executing <Task(PythonOperator): generate_brand> on 2025-06-01 00:00:00+00:00
[2025-06-13T13:54:08.296+0000] {standard_task_runner.py:57} INFO - Started process 230 to run task
[2025-06-13T13:54:08.304+0000] {standard_task_runner.py:84} INFO - Running: ['***', 'tasks', 'run', 'ecommerce_generate_brand', 'generate_brand', 'scheduled__2025-06-01T00:00:00+00:00', '--job-id', '8', '--raw', '--subdir', 'DAGS_FOLDER/generate_brand.py', '--cfg-path', '/tmp/tmp7ghn7ggs']
[2025-06-13T13:54:08.311+0000] {standard_task_runner.py:85} INFO - Job 8: Subtask generate_brand
[2025-06-13T13:54:08.670+0000] {task_command.py:415} INFO - Running <TaskInstance: ecommerce_generate_brand.generate_brand scheduled__2025-06-01T00:00:00+00:00 [running]> on host f1d84043854e
[2025-06-13T13:54:09.598+0000] {taskinstance.py:1660} INFO - Exporting env vars: AIRFLOW_CTX_DAG_OWNER='***' AIRFLOW_CTX_DAG_ID='ecommerce_generate_brand' AIRFLOW_CTX_TASK_ID='generate_brand' AIRFLOW_CTX_EXECUTION_DATE='2025-06-01T00:00:00+00:00' AIRFLOW_CTX_TRY_NUMBER='1' AIRFLOW_CTX_DAG_RUN_ID='scheduled__2025-06-01T00:00:00+00:00'
[2025-06-13T13:54:09.905+0000] {python.py:194} INFO - Done. Returned value was: None
[2025-06-13T13:54:09.982+0000] {taskinstance.py:1398} INFO - Marking task as SUCCESS. dag_id=ecommerce_generate_brand, task_id=generate_brand, execution_date=20250601T000000, start_date=20250613T135408, end_date=20250613T135409
[2025-06-13T13:54:10.127+0000] {local_task_job_runner.py:228} INFO - Task exited with return code 0
[2025-06-13T13:54:10.491+0000] {taskinstance.py:2776} INFO - 0 downstream tasks scheduled from follow-on schedule check
[2025-06-13T14:02:30.917+0000] {taskinstance.py:1157} INFO - Dependencies all met for dep_context=non-requeueable deps ti=<TaskInstance: ecommerce_generate_brand.generate_brand scheduled__2025-06-01T00:00:00+00:00 [queued]>
[2025-06-13T14:02:31.015+0000] {taskinstance.py:1157} INFO - Dependencies all met for dep_context=requeueable deps ti=<TaskInstance: ecommerce_generate_brand.generate_brand scheduled__2025-06-01T00:00:00+00:00 [queued]>
[2025-06-13T14:02:31.021+0000] {taskinstance.py:1359} INFO - Starting attempt 1 of 4
[2025-06-13T14:02:31.247+0000] {taskinstance.py:1380} INFO - Executing <Task(PythonOperator): generate_brand> on 2025-06-01 00:00:00+00:00
[2025-06-13T14:02:31.268+0000] {standard_task_runner.py:57} INFO - Started process 230 to run task
[2025-06-13T14:02:31.274+0000] {standard_task_runner.py:84} INFO - Running: ['***', 'tasks', 'run', 'ecommerce_generate_brand', 'generate_brand', 'scheduled__2025-06-01T00:00:00+00:00', '--job-id', '9', '--raw', '--subdir', 'DAGS_FOLDER/generate_brand.py', '--cfg-path', '/tmp/tmpdyksyxz8']
[2025-06-13T14:02:31.279+0000] {standard_task_runner.py:85} INFO - Job 9: Subtask generate_brand
[2025-06-13T14:02:31.677+0000] {task_command.py:415} INFO - Running <TaskInstance: ecommerce_generate_brand.generate_brand scheduled__2025-06-01T00:00:00+00:00 [running]> on host ecb9ce2a98b4
[2025-06-13T14:02:32.534+0000] {taskinstance.py:1660} INFO - Exporting env vars: AIRFLOW_CTX_DAG_OWNER='***' AIRFLOW_CTX_DAG_ID='ecommerce_generate_brand' AIRFLOW_CTX_TASK_ID='generate_brand' AIRFLOW_CTX_EXECUTION_DATE='2025-06-01T00:00:00+00:00' AIRFLOW_CTX_TRY_NUMBER='1' AIRFLOW_CTX_DAG_RUN_ID='scheduled__2025-06-01T00:00:00+00:00'
[2025-06-13T14:02:32.732+0000] {python.py:194} INFO - Done. Returned value was: None
[2025-06-13T14:02:32.773+0000] {taskinstance.py:1398} INFO - Marking task as SUCCESS. dag_id=ecommerce_generate_brand, task_id=generate_brand, execution_date=20250601T000000, start_date=20250613T140230, end_date=20250613T140232
[2025-06-13T14:02:32.867+0000] {local_task_job_runner.py:228} INFO - Task exited with return code 0
[2025-06-13T14:02:32.949+0000] {taskinstance.py:2776} INFO - 0 downstream tasks scheduled from follow-on schedule check
[2025-06-13T14:05:45.019+0000] {taskinstance.py:1157} INFO - Dependencies all met for dep_context=non-requeueable deps ti=<TaskInstance: ecommerce_generate_brand.generate_brand scheduled__2025-06-01T00:00:00+00:00 [queued]>
[2025-06-13T14:05:45.052+0000] {taskinstance.py:1157} INFO - Dependencies all met for dep_context=requeueable deps ti=<TaskInstance: ecommerce_generate_brand.generate_brand scheduled__2025-06-01T00:00:00+00:00 [queued]>
[2025-06-13T14:05:45.053+0000] {taskinstance.py:1359} INFO - Starting attempt 1 of 4
[2025-06-13T14:05:45.096+0000] {taskinstance.py:1380} INFO - Executing <Task(PythonOperator): generate_brand> on 2025-06-01 00:00:00+00:00
[2025-06-13T14:05:45.111+0000] {standard_task_runner.py:57} INFO - Started process 225 to run task
[2025-06-13T14:05:45.116+0000] {standard_task_runner.py:84} INFO - Running: ['***', 'tasks', 'run', 'ecommerce_generate_brand', 'generate_brand', 'scheduled__2025-06-01T00:00:00+00:00', '--job-id', '5', '--raw', '--subdir', 'DAGS_FOLDER/generate_brand.py', '--cfg-path', '/tmp/tmpf9xjm_wr']
[2025-06-13T14:05:45.120+0000] {standard_task_runner.py:85} INFO - Job 5: Subtask generate_brand
[2025-06-13T14:05:45.352+0000] {task_command.py:415} INFO - Running <TaskInstance: ecommerce_generate_brand.generate_brand scheduled__2025-06-01T00:00:00+00:00 [running]> on host a30c1c73f42f
[2025-06-13T14:05:45.756+0000] {taskinstance.py:1660} INFO - Exporting env vars: AIRFLOW_CTX_DAG_OWNER='***' AIRFLOW_CTX_DAG_ID='ecommerce_generate_brand' AIRFLOW_CTX_TASK_ID='generate_brand' AIRFLOW_CTX_EXECUTION_DATE='2025-06-01T00:00:00+00:00' AIRFLOW_CTX_TRY_NUMBER='1' AIRFLOW_CTX_DAG_RUN_ID='scheduled__2025-06-01T00:00:00+00:00'
[2025-06-13T14:05:46.134+0000] {python.py:194} INFO - Done. Returned value was: None
[2025-06-13T14:05:46.218+0000] {taskinstance.py:1398} INFO - Marking task as SUCCESS. dag_id=ecommerce_generate_brand, task_id=generate_brand, execution_date=20250601T000000, start_date=20250613T140545, end_date=20250613T140546
[2025-06-13T14:05:46.408+0000] {local_task_job_runner.py:228} INFO - Task exited with return code 0
[2025-06-13T14:05:46.570+0000] {taskinstance.py:2776} INFO - 0 downstream tasks scheduled from follow-on schedule check
[2025-06-13T14:08:44.795+0000] {taskinstance.py:1157} INFO - Dependencies all met for dep_context=non-requeueable deps ti=<TaskInstance: ecommerce_generate_brand.generate_brand scheduled__2025-06-01T00:00:00+00:00 [queued]>
[2025-06-13T14:08:44.824+0000] {taskinstance.py:1157} INFO - Dependencies all met for dep_context=requeueable deps ti=<TaskInstance: ecommerce_generate_brand.generate_brand scheduled__2025-06-01T00:00:00+00:00 [queued]>
[2025-06-13T14:08:44.825+0000] {taskinstance.py:1359} INFO - Starting attempt 1 of 4
[2025-06-13T14:08:44.874+0000] {taskinstance.py:1380} INFO - Executing <Task(PythonOperator): generate_brand> on 2025-06-01 00:00:00+00:00
[2025-06-13T14:08:44.892+0000] {standard_task_runner.py:57} INFO - Started process 227 to run task
[2025-06-13T14:08:44.905+0000] {standard_task_runner.py:84} INFO - Running: ['***', 'tasks', 'run', 'ecommerce_generate_brand', 'generate_brand', 'scheduled__2025-06-01T00:00:00+00:00', '--job-id', '5', '--raw', '--subdir', 'DAGS_FOLDER/generate_brand.py', '--cfg-path', '/tmp/tmp715uj5ks']
[2025-06-13T14:08:44.909+0000] {standard_task_runner.py:85} INFO - Job 5: Subtask generate_brand
[2025-06-13T14:08:45.117+0000] {task_command.py:415} INFO - Running <TaskInstance: ecommerce_generate_brand.generate_brand scheduled__2025-06-01T00:00:00+00:00 [running]> on host 3bda607c6347
[2025-06-13T14:08:45.475+0000] {taskinstance.py:1660} INFO - Exporting env vars: AIRFLOW_CTX_DAG_OWNER='***' AIRFLOW_CTX_DAG_ID='ecommerce_generate_brand' AIRFLOW_CTX_TASK_ID='generate_brand' AIRFLOW_CTX_EXECUTION_DATE='2025-06-01T00:00:00+00:00' AIRFLOW_CTX_TRY_NUMBER='1' AIRFLOW_CTX_DAG_RUN_ID='scheduled__2025-06-01T00:00:00+00:00'
[2025-06-13T14:08:45.602+0000] {python.py:194} INFO - Done. Returned value was: None
[2025-06-13T14:08:45.656+0000] {taskinstance.py:1398} INFO - Marking task as SUCCESS. dag_id=ecommerce_generate_brand, task_id=generate_brand, execution_date=20250601T000000, start_date=20250613T140844, end_date=20250613T140845
[2025-06-13T14:08:45.735+0000] {local_task_job_runner.py:228} INFO - Task exited with return code 0
[2025-06-13T14:08:45.829+0000] {taskinstance.py:2776} INFO - 0 downstream tasks scheduled from follow-on schedule check
[2025-06-13T15:50:52.966+0000] {taskinstance.py:1157} INFO - Dependencies all met for dep_context=non-requeueable deps ti=<TaskInstance: ecommerce_generate_brand.generate_brand scheduled__2025-06-01T00:00:00+00:00 [queued]>
[2025-06-13T15:50:53.061+0000] {taskinstance.py:1157} INFO - Dependencies all met for dep_context=requeueable deps ti=<TaskInstance: ecommerce_generate_brand.generate_brand scheduled__2025-06-01T00:00:00+00:00 [queued]>
[2025-06-13T15:50:53.062+0000] {taskinstance.py:1359} INFO - Starting attempt 1 of 4
[2025-06-13T15:50:53.242+0000] {taskinstance.py:1380} INFO - Executing <Task(PythonOperator): generate_brand> on 2025-06-01 00:00:00+00:00
[2025-06-13T15:50:53.391+0000] {standard_task_runner.py:84} INFO - Running: ['***', 'tasks', 'run', 'ecommerce_generate_brand', 'generate_brand', 'scheduled__2025-06-01T00:00:00+00:00', '--job-id', '9', '--raw', '--subdir', 'DAGS_FOLDER/generate_brand.py', '--cfg-path', '/tmp/tmp48bq4jfg']
[2025-06-13T15:50:53.396+0000] {standard_task_runner.py:85} INFO - Job 9: Subtask generate_brand
[2025-06-13T15:50:53.407+0000] {standard_task_runner.py:57} INFO - Started process 228 to run task
[2025-06-13T15:50:53.837+0000] {task_command.py:415} INFO - Running <TaskInstance: ecommerce_generate_brand.generate_brand scheduled__2025-06-01T00:00:00+00:00 [running]> on host 3498b866135e
[2025-06-13T15:50:54.324+0000] {taskinstance.py:1660} INFO - Exporting env vars: AIRFLOW_CTX_DAG_OWNER='***' AIRFLOW_CTX_DAG_ID='ecommerce_generate_brand' AIRFLOW_CTX_TASK_ID='generate_brand' AIRFLOW_CTX_EXECUTION_DATE='2025-06-01T00:00:00+00:00' AIRFLOW_CTX_TRY_NUMBER='1' AIRFLOW_CTX_DAG_RUN_ID='scheduled__2025-06-01T00:00:00+00:00'
[2025-06-13T15:50:54.668+0000] {python.py:194} INFO - Done. Returned value was: None
[2025-06-13T15:50:54.740+0000] {taskinstance.py:1398} INFO - Marking task as SUCCESS. dag_id=ecommerce_generate_brand, task_id=generate_brand, execution_date=20250601T000000, start_date=20250613T155052, end_date=20250613T155054
[2025-06-13T15:50:54.822+0000] {local_task_job_runner.py:228} INFO - Task exited with return code 0
[2025-06-13T15:50:54.997+0000] {taskinstance.py:2776} INFO - 0 downstream tasks scheduled from follow-on schedule check
