[2025-06-14T05:00:13.259+0000] {taskinstance.py:1157} INFO - Dependencies all met for dep_context=non-requeueable deps ti=<TaskInstance: ecommerce_generate_order_process.generate_order_process scheduled__2025-06-14T04:59:12.130199+00:00 [queued]>
[2025-06-14T05:00:13.266+0000] {taskinstance.py:1157} INFO - Dependencies all met for dep_context=requeueable deps ti=<TaskInstance: ecommerce_generate_order_process.generate_order_process scheduled__2025-06-14T04:59:12.130199+00:00 [queued]>
[2025-06-14T05:00:13.266+0000] {taskinstance.py:1359} INFO - Starting attempt 1 of 6
[2025-06-14T05:00:13.276+0000] {taskinstance.py:1380} INFO - Executing <Task(_PythonDecoratedOperator): generate_order_process> on 2025-06-14 04:59:12.130199+00:00
[2025-06-14T05:00:13.281+0000] {standard_task_runner.py:57} INFO - Started process 16916 to run task
[2025-06-14T05:00:13.283+0000] {standard_task_runner.py:84} INFO - Running: ['***', 'tasks', 'run', 'ecommerce_generate_order_process', 'generate_order_process', 'scheduled__2025-06-14T04:59:12.130199+00:00', '--job-id', '1329', '--raw', '--subdir', 'DAGS_FOLDER/generate_order_process.py', '--cfg-path', '/tmp/tmpkuletbh4']
[2025-06-14T05:00:13.284+0000] {standard_task_runner.py:85} INFO - Job 1329: Subtask generate_order_process
[2025-06-14T05:00:13.331+0000] {task_command.py:415} INFO - Running <TaskInstance: ecommerce_generate_order_process.generate_order_process scheduled__2025-06-14T04:59:12.130199+00:00 [running]> on host 3498b866135e
[2025-06-14T05:00:13.415+0000] {taskinstance.py:1660} INFO - Exporting env vars: AIRFLOW_CTX_DAG_OWNER='***' AIRFLOW_CTX_DAG_ID='ecommerce_generate_order_process' AIRFLOW_CTX_TASK_ID='generate_order_process' AIRFLOW_CTX_EXECUTION_DATE='2025-06-14T04:59:12.130199+00:00' AIRFLOW_CTX_TRY_NUMBER='1' AIRFLOW_CTX_DAG_RUN_ID='scheduled__2025-06-14T04:59:12.130199+00:00'
[2025-06-14T05:00:13.427+0000] {logging_mixin.py:151} INFO - ----------------------------
[2025-06-14T05:00:13.427+0000] {logging_mixin.py:151} INFO - 369
[2025-06-14T05:00:13.427+0000] {logging_mixin.py:151} INFO - ----------------------------
[2025-06-14T05:00:13.432+0000] {logging_mixin.py:151} INFO - [(40, 4, Decimal('700.78'), Decimal('16.51'), Decimal('462.795112'))]
[2025-06-14T05:00:13.433+0000] {logging_mixin.py:151} INFO - [(261, 40, 4, Decimal('700.78'), Decimal('16.51'), Decimal('462.795112'))]
[2025-06-14T05:00:13.434+0000] {logging_mixin.py:151} INFO - Simulation completed successfully!
[2025-06-14T05:00:13.434+0000] {logging_mixin.py:151} INFO - 261
[2025-06-14T05:00:13.435+0000] {python.py:194} INFO - Done. Returned value was: 261
[2025-06-14T05:00:13.462+0000] {taskinstance.py:1398} INFO - Marking task as SUCCESS. dag_id=ecommerce_generate_order_process, task_id=generate_order_process, execution_date=20250614T045912, start_date=20250614T050013, end_date=20250614T050013
[2025-06-14T05:00:13.494+0000] {local_task_job_runner.py:228} INFO - Task exited with return code 0
[2025-06-14T05:00:13.517+0000] {taskinstance.py:2776} INFO - 1 downstream tasks scheduled from follow-on schedule check
