[2025-06-14T03:03:12.661+0000] {taskinstance.py:1157} INFO - Dependencies all met for dep_context=non-requeueable deps ti=<TaskInstance: ecommerce_generate_order_process.generate_order_process scheduled__2025-06-14T03:02:12.033460+00:00 [queued]>
[2025-06-14T03:03:12.670+0000] {taskinstance.py:1157} INFO - Dependencies all met for dep_context=requeueable deps ti=<TaskInstance: ecommerce_generate_order_process.generate_order_process scheduled__2025-06-14T03:02:12.033460+00:00 [queued]>
[2025-06-14T03:03:12.670+0000] {taskinstance.py:1359} INFO - Starting attempt 1 of 6
[2025-06-14T03:03:12.683+0000] {taskinstance.py:1380} INFO - Executing <Task(_PythonDecoratedOperator): generate_order_process> on 2025-06-14 03:02:12.033460+00:00
[2025-06-14T03:03:12.688+0000] {standard_task_runner.py:57} INFO - Started process 6586 to run task
[2025-06-14T03:03:12.690+0000] {standard_task_runner.py:84} INFO - Running: ['***', 'tasks', 'run', 'ecommerce_generate_order_process', 'generate_order_process', 'scheduled__2025-06-14T03:02:12.033460+00:00', '--job-id', '744', '--raw', '--subdir', 'DAGS_FOLDER/generate_order_process.py', '--cfg-path', '/tmp/tmpmrrj0hzl']
[2025-06-14T03:03:12.692+0000] {standard_task_runner.py:85} INFO - Job 744: Subtask generate_order_process
[2025-06-14T03:03:12.750+0000] {task_command.py:415} INFO - Running <TaskInstance: ecommerce_generate_order_process.generate_order_process scheduled__2025-06-14T03:02:12.033460+00:00 [running]> on host 3498b866135e
[2025-06-14T03:03:12.866+0000] {taskinstance.py:1660} INFO - Exporting env vars: AIRFLOW_CTX_DAG_OWNER='***' AIRFLOW_CTX_DAG_ID='ecommerce_generate_order_process' AIRFLOW_CTX_TASK_ID='generate_order_process' AIRFLOW_CTX_EXECUTION_DATE='2025-06-14T03:02:12.033460+00:00' AIRFLOW_CTX_TRY_NUMBER='1' AIRFLOW_CTX_DAG_RUN_ID='scheduled__2025-06-14T03:02:12.033460+00:00'
[2025-06-14T03:03:12.881+0000] {logging_mixin.py:151} INFO - ----------------------------
[2025-06-14T03:03:12.881+0000] {logging_mixin.py:151} INFO - 66
[2025-06-14T03:03:12.882+0000] {logging_mixin.py:151} INFO - ----------------------------
[2025-06-14T03:03:12.888+0000] {logging_mixin.py:151} INFO - [(34, 5, Decimal('814.83'), Decimal('13.74'), Decimal('559.788210')), (4, 9, Decimal('38.75'), Decimal('2.09'), Decimal('7.288875'))]
[2025-06-14T03:03:12.890+0000] {logging_mixin.py:151} INFO - [(144, 34, 5, Decimal('814.83'), Decimal('13.74'), Decimal('559.788210')), (144, 4, 9, Decimal('38.75'), Decimal('2.09'), Decimal('7.288875'))]
[2025-06-14T03:03:12.891+0000] {logging_mixin.py:151} INFO - Simulation completed successfully!
[2025-06-14T03:03:12.891+0000] {logging_mixin.py:151} INFO - 144
[2025-06-14T03:03:12.891+0000] {python.py:194} INFO - Done. Returned value was: 144
[2025-06-14T03:03:12.927+0000] {taskinstance.py:1398} INFO - Marking task as SUCCESS. dag_id=ecommerce_generate_order_process, task_id=generate_order_process, execution_date=20250614T030212, start_date=20250614T030312, end_date=20250614T030312
[2025-06-14T03:03:12.982+0000] {local_task_job_runner.py:228} INFO - Task exited with return code 0
[2025-06-14T03:03:13.010+0000] {taskinstance.py:2776} INFO - 1 downstream tasks scheduled from follow-on schedule check
