[2025-06-14T05:01:12.623+0000] {taskinstance.py:1157} INFO - Dependencies all met for dep_context=non-requeueable deps ti=<TaskInstance: ecommerce_generate_order_process.generate_order_process scheduled__2025-06-14T05:00:12.130199+00:00 [queued]>
[2025-06-14T05:01:12.630+0000] {taskinstance.py:1157} INFO - Dependencies all met for dep_context=requeueable deps ti=<TaskInstance: ecommerce_generate_order_process.generate_order_process scheduled__2025-06-14T05:00:12.130199+00:00 [queued]>
[2025-06-14T05:01:12.630+0000] {taskinstance.py:1359} INFO - Starting attempt 1 of 6
[2025-06-14T05:01:12.644+0000] {taskinstance.py:1380} INFO - Executing <Task(_PythonDecoratedOperator): generate_order_process> on 2025-06-14 05:00:12.130199+00:00
[2025-06-14T05:01:12.650+0000] {standard_task_runner.py:57} INFO - Started process 17006 to run task
[2025-06-14T05:01:12.652+0000] {standard_task_runner.py:84} INFO - Running: ['***', 'tasks', 'run', 'ecommerce_generate_order_process', 'generate_order_process', 'scheduled__2025-06-14T05:00:12.130199+00:00', '--job-id', '1334', '--raw', '--subdir', 'DAGS_FOLDER/generate_order_process.py', '--cfg-path', '/tmp/tmpodpm6x53']
[2025-06-14T05:01:12.653+0000] {standard_task_runner.py:85} INFO - Job 1334: Subtask generate_order_process
[2025-06-14T05:01:12.716+0000] {task_command.py:415} INFO - Running <TaskInstance: ecommerce_generate_order_process.generate_order_process scheduled__2025-06-14T05:00:12.130199+00:00 [running]> on host 3498b866135e
[2025-06-14T05:01:12.818+0000] {taskinstance.py:1660} INFO - Exporting env vars: AIRFLOW_CTX_DAG_OWNER='***' AIRFLOW_CTX_DAG_ID='ecommerce_generate_order_process' AIRFLOW_CTX_TASK_ID='generate_order_process' AIRFLOW_CTX_EXECUTION_DATE='2025-06-14T05:00:12.130199+00:00' AIRFLOW_CTX_TRY_NUMBER='1' AIRFLOW_CTX_DAG_RUN_ID='scheduled__2025-06-14T05:00:12.130199+00:00'
[2025-06-14T05:01:12.832+0000] {logging_mixin.py:151} INFO - ----------------------------
[2025-06-14T05:01:12.832+0000] {logging_mixin.py:151} INFO - 422
[2025-06-14T05:01:12.833+0000] {logging_mixin.py:151} INFO - ----------------------------
[2025-06-14T05:01:12.838+0000] {logging_mixin.py:151} INFO - [(33, 9, Decimal('508.62'), Decimal('3.37'), Decimal('154.264446')), (49, 8, Decimal('42.29'), Decimal('1.49'), Decimal('5.040968')), (32, 8, Decimal('133.92'), Decimal('4.07'), Decimal('43.604352')), (44, 3, Decimal('20.44'), Decimal('5.09'), Decimal('3.121188')), (19, 8, Decimal('665.31'), Decimal('4.02'), Decimal('213.963696')), (20, 8, Decimal('841.06'), Decimal('11.60'), Decimal('780.50368')), (12, 6, Decimal('255.15'), Decimal('19.41'), Decimal('297.147690')), (25, 2, Decimal('34.67'), Decimal('5.72'), Decimal('3.966248')), (3, 7, Decimal('946.29'), Decimal('2.59'), Decimal('171.562377'))]
[2025-06-14T05:01:12.840+0000] {logging_mixin.py:151} INFO - [(262, 33, 9, Decimal('508.62'), Decimal('3.37'), Decimal('154.264446')), (262, 49, 8, Decimal('42.29'), Decimal('1.49'), Decimal('5.040968')), (262, 32, 8, Decimal('133.92'), Decimal('4.07'), Decimal('43.604352')), (262, 44, 3, Decimal('20.44'), Decimal('5.09'), Decimal('3.121188')), (262, 19, 8, Decimal('665.31'), Decimal('4.02'), Decimal('213.963696')), (262, 20, 8, Decimal('841.06'), Decimal('11.60'), Decimal('780.50368')), (262, 12, 6, Decimal('255.15'), Decimal('19.41'), Decimal('297.147690')), (262, 25, 2, Decimal('34.67'), Decimal('5.72'), Decimal('3.966248')), (262, 3, 7, Decimal('946.29'), Decimal('2.59'), Decimal('171.562377'))]
[2025-06-14T05:01:12.841+0000] {logging_mixin.py:151} INFO - Simulation completed successfully!
[2025-06-14T05:01:12.841+0000] {logging_mixin.py:151} INFO - 262
[2025-06-14T05:01:12.841+0000] {python.py:194} INFO - Done. Returned value was: 262
[2025-06-14T05:01:12.875+0000] {taskinstance.py:1398} INFO - Marking task as SUCCESS. dag_id=ecommerce_generate_order_process, task_id=generate_order_process, execution_date=20250614T050012, start_date=20250614T050112, end_date=20250614T050112
[2025-06-14T05:01:12.904+0000] {local_task_job_runner.py:228} INFO - Task exited with return code 0
[2025-06-14T05:01:12.929+0000] {taskinstance.py:2776} INFO - 1 downstream tasks scheduled from follow-on schedule check
