[2025-06-13T16:07:33.582+0000] {taskinstance.py:1157} INFO - Dependencies all met for dep_context=non-requeueable deps ti=<TaskInstance: ecommerce_generate_order_process.generate_order_process scheduled__2025-06-13T16:06:31.606904+00:00 [queued]>
[2025-06-13T16:07:33.595+0000] {taskinstance.py:1157} INFO - Dependencies all met for dep_context=requeueable deps ti=<TaskInstance: ecommerce_generate_order_process.generate_order_process scheduled__2025-06-13T16:06:31.606904+00:00 [queued]>
[2025-06-13T16:07:33.595+0000] {taskinstance.py:1359} INFO - Starting attempt 1 of 6
[2025-06-13T16:07:33.614+0000] {taskinstance.py:1380} INFO - Executing <Task(_PythonDecoratedOperator): generate_order_process> on 2025-06-13 16:06:31.606904+00:00
[2025-06-13T16:07:33.622+0000] {standard_task_runner.py:57} INFO - Started process 1671 to run task
[2025-06-13T16:07:33.626+0000] {standard_task_runner.py:84} INFO - Running: ['***', 'tasks', 'run', 'ecommerce_generate_order_process', 'generate_order_process', 'scheduled__2025-06-13T16:06:31.606904+00:00', '--job-id', '110', '--raw', '--subdir', 'DAGS_FOLDER/generate_order_process.py', '--cfg-path', '/tmp/tmpa_2cyofo']
[2025-06-13T16:07:33.629+0000] {standard_task_runner.py:85} INFO - Job 110: Subtask generate_order_process
[2025-06-13T16:07:33.727+0000] {task_command.py:415} INFO - Running <TaskInstance: ecommerce_generate_order_process.generate_order_process scheduled__2025-06-13T16:06:31.606904+00:00 [running]> on host 3498b866135e
[2025-06-13T16:07:33.900+0000] {taskinstance.py:1660} INFO - Exporting env vars: AIRFLOW_CTX_DAG_OWNER='***' AIRFLOW_CTX_DAG_ID='ecommerce_generate_order_process' AIRFLOW_CTX_TASK_ID='generate_order_process' AIRFLOW_CTX_EXECUTION_DATE='2025-06-13T16:06:31.606904+00:00' AIRFLOW_CTX_TRY_NUMBER='1' AIRFLOW_CTX_DAG_RUN_ID='scheduled__2025-06-13T16:06:31.606904+00:00'
[2025-06-13T16:07:33.924+0000] {logging_mixin.py:151} INFO - ----------------------------
[2025-06-13T16:07:33.925+0000] {logging_mixin.py:151} INFO - 23
[2025-06-13T16:07:33.925+0000] {logging_mixin.py:151} INFO - ----------------------------
[2025-06-13T16:07:33.941+0000] {logging_mixin.py:151} INFO - [(21, 4, Decimal('841.78'), Decimal('5.97'), Decimal('201.017064')), (2, 1, Decimal('925.46'), Decimal('2.62'), Decimal('24.247052')), (4, 9, Decimal('38.75'), Decimal('2.09'), Decimal('7.288875')), (6, 1, Decimal('721.46'), Decimal('1.60'), Decimal('11.54336')), (25, 2, Decimal('34.67'), Decimal('5.72'), Decimal('3.966248')), (22, 1, Decimal('429.81'), Decimal('5.21'), Decimal('22.393101')), (13, 4, Decimal('411.98'), Decimal('16.77'), Decimal('276.356184')), (12, 6, Decimal('255.15'), Decimal('19.41'), Decimal('297.147690'))]
[2025-06-13T16:07:33.950+0000] {logging_mixin.py:151} INFO - [(20, 21, 4, Decimal('841.78'), Decimal('5.97'), Decimal('201.017064')), (20, 2, 1, Decimal('925.46'), Decimal('2.62'), Decimal('24.247052')), (20, 4, 9, Decimal('38.75'), Decimal('2.09'), Decimal('7.288875')), (20, 6, 1, Decimal('721.46'), Decimal('1.60'), Decimal('11.54336')), (20, 25, 2, Decimal('34.67'), Decimal('5.72'), Decimal('3.966248')), (20, 22, 1, Decimal('429.81'), Decimal('5.21'), Decimal('22.393101')), (20, 13, 4, Decimal('411.98'), Decimal('16.77'), Decimal('276.356184')), (20, 12, 6, Decimal('255.15'), Decimal('19.41'), Decimal('297.147690'))]
[2025-06-13T16:07:33.952+0000] {logging_mixin.py:151} INFO - Simulation completed successfully!
[2025-06-13T16:07:33.952+0000] {logging_mixin.py:151} INFO - 20
[2025-06-13T16:07:33.953+0000] {python.py:194} INFO - Done. Returned value was: 20
[2025-06-13T16:07:34.069+0000] {taskinstance.py:1398} INFO - Marking task as SUCCESS. dag_id=ecommerce_generate_order_process, task_id=generate_order_process, execution_date=20250613T160631, start_date=20250613T160733, end_date=20250613T160734
[2025-06-13T16:07:34.159+0000] {local_task_job_runner.py:228} INFO - Task exited with return code 0
[2025-06-13T16:07:34.247+0000] {taskinstance.py:2776} INFO - 1 downstream tasks scheduled from follow-on schedule check
