[2025-06-14T03:42:13.423+0000] {taskinstance.py:1157} INFO - Dependencies all met for dep_context=non-requeueable deps ti=<TaskInstance: ecommerce_generate_order_process.generate_order_process scheduled__2025-06-14T03:41:12.130199+00:00 [queued]>
[2025-06-14T03:42:13.436+0000] {taskinstance.py:1157} INFO - Dependencies all met for dep_context=requeueable deps ti=<TaskInstance: ecommerce_generate_order_process.generate_order_process scheduled__2025-06-14T03:41:12.130199+00:00 [queued]>
[2025-06-14T03:42:13.436+0000] {taskinstance.py:1359} INFO - Starting attempt 1 of 6
[2025-06-14T03:42:13.458+0000] {taskinstance.py:1380} INFO - Executing <Task(_PythonDecoratedOperator): generate_order_process> on 2025-06-14 03:41:12.130199+00:00
[2025-06-14T03:42:13.464+0000] {standard_task_runner.py:57} INFO - Started process 10016 to run task
[2025-06-14T03:42:13.468+0000] {standard_task_runner.py:84} INFO - Running: ['***', 'tasks', 'run', 'ecommerce_generate_order_process', 'generate_order_process', 'scheduled__2025-06-14T03:41:12.130199+00:00', '--job-id', '939', '--raw', '--subdir', 'DAGS_FOLDER/generate_order_process.py', '--cfg-path', '/tmp/tmpbvjw60v3']
[2025-06-14T03:42:13.470+0000] {standard_task_runner.py:85} INFO - Job 939: Subtask generate_order_process
[2025-06-14T03:42:13.551+0000] {task_command.py:415} INFO - Running <TaskInstance: ecommerce_generate_order_process.generate_order_process scheduled__2025-06-14T03:41:12.130199+00:00 [running]> on host 3498b866135e
[2025-06-14T03:42:13.697+0000] {taskinstance.py:1660} INFO - Exporting env vars: AIRFLOW_CTX_DAG_OWNER='***' AIRFLOW_CTX_DAG_ID='ecommerce_generate_order_process' AIRFLOW_CTX_TASK_ID='generate_order_process' AIRFLOW_CTX_EXECUTION_DATE='2025-06-14T03:41:12.130199+00:00' AIRFLOW_CTX_TRY_NUMBER='1' AIRFLOW_CTX_DAG_RUN_ID='scheduled__2025-06-14T03:41:12.130199+00:00'
[2025-06-14T03:42:13.718+0000] {logging_mixin.py:151} INFO - ----------------------------
[2025-06-14T03:42:13.718+0000] {logging_mixin.py:151} INFO - 224
[2025-06-14T03:42:13.719+0000] {logging_mixin.py:151} INFO - ----------------------------
[2025-06-14T03:42:13.730+0000] {logging_mixin.py:151} INFO - [(25, 2, Decimal('34.67'), Decimal('5.72'), Decimal('3.966248')), (39, 6, Decimal('713.46'), Decimal('15.39'), Decimal('658.808964')), (19, 8, Decimal('665.31'), Decimal('4.02'), Decimal('213.963696')), (18, 9, Decimal('697.86'), Decimal('6.91'), Decimal('433.999134')), (21, 4, Decimal('841.78'), Decimal('5.97'), Decimal('201.017064')), (40, 4, Decimal('700.78'), Decimal('16.51'), Decimal('462.795112'))]
[2025-06-14T03:42:13.733+0000] {logging_mixin.py:151} INFO - [(183, 25, 2, Decimal('34.67'), Decimal('5.72'), Decimal('3.966248')), (183, 39, 6, Decimal('713.46'), Decimal('15.39'), Decimal('658.808964')), (183, 19, 8, Decimal('665.31'), Decimal('4.02'), Decimal('213.963696')), (183, 18, 9, Decimal('697.86'), Decimal('6.91'), Decimal('433.999134')), (183, 21, 4, Decimal('841.78'), Decimal('5.97'), Decimal('201.017064')), (183, 40, 4, Decimal('700.78'), Decimal('16.51'), Decimal('462.795112'))]
[2025-06-14T03:42:13.735+0000] {logging_mixin.py:151} INFO - Simulation completed successfully!
[2025-06-14T03:42:13.735+0000] {logging_mixin.py:151} INFO - 183
[2025-06-14T03:42:13.735+0000] {python.py:194} INFO - Done. Returned value was: 183
[2025-06-14T03:42:13.797+0000] {taskinstance.py:1398} INFO - Marking task as SUCCESS. dag_id=ecommerce_generate_order_process, task_id=generate_order_process, execution_date=20250614T034112, start_date=20250614T034213, end_date=20250614T034213
[2025-06-14T03:42:13.840+0000] {local_task_job_runner.py:228} INFO - Task exited with return code 0
[2025-06-14T03:42:13.879+0000] {taskinstance.py:2776} INFO - 1 downstream tasks scheduled from follow-on schedule check
