[2025-06-14T04:42:12.747+0000] {taskinstance.py:1157} INFO - Dependencies all met for dep_context=non-requeueable deps ti=<TaskInstance: ecommerce_generate_order_process.generate_order_process scheduled__2025-06-14T04:41:12.130199+00:00 [queued]>
[2025-06-14T04:42:12.755+0000] {taskinstance.py:1157} INFO - Dependencies all met for dep_context=requeueable deps ti=<TaskInstance: ecommerce_generate_order_process.generate_order_process scheduled__2025-06-14T04:41:12.130199+00:00 [queued]>
[2025-06-14T04:42:12.755+0000] {taskinstance.py:1359} INFO - Starting attempt 1 of 6
[2025-06-14T04:42:12.765+0000] {taskinstance.py:1380} INFO - Executing <Task(_PythonDecoratedOperator): generate_order_process> on 2025-06-14 04:41:12.130199+00:00
[2025-06-14T04:42:12.770+0000] {standard_task_runner.py:57} INFO - Started process 15316 to run task
[2025-06-14T04:42:12.772+0000] {standard_task_runner.py:84} INFO - Running: ['***', 'tasks', 'run', 'ecommerce_generate_order_process', 'generate_order_process', 'scheduled__2025-06-14T04:41:12.130199+00:00', '--job-id', '1239', '--raw', '--subdir', 'DAGS_FOLDER/generate_order_process.py', '--cfg-path', '/tmp/tmp95kxwbmp']
[2025-06-14T04:42:12.773+0000] {standard_task_runner.py:85} INFO - Job 1239: Subtask generate_order_process
[2025-06-14T04:42:12.821+0000] {task_command.py:415} INFO - Running <TaskInstance: ecommerce_generate_order_process.generate_order_process scheduled__2025-06-14T04:41:12.130199+00:00 [running]> on host 3498b866135e
[2025-06-14T04:42:12.924+0000] {taskinstance.py:1660} INFO - Exporting env vars: AIRFLOW_CTX_DAG_OWNER='***' AIRFLOW_CTX_DAG_ID='ecommerce_generate_order_process' AIRFLOW_CTX_TASK_ID='generate_order_process' AIRFLOW_CTX_EXECUTION_DATE='2025-06-14T04:41:12.130199+00:00' AIRFLOW_CTX_TRY_NUMBER='1' AIRFLOW_CTX_DAG_RUN_ID='scheduled__2025-06-14T04:41:12.130199+00:00'
[2025-06-14T04:42:12.944+0000] {logging_mixin.py:151} INFO - ----------------------------
[2025-06-14T04:42:12.945+0000] {logging_mixin.py:151} INFO - 24
[2025-06-14T04:42:12.945+0000] {logging_mixin.py:151} INFO - ----------------------------
[2025-06-14T04:42:12.956+0000] {logging_mixin.py:151} INFO - [(35, 3, Decimal('512.37'), Decimal('5.78'), Decimal('88.844958')), (41, 1, Decimal('855.34'), Decimal('13.96'), Decimal('119.405464')), (15, 7, Decimal('523.55'), Decimal('19.06'), Decimal('698.520410')), (36, 1, Decimal('745.80'), Decimal('1.07'), Decimal('7.980060')), (12, 6, Decimal('255.15'), Decimal('19.41'), Decimal('297.147690')), (24, 1, Decimal('387.14'), Decimal('4.66'), Decimal('18.040724')), (26, 5, Decimal('349.97'), Decimal('8.34'), Decimal('145.937490')), (28, 7, Decimal('799.39'), Decimal('3.53'), Decimal('197.529269')), (30, 2, Decimal('913.08'), Decimal('18.10'), Decimal('330.53496'))]
[2025-06-14T04:42:12.958+0000] {logging_mixin.py:151} INFO - [(243, 35, 3, Decimal('512.37'), Decimal('5.78'), Decimal('88.844958')), (243, 41, 1, Decimal('855.34'), Decimal('13.96'), Decimal('119.405464')), (243, 15, 7, Decimal('523.55'), Decimal('19.06'), Decimal('698.520410')), (243, 36, 1, Decimal('745.80'), Decimal('1.07'), Decimal('7.980060')), (243, 12, 6, Decimal('255.15'), Decimal('19.41'), Decimal('297.147690')), (243, 24, 1, Decimal('387.14'), Decimal('4.66'), Decimal('18.040724')), (243, 26, 5, Decimal('349.97'), Decimal('8.34'), Decimal('145.937490')), (243, 28, 7, Decimal('799.39'), Decimal('3.53'), Decimal('197.529269')), (243, 30, 2, Decimal('913.08'), Decimal('18.10'), Decimal('330.53496'))]
[2025-06-14T04:42:12.960+0000] {logging_mixin.py:151} INFO - Simulation completed successfully!
[2025-06-14T04:42:12.961+0000] {logging_mixin.py:151} INFO - 243
[2025-06-14T04:42:12.961+0000] {python.py:194} INFO - Done. Returned value was: 243
[2025-06-14T04:42:13.000+0000] {taskinstance.py:1398} INFO - Marking task as SUCCESS. dag_id=ecommerce_generate_order_process, task_id=generate_order_process, execution_date=20250614T044112, start_date=20250614T044212, end_date=20250614T044213
[2025-06-14T04:42:13.024+0000] {local_task_job_runner.py:228} INFO - Task exited with return code 0
[2025-06-14T04:42:13.046+0000] {taskinstance.py:2776} INFO - 1 downstream tasks scheduled from follow-on schedule check
