[2025-06-14T04:40:12.721+0000] {taskinstance.py:1157} INFO - Dependencies all met for dep_context=non-requeueable deps ti=<TaskInstance: ecommerce_generate_order_process.generate_order_process scheduled__2025-06-14T04:39:12.130199+00:00 [queued]>
[2025-06-14T04:40:12.727+0000] {taskinstance.py:1157} INFO - Dependencies all met for dep_context=requeueable deps ti=<TaskInstance: ecommerce_generate_order_process.generate_order_process scheduled__2025-06-14T04:39:12.130199+00:00 [queued]>
[2025-06-14T04:40:12.728+0000] {taskinstance.py:1359} INFO - Starting attempt 1 of 6
[2025-06-14T04:40:12.748+0000] {taskinstance.py:1380} INFO - Executing <Task(_PythonDecoratedOperator): generate_order_process> on 2025-06-14 04:39:12.130199+00:00
[2025-06-14T04:40:12.754+0000] {standard_task_runner.py:57} INFO - Started process 15141 to run task
[2025-06-14T04:40:12.756+0000] {standard_task_runner.py:84} INFO - Running: ['***', 'tasks', 'run', 'ecommerce_generate_order_process', 'generate_order_process', 'scheduled__2025-06-14T04:39:12.130199+00:00', '--job-id', '1229', '--raw', '--subdir', 'DAGS_FOLDER/generate_order_process.py', '--cfg-path', '/tmp/tmp6pykeq6k']
[2025-06-14T04:40:12.757+0000] {standard_task_runner.py:85} INFO - Job 1229: Subtask generate_order_process
[2025-06-14T04:40:12.815+0000] {task_command.py:415} INFO - Running <TaskInstance: ecommerce_generate_order_process.generate_order_process scheduled__2025-06-14T04:39:12.130199+00:00 [running]> on host 3498b866135e
[2025-06-14T04:40:12.931+0000] {taskinstance.py:1660} INFO - Exporting env vars: AIRFLOW_CTX_DAG_OWNER='***' AIRFLOW_CTX_DAG_ID='ecommerce_generate_order_process' AIRFLOW_CTX_TASK_ID='generate_order_process' AIRFLOW_CTX_EXECUTION_DATE='2025-06-14T04:39:12.130199+00:00' AIRFLOW_CTX_TRY_NUMBER='1' AIRFLOW_CTX_DAG_RUN_ID='scheduled__2025-06-14T04:39:12.130199+00:00'
[2025-06-14T04:40:12.945+0000] {logging_mixin.py:151} INFO - ----------------------------
[2025-06-14T04:40:12.945+0000] {logging_mixin.py:151} INFO - 352
[2025-06-14T04:40:12.945+0000] {logging_mixin.py:151} INFO - ----------------------------
[2025-06-14T04:40:12.950+0000] {logging_mixin.py:151} INFO - [(20, 8, Decimal('841.06'), Decimal('11.60'), Decimal('780.50368')), (28, 7, Decimal('799.39'), Decimal('3.53'), Decimal('197.529269')), (29, 5, Decimal('201.03'), Decimal('16.88'), Decimal('169.669320')), (13, 4, Decimal('411.98'), Decimal('16.77'), Decimal('276.356184')), (32, 8, Decimal('133.92'), Decimal('4.07'), Decimal('43.604352'))]
[2025-06-14T04:40:12.952+0000] {logging_mixin.py:151} INFO - [(241, 20, 8, Decimal('841.06'), Decimal('11.60'), Decimal('780.50368')), (241, 28, 7, Decimal('799.39'), Decimal('3.53'), Decimal('197.529269')), (241, 29, 5, Decimal('201.03'), Decimal('16.88'), Decimal('169.669320')), (241, 13, 4, Decimal('411.98'), Decimal('16.77'), Decimal('276.356184')), (241, 32, 8, Decimal('133.92'), Decimal('4.07'), Decimal('43.604352'))]
[2025-06-14T04:40:12.963+0000] {logging_mixin.py:151} INFO - Simulation completed successfully!
[2025-06-14T04:40:12.963+0000] {logging_mixin.py:151} INFO - 241
[2025-06-14T04:40:12.963+0000] {python.py:194} INFO - Done. Returned value was: 241
[2025-06-14T04:40:13.003+0000] {taskinstance.py:1398} INFO - Marking task as SUCCESS. dag_id=ecommerce_generate_order_process, task_id=generate_order_process, execution_date=20250614T043912, start_date=20250614T044012, end_date=20250614T044013
[2025-06-14T04:40:13.048+0000] {local_task_job_runner.py:228} INFO - Task exited with return code 0
[2025-06-14T04:40:13.070+0000] {taskinstance.py:2776} INFO - 1 downstream tasks scheduled from follow-on schedule check
