[2025-06-13T15:58:32.804+0000] {taskinstance.py:1157} INFO - Dependencies all met for dep_context=non-requeueable deps ti=<TaskInstance: ecommerce_generate_order_process.generate_order_process scheduled__2025-06-13T15:57:31.606904+00:00 [queued]>
[2025-06-13T15:58:32.821+0000] {taskinstance.py:1157} INFO - Dependencies all met for dep_context=requeueable deps ti=<TaskInstance: ecommerce_generate_order_process.generate_order_process scheduled__2025-06-13T15:57:31.606904+00:00 [queued]>
[2025-06-13T15:58:32.821+0000] {taskinstance.py:1359} INFO - Starting attempt 1 of 6
[2025-06-13T15:58:32.843+0000] {taskinstance.py:1380} INFO - Executing <Task(_PythonDecoratedOperator): generate_order_process> on 2025-06-13 15:57:31.606904+00:00
[2025-06-13T15:58:32.851+0000] {standard_task_runner.py:57} INFO - Started process 939 to run task
[2025-06-13T15:58:32.855+0000] {standard_task_runner.py:84} INFO - Running: ['***', 'tasks', 'run', 'ecommerce_generate_order_process', 'generate_order_process', 'scheduled__2025-06-13T15:57:31.606904+00:00', '--job-id', '64', '--raw', '--subdir', 'DAGS_FOLDER/generate_order_process.py', '--cfg-path', '/tmp/tmp_vi7i6ds']
[2025-06-13T15:58:32.859+0000] {standard_task_runner.py:85} INFO - Job 64: Subtask generate_order_process
[2025-06-13T15:58:32.967+0000] {task_command.py:415} INFO - Running <TaskInstance: ecommerce_generate_order_process.generate_order_process scheduled__2025-06-13T15:57:31.606904+00:00 [running]> on host 3498b866135e
[2025-06-13T15:58:33.172+0000] {taskinstance.py:1660} INFO - Exporting env vars: AIRFLOW_CTX_DAG_OWNER='***' AIRFLOW_CTX_DAG_ID='ecommerce_generate_order_process' AIRFLOW_CTX_TASK_ID='generate_order_process' AIRFLOW_CTX_EXECUTION_DATE='2025-06-13T15:57:31.606904+00:00' AIRFLOW_CTX_TRY_NUMBER='1' AIRFLOW_CTX_DAG_RUN_ID='scheduled__2025-06-13T15:57:31.606904+00:00'
[2025-06-13T15:58:33.218+0000] {logging_mixin.py:151} INFO - ----------------------------
[2025-06-13T15:58:33.219+0000] {logging_mixin.py:151} INFO - 16
[2025-06-13T15:58:33.219+0000] {logging_mixin.py:151} INFO - ----------------------------
[2025-06-13T15:58:33.239+0000] {logging_mixin.py:151} INFO - [(17, 1, Decimal('207.60'), Decimal('14.70'), Decimal('30.51720')), (12, 6, Decimal('255.15'), Decimal('19.41'), Decimal('297.147690')), (5, 8, Decimal('699.65'), Decimal('8.21'), Decimal('459.530120')), (18, 9, Decimal('697.86'), Decimal('6.91'), Decimal('433.999134')), (25, 2, Decimal('34.67'), Decimal('5.72'), Decimal('3.966248'))]
[2025-06-13T15:58:33.245+0000] {logging_mixin.py:151} INFO - [(11, 17, 1, Decimal('207.60'), Decimal('14.70'), Decimal('30.51720')), (11, 12, 6, Decimal('255.15'), Decimal('19.41'), Decimal('297.147690')), (11, 5, 8, Decimal('699.65'), Decimal('8.21'), Decimal('459.530120')), (11, 18, 9, Decimal('697.86'), Decimal('6.91'), Decimal('433.999134')), (11, 25, 2, Decimal('34.67'), Decimal('5.72'), Decimal('3.966248'))]
[2025-06-13T15:58:33.246+0000] {logging_mixin.py:151} INFO - Simulation completed successfully!
[2025-06-13T15:58:33.247+0000] {logging_mixin.py:151} INFO - 11
[2025-06-13T15:58:33.248+0000] {python.py:194} INFO - Done. Returned value was: 11
[2025-06-13T15:58:33.366+0000] {taskinstance.py:1398} INFO - Marking task as SUCCESS. dag_id=ecommerce_generate_order_process, task_id=generate_order_process, execution_date=20250613T155731, start_date=20250613T155832, end_date=20250613T155833
[2025-06-13T15:58:33.428+0000] {local_task_job_runner.py:228} INFO - Task exited with return code 0
[2025-06-13T15:58:33.515+0000] {taskinstance.py:2776} INFO - 1 downstream tasks scheduled from follow-on schedule check
