[2025-06-14T03:46:13.485+0000] {taskinstance.py:1157} INFO - Dependencies all met for dep_context=non-requeueable deps ti=<TaskInstance: ecommerce_generate_order_process.generate_order_process scheduled__2025-06-14T03:45:12.130199+00:00 [queued]>
[2025-06-14T03:46:13.493+0000] {taskinstance.py:1157} INFO - Dependencies all met for dep_context=requeueable deps ti=<TaskInstance: ecommerce_generate_order_process.generate_order_process scheduled__2025-06-14T03:45:12.130199+00:00 [queued]>
[2025-06-14T03:46:13.493+0000] {taskinstance.py:1359} INFO - Starting attempt 1 of 6
[2025-06-14T03:46:13.505+0000] {taskinstance.py:1380} INFO - Executing <Task(_PythonDecoratedOperator): generate_order_process> on 2025-06-14 03:45:12.130199+00:00
[2025-06-14T03:46:13.510+0000] {standard_task_runner.py:57} INFO - Started process 10376 to run task
[2025-06-14T03:46:13.513+0000] {standard_task_runner.py:84} INFO - Running: ['***', 'tasks', 'run', 'ecommerce_generate_order_process', 'generate_order_process', 'scheduled__2025-06-14T03:45:12.130199+00:00', '--job-id', '959', '--raw', '--subdir', 'DAGS_FOLDER/generate_order_process.py', '--cfg-path', '/tmp/tmp3md8_xd4']
[2025-06-14T03:46:13.515+0000] {standard_task_runner.py:85} INFO - Job 959: Subtask generate_order_process
[2025-06-14T03:46:13.571+0000] {task_command.py:415} INFO - Running <TaskInstance: ecommerce_generate_order_process.generate_order_process scheduled__2025-06-14T03:45:12.130199+00:00 [running]> on host 3498b866135e
[2025-06-14T03:46:13.671+0000] {taskinstance.py:1660} INFO - Exporting env vars: AIRFLOW_CTX_DAG_OWNER='***' AIRFLOW_CTX_DAG_ID='ecommerce_generate_order_process' AIRFLOW_CTX_TASK_ID='generate_order_process' AIRFLOW_CTX_EXECUTION_DATE='2025-06-14T03:45:12.130199+00:00' AIRFLOW_CTX_TRY_NUMBER='1' AIRFLOW_CTX_DAG_RUN_ID='scheduled__2025-06-14T03:45:12.130199+00:00'
[2025-06-14T03:46:13.683+0000] {logging_mixin.py:151} INFO - ----------------------------
[2025-06-14T03:46:13.683+0000] {logging_mixin.py:151} INFO - 106
[2025-06-14T03:46:13.683+0000] {logging_mixin.py:151} INFO - ----------------------------
[2025-06-14T03:46:13.689+0000] {logging_mixin.py:151} INFO - [(41, 1, Decimal('855.34'), Decimal('13.96'), Decimal('119.405464')), (17, 1, Decimal('207.60'), Decimal('14.70'), Decimal('30.51720')), (48, 4, Decimal('294.67'), Decimal('17.31'), Decimal('204.029508')), (47, 3, Decimal('923.92'), Decimal('9.75'), Decimal('270.246600')), (40, 4, Decimal('700.78'), Decimal('16.51'), Decimal('462.795112'))]
[2025-06-14T03:46:13.690+0000] {logging_mixin.py:151} INFO - [(187, 41, 1, Decimal('855.34'), Decimal('13.96'), Decimal('119.405464')), (187, 17, 1, Decimal('207.60'), Decimal('14.70'), Decimal('30.51720')), (187, 48, 4, Decimal('294.67'), Decimal('17.31'), Decimal('204.029508')), (187, 47, 3, Decimal('923.92'), Decimal('9.75'), Decimal('270.246600')), (187, 40, 4, Decimal('700.78'), Decimal('16.51'), Decimal('462.795112'))]
[2025-06-14T03:46:13.691+0000] {logging_mixin.py:151} INFO - Simulation completed successfully!
[2025-06-14T03:46:13.691+0000] {logging_mixin.py:151} INFO - 187
[2025-06-14T03:46:13.691+0000] {python.py:194} INFO - Done. Returned value was: 187
[2025-06-14T03:46:13.720+0000] {taskinstance.py:1398} INFO - Marking task as SUCCESS. dag_id=ecommerce_generate_order_process, task_id=generate_order_process, execution_date=20250614T034512, start_date=20250614T034613, end_date=20250614T034613
[2025-06-14T03:46:13.765+0000] {local_task_job_runner.py:228} INFO - Task exited with return code 0
[2025-06-14T03:46:13.786+0000] {taskinstance.py:2776} INFO - 1 downstream tasks scheduled from follow-on schedule check
