[2025-06-14T02:42:13.319+0000] {taskinstance.py:1157} INFO - Dependencies all met for dep_context=non-requeueable deps ti=<TaskInstance: ecommerce_generate_order_process.generate_order_process scheduled__2025-06-14T02:41:12.033460+00:00 [queued]>
[2025-06-14T02:42:13.326+0000] {taskinstance.py:1157} INFO - Dependencies all met for dep_context=requeueable deps ti=<TaskInstance: ecommerce_generate_order_process.generate_order_process scheduled__2025-06-14T02:41:12.033460+00:00 [queued]>
[2025-06-14T02:42:13.326+0000] {taskinstance.py:1359} INFO - Starting attempt 1 of 6
[2025-06-14T02:42:13.336+0000] {taskinstance.py:1380} INFO - Executing <Task(_PythonDecoratedOperator): generate_order_process> on 2025-06-14 02:41:12.033460+00:00
[2025-06-14T02:42:13.341+0000] {standard_task_runner.py:57} INFO - Started process 4736 to run task
[2025-06-14T02:42:13.342+0000] {standard_task_runner.py:84} INFO - Running: ['***', 'tasks', 'run', 'ecommerce_generate_order_process', 'generate_order_process', 'scheduled__2025-06-14T02:41:12.033460+00:00', '--job-id', '639', '--raw', '--subdir', 'DAGS_FOLDER/generate_order_process.py', '--cfg-path', '/tmp/tmpu7vw30vh']
[2025-06-14T02:42:13.344+0000] {standard_task_runner.py:85} INFO - Job 639: Subtask generate_order_process
[2025-06-14T02:42:13.391+0000] {task_command.py:415} INFO - Running <TaskInstance: ecommerce_generate_order_process.generate_order_process scheduled__2025-06-14T02:41:12.033460+00:00 [running]> on host 3498b866135e
[2025-06-14T02:42:13.478+0000] {taskinstance.py:1660} INFO - Exporting env vars: AIRFLOW_CTX_DAG_OWNER='***' AIRFLOW_CTX_DAG_ID='ecommerce_generate_order_process' AIRFLOW_CTX_TASK_ID='generate_order_process' AIRFLOW_CTX_EXECUTION_DATE='2025-06-14T02:41:12.033460+00:00' AIRFLOW_CTX_TRY_NUMBER='1' AIRFLOW_CTX_DAG_RUN_ID='scheduled__2025-06-14T02:41:12.033460+00:00'
[2025-06-14T02:42:13.490+0000] {logging_mixin.py:151} INFO - ----------------------------
[2025-06-14T02:42:13.490+0000] {logging_mixin.py:151} INFO - 48
[2025-06-14T02:42:13.490+0000] {logging_mixin.py:151} INFO - ----------------------------
[2025-06-14T02:42:13.494+0000] {logging_mixin.py:151} INFO - [(24, 1, Decimal('387.14'), Decimal('4.66'), Decimal('18.040724')), (37, 7, Decimal('892.19'), Decimal('4.68'), Decimal('292.281444')), (38, 4, Decimal('79.94'), Decimal('0.52'), Decimal('1.662752')), (22, 1, Decimal('429.81'), Decimal('5.21'), Decimal('22.393101')), (26, 5, Decimal('349.97'), Decimal('8.34'), Decimal('145.937490')), (21, 4, Decimal('841.78'), Decimal('5.97'), Decimal('201.017064')), (32, 8, Decimal('133.92'), Decimal('4.07'), Decimal('43.604352')), (4, 9, Decimal('38.75'), Decimal('2.09'), Decimal('7.288875')), (25, 2, Decimal('34.67'), Decimal('5.72'), Decimal('3.966248')), (10, 4, Decimal('598.05'), Decimal('10.18'), Decimal('243.525960'))]
[2025-06-14T02:42:13.496+0000] {logging_mixin.py:151} INFO - [(123, 24, 1, Decimal('387.14'), Decimal('4.66'), Decimal('18.040724')), (123, 37, 7, Decimal('892.19'), Decimal('4.68'), Decimal('292.281444')), (123, 38, 4, Decimal('79.94'), Decimal('0.52'), Decimal('1.662752')), (123, 22, 1, Decimal('429.81'), Decimal('5.21'), Decimal('22.393101')), (123, 26, 5, Decimal('349.97'), Decimal('8.34'), Decimal('145.937490')), (123, 21, 4, Decimal('841.78'), Decimal('5.97'), Decimal('201.017064')), (123, 32, 8, Decimal('133.92'), Decimal('4.07'), Decimal('43.604352')), (123, 4, 9, Decimal('38.75'), Decimal('2.09'), Decimal('7.288875')), (123, 25, 2, Decimal('34.67'), Decimal('5.72'), Decimal('3.966248')), (123, 10, 4, Decimal('598.05'), Decimal('10.18'), Decimal('243.525960'))]
[2025-06-14T02:42:13.498+0000] {logging_mixin.py:151} INFO - Simulation completed successfully!
[2025-06-14T02:42:13.498+0000] {logging_mixin.py:151} INFO - 123
[2025-06-14T02:42:13.498+0000] {python.py:194} INFO - Done. Returned value was: 123
[2025-06-14T02:42:13.528+0000] {taskinstance.py:1398} INFO - Marking task as SUCCESS. dag_id=ecommerce_generate_order_process, task_id=generate_order_process, execution_date=20250614T024112, start_date=20250614T024213, end_date=20250614T024213
[2025-06-14T02:42:13.554+0000] {local_task_job_runner.py:228} INFO - Task exited with return code 0
[2025-06-14T02:42:13.576+0000] {taskinstance.py:2776} INFO - 1 downstream tasks scheduled from follow-on schedule check
