[2025-06-14T03:19:13.484+0000] {taskinstance.py:1157} INFO - Dependencies all met for dep_context=non-requeueable deps ti=<TaskInstance: ecommerce_generate_order_process.generate_order_process scheduled__2025-06-14T03:18:12.130199+00:00 [queued]>
[2025-06-14T03:19:13.490+0000] {taskinstance.py:1157} INFO - Dependencies all met for dep_context=requeueable deps ti=<TaskInstance: ecommerce_generate_order_process.generate_order_process scheduled__2025-06-14T03:18:12.130199+00:00 [queued]>
[2025-06-14T03:19:13.490+0000] {taskinstance.py:1359} INFO - Starting attempt 1 of 6
[2025-06-14T03:19:13.500+0000] {taskinstance.py:1380} INFO - Executing <Task(_PythonDecoratedOperator): generate_order_process> on 2025-06-14 03:18:12.130199+00:00
[2025-06-14T03:19:13.504+0000] {standard_task_runner.py:57} INFO - Started process 7986 to run task
[2025-06-14T03:19:13.506+0000] {standard_task_runner.py:84} INFO - Running: ['***', 'tasks', 'run', 'ecommerce_generate_order_process', 'generate_order_process', 'scheduled__2025-06-14T03:18:12.130199+00:00', '--job-id', '824', '--raw', '--subdir', 'DAGS_FOLDER/generate_order_process.py', '--cfg-path', '/tmp/tmpnd3w3jy5']
[2025-06-14T03:19:13.508+0000] {standard_task_runner.py:85} INFO - Job 824: Subtask generate_order_process
[2025-06-14T03:19:13.553+0000] {task_command.py:415} INFO - Running <TaskInstance: ecommerce_generate_order_process.generate_order_process scheduled__2025-06-14T03:18:12.130199+00:00 [running]> on host 3498b866135e
[2025-06-14T03:19:13.638+0000] {taskinstance.py:1660} INFO - Exporting env vars: AIRFLOW_CTX_DAG_OWNER='***' AIRFLOW_CTX_DAG_ID='ecommerce_generate_order_process' AIRFLOW_CTX_TASK_ID='generate_order_process' AIRFLOW_CTX_EXECUTION_DATE='2025-06-14T03:18:12.130199+00:00' AIRFLOW_CTX_TRY_NUMBER='1' AIRFLOW_CTX_DAG_RUN_ID='scheduled__2025-06-14T03:18:12.130199+00:00'
[2025-06-14T03:19:13.649+0000] {logging_mixin.py:151} INFO - ----------------------------
[2025-06-14T03:19:13.649+0000] {logging_mixin.py:151} INFO - 201
[2025-06-14T03:19:13.649+0000] {logging_mixin.py:151} INFO - ----------------------------
[2025-06-14T03:19:13.654+0000] {logging_mixin.py:151} INFO - [(17, 1, Decimal('207.60'), Decimal('14.70'), Decimal('30.51720')), (37, 7, Decimal('892.19'), Decimal('4.68'), Decimal('292.281444')), (25, 2, Decimal('34.67'), Decimal('5.72'), Decimal('3.966248')), (13, 4, Decimal('411.98'), Decimal('16.77'), Decimal('276.356184')), (31, 6, Decimal('878.54'), Decimal('16.74'), Decimal('882.405576')), (41, 1, Decimal('855.34'), Decimal('13.96'), Decimal('119.405464')), (20, 8, Decimal('841.06'), Decimal('11.60'), Decimal('780.50368')), (24, 1, Decimal('387.14'), Decimal('4.66'), Decimal('18.040724')), (12, 6, Decimal('255.15'), Decimal('19.41'), Decimal('297.147690')), (26, 5, Decimal('349.97'), Decimal('8.34'), Decimal('145.937490'))]
[2025-06-14T03:19:13.656+0000] {logging_mixin.py:151} INFO - [(160, 17, 1, Decimal('207.60'), Decimal('14.70'), Decimal('30.51720')), (160, 37, 7, Decimal('892.19'), Decimal('4.68'), Decimal('292.281444')), (160, 25, 2, Decimal('34.67'), Decimal('5.72'), Decimal('3.966248')), (160, 13, 4, Decimal('411.98'), Decimal('16.77'), Decimal('276.356184')), (160, 31, 6, Decimal('878.54'), Decimal('16.74'), Decimal('882.405576')), (160, 41, 1, Decimal('855.34'), Decimal('13.96'), Decimal('119.405464')), (160, 20, 8, Decimal('841.06'), Decimal('11.60'), Decimal('780.50368')), (160, 24, 1, Decimal('387.14'), Decimal('4.66'), Decimal('18.040724')), (160, 12, 6, Decimal('255.15'), Decimal('19.41'), Decimal('297.147690')), (160, 26, 5, Decimal('349.97'), Decimal('8.34'), Decimal('145.937490'))]
[2025-06-14T03:19:13.658+0000] {logging_mixin.py:151} INFO - Simulation completed successfully!
[2025-06-14T03:19:13.658+0000] {logging_mixin.py:151} INFO - 160
[2025-06-14T03:19:13.658+0000] {python.py:194} INFO - Done. Returned value was: 160
[2025-06-14T03:19:13.686+0000] {taskinstance.py:1398} INFO - Marking task as SUCCESS. dag_id=ecommerce_generate_order_process, task_id=generate_order_process, execution_date=20250614T031812, start_date=20250614T031913, end_date=20250614T031913
[2025-06-14T03:19:13.718+0000] {local_task_job_runner.py:228} INFO - Task exited with return code 0
[2025-06-14T03:19:13.739+0000] {taskinstance.py:2776} INFO - 1 downstream tasks scheduled from follow-on schedule check
