[2025-06-13T16:57:32.366+0000] {taskinstance.py:1157} INFO - Dependencies all met for dep_context=non-requeueable deps ti=<TaskInstance: ecommerce_generate_order_process.generate_order_process scheduled__2025-06-13T16:56:31.706122+00:00 [queued]>
[2025-06-13T16:57:32.375+0000] {taskinstance.py:1157} INFO - Dependencies all met for dep_context=requeueable deps ti=<TaskInstance: ecommerce_generate_order_process.generate_order_process scheduled__2025-06-13T16:56:31.706122+00:00 [queued]>
[2025-06-13T16:57:32.375+0000] {taskinstance.py:1359} INFO - Starting attempt 1 of 6
[2025-06-13T16:57:32.388+0000] {taskinstance.py:1380} INFO - Executing <Task(_PythonDecoratedOperator): generate_order_process> on 2025-06-13 16:56:31.706122+00:00
[2025-06-13T16:57:32.393+0000] {standard_task_runner.py:57} INFO - Started process 6091 to run task
[2025-06-13T16:57:32.395+0000] {standard_task_runner.py:84} INFO - Running: ['***', 'tasks', 'run', 'ecommerce_generate_order_process', 'generate_order_process', 'scheduled__2025-06-13T16:56:31.706122+00:00', '--job-id', '360', '--raw', '--subdir', 'DAGS_FOLDER/generate_order_process.py', '--cfg-path', '/tmp/tmpeaolf0ug']
[2025-06-13T16:57:32.397+0000] {standard_task_runner.py:85} INFO - Job 360: Subtask generate_order_process
[2025-06-13T16:57:32.456+0000] {task_command.py:415} INFO - Running <TaskInstance: ecommerce_generate_order_process.generate_order_process scheduled__2025-06-13T16:56:31.706122+00:00 [running]> on host 3498b866135e
[2025-06-13T16:57:32.558+0000] {taskinstance.py:1660} INFO - Exporting env vars: AIRFLOW_CTX_DAG_OWNER='***' AIRFLOW_CTX_DAG_ID='ecommerce_generate_order_process' AIRFLOW_CTX_TASK_ID='generate_order_process' AIRFLOW_CTX_EXECUTION_DATE='2025-06-13T16:56:31.706122+00:00' AIRFLOW_CTX_TRY_NUMBER='1' AIRFLOW_CTX_DAG_RUN_ID='scheduled__2025-06-13T16:56:31.706122+00:00'
[2025-06-13T16:57:32.571+0000] {logging_mixin.py:151} INFO - ----------------------------
[2025-06-13T16:57:32.571+0000] {logging_mixin.py:151} INFO - 25
[2025-06-13T16:57:32.572+0000] {logging_mixin.py:151} INFO - ----------------------------
[2025-06-13T16:57:32.579+0000] {logging_mixin.py:151} INFO - [(12, 6, Decimal('255.15'), Decimal('19.41'), Decimal('297.147690')), (22, 1, Decimal('429.81'), Decimal('5.21'), Decimal('22.393101')), (17, 1, Decimal('207.60'), Decimal('14.70'), Decimal('30.51720')), (14, 5, Decimal('657.33'), Decimal('0.13'), Decimal('4.272645'))]
[2025-06-13T16:57:32.581+0000] {logging_mixin.py:151} INFO - [(70, 12, 6, Decimal('255.15'), Decimal('19.41'), Decimal('297.147690')), (70, 22, 1, Decimal('429.81'), Decimal('5.21'), Decimal('22.393101')), (70, 17, 1, Decimal('207.60'), Decimal('14.70'), Decimal('30.51720')), (70, 14, 5, Decimal('657.33'), Decimal('0.13'), Decimal('4.272645'))]
[2025-06-13T16:57:32.582+0000] {logging_mixin.py:151} INFO - Simulation completed successfully!
[2025-06-13T16:57:32.582+0000] {logging_mixin.py:151} INFO - 70
[2025-06-13T16:57:32.582+0000] {python.py:194} INFO - Done. Returned value was: 70
[2025-06-13T16:57:32.619+0000] {taskinstance.py:1398} INFO - Marking task as SUCCESS. dag_id=ecommerce_generate_order_process, task_id=generate_order_process, execution_date=20250613T165631, start_date=20250613T165732, end_date=20250613T165732
[2025-06-13T16:57:32.647+0000] {local_task_job_runner.py:228} INFO - Task exited with return code 0
[2025-06-13T16:57:32.674+0000] {taskinstance.py:2776} INFO - 1 downstream tasks scheduled from follow-on schedule check
