[2025-06-14T02:31:12.968+0000] {taskinstance.py:1157} INFO - Dependencies all met for dep_context=non-requeueable deps ti=<TaskInstance: ecommerce_generate_order_process.generate_order_process scheduled__2025-06-14T02:30:12.033460+00:00 [queued]>
[2025-06-14T02:31:12.975+0000] {taskinstance.py:1157} INFO - Dependencies all met for dep_context=requeueable deps ti=<TaskInstance: ecommerce_generate_order_process.generate_order_process scheduled__2025-06-14T02:30:12.033460+00:00 [queued]>
[2025-06-14T02:31:12.976+0000] {taskinstance.py:1359} INFO - Starting attempt 1 of 6
[2025-06-14T02:31:12.988+0000] {taskinstance.py:1380} INFO - Executing <Task(_PythonDecoratedOperator): generate_order_process> on 2025-06-14 02:30:12.033460+00:00
[2025-06-14T02:31:12.993+0000] {standard_task_runner.py:57} INFO - Started process 3746 to run task
[2025-06-14T02:31:12.995+0000] {standard_task_runner.py:84} INFO - Running: ['***', 'tasks', 'run', 'ecommerce_generate_order_process', 'generate_order_process', 'scheduled__2025-06-14T02:30:12.033460+00:00', '--job-id', '584', '--raw', '--subdir', 'DAGS_FOLDER/generate_order_process.py', '--cfg-path', '/tmp/tmpuunyribn']
[2025-06-14T02:31:12.997+0000] {standard_task_runner.py:85} INFO - Job 584: Subtask generate_order_process
[2025-06-14T02:31:13.045+0000] {task_command.py:415} INFO - Running <TaskInstance: ecommerce_generate_order_process.generate_order_process scheduled__2025-06-14T02:30:12.033460+00:00 [running]> on host 3498b866135e
[2025-06-14T02:31:13.133+0000] {taskinstance.py:1660} INFO - Exporting env vars: AIRFLOW_CTX_DAG_OWNER='***' AIRFLOW_CTX_DAG_ID='ecommerce_generate_order_process' AIRFLOW_CTX_TASK_ID='generate_order_process' AIRFLOW_CTX_EXECUTION_DATE='2025-06-14T02:30:12.033460+00:00' AIRFLOW_CTX_TRY_NUMBER='1' AIRFLOW_CTX_DAG_RUN_ID='scheduled__2025-06-14T02:30:12.033460+00:00'
[2025-06-14T02:31:13.145+0000] {logging_mixin.py:151} INFO - ----------------------------
[2025-06-14T02:31:13.145+0000] {logging_mixin.py:151} INFO - 34
[2025-06-14T02:31:13.145+0000] {logging_mixin.py:151} INFO - ----------------------------
[2025-06-14T02:31:13.151+0000] {logging_mixin.py:151} INFO - [(27, 8, Decimal('412.73'), Decimal('3.00'), Decimal('99.0552')), (50, 6, Decimal('732.13'), Decimal('17.33'), Decimal('761.268774')), (13, 4, Decimal('411.98'), Decimal('16.77'), Decimal('276.356184')), (1, 1, Decimal('802.42'), Decimal('3.53'), Decimal('28.325426')), (48, 4, Decimal('294.67'), Decimal('17.31'), Decimal('204.029508')), (17, 1, Decimal('207.60'), Decimal('14.70'), Decimal('30.51720')), (15, 7, Decimal('523.55'), Decimal('19.06'), Decimal('698.520410')), (49, 8, Decimal('42.29'), Decimal('1.49'), Decimal('5.040968'))]
[2025-06-14T02:31:13.153+0000] {logging_mixin.py:151} INFO - [(112, 27, 8, Decimal('412.73'), Decimal('3.00'), Decimal('99.0552')), (112, 50, 6, Decimal('732.13'), Decimal('17.33'), Decimal('761.268774')), (112, 13, 4, Decimal('411.98'), Decimal('16.77'), Decimal('276.356184')), (112, 1, 1, Decimal('802.42'), Decimal('3.53'), Decimal('28.325426')), (112, 48, 4, Decimal('294.67'), Decimal('17.31'), Decimal('204.029508')), (112, 17, 1, Decimal('207.60'), Decimal('14.70'), Decimal('30.51720')), (112, 15, 7, Decimal('523.55'), Decimal('19.06'), Decimal('698.520410')), (112, 49, 8, Decimal('42.29'), Decimal('1.49'), Decimal('5.040968'))]
[2025-06-14T02:31:13.154+0000] {logging_mixin.py:151} INFO - Simulation completed successfully!
[2025-06-14T02:31:13.154+0000] {logging_mixin.py:151} INFO - 112
[2025-06-14T02:31:13.154+0000] {python.py:194} INFO - Done. Returned value was: 112
[2025-06-14T02:31:13.186+0000] {taskinstance.py:1398} INFO - Marking task as SUCCESS. dag_id=ecommerce_generate_order_process, task_id=generate_order_process, execution_date=20250614T023012, start_date=20250614T023112, end_date=20250614T023113
[2025-06-14T02:31:13.207+0000] {local_task_job_runner.py:228} INFO - Task exited with return code 0
[2025-06-14T02:31:13.228+0000] {taskinstance.py:2776} INFO - 1 downstream tasks scheduled from follow-on schedule check
