[2025-06-13T13:29:43.866+0000] {taskinstance.py:1157} INFO - Dependencies all met for dep_context=non-requeueable deps ti=<TaskInstance: ecommerce_generate_order_process.generate_order_process scheduled__2025-06-13T13:28:42.170223+00:00 [queued]>
[2025-06-13T13:29:43.874+0000] {taskinstance.py:1157} INFO - Dependencies all met for dep_context=requeueable deps ti=<TaskInstance: ecommerce_generate_order_process.generate_order_process scheduled__2025-06-13T13:28:42.170223+00:00 [queued]>
[2025-06-13T13:29:43.874+0000] {taskinstance.py:1359} INFO - Starting attempt 1 of 6
[2025-06-13T13:29:43.885+0000] {taskinstance.py:1380} INFO - Executing <Task(_PythonDecoratedOperator): generate_order_process> on 2025-06-13 13:28:42.170223+00:00
[2025-06-13T13:29:43.891+0000] {standard_task_runner.py:57} INFO - Started process 696 to run task
[2025-06-13T13:29:43.893+0000] {standard_task_runner.py:84} INFO - Running: ['***', 'tasks', 'run', 'ecommerce_generate_order_process', 'generate_order_process', 'scheduled__2025-06-13T13:28:42.170223+00:00', '--job-id', '42', '--raw', '--subdir', 'DAGS_FOLDER/generate_order_process.py', '--cfg-path', '/tmp/tmp5m52h0ie']
[2025-06-13T13:29:43.895+0000] {standard_task_runner.py:85} INFO - Job 42: Subtask generate_order_process
[2025-06-13T13:29:43.950+0000] {task_command.py:415} INFO - Running <TaskInstance: ecommerce_generate_order_process.generate_order_process scheduled__2025-06-13T13:28:42.170223+00:00 [running]> on host 3ddb9b5ffd69
[2025-06-13T13:29:44.044+0000] {taskinstance.py:1660} INFO - Exporting env vars: AIRFLOW_CTX_DAG_OWNER='***' AIRFLOW_CTX_DAG_ID='ecommerce_generate_order_process' AIRFLOW_CTX_TASK_ID='generate_order_process' AIRFLOW_CTX_EXECUTION_DATE='2025-06-13T13:28:42.170223+00:00' AIRFLOW_CTX_TRY_NUMBER='1' AIRFLOW_CTX_DAG_RUN_ID='scheduled__2025-06-13T13:28:42.170223+00:00'
[2025-06-13T13:29:44.057+0000] {logging_mixin.py:151} INFO - ----------------------------
[2025-06-13T13:29:44.057+0000] {logging_mixin.py:151} INFO - 11
[2025-06-13T13:29:44.057+0000] {logging_mixin.py:151} INFO - ----------------------------
[2025-06-13T13:29:44.063+0000] {logging_mixin.py:151} INFO - [(22, 5, Decimal('480.86'), Decimal('13.85'), Decimal('332.995550')), (12, 2, Decimal('212.04'), Decimal('16.02'), Decimal('67.937616')), (23, 1, Decimal('806.34'), Decimal('12.19'), Decimal('98.292846')), (5, 3, Decimal('610.82'), Decimal('14.13'), Decimal('258.926598'))]
[2025-06-13T13:29:44.065+0000] {logging_mixin.py:151} INFO - [(4, 22, 5, Decimal('480.86'), Decimal('13.85'), Decimal('332.995550')), (4, 12, 2, Decimal('212.04'), Decimal('16.02'), Decimal('67.937616')), (4, 23, 1, Decimal('806.34'), Decimal('12.19'), Decimal('98.292846')), (4, 5, 3, Decimal('610.82'), Decimal('14.13'), Decimal('258.926598'))]
[2025-06-13T13:29:44.066+0000] {logging_mixin.py:151} INFO - Simulation completed successfully!
[2025-06-13T13:29:44.066+0000] {logging_mixin.py:151} INFO - 4
[2025-06-13T13:29:44.066+0000] {python.py:194} INFO - Done. Returned value was: 4
[2025-06-13T13:29:44.104+0000] {taskinstance.py:1398} INFO - Marking task as SUCCESS. dag_id=ecommerce_generate_order_process, task_id=generate_order_process, execution_date=20250613T132842, start_date=20250613T132943, end_date=20250613T132944
[2025-06-13T13:29:44.145+0000] {local_task_job_runner.py:228} INFO - Task exited with return code 0
[2025-06-13T13:29:44.180+0000] {taskinstance.py:2776} INFO - 1 downstream tasks scheduled from follow-on schedule check
