[2025-06-13T16:56:33.174+0000] {taskinstance.py:1157} INFO - Dependencies all met for dep_context=non-requeueable deps ti=<TaskInstance: ecommerce_generate_order_process.generate_order_process scheduled__2025-06-13T16:55:31.706122+00:00 [queued]>
[2025-06-13T16:56:33.182+0000] {taskinstance.py:1157} INFO - Dependencies all met for dep_context=requeueable deps ti=<TaskInstance: ecommerce_generate_order_process.generate_order_process scheduled__2025-06-13T16:55:31.706122+00:00 [queued]>
[2025-06-13T16:56:33.182+0000] {taskinstance.py:1359} INFO - Starting attempt 1 of 6
[2025-06-13T16:56:33.193+0000] {taskinstance.py:1380} INFO - Executing <Task(_PythonDecoratedOperator): generate_order_process> on 2025-06-13 16:55:31.706122+00:00
[2025-06-13T16:56:33.198+0000] {standard_task_runner.py:57} INFO - Started process 6001 to run task
[2025-06-13T16:56:33.200+0000] {standard_task_runner.py:84} INFO - Running: ['***', 'tasks', 'run', 'ecommerce_generate_order_process', 'generate_order_process', 'scheduled__2025-06-13T16:55:31.706122+00:00', '--job-id', '355', '--raw', '--subdir', 'DAGS_FOLDER/generate_order_process.py', '--cfg-path', '/tmp/tmpmlvnjg1g']
[2025-06-13T16:56:33.202+0000] {standard_task_runner.py:85} INFO - Job 355: Subtask generate_order_process
[2025-06-13T16:56:33.260+0000] {task_command.py:415} INFO - Running <TaskInstance: ecommerce_generate_order_process.generate_order_process scheduled__2025-06-13T16:55:31.706122+00:00 [running]> on host 3498b866135e
[2025-06-13T16:56:33.357+0000] {taskinstance.py:1660} INFO - Exporting env vars: AIRFLOW_CTX_DAG_OWNER='***' AIRFLOW_CTX_DAG_ID='ecommerce_generate_order_process' AIRFLOW_CTX_TASK_ID='generate_order_process' AIRFLOW_CTX_EXECUTION_DATE='2025-06-13T16:55:31.706122+00:00' AIRFLOW_CTX_TRY_NUMBER='1' AIRFLOW_CTX_DAG_RUN_ID='scheduled__2025-06-13T16:55:31.706122+00:00'
[2025-06-13T16:56:33.370+0000] {logging_mixin.py:151} INFO - ----------------------------
[2025-06-13T16:56:33.370+0000] {logging_mixin.py:151} INFO - 108
[2025-06-13T16:56:33.370+0000] {logging_mixin.py:151} INFO - ----------------------------
[2025-06-13T16:56:33.376+0000] {logging_mixin.py:151} INFO - [(19, 8, Decimal('665.31'), Decimal('4.02'), Decimal('213.963696')), (10, 4, Decimal('598.05'), Decimal('10.18'), Decimal('243.525960')), (2, 1, Decimal('925.46'), Decimal('2.62'), Decimal('24.247052')), (24, 1, Decimal('387.14'), Decimal('4.66'), Decimal('18.040724')), (3, 7, Decimal('946.29'), Decimal('2.59'), Decimal('171.562377')), (21, 4, Decimal('841.78'), Decimal('5.97'), Decimal('201.017064'))]
[2025-06-13T16:56:33.377+0000] {logging_mixin.py:151} INFO - [(69, 19, 8, Decimal('665.31'), Decimal('4.02'), Decimal('213.963696')), (69, 10, 4, Decimal('598.05'), Decimal('10.18'), Decimal('243.525960')), (69, 2, 1, Decimal('925.46'), Decimal('2.62'), Decimal('24.247052')), (69, 24, 1, Decimal('387.14'), Decimal('4.66'), Decimal('18.040724')), (69, 3, 7, Decimal('946.29'), Decimal('2.59'), Decimal('171.562377')), (69, 21, 4, Decimal('841.78'), Decimal('5.97'), Decimal('201.017064'))]
[2025-06-13T16:56:33.378+0000] {logging_mixin.py:151} INFO - Simulation completed successfully!
[2025-06-13T16:56:33.379+0000] {logging_mixin.py:151} INFO - 69
[2025-06-13T16:56:33.379+0000] {python.py:194} INFO - Done. Returned value was: 69
[2025-06-13T16:56:33.412+0000] {taskinstance.py:1398} INFO - Marking task as SUCCESS. dag_id=ecommerce_generate_order_process, task_id=generate_order_process, execution_date=20250613T165531, start_date=20250613T165633, end_date=20250613T165633
[2025-06-13T16:56:33.452+0000] {local_task_job_runner.py:228} INFO - Task exited with return code 0
[2025-06-13T16:56:33.477+0000] {taskinstance.py:2776} INFO - 1 downstream tasks scheduled from follow-on schedule check
