[2025-06-14T05:10:12.932+0000] {taskinstance.py:1157} INFO - Dependencies all met for dep_context=non-requeueable deps ti=<TaskInstance: ecommerce_generate_order_process.generate_order_process scheduled__2025-06-14T05:09:12.130199+00:00 [queued]>
[2025-06-14T05:10:12.947+0000] {taskinstance.py:1157} INFO - Dependencies all met for dep_context=requeueable deps ti=<TaskInstance: ecommerce_generate_order_process.generate_order_process scheduled__2025-06-14T05:09:12.130199+00:00 [queued]>
[2025-06-14T05:10:12.947+0000] {taskinstance.py:1359} INFO - Starting attempt 1 of 6
[2025-06-14T05:10:12.965+0000] {taskinstance.py:1380} INFO - Executing <Task(_PythonDecoratedOperator): generate_order_process> on 2025-06-14 05:09:12.130199+00:00
[2025-06-14T05:10:12.972+0000] {standard_task_runner.py:57} INFO - Started process 17781 to run task
[2025-06-14T05:10:12.975+0000] {standard_task_runner.py:84} INFO - Running: ['***', 'tasks', 'run', 'ecommerce_generate_order_process', 'generate_order_process', 'scheduled__2025-06-14T05:09:12.130199+00:00', '--job-id', '1379', '--raw', '--subdir', 'DAGS_FOLDER/generate_order_process.py', '--cfg-path', '/tmp/tmp97ja7p20']
[2025-06-14T05:10:12.978+0000] {standard_task_runner.py:85} INFO - Job 1379: Subtask generate_order_process
[2025-06-14T05:10:13.060+0000] {task_command.py:415} INFO - Running <TaskInstance: ecommerce_generate_order_process.generate_order_process scheduled__2025-06-14T05:09:12.130199+00:00 [running]> on host 3498b866135e
[2025-06-14T05:10:13.213+0000] {taskinstance.py:1660} INFO - Exporting env vars: AIRFLOW_CTX_DAG_OWNER='***' AIRFLOW_CTX_DAG_ID='ecommerce_generate_order_process' AIRFLOW_CTX_TASK_ID='generate_order_process' AIRFLOW_CTX_EXECUTION_DATE='2025-06-14T05:09:12.130199+00:00' AIRFLOW_CTX_TRY_NUMBER='1' AIRFLOW_CTX_DAG_RUN_ID='scheduled__2025-06-14T05:09:12.130199+00:00'
[2025-06-14T05:10:13.232+0000] {logging_mixin.py:151} INFO - ----------------------------
[2025-06-14T05:10:13.233+0000] {logging_mixin.py:151} INFO - 51
[2025-06-14T05:10:13.233+0000] {logging_mixin.py:151} INFO - ----------------------------
[2025-06-14T05:10:13.243+0000] {logging_mixin.py:151} INFO - [(49, 8, Decimal('42.29'), Decimal('1.49'), Decimal('5.040968')), (14, 5, Decimal('657.33'), Decimal('0.13'), Decimal('4.272645'))]
[2025-06-14T05:10:13.245+0000] {logging_mixin.py:151} INFO - [(271, 49, 8, Decimal('42.29'), Decimal('1.49'), Decimal('5.040968')), (271, 14, 5, Decimal('657.33'), Decimal('0.13'), Decimal('4.272645'))]
[2025-06-14T05:10:13.246+0000] {logging_mixin.py:151} INFO - Simulation completed successfully!
[2025-06-14T05:10:13.247+0000] {logging_mixin.py:151} INFO - 271
[2025-06-14T05:10:13.247+0000] {python.py:194} INFO - Done. Returned value was: 271
[2025-06-14T05:10:13.299+0000] {taskinstance.py:1398} INFO - Marking task as SUCCESS. dag_id=ecommerce_generate_order_process, task_id=generate_order_process, execution_date=20250614T050912, start_date=20250614T051012, end_date=20250614T051013
[2025-06-14T05:10:13.347+0000] {local_task_job_runner.py:228} INFO - Task exited with return code 0
[2025-06-14T05:10:13.386+0000] {taskinstance.py:2776} INFO - 1 downstream tasks scheduled from follow-on schedule check
