[2025-06-14T04:46:13.372+0000] {taskinstance.py:1157} INFO - Dependencies all met for dep_context=non-requeueable deps ti=<TaskInstance: ecommerce_generate_order_process.generate_order_process scheduled__2025-06-14T04:45:12.130199+00:00 [queued]>
[2025-06-14T04:46:13.385+0000] {taskinstance.py:1157} INFO - Dependencies all met for dep_context=requeueable deps ti=<TaskInstance: ecommerce_generate_order_process.generate_order_process scheduled__2025-06-14T04:45:12.130199+00:00 [queued]>
[2025-06-14T04:46:13.385+0000] {taskinstance.py:1359} INFO - Starting attempt 1 of 6
[2025-06-14T04:46:13.396+0000] {taskinstance.py:1380} INFO - Executing <Task(_PythonDecoratedOperator): generate_order_process> on 2025-06-14 04:45:12.130199+00:00
[2025-06-14T04:46:13.401+0000] {standard_task_runner.py:57} INFO - Started process 15661 to run task
[2025-06-14T04:46:13.403+0000] {standard_task_runner.py:84} INFO - Running: ['***', 'tasks', 'run', 'ecommerce_generate_order_process', 'generate_order_process', 'scheduled__2025-06-14T04:45:12.130199+00:00', '--job-id', '1259', '--raw', '--subdir', 'DAGS_FOLDER/generate_order_process.py', '--cfg-path', '/tmp/tmp7_4vb_y_']
[2025-06-14T04:46:13.405+0000] {standard_task_runner.py:85} INFO - Job 1259: Subtask generate_order_process
[2025-06-14T04:46:13.468+0000] {task_command.py:415} INFO - Running <TaskInstance: ecommerce_generate_order_process.generate_order_process scheduled__2025-06-14T04:45:12.130199+00:00 [running]> on host 3498b866135e
[2025-06-14T04:46:13.586+0000] {taskinstance.py:1660} INFO - Exporting env vars: AIRFLOW_CTX_DAG_OWNER='***' AIRFLOW_CTX_DAG_ID='ecommerce_generate_order_process' AIRFLOW_CTX_TASK_ID='generate_order_process' AIRFLOW_CTX_EXECUTION_DATE='2025-06-14T04:45:12.130199+00:00' AIRFLOW_CTX_TRY_NUMBER='1' AIRFLOW_CTX_DAG_RUN_ID='scheduled__2025-06-14T04:45:12.130199+00:00'
[2025-06-14T04:46:13.606+0000] {logging_mixin.py:151} INFO - ----------------------------
[2025-06-14T04:46:13.606+0000] {logging_mixin.py:151} INFO - 26
[2025-06-14T04:46:13.607+0000] {logging_mixin.py:151} INFO - ----------------------------
[2025-06-14T04:46:13.615+0000] {logging_mixin.py:151} INFO - [(47, 3, Decimal('923.92'), Decimal('9.75'), Decimal('270.246600')), (18, 9, Decimal('697.86'), Decimal('6.91'), Decimal('433.999134')), (12, 6, Decimal('255.15'), Decimal('19.41'), Decimal('297.147690')), (50, 6, Decimal('732.13'), Decimal('17.33'), Decimal('761.268774')), (1, 1, Decimal('802.42'), Decimal('3.53'), Decimal('28.325426')), (20, 8, Decimal('841.06'), Decimal('11.60'), Decimal('780.50368')), (41, 1, Decimal('855.34'), Decimal('13.96'), Decimal('119.405464')), (31, 6, Decimal('878.54'), Decimal('16.74'), Decimal('882.405576')), (3, 7, Decimal('946.29'), Decimal('2.59'), Decimal('171.562377')), (36, 1, Decimal('745.80'), Decimal('1.07'), Decimal('7.980060'))]
[2025-06-14T04:46:13.618+0000] {logging_mixin.py:151} INFO - [(247, 47, 3, Decimal('923.92'), Decimal('9.75'), Decimal('270.246600')), (247, 18, 9, Decimal('697.86'), Decimal('6.91'), Decimal('433.999134')), (247, 12, 6, Decimal('255.15'), Decimal('19.41'), Decimal('297.147690')), (247, 50, 6, Decimal('732.13'), Decimal('17.33'), Decimal('761.268774')), (247, 1, 1, Decimal('802.42'), Decimal('3.53'), Decimal('28.325426')), (247, 20, 8, Decimal('841.06'), Decimal('11.60'), Decimal('780.50368')), (247, 41, 1, Decimal('855.34'), Decimal('13.96'), Decimal('119.405464')), (247, 31, 6, Decimal('878.54'), Decimal('16.74'), Decimal('882.405576')), (247, 3, 7, Decimal('946.29'), Decimal('2.59'), Decimal('171.562377')), (247, 36, 1, Decimal('745.80'), Decimal('1.07'), Decimal('7.980060'))]
[2025-06-14T04:46:13.619+0000] {logging_mixin.py:151} INFO - Simulation completed successfully!
[2025-06-14T04:46:13.619+0000] {logging_mixin.py:151} INFO - 247
[2025-06-14T04:46:13.620+0000] {python.py:194} INFO - Done. Returned value was: 247
[2025-06-14T04:46:13.672+0000] {taskinstance.py:1398} INFO - Marking task as SUCCESS. dag_id=ecommerce_generate_order_process, task_id=generate_order_process, execution_date=20250614T044512, start_date=20250614T044613, end_date=20250614T044613
[2025-06-14T04:46:13.695+0000] {local_task_job_runner.py:228} INFO - Task exited with return code 0
[2025-06-14T04:46:13.725+0000] {taskinstance.py:2776} INFO - 1 downstream tasks scheduled from follow-on schedule check
