[2025-06-13T13:15:45.577+0000] {taskinstance.py:1157} INFO - Dependencies all met for dep_context=non-requeueable deps ti=<TaskInstance: ecommerce_generate_tag.generate_tag scheduled__2023-12-01T00:00:00+00:00 [queued]>
[2025-06-13T13:15:45.606+0000] {taskinstance.py:1157} INFO - Dependencies all met for dep_context=requeueable deps ti=<TaskInstance: ecommerce_generate_tag.generate_tag scheduled__2023-12-01T00:00:00+00:00 [queued]>
[2025-06-13T13:15:45.607+0000] {taskinstance.py:1359} INFO - Starting attempt 1 of 2
[2025-06-13T13:15:45.669+0000] {taskinstance.py:1380} INFO - Executing <Task(PythonOperator): generate_tag> on 2023-12-01 00:00:00+00:00
[2025-06-13T13:15:45.682+0000] {standard_task_runner.py:57} INFO - Started process 248 to run task
[2025-06-13T13:15:45.696+0000] {standard_task_runner.py:84} INFO - Running: ['***', 'tasks', 'run', 'ecommerce_generate_tag', 'generate_tag', 'scheduled__2023-12-01T00:00:00+00:00', '--job-id', '4', '--raw', '--subdir', 'DAGS_FOLDER/generate_tag.py', '--cfg-path', '/tmp/tmpt3ilupp_']
[2025-06-13T13:15:45.706+0000] {standard_task_runner.py:85} INFO - Job 4: Subtask generate_tag
[2025-06-13T13:15:46.224+0000] {task_command.py:415} INFO - Running <TaskInstance: ecommerce_generate_tag.generate_tag scheduled__2023-12-01T00:00:00+00:00 [running]> on host 1505abd3baf2
[2025-06-13T13:15:46.843+0000] {taskinstance.py:1660} INFO - Exporting env vars: AIRFLOW_CTX_DAG_OWNER='***' AIRFLOW_CTX_DAG_ID='ecommerce_generate_tag' AIRFLOW_CTX_TASK_ID='generate_tag' AIRFLOW_CTX_EXECUTION_DATE='2023-12-01T00:00:00+00:00' AIRFLOW_CTX_TRY_NUMBER='1' AIRFLOW_CTX_DAG_RUN_ID='scheduled__2023-12-01T00:00:00+00:00'
[2025-06-13T13:15:47.348+0000] {python.py:194} INFO - Done. Returned value was: None
[2025-06-13T13:15:47.394+0000] {taskinstance.py:1398} INFO - Marking task as SUCCESS. dag_id=ecommerce_generate_tag, task_id=generate_tag, execution_date=20231201T000000, start_date=20250613T131545, end_date=20250613T131547
[2025-06-13T13:15:47.486+0000] {local_task_job_runner.py:228} INFO - Task exited with return code 0
[2025-06-13T13:15:47.607+0000] {taskinstance.py:2776} INFO - 0 downstream tasks scheduled from follow-on schedule check
[2025-06-13T13:19:00.840+0000] {taskinstance.py:1157} INFO - Dependencies all met for dep_context=non-requeueable deps ti=<TaskInstance: ecommerce_generate_tag.generate_tag scheduled__2023-12-01T00:00:00+00:00 [queued]>
[2025-06-13T13:19:00.911+0000] {taskinstance.py:1157} INFO - Dependencies all met for dep_context=requeueable deps ti=<TaskInstance: ecommerce_generate_tag.generate_tag scheduled__2023-12-01T00:00:00+00:00 [queued]>
[2025-06-13T13:19:00.924+0000] {taskinstance.py:1359} INFO - Starting attempt 1 of 2
[2025-06-13T13:19:00.998+0000] {taskinstance.py:1380} INFO - Executing <Task(PythonOperator): generate_tag> on 2023-12-01 00:00:00+00:00
[2025-06-13T13:19:01.059+0000] {standard_task_runner.py:57} INFO - Started process 230 to run task
[2025-06-13T13:19:01.074+0000] {standard_task_runner.py:84} INFO - Running: ['***', 'tasks', 'run', 'ecommerce_generate_tag', 'generate_tag', 'scheduled__2023-12-01T00:00:00+00:00', '--job-id', '9', '--raw', '--subdir', 'DAGS_FOLDER/generate_tag.py', '--cfg-path', '/tmp/tmp160v481w']
[2025-06-13T13:19:01.081+0000] {standard_task_runner.py:85} INFO - Job 9: Subtask generate_tag
[2025-06-13T13:19:01.349+0000] {task_command.py:415} INFO - Running <TaskInstance: ecommerce_generate_tag.generate_tag scheduled__2023-12-01T00:00:00+00:00 [running]> on host ad52f0edf798
[2025-06-13T13:19:01.932+0000] {taskinstance.py:1660} INFO - Exporting env vars: AIRFLOW_CTX_DAG_OWNER='***' AIRFLOW_CTX_DAG_ID='ecommerce_generate_tag' AIRFLOW_CTX_TASK_ID='generate_tag' AIRFLOW_CTX_EXECUTION_DATE='2023-12-01T00:00:00+00:00' AIRFLOW_CTX_TRY_NUMBER='1' AIRFLOW_CTX_DAG_RUN_ID='scheduled__2023-12-01T00:00:00+00:00'
[2025-06-13T13:19:02.893+0000] {python.py:194} INFO - Done. Returned value was: None
[2025-06-13T13:19:02.956+0000] {taskinstance.py:1398} INFO - Marking task as SUCCESS. dag_id=ecommerce_generate_tag, task_id=generate_tag, execution_date=20231201T000000, start_date=20250613T131900, end_date=20250613T131902
[2025-06-13T13:19:03.074+0000] {local_task_job_runner.py:228} INFO - Task exited with return code 0
[2025-06-13T13:19:03.146+0000] {taskinstance.py:2776} INFO - 0 downstream tasks scheduled from follow-on schedule check
[2025-06-13T13:24:37.924+0000] {taskinstance.py:1157} INFO - Dependencies all met for dep_context=non-requeueable deps ti=<TaskInstance: ecommerce_generate_tag.generate_tag scheduled__2023-12-01T00:00:00+00:00 [queued]>
[2025-06-13T13:24:37.953+0000] {taskinstance.py:1157} INFO - Dependencies all met for dep_context=requeueable deps ti=<TaskInstance: ecommerce_generate_tag.generate_tag scheduled__2023-12-01T00:00:00+00:00 [queued]>
[2025-06-13T13:24:37.954+0000] {taskinstance.py:1359} INFO - Starting attempt 1 of 2
[2025-06-13T13:24:37.991+0000] {taskinstance.py:1380} INFO - Executing <Task(PythonOperator): generate_tag> on 2023-12-01 00:00:00+00:00
[2025-06-13T13:24:38.021+0000] {standard_task_runner.py:57} INFO - Started process 225 to run task
[2025-06-13T13:24:38.051+0000] {standard_task_runner.py:84} INFO - Running: ['***', 'tasks', 'run', 'ecommerce_generate_tag', 'generate_tag', 'scheduled__2023-12-01T00:00:00+00:00', '--job-id', '4', '--raw', '--subdir', 'DAGS_FOLDER/generate_tag.py', '--cfg-path', '/tmp/tmpdm3u2ho4']
[2025-06-13T13:24:38.068+0000] {standard_task_runner.py:85} INFO - Job 4: Subtask generate_tag
[2025-06-13T13:24:38.371+0000] {task_command.py:415} INFO - Running <TaskInstance: ecommerce_generate_tag.generate_tag scheduled__2023-12-01T00:00:00+00:00 [running]> on host 3ddb9b5ffd69
[2025-06-13T13:24:38.896+0000] {taskinstance.py:1660} INFO - Exporting env vars: AIRFLOW_CTX_DAG_OWNER='***' AIRFLOW_CTX_DAG_ID='ecommerce_generate_tag' AIRFLOW_CTX_TASK_ID='generate_tag' AIRFLOW_CTX_EXECUTION_DATE='2023-12-01T00:00:00+00:00' AIRFLOW_CTX_TRY_NUMBER='1' AIRFLOW_CTX_DAG_RUN_ID='scheduled__2023-12-01T00:00:00+00:00'
[2025-06-13T13:24:39.241+0000] {python.py:194} INFO - Done. Returned value was: None
[2025-06-13T13:24:39.327+0000] {taskinstance.py:1398} INFO - Marking task as SUCCESS. dag_id=ecommerce_generate_tag, task_id=generate_tag, execution_date=20231201T000000, start_date=20250613T132437, end_date=20250613T132439
[2025-06-13T13:24:39.396+0000] {local_task_job_runner.py:228} INFO - Task exited with return code 0
[2025-06-13T13:24:39.561+0000] {taskinstance.py:2776} INFO - 0 downstream tasks scheduled from follow-on schedule check
[2025-06-13T13:35:44.602+0000] {taskinstance.py:1157} INFO - Dependencies all met for dep_context=non-requeueable deps ti=<TaskInstance: ecommerce_generate_tag.generate_tag scheduled__2023-12-01T00:00:00+00:00 [queued]>
[2025-06-13T13:35:44.626+0000] {taskinstance.py:1157} INFO - Dependencies all met for dep_context=requeueable deps ti=<TaskInstance: ecommerce_generate_tag.generate_tag scheduled__2023-12-01T00:00:00+00:00 [queued]>
[2025-06-13T13:35:44.630+0000] {taskinstance.py:1359} INFO - Starting attempt 1 of 2
[2025-06-13T13:35:44.677+0000] {taskinstance.py:1380} INFO - Executing <Task(PythonOperator): generate_tag> on 2023-12-01 00:00:00+00:00
[2025-06-13T13:35:44.695+0000] {standard_task_runner.py:57} INFO - Started process 224 to run task
[2025-06-13T13:35:44.702+0000] {standard_task_runner.py:84} INFO - Running: ['***', 'tasks', 'run', 'ecommerce_generate_tag', 'generate_tag', 'scheduled__2023-12-01T00:00:00+00:00', '--job-id', '5', '--raw', '--subdir', 'DAGS_FOLDER/generate_tag.py', '--cfg-path', '/tmp/tmpy0dyy7dn']
[2025-06-13T13:35:44.707+0000] {standard_task_runner.py:85} INFO - Job 5: Subtask generate_tag
[2025-06-13T13:35:44.957+0000] {task_command.py:415} INFO - Running <TaskInstance: ecommerce_generate_tag.generate_tag scheduled__2023-12-01T00:00:00+00:00 [running]> on host 76a309d19f9c
[2025-06-13T13:35:45.253+0000] {taskinstance.py:1660} INFO - Exporting env vars: AIRFLOW_CTX_DAG_OWNER='***' AIRFLOW_CTX_DAG_ID='ecommerce_generate_tag' AIRFLOW_CTX_TASK_ID='generate_tag' AIRFLOW_CTX_EXECUTION_DATE='2023-12-01T00:00:00+00:00' AIRFLOW_CTX_TRY_NUMBER='1' AIRFLOW_CTX_DAG_RUN_ID='scheduled__2023-12-01T00:00:00+00:00'
[2025-06-13T13:35:45.504+0000] {python.py:194} INFO - Done. Returned value was: None
[2025-06-13T13:35:45.564+0000] {taskinstance.py:1398} INFO - Marking task as SUCCESS. dag_id=ecommerce_generate_tag, task_id=generate_tag, execution_date=20231201T000000, start_date=20250613T133544, end_date=20250613T133545
[2025-06-13T13:35:45.806+0000] {local_task_job_runner.py:228} INFO - Task exited with return code 0
[2025-06-13T13:35:45.908+0000] {taskinstance.py:2776} INFO - 0 downstream tasks scheduled from follow-on schedule check
[2025-06-13T13:41:48.533+0000] {taskinstance.py:1157} INFO - Dependencies all met for dep_context=non-requeueable deps ti=<TaskInstance: ecommerce_generate_tag.generate_tag scheduled__2023-12-01T00:00:00+00:00 [queued]>
[2025-06-13T13:41:48.568+0000] {taskinstance.py:1157} INFO - Dependencies all met for dep_context=requeueable deps ti=<TaskInstance: ecommerce_generate_tag.generate_tag scheduled__2023-12-01T00:00:00+00:00 [queued]>
[2025-06-13T13:41:48.569+0000] {taskinstance.py:1359} INFO - Starting attempt 1 of 2
[2025-06-13T13:41:48.622+0000] {taskinstance.py:1380} INFO - Executing <Task(PythonOperator): generate_tag> on 2023-12-01 00:00:00+00:00
[2025-06-13T13:41:48.635+0000] {standard_task_runner.py:57} INFO - Started process 225 to run task
[2025-06-13T13:41:48.641+0000] {standard_task_runner.py:84} INFO - Running: ['***', 'tasks', 'run', 'ecommerce_generate_tag', 'generate_tag', 'scheduled__2023-12-01T00:00:00+00:00', '--job-id', '4', '--raw', '--subdir', 'DAGS_FOLDER/generate_tag.py', '--cfg-path', '/tmp/tmpm7z1yw4a']
[2025-06-13T13:41:48.646+0000] {standard_task_runner.py:85} INFO - Job 4: Subtask generate_tag
[2025-06-13T13:41:48.871+0000] {task_command.py:415} INFO - Running <TaskInstance: ecommerce_generate_tag.generate_tag scheduled__2023-12-01T00:00:00+00:00 [running]> on host 4821ab4d0de9
[2025-06-13T13:41:49.196+0000] {taskinstance.py:1660} INFO - Exporting env vars: AIRFLOW_CTX_DAG_OWNER='***' AIRFLOW_CTX_DAG_ID='ecommerce_generate_tag' AIRFLOW_CTX_TASK_ID='generate_tag' AIRFLOW_CTX_EXECUTION_DATE='2023-12-01T00:00:00+00:00' AIRFLOW_CTX_TRY_NUMBER='1' AIRFLOW_CTX_DAG_RUN_ID='scheduled__2023-12-01T00:00:00+00:00'
[2025-06-13T13:41:49.399+0000] {python.py:194} INFO - Done. Returned value was: None
[2025-06-13T13:41:49.460+0000] {taskinstance.py:1398} INFO - Marking task as SUCCESS. dag_id=ecommerce_generate_tag, task_id=generate_tag, execution_date=20231201T000000, start_date=20250613T134148, end_date=20250613T134149
[2025-06-13T13:41:49.534+0000] {local_task_job_runner.py:228} INFO - Task exited with return code 0
[2025-06-13T13:41:49.595+0000] {taskinstance.py:2776} INFO - 0 downstream tasks scheduled from follow-on schedule check
[2025-06-13T13:48:47.410+0000] {taskinstance.py:1157} INFO - Dependencies all met for dep_context=non-requeueable deps ti=<TaskInstance: ecommerce_generate_tag.generate_tag scheduled__2023-12-01T00:00:00+00:00 [queued]>
[2025-06-13T13:48:47.428+0000] {taskinstance.py:1157} INFO - Dependencies all met for dep_context=requeueable deps ti=<TaskInstance: ecommerce_generate_tag.generate_tag scheduled__2023-12-01T00:00:00+00:00 [queued]>
[2025-06-13T13:48:47.429+0000] {taskinstance.py:1359} INFO - Starting attempt 1 of 2
[2025-06-13T13:48:47.482+0000] {taskinstance.py:1380} INFO - Executing <Task(PythonOperator): generate_tag> on 2023-12-01 00:00:00+00:00
[2025-06-13T13:48:47.508+0000] {standard_task_runner.py:57} INFO - Started process 228 to run task
[2025-06-13T13:48:47.532+0000] {standard_task_runner.py:84} INFO - Running: ['***', 'tasks', 'run', 'ecommerce_generate_tag', 'generate_tag', 'scheduled__2023-12-01T00:00:00+00:00', '--job-id', '7', '--raw', '--subdir', 'DAGS_FOLDER/generate_tag.py', '--cfg-path', '/tmp/tmp5m0htlhr']
[2025-06-13T13:48:47.544+0000] {standard_task_runner.py:85} INFO - Job 7: Subtask generate_tag
[2025-06-13T13:48:47.798+0000] {task_command.py:415} INFO - Running <TaskInstance: ecommerce_generate_tag.generate_tag scheduled__2023-12-01T00:00:00+00:00 [running]> on host 9ee50315c50c
[2025-06-13T13:48:48.062+0000] {taskinstance.py:1660} INFO - Exporting env vars: AIRFLOW_CTX_DAG_OWNER='***' AIRFLOW_CTX_DAG_ID='ecommerce_generate_tag' AIRFLOW_CTX_TASK_ID='generate_tag' AIRFLOW_CTX_EXECUTION_DATE='2023-12-01T00:00:00+00:00' AIRFLOW_CTX_TRY_NUMBER='1' AIRFLOW_CTX_DAG_RUN_ID='scheduled__2023-12-01T00:00:00+00:00'
[2025-06-13T13:48:48.202+0000] {python.py:194} INFO - Done. Returned value was: None
[2025-06-13T13:48:48.274+0000] {taskinstance.py:1398} INFO - Marking task as SUCCESS. dag_id=ecommerce_generate_tag, task_id=generate_tag, execution_date=20231201T000000, start_date=20250613T134847, end_date=20250613T134848
[2025-06-13T13:48:48.367+0000] {local_task_job_runner.py:228} INFO - Task exited with return code 0
[2025-06-13T13:48:48.531+0000] {taskinstance.py:2776} INFO - 0 downstream tasks scheduled from follow-on schedule check
[2025-06-13T13:51:16.733+0000] {taskinstance.py:1157} INFO - Dependencies all met for dep_context=non-requeueable deps ti=<TaskInstance: ecommerce_generate_tag.generate_tag scheduled__2023-12-01T00:00:00+00:00 [queued]>
[2025-06-13T13:51:16.760+0000] {taskinstance.py:1157} INFO - Dependencies all met for dep_context=requeueable deps ti=<TaskInstance: ecommerce_generate_tag.generate_tag scheduled__2023-12-01T00:00:00+00:00 [queued]>
[2025-06-13T13:51:16.761+0000] {taskinstance.py:1359} INFO - Starting attempt 1 of 2
[2025-06-13T13:51:16.833+0000] {taskinstance.py:1380} INFO - Executing <Task(PythonOperator): generate_tag> on 2023-12-01 00:00:00+00:00
[2025-06-13T13:51:16.861+0000] {standard_task_runner.py:57} INFO - Started process 227 to run task
[2025-06-13T13:51:16.866+0000] {standard_task_runner.py:84} INFO - Running: ['***', 'tasks', 'run', 'ecommerce_generate_tag', 'generate_tag', 'scheduled__2023-12-01T00:00:00+00:00', '--job-id', '5', '--raw', '--subdir', 'DAGS_FOLDER/generate_tag.py', '--cfg-path', '/tmp/tmpro6q7afy']
[2025-06-13T13:51:16.878+0000] {standard_task_runner.py:85} INFO - Job 5: Subtask generate_tag
[2025-06-13T13:51:17.210+0000] {task_command.py:415} INFO - Running <TaskInstance: ecommerce_generate_tag.generate_tag scheduled__2023-12-01T00:00:00+00:00 [running]> on host 17d15dd20887
[2025-06-13T13:51:17.757+0000] {taskinstance.py:1660} INFO - Exporting env vars: AIRFLOW_CTX_DAG_OWNER='***' AIRFLOW_CTX_DAG_ID='ecommerce_generate_tag' AIRFLOW_CTX_TASK_ID='generate_tag' AIRFLOW_CTX_EXECUTION_DATE='2023-12-01T00:00:00+00:00' AIRFLOW_CTX_TRY_NUMBER='1' AIRFLOW_CTX_DAG_RUN_ID='scheduled__2023-12-01T00:00:00+00:00'
[2025-06-13T13:51:18.023+0000] {python.py:194} INFO - Done. Returned value was: None
[2025-06-13T13:51:18.111+0000] {taskinstance.py:1398} INFO - Marking task as SUCCESS. dag_id=ecommerce_generate_tag, task_id=generate_tag, execution_date=20231201T000000, start_date=20250613T135116, end_date=20250613T135118
[2025-06-13T13:51:18.186+0000] {local_task_job_runner.py:228} INFO - Task exited with return code 0
[2025-06-13T13:51:18.459+0000] {taskinstance.py:2776} INFO - 0 downstream tasks scheduled from follow-on schedule check
[2025-06-13T13:54:07.938+0000] {taskinstance.py:1157} INFO - Dependencies all met for dep_context=non-requeueable deps ti=<TaskInstance: ecommerce_generate_tag.generate_tag scheduled__2023-12-01T00:00:00+00:00 [queued]>
[2025-06-13T13:54:07.962+0000] {taskinstance.py:1157} INFO - Dependencies all met for dep_context=requeueable deps ti=<TaskInstance: ecommerce_generate_tag.generate_tag scheduled__2023-12-01T00:00:00+00:00 [queued]>
[2025-06-13T13:54:07.963+0000] {taskinstance.py:1359} INFO - Starting attempt 1 of 2
[2025-06-13T13:54:08.022+0000] {taskinstance.py:1380} INFO - Executing <Task(PythonOperator): generate_tag> on 2023-12-01 00:00:00+00:00
[2025-06-13T13:54:08.051+0000] {standard_task_runner.py:57} INFO - Started process 226 to run task
[2025-06-13T13:54:08.061+0000] {standard_task_runner.py:84} INFO - Running: ['***', 'tasks', 'run', 'ecommerce_generate_tag', 'generate_tag', 'scheduled__2023-12-01T00:00:00+00:00', '--job-id', '4', '--raw', '--subdir', 'DAGS_FOLDER/generate_tag.py', '--cfg-path', '/tmp/tmpsmweehjb']
[2025-06-13T13:54:08.066+0000] {standard_task_runner.py:85} INFO - Job 4: Subtask generate_tag
[2025-06-13T13:54:08.486+0000] {task_command.py:415} INFO - Running <TaskInstance: ecommerce_generate_tag.generate_tag scheduled__2023-12-01T00:00:00+00:00 [running]> on host f1d84043854e
[2025-06-13T13:54:09.429+0000] {taskinstance.py:1660} INFO - Exporting env vars: AIRFLOW_CTX_DAG_OWNER='***' AIRFLOW_CTX_DAG_ID='ecommerce_generate_tag' AIRFLOW_CTX_TASK_ID='generate_tag' AIRFLOW_CTX_EXECUTION_DATE='2023-12-01T00:00:00+00:00' AIRFLOW_CTX_TRY_NUMBER='1' AIRFLOW_CTX_DAG_RUN_ID='scheduled__2023-12-01T00:00:00+00:00'
[2025-06-13T13:54:09.916+0000] {python.py:194} INFO - Done. Returned value was: None
[2025-06-13T13:54:10.007+0000] {taskinstance.py:1398} INFO - Marking task as SUCCESS. dag_id=ecommerce_generate_tag, task_id=generate_tag, execution_date=20231201T000000, start_date=20250613T135407, end_date=20250613T135410
[2025-06-13T13:54:10.120+0000] {local_task_job_runner.py:228} INFO - Task exited with return code 0
[2025-06-13T13:54:10.502+0000] {taskinstance.py:2776} INFO - 0 downstream tasks scheduled from follow-on schedule check
[2025-06-13T14:02:30.577+0000] {taskinstance.py:1157} INFO - Dependencies all met for dep_context=non-requeueable deps ti=<TaskInstance: ecommerce_generate_tag.generate_tag scheduled__2023-12-01T00:00:00+00:00 [queued]>
[2025-06-13T14:02:30.630+0000] {taskinstance.py:1157} INFO - Dependencies all met for dep_context=requeueable deps ti=<TaskInstance: ecommerce_generate_tag.generate_tag scheduled__2023-12-01T00:00:00+00:00 [queued]>
[2025-06-13T14:02:30.631+0000] {taskinstance.py:1359} INFO - Starting attempt 1 of 2
[2025-06-13T14:02:30.779+0000] {taskinstance.py:1380} INFO - Executing <Task(PythonOperator): generate_tag> on 2023-12-01 00:00:00+00:00
[2025-06-13T14:02:30.791+0000] {standard_task_runner.py:57} INFO - Started process 225 to run task
[2025-06-13T14:02:30.801+0000] {standard_task_runner.py:84} INFO - Running: ['***', 'tasks', 'run', 'ecommerce_generate_tag', 'generate_tag', 'scheduled__2023-12-01T00:00:00+00:00', '--job-id', '7', '--raw', '--subdir', 'DAGS_FOLDER/generate_tag.py', '--cfg-path', '/tmp/tmpoqu2oa2a']
[2025-06-13T14:02:30.808+0000] {standard_task_runner.py:85} INFO - Job 7: Subtask generate_tag
[2025-06-13T14:02:31.338+0000] {task_command.py:415} INFO - Running <TaskInstance: ecommerce_generate_tag.generate_tag scheduled__2023-12-01T00:00:00+00:00 [running]> on host ecb9ce2a98b4
[2025-06-13T14:02:32.236+0000] {taskinstance.py:1660} INFO - Exporting env vars: AIRFLOW_CTX_DAG_OWNER='***' AIRFLOW_CTX_DAG_ID='ecommerce_generate_tag' AIRFLOW_CTX_TASK_ID='generate_tag' AIRFLOW_CTX_EXECUTION_DATE='2023-12-01T00:00:00+00:00' AIRFLOW_CTX_TRY_NUMBER='1' AIRFLOW_CTX_DAG_RUN_ID='scheduled__2023-12-01T00:00:00+00:00'
[2025-06-13T14:02:32.604+0000] {python.py:194} INFO - Done. Returned value was: None
[2025-06-13T14:02:32.660+0000] {taskinstance.py:1398} INFO - Marking task as SUCCESS. dag_id=ecommerce_generate_tag, task_id=generate_tag, execution_date=20231201T000000, start_date=20250613T140230, end_date=20250613T140232
[2025-06-13T14:02:32.815+0000] {local_task_job_runner.py:228} INFO - Task exited with return code 0
[2025-06-13T14:02:33.050+0000] {taskinstance.py:2776} INFO - 0 downstream tasks scheduled from follow-on schedule check
[2025-06-13T14:05:45.027+0000] {taskinstance.py:1157} INFO - Dependencies all met for dep_context=non-requeueable deps ti=<TaskInstance: ecommerce_generate_tag.generate_tag scheduled__2023-12-01T00:00:00+00:00 [queued]>
[2025-06-13T14:05:45.069+0000] {taskinstance.py:1157} INFO - Dependencies all met for dep_context=requeueable deps ti=<TaskInstance: ecommerce_generate_tag.generate_tag scheduled__2023-12-01T00:00:00+00:00 [queued]>
[2025-06-13T14:05:45.071+0000] {taskinstance.py:1359} INFO - Starting attempt 1 of 2
[2025-06-13T14:05:45.130+0000] {taskinstance.py:1380} INFO - Executing <Task(PythonOperator): generate_tag> on 2023-12-01 00:00:00+00:00
[2025-06-13T14:05:45.153+0000] {standard_task_runner.py:57} INFO - Started process 226 to run task
[2025-06-13T14:05:45.161+0000] {standard_task_runner.py:84} INFO - Running: ['***', 'tasks', 'run', 'ecommerce_generate_tag', 'generate_tag', 'scheduled__2023-12-01T00:00:00+00:00', '--job-id', '4', '--raw', '--subdir', 'DAGS_FOLDER/generate_tag.py', '--cfg-path', '/tmp/tmpfzrrmyoq']
[2025-06-13T14:05:45.172+0000] {standard_task_runner.py:85} INFO - Job 4: Subtask generate_tag
[2025-06-13T14:05:45.410+0000] {task_command.py:415} INFO - Running <TaskInstance: ecommerce_generate_tag.generate_tag scheduled__2023-12-01T00:00:00+00:00 [running]> on host a30c1c73f42f
[2025-06-13T14:05:45.929+0000] {taskinstance.py:1660} INFO - Exporting env vars: AIRFLOW_CTX_DAG_OWNER='***' AIRFLOW_CTX_DAG_ID='ecommerce_generate_tag' AIRFLOW_CTX_TASK_ID='generate_tag' AIRFLOW_CTX_EXECUTION_DATE='2023-12-01T00:00:00+00:00' AIRFLOW_CTX_TRY_NUMBER='1' AIRFLOW_CTX_DAG_RUN_ID='scheduled__2023-12-01T00:00:00+00:00'
[2025-06-13T14:05:46.142+0000] {python.py:194} INFO - Done. Returned value was: None
[2025-06-13T14:05:46.216+0000] {taskinstance.py:1398} INFO - Marking task as SUCCESS. dag_id=ecommerce_generate_tag, task_id=generate_tag, execution_date=20231201T000000, start_date=20250613T140545, end_date=20250613T140546
[2025-06-13T14:05:46.367+0000] {local_task_job_runner.py:228} INFO - Task exited with return code 0
[2025-06-13T14:05:46.514+0000] {taskinstance.py:2776} INFO - 0 downstream tasks scheduled from follow-on schedule check
[2025-06-13T14:08:44.739+0000] {taskinstance.py:1157} INFO - Dependencies all met for dep_context=non-requeueable deps ti=<TaskInstance: ecommerce_generate_tag.generate_tag scheduled__2023-12-01T00:00:00+00:00 [queued]>
[2025-06-13T14:08:44.763+0000] {taskinstance.py:1157} INFO - Dependencies all met for dep_context=requeueable deps ti=<TaskInstance: ecommerce_generate_tag.generate_tag scheduled__2023-12-01T00:00:00+00:00 [queued]>
[2025-06-13T14:08:44.764+0000] {taskinstance.py:1359} INFO - Starting attempt 1 of 2
[2025-06-13T14:08:44.801+0000] {taskinstance.py:1380} INFO - Executing <Task(PythonOperator): generate_tag> on 2023-12-01 00:00:00+00:00
[2025-06-13T14:08:44.821+0000] {standard_task_runner.py:57} INFO - Started process 225 to run task
[2025-06-13T14:08:44.826+0000] {standard_task_runner.py:84} INFO - Running: ['***', 'tasks', 'run', 'ecommerce_generate_tag', 'generate_tag', 'scheduled__2023-12-01T00:00:00+00:00', '--job-id', '4', '--raw', '--subdir', 'DAGS_FOLDER/generate_tag.py', '--cfg-path', '/tmp/tmpujqrm9f4']
[2025-06-13T14:08:44.831+0000] {standard_task_runner.py:85} INFO - Job 4: Subtask generate_tag
[2025-06-13T14:08:45.037+0000] {task_command.py:415} INFO - Running <TaskInstance: ecommerce_generate_tag.generate_tag scheduled__2023-12-01T00:00:00+00:00 [running]> on host 3bda607c6347
[2025-06-13T14:08:45.355+0000] {taskinstance.py:1660} INFO - Exporting env vars: AIRFLOW_CTX_DAG_OWNER='***' AIRFLOW_CTX_DAG_ID='ecommerce_generate_tag' AIRFLOW_CTX_TASK_ID='generate_tag' AIRFLOW_CTX_EXECUTION_DATE='2023-12-01T00:00:00+00:00' AIRFLOW_CTX_TRY_NUMBER='1' AIRFLOW_CTX_DAG_RUN_ID='scheduled__2023-12-01T00:00:00+00:00'
[2025-06-13T14:08:45.595+0000] {python.py:194} INFO - Done. Returned value was: None
[2025-06-13T14:08:45.634+0000] {taskinstance.py:1398} INFO - Marking task as SUCCESS. dag_id=ecommerce_generate_tag, task_id=generate_tag, execution_date=20231201T000000, start_date=20250613T140844, end_date=20250613T140845
[2025-06-13T14:08:45.695+0000] {local_task_job_runner.py:228} INFO - Task exited with return code 0
[2025-06-13T14:08:45.780+0000] {taskinstance.py:2776} INFO - 0 downstream tasks scheduled from follow-on schedule check
[2025-06-13T15:50:52.903+0000] {taskinstance.py:1157} INFO - Dependencies all met for dep_context=non-requeueable deps ti=<TaskInstance: ecommerce_generate_tag.generate_tag scheduled__2023-12-01T00:00:00+00:00 [queued]>
[2025-06-13T15:50:53.012+0000] {taskinstance.py:1157} INFO - Dependencies all met for dep_context=requeueable deps ti=<TaskInstance: ecommerce_generate_tag.generate_tag scheduled__2023-12-01T00:00:00+00:00 [queued]>
[2025-06-13T15:50:53.013+0000] {taskinstance.py:1359} INFO - Starting attempt 1 of 2
[2025-06-13T15:50:53.157+0000] {taskinstance.py:1380} INFO - Executing <Task(PythonOperator): generate_tag> on 2023-12-01 00:00:00+00:00
[2025-06-13T15:50:53.208+0000] {standard_task_runner.py:57} INFO - Started process 225 to run task
[2025-06-13T15:50:53.308+0000] {standard_task_runner.py:84} INFO - Running: ['***', 'tasks', 'run', 'ecommerce_generate_tag', 'generate_tag', 'scheduled__2023-12-01T00:00:00+00:00', '--job-id', '8', '--raw', '--subdir', 'DAGS_FOLDER/generate_tag.py', '--cfg-path', '/tmp/tmpdsxojisn']
[2025-06-13T15:50:53.344+0000] {standard_task_runner.py:85} INFO - Job 8: Subtask generate_tag
[2025-06-13T15:50:53.805+0000] {task_command.py:415} INFO - Running <TaskInstance: ecommerce_generate_tag.generate_tag scheduled__2023-12-01T00:00:00+00:00 [running]> on host 3498b866135e
[2025-06-13T15:50:54.290+0000] {taskinstance.py:1660} INFO - Exporting env vars: AIRFLOW_CTX_DAG_OWNER='***' AIRFLOW_CTX_DAG_ID='ecommerce_generate_tag' AIRFLOW_CTX_TASK_ID='generate_tag' AIRFLOW_CTX_EXECUTION_DATE='2023-12-01T00:00:00+00:00' AIRFLOW_CTX_TRY_NUMBER='1' AIRFLOW_CTX_DAG_RUN_ID='scheduled__2023-12-01T00:00:00+00:00'
[2025-06-13T15:50:54.683+0000] {python.py:194} INFO - Done. Returned value was: None
[2025-06-13T15:50:54.760+0000] {taskinstance.py:1398} INFO - Marking task as SUCCESS. dag_id=ecommerce_generate_tag, task_id=generate_tag, execution_date=20231201T000000, start_date=20250613T155052, end_date=20250613T155054
[2025-06-13T15:50:54.841+0000] {local_task_job_runner.py:228} INFO - Task exited with return code 0
[2025-06-13T15:50:54.980+0000] {taskinstance.py:2776} INFO - 0 downstream tasks scheduled from follow-on schedule check
