[2025-06-13T16:14:32.884+0000] {taskinstance.py:1157} INFO - Dependencies all met for dep_context=non-requeueable deps ti=<TaskInstance: ecommerce_generate_order_process.generate_order_process scheduled__2025-06-13T16:13:31.606904+00:00 [queued]>
[2025-06-13T16:14:32.899+0000] {taskinstance.py:1157} INFO - Dependencies all met for dep_context=requeueable deps ti=<TaskInstance: ecommerce_generate_order_process.generate_order_process scheduled__2025-06-13T16:13:31.606904+00:00 [queued]>
[2025-06-13T16:14:32.899+0000] {taskinstance.py:1359} INFO - Starting attempt 1 of 6
[2025-06-13T16:14:32.925+0000] {taskinstance.py:1380} INFO - Executing <Task(_PythonDecoratedOperator): generate_order_process> on 2025-06-13 16:13:31.606904+00:00
[2025-06-13T16:14:32.935+0000] {standard_task_runner.py:57} INFO - Started process 2301 to run task
[2025-06-13T16:14:32.940+0000] {standard_task_runner.py:84} INFO - Running: ['***', 'tasks', 'run', 'ecommerce_generate_order_process', 'generate_order_process', 'scheduled__2025-06-13T16:13:31.606904+00:00', '--job-id', '145', '--raw', '--subdir', 'DAGS_FOLDER/generate_order_process.py', '--cfg-path', '/tmp/tmp8hwmdmds']
[2025-06-13T16:14:32.944+0000] {standard_task_runner.py:85} INFO - Job 145: Subtask generate_order_process
[2025-06-13T16:14:33.070+0000] {task_command.py:415} INFO - Running <TaskInstance: ecommerce_generate_order_process.generate_order_process scheduled__2025-06-13T16:13:31.606904+00:00 [running]> on host 3498b866135e
[2025-06-13T16:14:33.281+0000] {taskinstance.py:1660} INFO - Exporting env vars: AIRFLOW_CTX_DAG_OWNER='***' AIRFLOW_CTX_DAG_ID='ecommerce_generate_order_process' AIRFLOW_CTX_TASK_ID='generate_order_process' AIRFLOW_CTX_EXECUTION_DATE='2025-06-13T16:13:31.606904+00:00' AIRFLOW_CTX_TRY_NUMBER='1' AIRFLOW_CTX_DAG_RUN_ID='scheduled__2025-06-13T16:13:31.606904+00:00'
[2025-06-13T16:14:33.309+0000] {logging_mixin.py:151} INFO - ----------------------------
[2025-06-13T16:14:33.310+0000] {logging_mixin.py:151} INFO - 15
[2025-06-13T16:14:33.310+0000] {logging_mixin.py:151} INFO - ----------------------------
[2025-06-13T16:14:33.326+0000] {logging_mixin.py:151} INFO - [(23, 1, Decimal('521.30'), Decimal('16.80'), Decimal('87.57840')), (4, 9, Decimal('38.75'), Decimal('2.09'), Decimal('7.288875')), (17, 1, Decimal('207.60'), Decimal('14.70'), Decimal('30.51720'))]
[2025-06-13T16:14:33.330+0000] {logging_mixin.py:151} INFO - [(27, 23, 1, Decimal('521.30'), Decimal('16.80'), Decimal('87.57840')), (27, 4, 9, Decimal('38.75'), Decimal('2.09'), Decimal('7.288875')), (27, 17, 1, Decimal('207.60'), Decimal('14.70'), Decimal('30.51720'))]
[2025-06-13T16:14:33.332+0000] {logging_mixin.py:151} INFO - Simulation completed successfully!
[2025-06-13T16:14:33.333+0000] {logging_mixin.py:151} INFO - 27
[2025-06-13T16:14:33.334+0000] {python.py:194} INFO - Done. Returned value was: 27
[2025-06-13T16:14:33.410+0000] {taskinstance.py:1398} INFO - Marking task as SUCCESS. dag_id=ecommerce_generate_order_process, task_id=generate_order_process, execution_date=20250613T161331, start_date=20250613T161432, end_date=20250613T161433
[2025-06-13T16:14:33.474+0000] {local_task_job_runner.py:228} INFO - Task exited with return code 0
[2025-06-13T16:14:33.573+0000] {taskinstance.py:2776} INFO - 1 downstream tasks scheduled from follow-on schedule check
