[2025-06-13T13:30:24.437+0000] {taskinstance.py:1157} INFO - Dependencies all met for dep_context=non-requeueable deps ti=<TaskInstance: ecommerce_generate_order_process.generate_order_process scheduled__2025-06-13T13:29:22.854539+00:00 [queued]>
[2025-06-13T13:30:24.444+0000] {taskinstance.py:1157} INFO - Dependencies all met for dep_context=requeueable deps ti=<TaskInstance: ecommerce_generate_order_process.generate_order_process scheduled__2025-06-13T13:29:22.854539+00:00 [queued]>
[2025-06-13T13:30:24.444+0000] {taskinstance.py:1359} INFO - Starting attempt 1 of 6
[2025-06-13T13:30:24.457+0000] {taskinstance.py:1380} INFO - Executing <Task(_PythonDecoratedOperator): generate_order_process> on 2025-06-13 13:29:22.854539+00:00
[2025-06-13T13:30:24.462+0000] {standard_task_runner.py:57} INFO - Started process 750 to run task
[2025-06-13T13:30:24.464+0000] {standard_task_runner.py:84} INFO - Running: ['***', 'tasks', 'run', 'ecommerce_generate_order_process', 'generate_order_process', 'scheduled__2025-06-13T13:29:22.854539+00:00', '--job-id', '49', '--raw', '--subdir', 'DAGS_FOLDER/generate_order_process.py', '--cfg-path', '/tmp/tmpfta039ig']
[2025-06-13T13:30:24.466+0000] {standard_task_runner.py:85} INFO - Job 49: Subtask generate_order_process
[2025-06-13T13:30:24.520+0000] {task_command.py:415} INFO - Running <TaskInstance: ecommerce_generate_order_process.generate_order_process scheduled__2025-06-13T13:29:22.854539+00:00 [running]> on host 3ddb9b5ffd69
[2025-06-13T13:30:24.629+0000] {taskinstance.py:1660} INFO - Exporting env vars: AIRFLOW_CTX_DAG_OWNER='***' AIRFLOW_CTX_DAG_ID='ecommerce_generate_order_process' AIRFLOW_CTX_TASK_ID='generate_order_process' AIRFLOW_CTX_EXECUTION_DATE='2025-06-13T13:29:22.854539+00:00' AIRFLOW_CTX_TRY_NUMBER='1' AIRFLOW_CTX_DAG_RUN_ID='scheduled__2025-06-13T13:29:22.854539+00:00'
[2025-06-13T13:30:24.643+0000] {logging_mixin.py:151} INFO - ----------------------------
[2025-06-13T13:30:24.643+0000] {logging_mixin.py:151} INFO - 10
[2025-06-13T13:30:24.644+0000] {logging_mixin.py:151} INFO - ----------------------------
[2025-06-13T13:30:24.650+0000] {logging_mixin.py:151} INFO - [(22, 5, Decimal('480.86'), Decimal('13.85'), Decimal('332.995550')), (18, 3, Decimal('665.36'), Decimal('3.62'), Decimal('72.258096'))]
[2025-06-13T13:30:24.651+0000] {logging_mixin.py:151} INFO - [(6, 22, 5, Decimal('480.86'), Decimal('13.85'), Decimal('332.995550')), (6, 18, 3, Decimal('665.36'), Decimal('3.62'), Decimal('72.258096'))]
[2025-06-13T13:30:24.652+0000] {logging_mixin.py:151} INFO - Simulation completed successfully!
[2025-06-13T13:30:24.652+0000] {logging_mixin.py:151} INFO - 6
[2025-06-13T13:30:24.652+0000] {python.py:194} INFO - Done. Returned value was: 6
[2025-06-13T13:30:24.687+0000] {taskinstance.py:1398} INFO - Marking task as SUCCESS. dag_id=ecommerce_generate_order_process, task_id=generate_order_process, execution_date=20250613T132922, start_date=20250613T133024, end_date=20250613T133024
[2025-06-13T13:30:24.716+0000] {local_task_job_runner.py:228} INFO - Task exited with return code 0
[2025-06-13T13:30:24.743+0000] {taskinstance.py:2776} INFO - 1 downstream tasks scheduled from follow-on schedule check
