[2025-06-13T15:56:34.100+0000] {taskinstance.py:1157} INFO - Dependencies all met for dep_context=non-requeueable deps ti=<TaskInstance: ecommerce_generate_order_process.generate_order_process scheduled__2025-06-13T15:55:31.870183+00:00 [queued]>
[2025-06-13T15:56:34.116+0000] {taskinstance.py:1157} INFO - Dependencies all met for dep_context=requeueable deps ti=<TaskInstance: ecommerce_generate_order_process.generate_order_process scheduled__2025-06-13T15:55:31.870183+00:00 [queued]>
[2025-06-13T15:56:34.117+0000] {taskinstance.py:1359} INFO - Starting attempt 1 of 6
[2025-06-13T15:56:34.142+0000] {taskinstance.py:1380} INFO - Executing <Task(_PythonDecoratedOperator): generate_order_process> on 2025-06-13 15:55:31.870183+00:00
[2025-06-13T15:56:34.152+0000] {standard_task_runner.py:57} INFO - Started process 749 to run task
[2025-06-13T15:56:34.157+0000] {standard_task_runner.py:84} INFO - Running: ['***', 'tasks', 'run', 'ecommerce_generate_order_process', 'generate_order_process', 'scheduled__2025-06-13T15:55:31.870183+00:00', '--job-id', '49', '--raw', '--subdir', 'DAGS_FOLDER/generate_order_process.py', '--cfg-path', '/tmp/tmp1u20gkh9']
[2025-06-13T15:56:34.161+0000] {standard_task_runner.py:85} INFO - Job 49: Subtask generate_order_process
[2025-06-13T15:56:34.276+0000] {task_command.py:415} INFO - Running <TaskInstance: ecommerce_generate_order_process.generate_order_process scheduled__2025-06-13T15:55:31.870183+00:00 [running]> on host 3498b866135e
[2025-06-13T15:56:34.442+0000] {taskinstance.py:1660} INFO - Exporting env vars: AIRFLOW_CTX_DAG_OWNER='***' AIRFLOW_CTX_DAG_ID='ecommerce_generate_order_process' AIRFLOW_CTX_TASK_ID='generate_order_process' AIRFLOW_CTX_EXECUTION_DATE='2025-06-13T15:55:31.870183+00:00' AIRFLOW_CTX_TRY_NUMBER='1' AIRFLOW_CTX_DAG_RUN_ID='scheduled__2025-06-13T15:55:31.870183+00:00'
[2025-06-13T15:56:34.464+0000] {logging_mixin.py:151} INFO - ----------------------------
[2025-06-13T15:56:34.464+0000] {logging_mixin.py:151} INFO - 11
[2025-06-13T15:56:34.465+0000] {logging_mixin.py:151} INFO - ----------------------------
[2025-06-13T15:56:34.474+0000] {logging_mixin.py:151} INFO - [(15, 7, Decimal('523.55'), Decimal('19.06'), Decimal('698.520410')), (18, 9, Decimal('697.86'), Decimal('6.91'), Decimal('433.999134')), (8, 1, Decimal('130.57'), Decimal('13.94'), Decimal('18.201458')), (24, 1, Decimal('387.14'), Decimal('4.66'), Decimal('18.040724')), (12, 6, Decimal('255.15'), Decimal('19.41'), Decimal('297.147690')), (23, 1, Decimal('521.30'), Decimal('16.80'), Decimal('87.57840')), (9, 4, Decimal('724.69'), Decimal('11.61'), Decimal('336.546036')), (20, 8, Decimal('841.06'), Decimal('11.60'), Decimal('780.50368')), (7, 6, Decimal('875.57'), Decimal('8.85'), Decimal('464.927670')), (2, 1, Decimal('925.46'), Decimal('2.62'), Decimal('24.247052'))]
[2025-06-13T15:56:34.478+0000] {logging_mixin.py:151} INFO - [(6, 15, 7, Decimal('523.55'), Decimal('19.06'), Decimal('698.520410')), (6, 18, 9, Decimal('697.86'), Decimal('6.91'), Decimal('433.999134')), (6, 8, 1, Decimal('130.57'), Decimal('13.94'), Decimal('18.201458')), (6, 24, 1, Decimal('387.14'), Decimal('4.66'), Decimal('18.040724')), (6, 12, 6, Decimal('255.15'), Decimal('19.41'), Decimal('297.147690')), (6, 23, 1, Decimal('521.30'), Decimal('16.80'), Decimal('87.57840')), (6, 9, 4, Decimal('724.69'), Decimal('11.61'), Decimal('336.546036')), (6, 20, 8, Decimal('841.06'), Decimal('11.60'), Decimal('780.50368')), (6, 7, 6, Decimal('875.57'), Decimal('8.85'), Decimal('464.927670')), (6, 2, 1, Decimal('925.46'), Decimal('2.62'), Decimal('24.247052'))]
[2025-06-13T15:56:34.479+0000] {logging_mixin.py:151} INFO - Simulation completed successfully!
[2025-06-13T15:56:34.479+0000] {logging_mixin.py:151} INFO - 6
[2025-06-13T15:56:34.479+0000] {python.py:194} INFO - Done. Returned value was: 6
[2025-06-13T15:56:34.554+0000] {taskinstance.py:1398} INFO - Marking task as SUCCESS. dag_id=ecommerce_generate_order_process, task_id=generate_order_process, execution_date=20250613T155531, start_date=20250613T155634, end_date=20250613T155634
[2025-06-13T15:56:34.609+0000] {local_task_job_runner.py:228} INFO - Task exited with return code 0
[2025-06-13T15:56:34.687+0000] {taskinstance.py:2776} INFO - 1 downstream tasks scheduled from follow-on schedule check
