[2025-06-14T04:03:13.510+0000] {taskinstance.py:1157} INFO - Dependencies all met for dep_context=non-requeueable deps ti=<TaskInstance: ecommerce_generate_order_process.generate_order_process scheduled__2025-06-14T04:02:12.130199+00:00 [queued]>
[2025-06-14T04:03:13.523+0000] {taskinstance.py:1157} INFO - Dependencies all met for dep_context=requeueable deps ti=<TaskInstance: ecommerce_generate_order_process.generate_order_process scheduled__2025-06-14T04:02:12.130199+00:00 [queued]>
[2025-06-14T04:03:13.523+0000] {taskinstance.py:1359} INFO - Starting attempt 1 of 6
[2025-06-14T04:03:13.540+0000] {taskinstance.py:1380} INFO - Executing <Task(_PythonDecoratedOperator): generate_order_process> on 2025-06-14 04:02:12.130199+00:00
[2025-06-14T04:03:13.547+0000] {standard_task_runner.py:57} INFO - Started process 11866 to run task
[2025-06-14T04:03:13.549+0000] {standard_task_runner.py:84} INFO - Running: ['***', 'tasks', 'run', 'ecommerce_generate_order_process', 'generate_order_process', 'scheduled__2025-06-14T04:02:12.130199+00:00', '--job-id', '1044', '--raw', '--subdir', 'DAGS_FOLDER/generate_order_process.py', '--cfg-path', '/tmp/tmpoh0dynbf']
[2025-06-14T04:03:13.553+0000] {standard_task_runner.py:85} INFO - Job 1044: Subtask generate_order_process
[2025-06-14T04:03:13.640+0000] {task_command.py:415} INFO - Running <TaskInstance: ecommerce_generate_order_process.generate_order_process scheduled__2025-06-14T04:02:12.130199+00:00 [running]> on host 3498b866135e
[2025-06-14T04:03:13.821+0000] {taskinstance.py:1660} INFO - Exporting env vars: AIRFLOW_CTX_DAG_OWNER='***' AIRFLOW_CTX_DAG_ID='ecommerce_generate_order_process' AIRFLOW_CTX_TASK_ID='generate_order_process' AIRFLOW_CTX_EXECUTION_DATE='2025-06-14T04:02:12.130199+00:00' AIRFLOW_CTX_TRY_NUMBER='1' AIRFLOW_CTX_DAG_RUN_ID='scheduled__2025-06-14T04:02:12.130199+00:00'
[2025-06-14T04:03:13.845+0000] {logging_mixin.py:151} INFO - ----------------------------
[2025-06-14T04:03:13.846+0000] {logging_mixin.py:151} INFO - 268
[2025-06-14T04:03:13.846+0000] {logging_mixin.py:151} INFO - ----------------------------
[2025-06-14T04:03:13.858+0000] {logging_mixin.py:151} INFO - [(28, 7, Decimal('799.39'), Decimal('3.53'), Decimal('197.529269')), (10, 4, Decimal('598.05'), Decimal('10.18'), Decimal('243.525960')), (22, 1, Decimal('429.81'), Decimal('5.21'), Decimal('22.393101')), (18, 9, Decimal('697.86'), Decimal('6.91'), Decimal('433.999134')), (5, 8, Decimal('699.65'), Decimal('8.21'), Decimal('459.530120')), (24, 1, Decimal('387.14'), Decimal('4.66'), Decimal('18.040724')), (40, 4, Decimal('700.78'), Decimal('16.51'), Decimal('462.795112')), (12, 6, Decimal('255.15'), Decimal('19.41'), Decimal('297.147690'))]
[2025-06-14T04:03:13.861+0000] {logging_mixin.py:151} INFO - [(204, 28, 7, Decimal('799.39'), Decimal('3.53'), Decimal('197.529269')), (204, 10, 4, Decimal('598.05'), Decimal('10.18'), Decimal('243.525960')), (204, 22, 1, Decimal('429.81'), Decimal('5.21'), Decimal('22.393101')), (204, 18, 9, Decimal('697.86'), Decimal('6.91'), Decimal('433.999134')), (204, 5, 8, Decimal('699.65'), Decimal('8.21'), Decimal('459.530120')), (204, 24, 1, Decimal('387.14'), Decimal('4.66'), Decimal('18.040724')), (204, 40, 4, Decimal('700.78'), Decimal('16.51'), Decimal('462.795112')), (204, 12, 6, Decimal('255.15'), Decimal('19.41'), Decimal('297.147690'))]
[2025-06-14T04:03:13.863+0000] {logging_mixin.py:151} INFO - Simulation completed successfully!
[2025-06-14T04:03:13.863+0000] {logging_mixin.py:151} INFO - 204
[2025-06-14T04:03:13.863+0000] {python.py:194} INFO - Done. Returned value was: 204
[2025-06-14T04:03:13.925+0000] {taskinstance.py:1398} INFO - Marking task as SUCCESS. dag_id=ecommerce_generate_order_process, task_id=generate_order_process, execution_date=20250614T040212, start_date=20250614T040313, end_date=20250614T040313
[2025-06-14T04:03:13.962+0000] {local_task_job_runner.py:228} INFO - Task exited with return code 0
[2025-06-14T04:03:14.011+0000] {taskinstance.py:2776} INFO - 1 downstream tasks scheduled from follow-on schedule check
