[2025-06-14T04:36:13.536+0000] {taskinstance.py:1157} INFO - Dependencies all met for dep_context=non-requeueable deps ti=<TaskInstance: ecommerce_generate_order_process.generate_order_process scheduled__2025-06-14T04:35:12.130199+00:00 [queued]>
[2025-06-14T04:36:13.543+0000] {taskinstance.py:1157} INFO - Dependencies all met for dep_context=requeueable deps ti=<TaskInstance: ecommerce_generate_order_process.generate_order_process scheduled__2025-06-14T04:35:12.130199+00:00 [queued]>
[2025-06-14T04:36:13.543+0000] {taskinstance.py:1359} INFO - Starting attempt 1 of 6
[2025-06-14T04:36:13.553+0000] {taskinstance.py:1380} INFO - Executing <Task(_PythonDecoratedOperator): generate_order_process> on 2025-06-14 04:35:12.130199+00:00
[2025-06-14T04:36:13.559+0000] {standard_task_runner.py:57} INFO - Started process 14796 to run task
[2025-06-14T04:36:13.561+0000] {standard_task_runner.py:84} INFO - Running: ['***', 'tasks', 'run', 'ecommerce_generate_order_process', 'generate_order_process', 'scheduled__2025-06-14T04:35:12.130199+00:00', '--job-id', '1209', '--raw', '--subdir', 'DAGS_FOLDER/generate_order_process.py', '--cfg-path', '/tmp/tmp4e3afrzm']
[2025-06-14T04:36:13.562+0000] {standard_task_runner.py:85} INFO - Job 1209: Subtask generate_order_process
[2025-06-14T04:36:13.613+0000] {task_command.py:415} INFO - Running <TaskInstance: ecommerce_generate_order_process.generate_order_process scheduled__2025-06-14T04:35:12.130199+00:00 [running]> on host 3498b866135e
[2025-06-14T04:36:13.702+0000] {taskinstance.py:1660} INFO - Exporting env vars: AIRFLOW_CTX_DAG_OWNER='***' AIRFLOW_CTX_DAG_ID='ecommerce_generate_order_process' AIRFLOW_CTX_TASK_ID='generate_order_process' AIRFLOW_CTX_EXECUTION_DATE='2025-06-14T04:35:12.130199+00:00' AIRFLOW_CTX_TRY_NUMBER='1' AIRFLOW_CTX_DAG_RUN_ID='scheduled__2025-06-14T04:35:12.130199+00:00'
[2025-06-14T04:36:13.714+0000] {logging_mixin.py:151} INFO - ----------------------------
[2025-06-14T04:36:13.714+0000] {logging_mixin.py:151} INFO - 159
[2025-06-14T04:36:13.714+0000] {logging_mixin.py:151} INFO - ----------------------------
[2025-06-14T04:36:13.719+0000] {logging_mixin.py:151} INFO - [(23, 1, Decimal('521.30'), Decimal('16.80'), Decimal('87.57840')), (38, 4, Decimal('79.94'), Decimal('0.52'), Decimal('1.662752')), (49, 8, Decimal('42.29'), Decimal('1.49'), Decimal('5.040968')), (15, 7, Decimal('523.55'), Decimal('19.06'), Decimal('698.520410')), (18, 9, Decimal('697.86'), Decimal('6.91'), Decimal('433.999134'))]
[2025-06-14T04:36:13.721+0000] {logging_mixin.py:151} INFO - [(237, 23, 1, Decimal('521.30'), Decimal('16.80'), Decimal('87.57840')), (237, 38, 4, Decimal('79.94'), Decimal('0.52'), Decimal('1.662752')), (237, 49, 8, Decimal('42.29'), Decimal('1.49'), Decimal('5.040968')), (237, 15, 7, Decimal('523.55'), Decimal('19.06'), Decimal('698.520410')), (237, 18, 9, Decimal('697.86'), Decimal('6.91'), Decimal('433.999134'))]
[2025-06-14T04:36:13.722+0000] {logging_mixin.py:151} INFO - Simulation completed successfully!
[2025-06-14T04:36:13.722+0000] {logging_mixin.py:151} INFO - 237
[2025-06-14T04:36:13.722+0000] {python.py:194} INFO - Done. Returned value was: 237
[2025-06-14T04:36:13.755+0000] {taskinstance.py:1398} INFO - Marking task as SUCCESS. dag_id=ecommerce_generate_order_process, task_id=generate_order_process, execution_date=20250614T043512, start_date=20250614T043613, end_date=20250614T043613
[2025-06-14T04:36:13.772+0000] {local_task_job_runner.py:228} INFO - Task exited with return code 0
[2025-06-14T04:36:13.796+0000] {taskinstance.py:2776} INFO - 1 downstream tasks scheduled from follow-on schedule check
