[2025-06-14T04:33:13.306+0000] {taskinstance.py:1157} INFO - Dependencies all met for dep_context=non-requeueable deps ti=<TaskInstance: ecommerce_generate_order_process.generate_order_process scheduled__2025-06-14T04:32:12.130199+00:00 [queued]>
[2025-06-14T04:33:13.315+0000] {taskinstance.py:1157} INFO - Dependencies all met for dep_context=requeueable deps ti=<TaskInstance: ecommerce_generate_order_process.generate_order_process scheduled__2025-06-14T04:32:12.130199+00:00 [queued]>
[2025-06-14T04:33:13.315+0000] {taskinstance.py:1359} INFO - Starting attempt 1 of 6
[2025-06-14T04:33:13.327+0000] {taskinstance.py:1380} INFO - Executing <Task(_PythonDecoratedOperator): generate_order_process> on 2025-06-14 04:32:12.130199+00:00
[2025-06-14T04:33:13.332+0000] {standard_task_runner.py:57} INFO - Started process 14526 to run task
[2025-06-14T04:33:13.334+0000] {standard_task_runner.py:84} INFO - Running: ['***', 'tasks', 'run', 'ecommerce_generate_order_process', 'generate_order_process', 'scheduled__2025-06-14T04:32:12.130199+00:00', '--job-id', '1194', '--raw', '--subdir', 'DAGS_FOLDER/generate_order_process.py', '--cfg-path', '/tmp/tmp9fq98ewe']
[2025-06-14T04:33:13.336+0000] {standard_task_runner.py:85} INFO - Job 1194: Subtask generate_order_process
[2025-06-14T04:33:13.388+0000] {task_command.py:415} INFO - Running <TaskInstance: ecommerce_generate_order_process.generate_order_process scheduled__2025-06-14T04:32:12.130199+00:00 [running]> on host 3498b866135e
[2025-06-14T04:33:13.481+0000] {taskinstance.py:1660} INFO - Exporting env vars: AIRFLOW_CTX_DAG_OWNER='***' AIRFLOW_CTX_DAG_ID='ecommerce_generate_order_process' AIRFLOW_CTX_TASK_ID='generate_order_process' AIRFLOW_CTX_EXECUTION_DATE='2025-06-14T04:32:12.130199+00:00' AIRFLOW_CTX_TRY_NUMBER='1' AIRFLOW_CTX_DAG_RUN_ID='scheduled__2025-06-14T04:32:12.130199+00:00'
[2025-06-14T04:33:13.494+0000] {logging_mixin.py:151} INFO - ----------------------------
[2025-06-14T04:33:13.494+0000] {logging_mixin.py:151} INFO - 114
[2025-06-14T04:33:13.495+0000] {logging_mixin.py:151} INFO - ----------------------------
[2025-06-14T04:33:13.500+0000] {logging_mixin.py:151} INFO - [(43, 8, Decimal('746.10'), Decimal('4.92'), Decimal('293.664960')), (10, 4, Decimal('598.05'), Decimal('10.18'), Decimal('243.525960')), (28, 7, Decimal('799.39'), Decimal('3.53'), Decimal('197.529269'))]
[2025-06-14T04:33:13.501+0000] {logging_mixin.py:151} INFO - [(234, 43, 8, Decimal('746.10'), Decimal('4.92'), Decimal('293.664960')), (234, 10, 4, Decimal('598.05'), Decimal('10.18'), Decimal('243.525960')), (234, 28, 7, Decimal('799.39'), Decimal('3.53'), Decimal('197.529269'))]
[2025-06-14T04:33:13.502+0000] {logging_mixin.py:151} INFO - Simulation completed successfully!
[2025-06-14T04:33:13.503+0000] {logging_mixin.py:151} INFO - 234
[2025-06-14T04:33:13.503+0000] {python.py:194} INFO - Done. Returned value was: 234
[2025-06-14T04:33:13.534+0000] {taskinstance.py:1398} INFO - Marking task as SUCCESS. dag_id=ecommerce_generate_order_process, task_id=generate_order_process, execution_date=20250614T043212, start_date=20250614T043313, end_date=20250614T043313
[2025-06-14T04:33:13.586+0000] {local_task_job_runner.py:228} INFO - Task exited with return code 0
[2025-06-14T04:33:13.608+0000] {taskinstance.py:2776} INFO - 1 downstream tasks scheduled from follow-on schedule check
