[2025-06-13T14:14:31.079+0000] {taskinstance.py:1157} INFO - Dependencies all met for dep_context=non-requeueable deps ti=<TaskInstance: ecommerce_generate_order_process.generate_order_process scheduled__2025-06-13T14:08:27.993779+00:00 [queued]>
[2025-06-13T14:14:31.088+0000] {taskinstance.py:1157} INFO - Dependencies all met for dep_context=requeueable deps ti=<TaskInstance: ecommerce_generate_order_process.generate_order_process scheduled__2025-06-13T14:08:27.993779+00:00 [queued]>
[2025-06-13T14:14:31.088+0000] {taskinstance.py:1359} INFO - Starting attempt 2 of 6
[2025-06-13T14:14:31.108+0000] {taskinstance.py:1380} INFO - Executing <Task(_PythonDecoratedOperator): generate_order_process> on 2025-06-13 14:08:27.993779+00:00
[2025-06-13T14:14:31.113+0000] {standard_task_runner.py:57} INFO - Started process 740 to run task
[2025-06-13T14:14:31.116+0000] {standard_task_runner.py:84} INFO - Running: ['***', 'tasks', 'run', 'ecommerce_generate_order_process', 'generate_order_process', 'scheduled__2025-06-13T14:08:27.993779+00:00', '--job-id', '43', '--raw', '--subdir', 'DAGS_FOLDER/generate_order_process.py', '--cfg-path', '/tmp/tmpi1ftc3ou']
[2025-06-13T14:14:31.117+0000] {standard_task_runner.py:85} INFO - Job 43: Subtask generate_order_process
[2025-06-13T14:14:31.216+0000] {task_command.py:415} INFO - Running <TaskInstance: ecommerce_generate_order_process.generate_order_process scheduled__2025-06-13T14:08:27.993779+00:00 [running]> on host 3bda607c6347
[2025-06-13T14:14:31.393+0000] {taskinstance.py:1660} INFO - Exporting env vars: AIRFLOW_CTX_DAG_OWNER='***' AIRFLOW_CTX_DAG_ID='ecommerce_generate_order_process' AIRFLOW_CTX_TASK_ID='generate_order_process' AIRFLOW_CTX_EXECUTION_DATE='2025-06-13T14:08:27.993779+00:00' AIRFLOW_CTX_TRY_NUMBER='2' AIRFLOW_CTX_DAG_RUN_ID='scheduled__2025-06-13T14:08:27.993779+00:00'
[2025-06-13T14:14:31.434+0000] {logging_mixin.py:151} INFO - ----------------------------
[2025-06-13T14:14:31.434+0000] {logging_mixin.py:151} INFO - 10
[2025-06-13T14:14:31.434+0000] {logging_mixin.py:151} INFO - ----------------------------
[2025-06-13T14:14:31.454+0000] {logging_mixin.py:151} INFO - [(13, 1, Decimal('365.66'), Decimal('8.71'), Decimal('31.848986')), (12, 4, Decimal('336.36'), Decimal('11.67'), Decimal('157.012848')), (3, 1, Decimal('686.57'), Decimal('11.56'), Decimal('79.367492')), (16, 1, Decimal('765.40'), Decimal('7.15'), Decimal('54.726100')), (7, 6, Decimal('597.68'), Decimal('10.56'), Decimal('378.690048'))]
[2025-06-13T14:14:31.457+0000] {logging_mixin.py:151} INFO - [(2, 13, 1, Decimal('365.66'), Decimal('8.71'), Decimal('31.848986')), (2, 12, 4, Decimal('336.36'), Decimal('11.67'), Decimal('157.012848')), (2, 3, 1, Decimal('686.57'), Decimal('11.56'), Decimal('79.367492')), (2, 16, 1, Decimal('765.40'), Decimal('7.15'), Decimal('54.726100')), (2, 7, 6, Decimal('597.68'), Decimal('10.56'), Decimal('378.690048'))]
[2025-06-13T14:14:31.459+0000] {logging_mixin.py:151} INFO - Simulation completed successfully!
[2025-06-13T14:14:31.459+0000] {logging_mixin.py:151} INFO - 2
[2025-06-13T14:14:31.459+0000] {python.py:194} INFO - Done. Returned value was: 2
[2025-06-13T14:14:31.506+0000] {taskinstance.py:1398} INFO - Marking task as SUCCESS. dag_id=ecommerce_generate_order_process, task_id=generate_order_process, execution_date=20250613T140827, start_date=20250613T141431, end_date=20250613T141431
[2025-06-13T14:14:31.528+0000] {local_task_job_runner.py:228} INFO - Task exited with return code 0
[2025-06-13T14:14:31.564+0000] {taskinstance.py:2776} INFO - 1 downstream tasks scheduled from follow-on schedule check
