[2025-06-14T02:04:12.773+0000] {taskinstance.py:1157} INFO - Dependencies all met for dep_context=non-requeueable deps ti=<TaskInstance: ecommerce_generate_order_process.generate_order_process scheduled__2025-06-14T02:03:11.775941+00:00 [queued]>
[2025-06-14T02:04:12.785+0000] {taskinstance.py:1157} INFO - Dependencies all met for dep_context=requeueable deps ti=<TaskInstance: ecommerce_generate_order_process.generate_order_process scheduled__2025-06-14T02:03:11.775941+00:00 [queued]>
[2025-06-14T02:04:12.785+0000] {taskinstance.py:1359} INFO - Starting attempt 1 of 6
[2025-06-14T02:04:12.802+0000] {taskinstance.py:1380} INFO - Executing <Task(_PythonDecoratedOperator): generate_order_process> on 2025-06-14 02:03:11.775941+00:00
[2025-06-14T02:04:12.809+0000] {standard_task_runner.py:57} INFO - Started process 1383 to run task
[2025-06-14T02:04:12.811+0000] {standard_task_runner.py:84} INFO - Running: ['***', 'tasks', 'run', 'ecommerce_generate_order_process', 'generate_order_process', 'scheduled__2025-06-14T02:03:11.775941+00:00', '--job-id', '447', '--raw', '--subdir', 'DAGS_FOLDER/generate_order_process.py', '--cfg-path', '/tmp/tmpnchrz7i2']
[2025-06-14T02:04:12.814+0000] {standard_task_runner.py:85} INFO - Job 447: Subtask generate_order_process
[2025-06-14T02:04:12.893+0000] {task_command.py:415} INFO - Running <TaskInstance: ecommerce_generate_order_process.generate_order_process scheduled__2025-06-14T02:03:11.775941+00:00 [running]> on host 3498b866135e
[2025-06-14T02:04:13.065+0000] {taskinstance.py:1660} INFO - Exporting env vars: AIRFLOW_CTX_DAG_OWNER='***' AIRFLOW_CTX_DAG_ID='ecommerce_generate_order_process' AIRFLOW_CTX_TASK_ID='generate_order_process' AIRFLOW_CTX_EXECUTION_DATE='2025-06-14T02:03:11.775941+00:00' AIRFLOW_CTX_TRY_NUMBER='1' AIRFLOW_CTX_DAG_RUN_ID='scheduled__2025-06-14T02:03:11.775941+00:00'
[2025-06-14T02:04:13.091+0000] {logging_mixin.py:151} INFO - ----------------------------
[2025-06-14T02:04:13.091+0000] {logging_mixin.py:151} INFO - 93
[2025-06-14T02:04:13.091+0000] {logging_mixin.py:151} INFO - ----------------------------
[2025-06-14T02:04:13.101+0000] {logging_mixin.py:151} INFO - [(19, 8, Decimal('665.31'), Decimal('4.02'), Decimal('213.963696')), (45, 2, Decimal('602.50'), Decimal('19.00'), Decimal('228.9500')), (50, 6, Decimal('732.13'), Decimal('17.33'), Decimal('761.268774')), (31, 6, Decimal('878.54'), Decimal('16.74'), Decimal('882.405576')), (21, 4, Decimal('841.78'), Decimal('5.97'), Decimal('201.017064')), (32, 8, Decimal('133.92'), Decimal('4.07'), Decimal('43.604352')), (41, 1, Decimal('855.34'), Decimal('13.96'), Decimal('119.405464')), (23, 1, Decimal('521.30'), Decimal('16.80'), Decimal('87.57840')), (18, 9, Decimal('697.86'), Decimal('6.91'), Decimal('433.999134'))]
[2025-06-14T02:04:13.103+0000] {logging_mixin.py:151} INFO - [(85, 19, 8, Decimal('665.31'), Decimal('4.02'), Decimal('213.963696')), (85, 45, 2, Decimal('602.50'), Decimal('19.00'), Decimal('228.9500')), (85, 50, 6, Decimal('732.13'), Decimal('17.33'), Decimal('761.268774')), (85, 31, 6, Decimal('878.54'), Decimal('16.74'), Decimal('882.405576')), (85, 21, 4, Decimal('841.78'), Decimal('5.97'), Decimal('201.017064')), (85, 32, 8, Decimal('133.92'), Decimal('4.07'), Decimal('43.604352')), (85, 41, 1, Decimal('855.34'), Decimal('13.96'), Decimal('119.405464')), (85, 23, 1, Decimal('521.30'), Decimal('16.80'), Decimal('87.57840')), (85, 18, 9, Decimal('697.86'), Decimal('6.91'), Decimal('433.999134'))]
[2025-06-14T02:04:13.104+0000] {logging_mixin.py:151} INFO - Simulation completed successfully!
[2025-06-14T02:04:13.105+0000] {logging_mixin.py:151} INFO - 85
[2025-06-14T02:04:13.105+0000] {python.py:194} INFO - Done. Returned value was: 85
[2025-06-14T02:04:13.163+0000] {taskinstance.py:1398} INFO - Marking task as SUCCESS. dag_id=ecommerce_generate_order_process, task_id=generate_order_process, execution_date=20250614T020311, start_date=20250614T020412, end_date=20250614T020413
[2025-06-14T02:04:13.226+0000] {local_task_job_runner.py:228} INFO - Task exited with return code 0
[2025-06-14T02:04:13.293+0000] {taskinstance.py:2776} INFO - 1 downstream tasks scheduled from follow-on schedule check
