[2025-06-13T13:58:49.399+0000] {taskinstance.py:1157} INFO - Dependencies all met for dep_context=non-requeueable deps ti=<TaskInstance: ecommerce_generate_order_process.generate_order_process scheduled__2025-06-13T13:57:48.472387+00:00 [queued]>
[2025-06-13T13:58:49.406+0000] {taskinstance.py:1157} INFO - Dependencies all met for dep_context=requeueable deps ti=<TaskInstance: ecommerce_generate_order_process.generate_order_process scheduled__2025-06-13T13:57:48.472387+00:00 [queued]>
[2025-06-13T13:58:49.407+0000] {taskinstance.py:1359} INFO - Starting attempt 1 of 6
[2025-06-13T13:58:49.419+0000] {taskinstance.py:1380} INFO - Executing <Task(_PythonDecoratedOperator): generate_order_process> on 2025-06-13 13:57:48.472387+00:00
[2025-06-13T13:58:49.424+0000] {standard_task_runner.py:57} INFO - Started process 646 to run task
[2025-06-13T13:58:49.426+0000] {standard_task_runner.py:84} INFO - Running: ['***', 'tasks', 'run', 'ecommerce_generate_order_process', 'generate_order_process', 'scheduled__2025-06-13T13:57:48.472387+00:00', '--job-id', '37', '--raw', '--subdir', 'DAGS_FOLDER/generate_order_process.py', '--cfg-path', '/tmp/tmpvywns648']
[2025-06-13T13:58:49.427+0000] {standard_task_runner.py:85} INFO - Job 37: Subtask generate_order_process
[2025-06-13T13:58:49.482+0000] {task_command.py:415} INFO - Running <TaskInstance: ecommerce_generate_order_process.generate_order_process scheduled__2025-06-13T13:57:48.472387+00:00 [running]> on host f1d84043854e
[2025-06-13T13:58:49.579+0000] {taskinstance.py:1660} INFO - Exporting env vars: AIRFLOW_CTX_DAG_OWNER='***' AIRFLOW_CTX_DAG_ID='ecommerce_generate_order_process' AIRFLOW_CTX_TASK_ID='generate_order_process' AIRFLOW_CTX_EXECUTION_DATE='2025-06-13T13:57:48.472387+00:00' AIRFLOW_CTX_TRY_NUMBER='1' AIRFLOW_CTX_DAG_RUN_ID='scheduled__2025-06-13T13:57:48.472387+00:00'
[2025-06-13T13:58:49.593+0000] {logging_mixin.py:151} INFO - ----------------------------
[2025-06-13T13:58:49.593+0000] {logging_mixin.py:151} INFO - 11
[2025-06-13T13:58:49.593+0000] {logging_mixin.py:151} INFO - ----------------------------
[2025-06-13T13:58:49.603+0000] {logging_mixin.py:151} INFO - [(20, 6, Decimal('193.65'), Decimal('13.67'), Decimal('158.831730')), (3, 1, Decimal('273.38'), Decimal('11.49'), Decimal('31.411362')), (13, 1, Decimal('69.53'), Decimal('7.73'), Decimal('5.374669')), (6, 7, Decimal('17.12'), Decimal('13.84'), Decimal('16.585856')), (17, 1, Decimal('94.59'), Decimal('2.12'), Decimal('2.005308'))]
[2025-06-13T13:58:49.606+0000] {logging_mixin.py:151} INFO - [(1, 20, 6, Decimal('193.65'), Decimal('13.67'), Decimal('158.831730')), (1, 3, 1, Decimal('273.38'), Decimal('11.49'), Decimal('31.411362')), (1, 13, 1, Decimal('69.53'), Decimal('7.73'), Decimal('5.374669')), (1, 6, 7, Decimal('17.12'), Decimal('13.84'), Decimal('16.585856')), (1, 17, 1, Decimal('94.59'), Decimal('2.12'), Decimal('2.005308'))]
[2025-06-13T13:58:49.608+0000] {logging_mixin.py:151} INFO - Simulation completed successfully!
[2025-06-13T13:58:49.608+0000] {logging_mixin.py:151} INFO - 1
[2025-06-13T13:58:49.608+0000] {python.py:194} INFO - Done. Returned value was: 1
[2025-06-13T13:58:49.647+0000] {taskinstance.py:1398} INFO - Marking task as SUCCESS. dag_id=ecommerce_generate_order_process, task_id=generate_order_process, execution_date=20250613T135748, start_date=20250613T135849, end_date=20250613T135849
[2025-06-13T13:58:49.678+0000] {local_task_job_runner.py:228} INFO - Task exited with return code 0
[2025-06-13T13:58:49.708+0000] {taskinstance.py:2776} INFO - 1 downstream tasks scheduled from follow-on schedule check
