[2025-06-13T16:00:33.433+0000] {taskinstance.py:1157} INFO - Dependencies all met for dep_context=non-requeueable deps ti=<TaskInstance: ecommerce_generate_order_process.generate_order_process scheduled__2025-06-13T15:59:31.606904+00:00 [queued]>
[2025-06-13T16:00:33.446+0000] {taskinstance.py:1157} INFO - Dependencies all met for dep_context=requeueable deps ti=<TaskInstance: ecommerce_generate_order_process.generate_order_process scheduled__2025-06-13T15:59:31.606904+00:00 [queued]>
[2025-06-13T16:00:33.446+0000] {taskinstance.py:1359} INFO - Starting attempt 1 of 6
[2025-06-13T16:00:33.465+0000] {taskinstance.py:1380} INFO - Executing <Task(_PythonDecoratedOperator): generate_order_process> on 2025-06-13 15:59:31.606904+00:00
[2025-06-13T16:00:33.473+0000] {standard_task_runner.py:57} INFO - Started process 1121 to run task
[2025-06-13T16:00:33.476+0000] {standard_task_runner.py:84} INFO - Running: ['***', 'tasks', 'run', 'ecommerce_generate_order_process', 'generate_order_process', 'scheduled__2025-06-13T15:59:31.606904+00:00', '--job-id', '75', '--raw', '--subdir', 'DAGS_FOLDER/generate_order_process.py', '--cfg-path', '/tmp/tmpbb49n64m']
[2025-06-13T16:00:33.479+0000] {standard_task_runner.py:85} INFO - Job 75: Subtask generate_order_process
[2025-06-13T16:00:33.571+0000] {task_command.py:415} INFO - Running <TaskInstance: ecommerce_generate_order_process.generate_order_process scheduled__2025-06-13T15:59:31.606904+00:00 [running]> on host 3498b866135e
[2025-06-13T16:00:33.816+0000] {taskinstance.py:1660} INFO - Exporting env vars: AIRFLOW_CTX_DAG_OWNER='***' AIRFLOW_CTX_DAG_ID='ecommerce_generate_order_process' AIRFLOW_CTX_TASK_ID='generate_order_process' AIRFLOW_CTX_EXECUTION_DATE='2025-06-13T15:59:31.606904+00:00' AIRFLOW_CTX_TRY_NUMBER='1' AIRFLOW_CTX_DAG_RUN_ID='scheduled__2025-06-13T15:59:31.606904+00:00'
[2025-06-13T16:00:33.864+0000] {logging_mixin.py:151} INFO - ----------------------------
[2025-06-13T16:00:33.865+0000] {logging_mixin.py:151} INFO - 13
[2025-06-13T16:00:33.865+0000] {logging_mixin.py:151} INFO - ----------------------------
[2025-06-13T16:00:33.886+0000] {logging_mixin.py:151} INFO - [(11, 4, Decimal('668.03'), Decimal('3.23'), Decimal('86.309476')), (13, 4, Decimal('411.98'), Decimal('16.77'), Decimal('276.356184')), (25, 2, Decimal('34.67'), Decimal('5.72'), Decimal('3.966248')), (7, 6, Decimal('875.57'), Decimal('8.85'), Decimal('464.927670'))]
[2025-06-13T16:00:33.892+0000] {logging_mixin.py:151} INFO - [(13, 11, 4, Decimal('668.03'), Decimal('3.23'), Decimal('86.309476')), (13, 13, 4, Decimal('411.98'), Decimal('16.77'), Decimal('276.356184')), (13, 25, 2, Decimal('34.67'), Decimal('5.72'), Decimal('3.966248')), (13, 7, 6, Decimal('875.57'), Decimal('8.85'), Decimal('464.927670'))]
[2025-06-13T16:00:33.894+0000] {logging_mixin.py:151} INFO - Simulation completed successfully!
[2025-06-13T16:00:33.894+0000] {logging_mixin.py:151} INFO - 13
[2025-06-13T16:00:33.895+0000] {python.py:194} INFO - Done. Returned value was: 13
[2025-06-13T16:00:34.002+0000] {taskinstance.py:1398} INFO - Marking task as SUCCESS. dag_id=ecommerce_generate_order_process, task_id=generate_order_process, execution_date=20250613T155931, start_date=20250613T160033, end_date=20250613T160034
[2025-06-13T16:00:34.049+0000] {local_task_job_runner.py:228} INFO - Task exited with return code 0
[2025-06-13T16:00:34.149+0000] {taskinstance.py:2776} INFO - 0 downstream tasks scheduled from follow-on schedule check
