[2025-06-13T16:26:33.050+0000] {taskinstance.py:1157} INFO - Dependencies all met for dep_context=non-requeueable deps ti=<TaskInstance: ecommerce_generate_order_process.generate_order_process scheduled__2025-06-13T16:25:31.606904+00:00 [queued]>
[2025-06-13T16:26:33.062+0000] {taskinstance.py:1157} INFO - Dependencies all met for dep_context=requeueable deps ti=<TaskInstance: ecommerce_generate_order_process.generate_order_process scheduled__2025-06-13T16:25:31.606904+00:00 [queued]>
[2025-06-13T16:26:33.063+0000] {taskinstance.py:1359} INFO - Starting attempt 1 of 6
[2025-06-13T16:26:33.081+0000] {taskinstance.py:1380} INFO - Executing <Task(_PythonDecoratedOperator): generate_order_process> on 2025-06-13 16:25:31.606904+00:00
[2025-06-13T16:26:33.090+0000] {standard_task_runner.py:57} INFO - Started process 3376 to run task
[2025-06-13T16:26:33.094+0000] {standard_task_runner.py:84} INFO - Running: ['***', 'tasks', 'run', 'ecommerce_generate_order_process', 'generate_order_process', 'scheduled__2025-06-13T16:25:31.606904+00:00', '--job-id', '205', '--raw', '--subdir', 'DAGS_FOLDER/generate_order_process.py', '--cfg-path', '/tmp/tmpprbr986z']
[2025-06-13T16:26:33.097+0000] {standard_task_runner.py:85} INFO - Job 205: Subtask generate_order_process
[2025-06-13T16:26:33.249+0000] {task_command.py:415} INFO - Running <TaskInstance: ecommerce_generate_order_process.generate_order_process scheduled__2025-06-13T16:25:31.606904+00:00 [running]> on host 3498b866135e
[2025-06-13T16:26:33.626+0000] {taskinstance.py:1660} INFO - Exporting env vars: AIRFLOW_CTX_DAG_OWNER='***' AIRFLOW_CTX_DAG_ID='ecommerce_generate_order_process' AIRFLOW_CTX_TASK_ID='generate_order_process' AIRFLOW_CTX_EXECUTION_DATE='2025-06-13T16:25:31.606904+00:00' AIRFLOW_CTX_TRY_NUMBER='1' AIRFLOW_CTX_DAG_RUN_ID='scheduled__2025-06-13T16:25:31.606904+00:00'
[2025-06-13T16:26:33.671+0000] {logging_mixin.py:151} INFO - ----------------------------
[2025-06-13T16:26:33.672+0000] {logging_mixin.py:151} INFO - 10
[2025-06-13T16:26:33.672+0000] {logging_mixin.py:151} INFO - ----------------------------
[2025-06-13T16:26:33.693+0000] {logging_mixin.py:151} INFO - [(20, 8, Decimal('841.06'), Decimal('11.60'), Decimal('780.50368')), (24, 1, Decimal('387.14'), Decimal('4.66'), Decimal('18.040724')), (4, 9, Decimal('38.75'), Decimal('2.09'), Decimal('7.288875')), (2, 1, Decimal('925.46'), Decimal('2.62'), Decimal('24.247052')), (3, 7, Decimal('946.29'), Decimal('2.59'), Decimal('171.562377')), (23, 1, Decimal('521.30'), Decimal('16.80'), Decimal('87.57840')), (16, 7, Decimal('266.44'), Decimal('7.11'), Decimal('132.607188'))]
[2025-06-13T16:26:33.699+0000] {logging_mixin.py:151} INFO - [(39, 20, 8, Decimal('841.06'), Decimal('11.60'), Decimal('780.50368')), (39, 24, 1, Decimal('387.14'), Decimal('4.66'), Decimal('18.040724')), (39, 4, 9, Decimal('38.75'), Decimal('2.09'), Decimal('7.288875')), (39, 2, 1, Decimal('925.46'), Decimal('2.62'), Decimal('24.247052')), (39, 3, 7, Decimal('946.29'), Decimal('2.59'), Decimal('171.562377')), (39, 23, 1, Decimal('521.30'), Decimal('16.80'), Decimal('87.57840')), (39, 16, 7, Decimal('266.44'), Decimal('7.11'), Decimal('132.607188'))]
[2025-06-13T16:26:33.701+0000] {logging_mixin.py:151} INFO - Simulation completed successfully!
[2025-06-13T16:26:33.701+0000] {logging_mixin.py:151} INFO - 39
[2025-06-13T16:26:33.702+0000] {python.py:194} INFO - Done. Returned value was: 39
[2025-06-13T16:26:33.814+0000] {taskinstance.py:1398} INFO - Marking task as SUCCESS. dag_id=ecommerce_generate_order_process, task_id=generate_order_process, execution_date=20250613T162531, start_date=20250613T162633, end_date=20250613T162633
[2025-06-13T16:26:33.868+0000] {local_task_job_runner.py:228} INFO - Task exited with return code 0
[2025-06-13T16:26:33.936+0000] {taskinstance.py:2776} INFO - 1 downstream tasks scheduled from follow-on schedule check
