[2025-06-14T03:21:12.839+0000] {taskinstance.py:1157} INFO - Dependencies all met for dep_context=non-requeueable deps ti=<TaskInstance: ecommerce_generate_order_process.generate_order_process scheduled__2025-06-14T03:20:12.130199+00:00 [queued]>
[2025-06-14T03:21:12.845+0000] {taskinstance.py:1157} INFO - Dependencies all met for dep_context=requeueable deps ti=<TaskInstance: ecommerce_generate_order_process.generate_order_process scheduled__2025-06-14T03:20:12.130199+00:00 [queued]>
[2025-06-14T03:21:12.846+0000] {taskinstance.py:1359} INFO - Starting attempt 1 of 6
[2025-06-14T03:21:12.856+0000] {taskinstance.py:1380} INFO - Executing <Task(_PythonDecoratedOperator): generate_order_process> on 2025-06-14 03:20:12.130199+00:00
[2025-06-14T03:21:12.860+0000] {standard_task_runner.py:57} INFO - Started process 8166 to run task
[2025-06-14T03:21:12.862+0000] {standard_task_runner.py:84} INFO - Running: ['***', 'tasks', 'run', 'ecommerce_generate_order_process', 'generate_order_process', 'scheduled__2025-06-14T03:20:12.130199+00:00', '--job-id', '834', '--raw', '--subdir', 'DAGS_FOLDER/generate_order_process.py', '--cfg-path', '/tmp/tmpfj8gsjea']
[2025-06-14T03:21:12.864+0000] {standard_task_runner.py:85} INFO - Job 834: Subtask generate_order_process
[2025-06-14T03:21:12.913+0000] {task_command.py:415} INFO - Running <TaskInstance: ecommerce_generate_order_process.generate_order_process scheduled__2025-06-14T03:20:12.130199+00:00 [running]> on host 3498b866135e
[2025-06-14T03:21:13.000+0000] {taskinstance.py:1660} INFO - Exporting env vars: AIRFLOW_CTX_DAG_OWNER='***' AIRFLOW_CTX_DAG_ID='ecommerce_generate_order_process' AIRFLOW_CTX_TASK_ID='generate_order_process' AIRFLOW_CTX_EXECUTION_DATE='2025-06-14T03:20:12.130199+00:00' AIRFLOW_CTX_TRY_NUMBER='1' AIRFLOW_CTX_DAG_RUN_ID='scheduled__2025-06-14T03:20:12.130199+00:00'
[2025-06-14T03:21:13.013+0000] {logging_mixin.py:151} INFO - ----------------------------
[2025-06-14T03:21:13.013+0000] {logging_mixin.py:151} INFO - 33
[2025-06-14T03:21:13.013+0000] {logging_mixin.py:151} INFO - ----------------------------
[2025-06-14T03:21:13.019+0000] {logging_mixin.py:151} INFO - [(39, 6, Decimal('713.46'), Decimal('15.39'), Decimal('658.808964')), (6, 1, Decimal('721.46'), Decimal('1.60'), Decimal('11.54336')), (23, 1, Decimal('521.30'), Decimal('16.80'), Decimal('87.57840')), (36, 1, Decimal('745.80'), Decimal('1.07'), Decimal('7.980060')), (10, 4, Decimal('598.05'), Decimal('10.18'), Decimal('243.525960')), (40, 4, Decimal('700.78'), Decimal('16.51'), Decimal('462.795112')), (2, 1, Decimal('925.46'), Decimal('2.62'), Decimal('24.247052')), (50, 6, Decimal('732.13'), Decimal('17.33'), Decimal('761.268774')), (34, 5, Decimal('814.83'), Decimal('13.74'), Decimal('559.788210')), (47, 3, Decimal('923.92'), Decimal('9.75'), Decimal('270.246600'))]
[2025-06-14T03:21:13.021+0000] {logging_mixin.py:151} INFO - [(162, 39, 6, Decimal('713.46'), Decimal('15.39'), Decimal('658.808964')), (162, 6, 1, Decimal('721.46'), Decimal('1.60'), Decimal('11.54336')), (162, 23, 1, Decimal('521.30'), Decimal('16.80'), Decimal('87.57840')), (162, 36, 1, Decimal('745.80'), Decimal('1.07'), Decimal('7.980060')), (162, 10, 4, Decimal('598.05'), Decimal('10.18'), Decimal('243.525960')), (162, 40, 4, Decimal('700.78'), Decimal('16.51'), Decimal('462.795112')), (162, 2, 1, Decimal('925.46'), Decimal('2.62'), Decimal('24.247052')), (162, 50, 6, Decimal('732.13'), Decimal('17.33'), Decimal('761.268774')), (162, 34, 5, Decimal('814.83'), Decimal('13.74'), Decimal('559.788210')), (162, 47, 3, Decimal('923.92'), Decimal('9.75'), Decimal('270.246600'))]
[2025-06-14T03:21:13.022+0000] {logging_mixin.py:151} INFO - Simulation completed successfully!
[2025-06-14T03:21:13.022+0000] {logging_mixin.py:151} INFO - 162
[2025-06-14T03:21:13.023+0000] {python.py:194} INFO - Done. Returned value was: 162
[2025-06-14T03:21:13.052+0000] {taskinstance.py:1398} INFO - Marking task as SUCCESS. dag_id=ecommerce_generate_order_process, task_id=generate_order_process, execution_date=20250614T032012, start_date=20250614T032112, end_date=20250614T032113
[2025-06-14T03:21:13.074+0000] {local_task_job_runner.py:228} INFO - Task exited with return code 0
[2025-06-14T03:21:13.096+0000] {taskinstance.py:2776} INFO - 1 downstream tasks scheduled from follow-on schedule check
