[2025-06-14T02:15:13.082+0000] {taskinstance.py:1157} INFO - Dependencies all met for dep_context=non-requeueable deps ti=<TaskInstance: ecommerce_generate_order_process.generate_order_process scheduled__2025-06-14T02:14:11.775941+00:00 [queued]>
[2025-06-14T02:15:13.090+0000] {taskinstance.py:1157} INFO - Dependencies all met for dep_context=requeueable deps ti=<TaskInstance: ecommerce_generate_order_process.generate_order_process scheduled__2025-06-14T02:14:11.775941+00:00 [queued]>
[2025-06-14T02:15:13.090+0000] {taskinstance.py:1359} INFO - Starting attempt 1 of 6
[2025-06-14T02:15:13.100+0000] {taskinstance.py:1380} INFO - Executing <Task(_PythonDecoratedOperator): generate_order_process> on 2025-06-14 02:14:11.775941+00:00
[2025-06-14T02:15:13.105+0000] {standard_task_runner.py:57} INFO - Started process 2346 to run task
[2025-06-14T02:15:13.107+0000] {standard_task_runner.py:84} INFO - Running: ['***', 'tasks', 'run', 'ecommerce_generate_order_process', 'generate_order_process', 'scheduled__2025-06-14T02:14:11.775941+00:00', '--job-id', '504', '--raw', '--subdir', 'DAGS_FOLDER/generate_order_process.py', '--cfg-path', '/tmp/tmpujs_bekp']
[2025-06-14T02:15:13.109+0000] {standard_task_runner.py:85} INFO - Job 504: Subtask generate_order_process
[2025-06-14T02:15:13.158+0000] {task_command.py:415} INFO - Running <TaskInstance: ecommerce_generate_order_process.generate_order_process scheduled__2025-06-14T02:14:11.775941+00:00 [running]> on host 3498b866135e
[2025-06-14T02:15:13.245+0000] {taskinstance.py:1660} INFO - Exporting env vars: AIRFLOW_CTX_DAG_OWNER='***' AIRFLOW_CTX_DAG_ID='ecommerce_generate_order_process' AIRFLOW_CTX_TASK_ID='generate_order_process' AIRFLOW_CTX_EXECUTION_DATE='2025-06-14T02:14:11.775941+00:00' AIRFLOW_CTX_TRY_NUMBER='1' AIRFLOW_CTX_DAG_RUN_ID='scheduled__2025-06-14T02:14:11.775941+00:00'
[2025-06-14T02:15:13.257+0000] {logging_mixin.py:151} INFO - ----------------------------
[2025-06-14T02:15:13.258+0000] {logging_mixin.py:151} INFO - 37
[2025-06-14T02:15:13.258+0000] {logging_mixin.py:151} INFO - ----------------------------
[2025-06-14T02:15:13.262+0000] {logging_mixin.py:151} INFO - [(19, 8, Decimal('665.31'), Decimal('4.02'), Decimal('213.963696'))]
[2025-06-14T02:15:13.263+0000] {logging_mixin.py:151} INFO - [(96, 19, 8, Decimal('665.31'), Decimal('4.02'), Decimal('213.963696'))]
[2025-06-14T02:15:13.264+0000] {logging_mixin.py:151} INFO - Simulation completed successfully!
[2025-06-14T02:15:13.264+0000] {logging_mixin.py:151} INFO - 96
[2025-06-14T02:15:13.265+0000] {python.py:194} INFO - Done. Returned value was: 96
[2025-06-14T02:15:13.293+0000] {taskinstance.py:1398} INFO - Marking task as SUCCESS. dag_id=ecommerce_generate_order_process, task_id=generate_order_process, execution_date=20250614T021411, start_date=20250614T021513, end_date=20250614T021513
[2025-06-14T02:15:13.319+0000] {local_task_job_runner.py:228} INFO - Task exited with return code 0
[2025-06-14T02:15:13.342+0000] {taskinstance.py:2776} INFO - 1 downstream tasks scheduled from follow-on schedule check
