[2025-06-14T04:12:12.944+0000] {taskinstance.py:1157} INFO - Dependencies all met for dep_context=non-requeueable deps ti=<TaskInstance: ecommerce_generate_order_process.generate_order_process scheduled__2025-06-14T04:11:12.130199+00:00 [queued]>
[2025-06-14T04:12:12.951+0000] {taskinstance.py:1157} INFO - Dependencies all met for dep_context=requeueable deps ti=<TaskInstance: ecommerce_generate_order_process.generate_order_process scheduled__2025-06-14T04:11:12.130199+00:00 [queued]>
[2025-06-14T04:12:12.951+0000] {taskinstance.py:1359} INFO - Starting attempt 1 of 6
[2025-06-14T04:12:12.962+0000] {taskinstance.py:1380} INFO - Executing <Task(_PythonDecoratedOperator): generate_order_process> on 2025-06-14 04:11:12.130199+00:00
[2025-06-14T04:12:12.967+0000] {standard_task_runner.py:57} INFO - Started process 12676 to run task
[2025-06-14T04:12:12.969+0000] {standard_task_runner.py:84} INFO - Running: ['***', 'tasks', 'run', 'ecommerce_generate_order_process', 'generate_order_process', 'scheduled__2025-06-14T04:11:12.130199+00:00', '--job-id', '1089', '--raw', '--subdir', 'DAGS_FOLDER/generate_order_process.py', '--cfg-path', '/tmp/tmpbwrxu22j']
[2025-06-14T04:12:12.971+0000] {standard_task_runner.py:85} INFO - Job 1089: Subtask generate_order_process
[2025-06-14T04:12:13.024+0000] {task_command.py:415} INFO - Running <TaskInstance: ecommerce_generate_order_process.generate_order_process scheduled__2025-06-14T04:11:12.130199+00:00 [running]> on host 3498b866135e
[2025-06-14T04:12:13.122+0000] {taskinstance.py:1660} INFO - Exporting env vars: AIRFLOW_CTX_DAG_OWNER='***' AIRFLOW_CTX_DAG_ID='ecommerce_generate_order_process' AIRFLOW_CTX_TASK_ID='generate_order_process' AIRFLOW_CTX_EXECUTION_DATE='2025-06-14T04:11:12.130199+00:00' AIRFLOW_CTX_TRY_NUMBER='1' AIRFLOW_CTX_DAG_RUN_ID='scheduled__2025-06-14T04:11:12.130199+00:00'
[2025-06-14T04:12:13.135+0000] {logging_mixin.py:151} INFO - ----------------------------
[2025-06-14T04:12:13.135+0000] {logging_mixin.py:151} INFO - 148
[2025-06-14T04:12:13.135+0000] {logging_mixin.py:151} INFO - ----------------------------
[2025-06-14T04:12:13.140+0000] {logging_mixin.py:151} INFO - [(37, 7, Decimal('892.19'), Decimal('4.68'), Decimal('292.281444')), (2, 1, Decimal('925.46'), Decimal('2.62'), Decimal('24.247052')), (18, 9, Decimal('697.86'), Decimal('6.91'), Decimal('433.999134')), (10, 4, Decimal('598.05'), Decimal('10.18'), Decimal('243.525960')), (32, 8, Decimal('133.92'), Decimal('4.07'), Decimal('43.604352')), (31, 6, Decimal('878.54'), Decimal('16.74'), Decimal('882.405576')), (19, 8, Decimal('665.31'), Decimal('4.02'), Decimal('213.963696')), (12, 6, Decimal('255.15'), Decimal('19.41'), Decimal('297.147690')), (27, 8, Decimal('412.73'), Decimal('3.00'), Decimal('99.0552'))]
[2025-06-14T04:12:13.142+0000] {logging_mixin.py:151} INFO - [(213, 37, 7, Decimal('892.19'), Decimal('4.68'), Decimal('292.281444')), (213, 2, 1, Decimal('925.46'), Decimal('2.62'), Decimal('24.247052')), (213, 18, 9, Decimal('697.86'), Decimal('6.91'), Decimal('433.999134')), (213, 10, 4, Decimal('598.05'), Decimal('10.18'), Decimal('243.525960')), (213, 32, 8, Decimal('133.92'), Decimal('4.07'), Decimal('43.604352')), (213, 31, 6, Decimal('878.54'), Decimal('16.74'), Decimal('882.405576')), (213, 19, 8, Decimal('665.31'), Decimal('4.02'), Decimal('213.963696')), (213, 12, 6, Decimal('255.15'), Decimal('19.41'), Decimal('297.147690')), (213, 27, 8, Decimal('412.73'), Decimal('3.00'), Decimal('99.0552'))]
[2025-06-14T04:12:13.143+0000] {logging_mixin.py:151} INFO - Simulation completed successfully!
[2025-06-14T04:12:13.143+0000] {logging_mixin.py:151} INFO - 213
[2025-06-14T04:12:13.144+0000] {python.py:194} INFO - Done. Returned value was: 213
[2025-06-14T04:12:13.174+0000] {taskinstance.py:1398} INFO - Marking task as SUCCESS. dag_id=ecommerce_generate_order_process, task_id=generate_order_process, execution_date=20250614T041112, start_date=20250614T041212, end_date=20250614T041213
[2025-06-14T04:12:13.221+0000] {local_task_job_runner.py:228} INFO - Task exited with return code 0
[2025-06-14T04:12:13.249+0000] {taskinstance.py:2776} INFO - 1 downstream tasks scheduled from follow-on schedule check
