[2025-06-14T04:18:12.934+0000] {taskinstance.py:1157} INFO - Dependencies all met for dep_context=non-requeueable deps ti=<TaskInstance: ecommerce_generate_order_process.generate_order_process scheduled__2025-06-14T04:17:12.130199+00:00 [queued]>
[2025-06-14T04:18:12.943+0000] {taskinstance.py:1157} INFO - Dependencies all met for dep_context=requeueable deps ti=<TaskInstance: ecommerce_generate_order_process.generate_order_process scheduled__2025-06-14T04:17:12.130199+00:00 [queued]>
[2025-06-14T04:18:12.944+0000] {taskinstance.py:1359} INFO - Starting attempt 1 of 6
[2025-06-14T04:18:12.955+0000] {taskinstance.py:1380} INFO - Executing <Task(_PythonDecoratedOperator): generate_order_process> on 2025-06-14 04:17:12.130199+00:00
[2025-06-14T04:18:12.961+0000] {standard_task_runner.py:57} INFO - Started process 13196 to run task
[2025-06-14T04:18:12.963+0000] {standard_task_runner.py:84} INFO - Running: ['***', 'tasks', 'run', 'ecommerce_generate_order_process', 'generate_order_process', 'scheduled__2025-06-14T04:17:12.130199+00:00', '--job-id', '1119', '--raw', '--subdir', 'DAGS_FOLDER/generate_order_process.py', '--cfg-path', '/tmp/tmpf7aopuj5']
[2025-06-14T04:18:12.965+0000] {standard_task_runner.py:85} INFO - Job 1119: Subtask generate_order_process
[2025-06-14T04:18:13.022+0000] {task_command.py:415} INFO - Running <TaskInstance: ecommerce_generate_order_process.generate_order_process scheduled__2025-06-14T04:17:12.130199+00:00 [running]> on host 3498b866135e
[2025-06-14T04:18:13.122+0000] {taskinstance.py:1660} INFO - Exporting env vars: AIRFLOW_CTX_DAG_OWNER='***' AIRFLOW_CTX_DAG_ID='ecommerce_generate_order_process' AIRFLOW_CTX_TASK_ID='generate_order_process' AIRFLOW_CTX_EXECUTION_DATE='2025-06-14T04:17:12.130199+00:00' AIRFLOW_CTX_TRY_NUMBER='1' AIRFLOW_CTX_DAG_RUN_ID='scheduled__2025-06-14T04:17:12.130199+00:00'
[2025-06-14T04:18:13.133+0000] {logging_mixin.py:151} INFO - ----------------------------
[2025-06-14T04:18:13.134+0000] {logging_mixin.py:151} INFO - 157
[2025-06-14T04:18:13.134+0000] {logging_mixin.py:151} INFO - ----------------------------
[2025-06-14T04:18:13.139+0000] {logging_mixin.py:151} INFO - [(29, 5, Decimal('201.03'), Decimal('16.88'), Decimal('169.669320'))]
[2025-06-14T04:18:13.140+0000] {logging_mixin.py:151} INFO - [(219, 29, 5, Decimal('201.03'), Decimal('16.88'), Decimal('169.669320'))]
[2025-06-14T04:18:13.141+0000] {logging_mixin.py:151} INFO - Simulation completed successfully!
[2025-06-14T04:18:13.141+0000] {logging_mixin.py:151} INFO - 219
[2025-06-14T04:18:13.141+0000] {python.py:194} INFO - Done. Returned value was: 219
[2025-06-14T04:18:13.171+0000] {taskinstance.py:1398} INFO - Marking task as SUCCESS. dag_id=ecommerce_generate_order_process, task_id=generate_order_process, execution_date=20250614T041712, start_date=20250614T041812, end_date=20250614T041813
[2025-06-14T04:18:13.215+0000] {local_task_job_runner.py:228} INFO - Task exited with return code 0
[2025-06-14T04:18:13.257+0000] {taskinstance.py:2776} INFO - 1 downstream tasks scheduled from follow-on schedule check
