[2025-06-14T02:14:13.096+0000] {taskinstance.py:1157} INFO - Dependencies all met for dep_context=non-requeueable deps ti=<TaskInstance: ecommerce_generate_order_process.generate_order_process scheduled__2025-06-14T02:13:11.775941+00:00 [queued]>
[2025-06-14T02:14:13.117+0000] {taskinstance.py:1157} INFO - Dependencies all met for dep_context=requeueable deps ti=<TaskInstance: ecommerce_generate_order_process.generate_order_process scheduled__2025-06-14T02:13:11.775941+00:00 [queued]>
[2025-06-14T02:14:13.117+0000] {taskinstance.py:1359} INFO - Starting attempt 1 of 6
[2025-06-14T02:14:13.143+0000] {taskinstance.py:1380} INFO - Executing <Task(_PythonDecoratedOperator): generate_order_process> on 2025-06-14 02:13:11.775941+00:00
[2025-06-14T02:14:13.154+0000] {standard_task_runner.py:57} INFO - Started process 2256 to run task
[2025-06-14T02:14:13.158+0000] {standard_task_runner.py:84} INFO - Running: ['***', 'tasks', 'run', 'ecommerce_generate_order_process', 'generate_order_process', 'scheduled__2025-06-14T02:13:11.775941+00:00', '--job-id', '499', '--raw', '--subdir', 'DAGS_FOLDER/generate_order_process.py', '--cfg-path', '/tmp/tmpeuawsgof']
[2025-06-14T02:14:13.162+0000] {standard_task_runner.py:85} INFO - Job 499: Subtask generate_order_process
[2025-06-14T02:14:13.291+0000] {task_command.py:415} INFO - Running <TaskInstance: ecommerce_generate_order_process.generate_order_process scheduled__2025-06-14T02:13:11.775941+00:00 [running]> on host 3498b866135e
[2025-06-14T02:14:13.485+0000] {taskinstance.py:1660} INFO - Exporting env vars: AIRFLOW_CTX_DAG_OWNER='***' AIRFLOW_CTX_DAG_ID='ecommerce_generate_order_process' AIRFLOW_CTX_TASK_ID='generate_order_process' AIRFLOW_CTX_EXECUTION_DATE='2025-06-14T02:13:11.775941+00:00' AIRFLOW_CTX_TRY_NUMBER='1' AIRFLOW_CTX_DAG_RUN_ID='scheduled__2025-06-14T02:13:11.775941+00:00'
[2025-06-14T02:14:13.507+0000] {logging_mixin.py:151} INFO - ----------------------------
[2025-06-14T02:14:13.507+0000] {logging_mixin.py:151} INFO - 128
[2025-06-14T02:14:13.507+0000] {logging_mixin.py:151} INFO - ----------------------------
[2025-06-14T02:14:13.516+0000] {logging_mixin.py:151} INFO - [(26, 5, Decimal('349.97'), Decimal('8.34'), Decimal('145.937490')), (47, 3, Decimal('923.92'), Decimal('9.75'), Decimal('270.246600')), (39, 6, Decimal('713.46'), Decimal('15.39'), Decimal('658.808964')), (35, 3, Decimal('512.37'), Decimal('5.78'), Decimal('88.844958')), (16, 7, Decimal('266.44'), Decimal('7.11'), Decimal('132.607188'))]
[2025-06-14T02:14:13.519+0000] {logging_mixin.py:151} INFO - [(95, 26, 5, Decimal('349.97'), Decimal('8.34'), Decimal('145.937490')), (95, 47, 3, Decimal('923.92'), Decimal('9.75'), Decimal('270.246600')), (95, 39, 6, Decimal('713.46'), Decimal('15.39'), Decimal('658.808964')), (95, 35, 3, Decimal('512.37'), Decimal('5.78'), Decimal('88.844958')), (95, 16, 7, Decimal('266.44'), Decimal('7.11'), Decimal('132.607188'))]
[2025-06-14T02:14:13.520+0000] {logging_mixin.py:151} INFO - Simulation completed successfully!
[2025-06-14T02:14:13.520+0000] {logging_mixin.py:151} INFO - 95
[2025-06-14T02:14:13.521+0000] {python.py:194} INFO - Done. Returned value was: 95
[2025-06-14T02:14:13.574+0000] {taskinstance.py:1398} INFO - Marking task as SUCCESS. dag_id=ecommerce_generate_order_process, task_id=generate_order_process, execution_date=20250614T021311, start_date=20250614T021413, end_date=20250614T021413
[2025-06-14T02:14:13.610+0000] {local_task_job_runner.py:228} INFO - Task exited with return code 0
[2025-06-14T02:14:13.647+0000] {taskinstance.py:2776} INFO - 0 downstream tasks scheduled from follow-on schedule check
