[2025-06-13T16:22:33.187+0000] {taskinstance.py:1157} INFO - Dependencies all met for dep_context=non-requeueable deps ti=<TaskInstance: ecommerce_generate_order_process.generate_order_process scheduled__2025-06-13T16:21:31.606904+00:00 [queued]>
[2025-06-13T16:22:33.200+0000] {taskinstance.py:1157} INFO - Dependencies all met for dep_context=requeueable deps ti=<TaskInstance: ecommerce_generate_order_process.generate_order_process scheduled__2025-06-13T16:21:31.606904+00:00 [queued]>
[2025-06-13T16:22:33.201+0000] {taskinstance.py:1359} INFO - Starting attempt 1 of 6
[2025-06-13T16:22:33.232+0000] {taskinstance.py:1380} INFO - Executing <Task(_PythonDecoratedOperator): generate_order_process> on 2025-06-13 16:21:31.606904+00:00
[2025-06-13T16:22:33.243+0000] {standard_task_runner.py:57} INFO - Started process 3021 to run task
[2025-06-13T16:22:33.248+0000] {standard_task_runner.py:84} INFO - Running: ['***', 'tasks', 'run', 'ecommerce_generate_order_process', 'generate_order_process', 'scheduled__2025-06-13T16:21:31.606904+00:00', '--job-id', '185', '--raw', '--subdir', 'DAGS_FOLDER/generate_order_process.py', '--cfg-path', '/tmp/tmpc_lobng3']
[2025-06-13T16:22:33.253+0000] {standard_task_runner.py:85} INFO - Job 185: Subtask generate_order_process
[2025-06-13T16:22:33.423+0000] {task_command.py:415} INFO - Running <TaskInstance: ecommerce_generate_order_process.generate_order_process scheduled__2025-06-13T16:21:31.606904+00:00 [running]> on host 3498b866135e
[2025-06-13T16:22:33.784+0000] {taskinstance.py:1660} INFO - Exporting env vars: AIRFLOW_CTX_DAG_OWNER='***' AIRFLOW_CTX_DAG_ID='ecommerce_generate_order_process' AIRFLOW_CTX_TASK_ID='generate_order_process' AIRFLOW_CTX_EXECUTION_DATE='2025-06-13T16:21:31.606904+00:00' AIRFLOW_CTX_TRY_NUMBER='1' AIRFLOW_CTX_DAG_RUN_ID='scheduled__2025-06-13T16:21:31.606904+00:00'
[2025-06-13T16:22:33.841+0000] {logging_mixin.py:151} INFO - ----------------------------
[2025-06-13T16:22:33.842+0000] {logging_mixin.py:151} INFO - 64
[2025-06-13T16:22:33.843+0000] {logging_mixin.py:151} INFO - ----------------------------
[2025-06-13T16:22:33.868+0000] {logging_mixin.py:151} INFO - [(22, 1, Decimal('429.81'), Decimal('5.21'), Decimal('22.393101'))]
[2025-06-13T16:22:33.872+0000] {logging_mixin.py:151} INFO - [(35, 22, 1, Decimal('429.81'), Decimal('5.21'), Decimal('22.393101'))]
[2025-06-13T16:22:33.874+0000] {logging_mixin.py:151} INFO - Simulation completed successfully!
[2025-06-13T16:22:33.875+0000] {logging_mixin.py:151} INFO - 35
[2025-06-13T16:22:33.875+0000] {python.py:194} INFO - Done. Returned value was: 35
[2025-06-13T16:22:34.002+0000] {taskinstance.py:1398} INFO - Marking task as SUCCESS. dag_id=ecommerce_generate_order_process, task_id=generate_order_process, execution_date=20250613T162131, start_date=20250613T162233, end_date=20250613T162234
[2025-06-13T16:22:34.063+0000] {local_task_job_runner.py:228} INFO - Task exited with return code 0
[2025-06-13T16:22:34.185+0000] {taskinstance.py:2776} INFO - 1 downstream tasks scheduled from follow-on schedule check
