[2025-06-13T15:57:32.207+0000] {taskinstance.py:1157} INFO - Dependencies all met for dep_context=non-requeueable deps ti=<TaskInstance: ecommerce_generate_order_process.generate_order_process scheduled__2025-06-13T15:56:30.469043+00:00 [queued]>
[2025-06-13T15:57:32.232+0000] {taskinstance.py:1157} INFO - Dependencies all met for dep_context=requeueable deps ti=<TaskInstance: ecommerce_generate_order_process.generate_order_process scheduled__2025-06-13T15:56:30.469043+00:00 [queued]>
[2025-06-13T15:57:32.232+0000] {taskinstance.py:1359} INFO - Starting attempt 1 of 6
[2025-06-13T15:57:32.268+0000] {taskinstance.py:1380} INFO - Executing <Task(_PythonDecoratedOperator): generate_order_process> on 2025-06-13 15:56:30.469043+00:00
[2025-06-13T15:57:32.282+0000] {standard_task_runner.py:57} INFO - Started process 843 to run task
[2025-06-13T15:57:32.289+0000] {standard_task_runner.py:84} INFO - Running: ['***', 'tasks', 'run', 'ecommerce_generate_order_process', 'generate_order_process', 'scheduled__2025-06-13T15:56:30.469043+00:00', '--job-id', '56', '--raw', '--subdir', 'DAGS_FOLDER/generate_order_process.py', '--cfg-path', '/tmp/tmp8196dt2g']
[2025-06-13T15:57:32.295+0000] {standard_task_runner.py:85} INFO - Job 56: Subtask generate_order_process
[2025-06-13T15:57:32.431+0000] {task_command.py:415} INFO - Running <TaskInstance: ecommerce_generate_order_process.generate_order_process scheduled__2025-06-13T15:56:30.469043+00:00 [running]> on host 3498b866135e
[2025-06-13T15:57:32.596+0000] {taskinstance.py:1660} INFO - Exporting env vars: AIRFLOW_CTX_DAG_OWNER='***' AIRFLOW_CTX_DAG_ID='ecommerce_generate_order_process' AIRFLOW_CTX_TASK_ID='generate_order_process' AIRFLOW_CTX_EXECUTION_DATE='2025-06-13T15:56:30.469043+00:00' AIRFLOW_CTX_TRY_NUMBER='1' AIRFLOW_CTX_DAG_RUN_ID='scheduled__2025-06-13T15:56:30.469043+00:00'
[2025-06-13T15:57:32.618+0000] {logging_mixin.py:151} INFO - ----------------------------
[2025-06-13T15:57:32.618+0000] {logging_mixin.py:151} INFO - 11
[2025-06-13T15:57:32.618+0000] {logging_mixin.py:151} INFO - ----------------------------
[2025-06-13T15:57:32.631+0000] {logging_mixin.py:151} INFO - [(22, 1, Decimal('429.81'), Decimal('5.21'), Decimal('22.393101')), (20, 8, Decimal('841.06'), Decimal('11.60'), Decimal('780.50368')), (14, 5, Decimal('657.33'), Decimal('0.13'), Decimal('4.272645')), (5, 8, Decimal('699.65'), Decimal('8.21'), Decimal('459.530120'))]
[2025-06-13T15:57:32.635+0000] {logging_mixin.py:151} INFO - [(8, 22, 1, Decimal('429.81'), Decimal('5.21'), Decimal('22.393101')), (8, 20, 8, Decimal('841.06'), Decimal('11.60'), Decimal('780.50368')), (8, 14, 5, Decimal('657.33'), Decimal('0.13'), Decimal('4.272645')), (8, 5, 8, Decimal('699.65'), Decimal('8.21'), Decimal('459.530120'))]
[2025-06-13T15:57:32.636+0000] {logging_mixin.py:151} INFO - Simulation completed successfully!
[2025-06-13T15:57:32.637+0000] {logging_mixin.py:151} INFO - 8
[2025-06-13T15:57:32.637+0000] {python.py:194} INFO - Done. Returned value was: 8
[2025-06-13T15:57:32.751+0000] {taskinstance.py:1398} INFO - Marking task as SUCCESS. dag_id=ecommerce_generate_order_process, task_id=generate_order_process, execution_date=20250613T155630, start_date=20250613T155732, end_date=20250613T155732
[2025-06-13T15:57:32.821+0000] {local_task_job_runner.py:228} INFO - Task exited with return code 0
[2025-06-13T15:57:32.889+0000] {taskinstance.py:2776} INFO - 1 downstream tasks scheduled from follow-on schedule check
