[2025-06-14T02:41:12.967+0000] {taskinstance.py:1157} INFO - Dependencies all met for dep_context=non-requeueable deps ti=<TaskInstance: ecommerce_generate_order_process.generate_order_process scheduled__2025-06-14T02:40:12.033460+00:00 [queued]>
[2025-06-14T02:41:12.973+0000] {taskinstance.py:1157} INFO - Dependencies all met for dep_context=requeueable deps ti=<TaskInstance: ecommerce_generate_order_process.generate_order_process scheduled__2025-06-14T02:40:12.033460+00:00 [queued]>
[2025-06-14T02:41:12.973+0000] {taskinstance.py:1359} INFO - Starting attempt 1 of 6
[2025-06-14T02:41:12.983+0000] {taskinstance.py:1380} INFO - Executing <Task(_PythonDecoratedOperator): generate_order_process> on 2025-06-14 02:40:12.033460+00:00
[2025-06-14T02:41:12.988+0000] {standard_task_runner.py:57} INFO - Started process 4646 to run task
[2025-06-14T02:41:12.989+0000] {standard_task_runner.py:84} INFO - Running: ['***', 'tasks', 'run', 'ecommerce_generate_order_process', 'generate_order_process', 'scheduled__2025-06-14T02:40:12.033460+00:00', '--job-id', '634', '--raw', '--subdir', 'DAGS_FOLDER/generate_order_process.py', '--cfg-path', '/tmp/tmpcd3z86s_']
[2025-06-14T02:41:12.991+0000] {standard_task_runner.py:85} INFO - Job 634: Subtask generate_order_process
[2025-06-14T02:41:13.040+0000] {task_command.py:415} INFO - Running <TaskInstance: ecommerce_generate_order_process.generate_order_process scheduled__2025-06-14T02:40:12.033460+00:00 [running]> on host 3498b866135e
[2025-06-14T02:41:13.125+0000] {taskinstance.py:1660} INFO - Exporting env vars: AIRFLOW_CTX_DAG_OWNER='***' AIRFLOW_CTX_DAG_ID='ecommerce_generate_order_process' AIRFLOW_CTX_TASK_ID='generate_order_process' AIRFLOW_CTX_EXECUTION_DATE='2025-06-14T02:40:12.033460+00:00' AIRFLOW_CTX_TRY_NUMBER='1' AIRFLOW_CTX_DAG_RUN_ID='scheduled__2025-06-14T02:40:12.033460+00:00'
[2025-06-14T02:41:13.136+0000] {logging_mixin.py:151} INFO - ----------------------------
[2025-06-14T02:41:13.136+0000] {logging_mixin.py:151} INFO - 227
[2025-06-14T02:41:13.136+0000] {logging_mixin.py:151} INFO - ----------------------------
[2025-06-14T02:41:13.141+0000] {logging_mixin.py:151} INFO - [(47, 3, Decimal('923.92'), Decimal('9.75'), Decimal('270.246600')), (19, 8, Decimal('665.31'), Decimal('4.02'), Decimal('213.963696')), (37, 7, Decimal('892.19'), Decimal('4.68'), Decimal('292.281444'))]
[2025-06-14T02:41:13.143+0000] {logging_mixin.py:151} INFO - [(122, 47, 3, Decimal('923.92'), Decimal('9.75'), Decimal('270.246600')), (122, 19, 8, Decimal('665.31'), Decimal('4.02'), Decimal('213.963696')), (122, 37, 7, Decimal('892.19'), Decimal('4.68'), Decimal('292.281444'))]
[2025-06-14T02:41:13.145+0000] {logging_mixin.py:151} INFO - Simulation completed successfully!
[2025-06-14T02:41:13.145+0000] {logging_mixin.py:151} INFO - 122
[2025-06-14T02:41:13.145+0000] {python.py:194} INFO - Done. Returned value was: 122
[2025-06-14T02:41:13.175+0000] {taskinstance.py:1398} INFO - Marking task as SUCCESS. dag_id=ecommerce_generate_order_process, task_id=generate_order_process, execution_date=20250614T024012, start_date=20250614T024112, end_date=20250614T024113
[2025-06-14T02:41:13.201+0000] {local_task_job_runner.py:228} INFO - Task exited with return code 0
[2025-06-14T02:41:13.222+0000] {taskinstance.py:2776} INFO - 1 downstream tasks scheduled from follow-on schedule check
