[2025-06-14T02:50:13.465+0000] {taskinstance.py:1157} INFO - Dependencies all met for dep_context=non-requeueable deps ti=<TaskInstance: ecommerce_generate_order_process.generate_order_process scheduled__2025-06-14T02:49:12.033460+00:00 [queued]>
[2025-06-14T02:50:13.472+0000] {taskinstance.py:1157} INFO - Dependencies all met for dep_context=requeueable deps ti=<TaskInstance: ecommerce_generate_order_process.generate_order_process scheduled__2025-06-14T02:49:12.033460+00:00 [queued]>
[2025-06-14T02:50:13.472+0000] {taskinstance.py:1359} INFO - Starting attempt 1 of 6
[2025-06-14T02:50:13.492+0000] {taskinstance.py:1380} INFO - Executing <Task(_PythonDecoratedOperator): generate_order_process> on 2025-06-14 02:49:12.033460+00:00
[2025-06-14T02:50:13.497+0000] {standard_task_runner.py:57} INFO - Started process 5416 to run task
[2025-06-14T02:50:13.500+0000] {standard_task_runner.py:84} INFO - Running: ['***', 'tasks', 'run', 'ecommerce_generate_order_process', 'generate_order_process', 'scheduled__2025-06-14T02:49:12.033460+00:00', '--job-id', '679', '--raw', '--subdir', 'DAGS_FOLDER/generate_order_process.py', '--cfg-path', '/tmp/tmpjhspyl4k']
[2025-06-14T02:50:13.501+0000] {standard_task_runner.py:85} INFO - Job 679: Subtask generate_order_process
[2025-06-14T02:50:13.563+0000] {task_command.py:415} INFO - Running <TaskInstance: ecommerce_generate_order_process.generate_order_process scheduled__2025-06-14T02:49:12.033460+00:00 [running]> on host 3498b866135e
[2025-06-14T02:50:13.706+0000] {taskinstance.py:1660} INFO - Exporting env vars: AIRFLOW_CTX_DAG_OWNER='***' AIRFLOW_CTX_DAG_ID='ecommerce_generate_order_process' AIRFLOW_CTX_TASK_ID='generate_order_process' AIRFLOW_CTX_EXECUTION_DATE='2025-06-14T02:49:12.033460+00:00' AIRFLOW_CTX_TRY_NUMBER='1' AIRFLOW_CTX_DAG_RUN_ID='scheduled__2025-06-14T02:49:12.033460+00:00'
[2025-06-14T02:50:13.720+0000] {logging_mixin.py:151} INFO - ----------------------------
[2025-06-14T02:50:13.720+0000] {logging_mixin.py:151} INFO - 67
[2025-06-14T02:50:13.720+0000] {logging_mixin.py:151} INFO - ----------------------------
[2025-06-14T02:50:13.728+0000] {logging_mixin.py:151} INFO - [(50, 6, Decimal('732.13'), Decimal('17.33'), Decimal('761.268774')), (16, 7, Decimal('266.44'), Decimal('7.11'), Decimal('132.607188')), (8, 1, Decimal('130.57'), Decimal('13.94'), Decimal('18.201458')), (44, 3, Decimal('20.44'), Decimal('5.09'), Decimal('3.121188')), (20, 8, Decimal('841.06'), Decimal('11.60'), Decimal('780.50368')), (27, 8, Decimal('412.73'), Decimal('3.00'), Decimal('99.0552')), (22, 1, Decimal('429.81'), Decimal('5.21'), Decimal('22.393101')), (10, 4, Decimal('598.05'), Decimal('10.18'), Decimal('243.525960'))]
[2025-06-14T02:50:13.730+0000] {logging_mixin.py:151} INFO - [(131, 50, 6, Decimal('732.13'), Decimal('17.33'), Decimal('761.268774')), (131, 16, 7, Decimal('266.44'), Decimal('7.11'), Decimal('132.607188')), (131, 8, 1, Decimal('130.57'), Decimal('13.94'), Decimal('18.201458')), (131, 44, 3, Decimal('20.44'), Decimal('5.09'), Decimal('3.121188')), (131, 20, 8, Decimal('841.06'), Decimal('11.60'), Decimal('780.50368')), (131, 27, 8, Decimal('412.73'), Decimal('3.00'), Decimal('99.0552')), (131, 22, 1, Decimal('429.81'), Decimal('5.21'), Decimal('22.393101')), (131, 10, 4, Decimal('598.05'), Decimal('10.18'), Decimal('243.525960'))]
[2025-06-14T02:50:13.742+0000] {logging_mixin.py:151} INFO - Simulation completed successfully!
[2025-06-14T02:50:13.742+0000] {logging_mixin.py:151} INFO - 131
[2025-06-14T02:50:13.743+0000] {python.py:194} INFO - Done. Returned value was: 131
[2025-06-14T02:50:13.788+0000] {taskinstance.py:1398} INFO - Marking task as SUCCESS. dag_id=ecommerce_generate_order_process, task_id=generate_order_process, execution_date=20250614T024912, start_date=20250614T025013, end_date=20250614T025013
[2025-06-14T02:50:13.831+0000] {local_task_job_runner.py:228} INFO - Task exited with return code 0
[2025-06-14T02:50:13.866+0000] {taskinstance.py:2776} INFO - 0 downstream tasks scheduled from follow-on schedule check
