[2025-06-14T03:16:13.309+0000] {taskinstance.py:1157} INFO - Dependencies all met for dep_context=non-requeueable deps ti=<TaskInstance: ecommerce_generate_order_process.generate_order_process scheduled__2025-06-14T03:15:12.130199+00:00 [queued]>
[2025-06-14T03:16:13.315+0000] {taskinstance.py:1157} INFO - Dependencies all met for dep_context=requeueable deps ti=<TaskInstance: ecommerce_generate_order_process.generate_order_process scheduled__2025-06-14T03:15:12.130199+00:00 [queued]>
[2025-06-14T03:16:13.315+0000] {taskinstance.py:1359} INFO - Starting attempt 1 of 6
[2025-06-14T03:16:13.327+0000] {taskinstance.py:1380} INFO - Executing <Task(_PythonDecoratedOperator): generate_order_process> on 2025-06-14 03:15:12.130199+00:00
[2025-06-14T03:16:13.331+0000] {standard_task_runner.py:57} INFO - Started process 7716 to run task
[2025-06-14T03:16:13.333+0000] {standard_task_runner.py:84} INFO - Running: ['***', 'tasks', 'run', 'ecommerce_generate_order_process', 'generate_order_process', 'scheduled__2025-06-14T03:15:12.130199+00:00', '--job-id', '809', '--raw', '--subdir', 'DAGS_FOLDER/generate_order_process.py', '--cfg-path', '/tmp/tmpzie1dxzb']
[2025-06-14T03:16:13.335+0000] {standard_task_runner.py:85} INFO - Job 809: Subtask generate_order_process
[2025-06-14T03:16:13.382+0000] {task_command.py:415} INFO - Running <TaskInstance: ecommerce_generate_order_process.generate_order_process scheduled__2025-06-14T03:15:12.130199+00:00 [running]> on host 3498b866135e
[2025-06-14T03:16:13.468+0000] {taskinstance.py:1660} INFO - Exporting env vars: AIRFLOW_CTX_DAG_OWNER='***' AIRFLOW_CTX_DAG_ID='ecommerce_generate_order_process' AIRFLOW_CTX_TASK_ID='generate_order_process' AIRFLOW_CTX_EXECUTION_DATE='2025-06-14T03:15:12.130199+00:00' AIRFLOW_CTX_TRY_NUMBER='1' AIRFLOW_CTX_DAG_RUN_ID='scheduled__2025-06-14T03:15:12.130199+00:00'
[2025-06-14T03:16:13.479+0000] {logging_mixin.py:151} INFO - ----------------------------
[2025-06-14T03:16:13.479+0000] {logging_mixin.py:151} INFO - 172
[2025-06-14T03:16:13.479+0000] {logging_mixin.py:151} INFO - ----------------------------
[2025-06-14T03:16:13.484+0000] {logging_mixin.py:151} INFO - [(25, 2, Decimal('34.67'), Decimal('5.72'), Decimal('3.966248')), (33, 9, Decimal('508.62'), Decimal('3.37'), Decimal('154.264446')), (17, 1, Decimal('207.60'), Decimal('14.70'), Decimal('30.51720')), (31, 6, Decimal('878.54'), Decimal('16.74'), Decimal('882.405576')), (10, 4, Decimal('598.05'), Decimal('10.18'), Decimal('243.525960')), (26, 5, Decimal('349.97'), Decimal('8.34'), Decimal('145.937490'))]
[2025-06-14T03:16:13.486+0000] {logging_mixin.py:151} INFO - [(157, 25, 2, Decimal('34.67'), Decimal('5.72'), Decimal('3.966248')), (157, 33, 9, Decimal('508.62'), Decimal('3.37'), Decimal('154.264446')), (157, 17, 1, Decimal('207.60'), Decimal('14.70'), Decimal('30.51720')), (157, 31, 6, Decimal('878.54'), Decimal('16.74'), Decimal('882.405576')), (157, 10, 4, Decimal('598.05'), Decimal('10.18'), Decimal('243.525960')), (157, 26, 5, Decimal('349.97'), Decimal('8.34'), Decimal('145.937490'))]
[2025-06-14T03:16:13.487+0000] {logging_mixin.py:151} INFO - Simulation completed successfully!
[2025-06-14T03:16:13.487+0000] {logging_mixin.py:151} INFO - 157
[2025-06-14T03:16:13.487+0000] {python.py:194} INFO - Done. Returned value was: 157
[2025-06-14T03:16:13.515+0000] {taskinstance.py:1398} INFO - Marking task as SUCCESS. dag_id=ecommerce_generate_order_process, task_id=generate_order_process, execution_date=20250614T031512, start_date=20250614T031613, end_date=20250614T031613
[2025-06-14T03:16:13.545+0000] {local_task_job_runner.py:228} INFO - Task exited with return code 0
[2025-06-14T03:16:13.567+0000] {taskinstance.py:2776} INFO - 1 downstream tasks scheduled from follow-on schedule check
