[2025-06-14T03:54:12.793+0000] {taskinstance.py:1157} INFO - Dependencies all met for dep_context=non-requeueable deps ti=<TaskInstance: ecommerce_generate_order_process.generate_order_process scheduled__2025-06-14T03:53:12.130199+00:00 [queued]>
[2025-06-14T03:54:12.803+0000] {taskinstance.py:1157} INFO - Dependencies all met for dep_context=requeueable deps ti=<TaskInstance: ecommerce_generate_order_process.generate_order_process scheduled__2025-06-14T03:53:12.130199+00:00 [queued]>
[2025-06-14T03:54:12.803+0000] {taskinstance.py:1359} INFO - Starting attempt 1 of 6
[2025-06-14T03:54:12.817+0000] {taskinstance.py:1380} INFO - Executing <Task(_PythonDecoratedOperator): generate_order_process> on 2025-06-14 03:53:12.130199+00:00
[2025-06-14T03:54:12.823+0000] {standard_task_runner.py:57} INFO - Started process 11096 to run task
[2025-06-14T03:54:12.825+0000] {standard_task_runner.py:84} INFO - Running: ['***', 'tasks', 'run', 'ecommerce_generate_order_process', 'generate_order_process', 'scheduled__2025-06-14T03:53:12.130199+00:00', '--job-id', '999', '--raw', '--subdir', 'DAGS_FOLDER/generate_order_process.py', '--cfg-path', '/tmp/tmp7r24h0l1']
[2025-06-14T03:54:12.827+0000] {standard_task_runner.py:85} INFO - Job 999: Subtask generate_order_process
[2025-06-14T03:54:12.907+0000] {task_command.py:415} INFO - Running <TaskInstance: ecommerce_generate_order_process.generate_order_process scheduled__2025-06-14T03:53:12.130199+00:00 [running]> on host 3498b866135e
[2025-06-14T03:54:13.037+0000] {taskinstance.py:1660} INFO - Exporting env vars: AIRFLOW_CTX_DAG_OWNER='***' AIRFLOW_CTX_DAG_ID='ecommerce_generate_order_process' AIRFLOW_CTX_TASK_ID='generate_order_process' AIRFLOW_CTX_EXECUTION_DATE='2025-06-14T03:53:12.130199+00:00' AIRFLOW_CTX_TRY_NUMBER='1' AIRFLOW_CTX_DAG_RUN_ID='scheduled__2025-06-14T03:53:12.130199+00:00'
[2025-06-14T03:54:13.053+0000] {logging_mixin.py:151} INFO - ----------------------------
[2025-06-14T03:54:13.054+0000] {logging_mixin.py:151} INFO - 199
[2025-06-14T03:54:13.054+0000] {logging_mixin.py:151} INFO - ----------------------------
[2025-06-14T03:54:13.062+0000] {logging_mixin.py:151} INFO - [(41, 1, Decimal('855.34'), Decimal('13.96'), Decimal('119.405464')), (42, 4, Decimal('408.31'), Decimal('15.66'), Decimal('255.765384')), (22, 1, Decimal('429.81'), Decimal('5.21'), Decimal('22.393101')), (23, 1, Decimal('521.30'), Decimal('16.80'), Decimal('87.57840')), (49, 8, Decimal('42.29'), Decimal('1.49'), Decimal('5.040968'))]
[2025-06-14T03:54:13.064+0000] {logging_mixin.py:151} INFO - [(195, 41, 1, Decimal('855.34'), Decimal('13.96'), Decimal('119.405464')), (195, 42, 4, Decimal('408.31'), Decimal('15.66'), Decimal('255.765384')), (195, 22, 1, Decimal('429.81'), Decimal('5.21'), Decimal('22.393101')), (195, 23, 1, Decimal('521.30'), Decimal('16.80'), Decimal('87.57840')), (195, 49, 8, Decimal('42.29'), Decimal('1.49'), Decimal('5.040968'))]
[2025-06-14T03:54:13.066+0000] {logging_mixin.py:151} INFO - Simulation completed successfully!
[2025-06-14T03:54:13.066+0000] {logging_mixin.py:151} INFO - 195
[2025-06-14T03:54:13.066+0000] {python.py:194} INFO - Done. Returned value was: 195
[2025-06-14T03:54:13.108+0000] {taskinstance.py:1398} INFO - Marking task as SUCCESS. dag_id=ecommerce_generate_order_process, task_id=generate_order_process, execution_date=20250614T035312, start_date=20250614T035412, end_date=20250614T035413
[2025-06-14T03:54:13.157+0000] {local_task_job_runner.py:228} INFO - Task exited with return code 0
[2025-06-14T03:54:13.188+0000] {taskinstance.py:2776} INFO - 1 downstream tasks scheduled from follow-on schedule check
