[2025-06-14T04:11:12.719+0000] {taskinstance.py:1157} INFO - Dependencies all met for dep_context=non-requeueable deps ti=<TaskInstance: ecommerce_generate_order_process.generate_order_process scheduled__2025-06-14T04:10:12.130199+00:00 [queued]>
[2025-06-14T04:11:12.725+0000] {taskinstance.py:1157} INFO - Dependencies all met for dep_context=requeueable deps ti=<TaskInstance: ecommerce_generate_order_process.generate_order_process scheduled__2025-06-14T04:10:12.130199+00:00 [queued]>
[2025-06-14T04:11:12.725+0000] {taskinstance.py:1359} INFO - Starting attempt 1 of 6
[2025-06-14T04:11:12.737+0000] {taskinstance.py:1380} INFO - Executing <Task(_PythonDecoratedOperator): generate_order_process> on 2025-06-14 04:10:12.130199+00:00
[2025-06-14T04:11:12.742+0000] {standard_task_runner.py:57} INFO - Started process 12586 to run task
[2025-06-14T04:11:12.743+0000] {standard_task_runner.py:84} INFO - Running: ['***', 'tasks', 'run', 'ecommerce_generate_order_process', 'generate_order_process', 'scheduled__2025-06-14T04:10:12.130199+00:00', '--job-id', '1084', '--raw', '--subdir', 'DAGS_FOLDER/generate_order_process.py', '--cfg-path', '/tmp/tmps10q3ljd']
[2025-06-14T04:11:12.745+0000] {standard_task_runner.py:85} INFO - Job 1084: Subtask generate_order_process
[2025-06-14T04:11:12.792+0000] {task_command.py:415} INFO - Running <TaskInstance: ecommerce_generate_order_process.generate_order_process scheduled__2025-06-14T04:10:12.130199+00:00 [running]> on host 3498b866135e
[2025-06-14T04:11:12.883+0000] {taskinstance.py:1660} INFO - Exporting env vars: AIRFLOW_CTX_DAG_OWNER='***' AIRFLOW_CTX_DAG_ID='ecommerce_generate_order_process' AIRFLOW_CTX_TASK_ID='generate_order_process' AIRFLOW_CTX_EXECUTION_DATE='2025-06-14T04:10:12.130199+00:00' AIRFLOW_CTX_TRY_NUMBER='1' AIRFLOW_CTX_DAG_RUN_ID='scheduled__2025-06-14T04:10:12.130199+00:00'
[2025-06-14T04:11:12.895+0000] {logging_mixin.py:151} INFO - ----------------------------
[2025-06-14T04:11:12.895+0000] {logging_mixin.py:151} INFO - 243
[2025-06-14T04:11:12.895+0000] {logging_mixin.py:151} INFO - ----------------------------
[2025-06-14T04:11:12.900+0000] {logging_mixin.py:151} INFO - [(28, 7, Decimal('799.39'), Decimal('3.53'), Decimal('197.529269')), (18, 9, Decimal('697.86'), Decimal('6.91'), Decimal('433.999134')), (32, 8, Decimal('133.92'), Decimal('4.07'), Decimal('43.604352'))]
[2025-06-14T04:11:12.902+0000] {logging_mixin.py:151} INFO - [(212, 28, 7, Decimal('799.39'), Decimal('3.53'), Decimal('197.529269')), (212, 18, 9, Decimal('697.86'), Decimal('6.91'), Decimal('433.999134')), (212, 32, 8, Decimal('133.92'), Decimal('4.07'), Decimal('43.604352'))]
[2025-06-14T04:11:12.903+0000] {logging_mixin.py:151} INFO - Simulation completed successfully!
[2025-06-14T04:11:12.903+0000] {logging_mixin.py:151} INFO - 212
[2025-06-14T04:11:12.903+0000] {python.py:194} INFO - Done. Returned value was: 212
[2025-06-14T04:11:12.935+0000] {taskinstance.py:1398} INFO - Marking task as SUCCESS. dag_id=ecommerce_generate_order_process, task_id=generate_order_process, execution_date=20250614T041012, start_date=20250614T041112, end_date=20250614T041112
[2025-06-14T04:11:12.955+0000] {local_task_job_runner.py:228} INFO - Task exited with return code 0
[2025-06-14T04:11:12.977+0000] {taskinstance.py:2776} INFO - 1 downstream tasks scheduled from follow-on schedule check
