[2025-06-14T03:18:12.971+0000] {taskinstance.py:1157} INFO - Dependencies all met for dep_context=non-requeueable deps ti=<TaskInstance: ecommerce_generate_order_process.generate_order_process scheduled__2025-06-14T03:17:12.130199+00:00 [queued]>
[2025-06-14T03:18:12.979+0000] {taskinstance.py:1157} INFO - Dependencies all met for dep_context=requeueable deps ti=<TaskInstance: ecommerce_generate_order_process.generate_order_process scheduled__2025-06-14T03:17:12.130199+00:00 [queued]>
[2025-06-14T03:18:12.980+0000] {taskinstance.py:1359} INFO - Starting attempt 1 of 6
[2025-06-14T03:18:13.005+0000] {taskinstance.py:1380} INFO - Executing <Task(_PythonDecoratedOperator): generate_order_process> on 2025-06-14 03:17:12.130199+00:00
[2025-06-14T03:18:13.011+0000] {standard_task_runner.py:57} INFO - Started process 7896 to run task
[2025-06-14T03:18:13.013+0000] {standard_task_runner.py:84} INFO - Running: ['***', 'tasks', 'run', 'ecommerce_generate_order_process', 'generate_order_process', 'scheduled__2025-06-14T03:17:12.130199+00:00', '--job-id', '819', '--raw', '--subdir', 'DAGS_FOLDER/generate_order_process.py', '--cfg-path', '/tmp/tmpylzib9yp']
[2025-06-14T03:18:13.015+0000] {standard_task_runner.py:85} INFO - Job 819: Subtask generate_order_process
[2025-06-14T03:18:13.093+0000] {task_command.py:415} INFO - Running <TaskInstance: ecommerce_generate_order_process.generate_order_process scheduled__2025-06-14T03:17:12.130199+00:00 [running]> on host 3498b866135e
[2025-06-14T03:18:13.247+0000] {taskinstance.py:1660} INFO - Exporting env vars: AIRFLOW_CTX_DAG_OWNER='***' AIRFLOW_CTX_DAG_ID='ecommerce_generate_order_process' AIRFLOW_CTX_TASK_ID='generate_order_process' AIRFLOW_CTX_EXECUTION_DATE='2025-06-14T03:17:12.130199+00:00' AIRFLOW_CTX_TRY_NUMBER='1' AIRFLOW_CTX_DAG_RUN_ID='scheduled__2025-06-14T03:17:12.130199+00:00'
[2025-06-14T03:18:13.263+0000] {logging_mixin.py:151} INFO - ----------------------------
[2025-06-14T03:18:13.263+0000] {logging_mixin.py:151} INFO - 12
[2025-06-14T03:18:13.263+0000] {logging_mixin.py:151} INFO - ----------------------------
[2025-06-14T03:18:13.271+0000] {logging_mixin.py:151} INFO - [(21, 4, Decimal('841.78'), Decimal('5.97'), Decimal('201.017064')), (49, 8, Decimal('42.29'), Decimal('1.49'), Decimal('5.040968')), (10, 4, Decimal('598.05'), Decimal('10.18'), Decimal('243.525960')), (45, 2, Decimal('602.50'), Decimal('19.00'), Decimal('228.9500'))]
[2025-06-14T03:18:13.272+0000] {logging_mixin.py:151} INFO - [(159, 21, 4, Decimal('841.78'), Decimal('5.97'), Decimal('201.017064')), (159, 49, 8, Decimal('42.29'), Decimal('1.49'), Decimal('5.040968')), (159, 10, 4, Decimal('598.05'), Decimal('10.18'), Decimal('243.525960')), (159, 45, 2, Decimal('602.50'), Decimal('19.00'), Decimal('228.9500'))]
[2025-06-14T03:18:13.292+0000] {logging_mixin.py:151} INFO - Simulation completed successfully!
[2025-06-14T03:18:13.293+0000] {logging_mixin.py:151} INFO - 159
[2025-06-14T03:18:13.293+0000] {python.py:194} INFO - Done. Returned value was: 159
[2025-06-14T03:18:13.346+0000] {taskinstance.py:1398} INFO - Marking task as SUCCESS. dag_id=ecommerce_generate_order_process, task_id=generate_order_process, execution_date=20250614T031712, start_date=20250614T031812, end_date=20250614T031813
[2025-06-14T03:18:13.386+0000] {local_task_job_runner.py:228} INFO - Task exited with return code 0
[2025-06-14T03:18:13.414+0000] {taskinstance.py:2776} INFO - 1 downstream tasks scheduled from follow-on schedule check
