[2025-06-14T04:01:13.632+0000] {taskinstance.py:1157} INFO - Dependencies all met for dep_context=non-requeueable deps ti=<TaskInstance: ecommerce_generate_order_process.generate_order_process scheduled__2025-06-14T04:00:12.130199+00:00 [queued]>
[2025-06-14T04:01:13.641+0000] {taskinstance.py:1157} INFO - Dependencies all met for dep_context=requeueable deps ti=<TaskInstance: ecommerce_generate_order_process.generate_order_process scheduled__2025-06-14T04:00:12.130199+00:00 [queued]>
[2025-06-14T04:01:13.641+0000] {taskinstance.py:1359} INFO - Starting attempt 1 of 6
[2025-06-14T04:01:13.653+0000] {taskinstance.py:1380} INFO - Executing <Task(_PythonDecoratedOperator): generate_order_process> on 2025-06-14 04:00:12.130199+00:00
[2025-06-14T04:01:13.658+0000] {standard_task_runner.py:57} INFO - Started process 11686 to run task
[2025-06-14T04:01:13.660+0000] {standard_task_runner.py:84} INFO - Running: ['***', 'tasks', 'run', 'ecommerce_generate_order_process', 'generate_order_process', 'scheduled__2025-06-14T04:00:12.130199+00:00', '--job-id', '1034', '--raw', '--subdir', 'DAGS_FOLDER/generate_order_process.py', '--cfg-path', '/tmp/tmp8ofbxh_4']
[2025-06-14T04:01:13.662+0000] {standard_task_runner.py:85} INFO - Job 1034: Subtask generate_order_process
[2025-06-14T04:01:13.723+0000] {task_command.py:415} INFO - Running <TaskInstance: ecommerce_generate_order_process.generate_order_process scheduled__2025-06-14T04:00:12.130199+00:00 [running]> on host 3498b866135e
[2025-06-14T04:01:13.834+0000] {taskinstance.py:1660} INFO - Exporting env vars: AIRFLOW_CTX_DAG_OWNER='***' AIRFLOW_CTX_DAG_ID='ecommerce_generate_order_process' AIRFLOW_CTX_TASK_ID='generate_order_process' AIRFLOW_CTX_EXECUTION_DATE='2025-06-14T04:00:12.130199+00:00' AIRFLOW_CTX_TRY_NUMBER='1' AIRFLOW_CTX_DAG_RUN_ID='scheduled__2025-06-14T04:00:12.130199+00:00'
[2025-06-14T04:01:13.853+0000] {logging_mixin.py:151} INFO - ----------------------------
[2025-06-14T04:01:13.853+0000] {logging_mixin.py:151} INFO - 195
[2025-06-14T04:01:13.853+0000] {logging_mixin.py:151} INFO - ----------------------------
[2025-06-14T04:01:13.860+0000] {logging_mixin.py:151} INFO - [(38, 4, Decimal('79.94'), Decimal('0.52'), Decimal('1.662752')), (48, 4, Decimal('294.67'), Decimal('17.31'), Decimal('204.029508')), (23, 1, Decimal('521.30'), Decimal('16.80'), Decimal('87.57840')), (22, 1, Decimal('429.81'), Decimal('5.21'), Decimal('22.393101')), (18, 9, Decimal('697.86'), Decimal('6.91'), Decimal('433.999134')), (40, 4, Decimal('700.78'), Decimal('16.51'), Decimal('462.795112')), (20, 8, Decimal('841.06'), Decimal('11.60'), Decimal('780.50368')), (30, 2, Decimal('913.08'), Decimal('18.10'), Decimal('330.53496')), (9, 4, Decimal('724.69'), Decimal('11.61'), Decimal('336.546036'))]
[2025-06-14T04:01:13.863+0000] {logging_mixin.py:151} INFO - [(202, 38, 4, Decimal('79.94'), Decimal('0.52'), Decimal('1.662752')), (202, 48, 4, Decimal('294.67'), Decimal('17.31'), Decimal('204.029508')), (202, 23, 1, Decimal('521.30'), Decimal('16.80'), Decimal('87.57840')), (202, 22, 1, Decimal('429.81'), Decimal('5.21'), Decimal('22.393101')), (202, 18, 9, Decimal('697.86'), Decimal('6.91'), Decimal('433.999134')), (202, 40, 4, Decimal('700.78'), Decimal('16.51'), Decimal('462.795112')), (202, 20, 8, Decimal('841.06'), Decimal('11.60'), Decimal('780.50368')), (202, 30, 2, Decimal('913.08'), Decimal('18.10'), Decimal('330.53496')), (202, 9, 4, Decimal('724.69'), Decimal('11.61'), Decimal('336.546036'))]
[2025-06-14T04:01:13.864+0000] {logging_mixin.py:151} INFO - Simulation completed successfully!
[2025-06-14T04:01:13.864+0000] {logging_mixin.py:151} INFO - 202
[2025-06-14T04:01:13.864+0000] {python.py:194} INFO - Done. Returned value was: 202
[2025-06-14T04:01:13.901+0000] {taskinstance.py:1398} INFO - Marking task as SUCCESS. dag_id=ecommerce_generate_order_process, task_id=generate_order_process, execution_date=20250614T040012, start_date=20250614T040113, end_date=20250614T040113
[2025-06-14T04:01:13.953+0000] {local_task_job_runner.py:228} INFO - Task exited with return code 0
[2025-06-14T04:01:13.987+0000] {taskinstance.py:2776} INFO - 1 downstream tasks scheduled from follow-on schedule check
