[2025-06-14T03:20:12.662+0000] {taskinstance.py:1157} INFO - Dependencies all met for dep_context=non-requeueable deps ti=<TaskInstance: ecommerce_generate_order_process.generate_order_process scheduled__2025-06-14T03:19:12.130199+00:00 [queued]>
[2025-06-14T03:20:12.668+0000] {taskinstance.py:1157} INFO - Dependencies all met for dep_context=requeueable deps ti=<TaskInstance: ecommerce_generate_order_process.generate_order_process scheduled__2025-06-14T03:19:12.130199+00:00 [queued]>
[2025-06-14T03:20:12.668+0000] {taskinstance.py:1359} INFO - Starting attempt 1 of 6
[2025-06-14T03:20:12.679+0000] {taskinstance.py:1380} INFO - Executing <Task(_PythonDecoratedOperator): generate_order_process> on 2025-06-14 03:19:12.130199+00:00
[2025-06-14T03:20:12.683+0000] {standard_task_runner.py:57} INFO - Started process 8076 to run task
[2025-06-14T03:20:12.685+0000] {standard_task_runner.py:84} INFO - Running: ['***', 'tasks', 'run', 'ecommerce_generate_order_process', 'generate_order_process', 'scheduled__2025-06-14T03:19:12.130199+00:00', '--job-id', '829', '--raw', '--subdir', 'DAGS_FOLDER/generate_order_process.py', '--cfg-path', '/tmp/tmpbktkfnf5']
[2025-06-14T03:20:12.687+0000] {standard_task_runner.py:85} INFO - Job 829: Subtask generate_order_process
[2025-06-14T03:20:12.734+0000] {task_command.py:415} INFO - Running <TaskInstance: ecommerce_generate_order_process.generate_order_process scheduled__2025-06-14T03:19:12.130199+00:00 [running]> on host 3498b866135e
[2025-06-14T03:20:12.821+0000] {taskinstance.py:1660} INFO - Exporting env vars: AIRFLOW_CTX_DAG_OWNER='***' AIRFLOW_CTX_DAG_ID='ecommerce_generate_order_process' AIRFLOW_CTX_TASK_ID='generate_order_process' AIRFLOW_CTX_EXECUTION_DATE='2025-06-14T03:19:12.130199+00:00' AIRFLOW_CTX_TRY_NUMBER='1' AIRFLOW_CTX_DAG_RUN_ID='scheduled__2025-06-14T03:19:12.130199+00:00'
[2025-06-14T03:20:12.833+0000] {logging_mixin.py:151} INFO - ----------------------------
[2025-06-14T03:20:12.834+0000] {logging_mixin.py:151} INFO - 44
[2025-06-14T03:20:12.834+0000] {logging_mixin.py:151} INFO - ----------------------------
[2025-06-14T03:20:12.838+0000] {logging_mixin.py:151} INFO - [(20, 8, Decimal('841.06'), Decimal('11.60'), Decimal('780.50368')), (43, 8, Decimal('746.10'), Decimal('4.92'), Decimal('293.664960')), (37, 7, Decimal('892.19'), Decimal('4.68'), Decimal('292.281444')), (3, 7, Decimal('946.29'), Decimal('2.59'), Decimal('171.562377')), (2, 1, Decimal('925.46'), Decimal('2.62'), Decimal('24.247052')), (21, 4, Decimal('841.78'), Decimal('5.97'), Decimal('201.017064'))]
[2025-06-14T03:20:12.840+0000] {logging_mixin.py:151} INFO - [(161, 20, 8, Decimal('841.06'), Decimal('11.60'), Decimal('780.50368')), (161, 43, 8, Decimal('746.10'), Decimal('4.92'), Decimal('293.664960')), (161, 37, 7, Decimal('892.19'), Decimal('4.68'), Decimal('292.281444')), (161, 3, 7, Decimal('946.29'), Decimal('2.59'), Decimal('171.562377')), (161, 2, 1, Decimal('925.46'), Decimal('2.62'), Decimal('24.247052')), (161, 21, 4, Decimal('841.78'), Decimal('5.97'), Decimal('201.017064'))]
[2025-06-14T03:20:12.841+0000] {logging_mixin.py:151} INFO - Simulation completed successfully!
[2025-06-14T03:20:12.841+0000] {logging_mixin.py:151} INFO - 161
[2025-06-14T03:20:12.841+0000] {python.py:194} INFO - Done. Returned value was: 161
[2025-06-14T03:20:12.870+0000] {taskinstance.py:1398} INFO - Marking task as SUCCESS. dag_id=ecommerce_generate_order_process, task_id=generate_order_process, execution_date=20250614T031912, start_date=20250614T032012, end_date=20250614T032012
[2025-06-14T03:20:12.897+0000] {local_task_job_runner.py:228} INFO - Task exited with return code 0
[2025-06-14T03:20:12.918+0000] {taskinstance.py:2776} INFO - 1 downstream tasks scheduled from follow-on schedule check
