[2025-06-14T03:14:13.256+0000] {taskinstance.py:1157} INFO - Dependencies all met for dep_context=non-requeueable deps ti=<TaskInstance: ecommerce_generate_order_process.generate_order_process scheduled__2025-06-14T03:13:12.130199+00:00 [queued]>
[2025-06-14T03:14:13.263+0000] {taskinstance.py:1157} INFO - Dependencies all met for dep_context=requeueable deps ti=<TaskInstance: ecommerce_generate_order_process.generate_order_process scheduled__2025-06-14T03:13:12.130199+00:00 [queued]>
[2025-06-14T03:14:13.263+0000] {taskinstance.py:1359} INFO - Starting attempt 1 of 6
[2025-06-14T03:14:13.301+0000] {taskinstance.py:1380} INFO - Executing <Task(_PythonDecoratedOperator): generate_order_process> on 2025-06-14 03:13:12.130199+00:00
[2025-06-14T03:14:13.306+0000] {standard_task_runner.py:57} INFO - Started process 7536 to run task
[2025-06-14T03:14:13.308+0000] {standard_task_runner.py:84} INFO - Running: ['***', 'tasks', 'run', 'ecommerce_generate_order_process', 'generate_order_process', 'scheduled__2025-06-14T03:13:12.130199+00:00', '--job-id', '799', '--raw', '--subdir', 'DAGS_FOLDER/generate_order_process.py', '--cfg-path', '/tmp/tmp8cdmzsv8']
[2025-06-14T03:14:13.310+0000] {standard_task_runner.py:85} INFO - Job 799: Subtask generate_order_process
[2025-06-14T03:14:13.386+0000] {task_command.py:415} INFO - Running <TaskInstance: ecommerce_generate_order_process.generate_order_process scheduled__2025-06-14T03:13:12.130199+00:00 [running]> on host 3498b866135e
[2025-06-14T03:14:13.590+0000] {taskinstance.py:1660} INFO - Exporting env vars: AIRFLOW_CTX_DAG_OWNER='***' AIRFLOW_CTX_DAG_ID='ecommerce_generate_order_process' AIRFLOW_CTX_TASK_ID='generate_order_process' AIRFLOW_CTX_EXECUTION_DATE='2025-06-14T03:13:12.130199+00:00' AIRFLOW_CTX_TRY_NUMBER='1' AIRFLOW_CTX_DAG_RUN_ID='scheduled__2025-06-14T03:13:12.130199+00:00'
[2025-06-14T03:14:13.601+0000] {logging_mixin.py:151} INFO - ----------------------------
[2025-06-14T03:14:13.601+0000] {logging_mixin.py:151} INFO - 187
[2025-06-14T03:14:13.601+0000] {logging_mixin.py:151} INFO - ----------------------------
[2025-06-14T03:14:13.608+0000] {logging_mixin.py:151} INFO - [(39, 6, Decimal('713.46'), Decimal('15.39'), Decimal('658.808964')), (25, 2, Decimal('34.67'), Decimal('5.72'), Decimal('3.966248')), (17, 1, Decimal('207.60'), Decimal('14.70'), Decimal('30.51720')), (6, 1, Decimal('721.46'), Decimal('1.60'), Decimal('11.54336'))]
[2025-06-14T03:14:13.609+0000] {logging_mixin.py:151} INFO - [(155, 39, 6, Decimal('713.46'), Decimal('15.39'), Decimal('658.808964')), (155, 25, 2, Decimal('34.67'), Decimal('5.72'), Decimal('3.966248')), (155, 17, 1, Decimal('207.60'), Decimal('14.70'), Decimal('30.51720')), (155, 6, 1, Decimal('721.46'), Decimal('1.60'), Decimal('11.54336'))]
[2025-06-14T03:14:13.637+0000] {logging_mixin.py:151} INFO - Simulation completed successfully!
[2025-06-14T03:14:13.637+0000] {logging_mixin.py:151} INFO - 155
[2025-06-14T03:14:13.637+0000] {python.py:194} INFO - Done. Returned value was: 155
[2025-06-14T03:14:13.695+0000] {taskinstance.py:1398} INFO - Marking task as SUCCESS. dag_id=ecommerce_generate_order_process, task_id=generate_order_process, execution_date=20250614T031312, start_date=20250614T031413, end_date=20250614T031413
[2025-06-14T03:14:13.800+0000] {local_task_job_runner.py:228} INFO - Task exited with return code 0
[2025-06-14T03:14:13.822+0000] {taskinstance.py:2776} INFO - 1 downstream tasks scheduled from follow-on schedule check
