[2025-06-14T04:37:13.022+0000] {taskinstance.py:1157} INFO - Dependencies all met for dep_context=non-requeueable deps ti=<TaskInstance: ecommerce_generate_order_process.generate_order_process scheduled__2025-06-14T04:36:12.130199+00:00 [queued]>
[2025-06-14T04:37:13.031+0000] {taskinstance.py:1157} INFO - Dependencies all met for dep_context=requeueable deps ti=<TaskInstance: ecommerce_generate_order_process.generate_order_process scheduled__2025-06-14T04:36:12.130199+00:00 [queued]>
[2025-06-14T04:37:13.032+0000] {taskinstance.py:1359} INFO - Starting attempt 1 of 6
[2025-06-14T04:37:13.045+0000] {taskinstance.py:1380} INFO - Executing <Task(_PythonDecoratedOperator): generate_order_process> on 2025-06-14 04:36:12.130199+00:00
[2025-06-14T04:37:13.051+0000] {standard_task_runner.py:57} INFO - Started process 14886 to run task
[2025-06-14T04:37:13.054+0000] {standard_task_runner.py:84} INFO - Running: ['***', 'tasks', 'run', 'ecommerce_generate_order_process', 'generate_order_process', 'scheduled__2025-06-14T04:36:12.130199+00:00', '--job-id', '1214', '--raw', '--subdir', 'DAGS_FOLDER/generate_order_process.py', '--cfg-path', '/tmp/tmphkdy9xn0']
[2025-06-14T04:37:13.056+0000] {standard_task_runner.py:85} INFO - Job 1214: Subtask generate_order_process
[2025-06-14T04:37:13.116+0000] {task_command.py:415} INFO - Running <TaskInstance: ecommerce_generate_order_process.generate_order_process scheduled__2025-06-14T04:36:12.130199+00:00 [running]> on host 3498b866135e
[2025-06-14T04:37:13.215+0000] {taskinstance.py:1660} INFO - Exporting env vars: AIRFLOW_CTX_DAG_OWNER='***' AIRFLOW_CTX_DAG_ID='ecommerce_generate_order_process' AIRFLOW_CTX_TASK_ID='generate_order_process' AIRFLOW_CTX_EXECUTION_DATE='2025-06-14T04:36:12.130199+00:00' AIRFLOW_CTX_TRY_NUMBER='1' AIRFLOW_CTX_DAG_RUN_ID='scheduled__2025-06-14T04:36:12.130199+00:00'
[2025-06-14T04:37:13.228+0000] {logging_mixin.py:151} INFO - ----------------------------
[2025-06-14T04:37:13.228+0000] {logging_mixin.py:151} INFO - 319
[2025-06-14T04:37:13.228+0000] {logging_mixin.py:151} INFO - ----------------------------
[2025-06-14T04:37:13.237+0000] {logging_mixin.py:151} INFO - [(47, 3, Decimal('923.92'), Decimal('9.75'), Decimal('270.246600'))]
[2025-06-14T04:37:13.238+0000] {logging_mixin.py:151} INFO - [(238, 47, 3, Decimal('923.92'), Decimal('9.75'), Decimal('270.246600'))]
[2025-06-14T04:37:13.239+0000] {logging_mixin.py:151} INFO - Simulation completed successfully!
[2025-06-14T04:37:13.240+0000] {logging_mixin.py:151} INFO - 238
[2025-06-14T04:37:13.240+0000] {python.py:194} INFO - Done. Returned value was: 238
[2025-06-14T04:37:13.272+0000] {taskinstance.py:1398} INFO - Marking task as SUCCESS. dag_id=ecommerce_generate_order_process, task_id=generate_order_process, execution_date=20250614T043612, start_date=20250614T043713, end_date=20250614T043713
[2025-06-14T04:37:13.306+0000] {local_task_job_runner.py:228} INFO - Task exited with return code 0
[2025-06-14T04:37:13.328+0000] {taskinstance.py:2776} INFO - 1 downstream tasks scheduled from follow-on schedule check
