[2025-06-14T02:30:12.670+0000] {taskinstance.py:1157} INFO - Dependencies all met for dep_context=non-requeueable deps ti=<TaskInstance: ecommerce_generate_order_process.generate_order_process scheduled__2025-06-14T02:29:12.033460+00:00 [queued]>
[2025-06-14T02:30:12.679+0000] {taskinstance.py:1157} INFO - Dependencies all met for dep_context=requeueable deps ti=<TaskInstance: ecommerce_generate_order_process.generate_order_process scheduled__2025-06-14T02:29:12.033460+00:00 [queued]>
[2025-06-14T02:30:12.679+0000] {taskinstance.py:1359} INFO - Starting attempt 1 of 6
[2025-06-14T02:30:12.693+0000] {taskinstance.py:1380} INFO - Executing <Task(_PythonDecoratedOperator): generate_order_process> on 2025-06-14 02:29:12.033460+00:00
[2025-06-14T02:30:12.698+0000] {standard_task_runner.py:57} INFO - Started process 3656 to run task
[2025-06-14T02:30:12.700+0000] {standard_task_runner.py:84} INFO - Running: ['***', 'tasks', 'run', 'ecommerce_generate_order_process', 'generate_order_process', 'scheduled__2025-06-14T02:29:12.033460+00:00', '--job-id', '579', '--raw', '--subdir', 'DAGS_FOLDER/generate_order_process.py', '--cfg-path', '/tmp/tmpryf_j0_h']
[2025-06-14T02:30:12.702+0000] {standard_task_runner.py:85} INFO - Job 579: Subtask generate_order_process
[2025-06-14T02:30:12.764+0000] {task_command.py:415} INFO - Running <TaskInstance: ecommerce_generate_order_process.generate_order_process scheduled__2025-06-14T02:29:12.033460+00:00 [running]> on host 3498b866135e
[2025-06-14T02:30:12.881+0000] {taskinstance.py:1660} INFO - Exporting env vars: AIRFLOW_CTX_DAG_OWNER='***' AIRFLOW_CTX_DAG_ID='ecommerce_generate_order_process' AIRFLOW_CTX_TASK_ID='generate_order_process' AIRFLOW_CTX_EXECUTION_DATE='2025-06-14T02:29:12.033460+00:00' AIRFLOW_CTX_TRY_NUMBER='1' AIRFLOW_CTX_DAG_RUN_ID='scheduled__2025-06-14T02:29:12.033460+00:00'
[2025-06-14T02:30:12.898+0000] {logging_mixin.py:151} INFO - ----------------------------
[2025-06-14T02:30:12.899+0000] {logging_mixin.py:151} INFO - 19
[2025-06-14T02:30:12.899+0000] {logging_mixin.py:151} INFO - ----------------------------
[2025-06-14T02:30:12.909+0000] {logging_mixin.py:151} INFO - [(34, 5, Decimal('814.83'), Decimal('13.74'), Decimal('559.788210')), (47, 3, Decimal('923.92'), Decimal('9.75'), Decimal('270.246600')), (2, 1, Decimal('925.46'), Decimal('2.62'), Decimal('24.247052')), (18, 9, Decimal('697.86'), Decimal('6.91'), Decimal('433.999134')), (25, 2, Decimal('34.67'), Decimal('5.72'), Decimal('3.966248')), (31, 6, Decimal('878.54'), Decimal('16.74'), Decimal('882.405576')), (1, 1, Decimal('802.42'), Decimal('3.53'), Decimal('28.325426'))]
[2025-06-14T02:30:12.911+0000] {logging_mixin.py:151} INFO - [(111, 34, 5, Decimal('814.83'), Decimal('13.74'), Decimal('559.788210')), (111, 47, 3, Decimal('923.92'), Decimal('9.75'), Decimal('270.246600')), (111, 2, 1, Decimal('925.46'), Decimal('2.62'), Decimal('24.247052')), (111, 18, 9, Decimal('697.86'), Decimal('6.91'), Decimal('433.999134')), (111, 25, 2, Decimal('34.67'), Decimal('5.72'), Decimal('3.966248')), (111, 31, 6, Decimal('878.54'), Decimal('16.74'), Decimal('882.405576')), (111, 1, 1, Decimal('802.42'), Decimal('3.53'), Decimal('28.325426'))]
[2025-06-14T02:30:12.912+0000] {logging_mixin.py:151} INFO - Simulation completed successfully!
[2025-06-14T02:30:12.912+0000] {logging_mixin.py:151} INFO - 111
[2025-06-14T02:30:12.912+0000] {python.py:194} INFO - Done. Returned value was: 111
[2025-06-14T02:30:12.952+0000] {taskinstance.py:1398} INFO - Marking task as SUCCESS. dag_id=ecommerce_generate_order_process, task_id=generate_order_process, execution_date=20250614T022912, start_date=20250614T023012, end_date=20250614T023012
[2025-06-14T02:30:12.992+0000] {local_task_job_runner.py:228} INFO - Task exited with return code 0
[2025-06-14T02:30:13.023+0000] {taskinstance.py:2776} INFO - 1 downstream tasks scheduled from follow-on schedule check
