[2025-06-13T16:51:33.128+0000] {taskinstance.py:1157} INFO - Dependencies all met for dep_context=non-requeueable deps ti=<TaskInstance: ecommerce_generate_order_process.generate_order_process scheduled__2025-06-13T16:50:31.706122+00:00 [queued]>
[2025-06-13T16:51:33.143+0000] {taskinstance.py:1157} INFO - Dependencies all met for dep_context=requeueable deps ti=<TaskInstance: ecommerce_generate_order_process.generate_order_process scheduled__2025-06-13T16:50:31.706122+00:00 [queued]>
[2025-06-13T16:51:33.143+0000] {taskinstance.py:1359} INFO - Starting attempt 1 of 6
[2025-06-13T16:51:33.164+0000] {taskinstance.py:1380} INFO - Executing <Task(_PythonDecoratedOperator): generate_order_process> on 2025-06-13 16:50:31.706122+00:00
[2025-06-13T16:51:33.173+0000] {standard_task_runner.py:57} INFO - Started process 5586 to run task
[2025-06-13T16:51:33.176+0000] {standard_task_runner.py:84} INFO - Running: ['***', 'tasks', 'run', 'ecommerce_generate_order_process', 'generate_order_process', 'scheduled__2025-06-13T16:50:31.706122+00:00', '--job-id', '330', '--raw', '--subdir', 'DAGS_FOLDER/generate_order_process.py', '--cfg-path', '/tmp/tmpb6qy3ytm']
[2025-06-13T16:51:33.179+0000] {standard_task_runner.py:85} INFO - Job 330: Subtask generate_order_process
[2025-06-13T16:51:33.290+0000] {task_command.py:415} INFO - Running <TaskInstance: ecommerce_generate_order_process.generate_order_process scheduled__2025-06-13T16:50:31.706122+00:00 [running]> on host 3498b866135e
[2025-06-13T16:51:33.503+0000] {taskinstance.py:1660} INFO - Exporting env vars: AIRFLOW_CTX_DAG_OWNER='***' AIRFLOW_CTX_DAG_ID='ecommerce_generate_order_process' AIRFLOW_CTX_TASK_ID='generate_order_process' AIRFLOW_CTX_EXECUTION_DATE='2025-06-13T16:50:31.706122+00:00' AIRFLOW_CTX_TRY_NUMBER='1' AIRFLOW_CTX_DAG_RUN_ID='scheduled__2025-06-13T16:50:31.706122+00:00'
[2025-06-13T16:51:33.535+0000] {logging_mixin.py:151} INFO - ----------------------------
[2025-06-13T16:51:33.536+0000] {logging_mixin.py:151} INFO - 44
[2025-06-13T16:51:33.536+0000] {logging_mixin.py:151} INFO - ----------------------------
[2025-06-13T16:51:33.549+0000] {logging_mixin.py:151} INFO - [(17, 1, Decimal('207.60'), Decimal('14.70'), Decimal('30.51720'))]
[2025-06-13T16:51:33.551+0000] {logging_mixin.py:151} INFO - [(64, 17, 1, Decimal('207.60'), Decimal('14.70'), Decimal('30.51720'))]
[2025-06-13T16:51:33.552+0000] {logging_mixin.py:151} INFO - Simulation completed successfully!
[2025-06-13T16:51:33.552+0000] {logging_mixin.py:151} INFO - 64
[2025-06-13T16:51:33.553+0000] {python.py:194} INFO - Done. Returned value was: 64
[2025-06-13T16:51:33.625+0000] {taskinstance.py:1398} INFO - Marking task as SUCCESS. dag_id=ecommerce_generate_order_process, task_id=generate_order_process, execution_date=20250613T165031, start_date=20250613T165133, end_date=20250613T165133
[2025-06-13T16:51:33.669+0000] {local_task_job_runner.py:228} INFO - Task exited with return code 0
[2025-06-13T16:51:33.728+0000] {taskinstance.py:2776} INFO - 1 downstream tasks scheduled from follow-on schedule check
