[2025-06-14T02:12:12.792+0000] {taskinstance.py:1157} INFO - Dependencies all met for dep_context=non-requeueable deps ti=<TaskInstance: ecommerce_generate_order_process.generate_order_process scheduled__2025-06-14T02:11:11.775941+00:00 [queued]>
[2025-06-14T02:12:12.800+0000] {taskinstance.py:1157} INFO - Dependencies all met for dep_context=requeueable deps ti=<TaskInstance: ecommerce_generate_order_process.generate_order_process scheduled__2025-06-14T02:11:11.775941+00:00 [queued]>
[2025-06-14T02:12:12.800+0000] {taskinstance.py:1359} INFO - Starting attempt 1 of 6
[2025-06-14T02:12:12.813+0000] {taskinstance.py:1380} INFO - Executing <Task(_PythonDecoratedOperator): generate_order_process> on 2025-06-14 02:11:11.775941+00:00
[2025-06-14T02:12:12.819+0000] {standard_task_runner.py:57} INFO - Started process 2076 to run task
[2025-06-14T02:12:12.821+0000] {standard_task_runner.py:84} INFO - Running: ['***', 'tasks', 'run', 'ecommerce_generate_order_process', 'generate_order_process', 'scheduled__2025-06-14T02:11:11.775941+00:00', '--job-id', '489', '--raw', '--subdir', 'DAGS_FOLDER/generate_order_process.py', '--cfg-path', '/tmp/tmphofl7w6y']
[2025-06-14T02:12:12.823+0000] {standard_task_runner.py:85} INFO - Job 489: Subtask generate_order_process
[2025-06-14T02:12:12.883+0000] {task_command.py:415} INFO - Running <TaskInstance: ecommerce_generate_order_process.generate_order_process scheduled__2025-06-14T02:11:11.775941+00:00 [running]> on host 3498b866135e
[2025-06-14T02:12:12.991+0000] {taskinstance.py:1660} INFO - Exporting env vars: AIRFLOW_CTX_DAG_OWNER='***' AIRFLOW_CTX_DAG_ID='ecommerce_generate_order_process' AIRFLOW_CTX_TASK_ID='generate_order_process' AIRFLOW_CTX_EXECUTION_DATE='2025-06-14T02:11:11.775941+00:00' AIRFLOW_CTX_TRY_NUMBER='1' AIRFLOW_CTX_DAG_RUN_ID='scheduled__2025-06-14T02:11:11.775941+00:00'
[2025-06-14T02:12:13.006+0000] {logging_mixin.py:151} INFO - ----------------------------
[2025-06-14T02:12:13.006+0000] {logging_mixin.py:151} INFO - 147
[2025-06-14T02:12:13.006+0000] {logging_mixin.py:151} INFO - ----------------------------
[2025-06-14T02:12:13.014+0000] {logging_mixin.py:151} INFO - [(15, 7, Decimal('523.55'), Decimal('19.06'), Decimal('698.520410')), (25, 2, Decimal('34.67'), Decimal('5.72'), Decimal('3.966248')), (3, 7, Decimal('946.29'), Decimal('2.59'), Decimal('171.562377')), (33, 9, Decimal('508.62'), Decimal('3.37'), Decimal('154.264446'))]
[2025-06-14T02:12:13.015+0000] {logging_mixin.py:151} INFO - [(93, 15, 7, Decimal('523.55'), Decimal('19.06'), Decimal('698.520410')), (93, 25, 2, Decimal('34.67'), Decimal('5.72'), Decimal('3.966248')), (93, 3, 7, Decimal('946.29'), Decimal('2.59'), Decimal('171.562377')), (93, 33, 9, Decimal('508.62'), Decimal('3.37'), Decimal('154.264446'))]
[2025-06-14T02:12:13.016+0000] {logging_mixin.py:151} INFO - Simulation completed successfully!
[2025-06-14T02:12:13.017+0000] {logging_mixin.py:151} INFO - 93
[2025-06-14T02:12:13.017+0000] {python.py:194} INFO - Done. Returned value was: 93
[2025-06-14T02:12:13.051+0000] {taskinstance.py:1398} INFO - Marking task as SUCCESS. dag_id=ecommerce_generate_order_process, task_id=generate_order_process, execution_date=20250614T021111, start_date=20250614T021212, end_date=20250614T021213
[2025-06-14T02:12:13.073+0000] {local_task_job_runner.py:228} INFO - Task exited with return code 0
[2025-06-14T02:12:13.101+0000] {taskinstance.py:2776} INFO - 1 downstream tasks scheduled from follow-on schedule check
