[2025-06-14T05:03:14.070+0000] {taskinstance.py:1157} INFO - Dependencies all met for dep_context=non-requeueable deps ti=<TaskInstance: ecommerce_generate_order_process.generate_order_process scheduled__2025-06-14T05:02:12.130199+00:00 [queued]>
[2025-06-14T05:03:14.082+0000] {taskinstance.py:1157} INFO - Dependencies all met for dep_context=requeueable deps ti=<TaskInstance: ecommerce_generate_order_process.generate_order_process scheduled__2025-06-14T05:02:12.130199+00:00 [queued]>
[2025-06-14T05:03:14.083+0000] {taskinstance.py:1359} INFO - Starting attempt 1 of 6
[2025-06-14T05:03:14.100+0000] {taskinstance.py:1380} INFO - Executing <Task(_PythonDecoratedOperator): generate_order_process> on 2025-06-14 05:02:12.130199+00:00
[2025-06-14T05:03:14.106+0000] {standard_task_runner.py:57} INFO - Started process 17186 to run task
[2025-06-14T05:03:14.109+0000] {standard_task_runner.py:84} INFO - Running: ['***', 'tasks', 'run', 'ecommerce_generate_order_process', 'generate_order_process', 'scheduled__2025-06-14T05:02:12.130199+00:00', '--job-id', '1344', '--raw', '--subdir', 'DAGS_FOLDER/generate_order_process.py', '--cfg-path', '/tmp/tmpucuqjek9']
[2025-06-14T05:03:14.112+0000] {standard_task_runner.py:85} INFO - Job 1344: Subtask generate_order_process
[2025-06-14T05:03:14.193+0000] {task_command.py:415} INFO - Running <TaskInstance: ecommerce_generate_order_process.generate_order_process scheduled__2025-06-14T05:02:12.130199+00:00 [running]> on host 3498b866135e
[2025-06-14T05:03:14.342+0000] {taskinstance.py:1660} INFO - Exporting env vars: AIRFLOW_CTX_DAG_OWNER='***' AIRFLOW_CTX_DAG_ID='ecommerce_generate_order_process' AIRFLOW_CTX_TASK_ID='generate_order_process' AIRFLOW_CTX_EXECUTION_DATE='2025-06-14T05:02:12.130199+00:00' AIRFLOW_CTX_TRY_NUMBER='1' AIRFLOW_CTX_DAG_RUN_ID='scheduled__2025-06-14T05:02:12.130199+00:00'
[2025-06-14T05:03:14.362+0000] {logging_mixin.py:151} INFO - ----------------------------
[2025-06-14T05:03:14.363+0000] {logging_mixin.py:151} INFO - 367
[2025-06-14T05:03:14.363+0000] {logging_mixin.py:151} INFO - ----------------------------
[2025-06-14T05:03:14.373+0000] {logging_mixin.py:151} INFO - [(45, 2, Decimal('602.50'), Decimal('19.00'), Decimal('228.9500')), (31, 6, Decimal('878.54'), Decimal('16.74'), Decimal('882.405576')), (33, 9, Decimal('508.62'), Decimal('3.37'), Decimal('154.264446'))]
[2025-06-14T05:03:14.375+0000] {logging_mixin.py:151} INFO - [(264, 45, 2, Decimal('602.50'), Decimal('19.00'), Decimal('228.9500')), (264, 31, 6, Decimal('878.54'), Decimal('16.74'), Decimal('882.405576')), (264, 33, 9, Decimal('508.62'), Decimal('3.37'), Decimal('154.264446'))]
[2025-06-14T05:03:14.376+0000] {logging_mixin.py:151} INFO - Simulation completed successfully!
[2025-06-14T05:03:14.376+0000] {logging_mixin.py:151} INFO - 264
[2025-06-14T05:03:14.377+0000] {python.py:194} INFO - Done. Returned value was: 264
[2025-06-14T05:03:14.425+0000] {taskinstance.py:1398} INFO - Marking task as SUCCESS. dag_id=ecommerce_generate_order_process, task_id=generate_order_process, execution_date=20250614T050212, start_date=20250614T050314, end_date=20250614T050314
[2025-06-14T05:03:14.481+0000] {local_task_job_runner.py:228} INFO - Task exited with return code 0
[2025-06-14T05:03:14.512+0000] {taskinstance.py:2776} INFO - 1 downstream tasks scheduled from follow-on schedule check
