[2025-06-14T01:57:12.548+0000] {taskinstance.py:1157} INFO - Dependencies all met for dep_context=non-requeueable deps ti=<TaskInstance: ecommerce_generate_order_process.generate_order_process scheduled__2025-06-14T01:56:11.775941+00:00 [queued]>
[2025-06-14T01:57:12.556+0000] {taskinstance.py:1157} INFO - Dependencies all met for dep_context=requeueable deps ti=<TaskInstance: ecommerce_generate_order_process.generate_order_process scheduled__2025-06-14T01:56:11.775941+00:00 [queued]>
[2025-06-14T01:57:12.556+0000] {taskinstance.py:1359} INFO - Starting attempt 1 of 6
[2025-06-14T01:57:12.569+0000] {taskinstance.py:1380} INFO - Executing <Task(_PythonDecoratedOperator): generate_order_process> on 2025-06-14 01:56:11.775941+00:00
[2025-06-14T01:57:12.575+0000] {standard_task_runner.py:57} INFO - Started process 730 to run task
[2025-06-14T01:57:12.577+0000] {standard_task_runner.py:84} INFO - Running: ['***', 'tasks', 'run', 'ecommerce_generate_order_process', 'generate_order_process', 'scheduled__2025-06-14T01:56:11.775941+00:00', '--job-id', '396', '--raw', '--subdir', 'DAGS_FOLDER/generate_order_process.py', '--cfg-path', '/tmp/tmpu3zbg3oj']
[2025-06-14T01:57:12.579+0000] {standard_task_runner.py:85} INFO - Job 396: Subtask generate_order_process
[2025-06-14T01:57:12.637+0000] {task_command.py:415} INFO - Running <TaskInstance: ecommerce_generate_order_process.generate_order_process scheduled__2025-06-14T01:56:11.775941+00:00 [running]> on host 3498b866135e
[2025-06-14T01:57:12.740+0000] {taskinstance.py:1660} INFO - Exporting env vars: AIRFLOW_CTX_DAG_OWNER='***' AIRFLOW_CTX_DAG_ID='ecommerce_generate_order_process' AIRFLOW_CTX_TASK_ID='generate_order_process' AIRFLOW_CTX_EXECUTION_DATE='2025-06-14T01:56:11.775941+00:00' AIRFLOW_CTX_TRY_NUMBER='1' AIRFLOW_CTX_DAG_RUN_ID='scheduled__2025-06-14T01:56:11.775941+00:00'
[2025-06-14T01:57:12.756+0000] {logging_mixin.py:151} INFO - ----------------------------
[2025-06-14T01:57:12.756+0000] {logging_mixin.py:151} INFO - 120
[2025-06-14T01:57:12.756+0000] {logging_mixin.py:151} INFO - ----------------------------
[2025-06-14T01:57:12.762+0000] {logging_mixin.py:151} INFO - [(5, 8, Decimal('699.65'), Decimal('8.21'), Decimal('459.530120')), (24, 1, Decimal('387.14'), Decimal('4.66'), Decimal('18.040724')), (8, 1, Decimal('130.57'), Decimal('13.94'), Decimal('18.201458')), (10, 4, Decimal('598.05'), Decimal('10.18'), Decimal('243.525960'))]
[2025-06-14T01:57:12.764+0000] {logging_mixin.py:151} INFO - [(77, 5, 8, Decimal('699.65'), Decimal('8.21'), Decimal('459.530120')), (77, 24, 1, Decimal('387.14'), Decimal('4.66'), Decimal('18.040724')), (77, 8, 1, Decimal('130.57'), Decimal('13.94'), Decimal('18.201458')), (77, 10, 4, Decimal('598.05'), Decimal('10.18'), Decimal('243.525960'))]
[2025-06-14T01:57:12.766+0000] {logging_mixin.py:151} INFO - Simulation completed successfully!
[2025-06-14T01:57:12.766+0000] {logging_mixin.py:151} INFO - 77
[2025-06-14T01:57:12.766+0000] {python.py:194} INFO - Done. Returned value was: 77
[2025-06-14T01:57:12.802+0000] {taskinstance.py:1398} INFO - Marking task as SUCCESS. dag_id=ecommerce_generate_order_process, task_id=generate_order_process, execution_date=20250614T015611, start_date=20250614T015712, end_date=20250614T015712
[2025-06-14T01:57:12.829+0000] {local_task_job_runner.py:228} INFO - Task exited with return code 0
[2025-06-14T01:57:12.855+0000] {taskinstance.py:2776} INFO - 1 downstream tasks scheduled from follow-on schedule check
