[2025-06-14T05:05:13.633+0000] {taskinstance.py:1157} INFO - Dependencies all met for dep_context=non-requeueable deps ti=<TaskInstance: ecommerce_generate_order_process.generate_order_process scheduled__2025-06-14T05:04:12.130199+00:00 [queued]>
[2025-06-14T05:05:13.641+0000] {taskinstance.py:1157} INFO - Dependencies all met for dep_context=requeueable deps ti=<TaskInstance: ecommerce_generate_order_process.generate_order_process scheduled__2025-06-14T05:04:12.130199+00:00 [queued]>
[2025-06-14T05:05:13.641+0000] {taskinstance.py:1359} INFO - Starting attempt 1 of 6
[2025-06-14T05:05:13.655+0000] {taskinstance.py:1380} INFO - Executing <Task(_PythonDecoratedOperator): generate_order_process> on 2025-06-14 05:04:12.130199+00:00
[2025-06-14T05:05:13.661+0000] {standard_task_runner.py:57} INFO - Started process 17361 to run task
[2025-06-14T05:05:13.663+0000] {standard_task_runner.py:84} INFO - Running: ['***', 'tasks', 'run', 'ecommerce_generate_order_process', 'generate_order_process', 'scheduled__2025-06-14T05:04:12.130199+00:00', '--job-id', '1354', '--raw', '--subdir', 'DAGS_FOLDER/generate_order_process.py', '--cfg-path', '/tmp/tmp9o5xv617']
[2025-06-14T05:05:13.666+0000] {standard_task_runner.py:85} INFO - Job 1354: Subtask generate_order_process
[2025-06-14T05:05:13.729+0000] {task_command.py:415} INFO - Running <TaskInstance: ecommerce_generate_order_process.generate_order_process scheduled__2025-06-14T05:04:12.130199+00:00 [running]> on host 3498b866135e
[2025-06-14T05:05:13.845+0000] {taskinstance.py:1660} INFO - Exporting env vars: AIRFLOW_CTX_DAG_OWNER='***' AIRFLOW_CTX_DAG_ID='ecommerce_generate_order_process' AIRFLOW_CTX_TASK_ID='generate_order_process' AIRFLOW_CTX_EXECUTION_DATE='2025-06-14T05:04:12.130199+00:00' AIRFLOW_CTX_TRY_NUMBER='1' AIRFLOW_CTX_DAG_RUN_ID='scheduled__2025-06-14T05:04:12.130199+00:00'
[2025-06-14T05:05:13.862+0000] {logging_mixin.py:151} INFO - ----------------------------
[2025-06-14T05:05:13.863+0000] {logging_mixin.py:151} INFO - 459
[2025-06-14T05:05:13.863+0000] {logging_mixin.py:151} INFO - ----------------------------
[2025-06-14T05:05:13.869+0000] {logging_mixin.py:151} INFO - [(9, 4, Decimal('724.69'), Decimal('11.61'), Decimal('336.546036')), (26, 5, Decimal('349.97'), Decimal('8.34'), Decimal('145.937490')), (10, 4, Decimal('598.05'), Decimal('10.18'), Decimal('243.525960')), (12, 6, Decimal('255.15'), Decimal('19.41'), Decimal('297.147690')), (44, 3, Decimal('20.44'), Decimal('5.09'), Decimal('3.121188')), (23, 1, Decimal('521.30'), Decimal('16.80'), Decimal('87.57840'))]
[2025-06-14T05:05:13.871+0000] {logging_mixin.py:151} INFO - [(266, 9, 4, Decimal('724.69'), Decimal('11.61'), Decimal('336.546036')), (266, 26, 5, Decimal('349.97'), Decimal('8.34'), Decimal('145.937490')), (266, 10, 4, Decimal('598.05'), Decimal('10.18'), Decimal('243.525960')), (266, 12, 6, Decimal('255.15'), Decimal('19.41'), Decimal('297.147690')), (266, 44, 3, Decimal('20.44'), Decimal('5.09'), Decimal('3.121188')), (266, 23, 1, Decimal('521.30'), Decimal('16.80'), Decimal('87.57840'))]
[2025-06-14T05:05:13.872+0000] {logging_mixin.py:151} INFO - Simulation completed successfully!
[2025-06-14T05:05:13.872+0000] {logging_mixin.py:151} INFO - 266
[2025-06-14T05:05:13.872+0000] {python.py:194} INFO - Done. Returned value was: 266
[2025-06-14T05:05:13.911+0000] {taskinstance.py:1398} INFO - Marking task as SUCCESS. dag_id=ecommerce_generate_order_process, task_id=generate_order_process, execution_date=20250614T050412, start_date=20250614T050513, end_date=20250614T050513
[2025-06-14T05:05:13.955+0000] {local_task_job_runner.py:228} INFO - Task exited with return code 0
[2025-06-14T05:05:13.985+0000] {taskinstance.py:2776} INFO - 1 downstream tasks scheduled from follow-on schedule check
