[2025-06-14T03:13:12.998+0000] {taskinstance.py:1157} INFO - Dependencies all met for dep_context=non-requeueable deps ti=<TaskInstance: ecommerce_generate_order_process.generate_order_process scheduled__2025-06-14T03:12:12.130199+00:00 [queued]>
[2025-06-14T03:13:13.007+0000] {taskinstance.py:1157} INFO - Dependencies all met for dep_context=requeueable deps ti=<TaskInstance: ecommerce_generate_order_process.generate_order_process scheduled__2025-06-14T03:12:12.130199+00:00 [queued]>
[2025-06-14T03:13:13.008+0000] {taskinstance.py:1359} INFO - Starting attempt 1 of 6
[2025-06-14T03:13:13.024+0000] {taskinstance.py:1380} INFO - Executing <Task(_PythonDecoratedOperator): generate_order_process> on 2025-06-14 03:12:12.130199+00:00
[2025-06-14T03:13:13.030+0000] {standard_task_runner.py:57} INFO - Started process 7446 to run task
[2025-06-14T03:13:13.032+0000] {standard_task_runner.py:84} INFO - Running: ['***', 'tasks', 'run', 'ecommerce_generate_order_process', 'generate_order_process', 'scheduled__2025-06-14T03:12:12.130199+00:00', '--job-id', '794', '--raw', '--subdir', 'DAGS_FOLDER/generate_order_process.py', '--cfg-path', '/tmp/tmpfd66aib6']
[2025-06-14T03:13:13.034+0000] {standard_task_runner.py:85} INFO - Job 794: Subtask generate_order_process
[2025-06-14T03:13:13.100+0000] {task_command.py:415} INFO - Running <TaskInstance: ecommerce_generate_order_process.generate_order_process scheduled__2025-06-14T03:12:12.130199+00:00 [running]> on host 3498b866135e
[2025-06-14T03:13:13.239+0000] {taskinstance.py:1660} INFO - Exporting env vars: AIRFLOW_CTX_DAG_OWNER='***' AIRFLOW_CTX_DAG_ID='ecommerce_generate_order_process' AIRFLOW_CTX_TASK_ID='generate_order_process' AIRFLOW_CTX_EXECUTION_DATE='2025-06-14T03:12:12.130199+00:00' AIRFLOW_CTX_TRY_NUMBER='1' AIRFLOW_CTX_DAG_RUN_ID='scheduled__2025-06-14T03:12:12.130199+00:00'
[2025-06-14T03:13:13.255+0000] {logging_mixin.py:151} INFO - ----------------------------
[2025-06-14T03:13:13.255+0000] {logging_mixin.py:151} INFO - 104
[2025-06-14T03:13:13.255+0000] {logging_mixin.py:151} INFO - ----------------------------
[2025-06-14T03:13:13.263+0000] {logging_mixin.py:151} INFO - [(1, 1, Decimal('802.42'), Decimal('3.53'), Decimal('28.325426')), (26, 5, Decimal('349.97'), Decimal('8.34'), Decimal('145.937490'))]
[2025-06-14T03:13:13.265+0000] {logging_mixin.py:151} INFO - [(154, 1, 1, Decimal('802.42'), Decimal('3.53'), Decimal('28.325426')), (154, 26, 5, Decimal('349.97'), Decimal('8.34'), Decimal('145.937490'))]
[2025-06-14T03:13:13.266+0000] {logging_mixin.py:151} INFO - Simulation completed successfully!
[2025-06-14T03:13:13.266+0000] {logging_mixin.py:151} INFO - 154
[2025-06-14T03:13:13.266+0000] {python.py:194} INFO - Done. Returned value was: 154
[2025-06-14T03:13:13.306+0000] {taskinstance.py:1398} INFO - Marking task as SUCCESS. dag_id=ecommerce_generate_order_process, task_id=generate_order_process, execution_date=20250614T031212, start_date=20250614T031312, end_date=20250614T031313
[2025-06-14T03:13:13.364+0000] {local_task_job_runner.py:228} INFO - Task exited with return code 0
[2025-06-14T03:13:13.398+0000] {taskinstance.py:2776} INFO - 1 downstream tasks scheduled from follow-on schedule check
