[2025-06-14T02:23:12.290+0000] {taskinstance.py:1157} INFO - Dependencies all met for dep_context=non-requeueable deps ti=<TaskInstance: ecommerce_generate_order_process.generate_order_process scheduled__2025-06-14T02:22:11.775941+00:00 [queued]>
[2025-06-14T02:23:12.297+0000] {taskinstance.py:1157} INFO - Dependencies all met for dep_context=requeueable deps ti=<TaskInstance: ecommerce_generate_order_process.generate_order_process scheduled__2025-06-14T02:22:11.775941+00:00 [queued]>
[2025-06-14T02:23:12.297+0000] {taskinstance.py:1359} INFO - Starting attempt 1 of 6
[2025-06-14T02:23:12.307+0000] {taskinstance.py:1380} INFO - Executing <Task(_PythonDecoratedOperator): generate_order_process> on 2025-06-14 02:22:11.775941+00:00
[2025-06-14T02:23:12.312+0000] {standard_task_runner.py:57} INFO - Started process 3041 to run task
[2025-06-14T02:23:12.314+0000] {standard_task_runner.py:84} INFO - Running: ['***', 'tasks', 'run', 'ecommerce_generate_order_process', 'generate_order_process', 'scheduled__2025-06-14T02:22:11.775941+00:00', '--job-id', '544', '--raw', '--subdir', 'DAGS_FOLDER/generate_order_process.py', '--cfg-path', '/tmp/tmp7_jjvc9p']
[2025-06-14T02:23:12.316+0000] {standard_task_runner.py:85} INFO - Job 544: Subtask generate_order_process
[2025-06-14T02:23:12.366+0000] {task_command.py:415} INFO - Running <TaskInstance: ecommerce_generate_order_process.generate_order_process scheduled__2025-06-14T02:22:11.775941+00:00 [running]> on host 3498b866135e
[2025-06-14T02:23:12.457+0000] {taskinstance.py:1660} INFO - Exporting env vars: AIRFLOW_CTX_DAG_OWNER='***' AIRFLOW_CTX_DAG_ID='ecommerce_generate_order_process' AIRFLOW_CTX_TASK_ID='generate_order_process' AIRFLOW_CTX_EXECUTION_DATE='2025-06-14T02:22:11.775941+00:00' AIRFLOW_CTX_TRY_NUMBER='1' AIRFLOW_CTX_DAG_RUN_ID='scheduled__2025-06-14T02:22:11.775941+00:00'
[2025-06-14T02:23:12.470+0000] {logging_mixin.py:151} INFO - ----------------------------
[2025-06-14T02:23:12.470+0000] {logging_mixin.py:151} INFO - 196
[2025-06-14T02:23:12.470+0000] {logging_mixin.py:151} INFO - ----------------------------
[2025-06-14T02:23:12.476+0000] {logging_mixin.py:151} INFO - [(11, 4, Decimal('668.03'), Decimal('3.23'), Decimal('86.309476')), (14, 5, Decimal('657.33'), Decimal('0.13'), Decimal('4.272645')), (48, 4, Decimal('294.67'), Decimal('17.31'), Decimal('204.029508')), (47, 3, Decimal('923.92'), Decimal('9.75'), Decimal('270.246600')), (13, 4, Decimal('411.98'), Decimal('16.77'), Decimal('276.356184'))]
[2025-06-14T02:23:12.477+0000] {logging_mixin.py:151} INFO - [(104, 11, 4, Decimal('668.03'), Decimal('3.23'), Decimal('86.309476')), (104, 14, 5, Decimal('657.33'), Decimal('0.13'), Decimal('4.272645')), (104, 48, 4, Decimal('294.67'), Decimal('17.31'), Decimal('204.029508')), (104, 47, 3, Decimal('923.92'), Decimal('9.75'), Decimal('270.246600')), (104, 13, 4, Decimal('411.98'), Decimal('16.77'), Decimal('276.356184'))]
[2025-06-14T02:23:12.479+0000] {logging_mixin.py:151} INFO - Simulation completed successfully!
[2025-06-14T02:23:12.479+0000] {logging_mixin.py:151} INFO - 104
[2025-06-14T02:23:12.479+0000] {python.py:194} INFO - Done. Returned value was: 104
[2025-06-14T02:23:12.511+0000] {taskinstance.py:1398} INFO - Marking task as SUCCESS. dag_id=ecommerce_generate_order_process, task_id=generate_order_process, execution_date=20250614T022211, start_date=20250614T022312, end_date=20250614T022312
[2025-06-14T02:23:12.566+0000] {local_task_job_runner.py:228} INFO - Task exited with return code 0
[2025-06-14T02:23:12.590+0000] {taskinstance.py:2776} INFO - 1 downstream tasks scheduled from follow-on schedule check
