[2025-06-14T02:21:13.161+0000] {taskinstance.py:1157} INFO - Dependencies all met for dep_context=non-requeueable deps ti=<TaskInstance: ecommerce_generate_order_process.generate_order_process scheduled__2025-06-14T02:20:11.775941+00:00 [queued]>
[2025-06-14T02:21:13.172+0000] {taskinstance.py:1157} INFO - Dependencies all met for dep_context=requeueable deps ti=<TaskInstance: ecommerce_generate_order_process.generate_order_process scheduled__2025-06-14T02:20:11.775941+00:00 [queued]>
[2025-06-14T02:21:13.172+0000] {taskinstance.py:1359} INFO - Starting attempt 1 of 6
[2025-06-14T02:21:13.188+0000] {taskinstance.py:1380} INFO - Executing <Task(_PythonDecoratedOperator): generate_order_process> on 2025-06-14 02:20:11.775941+00:00
[2025-06-14T02:21:13.194+0000] {standard_task_runner.py:57} INFO - Started process 2886 to run task
[2025-06-14T02:21:13.197+0000] {standard_task_runner.py:84} INFO - Running: ['***', 'tasks', 'run', 'ecommerce_generate_order_process', 'generate_order_process', 'scheduled__2025-06-14T02:20:11.775941+00:00', '--job-id', '534', '--raw', '--subdir', 'DAGS_FOLDER/generate_order_process.py', '--cfg-path', '/tmp/tmp5eqj_6ne']
[2025-06-14T02:21:13.200+0000] {standard_task_runner.py:85} INFO - Job 534: Subtask generate_order_process
[2025-06-14T02:21:13.280+0000] {task_command.py:415} INFO - Running <TaskInstance: ecommerce_generate_order_process.generate_order_process scheduled__2025-06-14T02:20:11.775941+00:00 [running]> on host 3498b866135e
[2025-06-14T02:21:13.431+0000] {taskinstance.py:1660} INFO - Exporting env vars: AIRFLOW_CTX_DAG_OWNER='***' AIRFLOW_CTX_DAG_ID='ecommerce_generate_order_process' AIRFLOW_CTX_TASK_ID='generate_order_process' AIRFLOW_CTX_EXECUTION_DATE='2025-06-14T02:20:11.775941+00:00' AIRFLOW_CTX_TRY_NUMBER='1' AIRFLOW_CTX_DAG_RUN_ID='scheduled__2025-06-14T02:20:11.775941+00:00'
[2025-06-14T02:21:13.451+0000] {logging_mixin.py:151} INFO - ----------------------------
[2025-06-14T02:21:13.452+0000] {logging_mixin.py:151} INFO - 131
[2025-06-14T02:21:13.452+0000] {logging_mixin.py:151} INFO - ----------------------------
[2025-06-14T02:21:13.462+0000] {logging_mixin.py:151} INFO - [(48, 4, Decimal('294.67'), Decimal('17.31'), Decimal('204.029508')), (7, 6, Decimal('875.57'), Decimal('8.85'), Decimal('464.927670')), (38, 4, Decimal('79.94'), Decimal('0.52'), Decimal('1.662752'))]
[2025-06-14T02:21:13.465+0000] {logging_mixin.py:151} INFO - [(102, 48, 4, Decimal('294.67'), Decimal('17.31'), Decimal('204.029508')), (102, 7, 6, Decimal('875.57'), Decimal('8.85'), Decimal('464.927670')), (102, 38, 4, Decimal('79.94'), Decimal('0.52'), Decimal('1.662752'))]
[2025-06-14T02:21:13.466+0000] {logging_mixin.py:151} INFO - Simulation completed successfully!
[2025-06-14T02:21:13.467+0000] {logging_mixin.py:151} INFO - 102
[2025-06-14T02:21:13.467+0000] {python.py:194} INFO - Done. Returned value was: 102
[2025-06-14T02:21:13.518+0000] {taskinstance.py:1398} INFO - Marking task as SUCCESS. dag_id=ecommerce_generate_order_process, task_id=generate_order_process, execution_date=20250614T022011, start_date=20250614T022113, end_date=20250614T022113
[2025-06-14T02:21:13.570+0000] {local_task_job_runner.py:228} INFO - Task exited with return code 0
[2025-06-14T02:21:13.607+0000] {taskinstance.py:2776} INFO - 1 downstream tasks scheduled from follow-on schedule check
