[2025-06-14T02:32:13.392+0000] {taskinstance.py:1157} INFO - Dependencies all met for dep_context=non-requeueable deps ti=<TaskInstance: ecommerce_generate_order_process.generate_order_process scheduled__2025-06-14T02:31:12.033460+00:00 [queued]>
[2025-06-14T02:32:13.398+0000] {taskinstance.py:1157} INFO - Dependencies all met for dep_context=requeueable deps ti=<TaskInstance: ecommerce_generate_order_process.generate_order_process scheduled__2025-06-14T02:31:12.033460+00:00 [queued]>
[2025-06-14T02:32:13.399+0000] {taskinstance.py:1359} INFO - Starting attempt 1 of 6
[2025-06-14T02:32:13.409+0000] {taskinstance.py:1380} INFO - Executing <Task(_PythonDecoratedOperator): generate_order_process> on 2025-06-14 02:31:12.033460+00:00
[2025-06-14T02:32:13.413+0000] {standard_task_runner.py:57} INFO - Started process 3836 to run task
[2025-06-14T02:32:13.415+0000] {standard_task_runner.py:84} INFO - Running: ['***', 'tasks', 'run', 'ecommerce_generate_order_process', 'generate_order_process', 'scheduled__2025-06-14T02:31:12.033460+00:00', '--job-id', '589', '--raw', '--subdir', 'DAGS_FOLDER/generate_order_process.py', '--cfg-path', '/tmp/tmpc9d7f11s']
[2025-06-14T02:32:13.417+0000] {standard_task_runner.py:85} INFO - Job 589: Subtask generate_order_process
[2025-06-14T02:32:13.463+0000] {task_command.py:415} INFO - Running <TaskInstance: ecommerce_generate_order_process.generate_order_process scheduled__2025-06-14T02:31:12.033460+00:00 [running]> on host 3498b866135e
[2025-06-14T02:32:13.559+0000] {taskinstance.py:1660} INFO - Exporting env vars: AIRFLOW_CTX_DAG_OWNER='***' AIRFLOW_CTX_DAG_ID='ecommerce_generate_order_process' AIRFLOW_CTX_TASK_ID='generate_order_process' AIRFLOW_CTX_EXECUTION_DATE='2025-06-14T02:31:12.033460+00:00' AIRFLOW_CTX_TRY_NUMBER='1' AIRFLOW_CTX_DAG_RUN_ID='scheduled__2025-06-14T02:31:12.033460+00:00'
[2025-06-14T02:32:13.573+0000] {logging_mixin.py:151} INFO - ----------------------------
[2025-06-14T02:32:13.573+0000] {logging_mixin.py:151} INFO - 70
[2025-06-14T02:32:13.573+0000] {logging_mixin.py:151} INFO - ----------------------------
[2025-06-14T02:32:13.579+0000] {logging_mixin.py:151} INFO - [(21, 4, Decimal('841.78'), Decimal('5.97'), Decimal('201.017064')), (3, 7, Decimal('946.29'), Decimal('2.59'), Decimal('171.562377')), (29, 5, Decimal('201.03'), Decimal('16.88'), Decimal('169.669320'))]
[2025-06-14T02:32:13.580+0000] {logging_mixin.py:151} INFO - [(113, 21, 4, Decimal('841.78'), Decimal('5.97'), Decimal('201.017064')), (113, 3, 7, Decimal('946.29'), Decimal('2.59'), Decimal('171.562377')), (113, 29, 5, Decimal('201.03'), Decimal('16.88'), Decimal('169.669320'))]
[2025-06-14T02:32:13.581+0000] {logging_mixin.py:151} INFO - Simulation completed successfully!
[2025-06-14T02:32:13.581+0000] {logging_mixin.py:151} INFO - 113
[2025-06-14T02:32:13.581+0000] {python.py:194} INFO - Done. Returned value was: 113
[2025-06-14T02:32:13.613+0000] {taskinstance.py:1398} INFO - Marking task as SUCCESS. dag_id=ecommerce_generate_order_process, task_id=generate_order_process, execution_date=20250614T023112, start_date=20250614T023213, end_date=20250614T023213
[2025-06-14T02:32:13.667+0000] {local_task_job_runner.py:228} INFO - Task exited with return code 0
[2025-06-14T02:32:13.689+0000] {taskinstance.py:2776} INFO - 1 downstream tasks scheduled from follow-on schedule check
