[2025-06-14T03:30:13.306+0000] {taskinstance.py:1157} INFO - Dependencies all met for dep_context=non-requeueable deps ti=<TaskInstance: ecommerce_generate_order_process.generate_order_process scheduled__2025-06-14T03:29:12.130199+00:00 [queued]>
[2025-06-14T03:30:13.317+0000] {taskinstance.py:1157} INFO - Dependencies all met for dep_context=requeueable deps ti=<TaskInstance: ecommerce_generate_order_process.generate_order_process scheduled__2025-06-14T03:29:12.130199+00:00 [queued]>
[2025-06-14T03:30:13.317+0000] {taskinstance.py:1359} INFO - Starting attempt 1 of 6
[2025-06-14T03:30:13.332+0000] {taskinstance.py:1380} INFO - Executing <Task(_PythonDecoratedOperator): generate_order_process> on 2025-06-14 03:29:12.130199+00:00
[2025-06-14T03:30:13.338+0000] {standard_task_runner.py:57} INFO - Started process 8976 to run task
[2025-06-14T03:30:13.341+0000] {standard_task_runner.py:84} INFO - Running: ['***', 'tasks', 'run', 'ecommerce_generate_order_process', 'generate_order_process', 'scheduled__2025-06-14T03:29:12.130199+00:00', '--job-id', '879', '--raw', '--subdir', 'DAGS_FOLDER/generate_order_process.py', '--cfg-path', '/tmp/tmp_zzrt0rs']
[2025-06-14T03:30:13.345+0000] {standard_task_runner.py:85} INFO - Job 879: Subtask generate_order_process
[2025-06-14T03:30:13.432+0000] {task_command.py:415} INFO - Running <TaskInstance: ecommerce_generate_order_process.generate_order_process scheduled__2025-06-14T03:29:12.130199+00:00 [running]> on host 3498b866135e
[2025-06-14T03:30:13.555+0000] {taskinstance.py:1660} INFO - Exporting env vars: AIRFLOW_CTX_DAG_OWNER='***' AIRFLOW_CTX_DAG_ID='ecommerce_generate_order_process' AIRFLOW_CTX_TASK_ID='generate_order_process' AIRFLOW_CTX_EXECUTION_DATE='2025-06-14T03:29:12.130199+00:00' AIRFLOW_CTX_TRY_NUMBER='1' AIRFLOW_CTX_DAG_RUN_ID='scheduled__2025-06-14T03:29:12.130199+00:00'
[2025-06-14T03:30:13.567+0000] {logging_mixin.py:151} INFO - ----------------------------
[2025-06-14T03:30:13.567+0000] {logging_mixin.py:151} INFO - 317
[2025-06-14T03:30:13.568+0000] {logging_mixin.py:151} INFO - ----------------------------
[2025-06-14T03:30:13.573+0000] {logging_mixin.py:151} INFO - [(16, 7, Decimal('266.44'), Decimal('7.11'), Decimal('132.607188')), (18, 9, Decimal('697.86'), Decimal('6.91'), Decimal('433.999134')), (50, 6, Decimal('732.13'), Decimal('17.33'), Decimal('761.268774')), (13, 4, Decimal('411.98'), Decimal('16.77'), Decimal('276.356184')), (37, 7, Decimal('892.19'), Decimal('4.68'), Decimal('292.281444')), (19, 8, Decimal('665.31'), Decimal('4.02'), Decimal('213.963696')), (9, 4, Decimal('724.69'), Decimal('11.61'), Decimal('336.546036'))]
[2025-06-14T03:30:13.575+0000] {logging_mixin.py:151} INFO - [(171, 16, 7, Decimal('266.44'), Decimal('7.11'), Decimal('132.607188')), (171, 18, 9, Decimal('697.86'), Decimal('6.91'), Decimal('433.999134')), (171, 50, 6, Decimal('732.13'), Decimal('17.33'), Decimal('761.268774')), (171, 13, 4, Decimal('411.98'), Decimal('16.77'), Decimal('276.356184')), (171, 37, 7, Decimal('892.19'), Decimal('4.68'), Decimal('292.281444')), (171, 19, 8, Decimal('665.31'), Decimal('4.02'), Decimal('213.963696')), (171, 9, 4, Decimal('724.69'), Decimal('11.61'), Decimal('336.546036'))]
[2025-06-14T03:30:13.576+0000] {logging_mixin.py:151} INFO - Simulation completed successfully!
[2025-06-14T03:30:13.576+0000] {logging_mixin.py:151} INFO - 171
[2025-06-14T03:30:13.577+0000] {python.py:194} INFO - Done. Returned value was: 171
[2025-06-14T03:30:13.608+0000] {taskinstance.py:1398} INFO - Marking task as SUCCESS. dag_id=ecommerce_generate_order_process, task_id=generate_order_process, execution_date=20250614T032912, start_date=20250614T033013, end_date=20250614T033013
[2025-06-14T03:30:13.633+0000] {local_task_job_runner.py:228} INFO - Task exited with return code 0
[2025-06-14T03:30:13.660+0000] {taskinstance.py:2776} INFO - 1 downstream tasks scheduled from follow-on schedule check
