[2025-06-14T04:09:13.205+0000] {taskinstance.py:1157} INFO - Dependencies all met for dep_context=non-requeueable deps ti=<TaskInstance: ecommerce_generate_order_process.generate_order_process scheduled__2025-06-14T04:08:12.130199+00:00 [queued]>
[2025-06-14T04:09:13.211+0000] {taskinstance.py:1157} INFO - Dependencies all met for dep_context=requeueable deps ti=<TaskInstance: ecommerce_generate_order_process.generate_order_process scheduled__2025-06-14T04:08:12.130199+00:00 [queued]>
[2025-06-14T04:09:13.212+0000] {taskinstance.py:1359} INFO - Starting attempt 1 of 6
[2025-06-14T04:09:13.221+0000] {taskinstance.py:1380} INFO - Executing <Task(_PythonDecoratedOperator): generate_order_process> on 2025-06-14 04:08:12.130199+00:00
[2025-06-14T04:09:13.227+0000] {standard_task_runner.py:57} INFO - Started process 12406 to run task
[2025-06-14T04:09:13.228+0000] {standard_task_runner.py:84} INFO - Running: ['***', 'tasks', 'run', 'ecommerce_generate_order_process', 'generate_order_process', 'scheduled__2025-06-14T04:08:12.130199+00:00', '--job-id', '1074', '--raw', '--subdir', 'DAGS_FOLDER/generate_order_process.py', '--cfg-path', '/tmp/tmpnc4on3q_']
[2025-06-14T04:09:13.230+0000] {standard_task_runner.py:85} INFO - Job 1074: Subtask generate_order_process
[2025-06-14T04:09:13.276+0000] {task_command.py:415} INFO - Running <TaskInstance: ecommerce_generate_order_process.generate_order_process scheduled__2025-06-14T04:08:12.130199+00:00 [running]> on host 3498b866135e
[2025-06-14T04:09:13.362+0000] {taskinstance.py:1660} INFO - Exporting env vars: AIRFLOW_CTX_DAG_OWNER='***' AIRFLOW_CTX_DAG_ID='ecommerce_generate_order_process' AIRFLOW_CTX_TASK_ID='generate_order_process' AIRFLOW_CTX_EXECUTION_DATE='2025-06-14T04:08:12.130199+00:00' AIRFLOW_CTX_TRY_NUMBER='1' AIRFLOW_CTX_DAG_RUN_ID='scheduled__2025-06-14T04:08:12.130199+00:00'
[2025-06-14T04:09:13.373+0000] {logging_mixin.py:151} INFO - ----------------------------
[2025-06-14T04:09:13.373+0000] {logging_mixin.py:151} INFO - 74
[2025-06-14T04:09:13.374+0000] {logging_mixin.py:151} INFO - ----------------------------
[2025-06-14T04:09:13.379+0000] {logging_mixin.py:151} INFO - [(20, 8, Decimal('841.06'), Decimal('11.60'), Decimal('780.50368'))]
[2025-06-14T04:09:13.380+0000] {logging_mixin.py:151} INFO - [(210, 20, 8, Decimal('841.06'), Decimal('11.60'), Decimal('780.50368'))]
[2025-06-14T04:09:13.381+0000] {logging_mixin.py:151} INFO - Simulation completed successfully!
[2025-06-14T04:09:13.381+0000] {logging_mixin.py:151} INFO - 210
[2025-06-14T04:09:13.381+0000] {python.py:194} INFO - Done. Returned value was: 210
[2025-06-14T04:09:13.409+0000] {taskinstance.py:1398} INFO - Marking task as SUCCESS. dag_id=ecommerce_generate_order_process, task_id=generate_order_process, execution_date=20250614T040812, start_date=20250614T040913, end_date=20250614T040913
[2025-06-14T04:09:13.440+0000] {local_task_job_runner.py:228} INFO - Task exited with return code 0
[2025-06-14T04:09:13.463+0000] {taskinstance.py:2776} INFO - 1 downstream tasks scheduled from follow-on schedule check
