[2025-06-14T02:28:12.722+0000] {taskinstance.py:1157} INFO - Dependencies all met for dep_context=non-requeueable deps ti=<TaskInstance: ecommerce_generate_order_process.generate_order_process scheduled__2025-06-14T02:27:12.033460+00:00 [queued]>
[2025-06-14T02:28:12.729+0000] {taskinstance.py:1157} INFO - Dependencies all met for dep_context=requeueable deps ti=<TaskInstance: ecommerce_generate_order_process.generate_order_process scheduled__2025-06-14T02:27:12.033460+00:00 [queued]>
[2025-06-14T02:28:12.729+0000] {taskinstance.py:1359} INFO - Starting attempt 1 of 6
[2025-06-14T02:28:12.740+0000] {taskinstance.py:1380} INFO - Executing <Task(_PythonDecoratedOperator): generate_order_process> on 2025-06-14 02:27:12.033460+00:00
[2025-06-14T02:28:12.745+0000] {standard_task_runner.py:57} INFO - Started process 3476 to run task
[2025-06-14T02:28:12.746+0000] {standard_task_runner.py:84} INFO - Running: ['***', 'tasks', 'run', 'ecommerce_generate_order_process', 'generate_order_process', 'scheduled__2025-06-14T02:27:12.033460+00:00', '--job-id', '569', '--raw', '--subdir', 'DAGS_FOLDER/generate_order_process.py', '--cfg-path', '/tmp/tmpq9by6lew']
[2025-06-14T02:28:12.748+0000] {standard_task_runner.py:85} INFO - Job 569: Subtask generate_order_process
[2025-06-14T02:28:12.796+0000] {task_command.py:415} INFO - Running <TaskInstance: ecommerce_generate_order_process.generate_order_process scheduled__2025-06-14T02:27:12.033460+00:00 [running]> on host 3498b866135e
[2025-06-14T02:28:12.882+0000] {taskinstance.py:1660} INFO - Exporting env vars: AIRFLOW_CTX_DAG_OWNER='***' AIRFLOW_CTX_DAG_ID='ecommerce_generate_order_process' AIRFLOW_CTX_TASK_ID='generate_order_process' AIRFLOW_CTX_EXECUTION_DATE='2025-06-14T02:27:12.033460+00:00' AIRFLOW_CTX_TRY_NUMBER='1' AIRFLOW_CTX_DAG_RUN_ID='scheduled__2025-06-14T02:27:12.033460+00:00'
[2025-06-14T02:28:12.893+0000] {logging_mixin.py:151} INFO - ----------------------------
[2025-06-14T02:28:12.893+0000] {logging_mixin.py:151} INFO - 46
[2025-06-14T02:28:12.894+0000] {logging_mixin.py:151} INFO - ----------------------------
[2025-06-14T02:28:12.899+0000] {logging_mixin.py:151} INFO - [(1, 1, Decimal('802.42'), Decimal('3.53'), Decimal('28.325426')), (10, 4, Decimal('598.05'), Decimal('10.18'), Decimal('243.525960')), (44, 3, Decimal('20.44'), Decimal('5.09'), Decimal('3.121188')), (50, 6, Decimal('732.13'), Decimal('17.33'), Decimal('761.268774')), (26, 5, Decimal('349.97'), Decimal('8.34'), Decimal('145.937490')), (42, 4, Decimal('408.31'), Decimal('15.66'), Decimal('255.765384')), (5, 8, Decimal('699.65'), Decimal('8.21'), Decimal('459.530120')), (30, 2, Decimal('913.08'), Decimal('18.10'), Decimal('330.53496')), (19, 8, Decimal('665.31'), Decimal('4.02'), Decimal('213.963696'))]
[2025-06-14T02:28:12.901+0000] {logging_mixin.py:151} INFO - [(109, 1, 1, Decimal('802.42'), Decimal('3.53'), Decimal('28.325426')), (109, 10, 4, Decimal('598.05'), Decimal('10.18'), Decimal('243.525960')), (109, 44, 3, Decimal('20.44'), Decimal('5.09'), Decimal('3.121188')), (109, 50, 6, Decimal('732.13'), Decimal('17.33'), Decimal('761.268774')), (109, 26, 5, Decimal('349.97'), Decimal('8.34'), Decimal('145.937490')), (109, 42, 4, Decimal('408.31'), Decimal('15.66'), Decimal('255.765384')), (109, 5, 8, Decimal('699.65'), Decimal('8.21'), Decimal('459.530120')), (109, 30, 2, Decimal('913.08'), Decimal('18.10'), Decimal('330.53496')), (109, 19, 8, Decimal('665.31'), Decimal('4.02'), Decimal('213.963696'))]
[2025-06-14T02:28:12.902+0000] {logging_mixin.py:151} INFO - Simulation completed successfully!
[2025-06-14T02:28:12.902+0000] {logging_mixin.py:151} INFO - 109
[2025-06-14T02:28:12.902+0000] {python.py:194} INFO - Done. Returned value was: 109
[2025-06-14T02:28:12.938+0000] {taskinstance.py:1398} INFO - Marking task as SUCCESS. dag_id=ecommerce_generate_order_process, task_id=generate_order_process, execution_date=20250614T022712, start_date=20250614T022812, end_date=20250614T022812
[2025-06-14T02:28:12.958+0000] {local_task_job_runner.py:228} INFO - Task exited with return code 0
[2025-06-14T02:28:12.985+0000] {taskinstance.py:2776} INFO - 1 downstream tasks scheduled from follow-on schedule check
