[2025-06-14T04:50:13.015+0000] {taskinstance.py:1157} INFO - Dependencies all met for dep_context=non-requeueable deps ti=<TaskInstance: ecommerce_generate_order_process.generate_order_process scheduled__2025-06-14T04:49:12.130199+00:00 [queued]>
[2025-06-14T04:50:13.022+0000] {taskinstance.py:1157} INFO - Dependencies all met for dep_context=requeueable deps ti=<TaskInstance: ecommerce_generate_order_process.generate_order_process scheduled__2025-06-14T04:49:12.130199+00:00 [queued]>
[2025-06-14T04:50:13.022+0000] {taskinstance.py:1359} INFO - Starting attempt 1 of 6
[2025-06-14T04:50:13.032+0000] {taskinstance.py:1380} INFO - Executing <Task(_PythonDecoratedOperator): generate_order_process> on 2025-06-14 04:49:12.130199+00:00
[2025-06-14T04:50:13.037+0000] {standard_task_runner.py:57} INFO - Started process 16016 to run task
[2025-06-14T04:50:13.039+0000] {standard_task_runner.py:84} INFO - Running: ['***', 'tasks', 'run', 'ecommerce_generate_order_process', 'generate_order_process', 'scheduled__2025-06-14T04:49:12.130199+00:00', '--job-id', '1279', '--raw', '--subdir', 'DAGS_FOLDER/generate_order_process.py', '--cfg-path', '/tmp/tmpjmcloykt']
[2025-06-14T04:50:13.040+0000] {standard_task_runner.py:85} INFO - Job 1279: Subtask generate_order_process
[2025-06-14T04:50:13.086+0000] {task_command.py:415} INFO - Running <TaskInstance: ecommerce_generate_order_process.generate_order_process scheduled__2025-06-14T04:49:12.130199+00:00 [running]> on host 3498b866135e
[2025-06-14T04:50:13.174+0000] {taskinstance.py:1660} INFO - Exporting env vars: AIRFLOW_CTX_DAG_OWNER='***' AIRFLOW_CTX_DAG_ID='ecommerce_generate_order_process' AIRFLOW_CTX_TASK_ID='generate_order_process' AIRFLOW_CTX_EXECUTION_DATE='2025-06-14T04:49:12.130199+00:00' AIRFLOW_CTX_TRY_NUMBER='1' AIRFLOW_CTX_DAG_RUN_ID='scheduled__2025-06-14T04:49:12.130199+00:00'
[2025-06-14T04:50:13.185+0000] {logging_mixin.py:151} INFO - ----------------------------
[2025-06-14T04:50:13.185+0000] {logging_mixin.py:151} INFO - 477
[2025-06-14T04:50:13.186+0000] {logging_mixin.py:151} INFO - ----------------------------
[2025-06-14T04:50:13.191+0000] {logging_mixin.py:151} INFO - [(11, 4, Decimal('668.03'), Decimal('3.23'), Decimal('86.309476')), (48, 4, Decimal('294.67'), Decimal('17.31'), Decimal('204.029508')), (10, 4, Decimal('598.05'), Decimal('10.18'), Decimal('243.525960')), (43, 8, Decimal('746.10'), Decimal('4.92'), Decimal('293.664960')), (47, 3, Decimal('923.92'), Decimal('9.75'), Decimal('270.246600')), (39, 6, Decimal('713.46'), Decimal('15.39'), Decimal('658.808964')), (3, 7, Decimal('946.29'), Decimal('2.59'), Decimal('171.562377')), (27, 8, Decimal('412.73'), Decimal('3.00'), Decimal('99.0552'))]
[2025-06-14T04:50:13.192+0000] {logging_mixin.py:151} INFO - [(251, 11, 4, Decimal('668.03'), Decimal('3.23'), Decimal('86.309476')), (251, 48, 4, Decimal('294.67'), Decimal('17.31'), Decimal('204.029508')), (251, 10, 4, Decimal('598.05'), Decimal('10.18'), Decimal('243.525960')), (251, 43, 8, Decimal('746.10'), Decimal('4.92'), Decimal('293.664960')), (251, 47, 3, Decimal('923.92'), Decimal('9.75'), Decimal('270.246600')), (251, 39, 6, Decimal('713.46'), Decimal('15.39'), Decimal('658.808964')), (251, 3, 7, Decimal('946.29'), Decimal('2.59'), Decimal('171.562377')), (251, 27, 8, Decimal('412.73'), Decimal('3.00'), Decimal('99.0552'))]
[2025-06-14T04:50:13.193+0000] {logging_mixin.py:151} INFO - Simulation completed successfully!
[2025-06-14T04:50:13.193+0000] {logging_mixin.py:151} INFO - 251
[2025-06-14T04:50:13.194+0000] {python.py:194} INFO - Done. Returned value was: 251
[2025-06-14T04:50:13.223+0000] {taskinstance.py:1398} INFO - Marking task as SUCCESS. dag_id=ecommerce_generate_order_process, task_id=generate_order_process, execution_date=20250614T044912, start_date=20250614T045013, end_date=20250614T045013
[2025-06-14T04:50:13.251+0000] {local_task_job_runner.py:228} INFO - Task exited with return code 0
[2025-06-14T04:50:13.272+0000] {taskinstance.py:2776} INFO - 1 downstream tasks scheduled from follow-on schedule check
