[2025-06-14T04:41:13.089+0000] {taskinstance.py:1157} INFO - Dependencies all met for dep_context=non-requeueable deps ti=<TaskInstance: ecommerce_generate_order_process.generate_order_process scheduled__2025-06-14T04:40:12.130199+00:00 [queued]>
[2025-06-14T04:41:13.097+0000] {taskinstance.py:1157} INFO - Dependencies all met for dep_context=requeueable deps ti=<TaskInstance: ecommerce_generate_order_process.generate_order_process scheduled__2025-06-14T04:40:12.130199+00:00 [queued]>
[2025-06-14T04:41:13.097+0000] {taskinstance.py:1359} INFO - Starting attempt 1 of 6
[2025-06-14T04:41:13.108+0000] {taskinstance.py:1380} INFO - Executing <Task(_PythonDecoratedOperator): generate_order_process> on 2025-06-14 04:40:12.130199+00:00
[2025-06-14T04:41:13.114+0000] {standard_task_runner.py:57} INFO - Started process 15231 to run task
[2025-06-14T04:41:13.116+0000] {standard_task_runner.py:84} INFO - Running: ['***', 'tasks', 'run', 'ecommerce_generate_order_process', 'generate_order_process', 'scheduled__2025-06-14T04:40:12.130199+00:00', '--job-id', '1234', '--raw', '--subdir', 'DAGS_FOLDER/generate_order_process.py', '--cfg-path', '/tmp/tmptdck7f2_']
[2025-06-14T04:41:13.117+0000] {standard_task_runner.py:85} INFO - Job 1234: Subtask generate_order_process
[2025-06-14T04:41:13.169+0000] {task_command.py:415} INFO - Running <TaskInstance: ecommerce_generate_order_process.generate_order_process scheduled__2025-06-14T04:40:12.130199+00:00 [running]> on host 3498b866135e
[2025-06-14T04:41:13.267+0000] {taskinstance.py:1660} INFO - Exporting env vars: AIRFLOW_CTX_DAG_OWNER='***' AIRFLOW_CTX_DAG_ID='ecommerce_generate_order_process' AIRFLOW_CTX_TASK_ID='generate_order_process' AIRFLOW_CTX_EXECUTION_DATE='2025-06-14T04:40:12.130199+00:00' AIRFLOW_CTX_TRY_NUMBER='1' AIRFLOW_CTX_DAG_RUN_ID='scheduled__2025-06-14T04:40:12.130199+00:00'
[2025-06-14T04:41:13.280+0000] {logging_mixin.py:151} INFO - ----------------------------
[2025-06-14T04:41:13.280+0000] {logging_mixin.py:151} INFO - 159
[2025-06-14T04:41:13.281+0000] {logging_mixin.py:151} INFO - ----------------------------
[2025-06-14T04:41:13.287+0000] {logging_mixin.py:151} INFO - [(44, 3, Decimal('20.44'), Decimal('5.09'), Decimal('3.121188')), (36, 1, Decimal('745.80'), Decimal('1.07'), Decimal('7.980060')), (11, 4, Decimal('668.03'), Decimal('3.23'), Decimal('86.309476')), (47, 3, Decimal('923.92'), Decimal('9.75'), Decimal('270.246600')), (40, 4, Decimal('700.78'), Decimal('16.51'), Decimal('462.795112')), (31, 6, Decimal('878.54'), Decimal('16.74'), Decimal('882.405576')), (3, 7, Decimal('946.29'), Decimal('2.59'), Decimal('171.562377')), (22, 1, Decimal('429.81'), Decimal('5.21'), Decimal('22.393101')), (5, 8, Decimal('699.65'), Decimal('8.21'), Decimal('459.530120')), (1, 1, Decimal('802.42'), Decimal('3.53'), Decimal('28.325426'))]
[2025-06-14T04:41:13.289+0000] {logging_mixin.py:151} INFO - [(242, 44, 3, Decimal('20.44'), Decimal('5.09'), Decimal('3.121188')), (242, 36, 1, Decimal('745.80'), Decimal('1.07'), Decimal('7.980060')), (242, 11, 4, Decimal('668.03'), Decimal('3.23'), Decimal('86.309476')), (242, 47, 3, Decimal('923.92'), Decimal('9.75'), Decimal('270.246600')), (242, 40, 4, Decimal('700.78'), Decimal('16.51'), Decimal('462.795112')), (242, 31, 6, Decimal('878.54'), Decimal('16.74'), Decimal('882.405576')), (242, 3, 7, Decimal('946.29'), Decimal('2.59'), Decimal('171.562377')), (242, 22, 1, Decimal('429.81'), Decimal('5.21'), Decimal('22.393101')), (242, 5, 8, Decimal('699.65'), Decimal('8.21'), Decimal('459.530120')), (242, 1, 1, Decimal('802.42'), Decimal('3.53'), Decimal('28.325426'))]
[2025-06-14T04:41:13.291+0000] {logging_mixin.py:151} INFO - Simulation completed successfully!
[2025-06-14T04:41:13.291+0000] {logging_mixin.py:151} INFO - 242
[2025-06-14T04:41:13.291+0000] {python.py:194} INFO - Done. Returned value was: 242
[2025-06-14T04:41:13.324+0000] {taskinstance.py:1398} INFO - Marking task as SUCCESS. dag_id=ecommerce_generate_order_process, task_id=generate_order_process, execution_date=20250614T044012, start_date=20250614T044113, end_date=20250614T044113
[2025-06-14T04:41:13.368+0000] {local_task_job_runner.py:228} INFO - Task exited with return code 0
[2025-06-14T04:41:13.392+0000] {taskinstance.py:2776} INFO - 1 downstream tasks scheduled from follow-on schedule check
