[2025-06-14T02:07:13.694+0000] {taskinstance.py:1157} INFO - Dependencies all met for dep_context=non-requeueable deps ti=<TaskInstance: ecommerce_generate_order_process.generate_order_process scheduled__2025-06-14T02:06:11.775941+00:00 [queued]>
[2025-06-14T02:07:13.707+0000] {taskinstance.py:1157} INFO - Dependencies all met for dep_context=requeueable deps ti=<TaskInstance: ecommerce_generate_order_process.generate_order_process scheduled__2025-06-14T02:06:11.775941+00:00 [queued]>
[2025-06-14T02:07:13.707+0000] {taskinstance.py:1359} INFO - Starting attempt 1 of 6
[2025-06-14T02:07:13.724+0000] {taskinstance.py:1380} INFO - Executing <Task(_PythonDecoratedOperator): generate_order_process> on 2025-06-14 02:06:11.775941+00:00
[2025-06-14T02:07:13.731+0000] {standard_task_runner.py:57} INFO - Started process 1626 to run task
[2025-06-14T02:07:13.734+0000] {standard_task_runner.py:84} INFO - Running: ['***', 'tasks', 'run', 'ecommerce_generate_order_process', 'generate_order_process', 'scheduled__2025-06-14T02:06:11.775941+00:00', '--job-id', '464', '--raw', '--subdir', 'DAGS_FOLDER/generate_order_process.py', '--cfg-path', '/tmp/tmpfi__869a']
[2025-06-14T02:07:13.736+0000] {standard_task_runner.py:85} INFO - Job 464: Subtask generate_order_process
[2025-06-14T02:07:13.814+0000] {task_command.py:415} INFO - Running <TaskInstance: ecommerce_generate_order_process.generate_order_process scheduled__2025-06-14T02:06:11.775941+00:00 [running]> on host 3498b866135e
[2025-06-14T02:07:13.966+0000] {taskinstance.py:1660} INFO - Exporting env vars: AIRFLOW_CTX_DAG_OWNER='***' AIRFLOW_CTX_DAG_ID='ecommerce_generate_order_process' AIRFLOW_CTX_TASK_ID='generate_order_process' AIRFLOW_CTX_EXECUTION_DATE='2025-06-14T02:06:11.775941+00:00' AIRFLOW_CTX_TRY_NUMBER='1' AIRFLOW_CTX_DAG_RUN_ID='scheduled__2025-06-14T02:06:11.775941+00:00'
[2025-06-14T02:07:13.985+0000] {logging_mixin.py:151} INFO - ----------------------------
[2025-06-14T02:07:13.985+0000] {logging_mixin.py:151} INFO - 51
[2025-06-14T02:07:13.986+0000] {logging_mixin.py:151} INFO - ----------------------------
[2025-06-14T02:07:13.994+0000] {logging_mixin.py:151} INFO - [(30, 2, Decimal('913.08'), Decimal('18.10'), Decimal('330.53496')), (15, 7, Decimal('523.55'), Decimal('19.06'), Decimal('698.520410')), (9, 4, Decimal('724.69'), Decimal('11.61'), Decimal('336.546036')), (5, 8, Decimal('699.65'), Decimal('8.21'), Decimal('459.530120')), (40, 4, Decimal('700.78'), Decimal('16.51'), Decimal('462.795112')), (2, 1, Decimal('925.46'), Decimal('2.62'), Decimal('24.247052')), (29, 5, Decimal('201.03'), Decimal('16.88'), Decimal('169.669320')), (47, 3, Decimal('923.92'), Decimal('9.75'), Decimal('270.246600'))]
[2025-06-14T02:07:13.996+0000] {logging_mixin.py:151} INFO - [(88, 30, 2, Decimal('913.08'), Decimal('18.10'), Decimal('330.53496')), (88, 15, 7, Decimal('523.55'), Decimal('19.06'), Decimal('698.520410')), (88, 9, 4, Decimal('724.69'), Decimal('11.61'), Decimal('336.546036')), (88, 5, 8, Decimal('699.65'), Decimal('8.21'), Decimal('459.530120')), (88, 40, 4, Decimal('700.78'), Decimal('16.51'), Decimal('462.795112')), (88, 2, 1, Decimal('925.46'), Decimal('2.62'), Decimal('24.247052')), (88, 29, 5, Decimal('201.03'), Decimal('16.88'), Decimal('169.669320')), (88, 47, 3, Decimal('923.92'), Decimal('9.75'), Decimal('270.246600'))]
[2025-06-14T02:07:13.998+0000] {logging_mixin.py:151} INFO - Simulation completed successfully!
[2025-06-14T02:07:13.998+0000] {logging_mixin.py:151} INFO - 88
[2025-06-14T02:07:13.999+0000] {python.py:194} INFO - Done. Returned value was: 88
[2025-06-14T02:07:14.045+0000] {taskinstance.py:1398} INFO - Marking task as SUCCESS. dag_id=ecommerce_generate_order_process, task_id=generate_order_process, execution_date=20250614T020611, start_date=20250614T020713, end_date=20250614T020714
[2025-06-14T02:07:14.066+0000] {local_task_job_runner.py:228} INFO - Task exited with return code 0
[2025-06-14T02:07:14.099+0000] {taskinstance.py:2776} INFO - 1 downstream tasks scheduled from follow-on schedule check
