[2025-06-14T03:27:12.919+0000] {taskinstance.py:1157} INFO - Dependencies all met for dep_context=non-requeueable deps ti=<TaskInstance: ecommerce_generate_order_process.generate_order_process scheduled__2025-06-14T03:26:12.130199+00:00 [queued]>
[2025-06-14T03:27:12.926+0000] {taskinstance.py:1157} INFO - Dependencies all met for dep_context=requeueable deps ti=<TaskInstance: ecommerce_generate_order_process.generate_order_process scheduled__2025-06-14T03:26:12.130199+00:00 [queued]>
[2025-06-14T03:27:12.926+0000] {taskinstance.py:1359} INFO - Starting attempt 1 of 6
[2025-06-14T03:27:12.936+0000] {taskinstance.py:1380} INFO - Executing <Task(_PythonDecoratedOperator): generate_order_process> on 2025-06-14 03:26:12.130199+00:00
[2025-06-14T03:27:12.940+0000] {standard_task_runner.py:57} INFO - Started process 8706 to run task
[2025-06-14T03:27:12.942+0000] {standard_task_runner.py:84} INFO - Running: ['***', 'tasks', 'run', 'ecommerce_generate_order_process', 'generate_order_process', 'scheduled__2025-06-14T03:26:12.130199+00:00', '--job-id', '864', '--raw', '--subdir', 'DAGS_FOLDER/generate_order_process.py', '--cfg-path', '/tmp/tmpgmzct619']
[2025-06-14T03:27:12.944+0000] {standard_task_runner.py:85} INFO - Job 864: Subtask generate_order_process
[2025-06-14T03:27:12.991+0000] {task_command.py:415} INFO - Running <TaskInstance: ecommerce_generate_order_process.generate_order_process scheduled__2025-06-14T03:26:12.130199+00:00 [running]> on host 3498b866135e
[2025-06-14T03:27:13.078+0000] {taskinstance.py:1660} INFO - Exporting env vars: AIRFLOW_CTX_DAG_OWNER='***' AIRFLOW_CTX_DAG_ID='ecommerce_generate_order_process' AIRFLOW_CTX_TASK_ID='generate_order_process' AIRFLOW_CTX_EXECUTION_DATE='2025-06-14T03:26:12.130199+00:00' AIRFLOW_CTX_TRY_NUMBER='1' AIRFLOW_CTX_DAG_RUN_ID='scheduled__2025-06-14T03:26:12.130199+00:00'
[2025-06-14T03:27:13.090+0000] {logging_mixin.py:151} INFO - ----------------------------
[2025-06-14T03:27:13.090+0000] {logging_mixin.py:151} INFO - 274
[2025-06-14T03:27:13.090+0000] {logging_mixin.py:151} INFO - ----------------------------
[2025-06-14T03:27:13.094+0000] {logging_mixin.py:151} INFO - [(26, 5, Decimal('349.97'), Decimal('8.34'), Decimal('145.937490')), (14, 5, Decimal('657.33'), Decimal('0.13'), Decimal('4.272645')), (45, 2, Decimal('602.50'), Decimal('19.00'), Decimal('228.9500')), (41, 1, Decimal('855.34'), Decimal('13.96'), Decimal('119.405464')), (37, 7, Decimal('892.19'), Decimal('4.68'), Decimal('292.281444')), (5, 8, Decimal('699.65'), Decimal('8.21'), Decimal('459.530120'))]
[2025-06-14T03:27:13.096+0000] {logging_mixin.py:151} INFO - [(168, 26, 5, Decimal('349.97'), Decimal('8.34'), Decimal('145.937490')), (168, 14, 5, Decimal('657.33'), Decimal('0.13'), Decimal('4.272645')), (168, 45, 2, Decimal('602.50'), Decimal('19.00'), Decimal('228.9500')), (168, 41, 1, Decimal('855.34'), Decimal('13.96'), Decimal('119.405464')), (168, 37, 7, Decimal('892.19'), Decimal('4.68'), Decimal('292.281444')), (168, 5, 8, Decimal('699.65'), Decimal('8.21'), Decimal('459.530120'))]
[2025-06-14T03:27:13.110+0000] {logging_mixin.py:151} INFO - Simulation completed successfully!
[2025-06-14T03:27:13.110+0000] {logging_mixin.py:151} INFO - 168
[2025-06-14T03:27:13.111+0000] {python.py:194} INFO - Done. Returned value was: 168
[2025-06-14T03:27:13.151+0000] {taskinstance.py:1398} INFO - Marking task as SUCCESS. dag_id=ecommerce_generate_order_process, task_id=generate_order_process, execution_date=20250614T032612, start_date=20250614T032712, end_date=20250614T032713
[2025-06-14T03:27:13.194+0000] {local_task_job_runner.py:228} INFO - Task exited with return code 0
[2025-06-14T03:27:13.216+0000] {taskinstance.py:2776} INFO - 1 downstream tasks scheduled from follow-on schedule check
