[2025-06-14T04:39:13.462+0000] {taskinstance.py:1157} INFO - Dependencies all met for dep_context=non-requeueable deps ti=<TaskInstance: ecommerce_generate_order_process.generate_order_process scheduled__2025-06-14T04:38:12.130199+00:00 [queued]>
[2025-06-14T04:39:13.469+0000] {taskinstance.py:1157} INFO - Dependencies all met for dep_context=requeueable deps ti=<TaskInstance: ecommerce_generate_order_process.generate_order_process scheduled__2025-06-14T04:38:12.130199+00:00 [queued]>
[2025-06-14T04:39:13.470+0000] {taskinstance.py:1359} INFO - Starting attempt 1 of 6
[2025-06-14T04:39:13.484+0000] {taskinstance.py:1380} INFO - Executing <Task(_PythonDecoratedOperator): generate_order_process> on 2025-06-14 04:38:12.130199+00:00
[2025-06-14T04:39:13.490+0000] {standard_task_runner.py:57} INFO - Started process 15061 to run task
[2025-06-14T04:39:13.492+0000] {standard_task_runner.py:84} INFO - Running: ['***', 'tasks', 'run', 'ecommerce_generate_order_process', 'generate_order_process', 'scheduled__2025-06-14T04:38:12.130199+00:00', '--job-id', '1224', '--raw', '--subdir', 'DAGS_FOLDER/generate_order_process.py', '--cfg-path', '/tmp/tmpmgbkurvm']
[2025-06-14T04:39:13.493+0000] {standard_task_runner.py:85} INFO - Job 1224: Subtask generate_order_process
[2025-06-14T04:39:13.550+0000] {task_command.py:415} INFO - Running <TaskInstance: ecommerce_generate_order_process.generate_order_process scheduled__2025-06-14T04:38:12.130199+00:00 [running]> on host 3498b866135e
[2025-06-14T04:39:13.645+0000] {taskinstance.py:1660} INFO - Exporting env vars: AIRFLOW_CTX_DAG_OWNER='***' AIRFLOW_CTX_DAG_ID='ecommerce_generate_order_process' AIRFLOW_CTX_TASK_ID='generate_order_process' AIRFLOW_CTX_EXECUTION_DATE='2025-06-14T04:38:12.130199+00:00' AIRFLOW_CTX_TRY_NUMBER='1' AIRFLOW_CTX_DAG_RUN_ID='scheduled__2025-06-14T04:38:12.130199+00:00'
[2025-06-14T04:39:13.658+0000] {logging_mixin.py:151} INFO - ----------------------------
[2025-06-14T04:39:13.658+0000] {logging_mixin.py:151} INFO - 460
[2025-06-14T04:39:13.658+0000] {logging_mixin.py:151} INFO - ----------------------------
[2025-06-14T04:39:13.663+0000] {logging_mixin.py:151} INFO - [(14, 5, Decimal('657.33'), Decimal('0.13'), Decimal('4.272645')), (39, 6, Decimal('713.46'), Decimal('15.39'), Decimal('658.808964')), (13, 4, Decimal('411.98'), Decimal('16.77'), Decimal('276.356184')), (36, 1, Decimal('745.80'), Decimal('1.07'), Decimal('7.980060')), (17, 1, Decimal('207.60'), Decimal('14.70'), Decimal('30.51720')), (24, 1, Decimal('387.14'), Decimal('4.66'), Decimal('18.040724')), (16, 7, Decimal('266.44'), Decimal('7.11'), Decimal('132.607188')), (1, 1, Decimal('802.42'), Decimal('3.53'), Decimal('28.325426')), (3, 7, Decimal('946.29'), Decimal('2.59'), Decimal('171.562377'))]
[2025-06-14T04:39:13.665+0000] {logging_mixin.py:151} INFO - [(240, 14, 5, Decimal('657.33'), Decimal('0.13'), Decimal('4.272645')), (240, 39, 6, Decimal('713.46'), Decimal('15.39'), Decimal('658.808964')), (240, 13, 4, Decimal('411.98'), Decimal('16.77'), Decimal('276.356184')), (240, 36, 1, Decimal('745.80'), Decimal('1.07'), Decimal('7.980060')), (240, 17, 1, Decimal('207.60'), Decimal('14.70'), Decimal('30.51720')), (240, 24, 1, Decimal('387.14'), Decimal('4.66'), Decimal('18.040724')), (240, 16, 7, Decimal('266.44'), Decimal('7.11'), Decimal('132.607188')), (240, 1, 1, Decimal('802.42'), Decimal('3.53'), Decimal('28.325426')), (240, 3, 7, Decimal('946.29'), Decimal('2.59'), Decimal('171.562377'))]
[2025-06-14T04:39:13.666+0000] {logging_mixin.py:151} INFO - Simulation completed successfully!
[2025-06-14T04:39:13.666+0000] {logging_mixin.py:151} INFO - 240
[2025-06-14T04:39:13.666+0000] {python.py:194} INFO - Done. Returned value was: 240
[2025-06-14T04:39:13.695+0000] {taskinstance.py:1398} INFO - Marking task as SUCCESS. dag_id=ecommerce_generate_order_process, task_id=generate_order_process, execution_date=20250614T043812, start_date=20250614T043913, end_date=20250614T043913
[2025-06-14T04:39:13.743+0000] {local_task_job_runner.py:228} INFO - Task exited with return code 0
[2025-06-14T04:39:13.767+0000] {taskinstance.py:2776} INFO - 1 downstream tasks scheduled from follow-on schedule check
