[2025-06-13T16:09:32.672+0000] {taskinstance.py:1157} INFO - Dependencies all met for dep_context=non-requeueable deps ti=<TaskInstance: ecommerce_generate_order_process.generate_order_process scheduled__2025-06-13T16:08:31.606904+00:00 [queued]>
[2025-06-13T16:09:32.688+0000] {taskinstance.py:1157} INFO - Dependencies all met for dep_context=requeueable deps ti=<TaskInstance: ecommerce_generate_order_process.generate_order_process scheduled__2025-06-13T16:08:31.606904+00:00 [queued]>
[2025-06-13T16:09:32.689+0000] {taskinstance.py:1359} INFO - Starting attempt 1 of 6
[2025-06-13T16:09:32.709+0000] {taskinstance.py:1380} INFO - Executing <Task(_PythonDecoratedOperator): generate_order_process> on 2025-06-13 16:08:31.606904+00:00
[2025-06-13T16:09:32.717+0000] {standard_task_runner.py:57} INFO - Started process 1851 to run task
[2025-06-13T16:09:32.721+0000] {standard_task_runner.py:84} INFO - Running: ['***', 'tasks', 'run', 'ecommerce_generate_order_process', 'generate_order_process', 'scheduled__2025-06-13T16:08:31.606904+00:00', '--job-id', '120', '--raw', '--subdir', 'DAGS_FOLDER/generate_order_process.py', '--cfg-path', '/tmp/tmpbno50lss']
[2025-06-13T16:09:32.724+0000] {standard_task_runner.py:85} INFO - Job 120: Subtask generate_order_process
[2025-06-13T16:09:32.831+0000] {task_command.py:415} INFO - Running <TaskInstance: ecommerce_generate_order_process.generate_order_process scheduled__2025-06-13T16:08:31.606904+00:00 [running]> on host 3498b866135e
[2025-06-13T16:09:33.008+0000] {taskinstance.py:1660} INFO - Exporting env vars: AIRFLOW_CTX_DAG_OWNER='***' AIRFLOW_CTX_DAG_ID='ecommerce_generate_order_process' AIRFLOW_CTX_TASK_ID='generate_order_process' AIRFLOW_CTX_EXECUTION_DATE='2025-06-13T16:08:31.606904+00:00' AIRFLOW_CTX_TRY_NUMBER='1' AIRFLOW_CTX_DAG_RUN_ID='scheduled__2025-06-13T16:08:31.606904+00:00'
[2025-06-13T16:09:33.034+0000] {logging_mixin.py:151} INFO - ----------------------------
[2025-06-13T16:09:33.034+0000] {logging_mixin.py:151} INFO - 37
[2025-06-13T16:09:33.034+0000] {logging_mixin.py:151} INFO - ----------------------------
[2025-06-13T16:09:33.046+0000] {logging_mixin.py:151} INFO - [(3, 7, Decimal('946.29'), Decimal('2.59'), Decimal('171.562377')), (16, 7, Decimal('266.44'), Decimal('7.11'), Decimal('132.607188')), (15, 7, Decimal('523.55'), Decimal('19.06'), Decimal('698.520410')), (10, 4, Decimal('598.05'), Decimal('10.18'), Decimal('243.525960')), (25, 2, Decimal('34.67'), Decimal('5.72'), Decimal('3.966248')), (22, 1, Decimal('429.81'), Decimal('5.21'), Decimal('22.393101'))]
[2025-06-13T16:09:33.050+0000] {logging_mixin.py:151} INFO - [(22, 3, 7, Decimal('946.29'), Decimal('2.59'), Decimal('171.562377')), (22, 16, 7, Decimal('266.44'), Decimal('7.11'), Decimal('132.607188')), (22, 15, 7, Decimal('523.55'), Decimal('19.06'), Decimal('698.520410')), (22, 10, 4, Decimal('598.05'), Decimal('10.18'), Decimal('243.525960')), (22, 25, 2, Decimal('34.67'), Decimal('5.72'), Decimal('3.966248')), (22, 22, 1, Decimal('429.81'), Decimal('5.21'), Decimal('22.393101'))]
[2025-06-13T16:09:33.052+0000] {logging_mixin.py:151} INFO - Simulation completed successfully!
[2025-06-13T16:09:33.052+0000] {logging_mixin.py:151} INFO - 22
[2025-06-13T16:09:33.052+0000] {python.py:194} INFO - Done. Returned value was: 22
[2025-06-13T16:09:33.117+0000] {taskinstance.py:1398} INFO - Marking task as SUCCESS. dag_id=ecommerce_generate_order_process, task_id=generate_order_process, execution_date=20250613T160831, start_date=20250613T160932, end_date=20250613T160933
[2025-06-13T16:09:33.173+0000] {local_task_job_runner.py:228} INFO - Task exited with return code 0
[2025-06-13T16:09:33.263+0000] {taskinstance.py:2776} INFO - 1 downstream tasks scheduled from follow-on schedule check
