[2025-06-14T03:00:13.257+0000] {taskinstance.py:1157} INFO - Dependencies all met for dep_context=non-requeueable deps ti=<TaskInstance: ecommerce_generate_order_process.generate_order_process scheduled__2025-06-14T02:59:12.033460+00:00 [queued]>
[2025-06-14T03:00:13.266+0000] {taskinstance.py:1157} INFO - Dependencies all met for dep_context=requeueable deps ti=<TaskInstance: ecommerce_generate_order_process.generate_order_process scheduled__2025-06-14T02:59:12.033460+00:00 [queued]>
[2025-06-14T03:00:13.267+0000] {taskinstance.py:1359} INFO - Starting attempt 1 of 6
[2025-06-14T03:00:13.285+0000] {taskinstance.py:1380} INFO - Executing <Task(_PythonDecoratedOperator): generate_order_process> on 2025-06-14 02:59:12.033460+00:00
[2025-06-14T03:00:13.291+0000] {standard_task_runner.py:57} INFO - Started process 6316 to run task
[2025-06-14T03:00:13.293+0000] {standard_task_runner.py:84} INFO - Running: ['***', 'tasks', 'run', 'ecommerce_generate_order_process', 'generate_order_process', 'scheduled__2025-06-14T02:59:12.033460+00:00', '--job-id', '729', '--raw', '--subdir', 'DAGS_FOLDER/generate_order_process.py', '--cfg-path', '/tmp/tmp2s1p4dz0']
[2025-06-14T03:00:13.296+0000] {standard_task_runner.py:85} INFO - Job 729: Subtask generate_order_process
[2025-06-14T03:00:13.362+0000] {task_command.py:415} INFO - Running <TaskInstance: ecommerce_generate_order_process.generate_order_process scheduled__2025-06-14T02:59:12.033460+00:00 [running]> on host 3498b866135e
[2025-06-14T03:00:13.573+0000] {taskinstance.py:1660} INFO - Exporting env vars: AIRFLOW_CTX_DAG_OWNER='***' AIRFLOW_CTX_DAG_ID='ecommerce_generate_order_process' AIRFLOW_CTX_TASK_ID='generate_order_process' AIRFLOW_CTX_EXECUTION_DATE='2025-06-14T02:59:12.033460+00:00' AIRFLOW_CTX_TRY_NUMBER='1' AIRFLOW_CTX_DAG_RUN_ID='scheduled__2025-06-14T02:59:12.033460+00:00'
[2025-06-14T03:00:13.593+0000] {logging_mixin.py:151} INFO - ----------------------------
[2025-06-14T03:00:13.594+0000] {logging_mixin.py:151} INFO - 187
[2025-06-14T03:00:13.594+0000] {logging_mixin.py:151} INFO - ----------------------------
[2025-06-14T03:00:13.601+0000] {logging_mixin.py:151} INFO - [(26, 5, Decimal('349.97'), Decimal('8.34'), Decimal('145.937490')), (32, 8, Decimal('133.92'), Decimal('4.07'), Decimal('43.604352')), (7, 6, Decimal('875.57'), Decimal('8.85'), Decimal('464.927670')), (28, 7, Decimal('799.39'), Decimal('3.53'), Decimal('197.529269')), (44, 3, Decimal('20.44'), Decimal('5.09'), Decimal('3.121188'))]
[2025-06-14T03:00:13.604+0000] {logging_mixin.py:151} INFO - [(141, 26, 5, Decimal('349.97'), Decimal('8.34'), Decimal('145.937490')), (141, 32, 8, Decimal('133.92'), Decimal('4.07'), Decimal('43.604352')), (141, 7, 6, Decimal('875.57'), Decimal('8.85'), Decimal('464.927670')), (141, 28, 7, Decimal('799.39'), Decimal('3.53'), Decimal('197.529269')), (141, 44, 3, Decimal('20.44'), Decimal('5.09'), Decimal('3.121188'))]
[2025-06-14T03:00:13.605+0000] {logging_mixin.py:151} INFO - Simulation completed successfully!
[2025-06-14T03:00:13.606+0000] {logging_mixin.py:151} INFO - 141
[2025-06-14T03:00:13.606+0000] {python.py:194} INFO - Done. Returned value was: 141
[2025-06-14T03:00:13.653+0000] {taskinstance.py:1398} INFO - Marking task as SUCCESS. dag_id=ecommerce_generate_order_process, task_id=generate_order_process, execution_date=20250614T025912, start_date=20250614T030013, end_date=20250614T030013
[2025-06-14T03:00:13.706+0000] {local_task_job_runner.py:228} INFO - Task exited with return code 0
[2025-06-14T03:00:13.739+0000] {taskinstance.py:2776} INFO - 0 downstream tasks scheduled from follow-on schedule check
