[2025-06-14T01:52:12.424+0000] {taskinstance.py:1157} INFO - Dependencies all met for dep_context=non-requeueable deps ti=<TaskInstance: ecommerce_generate_order_process.generate_order_process scheduled__2025-06-14T01:51:11.775941+00:00 [queued]>
[2025-06-14T01:52:12.432+0000] {taskinstance.py:1157} INFO - Dependencies all met for dep_context=requeueable deps ti=<TaskInstance: ecommerce_generate_order_process.generate_order_process scheduled__2025-06-14T01:51:11.775941+00:00 [queued]>
[2025-06-14T01:52:12.432+0000] {taskinstance.py:1359} INFO - Starting attempt 1 of 6
[2025-06-14T01:52:12.442+0000] {taskinstance.py:1380} INFO - Executing <Task(_PythonDecoratedOperator): generate_order_process> on 2025-06-14 01:51:11.775941+00:00
[2025-06-14T01:52:12.446+0000] {standard_task_runner.py:57} INFO - Started process 280 to run task
[2025-06-14T01:52:12.448+0000] {standard_task_runner.py:84} INFO - Running: ['***', 'tasks', 'run', 'ecommerce_generate_order_process', 'generate_order_process', 'scheduled__2025-06-14T01:51:11.775941+00:00', '--job-id', '371', '--raw', '--subdir', 'DAGS_FOLDER/generate_order_process.py', '--cfg-path', '/tmp/tmpt268ggow']
[2025-06-14T01:52:12.450+0000] {standard_task_runner.py:85} INFO - Job 371: Subtask generate_order_process
[2025-06-14T01:52:12.496+0000] {task_command.py:415} INFO - Running <TaskInstance: ecommerce_generate_order_process.generate_order_process scheduled__2025-06-14T01:51:11.775941+00:00 [running]> on host 3498b866135e
[2025-06-14T01:52:12.583+0000] {taskinstance.py:1660} INFO - Exporting env vars: AIRFLOW_CTX_DAG_OWNER='***' AIRFLOW_CTX_DAG_ID='ecommerce_generate_order_process' AIRFLOW_CTX_TASK_ID='generate_order_process' AIRFLOW_CTX_EXECUTION_DATE='2025-06-14T01:51:11.775941+00:00' AIRFLOW_CTX_TRY_NUMBER='1' AIRFLOW_CTX_DAG_RUN_ID='scheduled__2025-06-14T01:51:11.775941+00:00'
[2025-06-14T01:52:12.594+0000] {logging_mixin.py:151} INFO - ----------------------------
[2025-06-14T01:52:12.594+0000] {logging_mixin.py:151} INFO - 75
[2025-06-14T01:52:12.594+0000] {logging_mixin.py:151} INFO - ----------------------------
[2025-06-14T01:52:12.599+0000] {logging_mixin.py:151} INFO - [(16, 7, Decimal('266.44'), Decimal('7.11'), Decimal('132.607188')), (13, 4, Decimal('411.98'), Decimal('16.77'), Decimal('276.356184')), (23, 1, Decimal('521.30'), Decimal('16.80'), Decimal('87.57840')), (8, 1, Decimal('130.57'), Decimal('13.94'), Decimal('18.201458'))]
[2025-06-14T01:52:12.601+0000] {logging_mixin.py:151} INFO - [(72, 16, 7, Decimal('266.44'), Decimal('7.11'), Decimal('132.607188')), (72, 13, 4, Decimal('411.98'), Decimal('16.77'), Decimal('276.356184')), (72, 23, 1, Decimal('521.30'), Decimal('16.80'), Decimal('87.57840')), (72, 8, 1, Decimal('130.57'), Decimal('13.94'), Decimal('18.201458'))]
[2025-06-14T01:52:12.603+0000] {logging_mixin.py:151} INFO - Simulation completed successfully!
[2025-06-14T01:52:12.603+0000] {logging_mixin.py:151} INFO - 72
[2025-06-14T01:52:12.603+0000] {python.py:194} INFO - Done. Returned value was: 72
[2025-06-14T01:52:12.632+0000] {taskinstance.py:1398} INFO - Marking task as SUCCESS. dag_id=ecommerce_generate_order_process, task_id=generate_order_process, execution_date=20250614T015111, start_date=20250614T015212, end_date=20250614T015212
[2025-06-14T01:52:12.660+0000] {local_task_job_runner.py:228} INFO - Task exited with return code 0
[2025-06-14T01:52:12.681+0000] {taskinstance.py:2776} INFO - 1 downstream tasks scheduled from follow-on schedule check
