[2025-06-14T04:55:13.164+0000] {taskinstance.py:1157} INFO - Dependencies all met for dep_context=non-requeueable deps ti=<TaskInstance: ecommerce_generate_order_process.generate_order_process scheduled__2025-06-14T04:54:12.130199+00:00 [queued]>
[2025-06-14T04:55:13.171+0000] {taskinstance.py:1157} INFO - Dependencies all met for dep_context=requeueable deps ti=<TaskInstance: ecommerce_generate_order_process.generate_order_process scheduled__2025-06-14T04:54:12.130199+00:00 [queued]>
[2025-06-14T04:55:13.171+0000] {taskinstance.py:1359} INFO - Starting attempt 1 of 6
[2025-06-14T04:55:13.181+0000] {taskinstance.py:1380} INFO - Executing <Task(_PythonDecoratedOperator): generate_order_process> on 2025-06-14 04:54:12.130199+00:00
[2025-06-14T04:55:13.186+0000] {standard_task_runner.py:57} INFO - Started process 16466 to run task
[2025-06-14T04:55:13.188+0000] {standard_task_runner.py:84} INFO - Running: ['***', 'tasks', 'run', 'ecommerce_generate_order_process', 'generate_order_process', 'scheduled__2025-06-14T04:54:12.130199+00:00', '--job-id', '1304', '--raw', '--subdir', 'DAGS_FOLDER/generate_order_process.py', '--cfg-path', '/tmp/tmpt8r787jh']
[2025-06-14T04:55:13.189+0000] {standard_task_runner.py:85} INFO - Job 1304: Subtask generate_order_process
[2025-06-14T04:55:13.242+0000] {task_command.py:415} INFO - Running <TaskInstance: ecommerce_generate_order_process.generate_order_process scheduled__2025-06-14T04:54:12.130199+00:00 [running]> on host 3498b866135e
[2025-06-14T04:55:13.328+0000] {taskinstance.py:1660} INFO - Exporting env vars: AIRFLOW_CTX_DAG_OWNER='***' AIRFLOW_CTX_DAG_ID='ecommerce_generate_order_process' AIRFLOW_CTX_TASK_ID='generate_order_process' AIRFLOW_CTX_EXECUTION_DATE='2025-06-14T04:54:12.130199+00:00' AIRFLOW_CTX_TRY_NUMBER='1' AIRFLOW_CTX_DAG_RUN_ID='scheduled__2025-06-14T04:54:12.130199+00:00'
[2025-06-14T04:55:13.341+0000] {logging_mixin.py:151} INFO - ----------------------------
[2025-06-14T04:55:13.341+0000] {logging_mixin.py:151} INFO - 469
[2025-06-14T04:55:13.341+0000] {logging_mixin.py:151} INFO - ----------------------------
[2025-06-14T04:55:13.347+0000] {logging_mixin.py:151} INFO - [(10, 4, Decimal('598.05'), Decimal('10.18'), Decimal('243.525960'))]
[2025-06-14T04:55:13.348+0000] {logging_mixin.py:151} INFO - [(256, 10, 4, Decimal('598.05'), Decimal('10.18'), Decimal('243.525960'))]
[2025-06-14T04:55:13.348+0000] {logging_mixin.py:151} INFO - Simulation completed successfully!
[2025-06-14T04:55:13.348+0000] {logging_mixin.py:151} INFO - 256
[2025-06-14T04:55:13.349+0000] {python.py:194} INFO - Done. Returned value was: 256
[2025-06-14T04:55:13.379+0000] {taskinstance.py:1398} INFO - Marking task as SUCCESS. dag_id=ecommerce_generate_order_process, task_id=generate_order_process, execution_date=20250614T045412, start_date=20250614T045513, end_date=20250614T045513
[2025-06-14T04:55:13.399+0000] {local_task_job_runner.py:228} INFO - Task exited with return code 0
[2025-06-14T04:55:13.423+0000] {taskinstance.py:2776} INFO - 1 downstream tasks scheduled from follow-on schedule check
