[2025-06-14T04:44:13.597+0000] {taskinstance.py:1157} INFO - Dependencies all met for dep_context=non-requeueable deps ti=<TaskInstance: ecommerce_generate_order_process.generate_order_process scheduled__2025-06-14T04:43:12.130199+00:00 [queued]>
[2025-06-14T04:44:13.605+0000] {taskinstance.py:1157} INFO - Dependencies all met for dep_context=requeueable deps ti=<TaskInstance: ecommerce_generate_order_process.generate_order_process scheduled__2025-06-14T04:43:12.130199+00:00 [queued]>
[2025-06-14T04:44:13.605+0000] {taskinstance.py:1359} INFO - Starting attempt 1 of 6
[2025-06-14T04:44:13.616+0000] {taskinstance.py:1380} INFO - Executing <Task(_PythonDecoratedOperator): generate_order_process> on 2025-06-14 04:43:12.130199+00:00
[2025-06-14T04:44:13.621+0000] {standard_task_runner.py:57} INFO - Started process 15496 to run task
[2025-06-14T04:44:13.623+0000] {standard_task_runner.py:84} INFO - Running: ['***', 'tasks', 'run', 'ecommerce_generate_order_process', 'generate_order_process', 'scheduled__2025-06-14T04:43:12.130199+00:00', '--job-id', '1249', '--raw', '--subdir', 'DAGS_FOLDER/generate_order_process.py', '--cfg-path', '/tmp/tmp2w0gi2l2']
[2025-06-14T04:44:13.625+0000] {standard_task_runner.py:85} INFO - Job 1249: Subtask generate_order_process
[2025-06-14T04:44:13.679+0000] {task_command.py:415} INFO - Running <TaskInstance: ecommerce_generate_order_process.generate_order_process scheduled__2025-06-14T04:43:12.130199+00:00 [running]> on host 3498b866135e
[2025-06-14T04:44:13.777+0000] {taskinstance.py:1660} INFO - Exporting env vars: AIRFLOW_CTX_DAG_OWNER='***' AIRFLOW_CTX_DAG_ID='ecommerce_generate_order_process' AIRFLOW_CTX_TASK_ID='generate_order_process' AIRFLOW_CTX_EXECUTION_DATE='2025-06-14T04:43:12.130199+00:00' AIRFLOW_CTX_TRY_NUMBER='1' AIRFLOW_CTX_DAG_RUN_ID='scheduled__2025-06-14T04:43:12.130199+00:00'
[2025-06-14T04:44:13.791+0000] {logging_mixin.py:151} INFO - ----------------------------
[2025-06-14T04:44:13.791+0000] {logging_mixin.py:151} INFO - 317
[2025-06-14T04:44:13.791+0000] {logging_mixin.py:151} INFO - ----------------------------
[2025-06-14T04:44:13.797+0000] {logging_mixin.py:151} INFO - [(28, 7, Decimal('799.39'), Decimal('3.53'), Decimal('197.529269')), (49, 8, Decimal('42.29'), Decimal('1.49'), Decimal('5.040968')), (11, 4, Decimal('668.03'), Decimal('3.23'), Decimal('86.309476')), (47, 3, Decimal('923.92'), Decimal('9.75'), Decimal('270.246600')), (9, 4, Decimal('724.69'), Decimal('11.61'), Decimal('336.546036')), (10, 4, Decimal('598.05'), Decimal('10.18'), Decimal('243.525960')), (5, 8, Decimal('699.65'), Decimal('8.21'), Decimal('459.530120')), (36, 1, Decimal('745.80'), Decimal('1.07'), Decimal('7.980060'))]
[2025-06-14T04:44:13.799+0000] {logging_mixin.py:151} INFO - [(245, 28, 7, Decimal('799.39'), Decimal('3.53'), Decimal('197.529269')), (245, 49, 8, Decimal('42.29'), Decimal('1.49'), Decimal('5.040968')), (245, 11, 4, Decimal('668.03'), Decimal('3.23'), Decimal('86.309476')), (245, 47, 3, Decimal('923.92'), Decimal('9.75'), Decimal('270.246600')), (245, 9, 4, Decimal('724.69'), Decimal('11.61'), Decimal('336.546036')), (245, 10, 4, Decimal('598.05'), Decimal('10.18'), Decimal('243.525960')), (245, 5, 8, Decimal('699.65'), Decimal('8.21'), Decimal('459.530120')), (245, 36, 1, Decimal('745.80'), Decimal('1.07'), Decimal('7.980060'))]
[2025-06-14T04:44:13.800+0000] {logging_mixin.py:151} INFO - Simulation completed successfully!
[2025-06-14T04:44:13.800+0000] {logging_mixin.py:151} INFO - 245
[2025-06-14T04:44:13.800+0000] {python.py:194} INFO - Done. Returned value was: 245
[2025-06-14T04:44:13.832+0000] {taskinstance.py:1398} INFO - Marking task as SUCCESS. dag_id=ecommerce_generate_order_process, task_id=generate_order_process, execution_date=20250614T044312, start_date=20250614T044413, end_date=20250614T044413
[2025-06-14T04:44:13.875+0000] {local_task_job_runner.py:228} INFO - Task exited with return code 0
[2025-06-14T04:44:13.900+0000] {taskinstance.py:2776} INFO - 1 downstream tasks scheduled from follow-on schedule check
