[2025-06-14T02:26:12.909+0000] {taskinstance.py:1157} INFO - Dependencies all met for dep_context=non-requeueable deps ti=<TaskInstance: ecommerce_generate_order_process.generate_order_process scheduled__2025-06-14T02:25:12.033460+00:00 [queued]>
[2025-06-14T02:26:12.916+0000] {taskinstance.py:1157} INFO - Dependencies all met for dep_context=requeueable deps ti=<TaskInstance: ecommerce_generate_order_process.generate_order_process scheduled__2025-06-14T02:25:12.033460+00:00 [queued]>
[2025-06-14T02:26:12.916+0000] {taskinstance.py:1359} INFO - Starting attempt 1 of 6
[2025-06-14T02:26:12.926+0000] {taskinstance.py:1380} INFO - Executing <Task(_PythonDecoratedOperator): generate_order_process> on 2025-06-14 02:25:12.033460+00:00
[2025-06-14T02:26:12.930+0000] {standard_task_runner.py:57} INFO - Started process 3296 to run task
[2025-06-14T02:26:12.932+0000] {standard_task_runner.py:84} INFO - Running: ['***', 'tasks', 'run', 'ecommerce_generate_order_process', 'generate_order_process', 'scheduled__2025-06-14T02:25:12.033460+00:00', '--job-id', '559', '--raw', '--subdir', 'DAGS_FOLDER/generate_order_process.py', '--cfg-path', '/tmp/tmpxm8nxqgq']
[2025-06-14T02:26:12.934+0000] {standard_task_runner.py:85} INFO - Job 559: Subtask generate_order_process
[2025-06-14T02:26:12.983+0000] {task_command.py:415} INFO - Running <TaskInstance: ecommerce_generate_order_process.generate_order_process scheduled__2025-06-14T02:25:12.033460+00:00 [running]> on host 3498b866135e
[2025-06-14T02:26:13.085+0000] {taskinstance.py:1660} INFO - Exporting env vars: AIRFLOW_CTX_DAG_OWNER='***' AIRFLOW_CTX_DAG_ID='ecommerce_generate_order_process' AIRFLOW_CTX_TASK_ID='generate_order_process' AIRFLOW_CTX_EXECUTION_DATE='2025-06-14T02:25:12.033460+00:00' AIRFLOW_CTX_TRY_NUMBER='1' AIRFLOW_CTX_DAG_RUN_ID='scheduled__2025-06-14T02:25:12.033460+00:00'
[2025-06-14T02:26:13.098+0000] {logging_mixin.py:151} INFO - ----------------------------
[2025-06-14T02:26:13.098+0000] {logging_mixin.py:151} INFO - 29
[2025-06-14T02:26:13.098+0000] {logging_mixin.py:151} INFO - ----------------------------
[2025-06-14T02:26:13.104+0000] {logging_mixin.py:151} INFO - [(34, 5, Decimal('814.83'), Decimal('13.74'), Decimal('559.788210')), (37, 7, Decimal('892.19'), Decimal('4.68'), Decimal('292.281444')), (1, 1, Decimal('802.42'), Decimal('3.53'), Decimal('28.325426')), (9, 4, Decimal('724.69'), Decimal('11.61'), Decimal('336.546036'))]
[2025-06-14T02:26:13.106+0000] {logging_mixin.py:151} INFO - [(107, 34, 5, Decimal('814.83'), Decimal('13.74'), Decimal('559.788210')), (107, 37, 7, Decimal('892.19'), Decimal('4.68'), Decimal('292.281444')), (107, 1, 1, Decimal('802.42'), Decimal('3.53'), Decimal('28.325426')), (107, 9, 4, Decimal('724.69'), Decimal('11.61'), Decimal('336.546036'))]
[2025-06-14T02:26:13.106+0000] {logging_mixin.py:151} INFO - Simulation completed successfully!
[2025-06-14T02:26:13.107+0000] {logging_mixin.py:151} INFO - 107
[2025-06-14T02:26:13.107+0000] {python.py:194} INFO - Done. Returned value was: 107
[2025-06-14T02:26:13.141+0000] {taskinstance.py:1398} INFO - Marking task as SUCCESS. dag_id=ecommerce_generate_order_process, task_id=generate_order_process, execution_date=20250614T022512, start_date=20250614T022612, end_date=20250614T022613
[2025-06-14T02:26:13.184+0000] {local_task_job_runner.py:228} INFO - Task exited with return code 0
[2025-06-14T02:26:13.212+0000] {taskinstance.py:2776} INFO - 1 downstream tasks scheduled from follow-on schedule check
