[2025-06-13T13:31:24.150+0000] {taskinstance.py:1157} INFO - Dependencies all met for dep_context=non-requeueable deps ti=<TaskInstance: ecommerce_generate_order_process.generate_order_process scheduled__2025-06-13T13:30:22.570344+00:00 [queued]>
[2025-06-13T13:31:24.157+0000] {taskinstance.py:1157} INFO - Dependencies all met for dep_context=requeueable deps ti=<TaskInstance: ecommerce_generate_order_process.generate_order_process scheduled__2025-06-13T13:30:22.570344+00:00 [queued]>
[2025-06-13T13:31:24.158+0000] {taskinstance.py:1359} INFO - Starting attempt 1 of 6
[2025-06-13T13:31:24.169+0000] {taskinstance.py:1380} INFO - Executing <Task(_PythonDecoratedOperator): generate_order_process> on 2025-06-13 13:30:22.570344+00:00
[2025-06-13T13:31:24.174+0000] {standard_task_runner.py:57} INFO - Started process 844 to run task
[2025-06-13T13:31:24.176+0000] {standard_task_runner.py:84} INFO - Running: ['***', 'tasks', 'run', 'ecommerce_generate_order_process', 'generate_order_process', 'scheduled__2025-06-13T13:30:22.570344+00:00', '--job-id', '56', '--raw', '--subdir', 'DAGS_FOLDER/generate_order_process.py', '--cfg-path', '/tmp/tmpztv1z1d9']
[2025-06-13T13:31:24.178+0000] {standard_task_runner.py:85} INFO - Job 56: Subtask generate_order_process
[2025-06-13T13:31:24.268+0000] {task_command.py:415} INFO - Running <TaskInstance: ecommerce_generate_order_process.generate_order_process scheduled__2025-06-13T13:30:22.570344+00:00 [running]> on host 3ddb9b5ffd69
[2025-06-13T13:31:24.368+0000] {taskinstance.py:1660} INFO - Exporting env vars: AIRFLOW_CTX_DAG_OWNER='***' AIRFLOW_CTX_DAG_ID='ecommerce_generate_order_process' AIRFLOW_CTX_TASK_ID='generate_order_process' AIRFLOW_CTX_EXECUTION_DATE='2025-06-13T13:30:22.570344+00:00' AIRFLOW_CTX_TRY_NUMBER='1' AIRFLOW_CTX_DAG_RUN_ID='scheduled__2025-06-13T13:30:22.570344+00:00'
[2025-06-13T13:31:24.382+0000] {logging_mixin.py:151} INFO - ----------------------------
[2025-06-13T13:31:24.382+0000] {logging_mixin.py:151} INFO - 9
[2025-06-13T13:31:24.382+0000] {logging_mixin.py:151} INFO - ----------------------------
[2025-06-13T13:31:24.389+0000] {logging_mixin.py:151} INFO - [(14, 9, Decimal('131.20'), Decimal('8.96'), Decimal('105.799680')), (22, 5, Decimal('480.86'), Decimal('13.85'), Decimal('332.995550')), (24, 5, Decimal('125.94'), Decimal('2.17'), Decimal('13.664490')), (23, 1, Decimal('806.34'), Decimal('12.19'), Decimal('98.292846')), (18, 3, Decimal('665.36'), Decimal('3.62'), Decimal('72.258096')), (21, 1, Decimal('238.75'), Decimal('3.72'), Decimal('8.881500')), (7, 7, Decimal('607.42'), Decimal('8.16'), Decimal('346.958304')), (25, 4, Decimal('718.76'), Decimal('18.03'), Decimal('518.369712')), (17, 7, Decimal('336.53'), Decimal('5.78'), Decimal('136.160038')), (13, 8, Decimal('425.48'), Decimal('3.47'), Decimal('118.113248'))]
[2025-06-13T13:31:24.391+0000] {logging_mixin.py:151} INFO - [(8, 14, 9, Decimal('131.20'), Decimal('8.96'), Decimal('105.799680')), (8, 22, 5, Decimal('480.86'), Decimal('13.85'), Decimal('332.995550')), (8, 24, 5, Decimal('125.94'), Decimal('2.17'), Decimal('13.664490')), (8, 23, 1, Decimal('806.34'), Decimal('12.19'), Decimal('98.292846')), (8, 18, 3, Decimal('665.36'), Decimal('3.62'), Decimal('72.258096')), (8, 21, 1, Decimal('238.75'), Decimal('3.72'), Decimal('8.881500')), (8, 7, 7, Decimal('607.42'), Decimal('8.16'), Decimal('346.958304')), (8, 25, 4, Decimal('718.76'), Decimal('18.03'), Decimal('518.369712')), (8, 17, 7, Decimal('336.53'), Decimal('5.78'), Decimal('136.160038')), (8, 13, 8, Decimal('425.48'), Decimal('3.47'), Decimal('118.113248'))]
[2025-06-13T13:31:24.391+0000] {logging_mixin.py:151} INFO - Simulation completed successfully!
[2025-06-13T13:31:24.392+0000] {logging_mixin.py:151} INFO - 8
[2025-06-13T13:31:24.392+0000] {python.py:194} INFO - Done. Returned value was: 8
[2025-06-13T13:31:24.428+0000] {taskinstance.py:1398} INFO - Marking task as SUCCESS. dag_id=ecommerce_generate_order_process, task_id=generate_order_process, execution_date=20250613T133022, start_date=20250613T133124, end_date=20250613T133124
[2025-06-13T13:31:24.468+0000] {local_task_job_runner.py:228} INFO - Task exited with return code 0
[2025-06-13T13:31:24.493+0000] {taskinstance.py:2776} INFO - 1 downstream tasks scheduled from follow-on schedule check
