[2025-06-13T16:46:32.836+0000] {taskinstance.py:1157} INFO - Dependencies all met for dep_context=non-requeueable deps ti=<TaskInstance: ecommerce_generate_order_process.generate_order_process scheduled__2025-06-13T16:45:31.706122+00:00 [queued]>
[2025-06-13T16:46:32.850+0000] {taskinstance.py:1157} INFO - Dependencies all met for dep_context=requeueable deps ti=<TaskInstance: ecommerce_generate_order_process.generate_order_process scheduled__2025-06-13T16:45:31.706122+00:00 [queued]>
[2025-06-13T16:46:32.850+0000] {taskinstance.py:1359} INFO - Starting attempt 1 of 6
[2025-06-13T16:46:32.873+0000] {taskinstance.py:1380} INFO - Executing <Task(_PythonDecoratedOperator): generate_order_process> on 2025-06-13 16:45:31.706122+00:00
[2025-06-13T16:46:32.881+0000] {standard_task_runner.py:57} INFO - Started process 5141 to run task
[2025-06-13T16:46:32.885+0000] {standard_task_runner.py:84} INFO - Running: ['***', 'tasks', 'run', 'ecommerce_generate_order_process', 'generate_order_process', 'scheduled__2025-06-13T16:45:31.706122+00:00', '--job-id', '305', '--raw', '--subdir', 'DAGS_FOLDER/generate_order_process.py', '--cfg-path', '/tmp/tmp20sv6kjs']
[2025-06-13T16:46:32.888+0000] {standard_task_runner.py:85} INFO - Job 305: Subtask generate_order_process
[2025-06-13T16:46:32.991+0000] {task_command.py:415} INFO - Running <TaskInstance: ecommerce_generate_order_process.generate_order_process scheduled__2025-06-13T16:45:31.706122+00:00 [running]> on host 3498b866135e
[2025-06-13T16:46:33.181+0000] {taskinstance.py:1660} INFO - Exporting env vars: AIRFLOW_CTX_DAG_OWNER='***' AIRFLOW_CTX_DAG_ID='ecommerce_generate_order_process' AIRFLOW_CTX_TASK_ID='generate_order_process' AIRFLOW_CTX_EXECUTION_DATE='2025-06-13T16:45:31.706122+00:00' AIRFLOW_CTX_TRY_NUMBER='1' AIRFLOW_CTX_DAG_RUN_ID='scheduled__2025-06-13T16:45:31.706122+00:00'
[2025-06-13T16:46:33.210+0000] {logging_mixin.py:151} INFO - ----------------------------
[2025-06-13T16:46:33.210+0000] {logging_mixin.py:151} INFO - 93
[2025-06-13T16:46:33.211+0000] {logging_mixin.py:151} INFO - ----------------------------
[2025-06-13T16:46:33.221+0000] {logging_mixin.py:151} INFO - [(10, 4, Decimal('598.05'), Decimal('10.18'), Decimal('243.525960')), (5, 8, Decimal('699.65'), Decimal('8.21'), Decimal('459.530120')), (24, 1, Decimal('387.14'), Decimal('4.66'), Decimal('18.040724')), (23, 1, Decimal('521.30'), Decimal('16.80'), Decimal('87.57840')), (8, 1, Decimal('130.57'), Decimal('13.94'), Decimal('18.201458')), (21, 4, Decimal('841.78'), Decimal('5.97'), Decimal('201.017064'))]
[2025-06-13T16:46:33.224+0000] {logging_mixin.py:151} INFO - [(59, 10, 4, Decimal('598.05'), Decimal('10.18'), Decimal('243.525960')), (59, 5, 8, Decimal('699.65'), Decimal('8.21'), Decimal('459.530120')), (59, 24, 1, Decimal('387.14'), Decimal('4.66'), Decimal('18.040724')), (59, 23, 1, Decimal('521.30'), Decimal('16.80'), Decimal('87.57840')), (59, 8, 1, Decimal('130.57'), Decimal('13.94'), Decimal('18.201458')), (59, 21, 4, Decimal('841.78'), Decimal('5.97'), Decimal('201.017064'))]
[2025-06-13T16:46:33.226+0000] {logging_mixin.py:151} INFO - Simulation completed successfully!
[2025-06-13T16:46:33.226+0000] {logging_mixin.py:151} INFO - 59
[2025-06-13T16:46:33.227+0000] {python.py:194} INFO - Done. Returned value was: 59
[2025-06-13T16:46:33.298+0000] {taskinstance.py:1398} INFO - Marking task as SUCCESS. dag_id=ecommerce_generate_order_process, task_id=generate_order_process, execution_date=20250613T164531, start_date=20250613T164632, end_date=20250613T164633
[2025-06-13T16:46:33.337+0000] {local_task_job_runner.py:228} INFO - Task exited with return code 0
[2025-06-13T16:46:33.381+0000] {taskinstance.py:2776} INFO - 1 downstream tasks scheduled from follow-on schedule check
