[2025-06-14T03:15:13.200+0000] {taskinstance.py:1157} INFO - Dependencies all met for dep_context=non-requeueable deps ti=<TaskInstance: ecommerce_generate_order_process.generate_order_process scheduled__2025-06-14T03:14:12.130199+00:00 [queued]>
[2025-06-14T03:15:13.207+0000] {taskinstance.py:1157} INFO - Dependencies all met for dep_context=requeueable deps ti=<TaskInstance: ecommerce_generate_order_process.generate_order_process scheduled__2025-06-14T03:14:12.130199+00:00 [queued]>
[2025-06-14T03:15:13.207+0000] {taskinstance.py:1359} INFO - Starting attempt 1 of 6
[2025-06-14T03:15:13.218+0000] {taskinstance.py:1380} INFO - Executing <Task(_PythonDecoratedOperator): generate_order_process> on 2025-06-14 03:14:12.130199+00:00
[2025-06-14T03:15:13.223+0000] {standard_task_runner.py:57} INFO - Started process 7626 to run task
[2025-06-14T03:15:13.225+0000] {standard_task_runner.py:84} INFO - Running: ['***', 'tasks', 'run', 'ecommerce_generate_order_process', 'generate_order_process', 'scheduled__2025-06-14T03:14:12.130199+00:00', '--job-id', '804', '--raw', '--subdir', 'DAGS_FOLDER/generate_order_process.py', '--cfg-path', '/tmp/tmp8l3auxpe']
[2025-06-14T03:15:13.226+0000] {standard_task_runner.py:85} INFO - Job 804: Subtask generate_order_process
[2025-06-14T03:15:13.272+0000] {task_command.py:415} INFO - Running <TaskInstance: ecommerce_generate_order_process.generate_order_process scheduled__2025-06-14T03:14:12.130199+00:00 [running]> on host 3498b866135e
[2025-06-14T03:15:13.357+0000] {taskinstance.py:1660} INFO - Exporting env vars: AIRFLOW_CTX_DAG_OWNER='***' AIRFLOW_CTX_DAG_ID='ecommerce_generate_order_process' AIRFLOW_CTX_TASK_ID='generate_order_process' AIRFLOW_CTX_EXECUTION_DATE='2025-06-14T03:14:12.130199+00:00' AIRFLOW_CTX_TRY_NUMBER='1' AIRFLOW_CTX_DAG_RUN_ID='scheduled__2025-06-14T03:14:12.130199+00:00'
[2025-06-14T03:15:13.368+0000] {logging_mixin.py:151} INFO - ----------------------------
[2025-06-14T03:15:13.368+0000] {logging_mixin.py:151} INFO - 202
[2025-06-14T03:15:13.368+0000] {logging_mixin.py:151} INFO - ----------------------------
[2025-06-14T03:15:13.373+0000] {logging_mixin.py:151} INFO - [(15, 7, Decimal('523.55'), Decimal('19.06'), Decimal('698.520410')), (50, 6, Decimal('732.13'), Decimal('17.33'), Decimal('761.268774')), (26, 5, Decimal('349.97'), Decimal('8.34'), Decimal('145.937490')), (40, 4, Decimal('700.78'), Decimal('16.51'), Decimal('462.795112')), (11, 4, Decimal('668.03'), Decimal('3.23'), Decimal('86.309476')), (43, 8, Decimal('746.10'), Decimal('4.92'), Decimal('293.664960')), (37, 7, Decimal('892.19'), Decimal('4.68'), Decimal('292.281444')), (34, 5, Decimal('814.83'), Decimal('13.74'), Decimal('559.788210')), (23, 1, Decimal('521.30'), Decimal('16.80'), Decimal('87.57840'))]
[2025-06-14T03:15:13.374+0000] {logging_mixin.py:151} INFO - [(156, 15, 7, Decimal('523.55'), Decimal('19.06'), Decimal('698.520410')), (156, 50, 6, Decimal('732.13'), Decimal('17.33'), Decimal('761.268774')), (156, 26, 5, Decimal('349.97'), Decimal('8.34'), Decimal('145.937490')), (156, 40, 4, Decimal('700.78'), Decimal('16.51'), Decimal('462.795112')), (156, 11, 4, Decimal('668.03'), Decimal('3.23'), Decimal('86.309476')), (156, 43, 8, Decimal('746.10'), Decimal('4.92'), Decimal('293.664960')), (156, 37, 7, Decimal('892.19'), Decimal('4.68'), Decimal('292.281444')), (156, 34, 5, Decimal('814.83'), Decimal('13.74'), Decimal('559.788210')), (156, 23, 1, Decimal('521.30'), Decimal('16.80'), Decimal('87.57840'))]
[2025-06-14T03:15:13.375+0000] {logging_mixin.py:151} INFO - Simulation completed successfully!
[2025-06-14T03:15:13.375+0000] {logging_mixin.py:151} INFO - 156
[2025-06-14T03:15:13.375+0000] {python.py:194} INFO - Done. Returned value was: 156
[2025-06-14T03:15:13.403+0000] {taskinstance.py:1398} INFO - Marking task as SUCCESS. dag_id=ecommerce_generate_order_process, task_id=generate_order_process, execution_date=20250614T031412, start_date=20250614T031513, end_date=20250614T031513
[2025-06-14T03:15:13.437+0000] {local_task_job_runner.py:228} INFO - Task exited with return code 0
[2025-06-14T03:15:13.460+0000] {taskinstance.py:2776} INFO - 1 downstream tasks scheduled from follow-on schedule check
