[2025-06-13T16:38:33.039+0000] {taskinstance.py:1157} INFO - Dependencies all met for dep_context=non-requeueable deps ti=<TaskInstance: ecommerce_generate_order_process.generate_order_process scheduled__2025-06-13T16:37:31.706122+00:00 [queued]>
[2025-06-13T16:38:33.062+0000] {taskinstance.py:1157} INFO - Dependencies all met for dep_context=requeueable deps ti=<TaskInstance: ecommerce_generate_order_process.generate_order_process scheduled__2025-06-13T16:37:31.706122+00:00 [queued]>
[2025-06-13T16:38:33.063+0000] {taskinstance.py:1359} INFO - Starting attempt 1 of 6
[2025-06-13T16:38:33.101+0000] {taskinstance.py:1380} INFO - Executing <Task(_PythonDecoratedOperator): generate_order_process> on 2025-06-13 16:37:31.706122+00:00
[2025-06-13T16:38:33.117+0000] {standard_task_runner.py:57} INFO - Started process 4421 to run task
[2025-06-13T16:38:33.124+0000] {standard_task_runner.py:84} INFO - Running: ['***', 'tasks', 'run', 'ecommerce_generate_order_process', 'generate_order_process', 'scheduled__2025-06-13T16:37:31.706122+00:00', '--job-id', '265', '--raw', '--subdir', 'DAGS_FOLDER/generate_order_process.py', '--cfg-path', '/tmp/tmpissy5cld']
[2025-06-13T16:38:33.131+0000] {standard_task_runner.py:85} INFO - Job 265: Subtask generate_order_process
[2025-06-13T16:38:33.343+0000] {task_command.py:415} INFO - Running <TaskInstance: ecommerce_generate_order_process.generate_order_process scheduled__2025-06-13T16:37:31.706122+00:00 [running]> on host 3498b866135e
[2025-06-13T16:38:33.523+0000] {taskinstance.py:1660} INFO - Exporting env vars: AIRFLOW_CTX_DAG_OWNER='***' AIRFLOW_CTX_DAG_ID='ecommerce_generate_order_process' AIRFLOW_CTX_TASK_ID='generate_order_process' AIRFLOW_CTX_EXECUTION_DATE='2025-06-13T16:37:31.706122+00:00' AIRFLOW_CTX_TRY_NUMBER='1' AIRFLOW_CTX_DAG_RUN_ID='scheduled__2025-06-13T16:37:31.706122+00:00'
[2025-06-13T16:38:33.545+0000] {logging_mixin.py:151} INFO - ----------------------------
[2025-06-13T16:38:33.545+0000] {logging_mixin.py:151} INFO - 74
[2025-06-13T16:38:33.545+0000] {logging_mixin.py:151} INFO - ----------------------------
[2025-06-13T16:38:33.556+0000] {logging_mixin.py:151} INFO - [(18, 9, Decimal('697.86'), Decimal('6.91'), Decimal('433.999134')), (7, 6, Decimal('875.57'), Decimal('8.85'), Decimal('464.927670')), (21, 4, Decimal('841.78'), Decimal('5.97'), Decimal('201.017064')), (12, 6, Decimal('255.15'), Decimal('19.41'), Decimal('297.147690')), (24, 1, Decimal('387.14'), Decimal('4.66'), Decimal('18.040724'))]
[2025-06-13T16:38:33.559+0000] {logging_mixin.py:151} INFO - [(51, 18, 9, Decimal('697.86'), Decimal('6.91'), Decimal('433.999134')), (51, 7, 6, Decimal('875.57'), Decimal('8.85'), Decimal('464.927670')), (51, 21, 4, Decimal('841.78'), Decimal('5.97'), Decimal('201.017064')), (51, 12, 6, Decimal('255.15'), Decimal('19.41'), Decimal('297.147690')), (51, 24, 1, Decimal('387.14'), Decimal('4.66'), Decimal('18.040724'))]
[2025-06-13T16:38:33.561+0000] {logging_mixin.py:151} INFO - Simulation completed successfully!
[2025-06-13T16:38:33.561+0000] {logging_mixin.py:151} INFO - 51
[2025-06-13T16:38:33.561+0000] {python.py:194} INFO - Done. Returned value was: 51
[2025-06-13T16:38:33.627+0000] {taskinstance.py:1398} INFO - Marking task as SUCCESS. dag_id=ecommerce_generate_order_process, task_id=generate_order_process, execution_date=20250613T163731, start_date=20250613T163833, end_date=20250613T163833
[2025-06-13T16:38:33.656+0000] {local_task_job_runner.py:228} INFO - Task exited with return code 0
[2025-06-13T16:38:33.700+0000] {taskinstance.py:2776} INFO - 1 downstream tasks scheduled from follow-on schedule check
