[2025-06-14T04:34:12.733+0000] {taskinstance.py:1157} INFO - Dependencies all met for dep_context=non-requeueable deps ti=<TaskInstance: ecommerce_generate_order_process.generate_order_process scheduled__2025-06-14T04:33:12.130199+00:00 [queued]>
[2025-06-14T04:34:12.740+0000] {taskinstance.py:1157} INFO - Dependencies all met for dep_context=requeueable deps ti=<TaskInstance: ecommerce_generate_order_process.generate_order_process scheduled__2025-06-14T04:33:12.130199+00:00 [queued]>
[2025-06-14T04:34:12.740+0000] {taskinstance.py:1359} INFO - Starting attempt 1 of 6
[2025-06-14T04:34:12.752+0000] {taskinstance.py:1380} INFO - Executing <Task(_PythonDecoratedOperator): generate_order_process> on 2025-06-14 04:33:12.130199+00:00
[2025-06-14T04:34:12.756+0000] {standard_task_runner.py:57} INFO - Started process 14616 to run task
[2025-06-14T04:34:12.758+0000] {standard_task_runner.py:84} INFO - Running: ['***', 'tasks', 'run', 'ecommerce_generate_order_process', 'generate_order_process', 'scheduled__2025-06-14T04:33:12.130199+00:00', '--job-id', '1199', '--raw', '--subdir', 'DAGS_FOLDER/generate_order_process.py', '--cfg-path', '/tmp/tmpf538qk0c']
[2025-06-14T04:34:12.760+0000] {standard_task_runner.py:85} INFO - Job 1199: Subtask generate_order_process
[2025-06-14T04:34:12.812+0000] {task_command.py:415} INFO - Running <TaskInstance: ecommerce_generate_order_process.generate_order_process scheduled__2025-06-14T04:33:12.130199+00:00 [running]> on host 3498b866135e
[2025-06-14T04:34:12.908+0000] {taskinstance.py:1660} INFO - Exporting env vars: AIRFLOW_CTX_DAG_OWNER='***' AIRFLOW_CTX_DAG_ID='ecommerce_generate_order_process' AIRFLOW_CTX_TASK_ID='generate_order_process' AIRFLOW_CTX_EXECUTION_DATE='2025-06-14T04:33:12.130199+00:00' AIRFLOW_CTX_TRY_NUMBER='1' AIRFLOW_CTX_DAG_RUN_ID='scheduled__2025-06-14T04:33:12.130199+00:00'
[2025-06-14T04:34:12.922+0000] {logging_mixin.py:151} INFO - ----------------------------
[2025-06-14T04:34:12.922+0000] {logging_mixin.py:151} INFO - 33
[2025-06-14T04:34:12.922+0000] {logging_mixin.py:151} INFO - ----------------------------
[2025-06-14T04:34:12.929+0000] {logging_mixin.py:151} INFO - [(49, 8, Decimal('42.29'), Decimal('1.49'), Decimal('5.040968')), (45, 2, Decimal('602.50'), Decimal('19.00'), Decimal('228.9500')), (38, 4, Decimal('79.94'), Decimal('0.52'), Decimal('1.662752')), (22, 1, Decimal('429.81'), Decimal('5.21'), Decimal('22.393101')), (12, 6, Decimal('255.15'), Decimal('19.41'), Decimal('297.147690'))]
[2025-06-14T04:34:12.930+0000] {logging_mixin.py:151} INFO - [(235, 49, 8, Decimal('42.29'), Decimal('1.49'), Decimal('5.040968')), (235, 45, 2, Decimal('602.50'), Decimal('19.00'), Decimal('228.9500')), (235, 38, 4, Decimal('79.94'), Decimal('0.52'), Decimal('1.662752')), (235, 22, 1, Decimal('429.81'), Decimal('5.21'), Decimal('22.393101')), (235, 12, 6, Decimal('255.15'), Decimal('19.41'), Decimal('297.147690'))]
[2025-06-14T04:34:12.932+0000] {logging_mixin.py:151} INFO - Simulation completed successfully!
[2025-06-14T04:34:12.932+0000] {logging_mixin.py:151} INFO - 235
[2025-06-14T04:34:12.932+0000] {python.py:194} INFO - Done. Returned value was: 235
[2025-06-14T04:34:12.976+0000] {taskinstance.py:1398} INFO - Marking task as SUCCESS. dag_id=ecommerce_generate_order_process, task_id=generate_order_process, execution_date=20250614T043312, start_date=20250614T043412, end_date=20250614T043412
[2025-06-14T04:34:13.010+0000] {local_task_job_runner.py:228} INFO - Task exited with return code 0
[2025-06-14T04:34:13.046+0000] {taskinstance.py:2776} INFO - 1 downstream tasks scheduled from follow-on schedule check
