[2025-06-14T04:51:13.859+0000] {taskinstance.py:1157} INFO - Dependencies all met for dep_context=non-requeueable deps ti=<TaskInstance: ecommerce_generate_order_process.generate_order_process scheduled__2025-06-14T04:50:12.130199+00:00 [queued]>
[2025-06-14T04:51:13.866+0000] {taskinstance.py:1157} INFO - Dependencies all met for dep_context=requeueable deps ti=<TaskInstance: ecommerce_generate_order_process.generate_order_process scheduled__2025-06-14T04:50:12.130199+00:00 [queued]>
[2025-06-14T04:51:13.866+0000] {taskinstance.py:1359} INFO - Starting attempt 1 of 6
[2025-06-14T04:51:13.907+0000] {taskinstance.py:1380} INFO - Executing <Task(_PythonDecoratedOperator): generate_order_process> on 2025-06-14 04:50:12.130199+00:00
[2025-06-14T04:51:13.912+0000] {standard_task_runner.py:57} INFO - Started process 16106 to run task
[2025-06-14T04:51:13.914+0000] {standard_task_runner.py:84} INFO - Running: ['***', 'tasks', 'run', 'ecommerce_generate_order_process', 'generate_order_process', 'scheduled__2025-06-14T04:50:12.130199+00:00', '--job-id', '1284', '--raw', '--subdir', 'DAGS_FOLDER/generate_order_process.py', '--cfg-path', '/tmp/tmp8ux3qbb_']
[2025-06-14T04:51:13.916+0000] {standard_task_runner.py:85} INFO - Job 1284: Subtask generate_order_process
[2025-06-14T04:51:13.999+0000] {task_command.py:415} INFO - Running <TaskInstance: ecommerce_generate_order_process.generate_order_process scheduled__2025-06-14T04:50:12.130199+00:00 [running]> on host 3498b866135e
[2025-06-14T04:51:15.816+0000] {taskinstance.py:1660} INFO - Exporting env vars: AIRFLOW_CTX_DAG_OWNER='***' AIRFLOW_CTX_DAG_ID='ecommerce_generate_order_process' AIRFLOW_CTX_TASK_ID='generate_order_process' AIRFLOW_CTX_EXECUTION_DATE='2025-06-14T04:50:12.130199+00:00' AIRFLOW_CTX_TRY_NUMBER='1' AIRFLOW_CTX_DAG_RUN_ID='scheduled__2025-06-14T04:50:12.130199+00:00'
[2025-06-14T04:51:15.830+0000] {logging_mixin.py:151} INFO - ----------------------------
[2025-06-14T04:51:15.830+0000] {logging_mixin.py:151} INFO - 234
[2025-06-14T04:51:15.830+0000] {logging_mixin.py:151} INFO - ----------------------------
[2025-06-14T04:51:16.648+0000] {logging_mixin.py:151} INFO - [(48, 4, Decimal('294.67'), Decimal('17.31'), Decimal('204.029508')), (46, 9, Decimal('279.46'), Decimal('19.12'), Decimal('480.894768')), (25, 2, Decimal('34.67'), Decimal('5.72'), Decimal('3.966248')), (45, 2, Decimal('602.50'), Decimal('19.00'), Decimal('228.9500')), (37, 7, Decimal('892.19'), Decimal('4.68'), Decimal('292.281444')), (10, 4, Decimal('598.05'), Decimal('10.18'), Decimal('243.525960')), (27, 8, Decimal('412.73'), Decimal('3.00'), Decimal('99.0552')), (49, 8, Decimal('42.29'), Decimal('1.49'), Decimal('5.040968')), (19, 8, Decimal('665.31'), Decimal('4.02'), Decimal('213.963696'))]
[2025-06-14T04:51:16.649+0000] {logging_mixin.py:151} INFO - [(252, 48, 4, Decimal('294.67'), Decimal('17.31'), Decimal('204.029508')), (252, 46, 9, Decimal('279.46'), Decimal('19.12'), Decimal('480.894768')), (252, 25, 2, Decimal('34.67'), Decimal('5.72'), Decimal('3.966248')), (252, 45, 2, Decimal('602.50'), Decimal('19.00'), Decimal('228.9500')), (252, 37, 7, Decimal('892.19'), Decimal('4.68'), Decimal('292.281444')), (252, 10, 4, Decimal('598.05'), Decimal('10.18'), Decimal('243.525960')), (252, 27, 8, Decimal('412.73'), Decimal('3.00'), Decimal('99.0552')), (252, 49, 8, Decimal('42.29'), Decimal('1.49'), Decimal('5.040968')), (252, 19, 8, Decimal('665.31'), Decimal('4.02'), Decimal('213.963696'))]
[2025-06-14T04:51:16.905+0000] {logging_mixin.py:151} INFO - Simulation completed successfully!
[2025-06-14T04:51:16.905+0000] {logging_mixin.py:151} INFO - 252
[2025-06-14T04:51:16.905+0000] {python.py:194} INFO - Done. Returned value was: 252
[2025-06-14T04:51:16.986+0000] {taskinstance.py:1398} INFO - Marking task as SUCCESS. dag_id=ecommerce_generate_order_process, task_id=generate_order_process, execution_date=20250614T045012, start_date=20250614T045113, end_date=20250614T045116
[2025-06-14T04:51:17.656+0000] {local_task_job_runner.py:228} INFO - Task exited with return code 0
[2025-06-14T04:51:17.679+0000] {taskinstance.py:2776} INFO - 1 downstream tasks scheduled from follow-on schedule check
