[2025-06-14T04:48:13.181+0000] {taskinstance.py:1157} INFO - Dependencies all met for dep_context=non-requeueable deps ti=<TaskInstance: ecommerce_generate_order_process.generate_order_process scheduled__2025-06-14T04:47:12.130199+00:00 [queued]>
[2025-06-14T04:48:13.188+0000] {taskinstance.py:1157} INFO - Dependencies all met for dep_context=requeueable deps ti=<TaskInstance: ecommerce_generate_order_process.generate_order_process scheduled__2025-06-14T04:47:12.130199+00:00 [queued]>
[2025-06-14T04:48:13.189+0000] {taskinstance.py:1359} INFO - Starting attempt 1 of 6
[2025-06-14T04:48:13.201+0000] {taskinstance.py:1380} INFO - Executing <Task(_PythonDecoratedOperator): generate_order_process> on 2025-06-14 04:47:12.130199+00:00
[2025-06-14T04:48:13.207+0000] {standard_task_runner.py:57} INFO - Started process 15841 to run task
[2025-06-14T04:48:13.209+0000] {standard_task_runner.py:84} INFO - Running: ['***', 'tasks', 'run', 'ecommerce_generate_order_process', 'generate_order_process', 'scheduled__2025-06-14T04:47:12.130199+00:00', '--job-id', '1269', '--raw', '--subdir', 'DAGS_FOLDER/generate_order_process.py', '--cfg-path', '/tmp/tmpqe4yz4y3']
[2025-06-14T04:48:13.211+0000] {standard_task_runner.py:85} INFO - Job 1269: Subtask generate_order_process
[2025-06-14T04:48:13.266+0000] {task_command.py:415} INFO - Running <TaskInstance: ecommerce_generate_order_process.generate_order_process scheduled__2025-06-14T04:47:12.130199+00:00 [running]> on host 3498b866135e
[2025-06-14T04:48:13.369+0000] {taskinstance.py:1660} INFO - Exporting env vars: AIRFLOW_CTX_DAG_OWNER='***' AIRFLOW_CTX_DAG_ID='ecommerce_generate_order_process' AIRFLOW_CTX_TASK_ID='generate_order_process' AIRFLOW_CTX_EXECUTION_DATE='2025-06-14T04:47:12.130199+00:00' AIRFLOW_CTX_TRY_NUMBER='1' AIRFLOW_CTX_DAG_RUN_ID='scheduled__2025-06-14T04:47:12.130199+00:00'
[2025-06-14T04:48:13.387+0000] {logging_mixin.py:151} INFO - ----------------------------
[2025-06-14T04:48:13.387+0000] {logging_mixin.py:151} INFO - 136
[2025-06-14T04:48:13.387+0000] {logging_mixin.py:151} INFO - ----------------------------
[2025-06-14T04:48:13.393+0000] {logging_mixin.py:151} INFO - [(12, 6, Decimal('255.15'), Decimal('19.41'), Decimal('297.147690')), (42, 4, Decimal('408.31'), Decimal('15.66'), Decimal('255.765384')), (1, 1, Decimal('802.42'), Decimal('3.53'), Decimal('28.325426')), (7, 6, Decimal('875.57'), Decimal('8.85'), Decimal('464.927670')), (50, 6, Decimal('732.13'), Decimal('17.33'), Decimal('761.268774')), (36, 1, Decimal('745.80'), Decimal('1.07'), Decimal('7.980060')), (23, 1, Decimal('521.30'), Decimal('16.80'), Decimal('87.57840')), (3, 7, Decimal('946.29'), Decimal('2.59'), Decimal('171.562377')), (40, 4, Decimal('700.78'), Decimal('16.51'), Decimal('462.795112'))]
[2025-06-14T04:48:13.395+0000] {logging_mixin.py:151} INFO - [(249, 12, 6, Decimal('255.15'), Decimal('19.41'), Decimal('297.147690')), (249, 42, 4, Decimal('408.31'), Decimal('15.66'), Decimal('255.765384')), (249, 1, 1, Decimal('802.42'), Decimal('3.53'), Decimal('28.325426')), (249, 7, 6, Decimal('875.57'), Decimal('8.85'), Decimal('464.927670')), (249, 50, 6, Decimal('732.13'), Decimal('17.33'), Decimal('761.268774')), (249, 36, 1, Decimal('745.80'), Decimal('1.07'), Decimal('7.980060')), (249, 23, 1, Decimal('521.30'), Decimal('16.80'), Decimal('87.57840')), (249, 3, 7, Decimal('946.29'), Decimal('2.59'), Decimal('171.562377')), (249, 40, 4, Decimal('700.78'), Decimal('16.51'), Decimal('462.795112'))]
[2025-06-14T04:48:13.396+0000] {logging_mixin.py:151} INFO - Simulation completed successfully!
[2025-06-14T04:48:13.396+0000] {logging_mixin.py:151} INFO - 249
[2025-06-14T04:48:13.396+0000] {python.py:194} INFO - Done. Returned value was: 249
[2025-06-14T04:48:13.430+0000] {taskinstance.py:1398} INFO - Marking task as SUCCESS. dag_id=ecommerce_generate_order_process, task_id=generate_order_process, execution_date=20250614T044712, start_date=20250614T044813, end_date=20250614T044813
[2025-06-14T04:48:13.461+0000] {local_task_job_runner.py:228} INFO - Task exited with return code 0
[2025-06-14T04:48:13.487+0000] {taskinstance.py:2776} INFO - 1 downstream tasks scheduled from follow-on schedule check
