[2025-06-13T16:10:33.258+0000] {taskinstance.py:1157} INFO - Dependencies all met for dep_context=non-requeueable deps ti=<TaskInstance: ecommerce_generate_order_process.generate_order_process scheduled__2025-06-13T16:09:31.606904+00:00 [queued]>
[2025-06-13T16:10:33.271+0000] {taskinstance.py:1157} INFO - Dependencies all met for dep_context=requeueable deps ti=<TaskInstance: ecommerce_generate_order_process.generate_order_process scheduled__2025-06-13T16:09:31.606904+00:00 [queued]>
[2025-06-13T16:10:33.272+0000] {taskinstance.py:1359} INFO - Starting attempt 1 of 6
[2025-06-13T16:10:33.293+0000] {taskinstance.py:1380} INFO - Executing <Task(_PythonDecoratedOperator): generate_order_process> on 2025-06-13 16:09:31.606904+00:00
[2025-06-13T16:10:33.301+0000] {standard_task_runner.py:57} INFO - Started process 1941 to run task
[2025-06-13T16:10:33.305+0000] {standard_task_runner.py:84} INFO - Running: ['***', 'tasks', 'run', 'ecommerce_generate_order_process', 'generate_order_process', 'scheduled__2025-06-13T16:09:31.606904+00:00', '--job-id', '125', '--raw', '--subdir', 'DAGS_FOLDER/generate_order_process.py', '--cfg-path', '/tmp/tmp49pmpixw']
[2025-06-13T16:10:33.308+0000] {standard_task_runner.py:85} INFO - Job 125: Subtask generate_order_process
[2025-06-13T16:10:33.415+0000] {task_command.py:415} INFO - Running <TaskInstance: ecommerce_generate_order_process.generate_order_process scheduled__2025-06-13T16:09:31.606904+00:00 [running]> on host 3498b866135e
[2025-06-13T16:10:33.703+0000] {taskinstance.py:1660} INFO - Exporting env vars: AIRFLOW_CTX_DAG_OWNER='***' AIRFLOW_CTX_DAG_ID='ecommerce_generate_order_process' AIRFLOW_CTX_TASK_ID='generate_order_process' AIRFLOW_CTX_EXECUTION_DATE='2025-06-13T16:09:31.606904+00:00' AIRFLOW_CTX_TRY_NUMBER='1' AIRFLOW_CTX_DAG_RUN_ID='scheduled__2025-06-13T16:09:31.606904+00:00'
[2025-06-13T16:10:33.766+0000] {logging_mixin.py:151} INFO - ----------------------------
[2025-06-13T16:10:33.766+0000] {logging_mixin.py:151} INFO - 19
[2025-06-13T16:10:33.767+0000] {logging_mixin.py:151} INFO - ----------------------------
[2025-06-13T16:10:33.782+0000] {logging_mixin.py:151} INFO - [(17, 1, Decimal('207.60'), Decimal('14.70'), Decimal('30.51720'))]
[2025-06-13T16:10:33.785+0000] {logging_mixin.py:151} INFO - [(23, 17, 1, Decimal('207.60'), Decimal('14.70'), Decimal('30.51720'))]
[2025-06-13T16:10:33.787+0000] {logging_mixin.py:151} INFO - Simulation completed successfully!
[2025-06-13T16:10:33.787+0000] {logging_mixin.py:151} INFO - 23
[2025-06-13T16:10:33.788+0000] {python.py:194} INFO - Done. Returned value was: 23
[2025-06-13T16:10:33.857+0000] {taskinstance.py:1398} INFO - Marking task as SUCCESS. dag_id=ecommerce_generate_order_process, task_id=generate_order_process, execution_date=20250613T160931, start_date=20250613T161033, end_date=20250613T161033
[2025-06-13T16:10:33.918+0000] {local_task_job_runner.py:228} INFO - Task exited with return code 0
[2025-06-13T16:10:33.988+0000] {taskinstance.py:2776} INFO - 1 downstream tasks scheduled from follow-on schedule check
