[2025-06-13T13:59:13.649+0000] {taskinstance.py:1157} INFO - Dependencies all met for dep_context=non-requeueable deps ti=<TaskInstance: ecommerce_generate_order_process.generate_order_process scheduled__2025-06-13T13:58:12.664279+00:00 [queued]>
[2025-06-13T13:59:13.658+0000] {taskinstance.py:1157} INFO - Dependencies all met for dep_context=requeueable deps ti=<TaskInstance: ecommerce_generate_order_process.generate_order_process scheduled__2025-06-13T13:58:12.664279+00:00 [queued]>
[2025-06-13T13:59:13.658+0000] {taskinstance.py:1359} INFO - Starting attempt 1 of 6
[2025-06-13T13:59:13.670+0000] {taskinstance.py:1380} INFO - Executing <Task(_PythonDecoratedOperator): generate_order_process> on 2025-06-13 13:58:12.664279+00:00
[2025-06-13T13:59:13.675+0000] {standard_task_runner.py:57} INFO - Started process 700 to run task
[2025-06-13T13:59:13.677+0000] {standard_task_runner.py:84} INFO - Running: ['***', 'tasks', 'run', 'ecommerce_generate_order_process', 'generate_order_process', 'scheduled__2025-06-13T13:58:12.664279+00:00', '--job-id', '44', '--raw', '--subdir', 'DAGS_FOLDER/generate_order_process.py', '--cfg-path', '/tmp/tmpb9_yfg1w']
[2025-06-13T13:59:13.679+0000] {standard_task_runner.py:85} INFO - Job 44: Subtask generate_order_process
[2025-06-13T13:59:13.735+0000] {task_command.py:415} INFO - Running <TaskInstance: ecommerce_generate_order_process.generate_order_process scheduled__2025-06-13T13:58:12.664279+00:00 [running]> on host f1d84043854e
[2025-06-13T13:59:13.835+0000] {taskinstance.py:1660} INFO - Exporting env vars: AIRFLOW_CTX_DAG_OWNER='***' AIRFLOW_CTX_DAG_ID='ecommerce_generate_order_process' AIRFLOW_CTX_TASK_ID='generate_order_process' AIRFLOW_CTX_EXECUTION_DATE='2025-06-13T13:58:12.664279+00:00' AIRFLOW_CTX_TRY_NUMBER='1' AIRFLOW_CTX_DAG_RUN_ID='scheduled__2025-06-13T13:58:12.664279+00:00'
[2025-06-13T13:59:13.848+0000] {logging_mixin.py:151} INFO - ----------------------------
[2025-06-13T13:59:13.848+0000] {logging_mixin.py:151} INFO - 13
[2025-06-13T13:59:13.848+0000] {logging_mixin.py:151} INFO - ----------------------------
[2025-06-13T13:59:13.854+0000] {logging_mixin.py:151} INFO - [(6, 7, Decimal('17.12'), Decimal('13.84'), Decimal('16.585856'))]
[2025-06-13T13:59:13.856+0000] {logging_mixin.py:151} INFO - [(3, 6, 7, Decimal('17.12'), Decimal('13.84'), Decimal('16.585856'))]
[2025-06-13T13:59:13.857+0000] {logging_mixin.py:151} INFO - Simulation completed successfully!
[2025-06-13T13:59:13.857+0000] {logging_mixin.py:151} INFO - 3
[2025-06-13T13:59:13.857+0000] {python.py:194} INFO - Done. Returned value was: 3
[2025-06-13T13:59:13.891+0000] {taskinstance.py:1398} INFO - Marking task as SUCCESS. dag_id=ecommerce_generate_order_process, task_id=generate_order_process, execution_date=20250613T135812, start_date=20250613T135913, end_date=20250613T135913
[2025-06-13T13:59:13.929+0000] {local_task_job_runner.py:228} INFO - Task exited with return code 0
[2025-06-13T13:59:13.954+0000] {taskinstance.py:2776} INFO - 1 downstream tasks scheduled from follow-on schedule check
