[2025-06-13T16:54:32.270+0000] {taskinstance.py:1157} INFO - Dependencies all met for dep_context=non-requeueable deps ti=<TaskInstance: ecommerce_generate_order_process.generate_order_process scheduled__2025-06-13T16:53:31.706122+00:00 [queued]>
[2025-06-13T16:54:32.279+0000] {taskinstance.py:1157} INFO - Dependencies all met for dep_context=requeueable deps ti=<TaskInstance: ecommerce_generate_order_process.generate_order_process scheduled__2025-06-13T16:53:31.706122+00:00 [queued]>
[2025-06-13T16:54:32.279+0000] {taskinstance.py:1359} INFO - Starting attempt 1 of 6
[2025-06-13T16:54:32.291+0000] {taskinstance.py:1380} INFO - Executing <Task(_PythonDecoratedOperator): generate_order_process> on 2025-06-13 16:53:31.706122+00:00
[2025-06-13T16:54:32.298+0000] {standard_task_runner.py:57} INFO - Started process 5831 to run task
[2025-06-13T16:54:32.300+0000] {standard_task_runner.py:84} INFO - Running: ['***', 'tasks', 'run', 'ecommerce_generate_order_process', 'generate_order_process', 'scheduled__2025-06-13T16:53:31.706122+00:00', '--job-id', '345', '--raw', '--subdir', 'DAGS_FOLDER/generate_order_process.py', '--cfg-path', '/tmp/tmpe617amd9']
[2025-06-13T16:54:32.303+0000] {standard_task_runner.py:85} INFO - Job 345: Subtask generate_order_process
[2025-06-13T16:54:32.366+0000] {task_command.py:415} INFO - Running <TaskInstance: ecommerce_generate_order_process.generate_order_process scheduled__2025-06-13T16:53:31.706122+00:00 [running]> on host 3498b866135e
[2025-06-13T16:54:32.471+0000] {taskinstance.py:1660} INFO - Exporting env vars: AIRFLOW_CTX_DAG_OWNER='***' AIRFLOW_CTX_DAG_ID='ecommerce_generate_order_process' AIRFLOW_CTX_TASK_ID='generate_order_process' AIRFLOW_CTX_EXECUTION_DATE='2025-06-13T16:53:31.706122+00:00' AIRFLOW_CTX_TRY_NUMBER='1' AIRFLOW_CTX_DAG_RUN_ID='scheduled__2025-06-13T16:53:31.706122+00:00'
[2025-06-13T16:54:32.484+0000] {logging_mixin.py:151} INFO - ----------------------------
[2025-06-13T16:54:32.484+0000] {logging_mixin.py:151} INFO - 13
[2025-06-13T16:54:32.484+0000] {logging_mixin.py:151} INFO - ----------------------------
[2025-06-13T16:54:32.490+0000] {logging_mixin.py:151} INFO - [(3, 7, Decimal('946.29'), Decimal('2.59'), Decimal('171.562377')), (16, 7, Decimal('266.44'), Decimal('7.11'), Decimal('132.607188')), (1, 1, Decimal('802.42'), Decimal('3.53'), Decimal('28.325426')), (22, 1, Decimal('429.81'), Decimal('5.21'), Decimal('22.393101')), (2, 1, Decimal('925.46'), Decimal('2.62'), Decimal('24.247052'))]
[2025-06-13T16:54:32.491+0000] {logging_mixin.py:151} INFO - [(67, 3, 7, Decimal('946.29'), Decimal('2.59'), Decimal('171.562377')), (67, 16, 7, Decimal('266.44'), Decimal('7.11'), Decimal('132.607188')), (67, 1, 1, Decimal('802.42'), Decimal('3.53'), Decimal('28.325426')), (67, 22, 1, Decimal('429.81'), Decimal('5.21'), Decimal('22.393101')), (67, 2, 1, Decimal('925.46'), Decimal('2.62'), Decimal('24.247052'))]
[2025-06-13T16:54:32.492+0000] {logging_mixin.py:151} INFO - Simulation completed successfully!
[2025-06-13T16:54:32.492+0000] {logging_mixin.py:151} INFO - 67
[2025-06-13T16:54:32.493+0000] {python.py:194} INFO - Done. Returned value was: 67
[2025-06-13T16:54:32.526+0000] {taskinstance.py:1398} INFO - Marking task as SUCCESS. dag_id=ecommerce_generate_order_process, task_id=generate_order_process, execution_date=20250613T165331, start_date=20250613T165432, end_date=20250613T165432
[2025-06-13T16:54:32.552+0000] {local_task_job_runner.py:228} INFO - Task exited with return code 0
[2025-06-13T16:54:32.579+0000] {taskinstance.py:2776} INFO - 1 downstream tasks scheduled from follow-on schedule check
