[2025-06-14T03:52:12.851+0000] {taskinstance.py:1157} INFO - Dependencies all met for dep_context=non-requeueable deps ti=<TaskInstance: ecommerce_generate_order_process.generate_order_process scheduled__2025-06-14T03:51:12.130199+00:00 [queued]>
[2025-06-14T03:52:12.858+0000] {taskinstance.py:1157} INFO - Dependencies all met for dep_context=requeueable deps ti=<TaskInstance: ecommerce_generate_order_process.generate_order_process scheduled__2025-06-14T03:51:12.130199+00:00 [queued]>
[2025-06-14T03:52:12.859+0000] {taskinstance.py:1359} INFO - Starting attempt 1 of 6
[2025-06-14T03:52:12.871+0000] {taskinstance.py:1380} INFO - Executing <Task(_PythonDecoratedOperator): generate_order_process> on 2025-06-14 03:51:12.130199+00:00
[2025-06-14T03:52:12.876+0000] {standard_task_runner.py:57} INFO - Started process 10916 to run task
[2025-06-14T03:52:12.878+0000] {standard_task_runner.py:84} INFO - Running: ['***', 'tasks', 'run', 'ecommerce_generate_order_process', 'generate_order_process', 'scheduled__2025-06-14T03:51:12.130199+00:00', '--job-id', '989', '--raw', '--subdir', 'DAGS_FOLDER/generate_order_process.py', '--cfg-path', '/tmp/tmp6_lesue5']
[2025-06-14T03:52:12.880+0000] {standard_task_runner.py:85} INFO - Job 989: Subtask generate_order_process
[2025-06-14T03:52:12.935+0000] {task_command.py:415} INFO - Running <TaskInstance: ecommerce_generate_order_process.generate_order_process scheduled__2025-06-14T03:51:12.130199+00:00 [running]> on host 3498b866135e
[2025-06-14T03:52:13.037+0000] {taskinstance.py:1660} INFO - Exporting env vars: AIRFLOW_CTX_DAG_OWNER='***' AIRFLOW_CTX_DAG_ID='ecommerce_generate_order_process' AIRFLOW_CTX_TASK_ID='generate_order_process' AIRFLOW_CTX_EXECUTION_DATE='2025-06-14T03:51:12.130199+00:00' AIRFLOW_CTX_TRY_NUMBER='1' AIRFLOW_CTX_DAG_RUN_ID='scheduled__2025-06-14T03:51:12.130199+00:00'
[2025-06-14T03:52:13.051+0000] {logging_mixin.py:151} INFO - ----------------------------
[2025-06-14T03:52:13.052+0000] {logging_mixin.py:151} INFO - 334
[2025-06-14T03:52:13.052+0000] {logging_mixin.py:151} INFO - ----------------------------
[2025-06-14T03:52:13.057+0000] {logging_mixin.py:151} INFO - [(43, 8, Decimal('746.10'), Decimal('4.92'), Decimal('293.664960')), (48, 4, Decimal('294.67'), Decimal('17.31'), Decimal('204.029508')), (11, 4, Decimal('668.03'), Decimal('3.23'), Decimal('86.309476')), (12, 6, Decimal('255.15'), Decimal('19.41'), Decimal('297.147690')), (15, 7, Decimal('523.55'), Decimal('19.06'), Decimal('698.520410'))]
[2025-06-14T03:52:13.059+0000] {logging_mixin.py:151} INFO - [(193, 43, 8, Decimal('746.10'), Decimal('4.92'), Decimal('293.664960')), (193, 48, 4, Decimal('294.67'), Decimal('17.31'), Decimal('204.029508')), (193, 11, 4, Decimal('668.03'), Decimal('3.23'), Decimal('86.309476')), (193, 12, 6, Decimal('255.15'), Decimal('19.41'), Decimal('297.147690')), (193, 15, 7, Decimal('523.55'), Decimal('19.06'), Decimal('698.520410'))]
[2025-06-14T03:52:13.061+0000] {logging_mixin.py:151} INFO - Simulation completed successfully!
[2025-06-14T03:52:13.061+0000] {logging_mixin.py:151} INFO - 193
[2025-06-14T03:52:13.061+0000] {python.py:194} INFO - Done. Returned value was: 193
[2025-06-14T03:52:13.097+0000] {taskinstance.py:1398} INFO - Marking task as SUCCESS. dag_id=ecommerce_generate_order_process, task_id=generate_order_process, execution_date=20250614T035112, start_date=20250614T035212, end_date=20250614T035213
[2025-06-14T03:52:13.130+0000] {local_task_job_runner.py:228} INFO - Task exited with return code 0
[2025-06-14T03:52:13.158+0000] {taskinstance.py:2776} INFO - 1 downstream tasks scheduled from follow-on schedule check
