[2025-06-13T16:20:33.282+0000] {taskinstance.py:1157} INFO - Dependencies all met for dep_context=non-requeueable deps ti=<TaskInstance: ecommerce_generate_order_process.generate_order_process scheduled__2025-06-13T16:19:31.606904+00:00 [queued]>
[2025-06-13T16:20:33.300+0000] {taskinstance.py:1157} INFO - Dependencies all met for dep_context=requeueable deps ti=<TaskInstance: ecommerce_generate_order_process.generate_order_process scheduled__2025-06-13T16:19:31.606904+00:00 [queued]>
[2025-06-13T16:20:33.301+0000] {taskinstance.py:1359} INFO - Starting attempt 1 of 6
[2025-06-13T16:20:33.328+0000] {taskinstance.py:1380} INFO - Executing <Task(_PythonDecoratedOperator): generate_order_process> on 2025-06-13 16:19:31.606904+00:00
[2025-06-13T16:20:33.341+0000] {standard_task_runner.py:57} INFO - Started process 2841 to run task
[2025-06-13T16:20:33.346+0000] {standard_task_runner.py:84} INFO - Running: ['***', 'tasks', 'run', 'ecommerce_generate_order_process', 'generate_order_process', 'scheduled__2025-06-13T16:19:31.606904+00:00', '--job-id', '175', '--raw', '--subdir', 'DAGS_FOLDER/generate_order_process.py', '--cfg-path', '/tmp/tmpulw8fkky']
[2025-06-13T16:20:33.350+0000] {standard_task_runner.py:85} INFO - Job 175: Subtask generate_order_process
[2025-06-13T16:20:33.534+0000] {task_command.py:415} INFO - Running <TaskInstance: ecommerce_generate_order_process.generate_order_process scheduled__2025-06-13T16:19:31.606904+00:00 [running]> on host 3498b866135e
[2025-06-13T16:20:33.870+0000] {taskinstance.py:1660} INFO - Exporting env vars: AIRFLOW_CTX_DAG_OWNER='***' AIRFLOW_CTX_DAG_ID='ecommerce_generate_order_process' AIRFLOW_CTX_TASK_ID='generate_order_process' AIRFLOW_CTX_EXECUTION_DATE='2025-06-13T16:19:31.606904+00:00' AIRFLOW_CTX_TRY_NUMBER='1' AIRFLOW_CTX_DAG_RUN_ID='scheduled__2025-06-13T16:19:31.606904+00:00'
[2025-06-13T16:20:33.919+0000] {logging_mixin.py:151} INFO - ----------------------------
[2025-06-13T16:20:33.920+0000] {logging_mixin.py:151} INFO - 46
[2025-06-13T16:20:33.920+0000] {logging_mixin.py:151} INFO - ----------------------------
[2025-06-13T16:20:33.947+0000] {logging_mixin.py:151} INFO - [(15, 7, Decimal('523.55'), Decimal('19.06'), Decimal('698.520410')), (11, 4, Decimal('668.03'), Decimal('3.23'), Decimal('86.309476')), (22, 1, Decimal('429.81'), Decimal('5.21'), Decimal('22.393101')), (21, 4, Decimal('841.78'), Decimal('5.97'), Decimal('201.017064')), (3, 7, Decimal('946.29'), Decimal('2.59'), Decimal('171.562377')), (16, 7, Decimal('266.44'), Decimal('7.11'), Decimal('132.607188')), (19, 8, Decimal('665.31'), Decimal('4.02'), Decimal('213.963696')), (12, 6, Decimal('255.15'), Decimal('19.41'), Decimal('297.147690')), (10, 4, Decimal('598.05'), Decimal('10.18'), Decimal('243.525960')), (24, 1, Decimal('387.14'), Decimal('4.66'), Decimal('18.040724'))]
[2025-06-13T16:20:33.955+0000] {logging_mixin.py:151} INFO - [(33, 15, 7, Decimal('523.55'), Decimal('19.06'), Decimal('698.520410')), (33, 11, 4, Decimal('668.03'), Decimal('3.23'), Decimal('86.309476')), (33, 22, 1, Decimal('429.81'), Decimal('5.21'), Decimal('22.393101')), (33, 21, 4, Decimal('841.78'), Decimal('5.97'), Decimal('201.017064')), (33, 3, 7, Decimal('946.29'), Decimal('2.59'), Decimal('171.562377')), (33, 16, 7, Decimal('266.44'), Decimal('7.11'), Decimal('132.607188')), (33, 19, 8, Decimal('665.31'), Decimal('4.02'), Decimal('213.963696')), (33, 12, 6, Decimal('255.15'), Decimal('19.41'), Decimal('297.147690')), (33, 10, 4, Decimal('598.05'), Decimal('10.18'), Decimal('243.525960')), (33, 24, 1, Decimal('387.14'), Decimal('4.66'), Decimal('18.040724'))]
[2025-06-13T16:20:33.957+0000] {logging_mixin.py:151} INFO - Simulation completed successfully!
[2025-06-13T16:20:33.958+0000] {logging_mixin.py:151} INFO - 33
[2025-06-13T16:20:33.959+0000] {python.py:194} INFO - Done. Returned value was: 33
[2025-06-13T16:20:34.081+0000] {taskinstance.py:1398} INFO - Marking task as SUCCESS. dag_id=ecommerce_generate_order_process, task_id=generate_order_process, execution_date=20250613T161931, start_date=20250613T162033, end_date=20250613T162034
[2025-06-13T16:20:34.160+0000] {local_task_job_runner.py:228} INFO - Task exited with return code 0
[2025-06-13T16:20:34.243+0000] {taskinstance.py:2776} INFO - 1 downstream tasks scheduled from follow-on schedule check
