[2025-06-14T02:53:13.212+0000] {taskinstance.py:1157} INFO - Dependencies all met for dep_context=non-requeueable deps ti=<TaskInstance: ecommerce_generate_order_process.generate_order_process scheduled__2025-06-14T02:52:12.033460+00:00 [queued]>
[2025-06-14T02:53:13.218+0000] {taskinstance.py:1157} INFO - Dependencies all met for dep_context=requeueable deps ti=<TaskInstance: ecommerce_generate_order_process.generate_order_process scheduled__2025-06-14T02:52:12.033460+00:00 [queued]>
[2025-06-14T02:53:13.218+0000] {taskinstance.py:1359} INFO - Starting attempt 1 of 6
[2025-06-14T02:53:13.229+0000] {taskinstance.py:1380} INFO - Executing <Task(_PythonDecoratedOperator): generate_order_process> on 2025-06-14 02:52:12.033460+00:00
[2025-06-14T02:53:13.234+0000] {standard_task_runner.py:57} INFO - Started process 5686 to run task
[2025-06-14T02:53:13.236+0000] {standard_task_runner.py:84} INFO - Running: ['***', 'tasks', 'run', 'ecommerce_generate_order_process', 'generate_order_process', 'scheduled__2025-06-14T02:52:12.033460+00:00', '--job-id', '694', '--raw', '--subdir', 'DAGS_FOLDER/generate_order_process.py', '--cfg-path', '/tmp/tmp0i7s9i2r']
[2025-06-14T02:53:13.238+0000] {standard_task_runner.py:85} INFO - Job 694: Subtask generate_order_process
[2025-06-14T02:53:13.286+0000] {task_command.py:415} INFO - Running <TaskInstance: ecommerce_generate_order_process.generate_order_process scheduled__2025-06-14T02:52:12.033460+00:00 [running]> on host 3498b866135e
[2025-06-14T02:53:13.373+0000] {taskinstance.py:1660} INFO - Exporting env vars: AIRFLOW_CTX_DAG_OWNER='***' AIRFLOW_CTX_DAG_ID='ecommerce_generate_order_process' AIRFLOW_CTX_TASK_ID='generate_order_process' AIRFLOW_CTX_EXECUTION_DATE='2025-06-14T02:52:12.033460+00:00' AIRFLOW_CTX_TRY_NUMBER='1' AIRFLOW_CTX_DAG_RUN_ID='scheduled__2025-06-14T02:52:12.033460+00:00'
[2025-06-14T02:53:13.385+0000] {logging_mixin.py:151} INFO - ----------------------------
[2025-06-14T02:53:13.385+0000] {logging_mixin.py:151} INFO - 182
[2025-06-14T02:53:13.385+0000] {logging_mixin.py:151} INFO - ----------------------------
[2025-06-14T02:53:13.391+0000] {logging_mixin.py:151} INFO - [(49, 8, Decimal('42.29'), Decimal('1.49'), Decimal('5.040968')), (27, 8, Decimal('412.73'), Decimal('3.00'), Decimal('99.0552')), (29, 5, Decimal('201.03'), Decimal('16.88'), Decimal('169.669320')), (31, 6, Decimal('878.54'), Decimal('16.74'), Decimal('882.405576')), (6, 1, Decimal('721.46'), Decimal('1.60'), Decimal('11.54336')), (2, 1, Decimal('925.46'), Decimal('2.62'), Decimal('24.247052'))]
[2025-06-14T02:53:13.393+0000] {logging_mixin.py:151} INFO - [(134, 49, 8, Decimal('42.29'), Decimal('1.49'), Decimal('5.040968')), (134, 27, 8, Decimal('412.73'), Decimal('3.00'), Decimal('99.0552')), (134, 29, 5, Decimal('201.03'), Decimal('16.88'), Decimal('169.669320')), (134, 31, 6, Decimal('878.54'), Decimal('16.74'), Decimal('882.405576')), (134, 6, 1, Decimal('721.46'), Decimal('1.60'), Decimal('11.54336')), (134, 2, 1, Decimal('925.46'), Decimal('2.62'), Decimal('24.247052'))]
[2025-06-14T02:53:13.394+0000] {logging_mixin.py:151} INFO - Simulation completed successfully!
[2025-06-14T02:53:13.394+0000] {logging_mixin.py:151} INFO - 134
[2025-06-14T02:53:13.394+0000] {python.py:194} INFO - Done. Returned value was: 134
[2025-06-14T02:53:13.424+0000] {taskinstance.py:1398} INFO - Marking task as SUCCESS. dag_id=ecommerce_generate_order_process, task_id=generate_order_process, execution_date=20250614T025212, start_date=20250614T025313, end_date=20250614T025313
[2025-06-14T02:53:13.447+0000] {local_task_job_runner.py:228} INFO - Task exited with return code 0
[2025-06-14T02:53:13.469+0000] {taskinstance.py:2776} INFO - 1 downstream tasks scheduled from follow-on schedule check
