[2025-06-14T04:08:13.062+0000] {taskinstance.py:1157} INFO - Dependencies all met for dep_context=non-requeueable deps ti=<TaskInstance: ecommerce_generate_order_process.generate_order_process scheduled__2025-06-14T04:07:12.130199+00:00 [queued]>
[2025-06-14T04:08:13.069+0000] {taskinstance.py:1157} INFO - Dependencies all met for dep_context=requeueable deps ti=<TaskInstance: ecommerce_generate_order_process.generate_order_process scheduled__2025-06-14T04:07:12.130199+00:00 [queued]>
[2025-06-14T04:08:13.069+0000] {taskinstance.py:1359} INFO - Starting attempt 1 of 6
[2025-06-14T04:08:13.080+0000] {taskinstance.py:1380} INFO - Executing <Task(_PythonDecoratedOperator): generate_order_process> on 2025-06-14 04:07:12.130199+00:00
[2025-06-14T04:08:13.085+0000] {standard_task_runner.py:57} INFO - Started process 12316 to run task
[2025-06-14T04:08:13.087+0000] {standard_task_runner.py:84} INFO - Running: ['***', 'tasks', 'run', 'ecommerce_generate_order_process', 'generate_order_process', 'scheduled__2025-06-14T04:07:12.130199+00:00', '--job-id', '1069', '--raw', '--subdir', 'DAGS_FOLDER/generate_order_process.py', '--cfg-path', '/tmp/tmp_mjkecvp']
[2025-06-14T04:08:13.089+0000] {standard_task_runner.py:85} INFO - Job 1069: Subtask generate_order_process
[2025-06-14T04:08:13.141+0000] {task_command.py:415} INFO - Running <TaskInstance: ecommerce_generate_order_process.generate_order_process scheduled__2025-06-14T04:07:12.130199+00:00 [running]> on host 3498b866135e
[2025-06-14T04:08:13.234+0000] {taskinstance.py:1660} INFO - Exporting env vars: AIRFLOW_CTX_DAG_OWNER='***' AIRFLOW_CTX_DAG_ID='ecommerce_generate_order_process' AIRFLOW_CTX_TASK_ID='generate_order_process' AIRFLOW_CTX_EXECUTION_DATE='2025-06-14T04:07:12.130199+00:00' AIRFLOW_CTX_TRY_NUMBER='1' AIRFLOW_CTX_DAG_RUN_ID='scheduled__2025-06-14T04:07:12.130199+00:00'
[2025-06-14T04:08:13.248+0000] {logging_mixin.py:151} INFO - ----------------------------
[2025-06-14T04:08:13.248+0000] {logging_mixin.py:151} INFO - 17
[2025-06-14T04:08:13.248+0000] {logging_mixin.py:151} INFO - ----------------------------
[2025-06-14T04:08:13.254+0000] {logging_mixin.py:151} INFO - [(12, 6, Decimal('255.15'), Decimal('19.41'), Decimal('297.147690')), (16, 7, Decimal('266.44'), Decimal('7.11'), Decimal('132.607188')), (15, 7, Decimal('523.55'), Decimal('19.06'), Decimal('698.520410')), (29, 5, Decimal('201.03'), Decimal('16.88'), Decimal('169.669320'))]
[2025-06-14T04:08:13.256+0000] {logging_mixin.py:151} INFO - [(209, 12, 6, Decimal('255.15'), Decimal('19.41'), Decimal('297.147690')), (209, 16, 7, Decimal('266.44'), Decimal('7.11'), Decimal('132.607188')), (209, 15, 7, Decimal('523.55'), Decimal('19.06'), Decimal('698.520410')), (209, 29, 5, Decimal('201.03'), Decimal('16.88'), Decimal('169.669320'))]
[2025-06-14T04:08:13.257+0000] {logging_mixin.py:151} INFO - Simulation completed successfully!
[2025-06-14T04:08:13.257+0000] {logging_mixin.py:151} INFO - 209
[2025-06-14T04:08:13.257+0000] {python.py:194} INFO - Done. Returned value was: 209
[2025-06-14T04:08:13.295+0000] {taskinstance.py:1398} INFO - Marking task as SUCCESS. dag_id=ecommerce_generate_order_process, task_id=generate_order_process, execution_date=20250614T040712, start_date=20250614T040813, end_date=20250614T040813
[2025-06-14T04:08:13.339+0000] {local_task_job_runner.py:228} INFO - Task exited with return code 0
[2025-06-14T04:08:13.364+0000] {taskinstance.py:2776} INFO - 1 downstream tasks scheduled from follow-on schedule check
