[2025-06-14T04:27:13.352+0000] {taskinstance.py:1157} INFO - Dependencies all met for dep_context=non-requeueable deps ti=<TaskInstance: ecommerce_generate_order_process.generate_order_process scheduled__2025-06-14T04:26:12.130199+00:00 [queued]>
[2025-06-14T04:27:13.358+0000] {taskinstance.py:1157} INFO - Dependencies all met for dep_context=requeueable deps ti=<TaskInstance: ecommerce_generate_order_process.generate_order_process scheduled__2025-06-14T04:26:12.130199+00:00 [queued]>
[2025-06-14T04:27:13.359+0000] {taskinstance.py:1359} INFO - Starting attempt 1 of 6
[2025-06-14T04:27:13.370+0000] {taskinstance.py:1380} INFO - Executing <Task(_PythonDecoratedOperator): generate_order_process> on 2025-06-14 04:26:12.130199+00:00
[2025-06-14T04:27:13.375+0000] {standard_task_runner.py:57} INFO - Started process 13986 to run task
[2025-06-14T04:27:13.377+0000] {standard_task_runner.py:84} INFO - Running: ['***', 'tasks', 'run', 'ecommerce_generate_order_process', 'generate_order_process', 'scheduled__2025-06-14T04:26:12.130199+00:00', '--job-id', '1164', '--raw', '--subdir', 'DAGS_FOLDER/generate_order_process.py', '--cfg-path', '/tmp/tmp05fmgs_f']
[2025-06-14T04:27:13.378+0000] {standard_task_runner.py:85} INFO - Job 1164: Subtask generate_order_process
[2025-06-14T04:27:13.428+0000] {task_command.py:415} INFO - Running <TaskInstance: ecommerce_generate_order_process.generate_order_process scheduled__2025-06-14T04:26:12.130199+00:00 [running]> on host 3498b866135e
[2025-06-14T04:27:13.519+0000] {taskinstance.py:1660} INFO - Exporting env vars: AIRFLOW_CTX_DAG_OWNER='***' AIRFLOW_CTX_DAG_ID='ecommerce_generate_order_process' AIRFLOW_CTX_TASK_ID='generate_order_process' AIRFLOW_CTX_EXECUTION_DATE='2025-06-14T04:26:12.130199+00:00' AIRFLOW_CTX_TRY_NUMBER='1' AIRFLOW_CTX_DAG_RUN_ID='scheduled__2025-06-14T04:26:12.130199+00:00'
[2025-06-14T04:27:13.533+0000] {logging_mixin.py:151} INFO - ----------------------------
[2025-06-14T04:27:13.533+0000] {logging_mixin.py:151} INFO - 166
[2025-06-14T04:27:13.533+0000] {logging_mixin.py:151} INFO - ----------------------------
[2025-06-14T04:27:13.539+0000] {logging_mixin.py:151} INFO - [(19, 8, Decimal('665.31'), Decimal('4.02'), Decimal('213.963696')), (21, 4, Decimal('841.78'), Decimal('5.97'), Decimal('201.017064')), (37, 7, Decimal('892.19'), Decimal('4.68'), Decimal('292.281444')), (6, 1, Decimal('721.46'), Decimal('1.60'), Decimal('11.54336')), (48, 4, Decimal('294.67'), Decimal('17.31'), Decimal('204.029508'))]
[2025-06-14T04:27:13.540+0000] {logging_mixin.py:151} INFO - [(228, 19, 8, Decimal('665.31'), Decimal('4.02'), Decimal('213.963696')), (228, 21, 4, Decimal('841.78'), Decimal('5.97'), Decimal('201.017064')), (228, 37, 7, Decimal('892.19'), Decimal('4.68'), Decimal('292.281444')), (228, 6, 1, Decimal('721.46'), Decimal('1.60'), Decimal('11.54336')), (228, 48, 4, Decimal('294.67'), Decimal('17.31'), Decimal('204.029508'))]
[2025-06-14T04:27:13.541+0000] {logging_mixin.py:151} INFO - Simulation completed successfully!
[2025-06-14T04:27:13.541+0000] {logging_mixin.py:151} INFO - 228
[2025-06-14T04:27:13.541+0000] {python.py:194} INFO - Done. Returned value was: 228
[2025-06-14T04:27:13.572+0000] {taskinstance.py:1398} INFO - Marking task as SUCCESS. dag_id=ecommerce_generate_order_process, task_id=generate_order_process, execution_date=20250614T042612, start_date=20250614T042713, end_date=20250614T042713
[2025-06-14T04:27:13.589+0000] {local_task_job_runner.py:228} INFO - Task exited with return code 0
[2025-06-14T04:27:13.611+0000] {taskinstance.py:2776} INFO - 1 downstream tasks scheduled from follow-on schedule check
