[2025-06-13T16:49:33.375+0000] {taskinstance.py:1157} INFO - Dependencies all met for dep_context=non-requeueable deps ti=<TaskInstance: ecommerce_generate_order_process.generate_order_process scheduled__2025-06-13T16:48:31.706122+00:00 [queued]>
[2025-06-13T16:49:33.387+0000] {taskinstance.py:1157} INFO - Dependencies all met for dep_context=requeueable deps ti=<TaskInstance: ecommerce_generate_order_process.generate_order_process scheduled__2025-06-13T16:48:31.706122+00:00 [queued]>
[2025-06-13T16:49:33.387+0000] {taskinstance.py:1359} INFO - Starting attempt 1 of 6
[2025-06-13T16:49:33.406+0000] {taskinstance.py:1380} INFO - Executing <Task(_PythonDecoratedOperator): generate_order_process> on 2025-06-13 16:48:31.706122+00:00
[2025-06-13T16:49:33.415+0000] {standard_task_runner.py:57} INFO - Started process 5411 to run task
[2025-06-13T16:49:33.418+0000] {standard_task_runner.py:84} INFO - Running: ['***', 'tasks', 'run', 'ecommerce_generate_order_process', 'generate_order_process', 'scheduled__2025-06-13T16:48:31.706122+00:00', '--job-id', '320', '--raw', '--subdir', 'DAGS_FOLDER/generate_order_process.py', '--cfg-path', '/tmp/tmp31q5yei0']
[2025-06-13T16:49:33.423+0000] {standard_task_runner.py:85} INFO - Job 320: Subtask generate_order_process
[2025-06-13T16:49:33.531+0000] {task_command.py:415} INFO - Running <TaskInstance: ecommerce_generate_order_process.generate_order_process scheduled__2025-06-13T16:48:31.706122+00:00 [running]> on host 3498b866135e
[2025-06-13T16:49:33.707+0000] {taskinstance.py:1660} INFO - Exporting env vars: AIRFLOW_CTX_DAG_OWNER='***' AIRFLOW_CTX_DAG_ID='ecommerce_generate_order_process' AIRFLOW_CTX_TASK_ID='generate_order_process' AIRFLOW_CTX_EXECUTION_DATE='2025-06-13T16:48:31.706122+00:00' AIRFLOW_CTX_TRY_NUMBER='1' AIRFLOW_CTX_DAG_RUN_ID='scheduled__2025-06-13T16:48:31.706122+00:00'
[2025-06-13T16:49:33.730+0000] {logging_mixin.py:151} INFO - ----------------------------
[2025-06-13T16:49:33.730+0000] {logging_mixin.py:151} INFO - 38
[2025-06-13T16:49:33.730+0000] {logging_mixin.py:151} INFO - ----------------------------
[2025-06-13T16:49:33.740+0000] {logging_mixin.py:151} INFO - [(12, 6, Decimal('255.15'), Decimal('19.41'), Decimal('297.147690')), (23, 1, Decimal('521.30'), Decimal('16.80'), Decimal('87.57840')), (3, 7, Decimal('946.29'), Decimal('2.59'), Decimal('171.562377'))]
[2025-06-13T16:49:33.742+0000] {logging_mixin.py:151} INFO - [(62, 12, 6, Decimal('255.15'), Decimal('19.41'), Decimal('297.147690')), (62, 23, 1, Decimal('521.30'), Decimal('16.80'), Decimal('87.57840')), (62, 3, 7, Decimal('946.29'), Decimal('2.59'), Decimal('171.562377'))]
[2025-06-13T16:49:33.744+0000] {logging_mixin.py:151} INFO - Simulation completed successfully!
[2025-06-13T16:49:33.744+0000] {logging_mixin.py:151} INFO - 62
[2025-06-13T16:49:33.744+0000] {python.py:194} INFO - Done. Returned value was: 62
[2025-06-13T16:49:33.808+0000] {taskinstance.py:1398} INFO - Marking task as SUCCESS. dag_id=ecommerce_generate_order_process, task_id=generate_order_process, execution_date=20250613T164831, start_date=20250613T164933, end_date=20250613T164933
[2025-06-13T16:49:33.871+0000] {local_task_job_runner.py:228} INFO - Task exited with return code 0
[2025-06-13T16:49:33.962+0000] {taskinstance.py:2776} INFO - 0 downstream tasks scheduled from follow-on schedule check
