[2025-06-14T04:15:18.670+0000] {taskinstance.py:1157} INFO - Dependencies all met for dep_context=non-requeueable deps ti=<TaskInstance: ecommerce_generate_order_process.generate_order_process scheduled__2025-06-14T04:14:12.130199+00:00 [queued]>
[2025-06-14T04:15:18.686+0000] {taskinstance.py:1157} INFO - Dependencies all met for dep_context=requeueable deps ti=<TaskInstance: ecommerce_generate_order_process.generate_order_process scheduled__2025-06-14T04:14:12.130199+00:00 [queued]>
[2025-06-14T04:15:18.687+0000] {taskinstance.py:1359} INFO - Starting attempt 1 of 6
[2025-06-14T04:15:18.714+0000] {taskinstance.py:1380} INFO - Executing <Task(_PythonDecoratedOperator): generate_order_process> on 2025-06-14 04:14:12.130199+00:00
[2025-06-14T04:15:18.723+0000] {standard_task_runner.py:57} INFO - Started process 12946 to run task
[2025-06-14T04:15:18.727+0000] {standard_task_runner.py:84} INFO - Running: ['***', 'tasks', 'run', 'ecommerce_generate_order_process', 'generate_order_process', 'scheduled__2025-06-14T04:14:12.130199+00:00', '--job-id', '1104', '--raw', '--subdir', 'DAGS_FOLDER/generate_order_process.py', '--cfg-path', '/tmp/tmp9j70z5c_']
[2025-06-14T04:15:18.731+0000] {standard_task_runner.py:85} INFO - Job 1104: Subtask generate_order_process
[2025-06-14T04:15:18.849+0000] {task_command.py:415} INFO - Running <TaskInstance: ecommerce_generate_order_process.generate_order_process scheduled__2025-06-14T04:14:12.130199+00:00 [running]> on host 3498b866135e
[2025-06-14T04:15:19.069+0000] {taskinstance.py:1660} INFO - Exporting env vars: AIRFLOW_CTX_DAG_OWNER='***' AIRFLOW_CTX_DAG_ID='ecommerce_generate_order_process' AIRFLOW_CTX_TASK_ID='generate_order_process' AIRFLOW_CTX_EXECUTION_DATE='2025-06-14T04:14:12.130199+00:00' AIRFLOW_CTX_TRY_NUMBER='1' AIRFLOW_CTX_DAG_RUN_ID='scheduled__2025-06-14T04:14:12.130199+00:00'
[2025-06-14T04:15:19.103+0000] {logging_mixin.py:151} INFO - ----------------------------
[2025-06-14T04:15:19.105+0000] {logging_mixin.py:151} INFO - 202
[2025-06-14T04:15:19.105+0000] {logging_mixin.py:151} INFO - ----------------------------
[2025-06-14T04:15:19.119+0000] {logging_mixin.py:151} INFO - [(39, 6, Decimal('713.46'), Decimal('15.39'), Decimal('658.808964')), (19, 8, Decimal('665.31'), Decimal('4.02'), Decimal('213.963696')), (18, 9, Decimal('697.86'), Decimal('6.91'), Decimal('433.999134')), (22, 1, Decimal('429.81'), Decimal('5.21'), Decimal('22.393101')), (24, 1, Decimal('387.14'), Decimal('4.66'), Decimal('18.040724'))]
[2025-06-14T04:15:19.122+0000] {logging_mixin.py:151} INFO - [(216, 39, 6, Decimal('713.46'), Decimal('15.39'), Decimal('658.808964')), (216, 19, 8, Decimal('665.31'), Decimal('4.02'), Decimal('213.963696')), (216, 18, 9, Decimal('697.86'), Decimal('6.91'), Decimal('433.999134')), (216, 22, 1, Decimal('429.81'), Decimal('5.21'), Decimal('22.393101')), (216, 24, 1, Decimal('387.14'), Decimal('4.66'), Decimal('18.040724'))]
[2025-06-14T04:15:19.124+0000] {logging_mixin.py:151} INFO - Simulation completed successfully!
[2025-06-14T04:15:19.124+0000] {logging_mixin.py:151} INFO - 216
[2025-06-14T04:15:19.124+0000] {python.py:194} INFO - Done. Returned value was: 216
[2025-06-14T04:15:19.182+0000] {taskinstance.py:1398} INFO - Marking task as SUCCESS. dag_id=ecommerce_generate_order_process, task_id=generate_order_process, execution_date=20250614T041412, start_date=20250614T041518, end_date=20250614T041519
[2025-06-14T04:15:19.221+0000] {local_task_job_runner.py:228} INFO - Task exited with return code 0
[2025-06-14T04:15:19.270+0000] {taskinstance.py:2776} INFO - 1 downstream tasks scheduled from follow-on schedule check
