[2025-06-13T16:05:33.199+0000] {taskinstance.py:1157} INFO - Dependencies all met for dep_context=non-requeueable deps ti=<TaskInstance: ecommerce_generate_order_process.generate_order_process scheduled__2025-06-13T16:04:31.606904+00:00 [queued]>
[2025-06-13T16:05:33.211+0000] {taskinstance.py:1157} INFO - Dependencies all met for dep_context=requeueable deps ti=<TaskInstance: ecommerce_generate_order_process.generate_order_process scheduled__2025-06-13T16:04:31.606904+00:00 [queued]>
[2025-06-13T16:05:33.212+0000] {taskinstance.py:1359} INFO - Starting attempt 1 of 6
[2025-06-13T16:05:33.232+0000] {taskinstance.py:1380} INFO - Executing <Task(_PythonDecoratedOperator): generate_order_process> on 2025-06-13 16:04:31.606904+00:00
[2025-06-13T16:05:33.239+0000] {standard_task_runner.py:57} INFO - Started process 1531 to run task
[2025-06-13T16:05:33.243+0000] {standard_task_runner.py:84} INFO - Running: ['***', 'tasks', 'run', 'ecommerce_generate_order_process', 'generate_order_process', 'scheduled__2025-06-13T16:04:31.606904+00:00', '--job-id', '100', '--raw', '--subdir', 'DAGS_FOLDER/generate_order_process.py', '--cfg-path', '/tmp/tmpbf1hsy36']
[2025-06-13T16:05:33.246+0000] {standard_task_runner.py:85} INFO - Job 100: Subtask generate_order_process
[2025-06-13T16:05:33.409+0000] {task_command.py:415} INFO - Running <TaskInstance: ecommerce_generate_order_process.generate_order_process scheduled__2025-06-13T16:04:31.606904+00:00 [running]> on host 3498b866135e
[2025-06-13T16:05:33.592+0000] {taskinstance.py:1660} INFO - Exporting env vars: AIRFLOW_CTX_DAG_OWNER='***' AIRFLOW_CTX_DAG_ID='ecommerce_generate_order_process' AIRFLOW_CTX_TASK_ID='generate_order_process' AIRFLOW_CTX_EXECUTION_DATE='2025-06-13T16:04:31.606904+00:00' AIRFLOW_CTX_TRY_NUMBER='1' AIRFLOW_CTX_DAG_RUN_ID='scheduled__2025-06-13T16:04:31.606904+00:00'
[2025-06-13T16:05:33.617+0000] {logging_mixin.py:151} INFO - ----------------------------
[2025-06-13T16:05:33.617+0000] {logging_mixin.py:151} INFO - 14
[2025-06-13T16:05:33.618+0000] {logging_mixin.py:151} INFO - ----------------------------
[2025-06-13T16:05:33.632+0000] {logging_mixin.py:151} INFO - [(24, 1, Decimal('387.14'), Decimal('4.66'), Decimal('18.040724')), (13, 4, Decimal('411.98'), Decimal('16.77'), Decimal('276.356184')), (1, 1, Decimal('802.42'), Decimal('3.53'), Decimal('28.325426'))]
[2025-06-13T16:05:33.635+0000] {logging_mixin.py:151} INFO - [(18, 24, 1, Decimal('387.14'), Decimal('4.66'), Decimal('18.040724')), (18, 13, 4, Decimal('411.98'), Decimal('16.77'), Decimal('276.356184')), (18, 1, 1, Decimal('802.42'), Decimal('3.53'), Decimal('28.325426'))]
[2025-06-13T16:05:33.636+0000] {logging_mixin.py:151} INFO - Simulation completed successfully!
[2025-06-13T16:05:33.636+0000] {logging_mixin.py:151} INFO - 18
[2025-06-13T16:05:33.637+0000] {python.py:194} INFO - Done. Returned value was: 18
[2025-06-13T16:05:33.699+0000] {taskinstance.py:1398} INFO - Marking task as SUCCESS. dag_id=ecommerce_generate_order_process, task_id=generate_order_process, execution_date=20250613T160431, start_date=20250613T160533, end_date=20250613T160533
[2025-06-13T16:05:33.737+0000] {local_task_job_runner.py:228} INFO - Task exited with return code 0
[2025-06-13T16:05:33.779+0000] {taskinstance.py:2776} INFO - 1 downstream tasks scheduled from follow-on schedule check
