[2025-06-13T16:12:33.478+0000] {taskinstance.py:1157} INFO - Dependencies all met for dep_context=non-requeueable deps ti=<TaskInstance: ecommerce_generate_order_process.generate_order_process scheduled__2025-06-13T16:11:31.606904+00:00 [queued]>
[2025-06-13T16:12:33.498+0000] {taskinstance.py:1157} INFO - Dependencies all met for dep_context=requeueable deps ti=<TaskInstance: ecommerce_generate_order_process.generate_order_process scheduled__2025-06-13T16:11:31.606904+00:00 [queued]>
[2025-06-13T16:12:33.498+0000] {taskinstance.py:1359} INFO - Starting attempt 1 of 6
[2025-06-13T16:12:33.518+0000] {taskinstance.py:1380} INFO - Executing <Task(_PythonDecoratedOperator): generate_order_process> on 2025-06-13 16:11:31.606904+00:00
[2025-06-13T16:12:33.525+0000] {standard_task_runner.py:57} INFO - Started process 2121 to run task
[2025-06-13T16:12:33.529+0000] {standard_task_runner.py:84} INFO - Running: ['***', 'tasks', 'run', 'ecommerce_generate_order_process', 'generate_order_process', 'scheduled__2025-06-13T16:11:31.606904+00:00', '--job-id', '135', '--raw', '--subdir', 'DAGS_FOLDER/generate_order_process.py', '--cfg-path', '/tmp/tmpu4ymz8rt']
[2025-06-13T16:12:33.532+0000] {standard_task_runner.py:85} INFO - Job 135: Subtask generate_order_process
[2025-06-13T16:12:33.628+0000] {task_command.py:415} INFO - Running <TaskInstance: ecommerce_generate_order_process.generate_order_process scheduled__2025-06-13T16:11:31.606904+00:00 [running]> on host 3498b866135e
[2025-06-13T16:12:33.793+0000] {taskinstance.py:1660} INFO - Exporting env vars: AIRFLOW_CTX_DAG_OWNER='***' AIRFLOW_CTX_DAG_ID='ecommerce_generate_order_process' AIRFLOW_CTX_TASK_ID='generate_order_process' AIRFLOW_CTX_EXECUTION_DATE='2025-06-13T16:11:31.606904+00:00' AIRFLOW_CTX_TRY_NUMBER='1' AIRFLOW_CTX_DAG_RUN_ID='scheduled__2025-06-13T16:11:31.606904+00:00'
[2025-06-13T16:12:33.816+0000] {logging_mixin.py:151} INFO - ----------------------------
[2025-06-13T16:12:33.816+0000] {logging_mixin.py:151} INFO - 25
[2025-06-13T16:12:33.816+0000] {logging_mixin.py:151} INFO - ----------------------------
[2025-06-13T16:12:33.829+0000] {logging_mixin.py:151} INFO - [(6, 1, Decimal('721.46'), Decimal('1.60'), Decimal('11.54336')), (25, 2, Decimal('34.67'), Decimal('5.72'), Decimal('3.966248'))]
[2025-06-13T16:12:33.833+0000] {logging_mixin.py:151} INFO - [(25, 6, 1, Decimal('721.46'), Decimal('1.60'), Decimal('11.54336')), (25, 25, 2, Decimal('34.67'), Decimal('5.72'), Decimal('3.966248'))]
[2025-06-13T16:12:33.835+0000] {logging_mixin.py:151} INFO - Simulation completed successfully!
[2025-06-13T16:12:33.835+0000] {logging_mixin.py:151} INFO - 25
[2025-06-13T16:12:33.836+0000] {python.py:194} INFO - Done. Returned value was: 25
[2025-06-13T16:12:33.951+0000] {taskinstance.py:1398} INFO - Marking task as SUCCESS. dag_id=ecommerce_generate_order_process, task_id=generate_order_process, execution_date=20250613T161131, start_date=20250613T161233, end_date=20250613T161233
[2025-06-13T16:12:34.021+0000] {local_task_job_runner.py:228} INFO - Task exited with return code 0
[2025-06-13T16:12:34.103+0000] {taskinstance.py:2776} INFO - 1 downstream tasks scheduled from follow-on schedule check
