[2025-06-14T04:21:12.830+0000] {taskinstance.py:1157} INFO - Dependencies all met for dep_context=non-requeueable deps ti=<TaskInstance: ecommerce_generate_order_process.generate_order_process scheduled__2025-06-14T04:20:12.130199+00:00 [queued]>
[2025-06-14T04:21:12.838+0000] {taskinstance.py:1157} INFO - Dependencies all met for dep_context=requeueable deps ti=<TaskInstance: ecommerce_generate_order_process.generate_order_process scheduled__2025-06-14T04:20:12.130199+00:00 [queued]>
[2025-06-14T04:21:12.838+0000] {taskinstance.py:1359} INFO - Starting attempt 1 of 6
[2025-06-14T04:21:12.879+0000] {taskinstance.py:1380} INFO - Executing <Task(_PythonDecoratedOperator): generate_order_process> on 2025-06-14 04:20:12.130199+00:00
[2025-06-14T04:21:12.885+0000] {standard_task_runner.py:57} INFO - Started process 13451 to run task
[2025-06-14T04:21:12.887+0000] {standard_task_runner.py:84} INFO - Running: ['***', 'tasks', 'run', 'ecommerce_generate_order_process', 'generate_order_process', 'scheduled__2025-06-14T04:20:12.130199+00:00', '--job-id', '1134', '--raw', '--subdir', 'DAGS_FOLDER/generate_order_process.py', '--cfg-path', '/tmp/tmpumq5sfmv']
[2025-06-14T04:21:12.888+0000] {standard_task_runner.py:85} INFO - Job 1134: Subtask generate_order_process
[2025-06-14T04:21:12.953+0000] {task_command.py:415} INFO - Running <TaskInstance: ecommerce_generate_order_process.generate_order_process scheduled__2025-06-14T04:20:12.130199+00:00 [running]> on host 3498b866135e
[2025-06-14T04:21:13.086+0000] {taskinstance.py:1660} INFO - Exporting env vars: AIRFLOW_CTX_DAG_OWNER='***' AIRFLOW_CTX_DAG_ID='ecommerce_generate_order_process' AIRFLOW_CTX_TASK_ID='generate_order_process' AIRFLOW_CTX_EXECUTION_DATE='2025-06-14T04:20:12.130199+00:00' AIRFLOW_CTX_TRY_NUMBER='1' AIRFLOW_CTX_DAG_RUN_ID='scheduled__2025-06-14T04:20:12.130199+00:00'
[2025-06-14T04:21:13.098+0000] {logging_mixin.py:151} INFO - ----------------------------
[2025-06-14T04:21:13.098+0000] {logging_mixin.py:151} INFO - 214
[2025-06-14T04:21:13.098+0000] {logging_mixin.py:151} INFO - ----------------------------
[2025-06-14T04:21:13.103+0000] {logging_mixin.py:151} INFO - [(25, 2, Decimal('34.67'), Decimal('5.72'), Decimal('3.966248'))]
[2025-06-14T04:21:13.104+0000] {logging_mixin.py:151} INFO - [(222, 25, 2, Decimal('34.67'), Decimal('5.72'), Decimal('3.966248'))]
[2025-06-14T04:21:13.124+0000] {logging_mixin.py:151} INFO - Simulation completed successfully!
[2025-06-14T04:21:13.124+0000] {logging_mixin.py:151} INFO - 222
[2025-06-14T04:21:13.124+0000] {python.py:194} INFO - Done. Returned value was: 222
[2025-06-14T04:21:13.180+0000] {taskinstance.py:1398} INFO - Marking task as SUCCESS. dag_id=ecommerce_generate_order_process, task_id=generate_order_process, execution_date=20250614T042012, start_date=20250614T042112, end_date=20250614T042113
[2025-06-14T04:21:13.219+0000] {local_task_job_runner.py:228} INFO - Task exited with return code 0
[2025-06-14T04:21:13.242+0000] {taskinstance.py:2776} INFO - 1 downstream tasks scheduled from follow-on schedule check
