[2025-06-14T02:33:12.723+0000] {taskinstance.py:1157} INFO - Dependencies all met for dep_context=non-requeueable deps ti=<TaskInstance: ecommerce_generate_order_process.generate_order_process scheduled__2025-06-14T02:32:12.033460+00:00 [queued]>
[2025-06-14T02:33:12.730+0000] {taskinstance.py:1157} INFO - Dependencies all met for dep_context=requeueable deps ti=<TaskInstance: ecommerce_generate_order_process.generate_order_process scheduled__2025-06-14T02:32:12.033460+00:00 [queued]>
[2025-06-14T02:33:12.730+0000] {taskinstance.py:1359} INFO - Starting attempt 1 of 6
[2025-06-14T02:33:12.740+0000] {taskinstance.py:1380} INFO - Executing <Task(_PythonDecoratedOperator): generate_order_process> on 2025-06-14 02:32:12.033460+00:00
[2025-06-14T02:33:12.744+0000] {standard_task_runner.py:57} INFO - Started process 3926 to run task
[2025-06-14T02:33:12.746+0000] {standard_task_runner.py:84} INFO - Running: ['***', 'tasks', 'run', 'ecommerce_generate_order_process', 'generate_order_process', 'scheduled__2025-06-14T02:32:12.033460+00:00', '--job-id', '594', '--raw', '--subdir', 'DAGS_FOLDER/generate_order_process.py', '--cfg-path', '/tmp/tmpi__ms4x5']
[2025-06-14T02:33:12.748+0000] {standard_task_runner.py:85} INFO - Job 594: Subtask generate_order_process
[2025-06-14T02:33:12.795+0000] {task_command.py:415} INFO - Running <TaskInstance: ecommerce_generate_order_process.generate_order_process scheduled__2025-06-14T02:32:12.033460+00:00 [running]> on host 3498b866135e
[2025-06-14T02:33:12.880+0000] {taskinstance.py:1660} INFO - Exporting env vars: AIRFLOW_CTX_DAG_OWNER='***' AIRFLOW_CTX_DAG_ID='ecommerce_generate_order_process' AIRFLOW_CTX_TASK_ID='generate_order_process' AIRFLOW_CTX_EXECUTION_DATE='2025-06-14T02:32:12.033460+00:00' AIRFLOW_CTX_TRY_NUMBER='1' AIRFLOW_CTX_DAG_RUN_ID='scheduled__2025-06-14T02:32:12.033460+00:00'
[2025-06-14T02:33:12.891+0000] {logging_mixin.py:151} INFO - ----------------------------
[2025-06-14T02:33:12.892+0000] {logging_mixin.py:151} INFO - 11
[2025-06-14T02:33:12.892+0000] {logging_mixin.py:151} INFO - ----------------------------
[2025-06-14T02:33:12.896+0000] {logging_mixin.py:151} INFO - [(12, 6, Decimal('255.15'), Decimal('19.41'), Decimal('297.147690'))]
[2025-06-14T02:33:12.897+0000] {logging_mixin.py:151} INFO - [(114, 12, 6, Decimal('255.15'), Decimal('19.41'), Decimal('297.147690'))]
[2025-06-14T02:33:12.897+0000] {logging_mixin.py:151} INFO - Simulation completed successfully!
[2025-06-14T02:33:12.897+0000] {logging_mixin.py:151} INFO - 114
[2025-06-14T02:33:12.898+0000] {python.py:194} INFO - Done. Returned value was: 114
[2025-06-14T02:33:12.928+0000] {taskinstance.py:1398} INFO - Marking task as SUCCESS. dag_id=ecommerce_generate_order_process, task_id=generate_order_process, execution_date=20250614T023212, start_date=20250614T023312, end_date=20250614T023312
[2025-06-14T02:33:12.958+0000] {local_task_job_runner.py:228} INFO - Task exited with return code 0
[2025-06-14T02:33:12.980+0000] {taskinstance.py:2776} INFO - 1 downstream tasks scheduled from follow-on schedule check
