[2025-06-14T02:02:12.815+0000] {taskinstance.py:1157} INFO - Dependencies all met for dep_context=non-requeueable deps ti=<TaskInstance: ecommerce_generate_order_process.generate_order_process scheduled__2025-06-14T02:01:11.775941+00:00 [queued]>
[2025-06-14T02:02:12.825+0000] {taskinstance.py:1157} INFO - Dependencies all met for dep_context=requeueable deps ti=<TaskInstance: ecommerce_generate_order_process.generate_order_process scheduled__2025-06-14T02:01:11.775941+00:00 [queued]>
[2025-06-14T02:02:12.826+0000] {taskinstance.py:1359} INFO - Starting attempt 1 of 6
[2025-06-14T02:02:12.841+0000] {taskinstance.py:1380} INFO - Executing <Task(_PythonDecoratedOperator): generate_order_process> on 2025-06-14 02:01:11.775941+00:00
[2025-06-14T02:02:12.847+0000] {standard_task_runner.py:57} INFO - Started process 1212 to run task
[2025-06-14T02:02:12.849+0000] {standard_task_runner.py:84} INFO - Running: ['***', 'tasks', 'run', 'ecommerce_generate_order_process', 'generate_order_process', 'scheduled__2025-06-14T02:01:11.775941+00:00', '--job-id', '437', '--raw', '--subdir', 'DAGS_FOLDER/generate_order_process.py', '--cfg-path', '/tmp/tmp1cf4wt6b']
[2025-06-14T02:02:12.852+0000] {standard_task_runner.py:85} INFO - Job 437: Subtask generate_order_process
[2025-06-14T02:02:12.918+0000] {task_command.py:415} INFO - Running <TaskInstance: ecommerce_generate_order_process.generate_order_process scheduled__2025-06-14T02:01:11.775941+00:00 [running]> on host 3498b866135e
[2025-06-14T02:02:13.062+0000] {taskinstance.py:1660} INFO - Exporting env vars: AIRFLOW_CTX_DAG_OWNER='***' AIRFLOW_CTX_DAG_ID='ecommerce_generate_order_process' AIRFLOW_CTX_TASK_ID='generate_order_process' AIRFLOW_CTX_EXECUTION_DATE='2025-06-14T02:01:11.775941+00:00' AIRFLOW_CTX_TRY_NUMBER='1' AIRFLOW_CTX_DAG_RUN_ID='scheduled__2025-06-14T02:01:11.775941+00:00'
[2025-06-14T02:02:13.081+0000] {logging_mixin.py:151} INFO - ----------------------------
[2025-06-14T02:02:13.081+0000] {logging_mixin.py:151} INFO - 78
[2025-06-14T02:02:13.081+0000] {logging_mixin.py:151} INFO - ----------------------------
[2025-06-14T02:02:13.089+0000] {logging_mixin.py:151} INFO - [(15, 7, Decimal('523.55'), Decimal('19.06'), Decimal('698.520410')), (48, 4, Decimal('294.67'), Decimal('17.31'), Decimal('204.029508')), (28, 7, Decimal('799.39'), Decimal('3.53'), Decimal('197.529269')), (10, 4, Decimal('598.05'), Decimal('10.18'), Decimal('243.525960')), (44, 3, Decimal('20.44'), Decimal('5.09'), Decimal('3.121188')), (11, 4, Decimal('668.03'), Decimal('3.23'), Decimal('86.309476')), (47, 3, Decimal('923.92'), Decimal('9.75'), Decimal('270.246600')), (5, 8, Decimal('699.65'), Decimal('8.21'), Decimal('459.530120')), (21, 4, Decimal('841.78'), Decimal('5.97'), Decimal('201.017064')), (38, 4, Decimal('79.94'), Decimal('0.52'), Decimal('1.662752'))]
[2025-06-14T02:02:13.092+0000] {logging_mixin.py:151} INFO - [(83, 15, 7, Decimal('523.55'), Decimal('19.06'), Decimal('698.520410')), (83, 48, 4, Decimal('294.67'), Decimal('17.31'), Decimal('204.029508')), (83, 28, 7, Decimal('799.39'), Decimal('3.53'), Decimal('197.529269')), (83, 10, 4, Decimal('598.05'), Decimal('10.18'), Decimal('243.525960')), (83, 44, 3, Decimal('20.44'), Decimal('5.09'), Decimal('3.121188')), (83, 11, 4, Decimal('668.03'), Decimal('3.23'), Decimal('86.309476')), (83, 47, 3, Decimal('923.92'), Decimal('9.75'), Decimal('270.246600')), (83, 5, 8, Decimal('699.65'), Decimal('8.21'), Decimal('459.530120')), (83, 21, 4, Decimal('841.78'), Decimal('5.97'), Decimal('201.017064')), (83, 38, 4, Decimal('79.94'), Decimal('0.52'), Decimal('1.662752'))]
[2025-06-14T02:02:13.094+0000] {logging_mixin.py:151} INFO - Simulation completed successfully!
[2025-06-14T02:02:13.095+0000] {logging_mixin.py:151} INFO - 83
[2025-06-14T02:02:13.095+0000] {python.py:194} INFO - Done. Returned value was: 83
[2025-06-14T02:02:13.138+0000] {taskinstance.py:1398} INFO - Marking task as SUCCESS. dag_id=ecommerce_generate_order_process, task_id=generate_order_process, execution_date=20250614T020111, start_date=20250614T020212, end_date=20250614T020213
[2025-06-14T02:02:13.181+0000] {local_task_job_runner.py:228} INFO - Task exited with return code 0
[2025-06-14T02:02:13.225+0000] {taskinstance.py:2776} INFO - 1 downstream tasks scheduled from follow-on schedule check
