[2025-06-14T03:12:12.726+0000] {taskinstance.py:1157} INFO - Dependencies all met for dep_context=non-requeueable deps ti=<TaskInstance: ecommerce_generate_order_process.generate_order_process scheduled__2025-06-14T03:11:12.130199+00:00 [queued]>
[2025-06-14T03:12:12.733+0000] {taskinstance.py:1157} INFO - Dependencies all met for dep_context=requeueable deps ti=<TaskInstance: ecommerce_generate_order_process.generate_order_process scheduled__2025-06-14T03:11:12.130199+00:00 [queued]>
[2025-06-14T03:12:12.733+0000] {taskinstance.py:1359} INFO - Starting attempt 1 of 6
[2025-06-14T03:12:12.743+0000] {taskinstance.py:1380} INFO - Executing <Task(_PythonDecoratedOperator): generate_order_process> on 2025-06-14 03:11:12.130199+00:00
[2025-06-14T03:12:12.747+0000] {standard_task_runner.py:57} INFO - Started process 7356 to run task
[2025-06-14T03:12:12.749+0000] {standard_task_runner.py:84} INFO - Running: ['***', 'tasks', 'run', 'ecommerce_generate_order_process', 'generate_order_process', 'scheduled__2025-06-14T03:11:12.130199+00:00', '--job-id', '789', '--raw', '--subdir', 'DAGS_FOLDER/generate_order_process.py', '--cfg-path', '/tmp/tmp38tnxm06']
[2025-06-14T03:12:12.751+0000] {standard_task_runner.py:85} INFO - Job 789: Subtask generate_order_process
[2025-06-14T03:12:12.798+0000] {task_command.py:415} INFO - Running <TaskInstance: ecommerce_generate_order_process.generate_order_process scheduled__2025-06-14T03:11:12.130199+00:00 [running]> on host 3498b866135e
[2025-06-14T03:12:12.883+0000] {taskinstance.py:1660} INFO - Exporting env vars: AIRFLOW_CTX_DAG_OWNER='***' AIRFLOW_CTX_DAG_ID='ecommerce_generate_order_process' AIRFLOW_CTX_TASK_ID='generate_order_process' AIRFLOW_CTX_EXECUTION_DATE='2025-06-14T03:11:12.130199+00:00' AIRFLOW_CTX_TRY_NUMBER='1' AIRFLOW_CTX_DAG_RUN_ID='scheduled__2025-06-14T03:11:12.130199+00:00'
[2025-06-14T03:12:12.894+0000] {logging_mixin.py:151} INFO - ----------------------------
[2025-06-14T03:12:12.895+0000] {logging_mixin.py:151} INFO - 102
[2025-06-14T03:12:12.895+0000] {logging_mixin.py:151} INFO - ----------------------------
[2025-06-14T03:12:12.900+0000] {logging_mixin.py:151} INFO - [(23, 1, Decimal('521.30'), Decimal('16.80'), Decimal('87.57840')), (47, 3, Decimal('923.92'), Decimal('9.75'), Decimal('270.246600')), (24, 1, Decimal('387.14'), Decimal('4.66'), Decimal('18.040724'))]
[2025-06-14T03:12:12.901+0000] {logging_mixin.py:151} INFO - [(153, 23, 1, Decimal('521.30'), Decimal('16.80'), Decimal('87.57840')), (153, 47, 3, Decimal('923.92'), Decimal('9.75'), Decimal('270.246600')), (153, 24, 1, Decimal('387.14'), Decimal('4.66'), Decimal('18.040724'))]
[2025-06-14T03:12:12.902+0000] {logging_mixin.py:151} INFO - Simulation completed successfully!
[2025-06-14T03:12:12.903+0000] {logging_mixin.py:151} INFO - 153
[2025-06-14T03:12:12.903+0000] {python.py:194} INFO - Done. Returned value was: 153
[2025-06-14T03:12:12.933+0000] {taskinstance.py:1398} INFO - Marking task as SUCCESS. dag_id=ecommerce_generate_order_process, task_id=generate_order_process, execution_date=20250614T031112, start_date=20250614T031212, end_date=20250614T031212
[2025-06-14T03:12:12.961+0000] {local_task_job_runner.py:228} INFO - Task exited with return code 0
[2025-06-14T03:12:12.983+0000] {taskinstance.py:2776} INFO - 1 downstream tasks scheduled from follow-on schedule check
