[2025-06-14T02:17:12.385+0000] {taskinstance.py:1157} INFO - Dependencies all met for dep_context=non-requeueable deps ti=<TaskInstance: ecommerce_generate_order_process.generate_order_process scheduled__2025-06-14T02:16:11.775941+00:00 [queued]>
[2025-06-14T02:17:12.393+0000] {taskinstance.py:1157} INFO - Dependencies all met for dep_context=requeueable deps ti=<TaskInstance: ecommerce_generate_order_process.generate_order_process scheduled__2025-06-14T02:16:11.775941+00:00 [queued]>
[2025-06-14T02:17:12.393+0000] {taskinstance.py:1359} INFO - Starting attempt 1 of 6
[2025-06-14T02:17:12.405+0000] {taskinstance.py:1380} INFO - Executing <Task(_PythonDecoratedOperator): generate_order_process> on 2025-06-14 02:16:11.775941+00:00
[2025-06-14T02:17:12.411+0000] {standard_task_runner.py:57} INFO - Started process 2526 to run task
[2025-06-14T02:17:12.413+0000] {standard_task_runner.py:84} INFO - Running: ['***', 'tasks', 'run', 'ecommerce_generate_order_process', 'generate_order_process', 'scheduled__2025-06-14T02:16:11.775941+00:00', '--job-id', '514', '--raw', '--subdir', 'DAGS_FOLDER/generate_order_process.py', '--cfg-path', '/tmp/tmp6vee71ik']
[2025-06-14T02:17:12.415+0000] {standard_task_runner.py:85} INFO - Job 514: Subtask generate_order_process
[2025-06-14T02:17:12.472+0000] {task_command.py:415} INFO - Running <TaskInstance: ecommerce_generate_order_process.generate_order_process scheduled__2025-06-14T02:16:11.775941+00:00 [running]> on host 3498b866135e
[2025-06-14T02:17:12.574+0000] {taskinstance.py:1660} INFO - Exporting env vars: AIRFLOW_CTX_DAG_OWNER='***' AIRFLOW_CTX_DAG_ID='ecommerce_generate_order_process' AIRFLOW_CTX_TASK_ID='generate_order_process' AIRFLOW_CTX_EXECUTION_DATE='2025-06-14T02:16:11.775941+00:00' AIRFLOW_CTX_TRY_NUMBER='1' AIRFLOW_CTX_DAG_RUN_ID='scheduled__2025-06-14T02:16:11.775941+00:00'
[2025-06-14T02:17:12.590+0000] {logging_mixin.py:151} INFO - ----------------------------
[2025-06-14T02:17:12.590+0000] {logging_mixin.py:151} INFO - 16
[2025-06-14T02:17:12.590+0000] {logging_mixin.py:151} INFO - ----------------------------
[2025-06-14T02:17:12.597+0000] {logging_mixin.py:151} INFO - [(26, 5, Decimal('349.97'), Decimal('8.34'), Decimal('145.937490')), (13, 4, Decimal('411.98'), Decimal('16.77'), Decimal('276.356184'))]
[2025-06-14T02:17:12.598+0000] {logging_mixin.py:151} INFO - [(98, 26, 5, Decimal('349.97'), Decimal('8.34'), Decimal('145.937490')), (98, 13, 4, Decimal('411.98'), Decimal('16.77'), Decimal('276.356184'))]
[2025-06-14T02:17:12.600+0000] {logging_mixin.py:151} INFO - Simulation completed successfully!
[2025-06-14T02:17:12.600+0000] {logging_mixin.py:151} INFO - 98
[2025-06-14T02:17:12.600+0000] {python.py:194} INFO - Done. Returned value was: 98
[2025-06-14T02:17:12.637+0000] {taskinstance.py:1398} INFO - Marking task as SUCCESS. dag_id=ecommerce_generate_order_process, task_id=generate_order_process, execution_date=20250614T021611, start_date=20250614T021712, end_date=20250614T021712
[2025-06-14T02:17:12.665+0000] {local_task_job_runner.py:228} INFO - Task exited with return code 0
[2025-06-14T02:17:12.692+0000] {taskinstance.py:2776} INFO - 1 downstream tasks scheduled from follow-on schedule check
