[2025-06-14T03:28:12.585+0000] {taskinstance.py:1157} INFO - Dependencies all met for dep_context=non-requeueable deps ti=<TaskInstance: ecommerce_generate_order_process.generate_order_process scheduled__2025-06-14T03:27:12.130199+00:00 [queued]>
[2025-06-14T03:28:12.591+0000] {taskinstance.py:1157} INFO - Dependencies all met for dep_context=requeueable deps ti=<TaskInstance: ecommerce_generate_order_process.generate_order_process scheduled__2025-06-14T03:27:12.130199+00:00 [queued]>
[2025-06-14T03:28:12.591+0000] {taskinstance.py:1359} INFO - Starting attempt 1 of 6
[2025-06-14T03:28:12.601+0000] {taskinstance.py:1380} INFO - Executing <Task(_PythonDecoratedOperator): generate_order_process> on 2025-06-14 03:27:12.130199+00:00
[2025-06-14T03:28:12.606+0000] {standard_task_runner.py:57} INFO - Started process 8796 to run task
[2025-06-14T03:28:12.608+0000] {standard_task_runner.py:84} INFO - Running: ['***', 'tasks', 'run', 'ecommerce_generate_order_process', 'generate_order_process', 'scheduled__2025-06-14T03:27:12.130199+00:00', '--job-id', '869', '--raw', '--subdir', 'DAGS_FOLDER/generate_order_process.py', '--cfg-path', '/tmp/tmpnpsvw820']
[2025-06-14T03:28:12.609+0000] {standard_task_runner.py:85} INFO - Job 869: Subtask generate_order_process
[2025-06-14T03:28:12.656+0000] {task_command.py:415} INFO - Running <TaskInstance: ecommerce_generate_order_process.generate_order_process scheduled__2025-06-14T03:27:12.130199+00:00 [running]> on host 3498b866135e
[2025-06-14T03:28:12.741+0000] {taskinstance.py:1660} INFO - Exporting env vars: AIRFLOW_CTX_DAG_OWNER='***' AIRFLOW_CTX_DAG_ID='ecommerce_generate_order_process' AIRFLOW_CTX_TASK_ID='generate_order_process' AIRFLOW_CTX_EXECUTION_DATE='2025-06-14T03:27:12.130199+00:00' AIRFLOW_CTX_TRY_NUMBER='1' AIRFLOW_CTX_DAG_RUN_ID='scheduled__2025-06-14T03:27:12.130199+00:00'
[2025-06-14T03:28:12.753+0000] {logging_mixin.py:151} INFO - ----------------------------
[2025-06-14T03:28:12.753+0000] {logging_mixin.py:151} INFO - 107
[2025-06-14T03:28:12.753+0000] {logging_mixin.py:151} INFO - ----------------------------
[2025-06-14T03:28:12.758+0000] {logging_mixin.py:151} INFO - [(23, 1, Decimal('521.30'), Decimal('16.80'), Decimal('87.57840')), (14, 5, Decimal('657.33'), Decimal('0.13'), Decimal('4.272645')), (2, 1, Decimal('925.46'), Decimal('2.62'), Decimal('24.247052')), (28, 7, Decimal('799.39'), Decimal('3.53'), Decimal('197.529269')), (37, 7, Decimal('892.19'), Decimal('4.68'), Decimal('292.281444')), (15, 7, Decimal('523.55'), Decimal('19.06'), Decimal('698.520410')), (45, 2, Decimal('602.50'), Decimal('19.00'), Decimal('228.9500')), (1, 1, Decimal('802.42'), Decimal('3.53'), Decimal('28.325426'))]
[2025-06-14T03:28:12.759+0000] {logging_mixin.py:151} INFO - [(169, 23, 1, Decimal('521.30'), Decimal('16.80'), Decimal('87.57840')), (169, 14, 5, Decimal('657.33'), Decimal('0.13'), Decimal('4.272645')), (169, 2, 1, Decimal('925.46'), Decimal('2.62'), Decimal('24.247052')), (169, 28, 7, Decimal('799.39'), Decimal('3.53'), Decimal('197.529269')), (169, 37, 7, Decimal('892.19'), Decimal('4.68'), Decimal('292.281444')), (169, 15, 7, Decimal('523.55'), Decimal('19.06'), Decimal('698.520410')), (169, 45, 2, Decimal('602.50'), Decimal('19.00'), Decimal('228.9500')), (169, 1, 1, Decimal('802.42'), Decimal('3.53'), Decimal('28.325426'))]
[2025-06-14T03:28:12.760+0000] {logging_mixin.py:151} INFO - Simulation completed successfully!
[2025-06-14T03:28:12.761+0000] {logging_mixin.py:151} INFO - 169
[2025-06-14T03:28:12.761+0000] {python.py:194} INFO - Done. Returned value was: 169
[2025-06-14T03:28:12.789+0000] {taskinstance.py:1398} INFO - Marking task as SUCCESS. dag_id=ecommerce_generate_order_process, task_id=generate_order_process, execution_date=20250614T032712, start_date=20250614T032812, end_date=20250614T032812
[2025-06-14T03:28:12.820+0000] {local_task_job_runner.py:228} INFO - Task exited with return code 0
[2025-06-14T03:28:12.842+0000] {taskinstance.py:2776} INFO - 1 downstream tasks scheduled from follow-on schedule check
