[2025-06-14T03:56:14.098+0000] {taskinstance.py:1157} INFO - Dependencies all met for dep_context=non-requeueable deps ti=<TaskInstance: ecommerce_generate_order_process.generate_order_process scheduled__2025-06-14T03:55:12.130199+00:00 [queued]>
[2025-06-14T03:56:14.108+0000] {taskinstance.py:1157} INFO - Dependencies all met for dep_context=requeueable deps ti=<TaskInstance: ecommerce_generate_order_process.generate_order_process scheduled__2025-06-14T03:55:12.130199+00:00 [queued]>
[2025-06-14T03:56:14.108+0000] {taskinstance.py:1359} INFO - Starting attempt 1 of 6
[2025-06-14T03:56:14.134+0000] {taskinstance.py:1380} INFO - Executing <Task(_PythonDecoratedOperator): generate_order_process> on 2025-06-14 03:55:12.130199+00:00
[2025-06-14T03:56:14.139+0000] {standard_task_runner.py:57} INFO - Started process 11256 to run task
[2025-06-14T03:56:14.141+0000] {standard_task_runner.py:84} INFO - Running: ['***', 'tasks', 'run', 'ecommerce_generate_order_process', 'generate_order_process', 'scheduled__2025-06-14T03:55:12.130199+00:00', '--job-id', '1009', '--raw', '--subdir', 'DAGS_FOLDER/generate_order_process.py', '--cfg-path', '/tmp/tmpoe9_s3o_']
[2025-06-14T03:56:14.143+0000] {standard_task_runner.py:85} INFO - Job 1009: Subtask generate_order_process
[2025-06-14T03:56:14.208+0000] {task_command.py:415} INFO - Running <TaskInstance: ecommerce_generate_order_process.generate_order_process scheduled__2025-06-14T03:55:12.130199+00:00 [running]> on host 3498b866135e
[2025-06-14T03:56:14.370+0000] {taskinstance.py:1660} INFO - Exporting env vars: AIRFLOW_CTX_DAG_OWNER='***' AIRFLOW_CTX_DAG_ID='ecommerce_generate_order_process' AIRFLOW_CTX_TASK_ID='generate_order_process' AIRFLOW_CTX_EXECUTION_DATE='2025-06-14T03:55:12.130199+00:00' AIRFLOW_CTX_TRY_NUMBER='1' AIRFLOW_CTX_DAG_RUN_ID='scheduled__2025-06-14T03:55:12.130199+00:00'
[2025-06-14T03:56:14.382+0000] {logging_mixin.py:151} INFO - ----------------------------
[2025-06-14T03:56:14.383+0000] {logging_mixin.py:151} INFO - 297
[2025-06-14T03:56:14.383+0000] {logging_mixin.py:151} INFO - ----------------------------
[2025-06-14T03:56:14.388+0000] {logging_mixin.py:151} INFO - [(13, 4, Decimal('411.98'), Decimal('16.77'), Decimal('276.356184')), (22, 1, Decimal('429.81'), Decimal('5.21'), Decimal('22.393101')), (18, 9, Decimal('697.86'), Decimal('6.91'), Decimal('433.999134')), (29, 5, Decimal('201.03'), Decimal('16.88'), Decimal('169.669320')), (37, 7, Decimal('892.19'), Decimal('4.68'), Decimal('292.281444')), (41, 1, Decimal('855.34'), Decimal('13.96'), Decimal('119.405464')), (48, 4, Decimal('294.67'), Decimal('17.31'), Decimal('204.029508')), (1, 1, Decimal('802.42'), Decimal('3.53'), Decimal('28.325426'))]
[2025-06-14T03:56:14.390+0000] {logging_mixin.py:151} INFO - [(197, 13, 4, Decimal('411.98'), Decimal('16.77'), Decimal('276.356184')), (197, 22, 1, Decimal('429.81'), Decimal('5.21'), Decimal('22.393101')), (197, 18, 9, Decimal('697.86'), Decimal('6.91'), Decimal('433.999134')), (197, 29, 5, Decimal('201.03'), Decimal('16.88'), Decimal('169.669320')), (197, 37, 7, Decimal('892.19'), Decimal('4.68'), Decimal('292.281444')), (197, 41, 1, Decimal('855.34'), Decimal('13.96'), Decimal('119.405464')), (197, 48, 4, Decimal('294.67'), Decimal('17.31'), Decimal('204.029508')), (197, 1, 1, Decimal('802.42'), Decimal('3.53'), Decimal('28.325426'))]
[2025-06-14T03:56:14.411+0000] {logging_mixin.py:151} INFO - Simulation completed successfully!
[2025-06-14T03:56:14.411+0000] {logging_mixin.py:151} INFO - 197
[2025-06-14T03:56:14.411+0000] {python.py:194} INFO - Done. Returned value was: 197
[2025-06-14T03:56:14.461+0000] {taskinstance.py:1398} INFO - Marking task as SUCCESS. dag_id=ecommerce_generate_order_process, task_id=generate_order_process, execution_date=20250614T035512, start_date=20250614T035614, end_date=20250614T035614
[2025-06-14T03:56:14.513+0000] {local_task_job_runner.py:228} INFO - Task exited with return code 0
[2025-06-14T03:56:14.535+0000] {taskinstance.py:2776} INFO - 1 downstream tasks scheduled from follow-on schedule check
