[2025-06-13T16:01:32.953+0000] {taskinstance.py:1157} INFO - Dependencies all met for dep_context=non-requeueable deps ti=<TaskInstance: ecommerce_generate_order_process.generate_order_process scheduled__2025-06-13T16:00:31.606904+00:00 [queued]>
[2025-06-13T16:01:32.965+0000] {taskinstance.py:1157} INFO - Dependencies all met for dep_context=requeueable deps ti=<TaskInstance: ecommerce_generate_order_process.generate_order_process scheduled__2025-06-13T16:00:31.606904+00:00 [queued]>
[2025-06-13T16:01:32.965+0000] {taskinstance.py:1359} INFO - Starting attempt 1 of 6
[2025-06-13T16:01:32.985+0000] {taskinstance.py:1380} INFO - Executing <Task(_PythonDecoratedOperator): generate_order_process> on 2025-06-13 16:00:31.606904+00:00
[2025-06-13T16:01:32.993+0000] {standard_task_runner.py:57} INFO - Started process 1211 to run task
[2025-06-13T16:01:32.996+0000] {standard_task_runner.py:84} INFO - Running: ['***', 'tasks', 'run', 'ecommerce_generate_order_process', 'generate_order_process', 'scheduled__2025-06-13T16:00:31.606904+00:00', '--job-id', '80', '--raw', '--subdir', 'DAGS_FOLDER/generate_order_process.py', '--cfg-path', '/tmp/tmp2f_40ism']
[2025-06-13T16:01:32.999+0000] {standard_task_runner.py:85} INFO - Job 80: Subtask generate_order_process
[2025-06-13T16:01:33.090+0000] {task_command.py:415} INFO - Running <TaskInstance: ecommerce_generate_order_process.generate_order_process scheduled__2025-06-13T16:00:31.606904+00:00 [running]> on host 3498b866135e
[2025-06-13T16:01:33.401+0000] {taskinstance.py:1660} INFO - Exporting env vars: AIRFLOW_CTX_DAG_OWNER='***' AIRFLOW_CTX_DAG_ID='ecommerce_generate_order_process' AIRFLOW_CTX_TASK_ID='generate_order_process' AIRFLOW_CTX_EXECUTION_DATE='2025-06-13T16:00:31.606904+00:00' AIRFLOW_CTX_TRY_NUMBER='1' AIRFLOW_CTX_DAG_RUN_ID='scheduled__2025-06-13T16:00:31.606904+00:00'
[2025-06-13T16:01:33.433+0000] {logging_mixin.py:151} INFO - ----------------------------
[2025-06-13T16:01:33.434+0000] {logging_mixin.py:151} INFO - 15
[2025-06-13T16:01:33.434+0000] {logging_mixin.py:151} INFO - ----------------------------
[2025-06-13T16:01:33.450+0000] {logging_mixin.py:151} INFO - [(11, 4, Decimal('668.03'), Decimal('3.23'), Decimal('86.309476')), (1, 1, Decimal('802.42'), Decimal('3.53'), Decimal('28.325426')), (20, 8, Decimal('841.06'), Decimal('11.60'), Decimal('780.50368')), (18, 9, Decimal('697.86'), Decimal('6.91'), Decimal('433.999134'))]
[2025-06-13T16:01:33.455+0000] {logging_mixin.py:151} INFO - [(14, 11, 4, Decimal('668.03'), Decimal('3.23'), Decimal('86.309476')), (14, 1, 1, Decimal('802.42'), Decimal('3.53'), Decimal('28.325426')), (14, 20, 8, Decimal('841.06'), Decimal('11.60'), Decimal('780.50368')), (14, 18, 9, Decimal('697.86'), Decimal('6.91'), Decimal('433.999134'))]
[2025-06-13T16:01:33.456+0000] {logging_mixin.py:151} INFO - Simulation completed successfully!
[2025-06-13T16:01:33.456+0000] {logging_mixin.py:151} INFO - 14
[2025-06-13T16:01:33.457+0000] {python.py:194} INFO - Done. Returned value was: 14
[2025-06-13T16:01:33.539+0000] {taskinstance.py:1398} INFO - Marking task as SUCCESS. dag_id=ecommerce_generate_order_process, task_id=generate_order_process, execution_date=20250613T160031, start_date=20250613T160132, end_date=20250613T160133
[2025-06-13T16:01:33.610+0000] {local_task_job_runner.py:228} INFO - Task exited with return code 0
[2025-06-13T16:01:33.698+0000] {taskinstance.py:2776} INFO - 1 downstream tasks scheduled from follow-on schedule check
