[2025-06-14T04:52:12.959+0000] {taskinstance.py:1157} INFO - Dependencies all met for dep_context=non-requeueable deps ti=<TaskInstance: ecommerce_generate_order_process.generate_order_process scheduled__2025-06-14T04:51:12.130199+00:00 [queued]>
[2025-06-14T04:52:12.966+0000] {taskinstance.py:1157} INFO - Dependencies all met for dep_context=requeueable deps ti=<TaskInstance: ecommerce_generate_order_process.generate_order_process scheduled__2025-06-14T04:51:12.130199+00:00 [queued]>
[2025-06-14T04:52:12.967+0000] {taskinstance.py:1359} INFO - Starting attempt 1 of 6
[2025-06-14T04:52:12.977+0000] {taskinstance.py:1380} INFO - Executing <Task(_PythonDecoratedOperator): generate_order_process> on 2025-06-14 04:51:12.130199+00:00
[2025-06-14T04:52:12.981+0000] {standard_task_runner.py:57} INFO - Started process 16196 to run task
[2025-06-14T04:52:12.983+0000] {standard_task_runner.py:84} INFO - Running: ['***', 'tasks', 'run', 'ecommerce_generate_order_process', 'generate_order_process', 'scheduled__2025-06-14T04:51:12.130199+00:00', '--job-id', '1289', '--raw', '--subdir', 'DAGS_FOLDER/generate_order_process.py', '--cfg-path', '/tmp/tmpml9qwcjg']
[2025-06-14T04:52:12.984+0000] {standard_task_runner.py:85} INFO - Job 1289: Subtask generate_order_process
[2025-06-14T04:52:13.031+0000] {task_command.py:415} INFO - Running <TaskInstance: ecommerce_generate_order_process.generate_order_process scheduled__2025-06-14T04:51:12.130199+00:00 [running]> on host 3498b866135e
[2025-06-14T04:52:13.118+0000] {taskinstance.py:1660} INFO - Exporting env vars: AIRFLOW_CTX_DAG_OWNER='***' AIRFLOW_CTX_DAG_ID='ecommerce_generate_order_process' AIRFLOW_CTX_TASK_ID='generate_order_process' AIRFLOW_CTX_EXECUTION_DATE='2025-06-14T04:51:12.130199+00:00' AIRFLOW_CTX_TRY_NUMBER='1' AIRFLOW_CTX_DAG_RUN_ID='scheduled__2025-06-14T04:51:12.130199+00:00'
[2025-06-14T04:52:13.130+0000] {logging_mixin.py:151} INFO - ----------------------------
[2025-06-14T04:52:13.131+0000] {logging_mixin.py:151} INFO - 434
[2025-06-14T04:52:13.131+0000] {logging_mixin.py:151} INFO - ----------------------------
[2025-06-14T04:52:13.136+0000] {logging_mixin.py:151} INFO - [(28, 7, Decimal('799.39'), Decimal('3.53'), Decimal('197.529269')), (35, 3, Decimal('512.37'), Decimal('5.78'), Decimal('88.844958')), (39, 6, Decimal('713.46'), Decimal('15.39'), Decimal('658.808964'))]
[2025-06-14T04:52:13.137+0000] {logging_mixin.py:151} INFO - [(253, 28, 7, Decimal('799.39'), Decimal('3.53'), Decimal('197.529269')), (253, 35, 3, Decimal('512.37'), Decimal('5.78'), Decimal('88.844958')), (253, 39, 6, Decimal('713.46'), Decimal('15.39'), Decimal('658.808964'))]
[2025-06-14T04:52:13.139+0000] {logging_mixin.py:151} INFO - Simulation completed successfully!
[2025-06-14T04:52:13.139+0000] {logging_mixin.py:151} INFO - 253
[2025-06-14T04:52:13.139+0000] {python.py:194} INFO - Done. Returned value was: 253
[2025-06-14T04:52:13.169+0000] {taskinstance.py:1398} INFO - Marking task as SUCCESS. dag_id=ecommerce_generate_order_process, task_id=generate_order_process, execution_date=20250614T045112, start_date=20250614T045212, end_date=20250614T045213
[2025-06-14T04:52:13.195+0000] {local_task_job_runner.py:228} INFO - Task exited with return code 0
[2025-06-14T04:52:13.218+0000] {taskinstance.py:2776} INFO - 1 downstream tasks scheduled from follow-on schedule check
