[2025-06-13T15:58:32.686+0000] {taskinstance.py:1157} INFO - Dependencies all met for dep_context=non-requeueable deps ti=<TaskInstance: ecommerce_generate_order_process.generate_order_process scheduled__2025-06-13T15:57:30.469043+00:00 [queued]>
[2025-06-13T15:58:32.703+0000] {taskinstance.py:1157} INFO - Dependencies all met for dep_context=requeueable deps ti=<TaskInstance: ecommerce_generate_order_process.generate_order_process scheduled__2025-06-13T15:57:30.469043+00:00 [queued]>
[2025-06-13T15:58:32.704+0000] {taskinstance.py:1359} INFO - Starting attempt 1 of 6
[2025-06-13T15:58:32.726+0000] {taskinstance.py:1380} INFO - Executing <Task(_PythonDecoratedOperator): generate_order_process> on 2025-06-13 15:57:30.469043+00:00
[2025-06-13T15:58:32.736+0000] {standard_task_runner.py:57} INFO - Started process 938 to run task
[2025-06-13T15:58:32.740+0000] {standard_task_runner.py:84} INFO - Running: ['***', 'tasks', 'run', 'ecommerce_generate_order_process', 'generate_order_process', 'scheduled__2025-06-13T15:57:30.469043+00:00', '--job-id', '63', '--raw', '--subdir', 'DAGS_FOLDER/generate_order_process.py', '--cfg-path', '/tmp/tmp5tuvk5k8']
[2025-06-13T15:58:32.743+0000] {standard_task_runner.py:85} INFO - Job 63: Subtask generate_order_process
[2025-06-13T15:58:32.856+0000] {task_command.py:415} INFO - Running <TaskInstance: ecommerce_generate_order_process.generate_order_process scheduled__2025-06-13T15:57:30.469043+00:00 [running]> on host 3498b866135e
[2025-06-13T15:58:33.052+0000] {taskinstance.py:1660} INFO - Exporting env vars: AIRFLOW_CTX_DAG_OWNER='***' AIRFLOW_CTX_DAG_ID='ecommerce_generate_order_process' AIRFLOW_CTX_TASK_ID='generate_order_process' AIRFLOW_CTX_EXECUTION_DATE='2025-06-13T15:57:30.469043+00:00' AIRFLOW_CTX_TRY_NUMBER='1' AIRFLOW_CTX_DAG_RUN_ID='scheduled__2025-06-13T15:57:30.469043+00:00'
[2025-06-13T15:58:33.082+0000] {logging_mixin.py:151} INFO - ----------------------------
[2025-06-13T15:58:33.083+0000] {logging_mixin.py:151} INFO - 15
[2025-06-13T15:58:33.083+0000] {logging_mixin.py:151} INFO - ----------------------------
[2025-06-13T15:58:33.096+0000] {logging_mixin.py:151} INFO - [(10, 4, Decimal('598.05'), Decimal('10.18'), Decimal('243.525960'))]
[2025-06-13T15:58:33.100+0000] {logging_mixin.py:151} INFO - [(10, 10, 4, Decimal('598.05'), Decimal('10.18'), Decimal('243.525960'))]
[2025-06-13T15:58:33.101+0000] {logging_mixin.py:151} INFO - Simulation completed successfully!
[2025-06-13T15:58:33.101+0000] {logging_mixin.py:151} INFO - 10
[2025-06-13T15:58:33.101+0000] {python.py:194} INFO - Done. Returned value was: 10
[2025-06-13T15:58:33.172+0000] {taskinstance.py:1398} INFO - Marking task as SUCCESS. dag_id=ecommerce_generate_order_process, task_id=generate_order_process, execution_date=20250613T155730, start_date=20250613T155832, end_date=20250613T155833
[2025-06-13T15:58:33.232+0000] {local_task_job_runner.py:228} INFO - Task exited with return code 0
[2025-06-13T15:58:33.321+0000] {taskinstance.py:2776} INFO - 1 downstream tasks scheduled from follow-on schedule check
