[2025-06-13T16:21:32.739+0000] {taskinstance.py:1157} INFO - Dependencies all met for dep_context=non-requeueable deps ti=<TaskInstance: ecommerce_generate_order_process.generate_order_process scheduled__2025-06-13T16:20:31.606904+00:00 [queued]>
[2025-06-13T16:21:32.752+0000] {taskinstance.py:1157} INFO - Dependencies all met for dep_context=requeueable deps ti=<TaskInstance: ecommerce_generate_order_process.generate_order_process scheduled__2025-06-13T16:20:31.606904+00:00 [queued]>
[2025-06-13T16:21:32.753+0000] {taskinstance.py:1359} INFO - Starting attempt 1 of 6
[2025-06-13T16:21:32.772+0000] {taskinstance.py:1380} INFO - Executing <Task(_PythonDecoratedOperator): generate_order_process> on 2025-06-13 16:20:31.606904+00:00
[2025-06-13T16:21:32.780+0000] {standard_task_runner.py:57} INFO - Started process 2931 to run task
[2025-06-13T16:21:32.784+0000] {standard_task_runner.py:84} INFO - Running: ['***', 'tasks', 'run', 'ecommerce_generate_order_process', 'generate_order_process', 'scheduled__2025-06-13T16:20:31.606904+00:00', '--job-id', '180', '--raw', '--subdir', 'DAGS_FOLDER/generate_order_process.py', '--cfg-path', '/tmp/tmp8lutjzcc']
[2025-06-13T16:21:32.787+0000] {standard_task_runner.py:85} INFO - Job 180: Subtask generate_order_process
[2025-06-13T16:21:32.927+0000] {task_command.py:415} INFO - Running <TaskInstance: ecommerce_generate_order_process.generate_order_process scheduled__2025-06-13T16:20:31.606904+00:00 [running]> on host 3498b866135e
[2025-06-13T16:21:33.329+0000] {taskinstance.py:1660} INFO - Exporting env vars: AIRFLOW_CTX_DAG_OWNER='***' AIRFLOW_CTX_DAG_ID='ecommerce_generate_order_process' AIRFLOW_CTX_TASK_ID='generate_order_process' AIRFLOW_CTX_EXECUTION_DATE='2025-06-13T16:20:31.606904+00:00' AIRFLOW_CTX_TRY_NUMBER='1' AIRFLOW_CTX_DAG_RUN_ID='scheduled__2025-06-13T16:20:31.606904+00:00'
[2025-06-13T16:21:33.383+0000] {logging_mixin.py:151} INFO - ----------------------------
[2025-06-13T16:21:33.385+0000] {logging_mixin.py:151} INFO - 61
[2025-06-13T16:21:33.386+0000] {logging_mixin.py:151} INFO - ----------------------------
[2025-06-13T16:21:33.424+0000] {logging_mixin.py:151} INFO - [(11, 4, Decimal('668.03'), Decimal('3.23'), Decimal('86.309476')), (7, 6, Decimal('875.57'), Decimal('8.85'), Decimal('464.927670')), (5, 8, Decimal('699.65'), Decimal('8.21'), Decimal('459.530120')), (9, 4, Decimal('724.69'), Decimal('11.61'), Decimal('336.546036'))]
[2025-06-13T16:21:33.433+0000] {logging_mixin.py:151} INFO - [(34, 11, 4, Decimal('668.03'), Decimal('3.23'), Decimal('86.309476')), (34, 7, 6, Decimal('875.57'), Decimal('8.85'), Decimal('464.927670')), (34, 5, 8, Decimal('699.65'), Decimal('8.21'), Decimal('459.530120')), (34, 9, 4, Decimal('724.69'), Decimal('11.61'), Decimal('336.546036'))]
[2025-06-13T16:21:33.436+0000] {logging_mixin.py:151} INFO - Simulation completed successfully!
[2025-06-13T16:21:33.437+0000] {logging_mixin.py:151} INFO - 34
[2025-06-13T16:21:33.438+0000] {python.py:194} INFO - Done. Returned value was: 34
[2025-06-13T16:21:33.606+0000] {taskinstance.py:1398} INFO - Marking task as SUCCESS. dag_id=ecommerce_generate_order_process, task_id=generate_order_process, execution_date=20250613T162031, start_date=20250613T162132, end_date=20250613T162133
[2025-06-13T16:21:33.680+0000] {local_task_job_runner.py:228} INFO - Task exited with return code 0
[2025-06-13T16:21:33.728+0000] {taskinstance.py:2776} INFO - 1 downstream tasks scheduled from follow-on schedule check
