[2025-06-13T13:59:10.291+0000] {taskinstance.py:1157} INFO - Dependencies all met for dep_context=non-requeueable deps ti=<TaskInstance: ecommerce_generate_order_process.generate_order_process scheduled__2025-06-13T13:52:48.472387+00:00 [queued]>
[2025-06-13T13:59:10.299+0000] {taskinstance.py:1157} INFO - Dependencies all met for dep_context=requeueable deps ti=<TaskInstance: ecommerce_generate_order_process.generate_order_process scheduled__2025-06-13T13:52:48.472387+00:00 [queued]>
[2025-06-13T13:59:10.299+0000] {taskinstance.py:1359} INFO - Starting attempt 2 of 6
[2025-06-13T13:59:10.311+0000] {taskinstance.py:1380} INFO - Executing <Task(_PythonDecoratedOperator): generate_order_process> on 2025-06-13 13:52:48.472387+00:00
[2025-06-13T13:59:10.317+0000] {standard_task_runner.py:57} INFO - Started process 696 to run task
[2025-06-13T13:59:10.319+0000] {standard_task_runner.py:84} INFO - Running: ['***', 'tasks', 'run', 'ecommerce_generate_order_process', 'generate_order_process', 'scheduled__2025-06-13T13:52:48.472387+00:00', '--job-id', '42', '--raw', '--subdir', 'DAGS_FOLDER/generate_order_process.py', '--cfg-path', '/tmp/tmpzmh1eg4r']
[2025-06-13T13:59:10.321+0000] {standard_task_runner.py:85} INFO - Job 42: Subtask generate_order_process
[2025-06-13T13:59:10.379+0000] {task_command.py:415} INFO - Running <TaskInstance: ecommerce_generate_order_process.generate_order_process scheduled__2025-06-13T13:52:48.472387+00:00 [running]> on host f1d84043854e
[2025-06-13T13:59:10.481+0000] {taskinstance.py:1660} INFO - Exporting env vars: AIRFLOW_CTX_DAG_OWNER='***' AIRFLOW_CTX_DAG_ID='ecommerce_generate_order_process' AIRFLOW_CTX_TASK_ID='generate_order_process' AIRFLOW_CTX_EXECUTION_DATE='2025-06-13T13:52:48.472387+00:00' AIRFLOW_CTX_TRY_NUMBER='2' AIRFLOW_CTX_DAG_RUN_ID='scheduled__2025-06-13T13:52:48.472387+00:00'
[2025-06-13T13:59:10.496+0000] {logging_mixin.py:151} INFO - ----------------------------
[2025-06-13T13:59:10.496+0000] {logging_mixin.py:151} INFO - 12
[2025-06-13T13:59:10.496+0000] {logging_mixin.py:151} INFO - ----------------------------
[2025-06-13T13:59:10.502+0000] {logging_mixin.py:151} INFO - [(9, 2, Decimal('257.48'), Decimal('17.96'), Decimal('92.486816')), (19, 3, Decimal('498.18'), Decimal('5.11'), Decimal('76.370994')), (22, 3, Decimal('15.48'), Decimal('4.36'), Decimal('2.024784')), (23, 1, Decimal('529.08'), Decimal('16.10'), Decimal('85.18188')), (16, 3, Decimal('509.15'), Decimal('3.74'), Decimal('57.126630')), (25, 6, Decimal('846.08'), Decimal('10.67'), Decimal('541.660416')), (12, 2, Decimal('538.78'), Decimal('5.95'), Decimal('64.114820')), (8, 6, Decimal('650.06'), Decimal('6.30'), Decimal('245.72268')), (2, 7, Decimal('507.53'), Decimal('13.22'), Decimal('469.668262')), (24, 4, Decimal('761.36'), Decimal('19.78'), Decimal('602.388032'))]
[2025-06-13T13:59:10.505+0000] {logging_mixin.py:151} INFO - [(2, 9, 2, Decimal('257.48'), Decimal('17.96'), Decimal('92.486816')), (2, 19, 3, Decimal('498.18'), Decimal('5.11'), Decimal('76.370994')), (2, 22, 3, Decimal('15.48'), Decimal('4.36'), Decimal('2.024784')), (2, 23, 1, Decimal('529.08'), Decimal('16.10'), Decimal('85.18188')), (2, 16, 3, Decimal('509.15'), Decimal('3.74'), Decimal('57.126630')), (2, 25, 6, Decimal('846.08'), Decimal('10.67'), Decimal('541.660416')), (2, 12, 2, Decimal('538.78'), Decimal('5.95'), Decimal('64.114820')), (2, 8, 6, Decimal('650.06'), Decimal('6.30'), Decimal('245.72268')), (2, 2, 7, Decimal('507.53'), Decimal('13.22'), Decimal('469.668262')), (2, 24, 4, Decimal('761.36'), Decimal('19.78'), Decimal('602.388032'))]
[2025-06-13T13:59:10.506+0000] {logging_mixin.py:151} INFO - Simulation completed successfully!
[2025-06-13T13:59:10.506+0000] {logging_mixin.py:151} INFO - 2
[2025-06-13T13:59:10.506+0000] {python.py:194} INFO - Done. Returned value was: 2
[2025-06-13T13:59:10.539+0000] {taskinstance.py:1398} INFO - Marking task as SUCCESS. dag_id=ecommerce_generate_order_process, task_id=generate_order_process, execution_date=20250613T135248, start_date=20250613T135910, end_date=20250613T135910
[2025-06-13T13:59:10.571+0000] {local_task_job_runner.py:228} INFO - Task exited with return code 0
[2025-06-13T13:59:10.597+0000] {taskinstance.py:2776} INFO - 1 downstream tasks scheduled from follow-on schedule check
