[2025-06-13T13:15:49.657+0000] {taskinstance.py:1157} INFO - Dependencies all met for dep_context=non-requeueable deps ti=<TaskInstance: ecommerce_generate_discount_and_campaign.generate_discount scheduled__2025-06-01T00:00:00+00:00 [queued]>
[2025-06-13T13:15:49.690+0000] {taskinstance.py:1157} INFO - Dependencies all met for dep_context=requeueable deps ti=<TaskInstance: ecommerce_generate_discount_and_campaign.generate_discount scheduled__2025-06-01T00:00:00+00:00 [queued]>
[2025-06-13T13:15:49.691+0000] {taskinstance.py:1359} INFO - Starting attempt 1 of 4
[2025-06-13T13:15:49.737+0000] {taskinstance.py:1380} INFO - Executing <Task(PythonOperator): generate_discount> on 2025-06-01 00:00:00+00:00
[2025-06-13T13:15:49.749+0000] {standard_task_runner.py:57} INFO - Started process 257 to run task
[2025-06-13T13:15:49.756+0000] {standard_task_runner.py:84} INFO - Running: ['***', 'tasks', 'run', 'ecommerce_generate_discount_and_campaign', 'generate_discount', 'scheduled__2025-06-01T00:00:00+00:00', '--job-id', '10', '--raw', '--subdir', 'DAGS_FOLDER/generate_discount_and_campaign.py', '--cfg-path', '/tmp/tmp7m9c0ijh']
[2025-06-13T13:15:49.760+0000] {standard_task_runner.py:85} INFO - Job 10: Subtask generate_discount
[2025-06-13T13:15:49.947+0000] {task_command.py:415} INFO - Running <TaskInstance: ecommerce_generate_discount_and_campaign.generate_discount scheduled__2025-06-01T00:00:00+00:00 [running]> on host 1505abd3baf2
[2025-06-13T13:15:50.226+0000] {taskinstance.py:1660} INFO - Exporting env vars: AIRFLOW_CTX_DAG_OWNER='***' AIRFLOW_CTX_DAG_ID='ecommerce_generate_discount_and_campaign' AIRFLOW_CTX_TASK_ID='generate_discount' AIRFLOW_CTX_EXECUTION_DATE='2025-06-01T00:00:00+00:00' AIRFLOW_CTX_TRY_NUMBER='1' AIRFLOW_CTX_DAG_RUN_ID='scheduled__2025-06-01T00:00:00+00:00'
[2025-06-13T13:15:50.262+0000] {python.py:194} INFO - Done. Returned value was: None
[2025-06-13T13:15:50.294+0000] {taskinstance.py:1398} INFO - Marking task as SUCCESS. dag_id=ecommerce_generate_discount_and_campaign, task_id=generate_discount, execution_date=20250601T000000, start_date=20250613T131549, end_date=20250613T131550
[2025-06-13T13:15:50.330+0000] {local_task_job_runner.py:228} INFO - Task exited with return code 0
[2025-06-13T13:15:50.397+0000] {taskinstance.py:2776} INFO - 0 downstream tasks scheduled from follow-on schedule check
[2025-06-13T13:19:04.197+0000] {taskinstance.py:1157} INFO - Dependencies all met for dep_context=non-requeueable deps ti=<TaskInstance: ecommerce_generate_discount_and_campaign.generate_discount scheduled__2025-06-01T00:00:00+00:00 [queued]>
[2025-06-13T13:19:04.224+0000] {taskinstance.py:1157} INFO - Dependencies all met for dep_context=requeueable deps ti=<TaskInstance: ecommerce_generate_discount_and_campaign.generate_discount scheduled__2025-06-01T00:00:00+00:00 [queued]>
[2025-06-13T13:19:04.225+0000] {taskinstance.py:1359} INFO - Starting attempt 1 of 4
[2025-06-13T13:19:04.260+0000] {taskinstance.py:1380} INFO - Executing <Task(PythonOperator): generate_discount> on 2025-06-01 00:00:00+00:00
[2025-06-13T13:19:04.272+0000] {standard_task_runner.py:57} INFO - Started process 236 to run task
[2025-06-13T13:19:04.280+0000] {standard_task_runner.py:84} INFO - Running: ['***', 'tasks', 'run', 'ecommerce_generate_discount_and_campaign', 'generate_discount', 'scheduled__2025-06-01T00:00:00+00:00', '--job-id', '10', '--raw', '--subdir', 'DAGS_FOLDER/generate_discount_and_campaign.py', '--cfg-path', '/tmp/tmpt75lqw5w']
[2025-06-13T13:19:04.284+0000] {standard_task_runner.py:85} INFO - Job 10: Subtask generate_discount
[2025-06-13T13:19:04.503+0000] {task_command.py:415} INFO - Running <TaskInstance: ecommerce_generate_discount_and_campaign.generate_discount scheduled__2025-06-01T00:00:00+00:00 [running]> on host ad52f0edf798
[2025-06-13T13:19:04.776+0000] {taskinstance.py:1660} INFO - Exporting env vars: AIRFLOW_CTX_DAG_OWNER='***' AIRFLOW_CTX_DAG_ID='ecommerce_generate_discount_and_campaign' AIRFLOW_CTX_TASK_ID='generate_discount' AIRFLOW_CTX_EXECUTION_DATE='2025-06-01T00:00:00+00:00' AIRFLOW_CTX_TRY_NUMBER='1' AIRFLOW_CTX_DAG_RUN_ID='scheduled__2025-06-01T00:00:00+00:00'
[2025-06-13T13:19:04.827+0000] {python.py:194} INFO - Done. Returned value was: None
[2025-06-13T13:19:04.865+0000] {taskinstance.py:1398} INFO - Marking task as SUCCESS. dag_id=ecommerce_generate_discount_and_campaign, task_id=generate_discount, execution_date=20250601T000000, start_date=20250613T131904, end_date=20250613T131904
[2025-06-13T13:19:04.936+0000] {local_task_job_runner.py:228} INFO - Task exited with return code 0
[2025-06-13T13:19:04.993+0000] {taskinstance.py:2776} INFO - 0 downstream tasks scheduled from follow-on schedule check
[2025-06-13T13:24:41.619+0000] {taskinstance.py:1157} INFO - Dependencies all met for dep_context=non-requeueable deps ti=<TaskInstance: ecommerce_generate_discount_and_campaign.generate_discount scheduled__2025-06-01T00:00:00+00:00 [queued]>
[2025-06-13T13:24:41.637+0000] {taskinstance.py:1157} INFO - Dependencies all met for dep_context=requeueable deps ti=<TaskInstance: ecommerce_generate_discount_and_campaign.generate_discount scheduled__2025-06-01T00:00:00+00:00 [queued]>
[2025-06-13T13:24:41.637+0000] {taskinstance.py:1359} INFO - Starting attempt 1 of 4
[2025-06-13T13:24:41.664+0000] {taskinstance.py:1380} INFO - Executing <Task(PythonOperator): generate_discount> on 2025-06-01 00:00:00+00:00
[2025-06-13T13:24:41.677+0000] {standard_task_runner.py:57} INFO - Started process 234 to run task
[2025-06-13T13:24:41.680+0000] {standard_task_runner.py:84} INFO - Running: ['***', 'tasks', 'run', 'ecommerce_generate_discount_and_campaign', 'generate_discount', 'scheduled__2025-06-01T00:00:00+00:00', '--job-id', '10', '--raw', '--subdir', 'DAGS_FOLDER/generate_discount_and_campaign.py', '--cfg-path', '/tmp/tmphzlknthb']
[2025-06-13T13:24:41.683+0000] {standard_task_runner.py:85} INFO - Job 10: Subtask generate_discount
[2025-06-13T13:24:41.805+0000] {task_command.py:415} INFO - Running <TaskInstance: ecommerce_generate_discount_and_campaign.generate_discount scheduled__2025-06-01T00:00:00+00:00 [running]> on host 3ddb9b5ffd69
[2025-06-13T13:24:42.002+0000] {taskinstance.py:1660} INFO - Exporting env vars: AIRFLOW_CTX_DAG_OWNER='***' AIRFLOW_CTX_DAG_ID='ecommerce_generate_discount_and_campaign' AIRFLOW_CTX_TASK_ID='generate_discount' AIRFLOW_CTX_EXECUTION_DATE='2025-06-01T00:00:00+00:00' AIRFLOW_CTX_TRY_NUMBER='1' AIRFLOW_CTX_DAG_RUN_ID='scheduled__2025-06-01T00:00:00+00:00'
[2025-06-13T13:24:42.036+0000] {python.py:194} INFO - Done. Returned value was: None
[2025-06-13T13:24:42.062+0000] {taskinstance.py:1398} INFO - Marking task as SUCCESS. dag_id=ecommerce_generate_discount_and_campaign, task_id=generate_discount, execution_date=20250601T000000, start_date=20250613T132441, end_date=20250613T132442
[2025-06-13T13:24:42.095+0000] {local_task_job_runner.py:228} INFO - Task exited with return code 0
[2025-06-13T13:24:42.146+0000] {taskinstance.py:2776} INFO - 0 downstream tasks scheduled from follow-on schedule check
[2025-06-13T13:35:47.564+0000] {taskinstance.py:1157} INFO - Dependencies all met for dep_context=non-requeueable deps ti=<TaskInstance: ecommerce_generate_discount_and_campaign.generate_discount scheduled__2025-06-01T00:00:00+00:00 [queued]>
[2025-06-13T13:35:47.584+0000] {taskinstance.py:1157} INFO - Dependencies all met for dep_context=requeueable deps ti=<TaskInstance: ecommerce_generate_discount_and_campaign.generate_discount scheduled__2025-06-01T00:00:00+00:00 [queued]>
[2025-06-13T13:35:47.585+0000] {taskinstance.py:1359} INFO - Starting attempt 1 of 4
[2025-06-13T13:35:47.609+0000] {taskinstance.py:1380} INFO - Executing <Task(PythonOperator): generate_discount> on 2025-06-01 00:00:00+00:00
[2025-06-13T13:35:47.618+0000] {standard_task_runner.py:57} INFO - Started process 234 to run task
[2025-06-13T13:35:47.622+0000] {standard_task_runner.py:84} INFO - Running: ['***', 'tasks', 'run', 'ecommerce_generate_discount_and_campaign', 'generate_discount', 'scheduled__2025-06-01T00:00:00+00:00', '--job-id', '10', '--raw', '--subdir', 'DAGS_FOLDER/generate_discount_and_campaign.py', '--cfg-path', '/tmp/tmp9hf13v51']
[2025-06-13T13:35:47.626+0000] {standard_task_runner.py:85} INFO - Job 10: Subtask generate_discount
[2025-06-13T13:35:47.757+0000] {task_command.py:415} INFO - Running <TaskInstance: ecommerce_generate_discount_and_campaign.generate_discount scheduled__2025-06-01T00:00:00+00:00 [running]> on host 76a309d19f9c
[2025-06-13T13:35:47.970+0000] {taskinstance.py:1660} INFO - Exporting env vars: AIRFLOW_CTX_DAG_OWNER='***' AIRFLOW_CTX_DAG_ID='ecommerce_generate_discount_and_campaign' AIRFLOW_CTX_TASK_ID='generate_discount' AIRFLOW_CTX_EXECUTION_DATE='2025-06-01T00:00:00+00:00' AIRFLOW_CTX_TRY_NUMBER='1' AIRFLOW_CTX_DAG_RUN_ID='scheduled__2025-06-01T00:00:00+00:00'
[2025-06-13T13:35:48.005+0000] {python.py:194} INFO - Done. Returned value was: None
[2025-06-13T13:35:48.040+0000] {taskinstance.py:1398} INFO - Marking task as SUCCESS. dag_id=ecommerce_generate_discount_and_campaign, task_id=generate_discount, execution_date=20250601T000000, start_date=20250613T133547, end_date=20250613T133548
[2025-06-13T13:35:48.076+0000] {local_task_job_runner.py:228} INFO - Task exited with return code 0
[2025-06-13T13:35:48.116+0000] {taskinstance.py:2776} INFO - 0 downstream tasks scheduled from follow-on schedule check
[2025-06-13T13:41:51.234+0000] {taskinstance.py:1157} INFO - Dependencies all met for dep_context=non-requeueable deps ti=<TaskInstance: ecommerce_generate_discount_and_campaign.generate_discount scheduled__2025-06-01T00:00:00+00:00 [queued]>
[2025-06-13T13:41:51.249+0000] {taskinstance.py:1157} INFO - Dependencies all met for dep_context=requeueable deps ti=<TaskInstance: ecommerce_generate_discount_and_campaign.generate_discount scheduled__2025-06-01T00:00:00+00:00 [queued]>
[2025-06-13T13:41:51.249+0000] {taskinstance.py:1359} INFO - Starting attempt 1 of 4
[2025-06-13T13:41:51.268+0000] {taskinstance.py:1380} INFO - Executing <Task(PythonOperator): generate_discount> on 2025-06-01 00:00:00+00:00
[2025-06-13T13:41:51.276+0000] {standard_task_runner.py:57} INFO - Started process 234 to run task
[2025-06-13T13:41:51.280+0000] {standard_task_runner.py:84} INFO - Running: ['***', 'tasks', 'run', 'ecommerce_generate_discount_and_campaign', 'generate_discount', 'scheduled__2025-06-01T00:00:00+00:00', '--job-id', '10', '--raw', '--subdir', 'DAGS_FOLDER/generate_discount_and_campaign.py', '--cfg-path', '/tmp/tmp2_f7s3he']
[2025-06-13T13:41:51.283+0000] {standard_task_runner.py:85} INFO - Job 10: Subtask generate_discount
[2025-06-13T13:41:51.381+0000] {task_command.py:415} INFO - Running <TaskInstance: ecommerce_generate_discount_and_campaign.generate_discount scheduled__2025-06-01T00:00:00+00:00 [running]> on host 4821ab4d0de9
[2025-06-13T13:41:51.551+0000] {taskinstance.py:1660} INFO - Exporting env vars: AIRFLOW_CTX_DAG_OWNER='***' AIRFLOW_CTX_DAG_ID='ecommerce_generate_discount_and_campaign' AIRFLOW_CTX_TASK_ID='generate_discount' AIRFLOW_CTX_EXECUTION_DATE='2025-06-01T00:00:00+00:00' AIRFLOW_CTX_TRY_NUMBER='1' AIRFLOW_CTX_DAG_RUN_ID='scheduled__2025-06-01T00:00:00+00:00'
[2025-06-13T13:41:51.575+0000] {python.py:194} INFO - Done. Returned value was: None
[2025-06-13T13:41:51.600+0000] {taskinstance.py:1398} INFO - Marking task as SUCCESS. dag_id=ecommerce_generate_discount_and_campaign, task_id=generate_discount, execution_date=20250601T000000, start_date=20250613T134151, end_date=20250613T134151
[2025-06-13T13:41:51.653+0000] {local_task_job_runner.py:228} INFO - Task exited with return code 0
[2025-06-13T13:41:51.692+0000] {taskinstance.py:2776} INFO - 0 downstream tasks scheduled from follow-on schedule check
[2025-06-13T13:48:50.261+0000] {taskinstance.py:1157} INFO - Dependencies all met for dep_context=non-requeueable deps ti=<TaskInstance: ecommerce_generate_discount_and_campaign.generate_discount scheduled__2025-06-01T00:00:00+00:00 [queued]>
[2025-06-13T13:48:50.281+0000] {taskinstance.py:1157} INFO - Dependencies all met for dep_context=requeueable deps ti=<TaskInstance: ecommerce_generate_discount_and_campaign.generate_discount scheduled__2025-06-01T00:00:00+00:00 [queued]>
[2025-06-13T13:48:50.281+0000] {taskinstance.py:1359} INFO - Starting attempt 1 of 4
[2025-06-13T13:48:50.310+0000] {taskinstance.py:1380} INFO - Executing <Task(PythonOperator): generate_discount> on 2025-06-01 00:00:00+00:00
[2025-06-13T13:48:50.320+0000] {standard_task_runner.py:57} INFO - Started process 234 to run task
[2025-06-13T13:48:50.325+0000] {standard_task_runner.py:84} INFO - Running: ['***', 'tasks', 'run', 'ecommerce_generate_discount_and_campaign', 'generate_discount', 'scheduled__2025-06-01T00:00:00+00:00', '--job-id', '10', '--raw', '--subdir', 'DAGS_FOLDER/generate_discount_and_campaign.py', '--cfg-path', '/tmp/tmp52tr6z9i']
[2025-06-13T13:48:50.329+0000] {standard_task_runner.py:85} INFO - Job 10: Subtask generate_discount
[2025-06-13T13:48:50.432+0000] {task_command.py:415} INFO - Running <TaskInstance: ecommerce_generate_discount_and_campaign.generate_discount scheduled__2025-06-01T00:00:00+00:00 [running]> on host 9ee50315c50c
[2025-06-13T13:48:50.615+0000] {taskinstance.py:1660} INFO - Exporting env vars: AIRFLOW_CTX_DAG_OWNER='***' AIRFLOW_CTX_DAG_ID='ecommerce_generate_discount_and_campaign' AIRFLOW_CTX_TASK_ID='generate_discount' AIRFLOW_CTX_EXECUTION_DATE='2025-06-01T00:00:00+00:00' AIRFLOW_CTX_TRY_NUMBER='1' AIRFLOW_CTX_DAG_RUN_ID='scheduled__2025-06-01T00:00:00+00:00'
[2025-06-13T13:48:50.643+0000] {python.py:194} INFO - Done. Returned value was: None
[2025-06-13T13:48:50.676+0000] {taskinstance.py:1398} INFO - Marking task as SUCCESS. dag_id=ecommerce_generate_discount_and_campaign, task_id=generate_discount, execution_date=20250601T000000, start_date=20250613T134850, end_date=20250613T134850
[2025-06-13T13:48:50.738+0000] {local_task_job_runner.py:228} INFO - Task exited with return code 0
[2025-06-13T13:48:50.778+0000] {taskinstance.py:2776} INFO - 0 downstream tasks scheduled from follow-on schedule check
[2025-06-13T13:51:20.277+0000] {taskinstance.py:1157} INFO - Dependencies all met for dep_context=non-requeueable deps ti=<TaskInstance: ecommerce_generate_discount_and_campaign.generate_discount scheduled__2025-06-01T00:00:00+00:00 [queued]>
[2025-06-13T13:51:20.297+0000] {taskinstance.py:1157} INFO - Dependencies all met for dep_context=requeueable deps ti=<TaskInstance: ecommerce_generate_discount_and_campaign.generate_discount scheduled__2025-06-01T00:00:00+00:00 [queued]>
[2025-06-13T13:51:20.298+0000] {taskinstance.py:1359} INFO - Starting attempt 1 of 4
[2025-06-13T13:51:20.326+0000] {taskinstance.py:1380} INFO - Executing <Task(PythonOperator): generate_discount> on 2025-06-01 00:00:00+00:00
[2025-06-13T13:51:20.335+0000] {standard_task_runner.py:57} INFO - Started process 237 to run task
[2025-06-13T13:51:20.340+0000] {standard_task_runner.py:84} INFO - Running: ['***', 'tasks', 'run', 'ecommerce_generate_discount_and_campaign', 'generate_discount', 'scheduled__2025-06-01T00:00:00+00:00', '--job-id', '11', '--raw', '--subdir', 'DAGS_FOLDER/generate_discount_and_campaign.py', '--cfg-path', '/tmp/tmpbcyzapax']
[2025-06-13T13:51:20.343+0000] {standard_task_runner.py:85} INFO - Job 11: Subtask generate_discount
[2025-06-13T13:51:20.481+0000] {task_command.py:415} INFO - Running <TaskInstance: ecommerce_generate_discount_and_campaign.generate_discount scheduled__2025-06-01T00:00:00+00:00 [running]> on host 17d15dd20887
[2025-06-13T13:51:20.698+0000] {taskinstance.py:1660} INFO - Exporting env vars: AIRFLOW_CTX_DAG_OWNER='***' AIRFLOW_CTX_DAG_ID='ecommerce_generate_discount_and_campaign' AIRFLOW_CTX_TASK_ID='generate_discount' AIRFLOW_CTX_EXECUTION_DATE='2025-06-01T00:00:00+00:00' AIRFLOW_CTX_TRY_NUMBER='1' AIRFLOW_CTX_DAG_RUN_ID='scheduled__2025-06-01T00:00:00+00:00'
[2025-06-13T13:51:20.734+0000] {python.py:194} INFO - Done. Returned value was: None
[2025-06-13T13:51:20.775+0000] {taskinstance.py:1398} INFO - Marking task as SUCCESS. dag_id=ecommerce_generate_discount_and_campaign, task_id=generate_discount, execution_date=20250601T000000, start_date=20250613T135120, end_date=20250613T135120
[2025-06-13T13:51:20.833+0000] {local_task_job_runner.py:228} INFO - Task exited with return code 0
[2025-06-13T13:51:20.886+0000] {taskinstance.py:2776} INFO - 0 downstream tasks scheduled from follow-on schedule check
[2025-06-13T13:54:12.120+0000] {taskinstance.py:1157} INFO - Dependencies all met for dep_context=non-requeueable deps ti=<TaskInstance: ecommerce_generate_discount_and_campaign.generate_discount scheduled__2025-06-01T00:00:00+00:00 [queued]>
[2025-06-13T13:54:12.140+0000] {taskinstance.py:1157} INFO - Dependencies all met for dep_context=requeueable deps ti=<TaskInstance: ecommerce_generate_discount_and_campaign.generate_discount scheduled__2025-06-01T00:00:00+00:00 [queued]>
[2025-06-13T13:54:12.142+0000] {taskinstance.py:1359} INFO - Starting attempt 1 of 4
[2025-06-13T13:54:12.169+0000] {taskinstance.py:1380} INFO - Executing <Task(PythonOperator): generate_discount> on 2025-06-01 00:00:00+00:00
[2025-06-13T13:54:12.183+0000] {standard_task_runner.py:57} INFO - Started process 237 to run task
[2025-06-13T13:54:12.189+0000] {standard_task_runner.py:84} INFO - Running: ['***', 'tasks', 'run', 'ecommerce_generate_discount_and_campaign', 'generate_discount', 'scheduled__2025-06-01T00:00:00+00:00', '--job-id', '11', '--raw', '--subdir', 'DAGS_FOLDER/generate_discount_and_campaign.py', '--cfg-path', '/tmp/tmpvvmfucqn']
[2025-06-13T13:54:12.194+0000] {standard_task_runner.py:85} INFO - Job 11: Subtask generate_discount
[2025-06-13T13:54:12.354+0000] {task_command.py:415} INFO - Running <TaskInstance: ecommerce_generate_discount_and_campaign.generate_discount scheduled__2025-06-01T00:00:00+00:00 [running]> on host f1d84043854e
[2025-06-13T13:54:12.589+0000] {taskinstance.py:1660} INFO - Exporting env vars: AIRFLOW_CTX_DAG_OWNER='***' AIRFLOW_CTX_DAG_ID='ecommerce_generate_discount_and_campaign' AIRFLOW_CTX_TASK_ID='generate_discount' AIRFLOW_CTX_EXECUTION_DATE='2025-06-01T00:00:00+00:00' AIRFLOW_CTX_TRY_NUMBER='1' AIRFLOW_CTX_DAG_RUN_ID='scheduled__2025-06-01T00:00:00+00:00'
[2025-06-13T13:54:12.618+0000] {python.py:194} INFO - Done. Returned value was: None
[2025-06-13T13:54:12.651+0000] {taskinstance.py:1398} INFO - Marking task as SUCCESS. dag_id=ecommerce_generate_discount_and_campaign, task_id=generate_discount, execution_date=20250601T000000, start_date=20250613T135412, end_date=20250613T135412
[2025-06-13T13:54:12.683+0000] {local_task_job_runner.py:228} INFO - Task exited with return code 0
[2025-06-13T13:54:12.725+0000] {taskinstance.py:2776} INFO - 0 downstream tasks scheduled from follow-on schedule check
[2025-06-13T14:02:34.870+0000] {taskinstance.py:1157} INFO - Dependencies all met for dep_context=non-requeueable deps ti=<TaskInstance: ecommerce_generate_discount_and_campaign.generate_discount scheduled__2025-06-01T00:00:00+00:00 [queued]>
[2025-06-13T14:02:34.894+0000] {taskinstance.py:1157} INFO - Dependencies all met for dep_context=requeueable deps ti=<TaskInstance: ecommerce_generate_discount_and_campaign.generate_discount scheduled__2025-06-01T00:00:00+00:00 [queued]>
[2025-06-13T14:02:34.895+0000] {taskinstance.py:1359} INFO - Starting attempt 1 of 4
[2025-06-13T14:02:34.929+0000] {taskinstance.py:1380} INFO - Executing <Task(PythonOperator): generate_discount> on 2025-06-01 00:00:00+00:00
[2025-06-13T14:02:34.941+0000] {standard_task_runner.py:57} INFO - Started process 234 to run task
[2025-06-13T14:02:34.952+0000] {standard_task_runner.py:84} INFO - Running: ['***', 'tasks', 'run', 'ecommerce_generate_discount_and_campaign', 'generate_discount', 'scheduled__2025-06-01T00:00:00+00:00', '--job-id', '10', '--raw', '--subdir', 'DAGS_FOLDER/generate_discount_and_campaign.py', '--cfg-path', '/tmp/tmpo4idravz']
[2025-06-13T14:02:34.956+0000] {standard_task_runner.py:85} INFO - Job 10: Subtask generate_discount
[2025-06-13T14:02:35.157+0000] {task_command.py:415} INFO - Running <TaskInstance: ecommerce_generate_discount_and_campaign.generate_discount scheduled__2025-06-01T00:00:00+00:00 [running]> on host ecb9ce2a98b4
[2025-06-13T14:02:35.369+0000] {taskinstance.py:1660} INFO - Exporting env vars: AIRFLOW_CTX_DAG_OWNER='***' AIRFLOW_CTX_DAG_ID='ecommerce_generate_discount_and_campaign' AIRFLOW_CTX_TASK_ID='generate_discount' AIRFLOW_CTX_EXECUTION_DATE='2025-06-01T00:00:00+00:00' AIRFLOW_CTX_TRY_NUMBER='1' AIRFLOW_CTX_DAG_RUN_ID='scheduled__2025-06-01T00:00:00+00:00'
[2025-06-13T14:02:35.391+0000] {python.py:194} INFO - Done. Returned value was: None
[2025-06-13T14:02:35.425+0000] {taskinstance.py:1398} INFO - Marking task as SUCCESS. dag_id=ecommerce_generate_discount_and_campaign, task_id=generate_discount, execution_date=20250601T000000, start_date=20250613T140234, end_date=20250613T140235
[2025-06-13T14:02:35.482+0000] {local_task_job_runner.py:228} INFO - Task exited with return code 0
[2025-06-13T14:02:35.522+0000] {taskinstance.py:2776} INFO - 0 downstream tasks scheduled from follow-on schedule check
[2025-06-13T14:05:48.010+0000] {taskinstance.py:1157} INFO - Dependencies all met for dep_context=non-requeueable deps ti=<TaskInstance: ecommerce_generate_discount_and_campaign.generate_discount scheduled__2025-06-01T00:00:00+00:00 [queued]>
[2025-06-13T14:05:48.028+0000] {taskinstance.py:1157} INFO - Dependencies all met for dep_context=requeueable deps ti=<TaskInstance: ecommerce_generate_discount_and_campaign.generate_discount scheduled__2025-06-01T00:00:00+00:00 [queued]>
[2025-06-13T14:05:48.029+0000] {taskinstance.py:1359} INFO - Starting attempt 1 of 4
[2025-06-13T14:05:48.055+0000] {taskinstance.py:1380} INFO - Executing <Task(PythonOperator): generate_discount> on 2025-06-01 00:00:00+00:00
[2025-06-13T14:05:48.065+0000] {standard_task_runner.py:57} INFO - Started process 234 to run task
[2025-06-13T14:05:48.068+0000] {standard_task_runner.py:84} INFO - Running: ['***', 'tasks', 'run', 'ecommerce_generate_discount_and_campaign', 'generate_discount', 'scheduled__2025-06-01T00:00:00+00:00', '--job-id', '10', '--raw', '--subdir', 'DAGS_FOLDER/generate_discount_and_campaign.py', '--cfg-path', '/tmp/tmpw60sl8zi']
[2025-06-13T14:05:48.070+0000] {standard_task_runner.py:85} INFO - Job 10: Subtask generate_discount
[2025-06-13T14:05:48.195+0000] {task_command.py:415} INFO - Running <TaskInstance: ecommerce_generate_discount_and_campaign.generate_discount scheduled__2025-06-01T00:00:00+00:00 [running]> on host a30c1c73f42f
[2025-06-13T14:05:48.392+0000] {taskinstance.py:1660} INFO - Exporting env vars: AIRFLOW_CTX_DAG_OWNER='***' AIRFLOW_CTX_DAG_ID='ecommerce_generate_discount_and_campaign' AIRFLOW_CTX_TASK_ID='generate_discount' AIRFLOW_CTX_EXECUTION_DATE='2025-06-01T00:00:00+00:00' AIRFLOW_CTX_TRY_NUMBER='1' AIRFLOW_CTX_DAG_RUN_ID='scheduled__2025-06-01T00:00:00+00:00'
[2025-06-13T14:05:48.418+0000] {python.py:194} INFO - Done. Returned value was: None
[2025-06-13T14:05:48.442+0000] {taskinstance.py:1398} INFO - Marking task as SUCCESS. dag_id=ecommerce_generate_discount_and_campaign, task_id=generate_discount, execution_date=20250601T000000, start_date=20250613T140548, end_date=20250613T140548
[2025-06-13T14:05:48.481+0000] {local_task_job_runner.py:228} INFO - Task exited with return code 0
[2025-06-13T14:05:48.517+0000] {taskinstance.py:2776} INFO - 0 downstream tasks scheduled from follow-on schedule check
[2025-06-13T14:08:48.222+0000] {taskinstance.py:1157} INFO - Dependencies all met for dep_context=non-requeueable deps ti=<TaskInstance: ecommerce_generate_discount_and_campaign.generate_discount scheduled__2025-06-01T00:00:00+00:00 [queued]>
[2025-06-13T14:08:48.242+0000] {taskinstance.py:1157} INFO - Dependencies all met for dep_context=requeueable deps ti=<TaskInstance: ecommerce_generate_discount_and_campaign.generate_discount scheduled__2025-06-01T00:00:00+00:00 [queued]>
[2025-06-13T14:08:48.242+0000] {taskinstance.py:1359} INFO - Starting attempt 1 of 4
[2025-06-13T14:08:48.267+0000] {taskinstance.py:1380} INFO - Executing <Task(PythonOperator): generate_discount> on 2025-06-01 00:00:00+00:00
[2025-06-13T14:08:48.276+0000] {standard_task_runner.py:57} INFO - Started process 234 to run task
[2025-06-13T14:08:48.280+0000] {standard_task_runner.py:84} INFO - Running: ['***', 'tasks', 'run', 'ecommerce_generate_discount_and_campaign', 'generate_discount', 'scheduled__2025-06-01T00:00:00+00:00', '--job-id', '10', '--raw', '--subdir', 'DAGS_FOLDER/generate_discount_and_campaign.py', '--cfg-path', '/tmp/tmpkuzj8zbg']
[2025-06-13T14:08:48.283+0000] {standard_task_runner.py:85} INFO - Job 10: Subtask generate_discount
[2025-06-13T14:08:48.413+0000] {task_command.py:415} INFO - Running <TaskInstance: ecommerce_generate_discount_and_campaign.generate_discount scheduled__2025-06-01T00:00:00+00:00 [running]> on host 3bda607c6347
[2025-06-13T14:08:48.619+0000] {taskinstance.py:1660} INFO - Exporting env vars: AIRFLOW_CTX_DAG_OWNER='***' AIRFLOW_CTX_DAG_ID='ecommerce_generate_discount_and_campaign' AIRFLOW_CTX_TASK_ID='generate_discount' AIRFLOW_CTX_EXECUTION_DATE='2025-06-01T00:00:00+00:00' AIRFLOW_CTX_TRY_NUMBER='1' AIRFLOW_CTX_DAG_RUN_ID='scheduled__2025-06-01T00:00:00+00:00'
[2025-06-13T14:08:48.653+0000] {python.py:194} INFO - Done. Returned value was: None
[2025-06-13T14:08:48.698+0000] {taskinstance.py:1398} INFO - Marking task as SUCCESS. dag_id=ecommerce_generate_discount_and_campaign, task_id=generate_discount, execution_date=20250601T000000, start_date=20250613T140848, end_date=20250613T140848
[2025-06-13T14:08:48.774+0000] {local_task_job_runner.py:228} INFO - Task exited with return code 0
[2025-06-13T14:08:48.829+0000] {taskinstance.py:2776} INFO - 0 downstream tasks scheduled from follow-on schedule check
[2025-06-13T15:50:56.145+0000] {taskinstance.py:1157} INFO - Dependencies all met for dep_context=non-requeueable deps ti=<TaskInstance: ecommerce_generate_discount_and_campaign.generate_discount scheduled__2025-06-01T00:00:00+00:00 [queued]>
[2025-06-13T15:50:56.166+0000] {taskinstance.py:1157} INFO - Dependencies all met for dep_context=requeueable deps ti=<TaskInstance: ecommerce_generate_discount_and_campaign.generate_discount scheduled__2025-06-01T00:00:00+00:00 [queued]>
[2025-06-13T15:50:56.167+0000] {taskinstance.py:1359} INFO - Starting attempt 1 of 4
[2025-06-13T15:50:56.193+0000] {taskinstance.py:1380} INFO - Executing <Task(PythonOperator): generate_discount> on 2025-06-01 00:00:00+00:00
[2025-06-13T15:50:56.204+0000] {standard_task_runner.py:57} INFO - Started process 233 to run task
[2025-06-13T15:50:56.209+0000] {standard_task_runner.py:84} INFO - Running: ['***', 'tasks', 'run', 'ecommerce_generate_discount_and_campaign', 'generate_discount', 'scheduled__2025-06-01T00:00:00+00:00', '--job-id', '10', '--raw', '--subdir', 'DAGS_FOLDER/generate_discount_and_campaign.py', '--cfg-path', '/tmp/tmpp3c9mlzc']
[2025-06-13T15:50:56.212+0000] {standard_task_runner.py:85} INFO - Job 10: Subtask generate_discount
[2025-06-13T15:50:56.374+0000] {task_command.py:415} INFO - Running <TaskInstance: ecommerce_generate_discount_and_campaign.generate_discount scheduled__2025-06-01T00:00:00+00:00 [running]> on host 3498b866135e
[2025-06-13T15:50:56.669+0000] {taskinstance.py:1660} INFO - Exporting env vars: AIRFLOW_CTX_DAG_OWNER='***' AIRFLOW_CTX_DAG_ID='ecommerce_generate_discount_and_campaign' AIRFLOW_CTX_TASK_ID='generate_discount' AIRFLOW_CTX_EXECUTION_DATE='2025-06-01T00:00:00+00:00' AIRFLOW_CTX_TRY_NUMBER='1' AIRFLOW_CTX_DAG_RUN_ID='scheduled__2025-06-01T00:00:00+00:00'
[2025-06-13T15:50:56.700+0000] {python.py:194} INFO - Done. Returned value was: None
[2025-06-13T15:50:56.741+0000] {taskinstance.py:1398} INFO - Marking task as SUCCESS. dag_id=ecommerce_generate_discount_and_campaign, task_id=generate_discount, execution_date=20250601T000000, start_date=20250613T155056, end_date=20250613T155056
[2025-06-13T15:50:56.792+0000] {local_task_job_runner.py:228} INFO - Task exited with return code 0
[2025-06-13T15:50:56.929+0000] {taskinstance.py:2776} INFO - 0 downstream tasks scheduled from follow-on schedule check
