[2025-06-14T04:14:13.845+0000] {taskinstance.py:1157} INFO - Dependencies all met for dep_context=non-requeueable deps ti=<TaskInstance: ecommerce_generate_order_process.generate_order_process scheduled__2025-06-14T04:13:12.130199+00:00 [queued]>
[2025-06-14T04:14:13.854+0000] {taskinstance.py:1157} INFO - Dependencies all met for dep_context=requeueable deps ti=<TaskInstance: ecommerce_generate_order_process.generate_order_process scheduled__2025-06-14T04:13:12.130199+00:00 [queued]>
[2025-06-14T04:14:13.854+0000] {taskinstance.py:1359} INFO - Starting attempt 1 of 6
[2025-06-14T04:14:13.872+0000] {taskinstance.py:1380} INFO - Executing <Task(_PythonDecoratedOperator): generate_order_process> on 2025-06-14 04:13:12.130199+00:00
[2025-06-14T04:14:13.877+0000] {standard_task_runner.py:57} INFO - Started process 12856 to run task
[2025-06-14T04:14:13.879+0000] {standard_task_runner.py:84} INFO - Running: ['***', 'tasks', 'run', 'ecommerce_generate_order_process', 'generate_order_process', 'scheduled__2025-06-14T04:13:12.130199+00:00', '--job-id', '1099', '--raw', '--subdir', 'DAGS_FOLDER/generate_order_process.py', '--cfg-path', '/tmp/tmpdooi7sbo']
[2025-06-14T04:14:13.881+0000] {standard_task_runner.py:85} INFO - Job 1099: Subtask generate_order_process
[2025-06-14T04:14:13.942+0000] {task_command.py:415} INFO - Running <TaskInstance: ecommerce_generate_order_process.generate_order_process scheduled__2025-06-14T04:13:12.130199+00:00 [running]> on host 3498b866135e
[2025-06-14T04:14:14.045+0000] {taskinstance.py:1660} INFO - Exporting env vars: AIRFLOW_CTX_DAG_OWNER='***' AIRFLOW_CTX_DAG_ID='ecommerce_generate_order_process' AIRFLOW_CTX_TASK_ID='generate_order_process' AIRFLOW_CTX_EXECUTION_DATE='2025-06-14T04:13:12.130199+00:00' AIRFLOW_CTX_TRY_NUMBER='1' AIRFLOW_CTX_DAG_RUN_ID='scheduled__2025-06-14T04:13:12.130199+00:00'
[2025-06-14T04:14:14.059+0000] {logging_mixin.py:151} INFO - ----------------------------
[2025-06-14T04:14:14.059+0000] {logging_mixin.py:151} INFO - 267
[2025-06-14T04:14:14.059+0000] {logging_mixin.py:151} INFO - ----------------------------
[2025-06-14T04:14:14.065+0000] {logging_mixin.py:151} INFO - [(8, 1, Decimal('130.57'), Decimal('13.94'), Decimal('18.201458')), (9, 4, Decimal('724.69'), Decimal('11.61'), Decimal('336.546036')), (43, 8, Decimal('746.10'), Decimal('4.92'), Decimal('293.664960')), (23, 1, Decimal('521.30'), Decimal('16.80'), Decimal('87.57840')), (36, 1, Decimal('745.80'), Decimal('1.07'), Decimal('7.980060')), (42, 4, Decimal('408.31'), Decimal('15.66'), Decimal('255.765384'))]
[2025-06-14T04:14:14.067+0000] {logging_mixin.py:151} INFO - [(215, 8, 1, Decimal('130.57'), Decimal('13.94'), Decimal('18.201458')), (215, 9, 4, Decimal('724.69'), Decimal('11.61'), Decimal('336.546036')), (215, 43, 8, Decimal('746.10'), Decimal('4.92'), Decimal('293.664960')), (215, 23, 1, Decimal('521.30'), Decimal('16.80'), Decimal('87.57840')), (215, 36, 1, Decimal('745.80'), Decimal('1.07'), Decimal('7.980060')), (215, 42, 4, Decimal('408.31'), Decimal('15.66'), Decimal('255.765384'))]
[2025-06-14T04:14:14.068+0000] {logging_mixin.py:151} INFO - Simulation completed successfully!
[2025-06-14T04:14:14.068+0000] {logging_mixin.py:151} INFO - 215
[2025-06-14T04:14:14.068+0000] {python.py:194} INFO - Done. Returned value was: 215
[2025-06-14T04:14:14.101+0000] {taskinstance.py:1398} INFO - Marking task as SUCCESS. dag_id=ecommerce_generate_order_process, task_id=generate_order_process, execution_date=20250614T041312, start_date=20250614T041413, end_date=20250614T041414
[2025-06-14T04:14:14.131+0000] {local_task_job_runner.py:228} INFO - Task exited with return code 0
[2025-06-14T04:14:14.153+0000] {taskinstance.py:2776} INFO - 1 downstream tasks scheduled from follow-on schedule check
