[2025-06-13T14:13:28.837+0000] {taskinstance.py:1157} INFO - Dependencies all met for dep_context=non-requeueable deps ti=<TaskInstance: ecommerce_generate_order_process.generate_order_process scheduled__2025-06-13T14:12:27.993779+00:00 [queued]>
[2025-06-13T14:13:28.844+0000] {taskinstance.py:1157} INFO - Dependencies all met for dep_context=requeueable deps ti=<TaskInstance: ecommerce_generate_order_process.generate_order_process scheduled__2025-06-13T14:12:27.993779+00:00 [queued]>
[2025-06-13T14:13:28.844+0000] {taskinstance.py:1359} INFO - Starting attempt 1 of 6
[2025-06-13T14:13:28.857+0000] {taskinstance.py:1380} INFO - Executing <Task(_PythonDecoratedOperator): generate_order_process> on 2025-06-13 14:12:27.993779+00:00
[2025-06-13T14:13:28.862+0000] {standard_task_runner.py:57} INFO - Started process 646 to run task
[2025-06-13T14:13:28.864+0000] {standard_task_runner.py:84} INFO - Running: ['***', 'tasks', 'run', 'ecommerce_generate_order_process', 'generate_order_process', 'scheduled__2025-06-13T14:12:27.993779+00:00', '--job-id', '37', '--raw', '--subdir', 'DAGS_FOLDER/generate_order_process.py', '--cfg-path', '/tmp/tmpfr9m0u_m']
[2025-06-13T14:13:28.866+0000] {standard_task_runner.py:85} INFO - Job 37: Subtask generate_order_process
[2025-06-13T14:13:28.923+0000] {task_command.py:415} INFO - Running <TaskInstance: ecommerce_generate_order_process.generate_order_process scheduled__2025-06-13T14:12:27.993779+00:00 [running]> on host 3bda607c6347
[2025-06-13T14:13:29.016+0000] {taskinstance.py:1660} INFO - Exporting env vars: AIRFLOW_CTX_DAG_OWNER='***' AIRFLOW_CTX_DAG_ID='ecommerce_generate_order_process' AIRFLOW_CTX_TASK_ID='generate_order_process' AIRFLOW_CTX_EXECUTION_DATE='2025-06-13T14:12:27.993779+00:00' AIRFLOW_CTX_TRY_NUMBER='1' AIRFLOW_CTX_DAG_RUN_ID='scheduled__2025-06-13T14:12:27.993779+00:00'
[2025-06-13T14:13:29.028+0000] {logging_mixin.py:151} INFO - ----------------------------
[2025-06-13T14:13:29.028+0000] {logging_mixin.py:151} INFO - 10
[2025-06-13T14:13:29.029+0000] {logging_mixin.py:151} INFO - ----------------------------
[2025-06-13T14:13:29.037+0000] {logging_mixin.py:151} INFO - [(10, 5, Decimal('515.90'), Decimal('5.97'), Decimal('153.996150')), (22, 8, Decimal('664.54'), Decimal('12.32'), Decimal('654.970624')), (23, 10, Decimal('504.13'), Decimal('12.39'), Decimal('624.617070')), (21, 2, Decimal('895.61'), Decimal('14.19'), Decimal('254.174118')), (19, 4, Decimal('724.43'), Decimal('19.76'), Decimal('572.589472')), (13, 1, Decimal('365.66'), Decimal('8.71'), Decimal('31.848986')), (4, 1, Decimal('990.75'), Decimal('19.53'), Decimal('193.493475')), (7, 6, Decimal('597.68'), Decimal('10.56'), Decimal('378.690048')), (1, 4, Decimal('52.07'), Decimal('6.68'), Decimal('13.913104')), (12, 4, Decimal('336.36'), Decimal('11.67'), Decimal('157.012848'))]
[2025-06-13T14:13:29.040+0000] {logging_mixin.py:151} INFO - [(1, 10, 5, Decimal('515.90'), Decimal('5.97'), Decimal('153.996150')), (1, 22, 8, Decimal('664.54'), Decimal('12.32'), Decimal('654.970624')), (1, 23, 10, Decimal('504.13'), Decimal('12.39'), Decimal('624.617070')), (1, 21, 2, Decimal('895.61'), Decimal('14.19'), Decimal('254.174118')), (1, 19, 4, Decimal('724.43'), Decimal('19.76'), Decimal('572.589472')), (1, 13, 1, Decimal('365.66'), Decimal('8.71'), Decimal('31.848986')), (1, 4, 1, Decimal('990.75'), Decimal('19.53'), Decimal('193.493475')), (1, 7, 6, Decimal('597.68'), Decimal('10.56'), Decimal('378.690048')), (1, 1, 4, Decimal('52.07'), Decimal('6.68'), Decimal('13.913104')), (1, 12, 4, Decimal('336.36'), Decimal('11.67'), Decimal('157.012848'))]
[2025-06-13T14:13:29.040+0000] {logging_mixin.py:151} INFO - Simulation completed successfully!
[2025-06-13T14:13:29.040+0000] {logging_mixin.py:151} INFO - 1
[2025-06-13T14:13:29.041+0000] {python.py:194} INFO - Done. Returned value was: 1
[2025-06-13T14:13:29.072+0000] {taskinstance.py:1398} INFO - Marking task as SUCCESS. dag_id=ecommerce_generate_order_process, task_id=generate_order_process, execution_date=20250613T141227, start_date=20250613T141328, end_date=20250613T141329
[2025-06-13T14:13:29.116+0000] {local_task_job_runner.py:228} INFO - Task exited with return code 0
[2025-06-13T14:13:29.141+0000] {taskinstance.py:2776} INFO - 1 downstream tasks scheduled from follow-on schedule check
