[2025-06-14T02:48:12.888+0000] {taskinstance.py:1157} INFO - Dependencies all met for dep_context=non-requeueable deps ti=<TaskInstance: ecommerce_generate_order_process.generate_order_process scheduled__2025-06-14T02:47:12.033460+00:00 [queued]>
[2025-06-14T02:48:12.894+0000] {taskinstance.py:1157} INFO - Dependencies all met for dep_context=requeueable deps ti=<TaskInstance: ecommerce_generate_order_process.generate_order_process scheduled__2025-06-14T02:47:12.033460+00:00 [queued]>
[2025-06-14T02:48:12.895+0000] {taskinstance.py:1359} INFO - Starting attempt 1 of 6
[2025-06-14T02:48:12.907+0000] {taskinstance.py:1380} INFO - Executing <Task(_PythonDecoratedOperator): generate_order_process> on 2025-06-14 02:47:12.033460+00:00
[2025-06-14T02:48:12.911+0000] {standard_task_runner.py:57} INFO - Started process 5236 to run task
[2025-06-14T02:48:12.913+0000] {standard_task_runner.py:84} INFO - Running: ['***', 'tasks', 'run', 'ecommerce_generate_order_process', 'generate_order_process', 'scheduled__2025-06-14T02:47:12.033460+00:00', '--job-id', '669', '--raw', '--subdir', 'DAGS_FOLDER/generate_order_process.py', '--cfg-path', '/tmp/tmptb94l8gm']
[2025-06-14T02:48:12.915+0000] {standard_task_runner.py:85} INFO - Job 669: Subtask generate_order_process
[2025-06-14T02:48:12.964+0000] {task_command.py:415} INFO - Running <TaskInstance: ecommerce_generate_order_process.generate_order_process scheduled__2025-06-14T02:47:12.033460+00:00 [running]> on host 3498b866135e
[2025-06-14T02:48:13.050+0000] {taskinstance.py:1660} INFO - Exporting env vars: AIRFLOW_CTX_DAG_OWNER='***' AIRFLOW_CTX_DAG_ID='ecommerce_generate_order_process' AIRFLOW_CTX_TASK_ID='generate_order_process' AIRFLOW_CTX_EXECUTION_DATE='2025-06-14T02:47:12.033460+00:00' AIRFLOW_CTX_TRY_NUMBER='1' AIRFLOW_CTX_DAG_RUN_ID='scheduled__2025-06-14T02:47:12.033460+00:00'
[2025-06-14T02:48:13.061+0000] {logging_mixin.py:151} INFO - ----------------------------
[2025-06-14T02:48:13.062+0000] {logging_mixin.py:151} INFO - 127
[2025-06-14T02:48:13.062+0000] {logging_mixin.py:151} INFO - ----------------------------
[2025-06-14T02:48:13.068+0000] {logging_mixin.py:151} INFO - [(22, 1, Decimal('429.81'), Decimal('5.21'), Decimal('22.393101')), (1, 1, Decimal('802.42'), Decimal('3.53'), Decimal('28.325426')), (48, 4, Decimal('294.67'), Decimal('17.31'), Decimal('204.029508')), (31, 6, Decimal('878.54'), Decimal('16.74'), Decimal('882.405576'))]
[2025-06-14T02:48:13.069+0000] {logging_mixin.py:151} INFO - [(129, 22, 1, Decimal('429.81'), Decimal('5.21'), Decimal('22.393101')), (129, 1, 1, Decimal('802.42'), Decimal('3.53'), Decimal('28.325426')), (129, 48, 4, Decimal('294.67'), Decimal('17.31'), Decimal('204.029508')), (129, 31, 6, Decimal('878.54'), Decimal('16.74'), Decimal('882.405576'))]
[2025-06-14T02:48:13.070+0000] {logging_mixin.py:151} INFO - Simulation completed successfully!
[2025-06-14T02:48:13.071+0000] {logging_mixin.py:151} INFO - 129
[2025-06-14T02:48:13.071+0000] {python.py:194} INFO - Done. Returned value was: 129
[2025-06-14T02:48:13.099+0000] {taskinstance.py:1398} INFO - Marking task as SUCCESS. dag_id=ecommerce_generate_order_process, task_id=generate_order_process, execution_date=20250614T024712, start_date=20250614T024812, end_date=20250614T024813
[2025-06-14T02:48:13.125+0000] {local_task_job_runner.py:228} INFO - Task exited with return code 0
[2025-06-14T02:48:13.146+0000] {taskinstance.py:2776} INFO - 1 downstream tasks scheduled from follow-on schedule check
