[2025-06-14T04:43:13.110+0000] {taskinstance.py:1157} INFO - Dependencies all met for dep_context=non-requeueable deps ti=<TaskInstance: ecommerce_generate_order_process.generate_order_process scheduled__2025-06-14T04:42:12.130199+00:00 [queued]>
[2025-06-14T04:43:13.117+0000] {taskinstance.py:1157} INFO - Dependencies all met for dep_context=requeueable deps ti=<TaskInstance: ecommerce_generate_order_process.generate_order_process scheduled__2025-06-14T04:42:12.130199+00:00 [queued]>
[2025-06-14T04:43:13.117+0000] {taskinstance.py:1359} INFO - Starting attempt 1 of 6
[2025-06-14T04:43:13.128+0000] {taskinstance.py:1380} INFO - Executing <Task(_PythonDecoratedOperator): generate_order_process> on 2025-06-14 04:42:12.130199+00:00
[2025-06-14T04:43:13.133+0000] {standard_task_runner.py:57} INFO - Started process 15406 to run task
[2025-06-14T04:43:13.135+0000] {standard_task_runner.py:84} INFO - Running: ['***', 'tasks', 'run', 'ecommerce_generate_order_process', 'generate_order_process', 'scheduled__2025-06-14T04:42:12.130199+00:00', '--job-id', '1244', '--raw', '--subdir', 'DAGS_FOLDER/generate_order_process.py', '--cfg-path', '/tmp/tmp2nc91zcn']
[2025-06-14T04:43:13.136+0000] {standard_task_runner.py:85} INFO - Job 1244: Subtask generate_order_process
[2025-06-14T04:43:13.186+0000] {task_command.py:415} INFO - Running <TaskInstance: ecommerce_generate_order_process.generate_order_process scheduled__2025-06-14T04:42:12.130199+00:00 [running]> on host 3498b866135e
[2025-06-14T04:43:13.275+0000] {taskinstance.py:1660} INFO - Exporting env vars: AIRFLOW_CTX_DAG_OWNER='***' AIRFLOW_CTX_DAG_ID='ecommerce_generate_order_process' AIRFLOW_CTX_TASK_ID='generate_order_process' AIRFLOW_CTX_EXECUTION_DATE='2025-06-14T04:42:12.130199+00:00' AIRFLOW_CTX_TRY_NUMBER='1' AIRFLOW_CTX_DAG_RUN_ID='scheduled__2025-06-14T04:42:12.130199+00:00'
[2025-06-14T04:43:13.288+0000] {logging_mixin.py:151} INFO - ----------------------------
[2025-06-14T04:43:13.288+0000] {logging_mixin.py:151} INFO - 456
[2025-06-14T04:43:13.288+0000] {logging_mixin.py:151} INFO - ----------------------------
[2025-06-14T04:43:13.294+0000] {logging_mixin.py:151} INFO - [(20, 8, Decimal('841.06'), Decimal('11.60'), Decimal('780.50368')), (17, 1, Decimal('207.60'), Decimal('14.70'), Decimal('30.51720')), (47, 3, Decimal('923.92'), Decimal('9.75'), Decimal('270.246600')), (49, 8, Decimal('42.29'), Decimal('1.49'), Decimal('5.040968')), (3, 7, Decimal('946.29'), Decimal('2.59'), Decimal('171.562377')), (15, 7, Decimal('523.55'), Decimal('19.06'), Decimal('698.520410')), (10, 4, Decimal('598.05'), Decimal('10.18'), Decimal('243.525960')), (37, 7, Decimal('892.19'), Decimal('4.68'), Decimal('292.281444')), (41, 1, Decimal('855.34'), Decimal('13.96'), Decimal('119.405464'))]
[2025-06-14T04:43:13.296+0000] {logging_mixin.py:151} INFO - [(244, 20, 8, Decimal('841.06'), Decimal('11.60'), Decimal('780.50368')), (244, 17, 1, Decimal('207.60'), Decimal('14.70'), Decimal('30.51720')), (244, 47, 3, Decimal('923.92'), Decimal('9.75'), Decimal('270.246600')), (244, 49, 8, Decimal('42.29'), Decimal('1.49'), Decimal('5.040968')), (244, 3, 7, Decimal('946.29'), Decimal('2.59'), Decimal('171.562377')), (244, 15, 7, Decimal('523.55'), Decimal('19.06'), Decimal('698.520410')), (244, 10, 4, Decimal('598.05'), Decimal('10.18'), Decimal('243.525960')), (244, 37, 7, Decimal('892.19'), Decimal('4.68'), Decimal('292.281444')), (244, 41, 1, Decimal('855.34'), Decimal('13.96'), Decimal('119.405464'))]
[2025-06-14T04:43:13.297+0000] {logging_mixin.py:151} INFO - Simulation completed successfully!
[2025-06-14T04:43:13.297+0000] {logging_mixin.py:151} INFO - 244
[2025-06-14T04:43:13.297+0000] {python.py:194} INFO - Done. Returned value was: 244
[2025-06-14T04:43:13.327+0000] {taskinstance.py:1398} INFO - Marking task as SUCCESS. dag_id=ecommerce_generate_order_process, task_id=generate_order_process, execution_date=20250614T044212, start_date=20250614T044313, end_date=20250614T044313
[2025-06-14T04:43:13.347+0000] {local_task_job_runner.py:228} INFO - Task exited with return code 0
[2025-06-14T04:43:13.370+0000] {taskinstance.py:2776} INFO - 1 downstream tasks scheduled from follow-on schedule check
