[2025-06-14T02:40:12.576+0000] {taskinstance.py:1157} INFO - Dependencies all met for dep_context=non-requeueable deps ti=<TaskInstance: ecommerce_generate_order_process.generate_order_process scheduled__2025-06-14T02:39:12.033460+00:00 [queued]>
[2025-06-14T02:40:12.584+0000] {taskinstance.py:1157} INFO - Dependencies all met for dep_context=requeueable deps ti=<TaskInstance: ecommerce_generate_order_process.generate_order_process scheduled__2025-06-14T02:39:12.033460+00:00 [queued]>
[2025-06-14T02:40:12.584+0000] {taskinstance.py:1359} INFO - Starting attempt 1 of 6
[2025-06-14T02:40:12.595+0000] {taskinstance.py:1380} INFO - Executing <Task(_PythonDecoratedOperator): generate_order_process> on 2025-06-14 02:39:12.033460+00:00
[2025-06-14T02:40:12.600+0000] {standard_task_runner.py:57} INFO - Started process 4556 to run task
[2025-06-14T02:40:12.602+0000] {standard_task_runner.py:84} INFO - Running: ['***', 'tasks', 'run', 'ecommerce_generate_order_process', 'generate_order_process', 'scheduled__2025-06-14T02:39:12.033460+00:00', '--job-id', '629', '--raw', '--subdir', 'DAGS_FOLDER/generate_order_process.py', '--cfg-path', '/tmp/tmpkfwlmzdc']
[2025-06-14T02:40:12.604+0000] {standard_task_runner.py:85} INFO - Job 629: Subtask generate_order_process
[2025-06-14T02:40:12.651+0000] {task_command.py:415} INFO - Running <TaskInstance: ecommerce_generate_order_process.generate_order_process scheduled__2025-06-14T02:39:12.033460+00:00 [running]> on host 3498b866135e
[2025-06-14T02:40:12.735+0000] {taskinstance.py:1660} INFO - Exporting env vars: AIRFLOW_CTX_DAG_OWNER='***' AIRFLOW_CTX_DAG_ID='ecommerce_generate_order_process' AIRFLOW_CTX_TASK_ID='generate_order_process' AIRFLOW_CTX_EXECUTION_DATE='2025-06-14T02:39:12.033460+00:00' AIRFLOW_CTX_TRY_NUMBER='1' AIRFLOW_CTX_DAG_RUN_ID='scheduled__2025-06-14T02:39:12.033460+00:00'
[2025-06-14T02:40:12.746+0000] {logging_mixin.py:151} INFO - ----------------------------
[2025-06-14T02:40:12.746+0000] {logging_mixin.py:151} INFO - 102
[2025-06-14T02:40:12.746+0000] {logging_mixin.py:151} INFO - ----------------------------
[2025-06-14T02:40:12.751+0000] {logging_mixin.py:151} INFO - [(34, 5, Decimal('814.83'), Decimal('13.74'), Decimal('559.788210')), (19, 8, Decimal('665.31'), Decimal('4.02'), Decimal('213.963696')), (24, 1, Decimal('387.14'), Decimal('4.66'), Decimal('18.040724')), (39, 6, Decimal('713.46'), Decimal('15.39'), Decimal('658.808964')), (17, 1, Decimal('207.60'), Decimal('14.70'), Decimal('30.51720')), (14, 5, Decimal('657.33'), Decimal('0.13'), Decimal('4.272645')), (2, 1, Decimal('925.46'), Decimal('2.62'), Decimal('24.247052')), (46, 9, Decimal('279.46'), Decimal('19.12'), Decimal('480.894768')), (23, 1, Decimal('521.30'), Decimal('16.80'), Decimal('87.57840')), (48, 4, Decimal('294.67'), Decimal('17.31'), Decimal('204.029508'))]
[2025-06-14T02:40:12.752+0000] {logging_mixin.py:151} INFO - [(121, 34, 5, Decimal('814.83'), Decimal('13.74'), Decimal('559.788210')), (121, 19, 8, Decimal('665.31'), Decimal('4.02'), Decimal('213.963696')), (121, 24, 1, Decimal('387.14'), Decimal('4.66'), Decimal('18.040724')), (121, 39, 6, Decimal('713.46'), Decimal('15.39'), Decimal('658.808964')), (121, 17, 1, Decimal('207.60'), Decimal('14.70'), Decimal('30.51720')), (121, 14, 5, Decimal('657.33'), Decimal('0.13'), Decimal('4.272645')), (121, 2, 1, Decimal('925.46'), Decimal('2.62'), Decimal('24.247052')), (121, 46, 9, Decimal('279.46'), Decimal('19.12'), Decimal('480.894768')), (121, 23, 1, Decimal('521.30'), Decimal('16.80'), Decimal('87.57840')), (121, 48, 4, Decimal('294.67'), Decimal('17.31'), Decimal('204.029508'))]
[2025-06-14T02:40:12.753+0000] {logging_mixin.py:151} INFO - Simulation completed successfully!
[2025-06-14T02:40:12.753+0000] {logging_mixin.py:151} INFO - 121
[2025-06-14T02:40:12.754+0000] {python.py:194} INFO - Done. Returned value was: 121
[2025-06-14T02:40:12.783+0000] {taskinstance.py:1398} INFO - Marking task as SUCCESS. dag_id=ecommerce_generate_order_process, task_id=generate_order_process, execution_date=20250614T023912, start_date=20250614T024012, end_date=20250614T024012
[2025-06-14T02:40:12.814+0000] {local_task_job_runner.py:228} INFO - Task exited with return code 0
[2025-06-14T02:40:12.836+0000] {taskinstance.py:2776} INFO - 1 downstream tasks scheduled from follow-on schedule check
