[2025-06-13T16:34:33.826+0000] {taskinstance.py:1157} INFO - Dependencies all met for dep_context=non-requeueable deps ti=<TaskInstance: ecommerce_generate_order_process.generate_order_process scheduled__2025-06-13T16:33:31.706122+00:00 [queued]>
[2025-06-13T16:34:33.838+0000] {taskinstance.py:1157} INFO - Dependencies all met for dep_context=requeueable deps ti=<TaskInstance: ecommerce_generate_order_process.generate_order_process scheduled__2025-06-13T16:33:31.706122+00:00 [queued]>
[2025-06-13T16:34:33.838+0000] {taskinstance.py:1359} INFO - Starting attempt 1 of 6
[2025-06-13T16:34:33.862+0000] {taskinstance.py:1380} INFO - Executing <Task(_PythonDecoratedOperator): generate_order_process> on 2025-06-13 16:33:31.706122+00:00
[2025-06-13T16:34:33.872+0000] {standard_task_runner.py:57} INFO - Started process 4061 to run task
[2025-06-13T16:34:33.875+0000] {standard_task_runner.py:84} INFO - Running: ['***', 'tasks', 'run', 'ecommerce_generate_order_process', 'generate_order_process', 'scheduled__2025-06-13T16:33:31.706122+00:00', '--job-id', '245', '--raw', '--subdir', 'DAGS_FOLDER/generate_order_process.py', '--cfg-path', '/tmp/tmpttxtgyls']
[2025-06-13T16:34:33.878+0000] {standard_task_runner.py:85} INFO - Job 245: Subtask generate_order_process
[2025-06-13T16:34:34.025+0000] {task_command.py:415} INFO - Running <TaskInstance: ecommerce_generate_order_process.generate_order_process scheduled__2025-06-13T16:33:31.706122+00:00 [running]> on host 3498b866135e
[2025-06-13T16:34:34.291+0000] {taskinstance.py:1660} INFO - Exporting env vars: AIRFLOW_CTX_DAG_OWNER='***' AIRFLOW_CTX_DAG_ID='ecommerce_generate_order_process' AIRFLOW_CTX_TASK_ID='generate_order_process' AIRFLOW_CTX_EXECUTION_DATE='2025-06-13T16:33:31.706122+00:00' AIRFLOW_CTX_TRY_NUMBER='1' AIRFLOW_CTX_DAG_RUN_ID='scheduled__2025-06-13T16:33:31.706122+00:00'
[2025-06-13T16:34:34.314+0000] {logging_mixin.py:151} INFO - ----------------------------
[2025-06-13T16:34:34.314+0000] {logging_mixin.py:151} INFO - 75
[2025-06-13T16:34:34.314+0000] {logging_mixin.py:151} INFO - ----------------------------
[2025-06-13T16:34:34.324+0000] {logging_mixin.py:151} INFO - [(19, 8, Decimal('665.31'), Decimal('4.02'), Decimal('213.963696')), (6, 1, Decimal('721.46'), Decimal('1.60'), Decimal('11.54336')), (10, 4, Decimal('598.05'), Decimal('10.18'), Decimal('243.525960')), (17, 1, Decimal('207.60'), Decimal('14.70'), Decimal('30.51720')), (23, 1, Decimal('521.30'), Decimal('16.80'), Decimal('87.57840')), (2, 1, Decimal('925.46'), Decimal('2.62'), Decimal('24.247052')), (18, 9, Decimal('697.86'), Decimal('6.91'), Decimal('433.999134')), (9, 4, Decimal('724.69'), Decimal('11.61'), Decimal('336.546036')), (24, 1, Decimal('387.14'), Decimal('4.66'), Decimal('18.040724'))]
[2025-06-13T16:34:34.327+0000] {logging_mixin.py:151} INFO - [(47, 19, 8, Decimal('665.31'), Decimal('4.02'), Decimal('213.963696')), (47, 6, 1, Decimal('721.46'), Decimal('1.60'), Decimal('11.54336')), (47, 10, 4, Decimal('598.05'), Decimal('10.18'), Decimal('243.525960')), (47, 17, 1, Decimal('207.60'), Decimal('14.70'), Decimal('30.51720')), (47, 23, 1, Decimal('521.30'), Decimal('16.80'), Decimal('87.57840')), (47, 2, 1, Decimal('925.46'), Decimal('2.62'), Decimal('24.247052')), (47, 18, 9, Decimal('697.86'), Decimal('6.91'), Decimal('433.999134')), (47, 9, 4, Decimal('724.69'), Decimal('11.61'), Decimal('336.546036')), (47, 24, 1, Decimal('387.14'), Decimal('4.66'), Decimal('18.040724'))]
[2025-06-13T16:34:34.329+0000] {logging_mixin.py:151} INFO - Simulation completed successfully!
[2025-06-13T16:34:34.329+0000] {logging_mixin.py:151} INFO - 47
[2025-06-13T16:34:34.329+0000] {python.py:194} INFO - Done. Returned value was: 47
[2025-06-13T16:34:34.384+0000] {taskinstance.py:1398} INFO - Marking task as SUCCESS. dag_id=ecommerce_generate_order_process, task_id=generate_order_process, execution_date=20250613T163331, start_date=20250613T163433, end_date=20250613T163434
[2025-06-13T16:34:34.409+0000] {local_task_job_runner.py:228} INFO - Task exited with return code 0
[2025-06-13T16:34:34.468+0000] {taskinstance.py:2776} INFO - 1 downstream tasks scheduled from follow-on schedule check
