[2025-06-14T04:35:13.332+0000] {taskinstance.py:1157} INFO - Dependencies all met for dep_context=non-requeueable deps ti=<TaskInstance: ecommerce_generate_order_process.generate_order_process scheduled__2025-06-14T04:34:12.130199+00:00 [queued]>
[2025-06-14T04:35:13.344+0000] {taskinstance.py:1157} INFO - Dependencies all met for dep_context=requeueable deps ti=<TaskInstance: ecommerce_generate_order_process.generate_order_process scheduled__2025-06-14T04:34:12.130199+00:00 [queued]>
[2025-06-14T04:35:13.345+0000] {taskinstance.py:1359} INFO - Starting attempt 1 of 6
[2025-06-14T04:35:13.365+0000] {taskinstance.py:1380} INFO - Executing <Task(_PythonDecoratedOperator): generate_order_process> on 2025-06-14 04:34:12.130199+00:00
[2025-06-14T04:35:13.370+0000] {standard_task_runner.py:57} INFO - Started process 14706 to run task
[2025-06-14T04:35:13.373+0000] {standard_task_runner.py:84} INFO - Running: ['***', 'tasks', 'run', 'ecommerce_generate_order_process', 'generate_order_process', 'scheduled__2025-06-14T04:34:12.130199+00:00', '--job-id', '1204', '--raw', '--subdir', 'DAGS_FOLDER/generate_order_process.py', '--cfg-path', '/tmp/tmpat477llc']
[2025-06-14T04:35:13.375+0000] {standard_task_runner.py:85} INFO - Job 1204: Subtask generate_order_process
[2025-06-14T04:35:13.475+0000] {task_command.py:415} INFO - Running <TaskInstance: ecommerce_generate_order_process.generate_order_process scheduled__2025-06-14T04:34:12.130199+00:00 [running]> on host 3498b866135e
[2025-06-14T04:35:13.673+0000] {taskinstance.py:1660} INFO - Exporting env vars: AIRFLOW_CTX_DAG_OWNER='***' AIRFLOW_CTX_DAG_ID='ecommerce_generate_order_process' AIRFLOW_CTX_TASK_ID='generate_order_process' AIRFLOW_CTX_EXECUTION_DATE='2025-06-14T04:34:12.130199+00:00' AIRFLOW_CTX_TRY_NUMBER='1' AIRFLOW_CTX_DAG_RUN_ID='scheduled__2025-06-14T04:34:12.130199+00:00'
[2025-06-14T04:35:13.694+0000] {logging_mixin.py:151} INFO - ----------------------------
[2025-06-14T04:35:13.694+0000] {logging_mixin.py:151} INFO - 104
[2025-06-14T04:35:13.694+0000] {logging_mixin.py:151} INFO - ----------------------------
[2025-06-14T04:35:13.703+0000] {logging_mixin.py:151} INFO - [(18, 9, Decimal('697.86'), Decimal('6.91'), Decimal('433.999134')), (49, 8, Decimal('42.29'), Decimal('1.49'), Decimal('5.040968'))]
[2025-06-14T04:35:13.705+0000] {logging_mixin.py:151} INFO - [(236, 18, 9, Decimal('697.86'), Decimal('6.91'), Decimal('433.999134')), (236, 49, 8, Decimal('42.29'), Decimal('1.49'), Decimal('5.040968'))]
[2025-06-14T04:35:13.706+0000] {logging_mixin.py:151} INFO - Simulation completed successfully!
[2025-06-14T04:35:13.707+0000] {logging_mixin.py:151} INFO - 236
[2025-06-14T04:35:13.707+0000] {python.py:194} INFO - Done. Returned value was: 236
[2025-06-14T04:35:13.764+0000] {taskinstance.py:1398} INFO - Marking task as SUCCESS. dag_id=ecommerce_generate_order_process, task_id=generate_order_process, execution_date=20250614T043412, start_date=20250614T043513, end_date=20250614T043513
[2025-06-14T04:35:13.825+0000] {local_task_job_runner.py:228} INFO - Task exited with return code 0
[2025-06-14T04:35:13.871+0000] {taskinstance.py:2776} INFO - 0 downstream tasks scheduled from follow-on schedule check
