[2025-06-14T02:13:12.865+0000] {taskinstance.py:1157} INFO - Dependencies all met for dep_context=non-requeueable deps ti=<TaskInstance: ecommerce_generate_order_process.generate_order_process scheduled__2025-06-14T02:12:11.775941+00:00 [queued]>
[2025-06-14T02:13:12.874+0000] {taskinstance.py:1157} INFO - Dependencies all met for dep_context=requeueable deps ti=<TaskInstance: ecommerce_generate_order_process.generate_order_process scheduled__2025-06-14T02:12:11.775941+00:00 [queued]>
[2025-06-14T02:13:12.874+0000] {taskinstance.py:1359} INFO - Starting attempt 1 of 6
[2025-06-14T02:13:12.886+0000] {taskinstance.py:1380} INFO - Executing <Task(_PythonDecoratedOperator): generate_order_process> on 2025-06-14 02:12:11.775941+00:00
[2025-06-14T02:13:12.891+0000] {standard_task_runner.py:57} INFO - Started process 2166 to run task
[2025-06-14T02:13:12.893+0000] {standard_task_runner.py:84} INFO - Running: ['***', 'tasks', 'run', 'ecommerce_generate_order_process', 'generate_order_process', 'scheduled__2025-06-14T02:12:11.775941+00:00', '--job-id', '494', '--raw', '--subdir', 'DAGS_FOLDER/generate_order_process.py', '--cfg-path', '/tmp/tmpcxqek024']
[2025-06-14T02:13:12.895+0000] {standard_task_runner.py:85} INFO - Job 494: Subtask generate_order_process
[2025-06-14T02:13:12.955+0000] {task_command.py:415} INFO - Running <TaskInstance: ecommerce_generate_order_process.generate_order_process scheduled__2025-06-14T02:12:11.775941+00:00 [running]> on host 3498b866135e
[2025-06-14T02:13:13.061+0000] {taskinstance.py:1660} INFO - Exporting env vars: AIRFLOW_CTX_DAG_OWNER='***' AIRFLOW_CTX_DAG_ID='ecommerce_generate_order_process' AIRFLOW_CTX_TASK_ID='generate_order_process' AIRFLOW_CTX_EXECUTION_DATE='2025-06-14T02:12:11.775941+00:00' AIRFLOW_CTX_TRY_NUMBER='1' AIRFLOW_CTX_DAG_RUN_ID='scheduled__2025-06-14T02:12:11.775941+00:00'
[2025-06-14T02:13:13.075+0000] {logging_mixin.py:151} INFO - ----------------------------
[2025-06-14T02:13:13.075+0000] {logging_mixin.py:151} INFO - 179
[2025-06-14T02:13:13.076+0000] {logging_mixin.py:151} INFO - ----------------------------
[2025-06-14T02:13:13.081+0000] {logging_mixin.py:151} INFO - [(47, 3, Decimal('923.92'), Decimal('9.75'), Decimal('270.246600')), (1, 1, Decimal('802.42'), Decimal('3.53'), Decimal('28.325426'))]
[2025-06-14T02:13:13.083+0000] {logging_mixin.py:151} INFO - [(94, 47, 3, Decimal('923.92'), Decimal('9.75'), Decimal('270.246600')), (94, 1, 1, Decimal('802.42'), Decimal('3.53'), Decimal('28.325426'))]
[2025-06-14T02:13:13.084+0000] {logging_mixin.py:151} INFO - Simulation completed successfully!
[2025-06-14T02:13:13.084+0000] {logging_mixin.py:151} INFO - 94
[2025-06-14T02:13:13.084+0000] {python.py:194} INFO - Done. Returned value was: 94
[2025-06-14T02:13:13.120+0000] {taskinstance.py:1398} INFO - Marking task as SUCCESS. dag_id=ecommerce_generate_order_process, task_id=generate_order_process, execution_date=20250614T021211, start_date=20250614T021312, end_date=20250614T021313
[2025-06-14T02:13:13.145+0000] {local_task_job_runner.py:228} INFO - Task exited with return code 0
[2025-06-14T02:13:13.174+0000] {taskinstance.py:2776} INFO - 1 downstream tasks scheduled from follow-on schedule check
