[2025-06-14T02:11:12.785+0000] {taskinstance.py:1157} INFO - Dependencies all met for dep_context=non-requeueable deps ti=<TaskInstance: ecommerce_generate_order_process.generate_order_process scheduled__2025-06-14T02:10:11.775941+00:00 [queued]>
[2025-06-14T02:11:12.797+0000] {taskinstance.py:1157} INFO - Dependencies all met for dep_context=requeueable deps ti=<TaskInstance: ecommerce_generate_order_process.generate_order_process scheduled__2025-06-14T02:10:11.775941+00:00 [queued]>
[2025-06-14T02:11:12.797+0000] {taskinstance.py:1359} INFO - Starting attempt 1 of 6
[2025-06-14T02:11:12.814+0000] {taskinstance.py:1380} INFO - Executing <Task(_PythonDecoratedOperator): generate_order_process> on 2025-06-14 02:10:11.775941+00:00
[2025-06-14T02:11:12.820+0000] {standard_task_runner.py:57} INFO - Started process 1986 to run task
[2025-06-14T02:11:12.823+0000] {standard_task_runner.py:84} INFO - Running: ['***', 'tasks', 'run', 'ecommerce_generate_order_process', 'generate_order_process', 'scheduled__2025-06-14T02:10:11.775941+00:00', '--job-id', '484', '--raw', '--subdir', 'DAGS_FOLDER/generate_order_process.py', '--cfg-path', '/tmp/tmpy921y_9o']
[2025-06-14T02:11:12.826+0000] {standard_task_runner.py:85} INFO - Job 484: Subtask generate_order_process
[2025-06-14T02:11:12.923+0000] {task_command.py:415} INFO - Running <TaskInstance: ecommerce_generate_order_process.generate_order_process scheduled__2025-06-14T02:10:11.775941+00:00 [running]> on host 3498b866135e
[2025-06-14T02:11:13.096+0000] {taskinstance.py:1660} INFO - Exporting env vars: AIRFLOW_CTX_DAG_OWNER='***' AIRFLOW_CTX_DAG_ID='ecommerce_generate_order_process' AIRFLOW_CTX_TASK_ID='generate_order_process' AIRFLOW_CTX_EXECUTION_DATE='2025-06-14T02:10:11.775941+00:00' AIRFLOW_CTX_TRY_NUMBER='1' AIRFLOW_CTX_DAG_RUN_ID='scheduled__2025-06-14T02:10:11.775941+00:00'
[2025-06-14T02:11:13.118+0000] {logging_mixin.py:151} INFO - ----------------------------
[2025-06-14T02:11:13.118+0000] {logging_mixin.py:151} INFO - 106
[2025-06-14T02:11:13.119+0000] {logging_mixin.py:151} INFO - ----------------------------
[2025-06-14T02:11:13.130+0000] {logging_mixin.py:151} INFO - [(3, 7, Decimal('946.29'), Decimal('2.59'), Decimal('171.562377')), (46, 9, Decimal('279.46'), Decimal('19.12'), Decimal('480.894768')), (30, 2, Decimal('913.08'), Decimal('18.10'), Decimal('330.53496')), (27, 8, Decimal('412.73'), Decimal('3.00'), Decimal('99.0552')), (12, 6, Decimal('255.15'), Decimal('19.41'), Decimal('297.147690')), (29, 5, Decimal('201.03'), Decimal('16.88'), Decimal('169.669320')), (45, 2, Decimal('602.50'), Decimal('19.00'), Decimal('228.9500'))]
[2025-06-14T02:11:13.133+0000] {logging_mixin.py:151} INFO - [(92, 3, 7, Decimal('946.29'), Decimal('2.59'), Decimal('171.562377')), (92, 46, 9, Decimal('279.46'), Decimal('19.12'), Decimal('480.894768')), (92, 30, 2, Decimal('913.08'), Decimal('18.10'), Decimal('330.53496')), (92, 27, 8, Decimal('412.73'), Decimal('3.00'), Decimal('99.0552')), (92, 12, 6, Decimal('255.15'), Decimal('19.41'), Decimal('297.147690')), (92, 29, 5, Decimal('201.03'), Decimal('16.88'), Decimal('169.669320')), (92, 45, 2, Decimal('602.50'), Decimal('19.00'), Decimal('228.9500'))]
[2025-06-14T02:11:13.135+0000] {logging_mixin.py:151} INFO - Simulation completed successfully!
[2025-06-14T02:11:13.135+0000] {logging_mixin.py:151} INFO - 92
[2025-06-14T02:11:13.136+0000] {python.py:194} INFO - Done. Returned value was: 92
[2025-06-14T02:11:13.193+0000] {taskinstance.py:1398} INFO - Marking task as SUCCESS. dag_id=ecommerce_generate_order_process, task_id=generate_order_process, execution_date=20250614T021011, start_date=20250614T021112, end_date=20250614T021113
[2025-06-14T02:11:13.235+0000] {local_task_job_runner.py:228} INFO - Task exited with return code 0
[2025-06-14T02:11:13.283+0000] {taskinstance.py:2776} INFO - 1 downstream tasks scheduled from follow-on schedule check
