[2025-06-14T02:39:13.371+0000] {taskinstance.py:1157} INFO - Dependencies all met for dep_context=non-requeueable deps ti=<TaskInstance: ecommerce_generate_order_process.generate_order_process scheduled__2025-06-14T02:38:12.033460+00:00 [queued]>
[2025-06-14T02:39:13.377+0000] {taskinstance.py:1157} INFO - Dependencies all met for dep_context=requeueable deps ti=<TaskInstance: ecommerce_generate_order_process.generate_order_process scheduled__2025-06-14T02:38:12.033460+00:00 [queued]>
[2025-06-14T02:39:13.378+0000] {taskinstance.py:1359} INFO - Starting attempt 1 of 6
[2025-06-14T02:39:13.387+0000] {taskinstance.py:1380} INFO - Executing <Task(_PythonDecoratedOperator): generate_order_process> on 2025-06-14 02:38:12.033460+00:00
[2025-06-14T02:39:13.391+0000] {standard_task_runner.py:57} INFO - Started process 4466 to run task
[2025-06-14T02:39:13.393+0000] {standard_task_runner.py:84} INFO - Running: ['***', 'tasks', 'run', 'ecommerce_generate_order_process', 'generate_order_process', 'scheduled__2025-06-14T02:38:12.033460+00:00', '--job-id', '624', '--raw', '--subdir', 'DAGS_FOLDER/generate_order_process.py', '--cfg-path', '/tmp/tmph_4tv3_a']
[2025-06-14T02:39:13.395+0000] {standard_task_runner.py:85} INFO - Job 624: Subtask generate_order_process
[2025-06-14T02:39:13.441+0000] {task_command.py:415} INFO - Running <TaskInstance: ecommerce_generate_order_process.generate_order_process scheduled__2025-06-14T02:38:12.033460+00:00 [running]> on host 3498b866135e
[2025-06-14T02:39:13.524+0000] {taskinstance.py:1660} INFO - Exporting env vars: AIRFLOW_CTX_DAG_OWNER='***' AIRFLOW_CTX_DAG_ID='ecommerce_generate_order_process' AIRFLOW_CTX_TASK_ID='generate_order_process' AIRFLOW_CTX_EXECUTION_DATE='2025-06-14T02:38:12.033460+00:00' AIRFLOW_CTX_TRY_NUMBER='1' AIRFLOW_CTX_DAG_RUN_ID='scheduled__2025-06-14T02:38:12.033460+00:00'
[2025-06-14T02:39:13.535+0000] {logging_mixin.py:151} INFO - ----------------------------
[2025-06-14T02:39:13.535+0000] {logging_mixin.py:151} INFO - 10
[2025-06-14T02:39:13.535+0000] {logging_mixin.py:151} INFO - ----------------------------
[2025-06-14T02:39:13.540+0000] {logging_mixin.py:151} INFO - [(27, 8, Decimal('412.73'), Decimal('3.00'), Decimal('99.0552')), (35, 3, Decimal('512.37'), Decimal('5.78'), Decimal('88.844958')), (21, 4, Decimal('841.78'), Decimal('5.97'), Decimal('201.017064')), (48, 4, Decimal('294.67'), Decimal('17.31'), Decimal('204.029508')), (6, 1, Decimal('721.46'), Decimal('1.60'), Decimal('11.54336')), (38, 4, Decimal('79.94'), Decimal('0.52'), Decimal('1.662752'))]
[2025-06-14T02:39:13.542+0000] {logging_mixin.py:151} INFO - [(120, 27, 8, Decimal('412.73'), Decimal('3.00'), Decimal('99.0552')), (120, 35, 3, Decimal('512.37'), Decimal('5.78'), Decimal('88.844958')), (120, 21, 4, Decimal('841.78'), Decimal('5.97'), Decimal('201.017064')), (120, 48, 4, Decimal('294.67'), Decimal('17.31'), Decimal('204.029508')), (120, 6, 1, Decimal('721.46'), Decimal('1.60'), Decimal('11.54336')), (120, 38, 4, Decimal('79.94'), Decimal('0.52'), Decimal('1.662752'))]
[2025-06-14T02:39:13.543+0000] {logging_mixin.py:151} INFO - Simulation completed successfully!
[2025-06-14T02:39:13.543+0000] {logging_mixin.py:151} INFO - 120
[2025-06-14T02:39:13.543+0000] {python.py:194} INFO - Done. Returned value was: 120
[2025-06-14T02:39:13.571+0000] {taskinstance.py:1398} INFO - Marking task as SUCCESS. dag_id=ecommerce_generate_order_process, task_id=generate_order_process, execution_date=20250614T023812, start_date=20250614T023913, end_date=20250614T023913
[2025-06-14T02:39:13.605+0000] {local_task_job_runner.py:228} INFO - Task exited with return code 0
[2025-06-14T02:39:13.627+0000] {taskinstance.py:2776} INFO - 1 downstream tasks scheduled from follow-on schedule check
