[2025-06-13T15:57:27.472+0000] {taskinstance.py:1157} INFO - Dependencies all met for dep_context=non-requeueable deps ti=<TaskInstance: ecommerce_generate_order_process.generate_order_process scheduled__2025-06-13T15:51:24.365447+00:00 [queued]>
[2025-06-13T15:57:27.484+0000] {taskinstance.py:1157} INFO - Dependencies all met for dep_context=requeueable deps ti=<TaskInstance: ecommerce_generate_order_process.generate_order_process scheduled__2025-06-13T15:51:24.365447+00:00 [queued]>
[2025-06-13T15:57:27.484+0000] {taskinstance.py:1359} INFO - Starting attempt 2 of 6
[2025-06-13T15:57:27.503+0000] {taskinstance.py:1380} INFO - Executing <Task(_PythonDecoratedOperator): generate_order_process> on 2025-06-13 15:51:24.365447+00:00
[2025-06-13T15:57:27.511+0000] {standard_task_runner.py:57} INFO - Started process 839 to run task
[2025-06-13T15:57:27.514+0000] {standard_task_runner.py:84} INFO - Running: ['***', 'tasks', 'run', 'ecommerce_generate_order_process', 'generate_order_process', 'scheduled__2025-06-13T15:51:24.365447+00:00', '--job-id', '54', '--raw', '--subdir', 'DAGS_FOLDER/generate_order_process.py', '--cfg-path', '/tmp/tmphj3baxk_']
[2025-06-13T15:57:27.518+0000] {standard_task_runner.py:85} INFO - Job 54: Subtask generate_order_process
[2025-06-13T15:57:27.612+0000] {task_command.py:415} INFO - Running <TaskInstance: ecommerce_generate_order_process.generate_order_process scheduled__2025-06-13T15:51:24.365447+00:00 [running]> on host 3498b866135e
[2025-06-13T15:57:27.785+0000] {taskinstance.py:1660} INFO - Exporting env vars: AIRFLOW_CTX_DAG_OWNER='***' AIRFLOW_CTX_DAG_ID='ecommerce_generate_order_process' AIRFLOW_CTX_TASK_ID='generate_order_process' AIRFLOW_CTX_EXECUTION_DATE='2025-06-13T15:51:24.365447+00:00' AIRFLOW_CTX_TRY_NUMBER='2' AIRFLOW_CTX_DAG_RUN_ID='scheduled__2025-06-13T15:51:24.365447+00:00'
[2025-06-13T15:57:27.808+0000] {logging_mixin.py:151} INFO - ----------------------------
[2025-06-13T15:57:27.808+0000] {logging_mixin.py:151} INFO - 15
[2025-06-13T15:57:27.808+0000] {logging_mixin.py:151} INFO - ----------------------------
[2025-06-13T15:57:27.819+0000] {logging_mixin.py:151} INFO - [(12, 6, Decimal('255.15'), Decimal('19.41'), Decimal('297.147690')), (18, 9, Decimal('697.86'), Decimal('6.91'), Decimal('433.999134')), (25, 2, Decimal('34.67'), Decimal('5.72'), Decimal('3.966248')), (2, 1, Decimal('925.46'), Decimal('2.62'), Decimal('24.247052')), (21, 4, Decimal('841.78'), Decimal('5.97'), Decimal('201.017064')), (15, 7, Decimal('523.55'), Decimal('19.06'), Decimal('698.520410')), (23, 1, Decimal('521.30'), Decimal('16.80'), Decimal('87.57840'))]
[2025-06-13T15:57:27.823+0000] {logging_mixin.py:151} INFO - [(7, 12, 6, Decimal('255.15'), Decimal('19.41'), Decimal('297.147690')), (7, 18, 9, Decimal('697.86'), Decimal('6.91'), Decimal('433.999134')), (7, 25, 2, Decimal('34.67'), Decimal('5.72'), Decimal('3.966248')), (7, 2, 1, Decimal('925.46'), Decimal('2.62'), Decimal('24.247052')), (7, 21, 4, Decimal('841.78'), Decimal('5.97'), Decimal('201.017064')), (7, 15, 7, Decimal('523.55'), Decimal('19.06'), Decimal('698.520410')), (7, 23, 1, Decimal('521.30'), Decimal('16.80'), Decimal('87.57840'))]
[2025-06-13T15:57:27.824+0000] {logging_mixin.py:151} INFO - Simulation completed successfully!
[2025-06-13T15:57:27.824+0000] {logging_mixin.py:151} INFO - 7
[2025-06-13T15:57:27.824+0000] {python.py:194} INFO - Done. Returned value was: 7
[2025-06-13T15:57:27.899+0000] {taskinstance.py:1398} INFO - Marking task as SUCCESS. dag_id=ecommerce_generate_order_process, task_id=generate_order_process, execution_date=20250613T155124, start_date=20250613T155727, end_date=20250613T155727
[2025-06-13T15:57:27.967+0000] {local_task_job_runner.py:228} INFO - Task exited with return code 0
[2025-06-13T15:57:28.050+0000] {taskinstance.py:2776} INFO - 1 downstream tasks scheduled from follow-on schedule check
