[2025-06-13T16:43:33.150+0000] {taskinstance.py:1157} INFO - Dependencies all met for dep_context=non-requeueable deps ti=<TaskInstance: ecommerce_generate_order_process.generate_order_process scheduled__2025-06-13T16:42:31.706122+00:00 [queued]>
[2025-06-13T16:43:33.163+0000] {taskinstance.py:1157} INFO - Dependencies all met for dep_context=requeueable deps ti=<TaskInstance: ecommerce_generate_order_process.generate_order_process scheduled__2025-06-13T16:42:31.706122+00:00 [queued]>
[2025-06-13T16:43:33.163+0000] {taskinstance.py:1359} INFO - Starting attempt 1 of 6
[2025-06-13T16:43:33.185+0000] {taskinstance.py:1380} INFO - Executing <Task(_PythonDecoratedOperator): generate_order_process> on 2025-06-13 16:42:31.706122+00:00
[2025-06-13T16:43:33.195+0000] {standard_task_runner.py:57} INFO - Started process 4871 to run task
[2025-06-13T16:43:33.199+0000] {standard_task_runner.py:84} INFO - Running: ['***', 'tasks', 'run', 'ecommerce_generate_order_process', 'generate_order_process', 'scheduled__2025-06-13T16:42:31.706122+00:00', '--job-id', '290', '--raw', '--subdir', 'DAGS_FOLDER/generate_order_process.py', '--cfg-path', '/tmp/tmpobuc4ep0']
[2025-06-13T16:43:33.202+0000] {standard_task_runner.py:85} INFO - Job 290: Subtask generate_order_process
[2025-06-13T16:43:33.307+0000] {task_command.py:415} INFO - Running <TaskInstance: ecommerce_generate_order_process.generate_order_process scheduled__2025-06-13T16:42:31.706122+00:00 [running]> on host 3498b866135e
[2025-06-13T16:43:33.530+0000] {taskinstance.py:1660} INFO - Exporting env vars: AIRFLOW_CTX_DAG_OWNER='***' AIRFLOW_CTX_DAG_ID='ecommerce_generate_order_process' AIRFLOW_CTX_TASK_ID='generate_order_process' AIRFLOW_CTX_EXECUTION_DATE='2025-06-13T16:42:31.706122+00:00' AIRFLOW_CTX_TRY_NUMBER='1' AIRFLOW_CTX_DAG_RUN_ID='scheduled__2025-06-13T16:42:31.706122+00:00'
[2025-06-13T16:43:33.560+0000] {logging_mixin.py:151} INFO - ----------------------------
[2025-06-13T16:43:33.560+0000] {logging_mixin.py:151} INFO - 46
[2025-06-13T16:43:33.561+0000] {logging_mixin.py:151} INFO - ----------------------------
[2025-06-13T16:43:33.573+0000] {logging_mixin.py:151} INFO - [(11, 4, Decimal('668.03'), Decimal('3.23'), Decimal('86.309476')), (2, 1, Decimal('925.46'), Decimal('2.62'), Decimal('24.247052'))]
[2025-06-13T16:43:33.575+0000] {logging_mixin.py:151} INFO - [(56, 11, 4, Decimal('668.03'), Decimal('3.23'), Decimal('86.309476')), (56, 2, 1, Decimal('925.46'), Decimal('2.62'), Decimal('24.247052'))]
[2025-06-13T16:43:33.577+0000] {logging_mixin.py:151} INFO - Simulation completed successfully!
[2025-06-13T16:43:33.577+0000] {logging_mixin.py:151} INFO - 56
[2025-06-13T16:43:33.578+0000] {python.py:194} INFO - Done. Returned value was: 56
[2025-06-13T16:43:33.650+0000] {taskinstance.py:1398} INFO - Marking task as SUCCESS. dag_id=ecommerce_generate_order_process, task_id=generate_order_process, execution_date=20250613T164231, start_date=20250613T164333, end_date=20250613T164333
[2025-06-13T16:43:33.691+0000] {local_task_job_runner.py:228} INFO - Task exited with return code 0
[2025-06-13T16:43:33.767+0000] {taskinstance.py:2776} INFO - 1 downstream tasks scheduled from follow-on schedule check
