[2025-06-14T03:47:12.752+0000] {taskinstance.py:1157} INFO - Dependencies all met for dep_context=non-requeueable deps ti=<TaskInstance: ecommerce_generate_order_process.generate_order_process scheduled__2025-06-14T03:46:12.130199+00:00 [queued]>
[2025-06-14T03:47:12.758+0000] {taskinstance.py:1157} INFO - Dependencies all met for dep_context=requeueable deps ti=<TaskInstance: ecommerce_generate_order_process.generate_order_process scheduled__2025-06-14T03:46:12.130199+00:00 [queued]>
[2025-06-14T03:47:12.758+0000] {taskinstance.py:1359} INFO - Starting attempt 1 of 6
[2025-06-14T03:47:12.768+0000] {taskinstance.py:1380} INFO - Executing <Task(_PythonDecoratedOperator): generate_order_process> on 2025-06-14 03:46:12.130199+00:00
[2025-06-14T03:47:12.773+0000] {standard_task_runner.py:57} INFO - Started process 10466 to run task
[2025-06-14T03:47:12.775+0000] {standard_task_runner.py:84} INFO - Running: ['***', 'tasks', 'run', 'ecommerce_generate_order_process', 'generate_order_process', 'scheduled__2025-06-14T03:46:12.130199+00:00', '--job-id', '964', '--raw', '--subdir', 'DAGS_FOLDER/generate_order_process.py', '--cfg-path', '/tmp/tmprrpzsm3z']
[2025-06-14T03:47:12.777+0000] {standard_task_runner.py:85} INFO - Job 964: Subtask generate_order_process
[2025-06-14T03:47:12.824+0000] {task_command.py:415} INFO - Running <TaskInstance: ecommerce_generate_order_process.generate_order_process scheduled__2025-06-14T03:46:12.130199+00:00 [running]> on host 3498b866135e
[2025-06-14T03:47:12.910+0000] {taskinstance.py:1660} INFO - Exporting env vars: AIRFLOW_CTX_DAG_OWNER='***' AIRFLOW_CTX_DAG_ID='ecommerce_generate_order_process' AIRFLOW_CTX_TASK_ID='generate_order_process' AIRFLOW_CTX_EXECUTION_DATE='2025-06-14T03:46:12.130199+00:00' AIRFLOW_CTX_TRY_NUMBER='1' AIRFLOW_CTX_DAG_RUN_ID='scheduled__2025-06-14T03:46:12.130199+00:00'
[2025-06-14T03:47:12.921+0000] {logging_mixin.py:151} INFO - ----------------------------
[2025-06-14T03:47:12.922+0000] {logging_mixin.py:151} INFO - 317
[2025-06-14T03:47:12.922+0000] {logging_mixin.py:151} INFO - ----------------------------
[2025-06-14T03:47:12.927+0000] {logging_mixin.py:151} INFO - [(49, 8, Decimal('42.29'), Decimal('1.49'), Decimal('5.040968')), (2, 1, Decimal('925.46'), Decimal('2.62'), Decimal('24.247052')), (46, 9, Decimal('279.46'), Decimal('19.12'), Decimal('480.894768')), (47, 3, Decimal('923.92'), Decimal('9.75'), Decimal('270.246600')), (9, 4, Decimal('724.69'), Decimal('11.61'), Decimal('336.546036')), (21, 4, Decimal('841.78'), Decimal('5.97'), Decimal('201.017064')), (22, 1, Decimal('429.81'), Decimal('5.21'), Decimal('22.393101')), (1, 1, Decimal('802.42'), Decimal('3.53'), Decimal('28.325426')), (50, 6, Decimal('732.13'), Decimal('17.33'), Decimal('761.268774')), (28, 7, Decimal('799.39'), Decimal('3.53'), Decimal('197.529269'))]
[2025-06-14T03:47:12.929+0000] {logging_mixin.py:151} INFO - [(188, 49, 8, Decimal('42.29'), Decimal('1.49'), Decimal('5.040968')), (188, 2, 1, Decimal('925.46'), Decimal('2.62'), Decimal('24.247052')), (188, 46, 9, Decimal('279.46'), Decimal('19.12'), Decimal('480.894768')), (188, 47, 3, Decimal('923.92'), Decimal('9.75'), Decimal('270.246600')), (188, 9, 4, Decimal('724.69'), Decimal('11.61'), Decimal('336.546036')), (188, 21, 4, Decimal('841.78'), Decimal('5.97'), Decimal('201.017064')), (188, 22, 1, Decimal('429.81'), Decimal('5.21'), Decimal('22.393101')), (188, 1, 1, Decimal('802.42'), Decimal('3.53'), Decimal('28.325426')), (188, 50, 6, Decimal('732.13'), Decimal('17.33'), Decimal('761.268774')), (188, 28, 7, Decimal('799.39'), Decimal('3.53'), Decimal('197.529269'))]
[2025-06-14T03:47:12.930+0000] {logging_mixin.py:151} INFO - Simulation completed successfully!
[2025-06-14T03:47:12.931+0000] {logging_mixin.py:151} INFO - 188
[2025-06-14T03:47:12.931+0000] {python.py:194} INFO - Done. Returned value was: 188
[2025-06-14T03:47:12.960+0000] {taskinstance.py:1398} INFO - Marking task as SUCCESS. dag_id=ecommerce_generate_order_process, task_id=generate_order_process, execution_date=20250614T034612, start_date=20250614T034712, end_date=20250614T034712
[2025-06-14T03:47:12.987+0000] {local_task_job_runner.py:228} INFO - Task exited with return code 0
[2025-06-14T03:47:13.013+0000] {taskinstance.py:2776} INFO - 1 downstream tasks scheduled from follow-on schedule check
